<?xml version="1.0" encoding="UTF-8"?>
<testsuite xmlns:xsi="http://www.w3.org/2001/XMLSchema-instance" xsi:noNamespaceSchemaLocation="https://maven.apache.org/surefire/maven-surefire-plugin/xsd/surefire-test-report-3.0.xsd" version="3.0" name="TestSuite" time="220.118" tests="13" errors="0" skipped="0" failures="0">
  <properties>
    <property name="java.specification.version" value="23"/>
    <property name="sun.jnu.encoding" value="UTF-8"/>
    <property name="java.class.path" value="/Users/jo_du/Documents/Cursor/Appium/Cathay/target/test-classes:/Users/jo_du/Documents/Cursor/Appium/Cathay/target/classes:/Users/jo_du/.m2/repository/io/appium/java-client/8.3.0/java-client-8.3.0.jar:/Users/jo_du/.m2/repository/org/seleniumhq/selenium/selenium-support/4.31.0/selenium-support-4.31.0.jar:/Users/jo_du/.m2/repository/com/google/auto/service/auto-service-annotations/1.1.1/auto-service-annotations-1.1.1.jar:/Users/jo_du/.m2/repository/com/google/guava/guava/33.4.6-jre/guava-33.4.6-jre.jar:/Users/jo_du/.m2/repository/com/google/guava/failureaccess/1.0.3/failureaccess-1.0.3.jar:/Users/jo_du/.m2/repository/com/google/guava/listenablefuture/9999.0-empty-to-avoid-conflict-with-guava/listenablefuture-9999.0-empty-to-avoid-conflict-with-guava.jar:/Users/jo_du/.m2/repository/org/jspecify/jspecify/1.0.0/jspecify-1.0.0.jar:/Users/jo_du/.m2/repository/com/google/errorprone/error_prone_annotations/2.36.0/error_prone_annotations-2.36.0.jar:/Users/jo_du/.m2/repository/com/google/j2objc/j2objc-annotations/3.0.0/j2objc-annotations-3.0.0.jar:/Users/jo_du/.m2/repository/net/bytebuddy/byte-buddy/1.17.5/byte-buddy-1.17.5.jar:/Users/jo_du/.m2/repository/org/seleniumhq/selenium/selenium-json/4.31.0/selenium-json-4.31.0.jar:/Users/jo_du/.m2/repository/com/google/code/gson/gson/2.10/gson-2.10.jar:/Users/jo_du/.m2/repository/cglib/cglib/3.3.0/cglib-3.3.0.jar:/Users/jo_du/.m2/repository/org/ow2/asm/asm/7.1/asm-7.1.jar:/Users/jo_du/.m2/repository/commons-validator/commons-validator/1.7/commons-validator-1.7.jar:/Users/jo_du/.m2/repository/commons-beanutils/commons-beanutils/1.9.4/commons-beanutils-1.9.4.jar:/Users/jo_du/.m2/repository/commons-digester/commons-digester/2.1/commons-digester-2.1.jar:/Users/jo_du/.m2/repository/commons-logging/commons-logging/1.2/commons-logging-1.2.jar:/Users/jo_du/.m2/repository/commons-collections/commons-collections/3.2.2/commons-collections-3.2.2.jar:/Users/jo_du/.m2/repository/org/apache/commons/commons-lang3/3.12.0/commons-lang3-3.12.0.jar:/Users/jo_du/.m2/repository/commons-io/commons-io/2.11.0/commons-io-2.11.0.jar:/Users/jo_du/.m2/repository/org/seleniumhq/selenium/selenium-java/4.8.3/selenium-java-4.8.3.jar:/Users/jo_du/.m2/repository/org/seleniumhq/selenium/selenium-api/4.8.3/selenium-api-4.8.3.jar:/Users/jo_du/.m2/repository/org/seleniumhq/selenium/selenium-chrome-driver/4.8.3/selenium-chrome-driver-4.8.3.jar:/Users/jo_du/.m2/repository/com/google/auto/service/auto-service/1.0.1/auto-service-1.0.1.jar:/Users/jo_du/.m2/repository/com/google/auto/auto-common/1.2/auto-common-1.2.jar:/Users/jo_du/.m2/repository/org/seleniumhq/selenium/selenium-chromium-driver/4.8.3/selenium-chromium-driver-4.8.3.jar:/Users/jo_du/.m2/repository/org/seleniumhq/selenium/selenium-manager/4.8.3/selenium-manager-4.8.3.jar:/Users/jo_du/.m2/repository/org/seleniumhq/selenium/selenium-devtools-v109/4.8.3/selenium-devtools-v109-4.8.3.jar:/Users/jo_du/.m2/repository/org/seleniumhq/selenium/selenium-devtools-v110/4.8.3/selenium-devtools-v110-4.8.3.jar:/Users/jo_du/.m2/repository/org/seleniumhq/selenium/selenium-devtools-v111/4.8.3/selenium-devtools-v111-4.8.3.jar:/Users/jo_du/.m2/repository/org/seleniumhq/selenium/selenium-devtools-v85/4.8.3/selenium-devtools-v85-4.8.3.jar:/Users/jo_du/.m2/repository/org/seleniumhq/selenium/selenium-edge-driver/4.8.3/selenium-edge-driver-4.8.3.jar:/Users/jo_du/.m2/repository/org/seleniumhq/selenium/selenium-firefox-driver/4.8.3/selenium-firefox-driver-4.8.3.jar:/Users/jo_du/.m2/repository/org/seleniumhq/selenium/selenium-http/4.8.3/selenium-http-4.8.3.jar:/Users/jo_du/.m2/repository/dev/failsafe/failsafe/3.3.1/failsafe-3.3.1.jar:/Users/jo_du/.m2/repository/org/seleniumhq/selenium/selenium-ie-driver/4.8.3/selenium-ie-driver-4.8.3.jar:/Users/jo_du/.m2/repository/org/seleniumhq/selenium/selenium-remote-driver/4.8.3/selenium-remote-driver-4.8.3.jar:/Users/jo_du/.m2/repository/io/netty/netty-buffer/4.1.90.Final/netty-buffer-4.1.90.Final.jar:/Users/jo_du/.m2/repository/io/netty/netty-codec-http/4.1.90.Final/netty-codec-http-4.1.90.Final.jar:/Users/jo_du/.m2/repository/io/netty/netty-codec/4.1.90.Final/netty-codec-4.1.90.Final.jar:/Users/jo_du/.m2/repository/io/netty/netty-handler/4.1.90.Final/netty-handler-4.1.90.Final.jar:/Users/jo_du/.m2/repository/io/netty/netty-common/4.1.90.Final/netty-common-4.1.90.Final.jar:/Users/jo_du/.m2/repository/io/netty/netty-transport-classes-epoll/4.1.90.Final/netty-transport-classes-epoll-4.1.90.Final.jar:/Users/jo_du/.m2/repository/io/netty/netty-transport-classes-kqueue/4.1.90.Final/netty-transport-classes-kqueue-4.1.90.Final.jar:/Users/jo_du/.m2/repository/io/netty/netty-transport-native-epoll/4.1.90.Final/netty-transport-native-epoll-4.1.90.Final.jar:/Users/jo_du/.m2/repository/io/netty/netty-transport-native-kqueue/4.1.90.Final/netty-transport-native-kqueue-4.1.90.Final.jar:/Users/jo_du/.m2/repository/io/netty/netty-transport-native-unix-common/4.1.90.Final/netty-transport-native-unix-common-4.1.90.Final.jar:/Users/jo_du/.m2/repository/io/netty/netty-transport/4.1.90.Final/netty-transport-4.1.90.Final.jar:/Users/jo_du/.m2/repository/io/netty/netty-resolver/4.1.90.Final/netty-resolver-4.1.90.Final.jar:/Users/jo_du/.m2/repository/io/opentelemetry/opentelemetry-api/1.24.0/opentelemetry-api-1.24.0.jar:/Users/jo_du/.m2/repository/io/opentelemetry/opentelemetry-context/1.24.0/opentelemetry-context-1.24.0.jar:/Users/jo_du/.m2/repository/io/opentelemetry/opentelemetry-exporter-logging/1.24.0/opentelemetry-exporter-logging-1.24.0.jar:/Users/jo_du/.m2/repository/io/opentelemetry/opentelemetry-sdk-metrics/1.24.0/opentelemetry-sdk-metrics-1.24.0.jar:/Users/jo_du/.m2/repository/io/opentelemetry/opentelemetry-sdk-logs/1.24.0-alpha/opentelemetry-sdk-logs-1.24.0-alpha.jar:/Users/jo_du/.m2/repository/io/opentelemetry/opentelemetry-api-logs/1.24.0-alpha/opentelemetry-api-logs-1.24.0-alpha.jar:/Users/jo_du/.m2/repository/io/opentelemetry/opentelemetry-api-events/1.24.0-alpha/opentelemetry-api-events-1.24.0-alpha.jar:/Users/jo_du/.m2/repository/io/opentelemetry/opentelemetry-sdk-common/1.24.0/opentelemetry-sdk-common-1.24.0.jar:/Users/jo_du/.m2/repository/io/opentelemetry/opentelemetry-sdk-extension-autoconfigure-spi/1.24.0/opentelemetry-sdk-extension-autoconfigure-spi-1.24.0.jar:/Users/jo_du/.m2/repository/io/opentelemetry/opentelemetry-sdk-extension-autoconfigure/1.24.0-alpha/opentelemetry-sdk-extension-autoconfigure-1.24.0-alpha.jar:/Users/jo_du/.m2/repository/io/opentelemetry/opentelemetry-sdk-trace/1.24.0/opentelemetry-sdk-trace-1.24.0.jar:/Users/jo_du/.m2/repository/io/opentelemetry/opentelemetry-sdk/1.24.0/opentelemetry-sdk-1.24.0.jar:/Users/jo_du/.m2/repository/io/opentelemetry/opentelemetry-semconv/1.24.0-alpha/opentelemetry-semconv-1.24.0-alpha.jar:/Users/jo_du/.m2/repository/io/ous/jtoml/2.0.0/jtoml-2.0.0.jar:/Users/jo_du/.m2/repository/org/apache/commons/commons-exec/1.3/commons-exec-1.3.jar:/Users/jo_du/.m2/repository/org/asynchttpclient/async-http-client/2.12.3/async-http-client-2.12.3.jar:/Users/jo_du/.m2/repository/org/asynchttpclient/async-http-client-netty-utils/2.12.3/async-http-client-netty-utils-2.12.3.jar:/Users/jo_du/.m2/repository/io/netty/netty-codec-socks/4.1.60.Final/netty-codec-socks-4.1.60.Final.jar:/Users/jo_du/.m2/repository/io/netty/netty-handler-proxy/4.1.60.Final/netty-handler-proxy-4.1.60.Final.jar:/Users/jo_du/.m2/repository/io/netty/netty-transport-native-epoll/4.1.60.Final/netty-transport-native-epoll-4.1.60.Final-linux-x86_64.jar:/Users/jo_du/.m2/repository/io/netty/netty-transport-native-kqueue/4.1.60.Final/netty-transport-native-kqueue-4.1.60.Final-osx-x86_64.jar:/Users/jo_du/.m2/repository/org/reactivestreams/reactive-streams/1.0.3/reactive-streams-1.0.3.jar:/Users/jo_du/.m2/repository/com/typesafe/netty/netty-reactive-streams/2.0.4/netty-reactive-streams-2.0.4.jar:/Users/jo_du/.m2/repository/com/sun/activation/jakarta.activation/1.2.2/jakarta.activation-1.2.2.jar:/Users/jo_du/.m2/repository/org/seleniumhq/selenium/selenium-safari-driver/4.8.3/selenium-safari-driver-4.8.3.jar:/Users/jo_du/.m2/repository/org/testng/testng/7.7.1/testng-7.7.1.jar:/Users/jo_du/.m2/repository/com/beust/jcommander/1.82/jcommander-1.82.jar:/Users/jo_du/.m2/repository/org/webjars/jquery/3.6.1/jquery-3.6.1.jar:/Users/jo_du/.m2/repository/org/apache/poi/poi/5.2.3/poi-5.2.3.jar:/Users/jo_du/.m2/repository/commons-codec/commons-codec/1.15/commons-codec-1.15.jar:/Users/jo_du/.m2/repository/org/apache/commons/commons-collections4/4.4/commons-collections4-4.4.jar:/Users/jo_du/.m2/repository/org/apache/commons/commons-math3/3.6.1/commons-math3-3.6.1.jar:/Users/jo_du/.m2/repository/com/zaxxer/SparseBitSet/1.2/SparseBitSet-1.2.jar:/Users/jo_du/.m2/repository/org/apache/logging/log4j/log4j-api/2.18.0/log4j-api-2.18.0.jar:/Users/jo_du/.m2/repository/org/apache/poi/poi-ooxml/5.2.3/poi-ooxml-5.2.3.jar:/Users/jo_du/.m2/repository/org/apache/poi/poi-ooxml-lite/5.2.3/poi-ooxml-lite-5.2.3.jar:/Users/jo_du/.m2/repository/org/apache/xmlbeans/xmlbeans/5.1.1/xmlbeans-5.1.1.jar:/Users/jo_du/.m2/repository/org/apache/commons/commons-compress/1.21/commons-compress-1.21.jar:/Users/jo_du/.m2/repository/com/github/virtuald/curvesapi/1.07/curvesapi-1.07.jar:/Users/jo_du/.m2/repository/org/slf4j/slf4j-api/2.0.5/slf4j-api-2.0.5.jar:/Users/jo_du/.m2/repository/ch/qos/logback/logback-classic/1.4.7/logback-classic-1.4.7.jar:/Users/jo_du/.m2/repository/ch/qos/logback/logback-core/1.4.7/logback-core-1.4.7.jar:/Users/jo_du/.m2/repository/org/yaml/snakeyaml/2.0/snakeyaml-2.0.jar:/Users/jo_du/.m2/repository/org/apache/logging/log4j/log4j-core/2.20.0/log4j-core-2.20.0.jar:/Users/jo_du/.m2/repository/io/github/bonigarcia/webdrivermanager/5.3.2/webdrivermanager-5.3.2.jar:/Users/jo_du/.m2/repository/com/github/docker-java/docker-java/3.2.14/docker-java-3.2.14.jar:/Users/jo_du/.m2/repository/com/github/docker-java/docker-java-core/3.2.14/docker-java-core-3.2.14.jar:/Users/jo_du/.m2/repository/com/github/docker-java/docker-java-api/3.2.14/docker-java-api-3.2.14.jar:/Users/jo_du/.m2/repository/com/fasterxml/jackson/core/jackson-annotations/2.10.3/jackson-annotations-2.10.3.jar:/Users/jo_du/.m2/repository/com/fasterxml/jackson/core/jackson-databind/2.10.3/jackson-databind-2.10.3.jar:/Users/jo_du/.m2/repository/com/fasterxml/jackson/core/jackson-core/2.10.3/jackson-core-2.10.3.jar:/Users/jo_du/.m2/repository/org/bouncycastle/bcpkix-jdk15on/1.64/bcpkix-jdk15on-1.64.jar:/Users/jo_du/.m2/repository/org/bouncycastle/bcprov-jdk15on/1.64/bcprov-jdk15on-1.64.jar:/Users/jo_du/.m2/repository/org/slf4j/jcl-over-slf4j/1.7.30/jcl-over-slf4j-1.7.30.jar:/Users/jo_du/.m2/repository/com/github/docker-java/docker-java-transport-httpclient5/3.2.14/docker-java-transport-httpclient5-3.2.14.jar:/Users/jo_du/.m2/repository/com/github/docker-java/docker-java-transport/3.2.14/docker-java-transport-3.2.14.jar:/Users/jo_du/.m2/repository/net/java/dev/jna/jna/5.12.1/jna-5.12.1.jar:/Users/jo_du/.m2/repository/org/brotli/dec/0.1.2/dec-0.1.2.jar:/Users/jo_du/.m2/repository/org/apache/httpcomponents/client5/httpclient5/5.2.1/httpclient5-5.2.1.jar:/Users/jo_du/.m2/repository/org/apache/httpcomponents/core5/httpcore5/5.2/httpcore5-5.2.jar:/Users/jo_du/.m2/repository/org/apache/httpcomponents/core5/httpcore5-h2/5.2/httpcore5-h2-5.2.jar:"/>
    <property name="java.vm.vendor" value="Homebrew"/>
    <property name="sun.arch.data.model" value="64"/>
    <property name="java.vendor.url" value="https://github.com/Homebrew/homebrew-core/issues"/>
    <property name="user.timezone" value="Asia/Taipei"/>
    <property name="os.name" value="Mac OS X"/>
    <property name="java.vm.specification.version" value="23"/>
    <property name="sun.java.launcher" value="SUN_STANDARD"/>
    <property name="user.country" value="TW"/>
    <property name="sun.boot.library.path" value="/opt/homebrew/Cellar/openjdk/23.0.2/libexec/openjdk.jdk/Contents/Home/lib"/>
    <property name="sun.java.command" value="/Users/jo_du/Documents/Cursor/Appium/Cathay/target/surefire/surefirebooter4691754425734102621.jar /Users/jo_du/Documents/Cursor/Appium/Cathay/target/surefire 2025-04-06T21-52-22_582-jvmRun1 surefire6863754829643499846tmp surefire_0543053649161284157tmp"/>
    <property name="http.nonProxyHosts" value="local|*.local|169.254/16|*.169.254/16"/>
    <property name="jdk.debug" value="release"/>
    <property name="surefire.test.class.path" value="/Users/jo_du/Documents/Cursor/Appium/Cathay/target/test-classes:/Users/jo_du/Documents/Cursor/Appium/Cathay/target/classes:/Users/jo_du/.m2/repository/io/appium/java-client/8.3.0/java-client-8.3.0.jar:/Users/jo_du/.m2/repository/org/seleniumhq/selenium/selenium-support/4.31.0/selenium-support-4.31.0.jar:/Users/jo_du/.m2/repository/com/google/auto/service/auto-service-annotations/1.1.1/auto-service-annotations-1.1.1.jar:/Users/jo_du/.m2/repository/com/google/guava/guava/33.4.6-jre/guava-33.4.6-jre.jar:/Users/jo_du/.m2/repository/com/google/guava/failureaccess/1.0.3/failureaccess-1.0.3.jar:/Users/jo_du/.m2/repository/com/google/guava/listenablefuture/9999.0-empty-to-avoid-conflict-with-guava/listenablefuture-9999.0-empty-to-avoid-conflict-with-guava.jar:/Users/jo_du/.m2/repository/org/jspecify/jspecify/1.0.0/jspecify-1.0.0.jar:/Users/jo_du/.m2/repository/com/google/errorprone/error_prone_annotations/2.36.0/error_prone_annotations-2.36.0.jar:/Users/jo_du/.m2/repository/com/google/j2objc/j2objc-annotations/3.0.0/j2objc-annotations-3.0.0.jar:/Users/jo_du/.m2/repository/net/bytebuddy/byte-buddy/1.17.5/byte-buddy-1.17.5.jar:/Users/jo_du/.m2/repository/org/seleniumhq/selenium/selenium-json/4.31.0/selenium-json-4.31.0.jar:/Users/jo_du/.m2/repository/com/google/code/gson/gson/2.10/gson-2.10.jar:/Users/jo_du/.m2/repository/cglib/cglib/3.3.0/cglib-3.3.0.jar:/Users/jo_du/.m2/repository/org/ow2/asm/asm/7.1/asm-7.1.jar:/Users/jo_du/.m2/repository/commons-validator/commons-validator/1.7/commons-validator-1.7.jar:/Users/jo_du/.m2/repository/commons-beanutils/commons-beanutils/1.9.4/commons-beanutils-1.9.4.jar:/Users/jo_du/.m2/repository/commons-digester/commons-digester/2.1/commons-digester-2.1.jar:/Users/jo_du/.m2/repository/commons-logging/commons-logging/1.2/commons-logging-1.2.jar:/Users/jo_du/.m2/repository/commons-collections/commons-collections/3.2.2/commons-collections-3.2.2.jar:/Users/jo_du/.m2/repository/org/apache/commons/commons-lang3/3.12.0/commons-lang3-3.12.0.jar:/Users/jo_du/.m2/repository/commons-io/commons-io/2.11.0/commons-io-2.11.0.jar:/Users/jo_du/.m2/repository/org/seleniumhq/selenium/selenium-java/4.8.3/selenium-java-4.8.3.jar:/Users/jo_du/.m2/repository/org/seleniumhq/selenium/selenium-api/4.8.3/selenium-api-4.8.3.jar:/Users/jo_du/.m2/repository/org/seleniumhq/selenium/selenium-chrome-driver/4.8.3/selenium-chrome-driver-4.8.3.jar:/Users/jo_du/.m2/repository/com/google/auto/service/auto-service/1.0.1/auto-service-1.0.1.jar:/Users/jo_du/.m2/repository/com/google/auto/auto-common/1.2/auto-common-1.2.jar:/Users/jo_du/.m2/repository/org/seleniumhq/selenium/selenium-chromium-driver/4.8.3/selenium-chromium-driver-4.8.3.jar:/Users/jo_du/.m2/repository/org/seleniumhq/selenium/selenium-manager/4.8.3/selenium-manager-4.8.3.jar:/Users/jo_du/.m2/repository/org/seleniumhq/selenium/selenium-devtools-v109/4.8.3/selenium-devtools-v109-4.8.3.jar:/Users/jo_du/.m2/repository/org/seleniumhq/selenium/selenium-devtools-v110/4.8.3/selenium-devtools-v110-4.8.3.jar:/Users/jo_du/.m2/repository/org/seleniumhq/selenium/selenium-devtools-v111/4.8.3/selenium-devtools-v111-4.8.3.jar:/Users/jo_du/.m2/repository/org/seleniumhq/selenium/selenium-devtools-v85/4.8.3/selenium-devtools-v85-4.8.3.jar:/Users/jo_du/.m2/repository/org/seleniumhq/selenium/selenium-edge-driver/4.8.3/selenium-edge-driver-4.8.3.jar:/Users/jo_du/.m2/repository/org/seleniumhq/selenium/selenium-firefox-driver/4.8.3/selenium-firefox-driver-4.8.3.jar:/Users/jo_du/.m2/repository/org/seleniumhq/selenium/selenium-http/4.8.3/selenium-http-4.8.3.jar:/Users/jo_du/.m2/repository/dev/failsafe/failsafe/3.3.1/failsafe-3.3.1.jar:/Users/jo_du/.m2/repository/org/seleniumhq/selenium/selenium-ie-driver/4.8.3/selenium-ie-driver-4.8.3.jar:/Users/jo_du/.m2/repository/org/seleniumhq/selenium/selenium-remote-driver/4.8.3/selenium-remote-driver-4.8.3.jar:/Users/jo_du/.m2/repository/io/netty/netty-buffer/4.1.90.Final/netty-buffer-4.1.90.Final.jar:/Users/jo_du/.m2/repository/io/netty/netty-codec-http/4.1.90.Final/netty-codec-http-4.1.90.Final.jar:/Users/jo_du/.m2/repository/io/netty/netty-codec/4.1.90.Final/netty-codec-4.1.90.Final.jar:/Users/jo_du/.m2/repository/io/netty/netty-handler/4.1.90.Final/netty-handler-4.1.90.Final.jar:/Users/jo_du/.m2/repository/io/netty/netty-common/4.1.90.Final/netty-common-4.1.90.Final.jar:/Users/jo_du/.m2/repository/io/netty/netty-transport-classes-epoll/4.1.90.Final/netty-transport-classes-epoll-4.1.90.Final.jar:/Users/jo_du/.m2/repository/io/netty/netty-transport-classes-kqueue/4.1.90.Final/netty-transport-classes-kqueue-4.1.90.Final.jar:/Users/jo_du/.m2/repository/io/netty/netty-transport-native-epoll/4.1.90.Final/netty-transport-native-epoll-4.1.90.Final.jar:/Users/jo_du/.m2/repository/io/netty/netty-transport-native-kqueue/4.1.90.Final/netty-transport-native-kqueue-4.1.90.Final.jar:/Users/jo_du/.m2/repository/io/netty/netty-transport-native-unix-common/4.1.90.Final/netty-transport-native-unix-common-4.1.90.Final.jar:/Users/jo_du/.m2/repository/io/netty/netty-transport/4.1.90.Final/netty-transport-4.1.90.Final.jar:/Users/jo_du/.m2/repository/io/netty/netty-resolver/4.1.90.Final/netty-resolver-4.1.90.Final.jar:/Users/jo_du/.m2/repository/io/opentelemetry/opentelemetry-api/1.24.0/opentelemetry-api-1.24.0.jar:/Users/jo_du/.m2/repository/io/opentelemetry/opentelemetry-context/1.24.0/opentelemetry-context-1.24.0.jar:/Users/jo_du/.m2/repository/io/opentelemetry/opentelemetry-exporter-logging/1.24.0/opentelemetry-exporter-logging-1.24.0.jar:/Users/jo_du/.m2/repository/io/opentelemetry/opentelemetry-sdk-metrics/1.24.0/opentelemetry-sdk-metrics-1.24.0.jar:/Users/jo_du/.m2/repository/io/opentelemetry/opentelemetry-sdk-logs/1.24.0-alpha/opentelemetry-sdk-logs-1.24.0-alpha.jar:/Users/jo_du/.m2/repository/io/opentelemetry/opentelemetry-api-logs/1.24.0-alpha/opentelemetry-api-logs-1.24.0-alpha.jar:/Users/jo_du/.m2/repository/io/opentelemetry/opentelemetry-api-events/1.24.0-alpha/opentelemetry-api-events-1.24.0-alpha.jar:/Users/jo_du/.m2/repository/io/opentelemetry/opentelemetry-sdk-common/1.24.0/opentelemetry-sdk-common-1.24.0.jar:/Users/jo_du/.m2/repository/io/opentelemetry/opentelemetry-sdk-extension-autoconfigure-spi/1.24.0/opentelemetry-sdk-extension-autoconfigure-spi-1.24.0.jar:/Users/jo_du/.m2/repository/io/opentelemetry/opentelemetry-sdk-extension-autoconfigure/1.24.0-alpha/opentelemetry-sdk-extension-autoconfigure-1.24.0-alpha.jar:/Users/jo_du/.m2/repository/io/opentelemetry/opentelemetry-sdk-trace/1.24.0/opentelemetry-sdk-trace-1.24.0.jar:/Users/jo_du/.m2/repository/io/opentelemetry/opentelemetry-sdk/1.24.0/opentelemetry-sdk-1.24.0.jar:/Users/jo_du/.m2/repository/io/opentelemetry/opentelemetry-semconv/1.24.0-alpha/opentelemetry-semconv-1.24.0-alpha.jar:/Users/jo_du/.m2/repository/io/ous/jtoml/2.0.0/jtoml-2.0.0.jar:/Users/jo_du/.m2/repository/org/apache/commons/commons-exec/1.3/commons-exec-1.3.jar:/Users/jo_du/.m2/repository/org/asynchttpclient/async-http-client/2.12.3/async-http-client-2.12.3.jar:/Users/jo_du/.m2/repository/org/asynchttpclient/async-http-client-netty-utils/2.12.3/async-http-client-netty-utils-2.12.3.jar:/Users/jo_du/.m2/repository/io/netty/netty-codec-socks/4.1.60.Final/netty-codec-socks-4.1.60.Final.jar:/Users/jo_du/.m2/repository/io/netty/netty-handler-proxy/4.1.60.Final/netty-handler-proxy-4.1.60.Final.jar:/Users/jo_du/.m2/repository/io/netty/netty-transport-native-epoll/4.1.60.Final/netty-transport-native-epoll-4.1.60.Final-linux-x86_64.jar:/Users/jo_du/.m2/repository/io/netty/netty-transport-native-kqueue/4.1.60.Final/netty-transport-native-kqueue-4.1.60.Final-osx-x86_64.jar:/Users/jo_du/.m2/repository/org/reactivestreams/reactive-streams/1.0.3/reactive-streams-1.0.3.jar:/Users/jo_du/.m2/repository/com/typesafe/netty/netty-reactive-streams/2.0.4/netty-reactive-streams-2.0.4.jar:/Users/jo_du/.m2/repository/com/sun/activation/jakarta.activation/1.2.2/jakarta.activation-1.2.2.jar:/Users/jo_du/.m2/repository/org/seleniumhq/selenium/selenium-safari-driver/4.8.3/selenium-safari-driver-4.8.3.jar:/Users/jo_du/.m2/repository/org/testng/testng/7.7.1/testng-7.7.1.jar:/Users/jo_du/.m2/repository/com/beust/jcommander/1.82/jcommander-1.82.jar:/Users/jo_du/.m2/repository/org/webjars/jquery/3.6.1/jquery-3.6.1.jar:/Users/jo_du/.m2/repository/org/apache/poi/poi/5.2.3/poi-5.2.3.jar:/Users/jo_du/.m2/repository/commons-codec/commons-codec/1.15/commons-codec-1.15.jar:/Users/jo_du/.m2/repository/org/apache/commons/commons-collections4/4.4/commons-collections4-4.4.jar:/Users/jo_du/.m2/repository/org/apache/commons/commons-math3/3.6.1/commons-math3-3.6.1.jar:/Users/jo_du/.m2/repository/com/zaxxer/SparseBitSet/1.2/SparseBitSet-1.2.jar:/Users/jo_du/.m2/repository/org/apache/logging/log4j/log4j-api/2.18.0/log4j-api-2.18.0.jar:/Users/jo_du/.m2/repository/org/apache/poi/poi-ooxml/5.2.3/poi-ooxml-5.2.3.jar:/Users/jo_du/.m2/repository/org/apache/poi/poi-ooxml-lite/5.2.3/poi-ooxml-lite-5.2.3.jar:/Users/jo_du/.m2/repository/org/apache/xmlbeans/xmlbeans/5.1.1/xmlbeans-5.1.1.jar:/Users/jo_du/.m2/repository/org/apache/commons/commons-compress/1.21/commons-compress-1.21.jar:/Users/jo_du/.m2/repository/com/github/virtuald/curvesapi/1.07/curvesapi-1.07.jar:/Users/jo_du/.m2/repository/org/slf4j/slf4j-api/2.0.5/slf4j-api-2.0.5.jar:/Users/jo_du/.m2/repository/ch/qos/logback/logback-classic/1.4.7/logback-classic-1.4.7.jar:/Users/jo_du/.m2/repository/ch/qos/logback/logback-core/1.4.7/logback-core-1.4.7.jar:/Users/jo_du/.m2/repository/org/yaml/snakeyaml/2.0/snakeyaml-2.0.jar:/Users/jo_du/.m2/repository/org/apache/logging/log4j/log4j-core/2.20.0/log4j-core-2.20.0.jar:/Users/jo_du/.m2/repository/io/github/bonigarcia/webdrivermanager/5.3.2/webdrivermanager-5.3.2.jar:/Users/jo_du/.m2/repository/com/github/docker-java/docker-java/3.2.14/docker-java-3.2.14.jar:/Users/jo_du/.m2/repository/com/github/docker-java/docker-java-core/3.2.14/docker-java-core-3.2.14.jar:/Users/jo_du/.m2/repository/com/github/docker-java/docker-java-api/3.2.14/docker-java-api-3.2.14.jar:/Users/jo_du/.m2/repository/com/fasterxml/jackson/core/jackson-annotations/2.10.3/jackson-annotations-2.10.3.jar:/Users/jo_du/.m2/repository/com/fasterxml/jackson/core/jackson-databind/2.10.3/jackson-databind-2.10.3.jar:/Users/jo_du/.m2/repository/com/fasterxml/jackson/core/jackson-core/2.10.3/jackson-core-2.10.3.jar:/Users/jo_du/.m2/repository/org/bouncycastle/bcpkix-jdk15on/1.64/bcpkix-jdk15on-1.64.jar:/Users/jo_du/.m2/repository/org/bouncycastle/bcprov-jdk15on/1.64/bcprov-jdk15on-1.64.jar:/Users/jo_du/.m2/repository/org/slf4j/jcl-over-slf4j/1.7.30/jcl-over-slf4j-1.7.30.jar:/Users/jo_du/.m2/repository/com/github/docker-java/docker-java-transport-httpclient5/3.2.14/docker-java-transport-httpclient5-3.2.14.jar:/Users/jo_du/.m2/repository/com/github/docker-java/docker-java-transport/3.2.14/docker-java-transport-3.2.14.jar:/Users/jo_du/.m2/repository/net/java/dev/jna/jna/5.12.1/jna-5.12.1.jar:/Users/jo_du/.m2/repository/org/brotli/dec/0.1.2/dec-0.1.2.jar:/Users/jo_du/.m2/repository/org/apache/httpcomponents/client5/httpclient5/5.2.1/httpclient5-5.2.1.jar:/Users/jo_du/.m2/repository/org/apache/httpcomponents/core5/httpcore5/5.2/httpcore5-5.2.jar:/Users/jo_du/.m2/repository/org/apache/httpcomponents/core5/httpcore5-h2/5.2/httpcore5-h2-5.2.jar:"/>
    <property name="sun.cpu.endian" value="little"/>
    <property name="user.home" value="/Users/jo_du"/>
    <property name="user.language" value="zh"/>
    <property name="java.specification.vendor" value="Oracle Corporation"/>
    <property name="java.version.date" value="2025-01-21"/>
    <property name="java.home" value="/opt/homebrew/Cellar/openjdk/23.0.2/libexec/openjdk.jdk/Contents/Home"/>
    <property name="file.separator" value="/"/>
    <property name="basedir" value="/Users/jo_du/Documents/Cursor/Appium/Cathay"/>
    <property name="java.vm.compressedOopsMode" value="Zero based"/>
    <property name="line.separator" value="&#10;"/>
    <property name="java.vm.specification.vendor" value="Oracle Corporation"/>
    <property name="java.specification.name" value="Java Platform API Specification"/>
    <property name="apple.awt.application.name" value="ForkedBooter"/>
    <property name="surefire.real.class.path" value="/Users/jo_du/Documents/Cursor/Appium/Cathay/target/surefire/surefirebooter4691754425734102621.jar"/>
    <property name="user.script" value="Hant"/>
    <property name="sun.management.compiler" value="HotSpot 64-Bit Tiered Compilers"/>
    <property name="ftp.nonProxyHosts" value="local|*.local|169.254/16|*.169.254/16"/>
    <property name="java.runtime.version" value="23.0.2"/>
    <property name="user.name" value="jo_du"/>
    <property name="stdout.encoding" value="UTF-8"/>
    <property name="path.separator" value=":"/>
    <property name="os.version" value="13.4"/>
    <property name="java.runtime.name" value="OpenJDK Runtime Environment"/>
    <property name="file.encoding" value="UTF-8"/>
    <property name="java.vm.name" value="OpenJDK 64-Bit Server VM"/>
    <property name="java.vendor.version" value="Homebrew"/>
    <property name="localRepository" value="/Users/jo_du/.m2/repository"/>
    <property name="java.vendor.url.bug" value="https://github.com/Homebrew/homebrew-core/issues"/>
    <property name="java.io.tmpdir" value="/var/folders/_x/qqfj1ydn42l2mqfrc0m2_1tm0000gr/T/"/>
    <property name="java.version" value="23.0.2"/>
    <property name="user.dir" value="/Users/jo_du/Documents/Cursor/Appium/Cathay"/>
    <property name="os.arch" value="aarch64"/>
    <property name="java.vm.specification.name" value="Java Virtual Machine Specification"/>
    <property name="native.encoding" value="UTF-8"/>
    <property name="java.library.path" value="/Users/jo_du/Library/Java/Extensions:/Library/Java/Extensions:/Network/Library/Java/Extensions:/System/Library/Java/Extensions:/usr/lib/java:."/>
    <property name="java.vm.info" value="mixed mode, sharing"/>
    <property name="stderr.encoding" value="UTF-8"/>
    <property name="java.vendor" value="Homebrew"/>
    <property name="java.vm.version" value="23.0.2"/>
    <property name="sun.io.unicode.encoding" value="UnicodeBig"/>
    <property name="socksNonProxyHosts" value="local|*.local|169.254/16|*.169.254/16"/>
    <property name="java.class.version" value="67.0"/>
  </properties>
  <testcase name="testErrorHandlingInterestRate" classname="com.cathay.test.tests.MortgageCalculatorTest" time="2.965">
    <system-out><![CDATA[21:52:23.289 [main] DEBUG org.testng.TestNG -- suiteXmlPath: "/Users/jo_du/Documents/Cursor/Appium/Cathay/testng.xml"
*******MortgageCalculatorTest.setUp() 執行！
21:52:23.881 [main] INFO  com.cathay.test.config.AppiumConfig - 開始初始化 MortgageCalculatorTest (嘗試 1/3)
21:52:23.894 [main] INFO  com.cathay.test.config.AppiumConfig - Appium 服務器可用
21:52:23.917 [main] INFO  com.cathay.test.config.AppiumConfig - Android 模擬器可用
21:52:23.974 [main] DEBUG io.netty.util.internal.logging.InternalLoggerFactory -- Using SLF4J as the default logging framework
21:52:23.975 [main] DEBUG io.netty.util.ResourceLeakDetector -- -Dio.netty.leakDetection.level: simple
21:52:23.975 [main] DEBUG io.netty.util.ResourceLeakDetector -- -Dio.netty.leakDetection.targetRecords: 4
21:52:23.978 [main] DEBUG io.netty.util.ResourceLeakDetectorFactory -- Loaded default ResourceLeakDetector: io.netty.util.ResourceLeakDetector@327120c8
21:52:23.988 [main] DEBUG io.netty.util.internal.PlatformDependent0 -- -Dio.netty.noUnsafe: false
21:52:23.988 [main] DEBUG io.netty.util.internal.PlatformDependent0 -- Java version: 23
21:52:23.989 [main] DEBUG io.netty.util.internal.PlatformDependent0 -- sun.misc.Unsafe.theUnsafe: available
21:52:23.989 [main] DEBUG io.netty.util.internal.PlatformDependent0 -- sun.misc.Unsafe.copyMemory: available
21:52:23.990 [main] DEBUG io.netty.util.internal.PlatformDependent0 -- sun.misc.Unsafe.storeFence: available
21:52:23.990 [main] DEBUG io.netty.util.internal.PlatformDependent0 -- java.nio.Buffer.address: available
21:52:23.990 [main] DEBUG io.netty.util.internal.PlatformDependent0 -- direct buffer constructor: unavailable: java.nio.DirectByteBuffer.<init>(long,int)
21:52:23.990 [main] DEBUG io.netty.util.internal.PlatformDependent0 -- java.nio.Bits.unaligned: available, true
21:52:23.991 [main] DEBUG io.netty.util.internal.PlatformDependent0 -- jdk.internal.misc.Unsafe.allocateUninitializedArray(int): unavailable: class io.netty.util.internal.PlatformDependent0$7 cannot access class jdk.internal.misc.Unsafe (in module java.base) because module java.base does not export jdk.internal.misc to unnamed module @7f3b84b8
21:52:23.991 [main] DEBUG io.netty.util.internal.PlatformDependent0 -- java.nio.DirectByteBuffer.<init>(long, int): unavailable
21:52:23.992 [main] DEBUG io.netty.util.internal.PlatformDependent -- sun.misc.Unsafe: available
21:52:23.992 [main] DEBUG io.netty.util.internal.PlatformDependent -- maxDirectMemory: 4294967296 bytes (maybe)
21:52:23.992 [main] DEBUG io.netty.util.internal.PlatformDependent -- -Dio.netty.tmpdir: /var/folders/_x/qqfj1ydn42l2mqfrc0m2_1tm0000gr/T (java.io.tmpdir)
21:52:23.992 [main] DEBUG io.netty.util.internal.PlatformDependent -- -Dio.netty.bitMode: 64 (sun.arch.data.model)
21:52:23.993 [main] DEBUG io.netty.util.internal.PlatformDependent -- Platform: MacOS
21:52:23.993 [main] DEBUG io.netty.util.internal.PlatformDependent -- -Dio.netty.maxDirectMemory: -1 bytes
21:52:23.993 [main] DEBUG io.netty.util.internal.PlatformDependent -- -Dio.netty.uninitializedArrayAllocationThreshold: -1
21:52:23.994 [main] DEBUG io.netty.util.internal.CleanerJava9 -- java.nio.ByteBuffer.cleaner(): available
21:52:23.994 [main] DEBUG io.netty.util.internal.PlatformDependent -- -Dio.netty.noPreferDirect: false
21:52:23.998 [main] DEBUG io.netty.util.internal.PlatformDependent -- org.jctools-core.MpscChunkedArrayQueue: available
21:52:24.008 [main] DEBUG io.netty.util.internal.InternalThreadLocalMap -- -Dio.netty.threadLocalMap.stringBuilder.initialSize: 1024
21:52:24.008 [main] DEBUG io.netty.util.internal.InternalThreadLocalMap -- -Dio.netty.threadLocalMap.stringBuilder.maxSize: 4096
21:52:24.102 [main] DEBUG io.netty.handler.ssl.JdkSslContext -- Default protocols (JDK): [TLSv1.3, TLSv1.2] 
21:52:24.102 [main] DEBUG io.netty.handler.ssl.JdkSslContext -- Default cipher suites (JDK): [TLS_ECDHE_ECDSA_WITH_AES_256_GCM_SHA384, TLS_ECDHE_ECDSA_WITH_AES_128_GCM_SHA256, TLS_ECDHE_RSA_WITH_AES_128_GCM_SHA256, TLS_ECDHE_RSA_WITH_AES_256_GCM_SHA384, TLS_ECDHE_RSA_WITH_AES_128_CBC_SHA, TLS_ECDHE_RSA_WITH_AES_256_CBC_SHA, TLS_RSA_WITH_AES_128_GCM_SHA256, TLS_RSA_WITH_AES_128_CBC_SHA, TLS_RSA_WITH_AES_256_CBC_SHA, TLS_AES_128_GCM_SHA256, TLS_AES_256_GCM_SHA384]
21:52:24.110 [main] DEBUG io.netty.util.concurrent.GlobalEventExecutor -- -Dio.netty.globalEventExecutor.quietPeriodSeconds: 1
21:52:24.116 [main] DEBUG io.netty.channel.MultithreadEventLoopGroup -- -Dio.netty.eventLoopThreads: 16
21:52:24.120 [main] DEBUG io.netty.channel.nio.NioEventLoop -- -Dio.netty.noKeySetOptimization: false
21:52:24.120 [main] DEBUG io.netty.channel.nio.NioEventLoop -- -Dio.netty.selectorAutoRebuildThreshold: 512
21:52:24.135 [main] DEBUG io.netty.buffer.PooledByteBufAllocator -- -Dio.netty.allocator.numHeapArenas: 16
21:52:24.135 [main] DEBUG io.netty.buffer.PooledByteBufAllocator -- -Dio.netty.allocator.numDirectArenas: 16
21:52:24.135 [main] DEBUG io.netty.buffer.PooledByteBufAllocator -- -Dio.netty.allocator.pageSize: 8192
21:52:24.135 [main] DEBUG io.netty.buffer.PooledByteBufAllocator -- -Dio.netty.allocator.maxOrder: 9
21:52:24.135 [main] DEBUG io.netty.buffer.PooledByteBufAllocator -- -Dio.netty.allocator.chunkSize: 4194304
21:52:24.135 [main] DEBUG io.netty.buffer.PooledByteBufAllocator -- -Dio.netty.allocator.smallCacheSize: 256
21:52:24.135 [main] DEBUG io.netty.buffer.PooledByteBufAllocator -- -Dio.netty.allocator.normalCacheSize: 64
21:52:24.135 [main] DEBUG io.netty.buffer.PooledByteBufAllocator -- -Dio.netty.allocator.maxCachedBufferCapacity: 32768
21:52:24.135 [main] DEBUG io.netty.buffer.PooledByteBufAllocator -- -Dio.netty.allocator.cacheTrimInterval: 8192
21:52:24.135 [main] DEBUG io.netty.buffer.PooledByteBufAllocator -- -Dio.netty.allocator.cacheTrimIntervalMillis: 0
21:52:24.135 [main] DEBUG io.netty.buffer.PooledByteBufAllocator -- -Dio.netty.allocator.useCacheForAllThreads: false
21:52:24.135 [main] DEBUG io.netty.buffer.PooledByteBufAllocator -- -Dio.netty.allocator.maxCachedByteBuffersPerChunk: 1023
21:52:24.141 [main] DEBUG io.netty.buffer.ByteBufUtil -- -Dio.netty.allocator.type: pooled
21:52:24.141 [main] DEBUG io.netty.buffer.ByteBufUtil -- -Dio.netty.threadLocalDirectBufferSize: 0
21:52:24.141 [main] DEBUG io.netty.buffer.ByteBufUtil -- -Dio.netty.maxThreadLocalCharBufferSize: 16384
21:52:24.239 [Forwarding newSession on session null to remote] DEBUG io.netty.channel.DefaultChannelId -- -Dio.netty.processId: 52379 (auto-detected)
21:52:24.240 [Forwarding newSession on session null to remote] DEBUG io.netty.util.NetUtil -- -Djava.net.preferIPv4Stack: false
21:52:24.240 [Forwarding newSession on session null to remote] DEBUG io.netty.util.NetUtil -- -Djava.net.preferIPv6Addresses: false
21:52:24.244 [Forwarding newSession on session null to remote] DEBUG io.netty.util.NetUtilInitializations -- Loopback interface: lo0 (lo0, 0:0:0:0:0:0:0:1%lo0)
21:52:24.244 [Forwarding newSession on session null to remote] DEBUG io.netty.util.NetUtil -- Failed to get SOMAXCONN from sysctl and file /proc/sys/net/core/somaxconn. Default: 128
21:52:24.245 [Forwarding newSession on session null to remote] DEBUG io.netty.channel.DefaultChannelId -- -Dio.netty.machineId: a4:cf:99:ff:fe:8e:ed:f9 (auto-detected)
21:52:24.268 [AsyncHttpClient-1-2] DEBUG io.netty.buffer.AbstractByteBuf -- -Dio.netty.buffer.checkAccessible: true
21:52:24.268 [AsyncHttpClient-1-2] DEBUG io.netty.buffer.AbstractByteBuf -- -Dio.netty.buffer.checkBounds: true
21:52:24.268 [AsyncHttpClient-1-2] DEBUG io.netty.util.ResourceLeakDetectorFactory -- Loaded default ResourceLeakDetector: io.netty.util.ResourceLeakDetector@2f949e9f
21:52:24.277 [AsyncHttpClient-1-2] DEBUG org.asynchttpclient.netty.channel.NettyConnectListener -- Using new Channel '[id: 0xd850032e, L:/127.0.0.1:49363 - R:/127.0.0.1:4723]' for 'POST' to '/session'
21:52:24.289 [AsyncHttpClient-1-2] DEBUG io.netty.util.Recycler -- -Dio.netty.recycler.maxCapacityPerThread: 4096
21:52:24.289 [AsyncHttpClient-1-2] DEBUG io.netty.util.Recycler -- -Dio.netty.recycler.ratio: 8
21:52:24.289 [AsyncHttpClient-1-2] DEBUG io.netty.util.Recycler -- -Dio.netty.recycler.chunkSize: 32
21:52:24.289 [AsyncHttpClient-1-2] DEBUG io.netty.util.Recycler -- -Dio.netty.recycler.blocking: false
21:52:24.289 [AsyncHttpClient-1-2] DEBUG io.netty.util.Recycler -- -Dio.netty.recycler.batchFastThreadLocalOnly: true
21:52:27.423 [AsyncHttpClient-1-2] DEBUG io.netty.handler.codec.compression.Brotli -- brotli4j not in the classpath; Brotli support will be unavailable.
21:52:27.424 [AsyncHttpClient-1-2] DEBUG org.asynchttpclient.netty.handler.HttpHandler -- 

Request DefaultHttpRequest(decodeResult: success, version: HTTP/1.1)
POST /session HTTP/1.1
X-Idempotency-Key: 33d224d1-9155-458b-ab66-4884132d57ad
User-Agent: appium/8.3.0 (selenium/4.8.3 (java mac))
Content-Length: 952
Content-Type: application/json; charset=utf-8
host: 127.0.0.1:4723
accept: */*

Response DefaultHttpResponse(decodeResult: success, version: HTTP/1.1)
HTTP/1.1 200 OK
X-Powered-By: Express
Vary: X-HTTP-Method-Override
Content-Type: application/json; charset=utf-8
Content-Length: 1816
ETag: W/"718-Riti9sbihQ584Ip2gXj/HtgahTA"
Date: Sun, 06 Apr 2025 13:52:27 GMT
Connection: keep-alive
Keep-Alive: timeout=600

21:52:27.430 [AsyncHttpClient-1-2] DEBUG org.asynchttpclient.netty.channel.ChannelManager -- Adding key: http://127.0.0.1:4723 for channel [id: 0xd850032e, L:/127.0.0.1:49363 - R:/127.0.0.1:4723]
21:52:27.481 [Forwarding executeCdp on session 83e1c530-819c-49b1-8960-375b16493a3c to remote] DEBUG org.asynchttpclient.netty.request.NettyRequestSender -- Using pooled Channel '[id: 0xd850032e, L:/127.0.0.1:49363 - R:/127.0.0.1:4723]' for 'POST' to 'http://127.0.0.1:4723/session/83e1c530-819c-49b1-8960-375b16493a3c/goog/cdp/execute'
21:52:27.481 [Forwarding executeCdp on session 83e1c530-819c-49b1-8960-375b16493a3c to remote] DEBUG org.asynchttpclient.netty.request.NettyRequestSender -- Using open Channel [id: 0xd850032e, L:/127.0.0.1:49363 - R:/127.0.0.1:4723] for POST '/session/83e1c530-819c-49b1-8960-375b16493a3c/goog/cdp/execute'
21:52:27.499 [AsyncHttpClient-1-2] DEBUG org.asynchttpclient.netty.handler.HttpHandler -- 

Request DefaultHttpRequest(decodeResult: success, version: HTTP/1.1)
POST /session/83e1c530-819c-49b1-8960-375b16493a3c/goog/cdp/execute HTTP/1.1
User-Agent: appium/8.3.0 (selenium/4.8.3 (java mac))
Content-Length: 87
Content-Type: application/json; charset=utf-8
host: 127.0.0.1:4723
accept: */*

Response DefaultHttpResponse(decodeResult: success, version: HTTP/1.1)
HTTP/1.1 404 Not Found
X-Powered-By: Express
Vary: X-HTTP-Method-Override
Content-Type: application/json; charset=utf-8
Content-Length: 1990
ETag: W/"7c6-6let437gBlfvNW+WJ4bCGVLqYco"
Date: Sun, 06 Apr 2025 13:52:27 GMT
Connection: keep-alive
Keep-Alive: timeout=600

21:52:27.499 [AsyncHttpClient-1-2] DEBUG org.asynchttpclient.netty.channel.ChannelManager -- Adding key: http://127.0.0.1:4723 for channel [id: 0xd850032e, L:/127.0.0.1:49363 - R:/127.0.0.1:4723]
21:52:27.510 [main] WARN  com.cathay.test.config.AppiumConfig - ⚠️ 設定第三方 Cookie 支援時發生例外: unknown command: 'Network.setCookieBlockingEnabled' wasn't found
  (Session info: chrome=128.0.6613.88)
Build info: version: '4.8.3', revision: 'e5e76298c3'
System info: os.name: 'Mac OS X', os.arch: 'aarch64', os.version: '13.4', java.version: '23.0.2'
Driver info: io.appium.java_client.android.AndroidDriver
Command: [83e1c530-819c-49b1-8960-375b16493a3c, executeCdp {cmd=Network.setCookieBlockingEnabled, params={enabled=false}}]
Capabilities {appium:autoAcceptAlerts: true, appium:autoGrantPermissions: true, appium:automationName: UiAutomator2, appium:chromedriverExecutable: /opt/homebrew/bin/chromedriver, appium:databaseEnabled: false, appium:desired: {appActivity: com.android.chrome/com.goog..., appPackage: com.android.chrome, autoAcceptAlerts: true, autoGrantPermissions: true, automationName: UiAutomator2, browserName: chrome, chromedriverExecutable: /opt/homebrew/bin/chromedriver, deviceName: Pixel_3a_API_34_extension_l..., goog:chromeOptions: {args: [--no-sandbox, --disable-dev-shm-usage, --ignore-certificate-errors, --remote-allow-origins=*, --disable-features=SameSite..., --enable-features=NetworkSe...], w3c: true}, newCommandTimeout: 120, noReset: true, platformName: android, platformVersion: 16.0}, appium:deviceApiLevel: 36, appium:deviceManufacturer: Google, appium:deviceModel: sdk_gphone64_arm64, appium:deviceName: emulator-5554, appium:deviceScreenDensity: 420, appium:deviceScreenSize: 1080x2424, appium:deviceUDID: emulator-5554, appium:javascriptEnabled: true, appium:locationContextEnabled: false, appium:networkConnectionEnabled: true, appium:newCommandTimeout: 120, appium:noReset: true, appium:pixelRatio: 2.625, appium:platformVersion: 16, appium:statBarHeight: 137, appium:takesScreenshot: true, appium:viewportRect: {height: 2287, left: 0, top: 137, width: 1080}, appium:warnings: {}, appium:webStorageEnabled: false, browserName: chrome, goog:chromeOptions: {args: [--no-sandbox, --disable-dev-shm-usage, --ignore-certificate-errors, --remote-allow-origins=*, --disable-features=SameSite..., --enable-features=NetworkSe...], w3c: true}, platformName: ANDROID}
Session ID: 83e1c530-819c-49b1-8960-375b16493a3c
21:52:28.505 [AsyncHttpClient-1-1] DEBUG org.asynchttpclient.netty.channel.DefaultChannelPool -- Entry count for : http://127.0.0.1:4723 : 1
21:52:29.604 [AsyncHttpClient-1-1] DEBUG org.asynchttpclient.netty.channel.DefaultChannelPool -- Entry count for : http://127.0.0.1:4723 : 1
21:52:30.516 [main] INFO  com.cathay.test.config.AppiumConfig - Driver session ID: 83e1c530-819c-49b1-8960-375b16493a3c
21:52:30.524 [Forwarding get on session 83e1c530-819c-49b1-8960-375b16493a3c to remote] DEBUG org.asynchttpclient.netty.request.NettyRequestSender -- Using pooled Channel '[id: 0xd850032e, L:/127.0.0.1:49363 - R:/127.0.0.1:4723]' for 'POST' to 'http://127.0.0.1:4723/session/83e1c530-819c-49b1-8960-375b16493a3c/url'
21:52:30.525 [Forwarding get on session 83e1c530-819c-49b1-8960-375b16493a3c to remote] DEBUG org.asynchttpclient.netty.request.NettyRequestSender -- Using open Channel [id: 0xd850032e, L:/127.0.0.1:49363 - R:/127.0.0.1:4723] for POST '/session/83e1c530-819c-49b1-8960-375b16493a3c/url'
21:52:34.608 [AsyncHttpClient-1-2] DEBUG org.asynchttpclient.netty.handler.HttpHandler -- 

Request DefaultHttpRequest(decodeResult: success, version: HTTP/1.1)
POST /session/83e1c530-819c-49b1-8960-375b16493a3c/url HTTP/1.1
User-Agent: appium/8.3.0 (selenium/4.8.3 (java mac))
Content-Length: 133
Content-Type: application/json; charset=utf-8
host: 127.0.0.1:4723
accept: */*

Response DefaultHttpResponse(decodeResult: success, version: HTTP/1.1)
HTTP/1.1 200 OK
X-Powered-By: Express
Vary: X-HTTP-Method-Override
Content-Type: application/json; charset=utf-8
Content-Length: 14
ETag: W/"e-9/1BuKMgFObM1mWJm+YjxtXJnUM"
Date: Sun, 06 Apr 2025 13:52:34 GMT
Connection: keep-alive
Keep-Alive: timeout=600

21:52:34.609 [AsyncHttpClient-1-2] DEBUG org.asynchttpclient.netty.channel.ChannelManager -- Adding key: http://127.0.0.1:4723 for channel [id: 0xd850032e, L:/127.0.0.1:49363 - R:/127.0.0.1:4723]
21:52:34.612 [Forwarding getCurrentUrl on session 83e1c530-819c-49b1-8960-375b16493a3c to remote] DEBUG org.asynchttpclient.netty.request.NettyRequestSender -- Using pooled Channel '[id: 0xd850032e, L:/127.0.0.1:49363 - R:/127.0.0.1:4723]' for 'GET' to 'http://127.0.0.1:4723/session/83e1c530-819c-49b1-8960-375b16493a3c/url'
21:52:34.612 [Forwarding getCurrentUrl on session 83e1c530-819c-49b1-8960-375b16493a3c to remote] DEBUG org.asynchttpclient.netty.request.NettyRequestSender -- Using open Channel [id: 0xd850032e, L:/127.0.0.1:49363 - R:/127.0.0.1:4723] for GET '/session/83e1c530-819c-49b1-8960-375b16493a3c/url'
21:52:34.651 [AsyncHttpClient-1-2] DEBUG org.asynchttpclient.netty.handler.HttpHandler -- 

Request DefaultFullHttpRequest(decodeResult: success, version: HTTP/1.1, content: EmptyByteBufBE)
GET /session/83e1c530-819c-49b1-8960-375b16493a3c/url HTTP/1.1
Cache-Control: no-cache
User-Agent: appium/8.3.0 (selenium/4.8.3 (java mac))
Content-Type: application/json; charset=utf-8
host: 127.0.0.1:4723
accept: */*

Response DefaultHttpResponse(decodeResult: success, version: HTTP/1.1)
HTTP/1.1 200 OK
X-Powered-By: Express
Content-Type: application/json; charset=utf-8
Content-Length: 90
ETag: W/"5a-SVzTdoqQsw2ztnbhgzn9TDJ+oVM"
Date: Sun, 06 Apr 2025 13:52:34 GMT
Connection: keep-alive
Keep-Alive: timeout=600

21:52:34.652 [AsyncHttpClient-1-2] DEBUG org.asynchttpclient.netty.channel.ChannelManager -- Adding key: http://127.0.0.1:4723 for channel [id: 0xd850032e, L:/127.0.0.1:49363 - R:/127.0.0.1:4723]
*********3rd party cookie Current URL: https://www.cathaybk.com.tw/cathaybk/personal/loan/calculator/mortgage-budget/
21:52:34.655 [Forwarding getCookies on session 83e1c530-819c-49b1-8960-375b16493a3c to remote] DEBUG org.asynchttpclient.netty.request.NettyRequestSender -- Using pooled Channel '[id: 0xd850032e, L:/127.0.0.1:49363 - R:/127.0.0.1:4723]' for 'GET' to 'http://127.0.0.1:4723/session/83e1c530-819c-49b1-8960-375b16493a3c/cookie'
21:52:34.655 [Forwarding getCookies on session 83e1c530-819c-49b1-8960-375b16493a3c to remote] DEBUG org.asynchttpclient.netty.request.NettyRequestSender -- Using open Channel [id: 0xd850032e, L:/127.0.0.1:49363 - R:/127.0.0.1:4723] for GET '/session/83e1c530-819c-49b1-8960-375b16493a3c/cookie'
21:52:34.680 [AsyncHttpClient-1-2] DEBUG org.asynchttpclient.netty.handler.HttpHandler -- 

Request DefaultFullHttpRequest(decodeResult: success, version: HTTP/1.1, content: EmptyByteBufBE)
GET /session/83e1c530-819c-49b1-8960-375b16493a3c/cookie HTTP/1.1
Cache-Control: no-cache
User-Agent: appium/8.3.0 (selenium/4.8.3 (java mac))
Content-Type: application/json; charset=utf-8
host: 127.0.0.1:4723
accept: */*

Response DefaultHttpResponse(decodeResult: success, version: HTTP/1.1)
HTTP/1.1 200 OK
X-Powered-By: Express
Content-Type: application/json; charset=utf-8
Content-Length: 4090
ETag: W/"ffa-rtsFaVwBYBY5ME8AcRy1UK2PwbE"
Date: Sun, 06 Apr 2025 13:52:34 GMT
Connection: keep-alive
Keep-Alive: timeout=600

21:52:34.680 [AsyncHttpClient-1-2] DEBUG org.asynchttpclient.netty.channel.ChannelManager -- Adding key: http://127.0.0.1:4723 for channel [id: 0xd850032e, L:/127.0.0.1:49363 - R:/127.0.0.1:4723]
*********Cookie: citrix_ns_id = AAI7HofyZzsw1UAHAAAAADvLSubBRkGc__LEOzYmAxotoOI1D2omZLBulIjjCXMMOw==pYryZw==aXil5ZiNCLoUJRVClHyPzjtm2Fc=
*********Cookie: ASP.NET_SessionId = j3jxaxvvessdzteg4olcmx4m
*********Cookie: _ss_pp_id = 3847502fe8e2b08cf4f1743918752953
*********Cookie: __lt__sid = d87f3db9-c715c5c5
*********Cookie: _mg_ckp = eyJja1RrZERGIjoiIn0=
*********Cookie: cathaybk_new = 4bb3a3d8d4f078cfaa7badb04abb60df7ed08c3d037be7593e9c32d57ce56d7fc2c8d446
*********Cookie: __mguid_ = 4cba8d70dc0f49c4b8b1e82213584b8e
*********Cookie: FingerprintCookie = a83734ca5c2401a34f4ad325dff7c9ff
*********Cookie: shell#lang = en
*********Cookie: mbox = session#ab6051ab345c450d91fa52f20c1ffb3d#1743949414|PC#ab6051ab345c450d91fa52f20c1ffb3d.32_0#1807192354
*********Cookie: _td = 5de00079-ac9f-40af-b77e-5ae794ceea8a
*********Cookie: _uetvid = 6387538012ee11f0984333d43670a958
*********Cookie: usy46gabsosd = cubcsa_17439475520150.c7891b2b71ba80c8cad6880c0cdf2699_8251
*********Cookie: _uetsid = 6386d06012ee11f0b8cf2b1315692082
*********Cookie: AMCV_B877A5DB584931AC0A495EAA%40AdobeOrg = 1585540135%7CMCIDTS%7C20185%7CMCMID%7C11235001878690451542565756500183794151%7CMCAAMLH-1744552353%7C11%7CMCAAMB-1744552353%7C6G1ynYcLPuiQxYZrsz_pkqfLG9yMXBpb2zX5dvJdYQJzPXImdj0y%7CMCCIDH%7C1062709688%7CMCOPTOUT-1743954753s%7CNONE%7CMCSYNCSOP%7C411-20192%7CvVersion%7C4.4.0
*********Cookie: _ga_T2T689XRGT = GS1.1.1743947552.1.0.1743947552.60.0.0
*********Cookie: _ga = GA1.1.1619922595.1743947553
*********Cookie: _fbp = fb.2.1743947552915.817741028277789369
*********Cookie: at_check = true
*********Cookie: __lt__cid = ca32e1a5-6365-4f97-9135-076d48e0e035
*********Cookie: _gcl_au = 1.1.728039335.1743947552
*********Cookie: AMCVS_B877A5DB584931AC0A495EAA%40AdobeOrg = 1
21:52:34.686 [Forwarding getCurrentUrl on session 83e1c530-819c-49b1-8960-375b16493a3c to remote] DEBUG org.asynchttpclient.netty.request.NettyRequestSender -- Using pooled Channel '[id: 0xd850032e, L:/127.0.0.1:49363 - R:/127.0.0.1:4723]' for 'GET' to 'http://127.0.0.1:4723/session/83e1c530-819c-49b1-8960-375b16493a3c/url'
21:52:34.686 [Forwarding getCurrentUrl on session 83e1c530-819c-49b1-8960-375b16493a3c to remote] DEBUG org.asynchttpclient.netty.request.NettyRequestSender -- Using open Channel [id: 0xd850032e, L:/127.0.0.1:49363 - R:/127.0.0.1:4723] for GET '/session/83e1c530-819c-49b1-8960-375b16493a3c/url'
21:52:34.700 [AsyncHttpClient-1-2] DEBUG org.asynchttpclient.netty.handler.HttpHandler -- 

Request DefaultFullHttpRequest(decodeResult: success, version: HTTP/1.1, content: EmptyByteBufBE)
GET /session/83e1c530-819c-49b1-8960-375b16493a3c/url HTTP/1.1
Cache-Control: no-cache
User-Agent: appium/8.3.0 (selenium/4.8.3 (java mac))
Content-Type: application/json; charset=utf-8
host: 127.0.0.1:4723
accept: */*

Response DefaultHttpResponse(decodeResult: success, version: HTTP/1.1)
HTTP/1.1 200 OK
X-Powered-By: Express
Content-Type: application/json; charset=utf-8
Content-Length: 90
ETag: W/"5a-SVzTdoqQsw2ztnbhgzn9TDJ+oVM"
Date: Sun, 06 Apr 2025 13:52:34 GMT
Connection: keep-alive
Keep-Alive: timeout=600

21:52:34.700 [AsyncHttpClient-1-2] DEBUG org.asynchttpclient.netty.channel.ChannelManager -- Adding key: http://127.0.0.1:4723 for channel [id: 0xd850032e, L:/127.0.0.1:49363 - R:/127.0.0.1:4723]
21:52:34.702 [Forwarding setTimeout on session 83e1c530-819c-49b1-8960-375b16493a3c to remote] DEBUG org.asynchttpclient.netty.request.NettyRequestSender -- Using pooled Channel '[id: 0xd850032e, L:/127.0.0.1:49363 - R:/127.0.0.1:4723]' for 'POST' to 'http://127.0.0.1:4723/session/83e1c530-819c-49b1-8960-375b16493a3c/timeouts'
21:52:34.702 [Forwarding setTimeout on session 83e1c530-819c-49b1-8960-375b16493a3c to remote] DEBUG org.asynchttpclient.netty.request.NettyRequestSender -- Using open Channel [id: 0xd850032e, L:/127.0.0.1:49363 - R:/127.0.0.1:4723] for POST '/session/83e1c530-819c-49b1-8960-375b16493a3c/timeouts'
21:52:34.704 [AsyncHttpClient-1-2] DEBUG org.asynchttpclient.netty.handler.HttpHandler -- 

Request DefaultHttpRequest(decodeResult: success, version: HTTP/1.1)
POST /session/83e1c530-819c-49b1-8960-375b16493a3c/timeouts HTTP/1.1
User-Agent: appium/8.3.0 (selenium/4.8.3 (java mac))
Content-Length: 23
Content-Type: application/json; charset=utf-8
host: 127.0.0.1:4723
accept: */*

Response DefaultHttpResponse(decodeResult: success, version: HTTP/1.1)
HTTP/1.1 200 OK
X-Powered-By: Express
Vary: X-HTTP-Method-Override
Content-Type: application/json; charset=utf-8
Content-Length: 14
ETag: W/"e-9/1BuKMgFObM1mWJm+YjxtXJnUM"
Date: Sun, 06 Apr 2025 13:52:34 GMT
Connection: keep-alive
Keep-Alive: timeout=600

21:52:34.704 [AsyncHttpClient-1-2] DEBUG org.asynchttpclient.netty.channel.ChannelManager -- Adding key: http://127.0.0.1:4723 for channel [id: 0xd850032e, L:/127.0.0.1:49363 - R:/127.0.0.1:4723]
21:52:34.705 [Forwarding setTimeout on session 83e1c530-819c-49b1-8960-375b16493a3c to remote] DEBUG org.asynchttpclient.netty.request.NettyRequestSender -- Using pooled Channel '[id: 0xd850032e, L:/127.0.0.1:49363 - R:/127.0.0.1:4723]' for 'POST' to 'http://127.0.0.1:4723/session/83e1c530-819c-49b1-8960-375b16493a3c/timeouts'
21:52:34.705 [Forwarding setTimeout on session 83e1c530-819c-49b1-8960-375b16493a3c to remote] DEBUG org.asynchttpclient.netty.request.NettyRequestSender -- Using open Channel [id: 0xd850032e, L:/127.0.0.1:49363 - R:/127.0.0.1:4723] for POST '/session/83e1c530-819c-49b1-8960-375b16493a3c/timeouts'
21:52:34.707 [AsyncHttpClient-1-2] DEBUG org.asynchttpclient.netty.handler.HttpHandler -- 

Request DefaultHttpRequest(decodeResult: success, version: HTTP/1.1)
POST /session/83e1c530-819c-49b1-8960-375b16493a3c/timeouts HTTP/1.1
User-Agent: appium/8.3.0 (selenium/4.8.3 (java mac))
Content-Length: 23
Content-Type: application/json; charset=utf-8
host: 127.0.0.1:4723
accept: */*

Response DefaultHttpResponse(decodeResult: success, version: HTTP/1.1)
HTTP/1.1 200 OK
X-Powered-By: Express
Vary: X-HTTP-Method-Override
Content-Type: application/json; charset=utf-8
Content-Length: 14
ETag: W/"e-9/1BuKMgFObM1mWJm+YjxtXJnUM"
Date: Sun, 06 Apr 2025 13:52:34 GMT
Connection: keep-alive
Keep-Alive: timeout=600

21:52:34.707 [AsyncHttpClient-1-2] DEBUG org.asynchttpclient.netty.channel.ChannelManager -- Adding key: http://127.0.0.1:4723 for channel [id: 0xd850032e, L:/127.0.0.1:49363 - R:/127.0.0.1:4723]
21:52:34.708 [Forwarding setTimeout on session 83e1c530-819c-49b1-8960-375b16493a3c to remote] DEBUG org.asynchttpclient.netty.request.NettyRequestSender -- Using pooled Channel '[id: 0xd850032e, L:/127.0.0.1:49363 - R:/127.0.0.1:4723]' for 'POST' to 'http://127.0.0.1:4723/session/83e1c530-819c-49b1-8960-375b16493a3c/timeouts'
21:52:34.708 [Forwarding setTimeout on session 83e1c530-819c-49b1-8960-375b16493a3c to remote] DEBUG org.asynchttpclient.netty.request.NettyRequestSender -- Using open Channel [id: 0xd850032e, L:/127.0.0.1:49363 - R:/127.0.0.1:4723] for POST '/session/83e1c530-819c-49b1-8960-375b16493a3c/timeouts'
21:52:34.710 [AsyncHttpClient-1-2] DEBUG org.asynchttpclient.netty.handler.HttpHandler -- 

Request DefaultHttpRequest(decodeResult: success, version: HTTP/1.1)
POST /session/83e1c530-819c-49b1-8960-375b16493a3c/timeouts HTTP/1.1
User-Agent: appium/8.3.0 (selenium/4.8.3 (java mac))
Content-Length: 21
Content-Type: application/json; charset=utf-8
host: 127.0.0.1:4723
accept: */*

Response DefaultHttpResponse(decodeResult: success, version: HTTP/1.1)
HTTP/1.1 200 OK
X-Powered-By: Express
Vary: X-HTTP-Method-Override
Content-Type: application/json; charset=utf-8
Content-Length: 14
ETag: W/"e-9/1BuKMgFObM1mWJm+YjxtXJnUM"
Date: Sun, 06 Apr 2025 13:52:34 GMT
Connection: keep-alive
Keep-Alive: timeout=600

21:52:34.710 [AsyncHttpClient-1-2] DEBUG org.asynchttpclient.netty.channel.ChannelManager -- Adding key: http://127.0.0.1:4723 for channel [id: 0xd850032e, L:/127.0.0.1:49363 - R:/127.0.0.1:4723]
21:52:34.711 [main] INFO  com.cathay.test.config.AppiumConfig - MortgageCalculatorTest 初始化完成
21:52:34.711 [main] INFO com.cathay.test.tests.MortgageCalculatorTest -- 驗證 driver session 與重新導頁...
21:52:34.711 [Forwarding get on session 83e1c530-819c-49b1-8960-375b16493a3c to remote] DEBUG org.asynchttpclient.netty.request.NettyRequestSender -- Using pooled Channel '[id: 0xd850032e, L:/127.0.0.1:49363 - R:/127.0.0.1:4723]' for 'POST' to 'http://127.0.0.1:4723/session/83e1c530-819c-49b1-8960-375b16493a3c/url'
21:52:34.711 [Forwarding get on session 83e1c530-819c-49b1-8960-375b16493a3c to remote] DEBUG org.asynchttpclient.netty.request.NettyRequestSender -- Using open Channel [id: 0xd850032e, L:/127.0.0.1:49363 - R:/127.0.0.1:4723] for POST '/session/83e1c530-819c-49b1-8960-375b16493a3c/url'
21:52:36.215 [AsyncHttpClient-1-2] DEBUG org.asynchttpclient.netty.handler.HttpHandler -- 

Request DefaultHttpRequest(decodeResult: success, version: HTTP/1.1)
POST /session/83e1c530-819c-49b1-8960-375b16493a3c/url HTTP/1.1
User-Agent: appium/8.3.0 (selenium/4.8.3 (java mac))
Content-Length: 133
Content-Type: application/json; charset=utf-8
host: 127.0.0.1:4723
accept: */*

Response DefaultHttpResponse(decodeResult: success, version: HTTP/1.1)
HTTP/1.1 200 OK
X-Powered-By: Express
Vary: X-HTTP-Method-Override
Content-Type: application/json; charset=utf-8
Content-Length: 14
ETag: W/"e-9/1BuKMgFObM1mWJm+YjxtXJnUM"
Date: Sun, 06 Apr 2025 13:52:36 GMT
Connection: keep-alive
Keep-Alive: timeout=600

21:52:36.215 [AsyncHttpClient-1-2] DEBUG org.asynchttpclient.netty.channel.ChannelManager -- Adding key: http://127.0.0.1:4723 for channel [id: 0xd850032e, L:/127.0.0.1:49363 - R:/127.0.0.1:4723]
21:52:36.217 [Forwarding getCurrentUrl on session 83e1c530-819c-49b1-8960-375b16493a3c to remote] DEBUG org.asynchttpclient.netty.request.NettyRequestSender -- Using pooled Channel '[id: 0xd850032e, L:/127.0.0.1:49363 - R:/127.0.0.1:4723]' for 'GET' to 'http://127.0.0.1:4723/session/83e1c530-819c-49b1-8960-375b16493a3c/url'
21:52:36.217 [Forwarding getCurrentUrl on session 83e1c530-819c-49b1-8960-375b16493a3c to remote] DEBUG org.asynchttpclient.netty.request.NettyRequestSender -- Using open Channel [id: 0xd850032e, L:/127.0.0.1:49363 - R:/127.0.0.1:4723] for GET '/session/83e1c530-819c-49b1-8960-375b16493a3c/url'
21:52:36.232 [AsyncHttpClient-1-2] DEBUG org.asynchttpclient.netty.handler.HttpHandler -- 

Request DefaultFullHttpRequest(decodeResult: success, version: HTTP/1.1, content: EmptyByteBufBE)
GET /session/83e1c530-819c-49b1-8960-375b16493a3c/url HTTP/1.1
Cache-Control: no-cache
User-Agent: appium/8.3.0 (selenium/4.8.3 (java mac))
Content-Type: application/json; charset=utf-8
host: 127.0.0.1:4723
accept: */*

Response DefaultHttpResponse(decodeResult: success, version: HTTP/1.1)
HTTP/1.1 200 OK
X-Powered-By: Express
Content-Type: application/json; charset=utf-8
Content-Length: 90
ETag: W/"5a-SVzTdoqQsw2ztnbhgzn9TDJ+oVM"
Date: Sun, 06 Apr 2025 13:52:36 GMT
Connection: keep-alive
Keep-Alive: timeout=600

21:52:36.232 [AsyncHttpClient-1-2] DEBUG org.asynchttpclient.netty.channel.ChannelManager -- Adding key: http://127.0.0.1:4723 for channel [id: 0xd850032e, L:/127.0.0.1:49363 - R:/127.0.0.1:4723]
*********3rd party cookie Current URL: https://www.cathaybk.com.tw/cathaybk/personal/loan/calculator/mortgage-budget/
21:52:36.233 [Forwarding getCookies on session 83e1c530-819c-49b1-8960-375b16493a3c to remote] DEBUG org.asynchttpclient.netty.request.NettyRequestSender -- Using pooled Channel '[id: 0xd850032e, L:/127.0.0.1:49363 - R:/127.0.0.1:4723]' for 'GET' to 'http://127.0.0.1:4723/session/83e1c530-819c-49b1-8960-375b16493a3c/cookie'
21:52:36.233 [Forwarding getCookies on session 83e1c530-819c-49b1-8960-375b16493a3c to remote] DEBUG org.asynchttpclient.netty.request.NettyRequestSender -- Using open Channel [id: 0xd850032e, L:/127.0.0.1:49363 - R:/127.0.0.1:4723] for GET '/session/83e1c530-819c-49b1-8960-375b16493a3c/cookie'
21:52:36.315 [AsyncHttpClient-1-2] DEBUG org.asynchttpclient.netty.handler.HttpHandler -- 

Request DefaultFullHttpRequest(decodeResult: success, version: HTTP/1.1, content: EmptyByteBufBE)
GET /session/83e1c530-819c-49b1-8960-375b16493a3c/cookie HTTP/1.1
Cache-Control: no-cache
User-Agent: appium/8.3.0 (selenium/4.8.3 (java mac))
Content-Type: application/json; charset=utf-8
host: 127.0.0.1:4723
accept: */*

Response DefaultHttpResponse(decodeResult: success, version: HTTP/1.1)
HTTP/1.1 200 OK
X-Powered-By: Express
Content-Type: application/json; charset=utf-8
Content-Length: 10448
ETag: W/"28d0-Ma8mYq4Q692JdRvG1fhFUqAOoDA"
Date: Sun, 06 Apr 2025 13:52:36 GMT
Connection: keep-alive
Keep-Alive: timeout=600

21:52:36.316 [AsyncHttpClient-1-2] DEBUG org.asynchttpclient.netty.channel.ChannelManager -- Adding key: http://127.0.0.1:4723 for channel [id: 0xd850032e, L:/127.0.0.1:49363 - R:/127.0.0.1:4723]
*********Cookie: dv0qai26lg6v2y6kl7yyc36brextdxc0bh9h920s = 4d49oqjbm4g
*********Cookie: dv0qai26lg6v2y6kl7yyc36brextdyydnqqu9s5 = 3wy4tista9r
*********Cookie: _ss_pp_id = 3847502fe8e2b08cf4f1743918752953
*********Cookie: dv0qai26lg6v2y6kl7yyc36brextdqvnmzegs7p = 639mnvtlrhm
*********Cookie: dv0qai26lg6v2y6kl7yyc36brextd7e9tc94wzn = ano2e0miv08
*********Cookie: mbox = session#ab6051ab345c450d91fa52f20c1ffb3d#1743949416|PC#ab6051ab345c450d91fa52f20c1ffb3d.32_0#1807192356
*********Cookie: _td = 5de00079-ac9f-40af-b77e-5ae794ceea8a
*********Cookie: dv0qai26lg6v2y6kl7yyc36brextd9t0mryqim1 = 36qqbxatgfv
*********Cookie: _uetvid = 6387538012ee11f0984333d43670a958
*********Cookie: dv0qai26lg6v2y6kl7yyc36brextd1rjxkmfg0rc = nqn0pd1ah8a
*********Cookie: AMCV_B877A5DB584931AC0A495EAA%40AdobeOrg = 1585540135%7CMCIDTS%7C20185%7CMCMID%7C11235001878690451542565756500183794151%7CMCAAMLH-1744552353%7C11%7CMCAAMB-1744552353%7C6G1ynYcLPuiQxYZrsz_pkqfLG9yMXBpb2zX5dvJdYQJzPXImdj0y%7CMCCIDH%7C1062709688%7CMCOPTOUT-1743954753s%7CNONE%7CMCSYNCSOP%7C411-20192%7CvVersion%7C4.4.0
*********Cookie: at_check = true
*********Cookie: __lt__cid = ca32e1a5-6365-4f97-9135-076d48e0e035
*********Cookie: dv0qai26lg6v2y6kl7yyc36brextdszlt67rbwms = c9zz19y42pb
*********Cookie: dv0qai26lg6v2y6kl7yyc36brextdti58ik6vuj = 4kevbekbhcg
*********Cookie: dv0qai26lg6v2y6kl7yyc36brextd5dttdwbllie = 3v9p87sr5cd
*********Cookie: dv0qai26lg6v2y6kl7yyc36brextdlzkmv7k27hb = 6z3hzujrutn
*********Cookie: dv0qai26lg6v2y6kl7yyc36brextdi2vvrctu74r = m489tmxfzhg
*********Cookie: dv0qai26lg6v2y6kl7yyc36brextdlgf9ll17d9 = 14uxygb14i9
*********Cookie: dv0qai26lg6v2y6kl7yyc36brextda1ulo38wpc = bg1bm96ei86
*********Cookie: dv0qai26lg6v2y6kl7yyc36brextdhfmuv6ggwbo = gh1xkk6s4et
*********Cookie: usy46gabsosd = cubcsa_17439475520150.c7891b2b71ba80c8cad6880c0cdf2699_8251
*********Cookie: dv0qai26lg6v2y6kl7yyc36brextdroyyxy95rrr = ht7w0bb92fe
*********Cookie: _gcl_au = 1.1.728039335.1743947552
*********Cookie: citrix_ns_id = AAI7HofyZzsw1UAHAAAAADvLSubBRkGc__LEOzYmAxotoOI1D2omZLBulIjjCXMMOw==p4ryZw==oOjMoMpWTkmY0SLAs5RPFliOH0w=
*********Cookie: ASP.NET_SessionId = j3jxaxvvessdzteg4olcmx4m
*********Cookie: dv0qai26lg6v2y6kl7yyc36brextdzx7mzv3glj = dovevzwz2fw
*********Cookie: dv0qai26lg6v2y6kl7yyc36brextdykloyesvivb = xkk5g1j16fi
*********Cookie: dv0qai26lg6v2y6kl7yyc36brextdeydun8aw4ws = 0js2safig7vd
*********Cookie: _mg_ckp = eyJja1RrZERGIjoiIn0=
*********Cookie: shell#lang = en
*********Cookie: dv0qai26lg6v2y6kl7yyc36brextdi0syhkj4aun = pzk33d8p5hi
*********Cookie: dv0qai26lg6v2y6kl7yyc36brextd2iimp99t6gf = gy8hhl40d5
*********Cookie: dv0qai26lg6v2y6kl7yyc36brextd3u0sbz7128k = o6nilg6jmwf
*********Cookie: dv0qai26lg6v2y6kl7yyc36brextdywksw0f0ap9 = ytv6tl2fyd
*********Cookie: dv0qai26lg6v2y6kl7yyc36brextdp8zff9nq8ye = vkppq8emhvr
*********Cookie: _uetsid = 6386d06012ee11f0b8cf2b1315692082
*********Cookie: dv0qai26lg6v2y6kl7yyc36brextdvzfygytxafb = uudupio17yr
*********Cookie: _ga_T2T689XRGT = GS1.1.1743947552.1.1.1743947556.56.0.0
*********Cookie: _fbp = fb.2.1743947552915.817741028277789369
*********Cookie: dv0qai26lg6v2y6kl7yyc36brextdb1keml722l = qx47thyd36
*********Cookie: dv0qai26lg6v2y6kl7yyc36brextdetaa2lkmx8l = 2722mn3tbm7
*********Cookie: dv0qai26lg6v2y6kl7yyc36brextdtsyz2jcjoek = cfbboe8g1p4
*********Cookie: dv0qai26lg6v2y6kl7yyc36brextdgtmcxsmlr75 = o4obypkuphj
*********Cookie: __lt__sid = d87f3db9-c715c5c5
*********Cookie: cathaybk_new = 4bb3a3d8d4f078cfaa7badb04abb60df7ed08c3d037be7593e9c32d57ce56d7fc2c8d446
*********Cookie: __mguid_ = 4cba8d70dc0f49c4b8b1e82213584b8e
*********Cookie: FingerprintCookie = a83734ca5c2401a34f4ad325dff7c9ff
*********Cookie: dv0qai26lg6v2y6kl7yyc36brextdwrz7uknevp = uyf33o39saa
*********Cookie: dv0qai26lg6v2y6kl7yyc36brextd20toaw1yxnj = nfvwgyaa3c9
*********Cookie: dv0qai26lg6v2y6kl7yyc36brextd6jlm4o8f1tu = hstplx563a
*********Cookie: dv0qai26lg6v2y6kl7yyc36brextd0j3kexueu45i = 7fyrzoinok3
*********Cookie: dv0qai26lg6v2y6kl7yyc36brextd2qhfgzrbjx4 = nfw96on0bs9
*********Cookie: _ga = GA1.1.1619922595.1743947553
*********Cookie: dv0qai26lg6v2y6kl7yyc36brextd2gt63y46rca = cos9y6lggel
*********Cookie: AMCVS_B877A5DB584931AC0A495EAA%40AdobeOrg = 1
*********Cookie: dv0qai26lg6v2y6kl7yyc36brextd0mismy9tn56 = il0mferdpyc
21:52:36.324 [Forwarding getCurrentUrl on session 83e1c530-819c-49b1-8960-375b16493a3c to remote] DEBUG org.asynchttpclient.netty.request.NettyRequestSender -- Using pooled Channel '[id: 0xd850032e, L:/127.0.0.1:49363 - R:/127.0.0.1:4723]' for 'GET' to 'http://127.0.0.1:4723/session/83e1c530-819c-49b1-8960-375b16493a3c/url'
21:52:36.324 [Forwarding getCurrentUrl on session 83e1c530-819c-49b1-8960-375b16493a3c to remote] DEBUG org.asynchttpclient.netty.request.NettyRequestSender -- Using open Channel [id: 0xd850032e, L:/127.0.0.1:49363 - R:/127.0.0.1:4723] for GET '/session/83e1c530-819c-49b1-8960-375b16493a3c/url'
21:52:36.351 [AsyncHttpClient-1-2] DEBUG org.asynchttpclient.netty.handler.HttpHandler -- 

Request DefaultFullHttpRequest(decodeResult: success, version: HTTP/1.1, content: EmptyByteBufBE)
GET /session/83e1c530-819c-49b1-8960-375b16493a3c/url HTTP/1.1
Cache-Control: no-cache
User-Agent: appium/8.3.0 (selenium/4.8.3 (java mac))
Content-Type: application/json; charset=utf-8
host: 127.0.0.1:4723
accept: */*

Response DefaultHttpResponse(decodeResult: success, version: HTTP/1.1)
HTTP/1.1 200 OK
X-Powered-By: Express
Content-Type: application/json; charset=utf-8
Content-Length: 90
ETag: W/"5a-SVzTdoqQsw2ztnbhgzn9TDJ+oVM"
Date: Sun, 06 Apr 2025 13:52:36 GMT
Connection: keep-alive
Keep-Alive: timeout=600

21:52:36.352 [AsyncHttpClient-1-2] DEBUG org.asynchttpclient.netty.channel.ChannelManager -- Adding key: http://127.0.0.1:4723 for channel [id: 0xd850032e, L:/127.0.0.1:49363 - R:/127.0.0.1:4723]
21:52:36.353 [Forwarding setTimeout on session 83e1c530-819c-49b1-8960-375b16493a3c to remote] DEBUG org.asynchttpclient.netty.request.NettyRequestSender -- Using pooled Channel '[id: 0xd850032e, L:/127.0.0.1:49363 - R:/127.0.0.1:4723]' for 'POST' to 'http://127.0.0.1:4723/session/83e1c530-819c-49b1-8960-375b16493a3c/timeouts'
21:52:36.353 [Forwarding setTimeout on session 83e1c530-819c-49b1-8960-375b16493a3c to remote] DEBUG org.asynchttpclient.netty.request.NettyRequestSender -- Using open Channel [id: 0xd850032e, L:/127.0.0.1:49363 - R:/127.0.0.1:4723] for POST '/session/83e1c530-819c-49b1-8960-375b16493a3c/timeouts'
21:52:36.356 [AsyncHttpClient-1-2] DEBUG org.asynchttpclient.netty.handler.HttpHandler -- 

Request DefaultHttpRequest(decodeResult: success, version: HTTP/1.1)
POST /session/83e1c530-819c-49b1-8960-375b16493a3c/timeouts HTTP/1.1
User-Agent: appium/8.3.0 (selenium/4.8.3 (java mac))
Content-Length: 23
Content-Type: application/json; charset=utf-8
host: 127.0.0.1:4723
accept: */*

Response DefaultHttpResponse(decodeResult: success, version: HTTP/1.1)
HTTP/1.1 200 OK
X-Powered-By: Express
Vary: X-HTTP-Method-Override
Content-Type: application/json; charset=utf-8
Content-Length: 14
ETag: W/"e-9/1BuKMgFObM1mWJm+YjxtXJnUM"
Date: Sun, 06 Apr 2025 13:52:36 GMT
Connection: keep-alive
Keep-Alive: timeout=600

21:52:36.356 [AsyncHttpClient-1-2] DEBUG org.asynchttpclient.netty.channel.ChannelManager -- Adding key: http://127.0.0.1:4723 for channel [id: 0xd850032e, L:/127.0.0.1:49363 - R:/127.0.0.1:4723]
21:52:36.357 [Forwarding setTimeout on session 83e1c530-819c-49b1-8960-375b16493a3c to remote] DEBUG org.asynchttpclient.netty.request.NettyRequestSender -- Using pooled Channel '[id: 0xd850032e, L:/127.0.0.1:49363 - R:/127.0.0.1:4723]' for 'POST' to 'http://127.0.0.1:4723/session/83e1c530-819c-49b1-8960-375b16493a3c/timeouts'
21:52:36.357 [Forwarding setTimeout on session 83e1c530-819c-49b1-8960-375b16493a3c to remote] DEBUG org.asynchttpclient.netty.request.NettyRequestSender -- Using open Channel [id: 0xd850032e, L:/127.0.0.1:49363 - R:/127.0.0.1:4723] for POST '/session/83e1c530-819c-49b1-8960-375b16493a3c/timeouts'
21:52:36.359 [AsyncHttpClient-1-2] DEBUG org.asynchttpclient.netty.handler.HttpHandler -- 

Request DefaultHttpRequest(decodeResult: success, version: HTTP/1.1)
POST /session/83e1c530-819c-49b1-8960-375b16493a3c/timeouts HTTP/1.1
User-Agent: appium/8.3.0 (selenium/4.8.3 (java mac))
Content-Length: 23
Content-Type: application/json; charset=utf-8
host: 127.0.0.1:4723
accept: */*

Response DefaultHttpResponse(decodeResult: success, version: HTTP/1.1)
HTTP/1.1 200 OK
X-Powered-By: Express
Vary: X-HTTP-Method-Override
Content-Type: application/json; charset=utf-8
Content-Length: 14
ETag: W/"e-9/1BuKMgFObM1mWJm+YjxtXJnUM"
Date: Sun, 06 Apr 2025 13:52:36 GMT
Connection: keep-alive
Keep-Alive: timeout=600

21:52:36.359 [AsyncHttpClient-1-2] DEBUG org.asynchttpclient.netty.channel.ChannelManager -- Adding key: http://127.0.0.1:4723 for channel [id: 0xd850032e, L:/127.0.0.1:49363 - R:/127.0.0.1:4723]
21:52:36.360 [Forwarding setTimeout on session 83e1c530-819c-49b1-8960-375b16493a3c to remote] DEBUG org.asynchttpclient.netty.request.NettyRequestSender -- Using pooled Channel '[id: 0xd850032e, L:/127.0.0.1:49363 - R:/127.0.0.1:4723]' for 'POST' to 'http://127.0.0.1:4723/session/83e1c530-819c-49b1-8960-375b16493a3c/timeouts'
21:52:36.360 [Forwarding setTimeout on session 83e1c530-819c-49b1-8960-375b16493a3c to remote] DEBUG org.asynchttpclient.netty.request.NettyRequestSender -- Using open Channel [id: 0xd850032e, L:/127.0.0.1:49363 - R:/127.0.0.1:4723] for POST '/session/83e1c530-819c-49b1-8960-375b16493a3c/timeouts'
21:52:36.363 [AsyncHttpClient-1-2] DEBUG org.asynchttpclient.netty.handler.HttpHandler -- 

Request DefaultHttpRequest(decodeResult: success, version: HTTP/1.1)
POST /session/83e1c530-819c-49b1-8960-375b16493a3c/timeouts HTTP/1.1
User-Agent: appium/8.3.0 (selenium/4.8.3 (java mac))
Content-Length: 21
Content-Type: application/json; charset=utf-8
host: 127.0.0.1:4723
accept: */*

Response DefaultHttpResponse(decodeResult: success, version: HTTP/1.1)
HTTP/1.1 200 OK
X-Powered-By: Express
Vary: X-HTTP-Method-Override
Content-Type: application/json; charset=utf-8
Content-Length: 14
ETag: W/"e-9/1BuKMgFObM1mWJm+YjxtXJnUM"
Date: Sun, 06 Apr 2025 13:52:36 GMT
Connection: keep-alive
Keep-Alive: timeout=600

21:52:36.363 [AsyncHttpClient-1-2] DEBUG org.asynchttpclient.netty.channel.ChannelManager -- Adding key: http://127.0.0.1:4723 for channel [id: 0xd850032e, L:/127.0.0.1:49363 - R:/127.0.0.1:4723]
21:52:36.363 [main] INFO com.cathay.test.tests.MortgageCalculatorTest -- MortgageCalculatorTest 驗證完成
房貸試算功能測試 - 貸款利率未輸入
21:52:36.366 [main] INFO com.cathay.test.tests.MortgageCalculatorTest -- 開始執行：testErrorHandlingInterestRate
21:52:36.367 [Forwarding get on session 83e1c530-819c-49b1-8960-375b16493a3c to remote] DEBUG org.asynchttpclient.netty.request.NettyRequestSender -- Using pooled Channel '[id: 0xd850032e, L:/127.0.0.1:49363 - R:/127.0.0.1:4723]' for 'POST' to 'http://127.0.0.1:4723/session/83e1c530-819c-49b1-8960-375b16493a3c/url'
21:52:36.367 [Forwarding get on session 83e1c530-819c-49b1-8960-375b16493a3c to remote] DEBUG org.asynchttpclient.netty.request.NettyRequestSender -- Using open Channel [id: 0xd850032e, L:/127.0.0.1:49363 - R:/127.0.0.1:4723] for POST '/session/83e1c530-819c-49b1-8960-375b16493a3c/url'
21:52:38.010 [AsyncHttpClient-1-2] DEBUG org.asynchttpclient.netty.handler.HttpHandler -- 

Request DefaultHttpRequest(decodeResult: success, version: HTTP/1.1)
POST /session/83e1c530-819c-49b1-8960-375b16493a3c/url HTTP/1.1
User-Agent: appium/8.3.0 (selenium/4.8.3 (java mac))
Content-Length: 133
Content-Type: application/json; charset=utf-8
host: 127.0.0.1:4723
accept: */*

Response DefaultHttpResponse(decodeResult: success, version: HTTP/1.1)
HTTP/1.1 200 OK
X-Powered-By: Express
Vary: X-HTTP-Method-Override
Content-Type: application/json; charset=utf-8
Content-Length: 14
ETag: W/"e-9/1BuKMgFObM1mWJm+YjxtXJnUM"
Date: Sun, 06 Apr 2025 13:52:38 GMT
Connection: keep-alive
Keep-Alive: timeout=600

21:52:38.010 [AsyncHttpClient-1-2] DEBUG org.asynchttpclient.netty.channel.ChannelManager -- Adding key: http://127.0.0.1:4723 for channel [id: 0xd850032e, L:/127.0.0.1:49363 - R:/127.0.0.1:4723]
21:52:38.011 [Forwarding getCurrentUrl on session 83e1c530-819c-49b1-8960-375b16493a3c to remote] DEBUG org.asynchttpclient.netty.request.NettyRequestSender -- Using pooled Channel '[id: 0xd850032e, L:/127.0.0.1:49363 - R:/127.0.0.1:4723]' for 'GET' to 'http://127.0.0.1:4723/session/83e1c530-819c-49b1-8960-375b16493a3c/url'
21:52:38.011 [Forwarding getCurrentUrl on session 83e1c530-819c-49b1-8960-375b16493a3c to remote] DEBUG org.asynchttpclient.netty.request.NettyRequestSender -- Using open Channel [id: 0xd850032e, L:/127.0.0.1:49363 - R:/127.0.0.1:4723] for GET '/session/83e1c530-819c-49b1-8960-375b16493a3c/url'
21:52:38.041 [AsyncHttpClient-1-2] DEBUG org.asynchttpclient.netty.handler.HttpHandler -- 

Request DefaultFullHttpRequest(decodeResult: success, version: HTTP/1.1, content: EmptyByteBufBE)
GET /session/83e1c530-819c-49b1-8960-375b16493a3c/url HTTP/1.1
Cache-Control: no-cache
User-Agent: appium/8.3.0 (selenium/4.8.3 (java mac))
Content-Type: application/json; charset=utf-8
host: 127.0.0.1:4723
accept: */*

Response DefaultHttpResponse(decodeResult: success, version: HTTP/1.1)
HTTP/1.1 200 OK
X-Powered-By: Express
Content-Type: application/json; charset=utf-8
Content-Length: 90
ETag: W/"5a-SVzTdoqQsw2ztnbhgzn9TDJ+oVM"
Date: Sun, 06 Apr 2025 13:52:38 GMT
Connection: keep-alive
Keep-Alive: timeout=600

21:52:38.041 [AsyncHttpClient-1-2] DEBUG org.asynchttpclient.netty.channel.ChannelManager -- Adding key: http://127.0.0.1:4723 for channel [id: 0xd850032e, L:/127.0.0.1:49363 - R:/127.0.0.1:4723]
*********3rd party cookie Current URL: https://www.cathaybk.com.tw/cathaybk/personal/loan/calculator/mortgage-budget/
21:52:38.043 [Forwarding getCookies on session 83e1c530-819c-49b1-8960-375b16493a3c to remote] DEBUG org.asynchttpclient.netty.request.NettyRequestSender -- Using pooled Channel '[id: 0xd850032e, L:/127.0.0.1:49363 - R:/127.0.0.1:4723]' for 'GET' to 'http://127.0.0.1:4723/session/83e1c530-819c-49b1-8960-375b16493a3c/cookie'
21:52:38.043 [Forwarding getCookies on session 83e1c530-819c-49b1-8960-375b16493a3c to remote] DEBUG org.asynchttpclient.netty.request.NettyRequestSender -- Using open Channel [id: 0xd850032e, L:/127.0.0.1:49363 - R:/127.0.0.1:4723] for GET '/session/83e1c530-819c-49b1-8960-375b16493a3c/cookie'
21:52:38.065 [AsyncHttpClient-1-2] DEBUG org.asynchttpclient.netty.handler.HttpHandler -- 

Request DefaultFullHttpRequest(decodeResult: success, version: HTTP/1.1, content: EmptyByteBufBE)
GET /session/83e1c530-819c-49b1-8960-375b16493a3c/cookie HTTP/1.1
Cache-Control: no-cache
User-Agent: appium/8.3.0 (selenium/4.8.3 (java mac))
Content-Type: application/json; charset=utf-8
host: 127.0.0.1:4723
accept: */*

Response DefaultHttpResponse(decodeResult: success, version: HTTP/1.1)
HTTP/1.1 200 OK
X-Powered-By: Express
Content-Type: application/json; charset=utf-8
Content-Length: 5182
ETag: W/"143e-2DTqT/QtGVdwp+MtALeu6tqrOQw"
Date: Sun, 06 Apr 2025 13:52:38 GMT
Connection: keep-alive
Keep-Alive: timeout=600

21:52:38.065 [AsyncHttpClient-1-2] DEBUG org.asynchttpclient.netty.channel.ChannelManager -- Adding key: http://127.0.0.1:4723 for channel [id: 0xd850032e, L:/127.0.0.1:49363 - R:/127.0.0.1:4723]
*********Cookie: dv0qai26lg6v2y6kl7yyc36brextdx5pcd4d8h8j = wu6i5yha27e
*********Cookie: citrix_ns_id = AAI7HofyZzsw1UAHAAAAADvLSubBRkGc__LEOzYmAxotoOI1D2omZLBulIjjCXMMOw==qIryZw==75OZdX4iyRoULBAadUdN8op7ACM=
*********Cookie: ASP.NET_SessionId = j3jxaxvvessdzteg4olcmx4m
*********Cookie: dv0qai26lg6v2y6kl7yyc36brextdatn80k3p54k = up679zbgucg
*********Cookie: _ss_pp_id = 3847502fe8e2b08cf4f1743918752953
*********Cookie: _mg_ckp = eyJja1RrZERGIjoiIn0=
*********Cookie: shell#lang = en
*********Cookie: mbox = session#ab6051ab345c450d91fa52f20c1ffb3d#1743949418|PC#ab6051ab345c450d91fa52f20c1ffb3d.32_0#1807192358
*********Cookie: _td = 5de00079-ac9f-40af-b77e-5ae794ceea8a
*********Cookie: _uetvid = 6387538012ee11f0984333d43670a958
*********Cookie: dv0qai26lg6v2y6kl7yyc36brextdint6s8o5tcs = ir7l6w5q1y9
*********Cookie: _uetsid = 6386d06012ee11f0b8cf2b1315692082
*********Cookie: _ga_T2T689XRGT = GS1.1.1743947552.1.1.1743947558.54.0.0
*********Cookie: AMCV_B877A5DB584931AC0A495EAA%40AdobeOrg = 1585540135%7CMCIDTS%7C20185%7CMCMID%7C11235001878690451542565756500183794151%7CMCAAMLH-1744552353%7C11%7CMCAAMB-1744552353%7C6G1ynYcLPuiQxYZrsz_pkqfLG9yMXBpb2zX5dvJdYQJzPXImdj0y%7CMCCIDH%7C1062709688%7CMCOPTOUT-1743954753s%7CNONE%7CMCSYNCSOP%7C411-20192%7CvVersion%7C4.4.0
*********Cookie: at_check = true
*********Cookie: _fbp = fb.2.1743947552915.817741028277789369
*********Cookie: __lt__cid = ca32e1a5-6365-4f97-9135-076d48e0e035
*********Cookie: dv0qai26lg6v2y6kl7yyc36brextdhyhqam6bv6u = 7gcuzqti8xb
*********Cookie: dv0qai26lg6v2y6kl7yyc36brextd6m78rvdesr8 = p84ym4531n9
*********Cookie: __lt__sid = d87f3db9-c715c5c5
*********Cookie: cathaybk_new = 4bb3a3d8d4f078cfaa7badb04abb60df7ed08c3d037be7593e9c32d57ce56d7fc2c8d446
*********Cookie: __mguid_ = 4cba8d70dc0f49c4b8b1e82213584b8e
*********Cookie: FingerprintCookie = a83734ca5c2401a34f4ad325dff7c9ff
*********Cookie: usy46gabsosd = cubcsa_17439475520150.c7891b2b71ba80c8cad6880c0cdf2699_8251
*********Cookie: _ga = GA1.1.1619922595.1743947553
*********Cookie: _gcl_au = 1.1.728039335.1743947552
*********Cookie: dv0qai26lg6v2y6kl7yyc36brextdks9ar61itjl = avfzl715kja
*********Cookie: AMCVS_B877A5DB584931AC0A495EAA%40AdobeOrg = 1
21:52:38.067 [Forwarding getCurrentUrl on session 83e1c530-819c-49b1-8960-375b16493a3c to remote] DEBUG org.asynchttpclient.netty.request.NettyRequestSender -- Using pooled Channel '[id: 0xd850032e, L:/127.0.0.1:49363 - R:/127.0.0.1:4723]' for 'GET' to 'http://127.0.0.1:4723/session/83e1c530-819c-49b1-8960-375b16493a3c/url'
21:52:38.068 [Forwarding getCurrentUrl on session 83e1c530-819c-49b1-8960-375b16493a3c to remote] DEBUG org.asynchttpclient.netty.request.NettyRequestSender -- Using open Channel [id: 0xd850032e, L:/127.0.0.1:49363 - R:/127.0.0.1:4723] for GET '/session/83e1c530-819c-49b1-8960-375b16493a3c/url'
21:52:38.087 [AsyncHttpClient-1-2] DEBUG org.asynchttpclient.netty.handler.HttpHandler -- 

Request DefaultFullHttpRequest(decodeResult: success, version: HTTP/1.1, content: EmptyByteBufBE)
GET /session/83e1c530-819c-49b1-8960-375b16493a3c/url HTTP/1.1
Cache-Control: no-cache
User-Agent: appium/8.3.0 (selenium/4.8.3 (java mac))
Content-Type: application/json; charset=utf-8
host: 127.0.0.1:4723
accept: */*

Response DefaultHttpResponse(decodeResult: success, version: HTTP/1.1)
HTTP/1.1 200 OK
X-Powered-By: Express
Content-Type: application/json; charset=utf-8
Content-Length: 90
ETag: W/"5a-SVzTdoqQsw2ztnbhgzn9TDJ+oVM"
Date: Sun, 06 Apr 2025 13:52:38 GMT
Connection: keep-alive
Keep-Alive: timeout=600

21:52:38.088 [AsyncHttpClient-1-2] DEBUG org.asynchttpclient.netty.channel.ChannelManager -- Adding key: http://127.0.0.1:4723 for channel [id: 0xd850032e, L:/127.0.0.1:49363 - R:/127.0.0.1:4723]
21:52:38.088 [main] INFO com.cathay.test.tests.MortgageCalculatorTest -- 已開啟房貸試算頁面: https://www.cathaybk.com.tw/cathaybk/personal/loan/calculator/mortgage-budget/
21:52:38.128 [main] INFO com.cathay.test.config.ElementConfig -- 成功載入元素配置文件
21:52:38.129 [Forwarding findElement on session 83e1c530-819c-49b1-8960-375b16493a3c to remote] DEBUG org.asynchttpclient.netty.request.NettyRequestSender -- Using pooled Channel '[id: 0xd850032e, L:/127.0.0.1:49363 - R:/127.0.0.1:4723]' for 'POST' to 'http://127.0.0.1:4723/session/83e1c530-819c-49b1-8960-375b16493a3c/element'
21:52:38.129 [Forwarding findElement on session 83e1c530-819c-49b1-8960-375b16493a3c to remote] DEBUG org.asynchttpclient.netty.request.NettyRequestSender -- Using open Channel [id: 0xd850032e, L:/127.0.0.1:49363 - R:/127.0.0.1:4723] for POST '/session/83e1c530-819c-49b1-8960-375b16493a3c/element'
21:52:38.155 [AsyncHttpClient-1-2] DEBUG org.asynchttpclient.netty.handler.HttpHandler -- 

Request DefaultHttpRequest(decodeResult: success, version: HTTP/1.1)
POST /session/83e1c530-819c-49b1-8960-375b16493a3c/element HTTP/1.1
User-Agent: appium/8.3.0 (selenium/4.8.3 (java mac))
Content-Length: 64
Content-Type: application/json; charset=utf-8
host: 127.0.0.1:4723
accept: */*

Response DefaultHttpResponse(decodeResult: success, version: HTTP/1.1)
HTTP/1.1 200 OK
X-Powered-By: Express
Vary: X-HTTP-Method-Override
Content-Type: application/json; charset=utf-8
Content-Length: 215
ETag: W/"d7-8atMOyT9qnXq88u2ILg+KgDRrNo"
Date: Sun, 06 Apr 2025 13:52:38 GMT
Connection: keep-alive
Keep-Alive: timeout=600

21:52:38.155 [AsyncHttpClient-1-2] DEBUG org.asynchttpclient.netty.channel.ChannelManager -- Adding key: http://127.0.0.1:4723 for channel [id: 0xd850032e, L:/127.0.0.1:49363 - R:/127.0.0.1:4723]
21:52:38.157 [Forwarding executeScript on session 83e1c530-819c-49b1-8960-375b16493a3c to remote] DEBUG org.asynchttpclient.netty.request.NettyRequestSender -- Using pooled Channel '[id: 0xd850032e, L:/127.0.0.1:49363 - R:/127.0.0.1:4723]' for 'POST' to 'http://127.0.0.1:4723/session/83e1c530-819c-49b1-8960-375b16493a3c/execute/sync'
21:52:38.157 [Forwarding executeScript on session 83e1c530-819c-49b1-8960-375b16493a3c to remote] DEBUG org.asynchttpclient.netty.request.NettyRequestSender -- Using open Channel [id: 0xd850032e, L:/127.0.0.1:49363 - R:/127.0.0.1:4723] for POST '/session/83e1c530-819c-49b1-8960-375b16493a3c/execute/sync'
21:52:38.187 [AsyncHttpClient-1-2] DEBUG org.asynchttpclient.netty.handler.HttpHandler -- 

Request DefaultHttpRequest(decodeResult: success, version: HTTP/1.1)
POST /session/83e1c530-819c-49b1-8960-375b16493a3c/execute/sync HTTP/1.1
User-Agent: appium/8.3.0 (selenium/4.8.3 (java mac))
Content-Length: 347
Content-Type: application/json; charset=utf-8
host: 127.0.0.1:4723
accept: */*

Response DefaultHttpResponse(decodeResult: success, version: HTTP/1.1)
HTTP/1.1 200 OK
X-Powered-By: Express
Vary: X-HTTP-Method-Override
Content-Type: application/json; charset=utf-8
Content-Length: 14
ETag: W/"e-9/1BuKMgFObM1mWJm+YjxtXJnUM"
Date: Sun, 06 Apr 2025 13:52:38 GMT
Connection: keep-alive
Keep-Alive: timeout=600

21:52:38.187 [AsyncHttpClient-1-2] DEBUG org.asynchttpclient.netty.channel.ChannelManager -- Adding key: http://127.0.0.1:4723 for channel [id: 0xd850032e, L:/127.0.0.1:49363 - R:/127.0.0.1:4723]
21:52:38.188 [Forwarding findElement on session 83e1c530-819c-49b1-8960-375b16493a3c to remote] DEBUG org.asynchttpclient.netty.request.NettyRequestSender -- Using pooled Channel '[id: 0xd850032e, L:/127.0.0.1:49363 - R:/127.0.0.1:4723]' for 'POST' to 'http://127.0.0.1:4723/session/83e1c530-819c-49b1-8960-375b16493a3c/element'
21:52:38.189 [Forwarding findElement on session 83e1c530-819c-49b1-8960-375b16493a3c to remote] DEBUG org.asynchttpclient.netty.request.NettyRequestSender -- Using open Channel [id: 0xd850032e, L:/127.0.0.1:49363 - R:/127.0.0.1:4723] for POST '/session/83e1c530-819c-49b1-8960-375b16493a3c/element'
21:52:38.211 [AsyncHttpClient-1-2] DEBUG org.asynchttpclient.netty.handler.HttpHandler -- 

Request DefaultHttpRequest(decodeResult: success, version: HTTP/1.1)
POST /session/83e1c530-819c-49b1-8960-375b16493a3c/element HTTP/1.1
User-Agent: appium/8.3.0 (selenium/4.8.3 (java mac))
Content-Length: 64
Content-Type: application/json; charset=utf-8
host: 127.0.0.1:4723
accept: */*

Response DefaultHttpResponse(decodeResult: success, version: HTTP/1.1)
HTTP/1.1 200 OK
X-Powered-By: Express
Vary: X-HTTP-Method-Override
Content-Type: application/json; charset=utf-8
Content-Length: 215
ETag: W/"d7-TLozBIYly03oTg0ClfDYN9OnlxA"
Date: Sun, 06 Apr 2025 13:52:38 GMT
Connection: keep-alive
Keep-Alive: timeout=600

21:52:38.211 [AsyncHttpClient-1-2] DEBUG org.asynchttpclient.netty.channel.ChannelManager -- Adding key: http://127.0.0.1:4723 for channel [id: 0xd850032e, L:/127.0.0.1:49363 - R:/127.0.0.1:4723]
21:52:38.212 [Forwarding executeScript on session 83e1c530-819c-49b1-8960-375b16493a3c to remote] DEBUG org.asynchttpclient.netty.request.NettyRequestSender -- Using pooled Channel '[id: 0xd850032e, L:/127.0.0.1:49363 - R:/127.0.0.1:4723]' for 'POST' to 'http://127.0.0.1:4723/session/83e1c530-819c-49b1-8960-375b16493a3c/execute/sync'
21:52:38.212 [Forwarding executeScript on session 83e1c530-819c-49b1-8960-375b16493a3c to remote] DEBUG org.asynchttpclient.netty.request.NettyRequestSender -- Using open Channel [id: 0xd850032e, L:/127.0.0.1:49363 - R:/127.0.0.1:4723] for POST '/session/83e1c530-819c-49b1-8960-375b16493a3c/execute/sync'
21:52:38.271 [AsyncHttpClient-1-2] DEBUG org.asynchttpclient.netty.handler.HttpHandler -- 

Request DefaultHttpRequest(decodeResult: success, version: HTTP/1.1)
POST /session/83e1c530-819c-49b1-8960-375b16493a3c/execute/sync HTTP/1.1
User-Agent: appium/8.3.0 (selenium/4.8.3 (java mac))
Content-Length: 347
Content-Type: application/json; charset=utf-8
host: 127.0.0.1:4723
accept: */*

Response DefaultHttpResponse(decodeResult: success, version: HTTP/1.1)
HTTP/1.1 200 OK
X-Powered-By: Express
Vary: X-HTTP-Method-Override
Content-Type: application/json; charset=utf-8
Content-Length: 14
ETag: W/"e-9/1BuKMgFObM1mWJm+YjxtXJnUM"
Date: Sun, 06 Apr 2025 13:52:38 GMT
Connection: keep-alive
Keep-Alive: timeout=600

21:52:38.271 [AsyncHttpClient-1-2] DEBUG org.asynchttpclient.netty.channel.ChannelManager -- Adding key: http://127.0.0.1:4723 for channel [id: 0xd850032e, L:/127.0.0.1:49363 - R:/127.0.0.1:4723]
21:52:38.272 [Forwarding findElement on session 83e1c530-819c-49b1-8960-375b16493a3c to remote] DEBUG org.asynchttpclient.netty.request.NettyRequestSender -- Using pooled Channel '[id: 0xd850032e, L:/127.0.0.1:49363 - R:/127.0.0.1:4723]' for 'POST' to 'http://127.0.0.1:4723/session/83e1c530-819c-49b1-8960-375b16493a3c/element'
21:52:38.272 [Forwarding findElement on session 83e1c530-819c-49b1-8960-375b16493a3c to remote] DEBUG org.asynchttpclient.netty.request.NettyRequestSender -- Using open Channel [id: 0xd850032e, L:/127.0.0.1:49363 - R:/127.0.0.1:4723] for POST '/session/83e1c530-819c-49b1-8960-375b16493a3c/element'
21:52:38.294 [AsyncHttpClient-1-2] DEBUG org.asynchttpclient.netty.handler.HttpHandler -- 

Request DefaultHttpRequest(decodeResult: success, version: HTTP/1.1)
POST /session/83e1c530-819c-49b1-8960-375b16493a3c/element HTTP/1.1
User-Agent: appium/8.3.0 (selenium/4.8.3 (java mac))
Content-Length: 65
Content-Type: application/json; charset=utf-8
host: 127.0.0.1:4723
accept: */*

Response DefaultHttpResponse(decodeResult: success, version: HTTP/1.1)
HTTP/1.1 200 OK
X-Powered-By: Express
Vary: X-HTTP-Method-Override
Content-Type: application/json; charset=utf-8
Content-Length: 215
ETag: W/"d7-SZgYPDlSfCPaamaRTte1yuP20JU"
Date: Sun, 06 Apr 2025 13:52:38 GMT
Connection: keep-alive
Keep-Alive: timeout=600

21:52:38.294 [AsyncHttpClient-1-2] DEBUG org.asynchttpclient.netty.channel.ChannelManager -- Adding key: http://127.0.0.1:4723 for channel [id: 0xd850032e, L:/127.0.0.1:49363 - R:/127.0.0.1:4723]
21:52:38.296 [Forwarding clearElement on session 83e1c530-819c-49b1-8960-375b16493a3c to remote] DEBUG org.asynchttpclient.netty.request.NettyRequestSender -- Using pooled Channel '[id: 0xd850032e, L:/127.0.0.1:49363 - R:/127.0.0.1:4723]' for 'POST' to 'http://127.0.0.1:4723/session/83e1c530-819c-49b1-8960-375b16493a3c/element/f.3DED07177C90095033E1816C8C1E18F6.d.98D9546DDA19E693D16A95481F6BCB83.e.381/clear'
21:52:38.296 [Forwarding clearElement on session 83e1c530-819c-49b1-8960-375b16493a3c to remote] DEBUG org.asynchttpclient.netty.request.NettyRequestSender -- Using open Channel [id: 0xd850032e, L:/127.0.0.1:49363 - R:/127.0.0.1:4723] for POST '/session/83e1c530-819c-49b1-8960-375b16493a3c/element/f.3DED07177C90095033E1816C8C1E18F6.d.98D9546DDA19E693D16A95481F6BCB83.e.381/clear'
21:52:38.438 [AsyncHttpClient-1-2] DEBUG org.asynchttpclient.netty.handler.HttpHandler -- 

Request DefaultHttpRequest(decodeResult: success, version: HTTP/1.1)
POST /session/83e1c530-819c-49b1-8960-375b16493a3c/element/f.3DED07177C90095033E1816C8C1E18F6.d.98D9546DDA19E693D16A95481F6BCB83.e.381/clear HTTP/1.1
User-Agent: appium/8.3.0 (selenium/4.8.3 (java mac))
Content-Length: 89
Content-Type: application/json; charset=utf-8
host: 127.0.0.1:4723
accept: */*

Response DefaultHttpResponse(decodeResult: success, version: HTTP/1.1)
HTTP/1.1 200 OK
X-Powered-By: Express
Vary: X-HTTP-Method-Override
Content-Type: application/json; charset=utf-8
Content-Length: 14
ETag: W/"e-9/1BuKMgFObM1mWJm+YjxtXJnUM"
Date: Sun, 06 Apr 2025 13:52:38 GMT
Connection: keep-alive
Keep-Alive: timeout=600

21:52:38.439 [AsyncHttpClient-1-2] DEBUG org.asynchttpclient.netty.channel.ChannelManager -- Adding key: http://127.0.0.1:4723 for channel [id: 0xd850032e, L:/127.0.0.1:49363 - R:/127.0.0.1:4723]
21:52:38.444 [Forwarding sendKeysToElement on session 83e1c530-819c-49b1-8960-375b16493a3c to remote] DEBUG org.asynchttpclient.netty.request.NettyRequestSender -- Using pooled Channel '[id: 0xd850032e, L:/127.0.0.1:49363 - R:/127.0.0.1:4723]' for 'POST' to 'http://127.0.0.1:4723/session/83e1c530-819c-49b1-8960-375b16493a3c/element/f.3DED07177C90095033E1816C8C1E18F6.d.98D9546DDA19E693D16A95481F6BCB83.e.381/value'
21:52:38.444 [Forwarding sendKeysToElement on session 83e1c530-819c-49b1-8960-375b16493a3c to remote] DEBUG org.asynchttpclient.netty.request.NettyRequestSender -- Using open Channel [id: 0xd850032e, L:/127.0.0.1:49363 - R:/127.0.0.1:4723] for POST '/session/83e1c530-819c-49b1-8960-375b16493a3c/element/f.3DED07177C90095033E1816C8C1E18F6.d.98D9546DDA19E693D16A95481F6BCB83.e.381/value'
21:52:38.642 [AsyncHttpClient-1-2] DEBUG org.asynchttpclient.netty.handler.HttpHandler -- 

Request DefaultHttpRequest(decodeResult: success, version: HTTP/1.1)
POST /session/83e1c530-819c-49b1-8960-375b16493a3c/element/f.3DED07177C90095033E1816C8C1E18F6.d.98D9546DDA19E693D16A95481F6BCB83.e.381/value HTTP/1.1
User-Agent: appium/8.3.0 (selenium/4.8.3 (java mac))
Content-Length: 130
Content-Type: application/json; charset=utf-8
host: 127.0.0.1:4723
accept: */*

Response DefaultHttpResponse(decodeResult: success, version: HTTP/1.1)
HTTP/1.1 200 OK
X-Powered-By: Express
Vary: X-HTTP-Method-Override
Content-Type: application/json; charset=utf-8
Content-Length: 14
ETag: W/"e-9/1BuKMgFObM1mWJm+YjxtXJnUM"
Date: Sun, 06 Apr 2025 13:52:38 GMT
Connection: keep-alive
Keep-Alive: timeout=600

21:52:38.643 [AsyncHttpClient-1-2] DEBUG org.asynchttpclient.netty.channel.ChannelManager -- Adding key: http://127.0.0.1:4723 for channel [id: 0xd850032e, L:/127.0.0.1:49363 - R:/127.0.0.1:4723]
21:52:38.645 [Forwarding findElement on session 83e1c530-819c-49b1-8960-375b16493a3c to remote] DEBUG org.asynchttpclient.netty.request.NettyRequestSender -- Using pooled Channel '[id: 0xd850032e, L:/127.0.0.1:49363 - R:/127.0.0.1:4723]' for 'POST' to 'http://127.0.0.1:4723/session/83e1c530-819c-49b1-8960-375b16493a3c/element'
21:52:38.645 [Forwarding findElement on session 83e1c530-819c-49b1-8960-375b16493a3c to remote] DEBUG org.asynchttpclient.netty.request.NettyRequestSender -- Using open Channel [id: 0xd850032e, L:/127.0.0.1:49363 - R:/127.0.0.1:4723] for POST '/session/83e1c530-819c-49b1-8960-375b16493a3c/element'
21:52:38.667 [AsyncHttpClient-1-2] DEBUG org.asynchttpclient.netty.handler.HttpHandler -- 

Request DefaultHttpRequest(decodeResult: success, version: HTTP/1.1)
POST /session/83e1c530-819c-49b1-8960-375b16493a3c/element HTTP/1.1
User-Agent: appium/8.3.0 (selenium/4.8.3 (java mac))
Content-Length: 57
Content-Type: application/json; charset=utf-8
host: 127.0.0.1:4723
accept: */*

Response DefaultHttpResponse(decodeResult: success, version: HTTP/1.1)
HTTP/1.1 200 OK
X-Powered-By: Express
Vary: X-HTTP-Method-Override
Content-Type: application/json; charset=utf-8
Content-Length: 215
ETag: W/"d7-a2FbqMWZSrbCULR8xdL/P2Qx/wk"
Date: Sun, 06 Apr 2025 13:52:38 GMT
Connection: keep-alive
Keep-Alive: timeout=600

21:52:38.667 [AsyncHttpClient-1-2] DEBUG org.asynchttpclient.netty.channel.ChannelManager -- Adding key: http://127.0.0.1:4723 for channel [id: 0xd850032e, L:/127.0.0.1:49363 - R:/127.0.0.1:4723]
21:52:38.668 [Forwarding isElementDisplayed on session 83e1c530-819c-49b1-8960-375b16493a3c to remote] DEBUG org.asynchttpclient.netty.request.NettyRequestSender -- Using pooled Channel '[id: 0xd850032e, L:/127.0.0.1:49363 - R:/127.0.0.1:4723]' for 'GET' to 'http://127.0.0.1:4723/session/83e1c530-819c-49b1-8960-375b16493a3c/element/f.3DED07177C90095033E1816C8C1E18F6.d.98D9546DDA19E693D16A95481F6BCB83.e.388/displayed'
21:52:38.669 [Forwarding isElementDisplayed on session 83e1c530-819c-49b1-8960-375b16493a3c to remote] DEBUG org.asynchttpclient.netty.request.NettyRequestSender -- Using open Channel [id: 0xd850032e, L:/127.0.0.1:49363 - R:/127.0.0.1:4723] for GET '/session/83e1c530-819c-49b1-8960-375b16493a3c/element/f.3DED07177C90095033E1816C8C1E18F6.d.98D9546DDA19E693D16A95481F6BCB83.e.388/displayed'
21:52:38.693 [AsyncHttpClient-1-2] DEBUG org.asynchttpclient.netty.handler.HttpHandler -- 

Request DefaultFullHttpRequest(decodeResult: success, version: HTTP/1.1, content: EmptyByteBufBE)
GET /session/83e1c530-819c-49b1-8960-375b16493a3c/element/f.3DED07177C90095033E1816C8C1E18F6.d.98D9546DDA19E693D16A95481F6BCB83.e.388/displayed HTTP/1.1
Cache-Control: no-cache
User-Agent: appium/8.3.0 (selenium/4.8.3 (java mac))
Content-Type: application/json; charset=utf-8
host: 127.0.0.1:4723
accept: */*

Response DefaultHttpResponse(decodeResult: success, version: HTTP/1.1)
HTTP/1.1 200 OK
X-Powered-By: Express
Content-Type: application/json; charset=utf-8
Content-Length: 14
ETag: W/"e-2ZHvAWebNQpyjGZTg6uyV8/spTo"
Date: Sun, 06 Apr 2025 13:52:38 GMT
Connection: keep-alive
Keep-Alive: timeout=600

21:52:38.694 [AsyncHttpClient-1-2] DEBUG org.asynchttpclient.netty.channel.ChannelManager -- Adding key: http://127.0.0.1:4723 for channel [id: 0xd850032e, L:/127.0.0.1:49363 - R:/127.0.0.1:4723]
21:52:38.695 [Forwarding isElementEnabled on session 83e1c530-819c-49b1-8960-375b16493a3c to remote] DEBUG org.asynchttpclient.netty.request.NettyRequestSender -- Using pooled Channel '[id: 0xd850032e, L:/127.0.0.1:49363 - R:/127.0.0.1:4723]' for 'GET' to 'http://127.0.0.1:4723/session/83e1c530-819c-49b1-8960-375b16493a3c/element/f.3DED07177C90095033E1816C8C1E18F6.d.98D9546DDA19E693D16A95481F6BCB83.e.388/enabled'
21:52:38.695 [Forwarding isElementEnabled on session 83e1c530-819c-49b1-8960-375b16493a3c to remote] DEBUG org.asynchttpclient.netty.request.NettyRequestSender -- Using open Channel [id: 0xd850032e, L:/127.0.0.1:49363 - R:/127.0.0.1:4723] for GET '/session/83e1c530-819c-49b1-8960-375b16493a3c/element/f.3DED07177C90095033E1816C8C1E18F6.d.98D9546DDA19E693D16A95481F6BCB83.e.388/enabled'
21:52:38.714 [AsyncHttpClient-1-2] DEBUG org.asynchttpclient.netty.handler.HttpHandler -- 

Request DefaultFullHttpRequest(decodeResult: success, version: HTTP/1.1, content: EmptyByteBufBE)
GET /session/83e1c530-819c-49b1-8960-375b16493a3c/element/f.3DED07177C90095033E1816C8C1E18F6.d.98D9546DDA19E693D16A95481F6BCB83.e.388/enabled HTTP/1.1
Cache-Control: no-cache
User-Agent: appium/8.3.0 (selenium/4.8.3 (java mac))
Content-Type: application/json; charset=utf-8
host: 127.0.0.1:4723
accept: */*

Response DefaultHttpResponse(decodeResult: success, version: HTTP/1.1)
HTTP/1.1 200 OK
X-Powered-By: Express
Content-Type: application/json; charset=utf-8
Content-Length: 14
ETag: W/"e-2ZHvAWebNQpyjGZTg6uyV8/spTo"
Date: Sun, 06 Apr 2025 13:52:38 GMT
Connection: keep-alive
Keep-Alive: timeout=600

21:52:38.714 [AsyncHttpClient-1-2] DEBUG org.asynchttpclient.netty.channel.ChannelManager -- Adding key: http://127.0.0.1:4723 for channel [id: 0xd850032e, L:/127.0.0.1:49363 - R:/127.0.0.1:4723]
21:52:38.715 [Forwarding clickElement on session 83e1c530-819c-49b1-8960-375b16493a3c to remote] DEBUG org.asynchttpclient.netty.request.NettyRequestSender -- Using pooled Channel '[id: 0xd850032e, L:/127.0.0.1:49363 - R:/127.0.0.1:4723]' for 'POST' to 'http://127.0.0.1:4723/session/83e1c530-819c-49b1-8960-375b16493a3c/element/f.3DED07177C90095033E1816C8C1E18F6.d.98D9546DDA19E693D16A95481F6BCB83.e.388/click'
21:52:38.715 [Forwarding clickElement on session 83e1c530-819c-49b1-8960-375b16493a3c to remote] DEBUG org.asynchttpclient.netty.request.NettyRequestSender -- Using open Channel [id: 0xd850032e, L:/127.0.0.1:49363 - R:/127.0.0.1:4723] for POST '/session/83e1c530-819c-49b1-8960-375b16493a3c/element/f.3DED07177C90095033E1816C8C1E18F6.d.98D9546DDA19E693D16A95481F6BCB83.e.388/click'
21:52:38.927 [AsyncHttpClient-1-2] DEBUG org.asynchttpclient.netty.handler.HttpHandler -- 

Request DefaultHttpRequest(decodeResult: success, version: HTTP/1.1)
POST /session/83e1c530-819c-49b1-8960-375b16493a3c/element/f.3DED07177C90095033E1816C8C1E18F6.d.98D9546DDA19E693D16A95481F6BCB83.e.388/click HTTP/1.1
User-Agent: appium/8.3.0 (selenium/4.8.3 (java mac))
Content-Length: 89
Content-Type: application/json; charset=utf-8
host: 127.0.0.1:4723
accept: */*

Response DefaultHttpResponse(decodeResult: success, version: HTTP/1.1)
HTTP/1.1 200 OK
X-Powered-By: Express
Vary: X-HTTP-Method-Override
Content-Type: application/json; charset=utf-8
Content-Length: 14
ETag: W/"e-9/1BuKMgFObM1mWJm+YjxtXJnUM"
Date: Sun, 06 Apr 2025 13:52:38 GMT
Connection: keep-alive
Keep-Alive: timeout=600

21:52:38.928 [AsyncHttpClient-1-2] DEBUG org.asynchttpclient.netty.channel.ChannelManager -- Adding key: http://127.0.0.1:4723 for channel [id: 0xd850032e, L:/127.0.0.1:49363 - R:/127.0.0.1:4723]
21:52:39.233 [Forwarding findElement on session 83e1c530-819c-49b1-8960-375b16493a3c to remote] DEBUG org.asynchttpclient.netty.request.NettyRequestSender -- Using pooled Channel '[id: 0xd850032e, L:/127.0.0.1:49363 - R:/127.0.0.1:4723]' for 'POST' to 'http://127.0.0.1:4723/session/83e1c530-819c-49b1-8960-375b16493a3c/element'
21:52:39.234 [Forwarding findElement on session 83e1c530-819c-49b1-8960-375b16493a3c to remote] DEBUG org.asynchttpclient.netty.request.NettyRequestSender -- Using open Channel [id: 0xd850032e, L:/127.0.0.1:49363 - R:/127.0.0.1:4723] for POST '/session/83e1c530-819c-49b1-8960-375b16493a3c/element'
21:52:39.276 [AsyncHttpClient-1-2] DEBUG org.asynchttpclient.netty.handler.HttpHandler -- 

Request DefaultHttpRequest(decodeResult: success, version: HTTP/1.1)
POST /session/83e1c530-819c-49b1-8960-375b16493a3c/element HTTP/1.1
User-Agent: appium/8.3.0 (selenium/4.8.3 (java mac))
Content-Length: 138
Content-Type: application/json; charset=utf-8
host: 127.0.0.1:4723
accept: */*

Response DefaultHttpResponse(decodeResult: success, version: HTTP/1.1)
HTTP/1.1 200 OK
X-Powered-By: Express
Vary: X-HTTP-Method-Override
Content-Type: application/json; charset=utf-8
Content-Length: 215
ETag: W/"d7-6ULLZzEibyU93xV8XswIApZ6tlw"
Date: Sun, 06 Apr 2025 13:52:39 GMT
Connection: keep-alive
Keep-Alive: timeout=600

21:52:39.277 [AsyncHttpClient-1-2] DEBUG org.asynchttpclient.netty.channel.ChannelManager -- Adding key: http://127.0.0.1:4723 for channel [id: 0xd850032e, L:/127.0.0.1:49363 - R:/127.0.0.1:4723]
21:52:39.280 [Forwarding isElementDisplayed on session 83e1c530-819c-49b1-8960-375b16493a3c to remote] DEBUG org.asynchttpclient.netty.request.NettyRequestSender -- Using pooled Channel '[id: 0xd850032e, L:/127.0.0.1:49363 - R:/127.0.0.1:4723]' for 'GET' to 'http://127.0.0.1:4723/session/83e1c530-819c-49b1-8960-375b16493a3c/element/f.3DED07177C90095033E1816C8C1E18F6.d.98D9546DDA19E693D16A95481F6BCB83.e.410/displayed'
21:52:39.281 [Forwarding isElementDisplayed on session 83e1c530-819c-49b1-8960-375b16493a3c to remote] DEBUG org.asynchttpclient.netty.request.NettyRequestSender -- Using open Channel [id: 0xd850032e, L:/127.0.0.1:49363 - R:/127.0.0.1:4723] for GET '/session/83e1c530-819c-49b1-8960-375b16493a3c/element/f.3DED07177C90095033E1816C8C1E18F6.d.98D9546DDA19E693D16A95481F6BCB83.e.410/displayed'
21:52:39.313 [AsyncHttpClient-1-2] DEBUG org.asynchttpclient.netty.handler.HttpHandler -- 

Request DefaultFullHttpRequest(decodeResult: success, version: HTTP/1.1, content: EmptyByteBufBE)
GET /session/83e1c530-819c-49b1-8960-375b16493a3c/element/f.3DED07177C90095033E1816C8C1E18F6.d.98D9546DDA19E693D16A95481F6BCB83.e.410/displayed HTTP/1.1
Cache-Control: no-cache
User-Agent: appium/8.3.0 (selenium/4.8.3 (java mac))
Content-Type: application/json; charset=utf-8
host: 127.0.0.1:4723
accept: */*

Response DefaultHttpResponse(decodeResult: success, version: HTTP/1.1)
HTTP/1.1 200 OK
X-Powered-By: Express
Content-Type: application/json; charset=utf-8
Content-Length: 14
ETag: W/"e-2ZHvAWebNQpyjGZTg6uyV8/spTo"
Date: Sun, 06 Apr 2025 13:52:39 GMT
Connection: keep-alive
Keep-Alive: timeout=600

21:52:39.314 [AsyncHttpClient-1-2] DEBUG org.asynchttpclient.netty.channel.ChannelManager -- Adding key: http://127.0.0.1:4723 for channel [id: 0xd850032e, L:/127.0.0.1:49363 - R:/127.0.0.1:4723]
貸款利率未輸入ErrorHandling驗證通過！
21:52:39.321 [Forwarding switchToFrame on session 83e1c530-819c-49b1-8960-375b16493a3c to remote] DEBUG org.asynchttpclient.netty.request.NettyRequestSender -- Using pooled Channel '[id: 0xd850032e, L:/127.0.0.1:49363 - R:/127.0.0.1:4723]' for 'POST' to 'http://127.0.0.1:4723/session/83e1c530-819c-49b1-8960-375b16493a3c/frame'
21:52:39.321 [Forwarding switchToFrame on session 83e1c530-819c-49b1-8960-375b16493a3c to remote] DEBUG org.asynchttpclient.netty.request.NettyRequestSender -- Using open Channel [id: 0xd850032e, L:/127.0.0.1:49363 - R:/127.0.0.1:4723] for POST '/session/83e1c530-819c-49b1-8960-375b16493a3c/frame'
21:52:39.330 [AsyncHttpClient-1-2] DEBUG org.asynchttpclient.netty.handler.HttpHandler -- 

Request DefaultHttpRequest(decodeResult: success, version: HTTP/1.1)
POST /session/83e1c530-819c-49b1-8960-375b16493a3c/frame HTTP/1.1
User-Agent: appium/8.3.0 (selenium/4.8.3 (java mac))
Content-Length: 16
Content-Type: application/json; charset=utf-8
host: 127.0.0.1:4723
accept: */*

Response DefaultHttpResponse(decodeResult: success, version: HTTP/1.1)
HTTP/1.1 200 OK
X-Powered-By: Express
Vary: X-HTTP-Method-Override
Content-Type: application/json; charset=utf-8
Content-Length: 14
ETag: W/"e-9/1BuKMgFObM1mWJm+YjxtXJnUM"
Date: Sun, 06 Apr 2025 13:52:39 GMT
Connection: keep-alive
Keep-Alive: timeout=600

21:52:39.330 [AsyncHttpClient-1-2] DEBUG org.asynchttpclient.netty.channel.ChannelManager -- Adding key: http://127.0.0.1:4723 for channel [id: 0xd850032e, L:/127.0.0.1:49363 - R:/127.0.0.1:4723]
]]></system-out>
  </testcase>
  <testcase name="testErrorHandlingInterestRateNonNumber" classname="com.cathay.test.tests.MortgageCalculatorTest" time="3.154">
    <system-out><![CDATA[21:52:39.334 [main] INFO com.cathay.test.tests.MortgageCalculatorTest -- 正在清理 driver session: 83e1c530-819c-49b1-8960-375b16493a3c
21:52:39.334 [main] INFO  com.cathay.test.config.AppiumConfig - 正在關閉 Driver...
21:52:39.336 [Forwarding quit on session 83e1c530-819c-49b1-8960-375b16493a3c to remote] DEBUG org.asynchttpclient.netty.request.NettyRequestSender -- Using pooled Channel '[id: 0xd850032e, L:/127.0.0.1:49363 - R:/127.0.0.1:4723]' for 'DELETE' to 'http://127.0.0.1:4723/session/83e1c530-819c-49b1-8960-375b16493a3c'
21:52:39.336 [Forwarding quit on session 83e1c530-819c-49b1-8960-375b16493a3c to remote] DEBUG org.asynchttpclient.netty.request.NettyRequestSender -- Using open Channel [id: 0xd850032e, L:/127.0.0.1:49363 - R:/127.0.0.1:4723] for DELETE '/session/83e1c530-819c-49b1-8960-375b16493a3c'
21:52:39.662 [AsyncHttpClient-1-2] DEBUG org.asynchttpclient.netty.handler.HttpHandler -- 

Request DefaultFullHttpRequest(decodeResult: success, version: HTTP/1.1, content: EmptyByteBufBE)
DELETE /session/83e1c530-819c-49b1-8960-375b16493a3c HTTP/1.1
User-Agent: appium/8.3.0 (selenium/4.8.3 (java mac))
Content-Type: application/json; charset=utf-8
host: 127.0.0.1:4723
accept: */*

Response DefaultHttpResponse(decodeResult: success, version: HTTP/1.1)
HTTP/1.1 200 OK
X-Powered-By: Express
Content-Type: application/json; charset=utf-8
Content-Length: 14
ETag: W/"e-9/1BuKMgFObM1mWJm+YjxtXJnUM"
Date: Sun, 06 Apr 2025 13:52:39 GMT
Connection: keep-alive
Keep-Alive: timeout=600

21:52:39.663 [AsyncHttpClient-1-2] DEBUG org.asynchttpclient.netty.channel.ChannelManager -- Adding key: http://127.0.0.1:4723 for channel [id: 0xd850032e, L:/127.0.0.1:49363 - R:/127.0.0.1:4723]
21:52:39.664 [main] INFO  com.cathay.test.config.AppiumConfig - Driver 已成功關閉
21:52:39.664 [main] INFO com.cathay.test.tests.MortgageCalculatorTest -- MortgageCalculatorTest 清理完成
*******MortgageCalculatorTest.setUp() 執行！
21:52:39.667 [main] INFO  com.cathay.test.config.AppiumConfig - 開始初始化 MortgageCalculatorTest (嘗試 1/3)
21:52:39.667 [main] INFO  com.cathay.test.config.AppiumConfig - Appium 服務器可用
21:52:39.688 [main] INFO  com.cathay.test.config.AppiumConfig - Android 模擬器可用
21:52:39.692 [Forwarding newSession on session null to remote] DEBUG org.asynchttpclient.netty.request.NettyRequestSender -- Using pooled Channel '[id: 0xd850032e, L:/127.0.0.1:49363 - R:/127.0.0.1:4723]' for 'POST' to 'http://127.0.0.1:4723/session'
21:52:39.692 [Forwarding newSession on session null to remote] DEBUG org.asynchttpclient.netty.request.NettyRequestSender -- Using open Channel [id: 0xd850032e, L:/127.0.0.1:49363 - R:/127.0.0.1:4723] for POST '/session'
21:52:42.576 [AsyncHttpClient-1-2] DEBUG org.asynchttpclient.netty.handler.HttpHandler -- 

Request DefaultHttpRequest(decodeResult: success, version: HTTP/1.1)
POST /session HTTP/1.1
X-Idempotency-Key: 26a88a80-ee70-4784-ae81-ee271f8e40ad
User-Agent: appium/8.3.0 (selenium/4.8.3 (java mac))
Content-Length: 952
Content-Type: application/json; charset=utf-8
host: 127.0.0.1:4723
accept: */*

Response DefaultHttpResponse(decodeResult: success, version: HTTP/1.1)
HTTP/1.1 200 OK
X-Powered-By: Express
Vary: X-HTTP-Method-Override
Content-Type: application/json; charset=utf-8
Content-Length: 1816
ETag: W/"718-2/wociAUUg6Sa+06ewTeXmsOS4c"
Date: Sun, 06 Apr 2025 13:52:42 GMT
Connection: keep-alive
Keep-Alive: timeout=600

21:52:42.577 [AsyncHttpClient-1-2] DEBUG org.asynchttpclient.netty.channel.ChannelManager -- Adding key: http://127.0.0.1:4723 for channel [id: 0xd850032e, L:/127.0.0.1:49363 - R:/127.0.0.1:4723]
21:52:42.591 [Forwarding executeCdp on session 5ddfc2ea-b1e0-4d3c-9181-055b3338be42 to remote] DEBUG org.asynchttpclient.netty.request.NettyRequestSender -- Using pooled Channel '[id: 0xd850032e, L:/127.0.0.1:49363 - R:/127.0.0.1:4723]' for 'POST' to 'http://127.0.0.1:4723/session/5ddfc2ea-b1e0-4d3c-9181-055b3338be42/goog/cdp/execute'
21:52:42.591 [Forwarding executeCdp on session 5ddfc2ea-b1e0-4d3c-9181-055b3338be42 to remote] DEBUG org.asynchttpclient.netty.request.NettyRequestSender -- Using open Channel [id: 0xd850032e, L:/127.0.0.1:49363 - R:/127.0.0.1:4723] for POST '/session/5ddfc2ea-b1e0-4d3c-9181-055b3338be42/goog/cdp/execute'
21:52:42.630 [AsyncHttpClient-1-2] DEBUG org.asynchttpclient.netty.handler.HttpHandler -- 

Request DefaultHttpRequest(decodeResult: success, version: HTTP/1.1)
POST /session/5ddfc2ea-b1e0-4d3c-9181-055b3338be42/goog/cdp/execute HTTP/1.1
User-Agent: appium/8.3.0 (selenium/4.8.3 (java mac))
Content-Length: 87
Content-Type: application/json; charset=utf-8
host: 127.0.0.1:4723
accept: */*

Response DefaultHttpResponse(decodeResult: success, version: HTTP/1.1)
HTTP/1.1 404 Not Found
X-Powered-By: Express
Vary: X-HTTP-Method-Override
Content-Type: application/json; charset=utf-8
Content-Length: 1990
ETag: W/"7c6-Pep4i2hQthQy8FipREBxBLPmoaY"
Date: Sun, 06 Apr 2025 13:52:42 GMT
Connection: keep-alive
Keep-Alive: timeout=600

21:52:42.631 [AsyncHttpClient-1-2] DEBUG org.asynchttpclient.netty.channel.ChannelManager -- Adding key: http://127.0.0.1:4723 for channel [id: 0xd850032e, L:/127.0.0.1:49363 - R:/127.0.0.1:4723]
21:52:42.633 [main] WARN  com.cathay.test.config.AppiumConfig - ⚠️ 設定第三方 Cookie 支援時發生例外: unknown command: 'Network.setCookieBlockingEnabled' wasn't found
  (Session info: chrome=128.0.6613.88)
Build info: version: '4.8.3', revision: 'e5e76298c3'
System info: os.name: 'Mac OS X', os.arch: 'aarch64', os.version: '13.4', java.version: '23.0.2'
Driver info: io.appium.java_client.android.AndroidDriver
Command: [5ddfc2ea-b1e0-4d3c-9181-055b3338be42, executeCdp {cmd=Network.setCookieBlockingEnabled, params={enabled=false}}]
Capabilities {appium:autoAcceptAlerts: true, appium:autoGrantPermissions: true, appium:automationName: UiAutomator2, appium:chromedriverExecutable: /opt/homebrew/bin/chromedriver, appium:databaseEnabled: false, appium:desired: {appActivity: com.android.chrome/com.goog..., appPackage: com.android.chrome, autoAcceptAlerts: true, autoGrantPermissions: true, automationName: UiAutomator2, browserName: chrome, chromedriverExecutable: /opt/homebrew/bin/chromedriver, deviceName: Pixel_3a_API_34_extension_l..., goog:chromeOptions: {args: [--no-sandbox, --disable-dev-shm-usage, --ignore-certificate-errors, --remote-allow-origins=*, --disable-features=SameSite..., --enable-features=NetworkSe...], w3c: true}, newCommandTimeout: 120, noReset: true, platformName: android, platformVersion: 16.0}, appium:deviceApiLevel: 36, appium:deviceManufacturer: Google, appium:deviceModel: sdk_gphone64_arm64, appium:deviceName: emulator-5554, appium:deviceScreenDensity: 420, appium:deviceScreenSize: 1080x2424, appium:deviceUDID: emulator-5554, appium:javascriptEnabled: true, appium:locationContextEnabled: false, appium:networkConnectionEnabled: true, appium:newCommandTimeout: 120, appium:noReset: true, appium:pixelRatio: 2.625, appium:platformVersion: 16, appium:statBarHeight: 137, appium:takesScreenshot: true, appium:viewportRect: {height: 2287, left: 0, top: 137, width: 1080}, appium:warnings: {}, appium:webStorageEnabled: false, browserName: chrome, goog:chromeOptions: {args: [--no-sandbox, --disable-dev-shm-usage, --ignore-certificate-errors, --remote-allow-origins=*, --disable-features=SameSite..., --enable-features=NetworkSe...], w3c: true}, platformName: ANDROID}
Session ID: 5ddfc2ea-b1e0-4d3c-9181-055b3338be42
21:52:42.801 [AsyncHttpClient-1-1] DEBUG org.asynchttpclient.netty.channel.DefaultChannelPool -- Entry count for : http://127.0.0.1:4723 : 1
21:52:43.904 [AsyncHttpClient-1-1] DEBUG org.asynchttpclient.netty.channel.DefaultChannelPool -- Entry count for : http://127.0.0.1:4723 : 1
21:52:45.003 [AsyncHttpClient-1-1] DEBUG org.asynchttpclient.netty.channel.DefaultChannelPool -- Entry count for : http://127.0.0.1:4723 : 1
21:52:45.639 [main] INFO  com.cathay.test.config.AppiumConfig - Driver session ID: 5ddfc2ea-b1e0-4d3c-9181-055b3338be42
21:52:45.643 [Forwarding get on session 5ddfc2ea-b1e0-4d3c-9181-055b3338be42 to remote] DEBUG org.asynchttpclient.netty.request.NettyRequestSender -- Using pooled Channel '[id: 0xd850032e, L:/127.0.0.1:49363 - R:/127.0.0.1:4723]' for 'POST' to 'http://127.0.0.1:4723/session/5ddfc2ea-b1e0-4d3c-9181-055b3338be42/url'
21:52:45.643 [Forwarding get on session 5ddfc2ea-b1e0-4d3c-9181-055b3338be42 to remote] DEBUG org.asynchttpclient.netty.request.NettyRequestSender -- Using open Channel [id: 0xd850032e, L:/127.0.0.1:49363 - R:/127.0.0.1:4723] for POST '/session/5ddfc2ea-b1e0-4d3c-9181-055b3338be42/url'
21:52:48.773 [AsyncHttpClient-1-2] DEBUG org.asynchttpclient.netty.handler.HttpHandler -- 

Request DefaultHttpRequest(decodeResult: success, version: HTTP/1.1)
POST /session/5ddfc2ea-b1e0-4d3c-9181-055b3338be42/url HTTP/1.1
User-Agent: appium/8.3.0 (selenium/4.8.3 (java mac))
Content-Length: 133
Content-Type: application/json; charset=utf-8
host: 127.0.0.1:4723
accept: */*

Response DefaultHttpResponse(decodeResult: success, version: HTTP/1.1)
HTTP/1.1 200 OK
X-Powered-By: Express
Vary: X-HTTP-Method-Override
Content-Type: application/json; charset=utf-8
Content-Length: 14
ETag: W/"e-9/1BuKMgFObM1mWJm+YjxtXJnUM"
Date: Sun, 06 Apr 2025 13:52:48 GMT
Connection: keep-alive
Keep-Alive: timeout=600

21:52:48.773 [AsyncHttpClient-1-2] DEBUG org.asynchttpclient.netty.channel.ChannelManager -- Adding key: http://127.0.0.1:4723 for channel [id: 0xd850032e, L:/127.0.0.1:49363 - R:/127.0.0.1:4723]
21:52:48.774 [Forwarding getCurrentUrl on session 5ddfc2ea-b1e0-4d3c-9181-055b3338be42 to remote] DEBUG org.asynchttpclient.netty.request.NettyRequestSender -- Using pooled Channel '[id: 0xd850032e, L:/127.0.0.1:49363 - R:/127.0.0.1:4723]' for 'GET' to 'http://127.0.0.1:4723/session/5ddfc2ea-b1e0-4d3c-9181-055b3338be42/url'
21:52:48.774 [Forwarding getCurrentUrl on session 5ddfc2ea-b1e0-4d3c-9181-055b3338be42 to remote] DEBUG org.asynchttpclient.netty.request.NettyRequestSender -- Using open Channel [id: 0xd850032e, L:/127.0.0.1:49363 - R:/127.0.0.1:4723] for GET '/session/5ddfc2ea-b1e0-4d3c-9181-055b3338be42/url'
21:52:48.801 [AsyncHttpClient-1-2] DEBUG org.asynchttpclient.netty.handler.HttpHandler -- 

Request DefaultFullHttpRequest(decodeResult: success, version: HTTP/1.1, content: EmptyByteBufBE)
GET /session/5ddfc2ea-b1e0-4d3c-9181-055b3338be42/url HTTP/1.1
Cache-Control: no-cache
User-Agent: appium/8.3.0 (selenium/4.8.3 (java mac))
Content-Type: application/json; charset=utf-8
host: 127.0.0.1:4723
accept: */*

Response DefaultHttpResponse(decodeResult: success, version: HTTP/1.1)
HTTP/1.1 200 OK
X-Powered-By: Express
Content-Type: application/json; charset=utf-8
Content-Length: 90
ETag: W/"5a-SVzTdoqQsw2ztnbhgzn9TDJ+oVM"
Date: Sun, 06 Apr 2025 13:52:48 GMT
Connection: keep-alive
Keep-Alive: timeout=600

21:52:48.801 [AsyncHttpClient-1-2] DEBUG org.asynchttpclient.netty.channel.ChannelManager -- Adding key: http://127.0.0.1:4723 for channel [id: 0xd850032e, L:/127.0.0.1:49363 - R:/127.0.0.1:4723]
*********3rd party cookie Current URL: https://www.cathaybk.com.tw/cathaybk/personal/loan/calculator/mortgage-budget/
21:52:48.802 [Forwarding getCookies on session 5ddfc2ea-b1e0-4d3c-9181-055b3338be42 to remote] DEBUG org.asynchttpclient.netty.request.NettyRequestSender -- Using pooled Channel '[id: 0xd850032e, L:/127.0.0.1:49363 - R:/127.0.0.1:4723]' for 'GET' to 'http://127.0.0.1:4723/session/5ddfc2ea-b1e0-4d3c-9181-055b3338be42/cookie'
21:52:48.802 [Forwarding getCookies on session 5ddfc2ea-b1e0-4d3c-9181-055b3338be42 to remote] DEBUG org.asynchttpclient.netty.request.NettyRequestSender -- Using open Channel [id: 0xd850032e, L:/127.0.0.1:49363 - R:/127.0.0.1:4723] for GET '/session/5ddfc2ea-b1e0-4d3c-9181-055b3338be42/cookie'
21:52:48.828 [AsyncHttpClient-1-2] DEBUG org.asynchttpclient.netty.handler.HttpHandler -- 

Request DefaultFullHttpRequest(decodeResult: success, version: HTTP/1.1, content: EmptyByteBufBE)
GET /session/5ddfc2ea-b1e0-4d3c-9181-055b3338be42/cookie HTTP/1.1
Cache-Control: no-cache
User-Agent: appium/8.3.0 (selenium/4.8.3 (java mac))
Content-Type: application/json; charset=utf-8
host: 127.0.0.1:4723
accept: */*

Response DefaultHttpResponse(decodeResult: success, version: HTTP/1.1)
HTTP/1.1 200 OK
X-Powered-By: Express
Content-Type: application/json; charset=utf-8
Content-Length: 3920
ETag: W/"f50-Jh/P2f30Z0HlSU2fJLUorDN3OF8"
Date: Sun, 06 Apr 2025 13:52:48 GMT
Connection: keep-alive
Keep-Alive: timeout=600

21:52:48.828 [AsyncHttpClient-1-2] DEBUG org.asynchttpclient.netty.channel.ChannelManager -- Adding key: http://127.0.0.1:4723 for channel [id: 0xd850032e, L:/127.0.0.1:49363 - R:/127.0.0.1:4723]
*********Cookie: citrix_ns_id = AAQ7LYfyZzvx5kcHAAAAADvLSubBRkGc__LEOzpkpT2cXsxrPbGiUaCzOdsmwoI9Ow==tIryZw==lFN0JW5pkCptC7dhZvkksL9NbWE=
*********Cookie: ASP.NET_SessionId = fzzluatv3ifzmqos1gqt1hky
*********Cookie: _ss_pp_id = b0e9b738abfd5bb2b9e1743918768252
*********Cookie: __lt__sid = f3408e61-1a7b1d62
*********Cookie: cathaybk_new = 4bb3a3d8d4f078cfaa7badb04abb60df7ed08c3d037be7593e9c32d57ce56d7fc2c8d446
*********Cookie: _mg_ckp = eyJja1RrZERGIjoiIn0=
*********Cookie: FingerprintCookie = a83734ca5c2401a34f4ad325dff7c9ff
*********Cookie: shell#lang = en
*********Cookie: mbox = session#169b04b0c39940deb4159b2407850691#1743949430|PC#169b04b0c39940deb4159b2407850691.32_0#1807192370
*********Cookie: _td = c8d271d5-dd7d-46fe-b308-9e28dc015f47
*********Cookie: _uetvid = 6ca5b70012ee11f08d95cde9ee13b4b2
*********Cookie: usy46gabsosd = cubcsa_17439475672750.14c50c13f3c78da0f5077f3ebf3848e4_4431
*********Cookie: _uetsid = 6ca5220012ee11f0b798a39a2da55f73
*********Cookie: AMCV_B877A5DB584931AC0A495EAA%40AdobeOrg = 1585540135%7CMCIDTS%7C20185%7CMCMID%7C51382406748084580792527209530358711032%7CMCAAMLH-1744552367%7C11%7CMCAAMB-1744552367%7C6G1ynYcLPuiQxYZrsz_pkqfLG9yMXBpb2zX5dvJdYQJzPXImdj0y%7CMCCIDH%7C1062709688%7CMCOPTOUT-1743954767s%7CNONE%7CMCSYNCSOP%7C411-20192%7CvVersion%7C4.4.0
*********Cookie: _ga_T2T689XRGT = GS1.1.1743947567.1.0.1743947568.59.0.0
*********Cookie: _ga = GA1.1.1475547593.1743947568
*********Cookie: _fbp = fb.2.1743947568199.910706376827720156
*********Cookie: at_check = true
*********Cookie: __lt__cid = ad8a8843-255f-4dec-858a-267fabbe4b88
*********Cookie: _gcl_au = 1.1.1532680718.1743947568
*********Cookie: AMCVS_B877A5DB584931AC0A495EAA%40AdobeOrg = 1
21:52:48.830 [Forwarding getCurrentUrl on session 5ddfc2ea-b1e0-4d3c-9181-055b3338be42 to remote] DEBUG org.asynchttpclient.netty.request.NettyRequestSender -- Using pooled Channel '[id: 0xd850032e, L:/127.0.0.1:49363 - R:/127.0.0.1:4723]' for 'GET' to 'http://127.0.0.1:4723/session/5ddfc2ea-b1e0-4d3c-9181-055b3338be42/url'
21:52:48.830 [Forwarding getCurrentUrl on session 5ddfc2ea-b1e0-4d3c-9181-055b3338be42 to remote] DEBUG org.asynchttpclient.netty.request.NettyRequestSender -- Using open Channel [id: 0xd850032e, L:/127.0.0.1:49363 - R:/127.0.0.1:4723] for GET '/session/5ddfc2ea-b1e0-4d3c-9181-055b3338be42/url'
21:52:48.843 [AsyncHttpClient-1-2] DEBUG org.asynchttpclient.netty.handler.HttpHandler -- 

Request DefaultFullHttpRequest(decodeResult: success, version: HTTP/1.1, content: EmptyByteBufBE)
GET /session/5ddfc2ea-b1e0-4d3c-9181-055b3338be42/url HTTP/1.1
Cache-Control: no-cache
User-Agent: appium/8.3.0 (selenium/4.8.3 (java mac))
Content-Type: application/json; charset=utf-8
host: 127.0.0.1:4723
accept: */*

Response DefaultHttpResponse(decodeResult: success, version: HTTP/1.1)
HTTP/1.1 200 OK
X-Powered-By: Express
Content-Type: application/json; charset=utf-8
Content-Length: 90
ETag: W/"5a-SVzTdoqQsw2ztnbhgzn9TDJ+oVM"
Date: Sun, 06 Apr 2025 13:52:48 GMT
Connection: keep-alive
Keep-Alive: timeout=600

21:52:48.843 [AsyncHttpClient-1-2] DEBUG org.asynchttpclient.netty.channel.ChannelManager -- Adding key: http://127.0.0.1:4723 for channel [id: 0xd850032e, L:/127.0.0.1:49363 - R:/127.0.0.1:4723]
21:52:48.844 [Forwarding setTimeout on session 5ddfc2ea-b1e0-4d3c-9181-055b3338be42 to remote] DEBUG org.asynchttpclient.netty.request.NettyRequestSender -- Using pooled Channel '[id: 0xd850032e, L:/127.0.0.1:49363 - R:/127.0.0.1:4723]' for 'POST' to 'http://127.0.0.1:4723/session/5ddfc2ea-b1e0-4d3c-9181-055b3338be42/timeouts'
21:52:48.844 [Forwarding setTimeout on session 5ddfc2ea-b1e0-4d3c-9181-055b3338be42 to remote] DEBUG org.asynchttpclient.netty.request.NettyRequestSender -- Using open Channel [id: 0xd850032e, L:/127.0.0.1:49363 - R:/127.0.0.1:4723] for POST '/session/5ddfc2ea-b1e0-4d3c-9181-055b3338be42/timeouts'
21:52:48.846 [AsyncHttpClient-1-2] DEBUG org.asynchttpclient.netty.handler.HttpHandler -- 

Request DefaultHttpRequest(decodeResult: success, version: HTTP/1.1)
POST /session/5ddfc2ea-b1e0-4d3c-9181-055b3338be42/timeouts HTTP/1.1
User-Agent: appium/8.3.0 (selenium/4.8.3 (java mac))
Content-Length: 23
Content-Type: application/json; charset=utf-8
host: 127.0.0.1:4723
accept: */*

Response DefaultHttpResponse(decodeResult: success, version: HTTP/1.1)
HTTP/1.1 200 OK
X-Powered-By: Express
Vary: X-HTTP-Method-Override
Content-Type: application/json; charset=utf-8
Content-Length: 14
ETag: W/"e-9/1BuKMgFObM1mWJm+YjxtXJnUM"
Date: Sun, 06 Apr 2025 13:52:48 GMT
Connection: keep-alive
Keep-Alive: timeout=600

21:52:48.846 [AsyncHttpClient-1-2] DEBUG org.asynchttpclient.netty.channel.ChannelManager -- Adding key: http://127.0.0.1:4723 for channel [id: 0xd850032e, L:/127.0.0.1:49363 - R:/127.0.0.1:4723]
21:52:48.847 [Forwarding setTimeout on session 5ddfc2ea-b1e0-4d3c-9181-055b3338be42 to remote] DEBUG org.asynchttpclient.netty.request.NettyRequestSender -- Using pooled Channel '[id: 0xd850032e, L:/127.0.0.1:49363 - R:/127.0.0.1:4723]' for 'POST' to 'http://127.0.0.1:4723/session/5ddfc2ea-b1e0-4d3c-9181-055b3338be42/timeouts'
21:52:48.847 [Forwarding setTimeout on session 5ddfc2ea-b1e0-4d3c-9181-055b3338be42 to remote] DEBUG org.asynchttpclient.netty.request.NettyRequestSender -- Using open Channel [id: 0xd850032e, L:/127.0.0.1:49363 - R:/127.0.0.1:4723] for POST '/session/5ddfc2ea-b1e0-4d3c-9181-055b3338be42/timeouts'
21:52:48.848 [AsyncHttpClient-1-2] DEBUG org.asynchttpclient.netty.handler.HttpHandler -- 

Request DefaultHttpRequest(decodeResult: success, version: HTTP/1.1)
POST /session/5ddfc2ea-b1e0-4d3c-9181-055b3338be42/timeouts HTTP/1.1
User-Agent: appium/8.3.0 (selenium/4.8.3 (java mac))
Content-Length: 23
Content-Type: application/json; charset=utf-8
host: 127.0.0.1:4723
accept: */*

Response DefaultHttpResponse(decodeResult: success, version: HTTP/1.1)
HTTP/1.1 200 OK
X-Powered-By: Express
Vary: X-HTTP-Method-Override
Content-Type: application/json; charset=utf-8
Content-Length: 14
ETag: W/"e-9/1BuKMgFObM1mWJm+YjxtXJnUM"
Date: Sun, 06 Apr 2025 13:52:48 GMT
Connection: keep-alive
Keep-Alive: timeout=600

21:52:48.849 [AsyncHttpClient-1-2] DEBUG org.asynchttpclient.netty.channel.ChannelManager -- Adding key: http://127.0.0.1:4723 for channel [id: 0xd850032e, L:/127.0.0.1:49363 - R:/127.0.0.1:4723]
21:52:48.849 [Forwarding setTimeout on session 5ddfc2ea-b1e0-4d3c-9181-055b3338be42 to remote] DEBUG org.asynchttpclient.netty.request.NettyRequestSender -- Using pooled Channel '[id: 0xd850032e, L:/127.0.0.1:49363 - R:/127.0.0.1:4723]' for 'POST' to 'http://127.0.0.1:4723/session/5ddfc2ea-b1e0-4d3c-9181-055b3338be42/timeouts'
21:52:48.849 [Forwarding setTimeout on session 5ddfc2ea-b1e0-4d3c-9181-055b3338be42 to remote] DEBUG org.asynchttpclient.netty.request.NettyRequestSender -- Using open Channel [id: 0xd850032e, L:/127.0.0.1:49363 - R:/127.0.0.1:4723] for POST '/session/5ddfc2ea-b1e0-4d3c-9181-055b3338be42/timeouts'
21:52:48.851 [AsyncHttpClient-1-2] DEBUG org.asynchttpclient.netty.handler.HttpHandler -- 

Request DefaultHttpRequest(decodeResult: success, version: HTTP/1.1)
POST /session/5ddfc2ea-b1e0-4d3c-9181-055b3338be42/timeouts HTTP/1.1
User-Agent: appium/8.3.0 (selenium/4.8.3 (java mac))
Content-Length: 21
Content-Type: application/json; charset=utf-8
host: 127.0.0.1:4723
accept: */*

Response DefaultHttpResponse(decodeResult: success, version: HTTP/1.1)
HTTP/1.1 200 OK
X-Powered-By: Express
Vary: X-HTTP-Method-Override
Content-Type: application/json; charset=utf-8
Content-Length: 14
ETag: W/"e-9/1BuKMgFObM1mWJm+YjxtXJnUM"
Date: Sun, 06 Apr 2025 13:52:48 GMT
Connection: keep-alive
Keep-Alive: timeout=600

21:52:48.851 [AsyncHttpClient-1-2] DEBUG org.asynchttpclient.netty.channel.ChannelManager -- Adding key: http://127.0.0.1:4723 for channel [id: 0xd850032e, L:/127.0.0.1:49363 - R:/127.0.0.1:4723]
21:52:48.851 [main] INFO  com.cathay.test.config.AppiumConfig - MortgageCalculatorTest 初始化完成
21:52:48.852 [main] INFO com.cathay.test.tests.MortgageCalculatorTest -- 驗證 driver session 與重新導頁...
21:52:48.852 [Forwarding get on session 5ddfc2ea-b1e0-4d3c-9181-055b3338be42 to remote] DEBUG org.asynchttpclient.netty.request.NettyRequestSender -- Using pooled Channel '[id: 0xd850032e, L:/127.0.0.1:49363 - R:/127.0.0.1:4723]' for 'POST' to 'http://127.0.0.1:4723/session/5ddfc2ea-b1e0-4d3c-9181-055b3338be42/url'
21:52:48.852 [Forwarding get on session 5ddfc2ea-b1e0-4d3c-9181-055b3338be42 to remote] DEBUG org.asynchttpclient.netty.request.NettyRequestSender -- Using open Channel [id: 0xd850032e, L:/127.0.0.1:49363 - R:/127.0.0.1:4723] for POST '/session/5ddfc2ea-b1e0-4d3c-9181-055b3338be42/url'
21:52:50.599 [AsyncHttpClient-1-2] DEBUG org.asynchttpclient.netty.handler.HttpHandler -- 

Request DefaultHttpRequest(decodeResult: success, version: HTTP/1.1)
POST /session/5ddfc2ea-b1e0-4d3c-9181-055b3338be42/url HTTP/1.1
User-Agent: appium/8.3.0 (selenium/4.8.3 (java mac))
Content-Length: 133
Content-Type: application/json; charset=utf-8
host: 127.0.0.1:4723
accept: */*

Response DefaultHttpResponse(decodeResult: success, version: HTTP/1.1)
HTTP/1.1 200 OK
X-Powered-By: Express
Vary: X-HTTP-Method-Override
Content-Type: application/json; charset=utf-8
Content-Length: 14
ETag: W/"e-9/1BuKMgFObM1mWJm+YjxtXJnUM"
Date: Sun, 06 Apr 2025 13:52:50 GMT
Connection: keep-alive
Keep-Alive: timeout=600

21:52:50.599 [AsyncHttpClient-1-2] DEBUG org.asynchttpclient.netty.channel.ChannelManager -- Adding key: http://127.0.0.1:4723 for channel [id: 0xd850032e, L:/127.0.0.1:49363 - R:/127.0.0.1:4723]
21:52:50.600 [Forwarding getCurrentUrl on session 5ddfc2ea-b1e0-4d3c-9181-055b3338be42 to remote] DEBUG org.asynchttpclient.netty.request.NettyRequestSender -- Using pooled Channel '[id: 0xd850032e, L:/127.0.0.1:49363 - R:/127.0.0.1:4723]' for 'GET' to 'http://127.0.0.1:4723/session/5ddfc2ea-b1e0-4d3c-9181-055b3338be42/url'
21:52:50.600 [Forwarding getCurrentUrl on session 5ddfc2ea-b1e0-4d3c-9181-055b3338be42 to remote] DEBUG org.asynchttpclient.netty.request.NettyRequestSender -- Using open Channel [id: 0xd850032e, L:/127.0.0.1:49363 - R:/127.0.0.1:4723] for GET '/session/5ddfc2ea-b1e0-4d3c-9181-055b3338be42/url'
21:52:50.615 [AsyncHttpClient-1-2] DEBUG org.asynchttpclient.netty.handler.HttpHandler -- 

Request DefaultFullHttpRequest(decodeResult: success, version: HTTP/1.1, content: EmptyByteBufBE)
GET /session/5ddfc2ea-b1e0-4d3c-9181-055b3338be42/url HTTP/1.1
Cache-Control: no-cache
User-Agent: appium/8.3.0 (selenium/4.8.3 (java mac))
Content-Type: application/json; charset=utf-8
host: 127.0.0.1:4723
accept: */*

Response DefaultHttpResponse(decodeResult: success, version: HTTP/1.1)
HTTP/1.1 200 OK
X-Powered-By: Express
Content-Type: application/json; charset=utf-8
Content-Length: 90
ETag: W/"5a-SVzTdoqQsw2ztnbhgzn9TDJ+oVM"
Date: Sun, 06 Apr 2025 13:52:50 GMT
Connection: keep-alive
Keep-Alive: timeout=600

21:52:50.615 [AsyncHttpClient-1-2] DEBUG org.asynchttpclient.netty.channel.ChannelManager -- Adding key: http://127.0.0.1:4723 for channel [id: 0xd850032e, L:/127.0.0.1:49363 - R:/127.0.0.1:4723]
*********3rd party cookie Current URL: https://www.cathaybk.com.tw/cathaybk/personal/loan/calculator/mortgage-budget/
21:52:50.617 [Forwarding getCookies on session 5ddfc2ea-b1e0-4d3c-9181-055b3338be42 to remote] DEBUG org.asynchttpclient.netty.request.NettyRequestSender -- Using pooled Channel '[id: 0xd850032e, L:/127.0.0.1:49363 - R:/127.0.0.1:4723]' for 'GET' to 'http://127.0.0.1:4723/session/5ddfc2ea-b1e0-4d3c-9181-055b3338be42/cookie'
21:52:50.617 [Forwarding getCookies on session 5ddfc2ea-b1e0-4d3c-9181-055b3338be42 to remote] DEBUG org.asynchttpclient.netty.request.NettyRequestSender -- Using open Channel [id: 0xd850032e, L:/127.0.0.1:49363 - R:/127.0.0.1:4723] for GET '/session/5ddfc2ea-b1e0-4d3c-9181-055b3338be42/cookie'
21:52:50.635 [AsyncHttpClient-1-2] DEBUG org.asynchttpclient.netty.handler.HttpHandler -- 

Request DefaultFullHttpRequest(decodeResult: success, version: HTTP/1.1, content: EmptyByteBufBE)
GET /session/5ddfc2ea-b1e0-4d3c-9181-055b3338be42/cookie HTTP/1.1
Cache-Control: no-cache
User-Agent: appium/8.3.0 (selenium/4.8.3 (java mac))
Content-Type: application/json; charset=utf-8
host: 127.0.0.1:4723
accept: */*

Response DefaultHttpResponse(decodeResult: success, version: HTTP/1.1)
HTTP/1.1 200 OK
X-Powered-By: Express
Content-Type: application/json; charset=utf-8
Content-Length: 4091
ETag: W/"ffb-fQn9dgAcUMIHoYiG0ziuxjzNWo0"
Date: Sun, 06 Apr 2025 13:52:50 GMT
Connection: keep-alive
Keep-Alive: timeout=600

21:52:50.636 [AsyncHttpClient-1-2] DEBUG org.asynchttpclient.netty.channel.ChannelManager -- Adding key: http://127.0.0.1:4723 for channel [id: 0xd850032e, L:/127.0.0.1:49363 - R:/127.0.0.1:4723]
*********Cookie: citrix_ns_id = AAQ7LYfyZzvx5kcHAAAAADvLSubBRkGc__LEOzpkpT2cXsxrPbGiUaCzOdsmwoI9Ow==tYryZw==-3DailG7olItR5jQb5O8a-6nUPc=
*********Cookie: ASP.NET_SessionId = fzzluatv3ifzmqos1gqt1hky
*********Cookie: _ss_pp_id = b0e9b738abfd5bb2b9e1743918768252
*********Cookie: __lt__sid = f3408e61-1a7b1d62
*********Cookie: _mg_ckp = eyJja1RrZERGIjoiIn0=
*********Cookie: cathaybk_new = 4bb3a3d8d4f078cfaa7badb04abb60df7ed08c3d037be7593e9c32d57ce56d7fc2c8d446
*********Cookie: __mguid_ = 8d0906c311dd46a691c100e78180dfe2
*********Cookie: FingerprintCookie = a83734ca5c2401a34f4ad325dff7c9ff
*********Cookie: shell#lang = en
*********Cookie: mbox = session#169b04b0c39940deb4159b2407850691#1743949430|PC#169b04b0c39940deb4159b2407850691.32_0#1807192370
*********Cookie: _td = c8d271d5-dd7d-46fe-b308-9e28dc015f47
*********Cookie: _uetvid = 6ca5b70012ee11f08d95cde9ee13b4b2
*********Cookie: usy46gabsosd = cubcsa_17439475672750.14c50c13f3c78da0f5077f3ebf3848e4_4431
*********Cookie: _uetsid = 6ca5220012ee11f0b798a39a2da55f73
*********Cookie: _ga_T2T689XRGT = GS1.1.1743947567.1.1.1743947570.57.0.0
*********Cookie: AMCV_B877A5DB584931AC0A495EAA%40AdobeOrg = 1585540135%7CMCIDTS%7C20185%7CMCMID%7C51382406748084580792527209530358711032%7CMCAAMLH-1744552367%7C11%7CMCAAMB-1744552367%7C6G1ynYcLPuiQxYZrsz_pkqfLG9yMXBpb2zX5dvJdYQJzPXImdj0y%7CMCCIDH%7C1062709688%7CMCOPTOUT-1743954767s%7CNONE%7CMCSYNCSOP%7C411-20192%7CvVersion%7C4.4.0
*********Cookie: _ga = GA1.1.1475547593.1743947568
*********Cookie: _fbp = fb.2.1743947568199.910706376827720156
*********Cookie: at_check = true
*********Cookie: __lt__cid = ad8a8843-255f-4dec-858a-267fabbe4b88
*********Cookie: _gcl_au = 1.1.1532680718.1743947568
*********Cookie: AMCVS_B877A5DB584931AC0A495EAA%40AdobeOrg = 1
21:52:50.639 [Forwarding getCurrentUrl on session 5ddfc2ea-b1e0-4d3c-9181-055b3338be42 to remote] DEBUG org.asynchttpclient.netty.request.NettyRequestSender -- Using pooled Channel '[id: 0xd850032e, L:/127.0.0.1:49363 - R:/127.0.0.1:4723]' for 'GET' to 'http://127.0.0.1:4723/session/5ddfc2ea-b1e0-4d3c-9181-055b3338be42/url'
21:52:50.639 [Forwarding getCurrentUrl on session 5ddfc2ea-b1e0-4d3c-9181-055b3338be42 to remote] DEBUG org.asynchttpclient.netty.request.NettyRequestSender -- Using open Channel [id: 0xd850032e, L:/127.0.0.1:49363 - R:/127.0.0.1:4723] for GET '/session/5ddfc2ea-b1e0-4d3c-9181-055b3338be42/url'
21:52:50.653 [AsyncHttpClient-1-2] DEBUG org.asynchttpclient.netty.handler.HttpHandler -- 

Request DefaultFullHttpRequest(decodeResult: success, version: HTTP/1.1, content: EmptyByteBufBE)
GET /session/5ddfc2ea-b1e0-4d3c-9181-055b3338be42/url HTTP/1.1
Cache-Control: no-cache
User-Agent: appium/8.3.0 (selenium/4.8.3 (java mac))
Content-Type: application/json; charset=utf-8
host: 127.0.0.1:4723
accept: */*

Response DefaultHttpResponse(decodeResult: success, version: HTTP/1.1)
HTTP/1.1 200 OK
X-Powered-By: Express
Content-Type: application/json; charset=utf-8
Content-Length: 90
ETag: W/"5a-SVzTdoqQsw2ztnbhgzn9TDJ+oVM"
Date: Sun, 06 Apr 2025 13:52:50 GMT
Connection: keep-alive
Keep-Alive: timeout=600

21:52:50.653 [AsyncHttpClient-1-2] DEBUG org.asynchttpclient.netty.channel.ChannelManager -- Adding key: http://127.0.0.1:4723 for channel [id: 0xd850032e, L:/127.0.0.1:49363 - R:/127.0.0.1:4723]
21:52:50.655 [Forwarding setTimeout on session 5ddfc2ea-b1e0-4d3c-9181-055b3338be42 to remote] DEBUG org.asynchttpclient.netty.request.NettyRequestSender -- Using pooled Channel '[id: 0xd850032e, L:/127.0.0.1:49363 - R:/127.0.0.1:4723]' for 'POST' to 'http://127.0.0.1:4723/session/5ddfc2ea-b1e0-4d3c-9181-055b3338be42/timeouts'
21:52:50.655 [Forwarding setTimeout on session 5ddfc2ea-b1e0-4d3c-9181-055b3338be42 to remote] DEBUG org.asynchttpclient.netty.request.NettyRequestSender -- Using open Channel [id: 0xd850032e, L:/127.0.0.1:49363 - R:/127.0.0.1:4723] for POST '/session/5ddfc2ea-b1e0-4d3c-9181-055b3338be42/timeouts'
21:52:50.657 [AsyncHttpClient-1-2] DEBUG org.asynchttpclient.netty.handler.HttpHandler -- 

Request DefaultHttpRequest(decodeResult: success, version: HTTP/1.1)
POST /session/5ddfc2ea-b1e0-4d3c-9181-055b3338be42/timeouts HTTP/1.1
User-Agent: appium/8.3.0 (selenium/4.8.3 (java mac))
Content-Length: 23
Content-Type: application/json; charset=utf-8
host: 127.0.0.1:4723
accept: */*

Response DefaultHttpResponse(decodeResult: success, version: HTTP/1.1)
HTTP/1.1 200 OK
X-Powered-By: Express
Vary: X-HTTP-Method-Override
Content-Type: application/json; charset=utf-8
Content-Length: 14
ETag: W/"e-9/1BuKMgFObM1mWJm+YjxtXJnUM"
Date: Sun, 06 Apr 2025 13:52:50 GMT
Connection: keep-alive
Keep-Alive: timeout=600

21:52:50.657 [AsyncHttpClient-1-2] DEBUG org.asynchttpclient.netty.channel.ChannelManager -- Adding key: http://127.0.0.1:4723 for channel [id: 0xd850032e, L:/127.0.0.1:49363 - R:/127.0.0.1:4723]
21:52:50.658 [Forwarding setTimeout on session 5ddfc2ea-b1e0-4d3c-9181-055b3338be42 to remote] DEBUG org.asynchttpclient.netty.request.NettyRequestSender -- Using pooled Channel '[id: 0xd850032e, L:/127.0.0.1:49363 - R:/127.0.0.1:4723]' for 'POST' to 'http://127.0.0.1:4723/session/5ddfc2ea-b1e0-4d3c-9181-055b3338be42/timeouts'
21:52:50.658 [Forwarding setTimeout on session 5ddfc2ea-b1e0-4d3c-9181-055b3338be42 to remote] DEBUG org.asynchttpclient.netty.request.NettyRequestSender -- Using open Channel [id: 0xd850032e, L:/127.0.0.1:49363 - R:/127.0.0.1:4723] for POST '/session/5ddfc2ea-b1e0-4d3c-9181-055b3338be42/timeouts'
21:52:50.660 [AsyncHttpClient-1-2] DEBUG org.asynchttpclient.netty.handler.HttpHandler -- 

Request DefaultHttpRequest(decodeResult: success, version: HTTP/1.1)
POST /session/5ddfc2ea-b1e0-4d3c-9181-055b3338be42/timeouts HTTP/1.1
User-Agent: appium/8.3.0 (selenium/4.8.3 (java mac))
Content-Length: 23
Content-Type: application/json; charset=utf-8
host: 127.0.0.1:4723
accept: */*

Response DefaultHttpResponse(decodeResult: success, version: HTTP/1.1)
HTTP/1.1 200 OK
X-Powered-By: Express
Vary: X-HTTP-Method-Override
Content-Type: application/json; charset=utf-8
Content-Length: 14
ETag: W/"e-9/1BuKMgFObM1mWJm+YjxtXJnUM"
Date: Sun, 06 Apr 2025 13:52:50 GMT
Connection: keep-alive
Keep-Alive: timeout=600

21:52:50.660 [AsyncHttpClient-1-2] DEBUG org.asynchttpclient.netty.channel.ChannelManager -- Adding key: http://127.0.0.1:4723 for channel [id: 0xd850032e, L:/127.0.0.1:49363 - R:/127.0.0.1:4723]
21:52:50.661 [Forwarding setTimeout on session 5ddfc2ea-b1e0-4d3c-9181-055b3338be42 to remote] DEBUG org.asynchttpclient.netty.request.NettyRequestSender -- Using pooled Channel '[id: 0xd850032e, L:/127.0.0.1:49363 - R:/127.0.0.1:4723]' for 'POST' to 'http://127.0.0.1:4723/session/5ddfc2ea-b1e0-4d3c-9181-055b3338be42/timeouts'
21:52:50.661 [Forwarding setTimeout on session 5ddfc2ea-b1e0-4d3c-9181-055b3338be42 to remote] DEBUG org.asynchttpclient.netty.request.NettyRequestSender -- Using open Channel [id: 0xd850032e, L:/127.0.0.1:49363 - R:/127.0.0.1:4723] for POST '/session/5ddfc2ea-b1e0-4d3c-9181-055b3338be42/timeouts'
21:52:50.663 [AsyncHttpClient-1-2] DEBUG org.asynchttpclient.netty.handler.HttpHandler -- 

Request DefaultHttpRequest(decodeResult: success, version: HTTP/1.1)
POST /session/5ddfc2ea-b1e0-4d3c-9181-055b3338be42/timeouts HTTP/1.1
User-Agent: appium/8.3.0 (selenium/4.8.3 (java mac))
Content-Length: 21
Content-Type: application/json; charset=utf-8
host: 127.0.0.1:4723
accept: */*

Response DefaultHttpResponse(decodeResult: success, version: HTTP/1.1)
HTTP/1.1 200 OK
X-Powered-By: Express
Vary: X-HTTP-Method-Override
Content-Type: application/json; charset=utf-8
Content-Length: 14
ETag: W/"e-9/1BuKMgFObM1mWJm+YjxtXJnUM"
Date: Sun, 06 Apr 2025 13:52:50 GMT
Connection: keep-alive
Keep-Alive: timeout=600

21:52:50.663 [AsyncHttpClient-1-2] DEBUG org.asynchttpclient.netty.channel.ChannelManager -- Adding key: http://127.0.0.1:4723 for channel [id: 0xd850032e, L:/127.0.0.1:49363 - R:/127.0.0.1:4723]
21:52:50.663 [main] INFO com.cathay.test.tests.MortgageCalculatorTest -- MortgageCalculatorTest 驗證完成
房貸試算功能測試 - 貸款利率輸入非數字
21:52:50.664 [main] INFO com.cathay.test.tests.MortgageCalculatorTest -- 開始執行：testErrorHandlingInterestRateNonNumber
21:52:50.664 [Forwarding get on session 5ddfc2ea-b1e0-4d3c-9181-055b3338be42 to remote] DEBUG org.asynchttpclient.netty.request.NettyRequestSender -- Using pooled Channel '[id: 0xd850032e, L:/127.0.0.1:49363 - R:/127.0.0.1:4723]' for 'POST' to 'http://127.0.0.1:4723/session/5ddfc2ea-b1e0-4d3c-9181-055b3338be42/url'
21:52:50.664 [Forwarding get on session 5ddfc2ea-b1e0-4d3c-9181-055b3338be42 to remote] DEBUG org.asynchttpclient.netty.request.NettyRequestSender -- Using open Channel [id: 0xd850032e, L:/127.0.0.1:49363 - R:/127.0.0.1:4723] for POST '/session/5ddfc2ea-b1e0-4d3c-9181-055b3338be42/url'
21:52:51.962 [AsyncHttpClient-1-2] DEBUG org.asynchttpclient.netty.handler.HttpHandler -- 

Request DefaultHttpRequest(decodeResult: success, version: HTTP/1.1)
POST /session/5ddfc2ea-b1e0-4d3c-9181-055b3338be42/url HTTP/1.1
User-Agent: appium/8.3.0 (selenium/4.8.3 (java mac))
Content-Length: 133
Content-Type: application/json; charset=utf-8
host: 127.0.0.1:4723
accept: */*

Response DefaultHttpResponse(decodeResult: success, version: HTTP/1.1)
HTTP/1.1 200 OK
X-Powered-By: Express
Vary: X-HTTP-Method-Override
Content-Type: application/json; charset=utf-8
Content-Length: 14
ETag: W/"e-9/1BuKMgFObM1mWJm+YjxtXJnUM"
Date: Sun, 06 Apr 2025 13:52:51 GMT
Connection: keep-alive
Keep-Alive: timeout=600

21:52:51.962 [AsyncHttpClient-1-2] DEBUG org.asynchttpclient.netty.channel.ChannelManager -- Adding key: http://127.0.0.1:4723 for channel [id: 0xd850032e, L:/127.0.0.1:49363 - R:/127.0.0.1:4723]
21:52:51.964 [Forwarding getCurrentUrl on session 5ddfc2ea-b1e0-4d3c-9181-055b3338be42 to remote] DEBUG org.asynchttpclient.netty.request.NettyRequestSender -- Using pooled Channel '[id: 0xd850032e, L:/127.0.0.1:49363 - R:/127.0.0.1:4723]' for 'GET' to 'http://127.0.0.1:4723/session/5ddfc2ea-b1e0-4d3c-9181-055b3338be42/url'
21:52:51.964 [Forwarding getCurrentUrl on session 5ddfc2ea-b1e0-4d3c-9181-055b3338be42 to remote] DEBUG org.asynchttpclient.netty.request.NettyRequestSender -- Using open Channel [id: 0xd850032e, L:/127.0.0.1:49363 - R:/127.0.0.1:4723] for GET '/session/5ddfc2ea-b1e0-4d3c-9181-055b3338be42/url'
21:52:52.001 [AsyncHttpClient-1-2] DEBUG org.asynchttpclient.netty.handler.HttpHandler -- 

Request DefaultFullHttpRequest(decodeResult: success, version: HTTP/1.1, content: EmptyByteBufBE)
GET /session/5ddfc2ea-b1e0-4d3c-9181-055b3338be42/url HTTP/1.1
Cache-Control: no-cache
User-Agent: appium/8.3.0 (selenium/4.8.3 (java mac))
Content-Type: application/json; charset=utf-8
host: 127.0.0.1:4723
accept: */*

Response DefaultHttpResponse(decodeResult: success, version: HTTP/1.1)
HTTP/1.1 200 OK
X-Powered-By: Express
Content-Type: application/json; charset=utf-8
Content-Length: 90
ETag: W/"5a-SVzTdoqQsw2ztnbhgzn9TDJ+oVM"
Date: Sun, 06 Apr 2025 13:52:52 GMT
Connection: keep-alive
Keep-Alive: timeout=600

21:52:52.001 [AsyncHttpClient-1-2] DEBUG org.asynchttpclient.netty.channel.ChannelManager -- Adding key: http://127.0.0.1:4723 for channel [id: 0xd850032e, L:/127.0.0.1:49363 - R:/127.0.0.1:4723]
*********3rd party cookie Current URL: https://www.cathaybk.com.tw/cathaybk/personal/loan/calculator/mortgage-budget/
21:52:52.003 [Forwarding getCookies on session 5ddfc2ea-b1e0-4d3c-9181-055b3338be42 to remote] DEBUG org.asynchttpclient.netty.request.NettyRequestSender -- Using pooled Channel '[id: 0xd850032e, L:/127.0.0.1:49363 - R:/127.0.0.1:4723]' for 'GET' to 'http://127.0.0.1:4723/session/5ddfc2ea-b1e0-4d3c-9181-055b3338be42/cookie'
21:52:52.003 [Forwarding getCookies on session 5ddfc2ea-b1e0-4d3c-9181-055b3338be42 to remote] DEBUG org.asynchttpclient.netty.request.NettyRequestSender -- Using open Channel [id: 0xd850032e, L:/127.0.0.1:49363 - R:/127.0.0.1:4723] for GET '/session/5ddfc2ea-b1e0-4d3c-9181-055b3338be42/cookie'
21:52:52.027 [AsyncHttpClient-1-2] DEBUG org.asynchttpclient.netty.handler.HttpHandler -- 

Request DefaultFullHttpRequest(decodeResult: success, version: HTTP/1.1, content: EmptyByteBufBE)
GET /session/5ddfc2ea-b1e0-4d3c-9181-055b3338be42/cookie HTTP/1.1
Cache-Control: no-cache
User-Agent: appium/8.3.0 (selenium/4.8.3 (java mac))
Content-Type: application/json; charset=utf-8
host: 127.0.0.1:4723
accept: */*

Response DefaultHttpResponse(decodeResult: success, version: HTTP/1.1)
HTTP/1.1 200 OK
X-Powered-By: Express
Content-Type: application/json; charset=utf-8
Content-Length: 5180
ETag: W/"143c-uMOG5igG8SVVCDKNc+wvaIP8+2A"
Date: Sun, 06 Apr 2025 13:52:52 GMT
Connection: keep-alive
Keep-Alive: timeout=600

21:52:52.027 [AsyncHttpClient-1-2] DEBUG org.asynchttpclient.netty.channel.ChannelManager -- Adding key: http://127.0.0.1:4723 for channel [id: 0xd850032e, L:/127.0.0.1:49363 - R:/127.0.0.1:4723]
*********Cookie: citrix_ns_id = AAQ7LYfyZzvx5kcHAAAAADvLSubBRkGc__LEOzpkpT2cXsxrPbGiUaCzOdsmwoI9Ow==t4ryZw==UNoJWz93ZZ0jx6AeGkdlhmeCIRI=
*********Cookie: ASP.NET_SessionId = fzzluatv3ifzmqos1gqt1hky
*********Cookie: _ss_pp_id = b0e9b738abfd5bb2b9e1743918768252
*********Cookie: _mg_ckp = eyJja1RrZERGIjoiIn0=
*********Cookie: shell#lang = en
*********Cookie: mbox = session#169b04b0c39940deb4159b2407850691#1743949432|PC#169b04b0c39940deb4159b2407850691.32_0#1807192372
*********Cookie: _td = c8d271d5-dd7d-46fe-b308-9e28dc015f47
*********Cookie: dv0qai26lg6v2y6kl7yyc36brextdpazmgcp4mw = qp2v1kjfzob
*********Cookie: _uetvid = 6ca5b70012ee11f08d95cde9ee13b4b2
*********Cookie: _uetsid = 6ca5220012ee11f0b798a39a2da55f73
*********Cookie: _ga_T2T689XRGT = GS1.1.1743947567.1.1.1743947571.56.0.0
*********Cookie: AMCV_B877A5DB584931AC0A495EAA%40AdobeOrg = 1585540135%7CMCIDTS%7C20185%7CMCMID%7C51382406748084580792527209530358711032%7CMCAAMLH-1744552367%7C11%7CMCAAMB-1744552367%7C6G1ynYcLPuiQxYZrsz_pkqfLG9yMXBpb2zX5dvJdYQJzPXImdj0y%7CMCCIDH%7C1062709688%7CMCOPTOUT-1743954767s%7CNONE%7CMCSYNCSOP%7C411-20192%7CvVersion%7C4.4.0
*********Cookie: at_check = true
*********Cookie: _fbp = fb.2.1743947568199.910706376827720156
*********Cookie: __lt__cid = ad8a8843-255f-4dec-858a-267fabbe4b88
*********Cookie: dv0qai26lg6v2y6kl7yyc36brextd11l5cobczi3o = b9p0keiekc
*********Cookie: dv0qai26lg6v2y6kl7yyc36brextdaj0uheei8sm = 3pg8gd0iq9u
*********Cookie: dv0qai26lg6v2y6kl7yyc36brextdfr45cqg8mgs = sztfibubgc
*********Cookie: __lt__sid = f3408e61-1a7b1d62
*********Cookie: cathaybk_new = 4bb3a3d8d4f078cfaa7badb04abb60df7ed08c3d037be7593e9c32d57ce56d7fc2c8d446
*********Cookie: __mguid_ = 8d0906c311dd46a691c100e78180dfe2
*********Cookie: FingerprintCookie = a83734ca5c2401a34f4ad325dff7c9ff
*********Cookie: dv0qai26lg6v2y6kl7yyc36brextdjkwmr4gs4n9 = 33rkh69st1j
*********Cookie: usy46gabsosd = cubcsa_17439475672750.14c50c13f3c78da0f5077f3ebf3848e4_4431
*********Cookie: _ga = GA1.1.1475547593.1743947568
*********Cookie: _gcl_au = 1.1.1532680718.1743947568
*********Cookie: AMCVS_B877A5DB584931AC0A495EAA%40AdobeOrg = 1
*********Cookie: dv0qai26lg6v2y6kl7yyc36brextdrza4a9mhuq = 3eqgbeb4nub
21:52:52.029 [Forwarding getCurrentUrl on session 5ddfc2ea-b1e0-4d3c-9181-055b3338be42 to remote] DEBUG org.asynchttpclient.netty.request.NettyRequestSender -- Using pooled Channel '[id: 0xd850032e, L:/127.0.0.1:49363 - R:/127.0.0.1:4723]' for 'GET' to 'http://127.0.0.1:4723/session/5ddfc2ea-b1e0-4d3c-9181-055b3338be42/url'
21:52:52.029 [Forwarding getCurrentUrl on session 5ddfc2ea-b1e0-4d3c-9181-055b3338be42 to remote] DEBUG org.asynchttpclient.netty.request.NettyRequestSender -- Using open Channel [id: 0xd850032e, L:/127.0.0.1:49363 - R:/127.0.0.1:4723] for GET '/session/5ddfc2ea-b1e0-4d3c-9181-055b3338be42/url'
21:52:52.043 [AsyncHttpClient-1-2] DEBUG org.asynchttpclient.netty.handler.HttpHandler -- 

Request DefaultFullHttpRequest(decodeResult: success, version: HTTP/1.1, content: EmptyByteBufBE)
GET /session/5ddfc2ea-b1e0-4d3c-9181-055b3338be42/url HTTP/1.1
Cache-Control: no-cache
User-Agent: appium/8.3.0 (selenium/4.8.3 (java mac))
Content-Type: application/json; charset=utf-8
host: 127.0.0.1:4723
accept: */*

Response DefaultHttpResponse(decodeResult: success, version: HTTP/1.1)
HTTP/1.1 200 OK
X-Powered-By: Express
Content-Type: application/json; charset=utf-8
Content-Length: 90
ETag: W/"5a-SVzTdoqQsw2ztnbhgzn9TDJ+oVM"
Date: Sun, 06 Apr 2025 13:52:52 GMT
Connection: keep-alive
Keep-Alive: timeout=600

21:52:52.043 [AsyncHttpClient-1-2] DEBUG org.asynchttpclient.netty.channel.ChannelManager -- Adding key: http://127.0.0.1:4723 for channel [id: 0xd850032e, L:/127.0.0.1:49363 - R:/127.0.0.1:4723]
21:52:52.044 [main] INFO com.cathay.test.tests.MortgageCalculatorTest -- 已開啟房貸試算頁面: https://www.cathaybk.com.tw/cathaybk/personal/loan/calculator/mortgage-budget/
21:52:52.044 [Forwarding findElement on session 5ddfc2ea-b1e0-4d3c-9181-055b3338be42 to remote] DEBUG org.asynchttpclient.netty.request.NettyRequestSender -- Using pooled Channel '[id: 0xd850032e, L:/127.0.0.1:49363 - R:/127.0.0.1:4723]' for 'POST' to 'http://127.0.0.1:4723/session/5ddfc2ea-b1e0-4d3c-9181-055b3338be42/element'
21:52:52.045 [Forwarding findElement on session 5ddfc2ea-b1e0-4d3c-9181-055b3338be42 to remote] DEBUG org.asynchttpclient.netty.request.NettyRequestSender -- Using open Channel [id: 0xd850032e, L:/127.0.0.1:49363 - R:/127.0.0.1:4723] for POST '/session/5ddfc2ea-b1e0-4d3c-9181-055b3338be42/element'
21:52:52.071 [AsyncHttpClient-1-2] DEBUG org.asynchttpclient.netty.handler.HttpHandler -- 

Request DefaultHttpRequest(decodeResult: success, version: HTTP/1.1)
POST /session/5ddfc2ea-b1e0-4d3c-9181-055b3338be42/element HTTP/1.1
User-Agent: appium/8.3.0 (selenium/4.8.3 (java mac))
Content-Length: 64
Content-Type: application/json; charset=utf-8
host: 127.0.0.1:4723
accept: */*

Response DefaultHttpResponse(decodeResult: success, version: HTTP/1.1)
HTTP/1.1 200 OK
X-Powered-By: Express
Vary: X-HTTP-Method-Override
Content-Type: application/json; charset=utf-8
Content-Length: 215
ETag: W/"d7-kpYPgUwWBepzYGNwNcWaTWqE4lU"
Date: Sun, 06 Apr 2025 13:52:52 GMT
Connection: keep-alive
Keep-Alive: timeout=600

21:52:52.071 [AsyncHttpClient-1-2] DEBUG org.asynchttpclient.netty.channel.ChannelManager -- Adding key: http://127.0.0.1:4723 for channel [id: 0xd850032e, L:/127.0.0.1:49363 - R:/127.0.0.1:4723]
21:52:52.072 [Forwarding executeScript on session 5ddfc2ea-b1e0-4d3c-9181-055b3338be42 to remote] DEBUG org.asynchttpclient.netty.request.NettyRequestSender -- Using pooled Channel '[id: 0xd850032e, L:/127.0.0.1:49363 - R:/127.0.0.1:4723]' for 'POST' to 'http://127.0.0.1:4723/session/5ddfc2ea-b1e0-4d3c-9181-055b3338be42/execute/sync'
21:52:52.073 [Forwarding executeScript on session 5ddfc2ea-b1e0-4d3c-9181-055b3338be42 to remote] DEBUG org.asynchttpclient.netty.request.NettyRequestSender -- Using open Channel [id: 0xd850032e, L:/127.0.0.1:49363 - R:/127.0.0.1:4723] for POST '/session/5ddfc2ea-b1e0-4d3c-9181-055b3338be42/execute/sync'
21:52:52.097 [AsyncHttpClient-1-2] DEBUG org.asynchttpclient.netty.handler.HttpHandler -- 

Request DefaultHttpRequest(decodeResult: success, version: HTTP/1.1)
POST /session/5ddfc2ea-b1e0-4d3c-9181-055b3338be42/execute/sync HTTP/1.1
User-Agent: appium/8.3.0 (selenium/4.8.3 (java mac))
Content-Length: 347
Content-Type: application/json; charset=utf-8
host: 127.0.0.1:4723
accept: */*

Response DefaultHttpResponse(decodeResult: success, version: HTTP/1.1)
HTTP/1.1 200 OK
X-Powered-By: Express
Vary: X-HTTP-Method-Override
Content-Type: application/json; charset=utf-8
Content-Length: 14
ETag: W/"e-9/1BuKMgFObM1mWJm+YjxtXJnUM"
Date: Sun, 06 Apr 2025 13:52:52 GMT
Connection: keep-alive
Keep-Alive: timeout=600

21:52:52.097 [AsyncHttpClient-1-2] DEBUG org.asynchttpclient.netty.channel.ChannelManager -- Adding key: http://127.0.0.1:4723 for channel [id: 0xd850032e, L:/127.0.0.1:49363 - R:/127.0.0.1:4723]
21:52:52.098 [Forwarding findElement on session 5ddfc2ea-b1e0-4d3c-9181-055b3338be42 to remote] DEBUG org.asynchttpclient.netty.request.NettyRequestSender -- Using pooled Channel '[id: 0xd850032e, L:/127.0.0.1:49363 - R:/127.0.0.1:4723]' for 'POST' to 'http://127.0.0.1:4723/session/5ddfc2ea-b1e0-4d3c-9181-055b3338be42/element'
21:52:52.098 [Forwarding findElement on session 5ddfc2ea-b1e0-4d3c-9181-055b3338be42 to remote] DEBUG org.asynchttpclient.netty.request.NettyRequestSender -- Using open Channel [id: 0xd850032e, L:/127.0.0.1:49363 - R:/127.0.0.1:4723] for POST '/session/5ddfc2ea-b1e0-4d3c-9181-055b3338be42/element'
21:52:52.128 [AsyncHttpClient-1-2] DEBUG org.asynchttpclient.netty.handler.HttpHandler -- 

Request DefaultHttpRequest(decodeResult: success, version: HTTP/1.1)
POST /session/5ddfc2ea-b1e0-4d3c-9181-055b3338be42/element HTTP/1.1
User-Agent: appium/8.3.0 (selenium/4.8.3 (java mac))
Content-Length: 64
Content-Type: application/json; charset=utf-8
host: 127.0.0.1:4723
accept: */*

Response DefaultHttpResponse(decodeResult: success, version: HTTP/1.1)
HTTP/1.1 200 OK
X-Powered-By: Express
Vary: X-HTTP-Method-Override
Content-Type: application/json; charset=utf-8
Content-Length: 215
ETag: W/"d7-WA4kVyqBH2aatAR0ofr1E8Dgwek"
Date: Sun, 06 Apr 2025 13:52:52 GMT
Connection: keep-alive
Keep-Alive: timeout=600

21:52:52.129 [AsyncHttpClient-1-2] DEBUG org.asynchttpclient.netty.channel.ChannelManager -- Adding key: http://127.0.0.1:4723 for channel [id: 0xd850032e, L:/127.0.0.1:49363 - R:/127.0.0.1:4723]
21:52:52.130 [Forwarding executeScript on session 5ddfc2ea-b1e0-4d3c-9181-055b3338be42 to remote] DEBUG org.asynchttpclient.netty.request.NettyRequestSender -- Using pooled Channel '[id: 0xd850032e, L:/127.0.0.1:49363 - R:/127.0.0.1:4723]' for 'POST' to 'http://127.0.0.1:4723/session/5ddfc2ea-b1e0-4d3c-9181-055b3338be42/execute/sync'
21:52:52.130 [Forwarding executeScript on session 5ddfc2ea-b1e0-4d3c-9181-055b3338be42 to remote] DEBUG org.asynchttpclient.netty.request.NettyRequestSender -- Using open Channel [id: 0xd850032e, L:/127.0.0.1:49363 - R:/127.0.0.1:4723] for POST '/session/5ddfc2ea-b1e0-4d3c-9181-055b3338be42/execute/sync'
21:52:52.153 [AsyncHttpClient-1-2] DEBUG org.asynchttpclient.netty.handler.HttpHandler -- 

Request DefaultHttpRequest(decodeResult: success, version: HTTP/1.1)
POST /session/5ddfc2ea-b1e0-4d3c-9181-055b3338be42/execute/sync HTTP/1.1
User-Agent: appium/8.3.0 (selenium/4.8.3 (java mac))
Content-Length: 347
Content-Type: application/json; charset=utf-8
host: 127.0.0.1:4723
accept: */*

Response DefaultHttpResponse(decodeResult: success, version: HTTP/1.1)
HTTP/1.1 200 OK
X-Powered-By: Express
Vary: X-HTTP-Method-Override
Content-Type: application/json; charset=utf-8
Content-Length: 14
ETag: W/"e-9/1BuKMgFObM1mWJm+YjxtXJnUM"
Date: Sun, 06 Apr 2025 13:52:52 GMT
Connection: keep-alive
Keep-Alive: timeout=600

21:52:52.154 [AsyncHttpClient-1-2] DEBUG org.asynchttpclient.netty.channel.ChannelManager -- Adding key: http://127.0.0.1:4723 for channel [id: 0xd850032e, L:/127.0.0.1:49363 - R:/127.0.0.1:4723]
21:52:52.155 [Forwarding findElement on session 5ddfc2ea-b1e0-4d3c-9181-055b3338be42 to remote] DEBUG org.asynchttpclient.netty.request.NettyRequestSender -- Using pooled Channel '[id: 0xd850032e, L:/127.0.0.1:49363 - R:/127.0.0.1:4723]' for 'POST' to 'http://127.0.0.1:4723/session/5ddfc2ea-b1e0-4d3c-9181-055b3338be42/element'
21:52:52.155 [Forwarding findElement on session 5ddfc2ea-b1e0-4d3c-9181-055b3338be42 to remote] DEBUG org.asynchttpclient.netty.request.NettyRequestSender -- Using open Channel [id: 0xd850032e, L:/127.0.0.1:49363 - R:/127.0.0.1:4723] for POST '/session/5ddfc2ea-b1e0-4d3c-9181-055b3338be42/element'
21:52:52.177 [AsyncHttpClient-1-2] DEBUG org.asynchttpclient.netty.handler.HttpHandler -- 

Request DefaultHttpRequest(decodeResult: success, version: HTTP/1.1)
POST /session/5ddfc2ea-b1e0-4d3c-9181-055b3338be42/element HTTP/1.1
User-Agent: appium/8.3.0 (selenium/4.8.3 (java mac))
Content-Length: 65
Content-Type: application/json; charset=utf-8
host: 127.0.0.1:4723
accept: */*

Response DefaultHttpResponse(decodeResult: success, version: HTTP/1.1)
HTTP/1.1 200 OK
X-Powered-By: Express
Vary: X-HTTP-Method-Override
Content-Type: application/json; charset=utf-8
Content-Length: 215
ETag: W/"d7-L8E0rh4inZv29ORO1ZEALGEXJwY"
Date: Sun, 06 Apr 2025 13:52:52 GMT
Connection: keep-alive
Keep-Alive: timeout=600

21:52:52.178 [AsyncHttpClient-1-2] DEBUG org.asynchttpclient.netty.channel.ChannelManager -- Adding key: http://127.0.0.1:4723 for channel [id: 0xd850032e, L:/127.0.0.1:49363 - R:/127.0.0.1:4723]
21:52:52.179 [Forwarding clearElement on session 5ddfc2ea-b1e0-4d3c-9181-055b3338be42 to remote] DEBUG org.asynchttpclient.netty.request.NettyRequestSender -- Using pooled Channel '[id: 0xd850032e, L:/127.0.0.1:49363 - R:/127.0.0.1:4723]' for 'POST' to 'http://127.0.0.1:4723/session/5ddfc2ea-b1e0-4d3c-9181-055b3338be42/element/f.5B003D1E7EAC115B8329C43000E5ADE6.d.B7F2BF2A9E6CD62446F344642DCA0171.e.383/clear'
21:52:52.179 [Forwarding clearElement on session 5ddfc2ea-b1e0-4d3c-9181-055b3338be42 to remote] DEBUG org.asynchttpclient.netty.request.NettyRequestSender -- Using open Channel [id: 0xd850032e, L:/127.0.0.1:49363 - R:/127.0.0.1:4723] for POST '/session/5ddfc2ea-b1e0-4d3c-9181-055b3338be42/element/f.5B003D1E7EAC115B8329C43000E5ADE6.d.B7F2BF2A9E6CD62446F344642DCA0171.e.383/clear'
21:52:52.269 [AsyncHttpClient-1-2] DEBUG org.asynchttpclient.netty.handler.HttpHandler -- 

Request DefaultHttpRequest(decodeResult: success, version: HTTP/1.1)
POST /session/5ddfc2ea-b1e0-4d3c-9181-055b3338be42/element/f.5B003D1E7EAC115B8329C43000E5ADE6.d.B7F2BF2A9E6CD62446F344642DCA0171.e.383/clear HTTP/1.1
User-Agent: appium/8.3.0 (selenium/4.8.3 (java mac))
Content-Length: 89
Content-Type: application/json; charset=utf-8
host: 127.0.0.1:4723
accept: */*

Response DefaultHttpResponse(decodeResult: success, version: HTTP/1.1)
HTTP/1.1 200 OK
X-Powered-By: Express
Vary: X-HTTP-Method-Override
Content-Type: application/json; charset=utf-8
Content-Length: 14
ETag: W/"e-9/1BuKMgFObM1mWJm+YjxtXJnUM"
Date: Sun, 06 Apr 2025 13:52:52 GMT
Connection: keep-alive
Keep-Alive: timeout=600

21:52:52.269 [AsyncHttpClient-1-2] DEBUG org.asynchttpclient.netty.channel.ChannelManager -- Adding key: http://127.0.0.1:4723 for channel [id: 0xd850032e, L:/127.0.0.1:49363 - R:/127.0.0.1:4723]
21:52:52.270 [Forwarding sendKeysToElement on session 5ddfc2ea-b1e0-4d3c-9181-055b3338be42 to remote] DEBUG org.asynchttpclient.netty.request.NettyRequestSender -- Using pooled Channel '[id: 0xd850032e, L:/127.0.0.1:49363 - R:/127.0.0.1:4723]' for 'POST' to 'http://127.0.0.1:4723/session/5ddfc2ea-b1e0-4d3c-9181-055b3338be42/element/f.5B003D1E7EAC115B8329C43000E5ADE6.d.B7F2BF2A9E6CD62446F344642DCA0171.e.383/value'
21:52:52.270 [Forwarding sendKeysToElement on session 5ddfc2ea-b1e0-4d3c-9181-055b3338be42 to remote] DEBUG org.asynchttpclient.netty.request.NettyRequestSender -- Using open Channel [id: 0xd850032e, L:/127.0.0.1:49363 - R:/127.0.0.1:4723] for POST '/session/5ddfc2ea-b1e0-4d3c-9181-055b3338be42/element/f.5B003D1E7EAC115B8329C43000E5ADE6.d.B7F2BF2A9E6CD62446F344642DCA0171.e.383/value'
21:52:52.504 [AsyncHttpClient-1-2] DEBUG org.asynchttpclient.netty.handler.HttpHandler -- 

Request DefaultHttpRequest(decodeResult: success, version: HTTP/1.1)
POST /session/5ddfc2ea-b1e0-4d3c-9181-055b3338be42/element/f.5B003D1E7EAC115B8329C43000E5ADE6.d.B7F2BF2A9E6CD62446F344642DCA0171.e.383/value HTTP/1.1
User-Agent: appium/8.3.0 (selenium/4.8.3 (java mac))
Content-Length: 130
Content-Type: application/json; charset=utf-8
host: 127.0.0.1:4723
accept: */*

Response DefaultHttpResponse(decodeResult: success, version: HTTP/1.1)
HTTP/1.1 200 OK
X-Powered-By: Express
Vary: X-HTTP-Method-Override
Content-Type: application/json; charset=utf-8
Content-Length: 14
ETag: W/"e-9/1BuKMgFObM1mWJm+YjxtXJnUM"
Date: Sun, 06 Apr 2025 13:52:52 GMT
Connection: keep-alive
Keep-Alive: timeout=600

21:52:52.504 [AsyncHttpClient-1-2] DEBUG org.asynchttpclient.netty.channel.ChannelManager -- Adding key: http://127.0.0.1:4723 for channel [id: 0xd850032e, L:/127.0.0.1:49363 - R:/127.0.0.1:4723]
21:52:52.505 [Forwarding findElement on session 5ddfc2ea-b1e0-4d3c-9181-055b3338be42 to remote] DEBUG org.asynchttpclient.netty.request.NettyRequestSender -- Using pooled Channel '[id: 0xd850032e, L:/127.0.0.1:49363 - R:/127.0.0.1:4723]' for 'POST' to 'http://127.0.0.1:4723/session/5ddfc2ea-b1e0-4d3c-9181-055b3338be42/element'
21:52:52.505 [Forwarding findElement on session 5ddfc2ea-b1e0-4d3c-9181-055b3338be42 to remote] DEBUG org.asynchttpclient.netty.request.NettyRequestSender -- Using open Channel [id: 0xd850032e, L:/127.0.0.1:49363 - R:/127.0.0.1:4723] for POST '/session/5ddfc2ea-b1e0-4d3c-9181-055b3338be42/element'
21:52:52.542 [AsyncHttpClient-1-2] DEBUG org.asynchttpclient.netty.handler.HttpHandler -- 

Request DefaultHttpRequest(decodeResult: success, version: HTTP/1.1)
POST /session/5ddfc2ea-b1e0-4d3c-9181-055b3338be42/element HTTP/1.1
User-Agent: appium/8.3.0 (selenium/4.8.3 (java mac))
Content-Length: 60
Content-Type: application/json; charset=utf-8
host: 127.0.0.1:4723
accept: */*

Response DefaultHttpResponse(decodeResult: success, version: HTTP/1.1)
HTTP/1.1 200 OK
X-Powered-By: Express
Vary: X-HTTP-Method-Override
Content-Type: application/json; charset=utf-8
Content-Length: 215
ETag: W/"d7-a48hsD/hPhqceHs6wisRLI04liE"
Date: Sun, 06 Apr 2025 13:52:52 GMT
Connection: keep-alive
Keep-Alive: timeout=600

21:52:52.543 [AsyncHttpClient-1-2] DEBUG org.asynchttpclient.netty.channel.ChannelManager -- Adding key: http://127.0.0.1:4723 for channel [id: 0xd850032e, L:/127.0.0.1:49363 - R:/127.0.0.1:4723]
21:52:52.544 [Forwarding isElementDisplayed on session 5ddfc2ea-b1e0-4d3c-9181-055b3338be42 to remote] DEBUG org.asynchttpclient.netty.request.NettyRequestSender -- Using pooled Channel '[id: 0xd850032e, L:/127.0.0.1:49363 - R:/127.0.0.1:4723]' for 'GET' to 'http://127.0.0.1:4723/session/5ddfc2ea-b1e0-4d3c-9181-055b3338be42/element/f.5B003D1E7EAC115B8329C43000E5ADE6.d.B7F2BF2A9E6CD62446F344642DCA0171.e.388/displayed'
21:52:52.544 [Forwarding isElementDisplayed on session 5ddfc2ea-b1e0-4d3c-9181-055b3338be42 to remote] DEBUG org.asynchttpclient.netty.request.NettyRequestSender -- Using open Channel [id: 0xd850032e, L:/127.0.0.1:49363 - R:/127.0.0.1:4723] for GET '/session/5ddfc2ea-b1e0-4d3c-9181-055b3338be42/element/f.5B003D1E7EAC115B8329C43000E5ADE6.d.B7F2BF2A9E6CD62446F344642DCA0171.e.388/displayed'
21:52:52.579 [AsyncHttpClient-1-2] DEBUG org.asynchttpclient.netty.handler.HttpHandler -- 

Request DefaultFullHttpRequest(decodeResult: success, version: HTTP/1.1, content: EmptyByteBufBE)
GET /session/5ddfc2ea-b1e0-4d3c-9181-055b3338be42/element/f.5B003D1E7EAC115B8329C43000E5ADE6.d.B7F2BF2A9E6CD62446F344642DCA0171.e.388/displayed HTTP/1.1
Cache-Control: no-cache
User-Agent: appium/8.3.0 (selenium/4.8.3 (java mac))
Content-Type: application/json; charset=utf-8
host: 127.0.0.1:4723
accept: */*

Response DefaultHttpResponse(decodeResult: success, version: HTTP/1.1)
HTTP/1.1 200 OK
X-Powered-By: Express
Content-Type: application/json; charset=utf-8
Content-Length: 14
ETag: W/"e-2ZHvAWebNQpyjGZTg6uyV8/spTo"
Date: Sun, 06 Apr 2025 13:52:52 GMT
Connection: keep-alive
Keep-Alive: timeout=600

21:52:52.579 [AsyncHttpClient-1-2] DEBUG org.asynchttpclient.netty.channel.ChannelManager -- Adding key: http://127.0.0.1:4723 for channel [id: 0xd850032e, L:/127.0.0.1:49363 - R:/127.0.0.1:4723]
21:52:52.580 [Forwarding isElementEnabled on session 5ddfc2ea-b1e0-4d3c-9181-055b3338be42 to remote] DEBUG org.asynchttpclient.netty.request.NettyRequestSender -- Using pooled Channel '[id: 0xd850032e, L:/127.0.0.1:49363 - R:/127.0.0.1:4723]' for 'GET' to 'http://127.0.0.1:4723/session/5ddfc2ea-b1e0-4d3c-9181-055b3338be42/element/f.5B003D1E7EAC115B8329C43000E5ADE6.d.B7F2BF2A9E6CD62446F344642DCA0171.e.388/enabled'
21:52:52.580 [Forwarding isElementEnabled on session 5ddfc2ea-b1e0-4d3c-9181-055b3338be42 to remote] DEBUG org.asynchttpclient.netty.request.NettyRequestSender -- Using open Channel [id: 0xd850032e, L:/127.0.0.1:49363 - R:/127.0.0.1:4723] for GET '/session/5ddfc2ea-b1e0-4d3c-9181-055b3338be42/element/f.5B003D1E7EAC115B8329C43000E5ADE6.d.B7F2BF2A9E6CD62446F344642DCA0171.e.388/enabled'
21:52:52.608 [AsyncHttpClient-1-2] DEBUG org.asynchttpclient.netty.handler.HttpHandler -- 

Request DefaultFullHttpRequest(decodeResult: success, version: HTTP/1.1, content: EmptyByteBufBE)
GET /session/5ddfc2ea-b1e0-4d3c-9181-055b3338be42/element/f.5B003D1E7EAC115B8329C43000E5ADE6.d.B7F2BF2A9E6CD62446F344642DCA0171.e.388/enabled HTTP/1.1
Cache-Control: no-cache
User-Agent: appium/8.3.0 (selenium/4.8.3 (java mac))
Content-Type: application/json; charset=utf-8
host: 127.0.0.1:4723
accept: */*

Response DefaultHttpResponse(decodeResult: success, version: HTTP/1.1)
HTTP/1.1 200 OK
X-Powered-By: Express
Content-Type: application/json; charset=utf-8
Content-Length: 14
ETag: W/"e-2ZHvAWebNQpyjGZTg6uyV8/spTo"
Date: Sun, 06 Apr 2025 13:52:52 GMT
Connection: keep-alive
Keep-Alive: timeout=600

21:52:52.608 [AsyncHttpClient-1-2] DEBUG org.asynchttpclient.netty.channel.ChannelManager -- Adding key: http://127.0.0.1:4723 for channel [id: 0xd850032e, L:/127.0.0.1:49363 - R:/127.0.0.1:4723]
21:52:52.609 [Forwarding clearElement on session 5ddfc2ea-b1e0-4d3c-9181-055b3338be42 to remote] DEBUG org.asynchttpclient.netty.request.NettyRequestSender -- Using pooled Channel '[id: 0xd850032e, L:/127.0.0.1:49363 - R:/127.0.0.1:4723]' for 'POST' to 'http://127.0.0.1:4723/session/5ddfc2ea-b1e0-4d3c-9181-055b3338be42/element/f.5B003D1E7EAC115B8329C43000E5ADE6.d.B7F2BF2A9E6CD62446F344642DCA0171.e.388/clear'
21:52:52.609 [Forwarding clearElement on session 5ddfc2ea-b1e0-4d3c-9181-055b3338be42 to remote] DEBUG org.asynchttpclient.netty.request.NettyRequestSender -- Using open Channel [id: 0xd850032e, L:/127.0.0.1:49363 - R:/127.0.0.1:4723] for POST '/session/5ddfc2ea-b1e0-4d3c-9181-055b3338be42/element/f.5B003D1E7EAC115B8329C43000E5ADE6.d.B7F2BF2A9E6CD62446F344642DCA0171.e.388/clear'
21:52:52.711 [AsyncHttpClient-1-2] DEBUG org.asynchttpclient.netty.handler.HttpHandler -- 

Request DefaultHttpRequest(decodeResult: success, version: HTTP/1.1)
POST /session/5ddfc2ea-b1e0-4d3c-9181-055b3338be42/element/f.5B003D1E7EAC115B8329C43000E5ADE6.d.B7F2BF2A9E6CD62446F344642DCA0171.e.388/clear HTTP/1.1
User-Agent: appium/8.3.0 (selenium/4.8.3 (java mac))
Content-Length: 89
Content-Type: application/json; charset=utf-8
host: 127.0.0.1:4723
accept: */*

Response DefaultHttpResponse(decodeResult: success, version: HTTP/1.1)
HTTP/1.1 200 OK
X-Powered-By: Express
Vary: X-HTTP-Method-Override
Content-Type: application/json; charset=utf-8
Content-Length: 14
ETag: W/"e-9/1BuKMgFObM1mWJm+YjxtXJnUM"
Date: Sun, 06 Apr 2025 13:52:52 GMT
Connection: keep-alive
Keep-Alive: timeout=600

21:52:52.711 [AsyncHttpClient-1-2] DEBUG org.asynchttpclient.netty.channel.ChannelManager -- Adding key: http://127.0.0.1:4723 for channel [id: 0xd850032e, L:/127.0.0.1:49363 - R:/127.0.0.1:4723]
21:52:52.712 [Forwarding sendKeysToElement on session 5ddfc2ea-b1e0-4d3c-9181-055b3338be42 to remote] DEBUG org.asynchttpclient.netty.request.NettyRequestSender -- Using pooled Channel '[id: 0xd850032e, L:/127.0.0.1:49363 - R:/127.0.0.1:4723]' for 'POST' to 'http://127.0.0.1:4723/session/5ddfc2ea-b1e0-4d3c-9181-055b3338be42/element/f.5B003D1E7EAC115B8329C43000E5ADE6.d.B7F2BF2A9E6CD62446F344642DCA0171.e.388/value'
21:52:52.712 [Forwarding sendKeysToElement on session 5ddfc2ea-b1e0-4d3c-9181-055b3338be42 to remote] DEBUG org.asynchttpclient.netty.request.NettyRequestSender -- Using open Channel [id: 0xd850032e, L:/127.0.0.1:49363 - R:/127.0.0.1:4723] for POST '/session/5ddfc2ea-b1e0-4d3c-9181-055b3338be42/element/f.5B003D1E7EAC115B8329C43000E5ADE6.d.B7F2BF2A9E6CD62446F344642DCA0171.e.388/value'
21:52:53.013 [AsyncHttpClient-1-2] DEBUG org.asynchttpclient.netty.handler.HttpHandler -- 

Request DefaultHttpRequest(decodeResult: success, version: HTTP/1.1)
POST /session/5ddfc2ea-b1e0-4d3c-9181-055b3338be42/element/f.5B003D1E7EAC115B8329C43000E5ADE6.d.B7F2BF2A9E6CD62446F344642DCA0171.e.388/value HTTP/1.1
User-Agent: appium/8.3.0 (selenium/4.8.3 (java mac))
Content-Length: 150
Content-Type: application/json; charset=utf-8
host: 127.0.0.1:4723
accept: */*

Response DefaultHttpResponse(decodeResult: success, version: HTTP/1.1)
HTTP/1.1 200 OK
X-Powered-By: Express
Vary: X-HTTP-Method-Override
Content-Type: application/json; charset=utf-8
Content-Length: 14
ETag: W/"e-9/1BuKMgFObM1mWJm+YjxtXJnUM"
Date: Sun, 06 Apr 2025 13:52:53 GMT
Connection: keep-alive
Keep-Alive: timeout=600

21:52:53.013 [AsyncHttpClient-1-2] DEBUG org.asynchttpclient.netty.channel.ChannelManager -- Adding key: http://127.0.0.1:4723 for channel [id: 0xd850032e, L:/127.0.0.1:49363 - R:/127.0.0.1:4723]
21:52:53.015 [Forwarding findElement on session 5ddfc2ea-b1e0-4d3c-9181-055b3338be42 to remote] DEBUG org.asynchttpclient.netty.request.NettyRequestSender -- Using pooled Channel '[id: 0xd850032e, L:/127.0.0.1:49363 - R:/127.0.0.1:4723]' for 'POST' to 'http://127.0.0.1:4723/session/5ddfc2ea-b1e0-4d3c-9181-055b3338be42/element'
21:52:53.015 [Forwarding findElement on session 5ddfc2ea-b1e0-4d3c-9181-055b3338be42 to remote] DEBUG org.asynchttpclient.netty.request.NettyRequestSender -- Using open Channel [id: 0xd850032e, L:/127.0.0.1:49363 - R:/127.0.0.1:4723] for POST '/session/5ddfc2ea-b1e0-4d3c-9181-055b3338be42/element'
21:52:53.060 [AsyncHttpClient-1-2] DEBUG org.asynchttpclient.netty.handler.HttpHandler -- 

Request DefaultHttpRequest(decodeResult: success, version: HTTP/1.1)
POST /session/5ddfc2ea-b1e0-4d3c-9181-055b3338be42/element HTTP/1.1
User-Agent: appium/8.3.0 (selenium/4.8.3 (java mac))
Content-Length: 57
Content-Type: application/json; charset=utf-8
host: 127.0.0.1:4723
accept: */*

Response DefaultHttpResponse(decodeResult: success, version: HTTP/1.1)
HTTP/1.1 200 OK
X-Powered-By: Express
Vary: X-HTTP-Method-Override
Content-Type: application/json; charset=utf-8
Content-Length: 215
ETag: W/"d7-T4lJti0aIljtXSigRna/jLXaa8M"
Date: Sun, 06 Apr 2025 13:52:53 GMT
Connection: keep-alive
Keep-Alive: timeout=600

21:52:53.061 [AsyncHttpClient-1-2] DEBUG org.asynchttpclient.netty.channel.ChannelManager -- Adding key: http://127.0.0.1:4723 for channel [id: 0xd850032e, L:/127.0.0.1:49363 - R:/127.0.0.1:4723]
21:52:53.062 [Forwarding isElementDisplayed on session 5ddfc2ea-b1e0-4d3c-9181-055b3338be42 to remote] DEBUG org.asynchttpclient.netty.request.NettyRequestSender -- Using pooled Channel '[id: 0xd850032e, L:/127.0.0.1:49363 - R:/127.0.0.1:4723]' for 'GET' to 'http://127.0.0.1:4723/session/5ddfc2ea-b1e0-4d3c-9181-055b3338be42/element/f.5B003D1E7EAC115B8329C43000E5ADE6.d.B7F2BF2A9E6CD62446F344642DCA0171.e.397/displayed'
21:52:53.062 [Forwarding isElementDisplayed on session 5ddfc2ea-b1e0-4d3c-9181-055b3338be42 to remote] DEBUG org.asynchttpclient.netty.request.NettyRequestSender -- Using open Channel [id: 0xd850032e, L:/127.0.0.1:49363 - R:/127.0.0.1:4723] for GET '/session/5ddfc2ea-b1e0-4d3c-9181-055b3338be42/element/f.5B003D1E7EAC115B8329C43000E5ADE6.d.B7F2BF2A9E6CD62446F344642DCA0171.e.397/displayed'
21:52:53.110 [AsyncHttpClient-1-2] DEBUG org.asynchttpclient.netty.handler.HttpHandler -- 

Request DefaultFullHttpRequest(decodeResult: success, version: HTTP/1.1, content: EmptyByteBufBE)
GET /session/5ddfc2ea-b1e0-4d3c-9181-055b3338be42/element/f.5B003D1E7EAC115B8329C43000E5ADE6.d.B7F2BF2A9E6CD62446F344642DCA0171.e.397/displayed HTTP/1.1
Cache-Control: no-cache
User-Agent: appium/8.3.0 (selenium/4.8.3 (java mac))
Content-Type: application/json; charset=utf-8
host: 127.0.0.1:4723
accept: */*

Response DefaultHttpResponse(decodeResult: success, version: HTTP/1.1)
HTTP/1.1 200 OK
X-Powered-By: Express
Content-Type: application/json; charset=utf-8
Content-Length: 14
ETag: W/"e-2ZHvAWebNQpyjGZTg6uyV8/spTo"
Date: Sun, 06 Apr 2025 13:52:53 GMT
Connection: keep-alive
Keep-Alive: timeout=600

21:52:53.110 [AsyncHttpClient-1-2] DEBUG org.asynchttpclient.netty.channel.ChannelManager -- Adding key: http://127.0.0.1:4723 for channel [id: 0xd850032e, L:/127.0.0.1:49363 - R:/127.0.0.1:4723]
21:52:53.111 [Forwarding isElementEnabled on session 5ddfc2ea-b1e0-4d3c-9181-055b3338be42 to remote] DEBUG org.asynchttpclient.netty.request.NettyRequestSender -- Using pooled Channel '[id: 0xd850032e, L:/127.0.0.1:49363 - R:/127.0.0.1:4723]' for 'GET' to 'http://127.0.0.1:4723/session/5ddfc2ea-b1e0-4d3c-9181-055b3338be42/element/f.5B003D1E7EAC115B8329C43000E5ADE6.d.B7F2BF2A9E6CD62446F344642DCA0171.e.397/enabled'
21:52:53.111 [Forwarding isElementEnabled on session 5ddfc2ea-b1e0-4d3c-9181-055b3338be42 to remote] DEBUG org.asynchttpclient.netty.request.NettyRequestSender -- Using open Channel [id: 0xd850032e, L:/127.0.0.1:49363 - R:/127.0.0.1:4723] for GET '/session/5ddfc2ea-b1e0-4d3c-9181-055b3338be42/element/f.5B003D1E7EAC115B8329C43000E5ADE6.d.B7F2BF2A9E6CD62446F344642DCA0171.e.397/enabled'
21:52:53.176 [AsyncHttpClient-1-2] DEBUG org.asynchttpclient.netty.handler.HttpHandler -- 

Request DefaultFullHttpRequest(decodeResult: success, version: HTTP/1.1, content: EmptyByteBufBE)
GET /session/5ddfc2ea-b1e0-4d3c-9181-055b3338be42/element/f.5B003D1E7EAC115B8329C43000E5ADE6.d.B7F2BF2A9E6CD62446F344642DCA0171.e.397/enabled HTTP/1.1
Cache-Control: no-cache
User-Agent: appium/8.3.0 (selenium/4.8.3 (java mac))
Content-Type: application/json; charset=utf-8
host: 127.0.0.1:4723
accept: */*

Response DefaultHttpResponse(decodeResult: success, version: HTTP/1.1)
HTTP/1.1 200 OK
X-Powered-By: Express
Content-Type: application/json; charset=utf-8
Content-Length: 14
ETag: W/"e-2ZHvAWebNQpyjGZTg6uyV8/spTo"
Date: Sun, 06 Apr 2025 13:52:53 GMT
Connection: keep-alive
Keep-Alive: timeout=600

21:52:53.176 [AsyncHttpClient-1-2] DEBUG org.asynchttpclient.netty.channel.ChannelManager -- Adding key: http://127.0.0.1:4723 for channel [id: 0xd850032e, L:/127.0.0.1:49363 - R:/127.0.0.1:4723]
21:52:53.177 [Forwarding clickElement on session 5ddfc2ea-b1e0-4d3c-9181-055b3338be42 to remote] DEBUG org.asynchttpclient.netty.request.NettyRequestSender -- Using pooled Channel '[id: 0xd850032e, L:/127.0.0.1:49363 - R:/127.0.0.1:4723]' for 'POST' to 'http://127.0.0.1:4723/session/5ddfc2ea-b1e0-4d3c-9181-055b3338be42/element/f.5B003D1E7EAC115B8329C43000E5ADE6.d.B7F2BF2A9E6CD62446F344642DCA0171.e.397/click'
21:52:53.177 [Forwarding clickElement on session 5ddfc2ea-b1e0-4d3c-9181-055b3338be42 to remote] DEBUG org.asynchttpclient.netty.request.NettyRequestSender -- Using open Channel [id: 0xd850032e, L:/127.0.0.1:49363 - R:/127.0.0.1:4723] for POST '/session/5ddfc2ea-b1e0-4d3c-9181-055b3338be42/element/f.5B003D1E7EAC115B8329C43000E5ADE6.d.B7F2BF2A9E6CD62446F344642DCA0171.e.397/click'
21:52:53.438 [AsyncHttpClient-1-2] DEBUG org.asynchttpclient.netty.handler.HttpHandler -- 

Request DefaultHttpRequest(decodeResult: success, version: HTTP/1.1)
POST /session/5ddfc2ea-b1e0-4d3c-9181-055b3338be42/element/f.5B003D1E7EAC115B8329C43000E5ADE6.d.B7F2BF2A9E6CD62446F344642DCA0171.e.397/click HTTP/1.1
User-Agent: appium/8.3.0 (selenium/4.8.3 (java mac))
Content-Length: 89
Content-Type: application/json; charset=utf-8
host: 127.0.0.1:4723
accept: */*

Response DefaultHttpResponse(decodeResult: success, version: HTTP/1.1)
HTTP/1.1 200 OK
X-Powered-By: Express
Vary: X-HTTP-Method-Override
Content-Type: application/json; charset=utf-8
Content-Length: 14
ETag: W/"e-9/1BuKMgFObM1mWJm+YjxtXJnUM"
Date: Sun, 06 Apr 2025 13:52:53 GMT
Connection: keep-alive
Keep-Alive: timeout=600

21:52:53.438 [AsyncHttpClient-1-2] DEBUG org.asynchttpclient.netty.channel.ChannelManager -- Adding key: http://127.0.0.1:4723 for channel [id: 0xd850032e, L:/127.0.0.1:49363 - R:/127.0.0.1:4723]
21:52:53.744 [Forwarding findElement on session 5ddfc2ea-b1e0-4d3c-9181-055b3338be42 to remote] DEBUG org.asynchttpclient.netty.request.NettyRequestSender -- Using pooled Channel '[id: 0xd850032e, L:/127.0.0.1:49363 - R:/127.0.0.1:4723]' for 'POST' to 'http://127.0.0.1:4723/session/5ddfc2ea-b1e0-4d3c-9181-055b3338be42/element'
21:52:53.744 [Forwarding findElement on session 5ddfc2ea-b1e0-4d3c-9181-055b3338be42 to remote] DEBUG org.asynchttpclient.netty.request.NettyRequestSender -- Using open Channel [id: 0xd850032e, L:/127.0.0.1:49363 - R:/127.0.0.1:4723] for POST '/session/5ddfc2ea-b1e0-4d3c-9181-055b3338be42/element'
21:52:53.780 [AsyncHttpClient-1-2] DEBUG org.asynchttpclient.netty.handler.HttpHandler -- 

Request DefaultHttpRequest(decodeResult: success, version: HTTP/1.1)
POST /session/5ddfc2ea-b1e0-4d3c-9181-055b3338be42/element HTTP/1.1
User-Agent: appium/8.3.0 (selenium/4.8.3 (java mac))
Content-Length: 138
Content-Type: application/json; charset=utf-8
host: 127.0.0.1:4723
accept: */*

Response DefaultHttpResponse(decodeResult: success, version: HTTP/1.1)
HTTP/1.1 200 OK
X-Powered-By: Express
Vary: X-HTTP-Method-Override
Content-Type: application/json; charset=utf-8
Content-Length: 215
ETag: W/"d7-bhXwVz+cBdFQ1HcWcZUrsS0dJec"
Date: Sun, 06 Apr 2025 13:52:53 GMT
Connection: keep-alive
Keep-Alive: timeout=600

21:52:53.781 [AsyncHttpClient-1-2] DEBUG org.asynchttpclient.netty.channel.ChannelManager -- Adding key: http://127.0.0.1:4723 for channel [id: 0xd850032e, L:/127.0.0.1:49363 - R:/127.0.0.1:4723]
21:52:53.783 [Forwarding isElementDisplayed on session 5ddfc2ea-b1e0-4d3c-9181-055b3338be42 to remote] DEBUG org.asynchttpclient.netty.request.NettyRequestSender -- Using pooled Channel '[id: 0xd850032e, L:/127.0.0.1:49363 - R:/127.0.0.1:4723]' for 'GET' to 'http://127.0.0.1:4723/session/5ddfc2ea-b1e0-4d3c-9181-055b3338be42/element/f.5B003D1E7EAC115B8329C43000E5ADE6.d.B7F2BF2A9E6CD62446F344642DCA0171.e.414/displayed'
21:52:53.783 [Forwarding isElementDisplayed on session 5ddfc2ea-b1e0-4d3c-9181-055b3338be42 to remote] DEBUG org.asynchttpclient.netty.request.NettyRequestSender -- Using open Channel [id: 0xd850032e, L:/127.0.0.1:49363 - R:/127.0.0.1:4723] for GET '/session/5ddfc2ea-b1e0-4d3c-9181-055b3338be42/element/f.5B003D1E7EAC115B8329C43000E5ADE6.d.B7F2BF2A9E6CD62446F344642DCA0171.e.414/displayed'
21:52:53.809 [AsyncHttpClient-1-2] DEBUG org.asynchttpclient.netty.handler.HttpHandler -- 

Request DefaultFullHttpRequest(decodeResult: success, version: HTTP/1.1, content: EmptyByteBufBE)
GET /session/5ddfc2ea-b1e0-4d3c-9181-055b3338be42/element/f.5B003D1E7EAC115B8329C43000E5ADE6.d.B7F2BF2A9E6CD62446F344642DCA0171.e.414/displayed HTTP/1.1
Cache-Control: no-cache
User-Agent: appium/8.3.0 (selenium/4.8.3 (java mac))
Content-Type: application/json; charset=utf-8
host: 127.0.0.1:4723
accept: */*

Response DefaultHttpResponse(decodeResult: success, version: HTTP/1.1)
HTTP/1.1 200 OK
X-Powered-By: Express
Content-Type: application/json; charset=utf-8
Content-Length: 14
ETag: W/"e-2ZHvAWebNQpyjGZTg6uyV8/spTo"
Date: Sun, 06 Apr 2025 13:52:53 GMT
Connection: keep-alive
Keep-Alive: timeout=600

21:52:53.809 [AsyncHttpClient-1-2] DEBUG org.asynchttpclient.netty.channel.ChannelManager -- Adding key: http://127.0.0.1:4723 for channel [id: 0xd850032e, L:/127.0.0.1:49363 - R:/127.0.0.1:4723]
貸款利率輸入非數字ErrorHandling驗證通過！
21:52:53.810 [Forwarding switchToFrame on session 5ddfc2ea-b1e0-4d3c-9181-055b3338be42 to remote] DEBUG org.asynchttpclient.netty.request.NettyRequestSender -- Using pooled Channel '[id: 0xd850032e, L:/127.0.0.1:49363 - R:/127.0.0.1:4723]' for 'POST' to 'http://127.0.0.1:4723/session/5ddfc2ea-b1e0-4d3c-9181-055b3338be42/frame'
21:52:53.810 [Forwarding switchToFrame on session 5ddfc2ea-b1e0-4d3c-9181-055b3338be42 to remote] DEBUG org.asynchttpclient.netty.request.NettyRequestSender -- Using open Channel [id: 0xd850032e, L:/127.0.0.1:49363 - R:/127.0.0.1:4723] for POST '/session/5ddfc2ea-b1e0-4d3c-9181-055b3338be42/frame'
21:52:53.817 [AsyncHttpClient-1-2] DEBUG org.asynchttpclient.netty.handler.HttpHandler -- 

Request DefaultHttpRequest(decodeResult: success, version: HTTP/1.1)
POST /session/5ddfc2ea-b1e0-4d3c-9181-055b3338be42/frame HTTP/1.1
User-Agent: appium/8.3.0 (selenium/4.8.3 (java mac))
Content-Length: 16
Content-Type: application/json; charset=utf-8
host: 127.0.0.1:4723
accept: */*

Response DefaultHttpResponse(decodeResult: success, version: HTTP/1.1)
HTTP/1.1 200 OK
X-Powered-By: Express
Vary: X-HTTP-Method-Override
Content-Type: application/json; charset=utf-8
Content-Length: 14
ETag: W/"e-9/1BuKMgFObM1mWJm+YjxtXJnUM"
Date: Sun, 06 Apr 2025 13:52:53 GMT
Connection: keep-alive
Keep-Alive: timeout=600

21:52:53.817 [AsyncHttpClient-1-2] DEBUG org.asynchttpclient.netty.channel.ChannelManager -- Adding key: http://127.0.0.1:4723 for channel [id: 0xd850032e, L:/127.0.0.1:49363 - R:/127.0.0.1:4723]
]]></system-out>
  </testcase>
  <testcase name="testErrorHandlingLoadAmount" classname="com.cathay.test.tests.MortgageCalculatorTest" time="2.688">
    <system-out><![CDATA[21:52:53.818 [main] INFO com.cathay.test.tests.MortgageCalculatorTest -- 正在清理 driver session: 5ddfc2ea-b1e0-4d3c-9181-055b3338be42
21:52:53.818 [main] INFO  com.cathay.test.config.AppiumConfig - 正在關閉 Driver...
21:52:53.819 [Forwarding quit on session 5ddfc2ea-b1e0-4d3c-9181-055b3338be42 to remote] DEBUG org.asynchttpclient.netty.request.NettyRequestSender -- Using pooled Channel '[id: 0xd850032e, L:/127.0.0.1:49363 - R:/127.0.0.1:4723]' for 'DELETE' to 'http://127.0.0.1:4723/session/5ddfc2ea-b1e0-4d3c-9181-055b3338be42'
21:52:53.819 [Forwarding quit on session 5ddfc2ea-b1e0-4d3c-9181-055b3338be42 to remote] DEBUG org.asynchttpclient.netty.request.NettyRequestSender -- Using open Channel [id: 0xd850032e, L:/127.0.0.1:49363 - R:/127.0.0.1:4723] for DELETE '/session/5ddfc2ea-b1e0-4d3c-9181-055b3338be42'
21:52:54.080 [AsyncHttpClient-1-2] DEBUG org.asynchttpclient.netty.handler.HttpHandler -- 

Request DefaultFullHttpRequest(decodeResult: success, version: HTTP/1.1, content: EmptyByteBufBE)
DELETE /session/5ddfc2ea-b1e0-4d3c-9181-055b3338be42 HTTP/1.1
User-Agent: appium/8.3.0 (selenium/4.8.3 (java mac))
Content-Type: application/json; charset=utf-8
host: 127.0.0.1:4723
accept: */*

Response DefaultHttpResponse(decodeResult: success, version: HTTP/1.1)
HTTP/1.1 200 OK
X-Powered-By: Express
Content-Type: application/json; charset=utf-8
Content-Length: 14
ETag: W/"e-9/1BuKMgFObM1mWJm+YjxtXJnUM"
Date: Sun, 06 Apr 2025 13:52:54 GMT
Connection: keep-alive
Keep-Alive: timeout=600

21:52:54.080 [AsyncHttpClient-1-2] DEBUG org.asynchttpclient.netty.channel.ChannelManager -- Adding key: http://127.0.0.1:4723 for channel [id: 0xd850032e, L:/127.0.0.1:49363 - R:/127.0.0.1:4723]
21:52:54.081 [main] INFO  com.cathay.test.config.AppiumConfig - Driver 已成功關閉
21:52:54.081 [main] INFO com.cathay.test.tests.MortgageCalculatorTest -- MortgageCalculatorTest 清理完成
*******MortgageCalculatorTest.setUp() 執行！
21:52:54.082 [main] INFO  com.cathay.test.config.AppiumConfig - 開始初始化 MortgageCalculatorTest (嘗試 1/3)
21:52:54.082 [main] INFO  com.cathay.test.config.AppiumConfig - Appium 服務器可用
21:52:54.102 [main] INFO  com.cathay.test.config.AppiumConfig - Android 模擬器可用
21:52:54.107 [Forwarding newSession on session null to remote] DEBUG org.asynchttpclient.netty.request.NettyRequestSender -- Using pooled Channel '[id: 0xd850032e, L:/127.0.0.1:49363 - R:/127.0.0.1:4723]' for 'POST' to 'http://127.0.0.1:4723/session'
21:52:54.107 [Forwarding newSession on session null to remote] DEBUG org.asynchttpclient.netty.request.NettyRequestSender -- Using open Channel [id: 0xd850032e, L:/127.0.0.1:49363 - R:/127.0.0.1:4723] for POST '/session'
21:52:57.143 [AsyncHttpClient-1-2] DEBUG org.asynchttpclient.netty.handler.HttpHandler -- 

Request DefaultHttpRequest(decodeResult: success, version: HTTP/1.1)
POST /session HTTP/1.1
X-Idempotency-Key: b1117565-34b8-4488-b69b-af82e5c6a9c3
User-Agent: appium/8.3.0 (selenium/4.8.3 (java mac))
Content-Length: 952
Content-Type: application/json; charset=utf-8
host: 127.0.0.1:4723
accept: */*

Response DefaultHttpResponse(decodeResult: success, version: HTTP/1.1)
HTTP/1.1 200 OK
X-Powered-By: Express
Vary: X-HTTP-Method-Override
Content-Type: application/json; charset=utf-8
Content-Length: 1816
ETag: W/"718-rokKU+QRUpp/gd2b5ZmMaY6g2Rs"
Date: Sun, 06 Apr 2025 13:52:57 GMT
Connection: keep-alive
Keep-Alive: timeout=600

21:52:57.144 [AsyncHttpClient-1-2] DEBUG org.asynchttpclient.netty.channel.ChannelManager -- Adding key: http://127.0.0.1:4723 for channel [id: 0xd850032e, L:/127.0.0.1:49363 - R:/127.0.0.1:4723]
21:52:57.153 [Forwarding executeCdp on session 01997e9d-b6f3-480f-94a4-14e6e437bcfe to remote] DEBUG org.asynchttpclient.netty.request.NettyRequestSender -- Using pooled Channel '[id: 0xd850032e, L:/127.0.0.1:49363 - R:/127.0.0.1:4723]' for 'POST' to 'http://127.0.0.1:4723/session/01997e9d-b6f3-480f-94a4-14e6e437bcfe/goog/cdp/execute'
21:52:57.154 [Forwarding executeCdp on session 01997e9d-b6f3-480f-94a4-14e6e437bcfe to remote] DEBUG org.asynchttpclient.netty.request.NettyRequestSender -- Using open Channel [id: 0xd850032e, L:/127.0.0.1:49363 - R:/127.0.0.1:4723] for POST '/session/01997e9d-b6f3-480f-94a4-14e6e437bcfe/goog/cdp/execute'
21:52:57.178 [AsyncHttpClient-1-2] DEBUG org.asynchttpclient.netty.handler.HttpHandler -- 

Request DefaultHttpRequest(decodeResult: success, version: HTTP/1.1)
POST /session/01997e9d-b6f3-480f-94a4-14e6e437bcfe/goog/cdp/execute HTTP/1.1
User-Agent: appium/8.3.0 (selenium/4.8.3 (java mac))
Content-Length: 87
Content-Type: application/json; charset=utf-8
host: 127.0.0.1:4723
accept: */*

Response DefaultHttpResponse(decodeResult: success, version: HTTP/1.1)
HTTP/1.1 404 Not Found
X-Powered-By: Express
Vary: X-HTTP-Method-Override
Content-Type: application/json; charset=utf-8
Content-Length: 1990
ETag: W/"7c6-7kuFItrY87P8EPzacgmVlHAAFdk"
Date: Sun, 06 Apr 2025 13:52:57 GMT
Connection: keep-alive
Keep-Alive: timeout=600

21:52:57.178 [AsyncHttpClient-1-2] DEBUG org.asynchttpclient.netty.channel.ChannelManager -- Adding key: http://127.0.0.1:4723 for channel [id: 0xd850032e, L:/127.0.0.1:49363 - R:/127.0.0.1:4723]
21:52:57.180 [main] WARN  com.cathay.test.config.AppiumConfig - ⚠️ 設定第三方 Cookie 支援時發生例外: unknown command: 'Network.setCookieBlockingEnabled' wasn't found
  (Session info: chrome=128.0.6613.88)
Build info: version: '4.8.3', revision: 'e5e76298c3'
System info: os.name: 'Mac OS X', os.arch: 'aarch64', os.version: '13.4', java.version: '23.0.2'
Driver info: io.appium.java_client.android.AndroidDriver
Command: [01997e9d-b6f3-480f-94a4-14e6e437bcfe, executeCdp {cmd=Network.setCookieBlockingEnabled, params={enabled=false}}]
Capabilities {appium:autoAcceptAlerts: true, appium:autoGrantPermissions: true, appium:automationName: UiAutomator2, appium:chromedriverExecutable: /opt/homebrew/bin/chromedriver, appium:databaseEnabled: false, appium:desired: {appActivity: com.android.chrome/com.goog..., appPackage: com.android.chrome, autoAcceptAlerts: true, autoGrantPermissions: true, automationName: UiAutomator2, browserName: chrome, chromedriverExecutable: /opt/homebrew/bin/chromedriver, deviceName: Pixel_3a_API_34_extension_l..., goog:chromeOptions: {args: [--no-sandbox, --disable-dev-shm-usage, --ignore-certificate-errors, --remote-allow-origins=*, --disable-features=SameSite..., --enable-features=NetworkSe...], w3c: true}, newCommandTimeout: 120, noReset: true, platformName: android, platformVersion: 16.0}, appium:deviceApiLevel: 36, appium:deviceManufacturer: Google, appium:deviceModel: sdk_gphone64_arm64, appium:deviceName: emulator-5554, appium:deviceScreenDensity: 420, appium:deviceScreenSize: 1080x2424, appium:deviceUDID: emulator-5554, appium:javascriptEnabled: true, appium:locationContextEnabled: false, appium:networkConnectionEnabled: true, appium:newCommandTimeout: 120, appium:noReset: true, appium:pixelRatio: 2.625, appium:platformVersion: 16, appium:statBarHeight: 137, appium:takesScreenshot: true, appium:viewportRect: {height: 2287, left: 0, top: 137, width: 1080}, appium:warnings: {}, appium:webStorageEnabled: false, browserName: chrome, goog:chromeOptions: {args: [--no-sandbox, --disable-dev-shm-usage, --ignore-certificate-errors, --remote-allow-origins=*, --disable-features=SameSite..., --enable-features=NetworkSe...], w3c: true}, platformName: ANDROID}
Session ID: 01997e9d-b6f3-480f-94a4-14e6e437bcfe
21:52:58.205 [AsyncHttpClient-1-1] DEBUG org.asynchttpclient.netty.channel.DefaultChannelPool -- Entry count for : http://127.0.0.1:4723 : 1
21:52:59.304 [AsyncHttpClient-1-1] DEBUG org.asynchttpclient.netty.channel.DefaultChannelPool -- Entry count for : http://127.0.0.1:4723 : 1
21:53:00.186 [main] INFO  com.cathay.test.config.AppiumConfig - Driver session ID: 01997e9d-b6f3-480f-94a4-14e6e437bcfe
21:53:00.190 [Forwarding get on session 01997e9d-b6f3-480f-94a4-14e6e437bcfe to remote] DEBUG org.asynchttpclient.netty.request.NettyRequestSender -- Using pooled Channel '[id: 0xd850032e, L:/127.0.0.1:49363 - R:/127.0.0.1:4723]' for 'POST' to 'http://127.0.0.1:4723/session/01997e9d-b6f3-480f-94a4-14e6e437bcfe/url'
21:53:00.190 [Forwarding get on session 01997e9d-b6f3-480f-94a4-14e6e437bcfe to remote] DEBUG org.asynchttpclient.netty.request.NettyRequestSender -- Using open Channel [id: 0xd850032e, L:/127.0.0.1:49363 - R:/127.0.0.1:4723] for POST '/session/01997e9d-b6f3-480f-94a4-14e6e437bcfe/url'
21:53:04.145 [AsyncHttpClient-1-2] DEBUG org.asynchttpclient.netty.handler.HttpHandler -- 

Request DefaultHttpRequest(decodeResult: success, version: HTTP/1.1)
POST /session/01997e9d-b6f3-480f-94a4-14e6e437bcfe/url HTTP/1.1
User-Agent: appium/8.3.0 (selenium/4.8.3 (java mac))
Content-Length: 133
Content-Type: application/json; charset=utf-8
host: 127.0.0.1:4723
accept: */*

Response DefaultHttpResponse(decodeResult: success, version: HTTP/1.1)
HTTP/1.1 200 OK
X-Powered-By: Express
Vary: X-HTTP-Method-Override
Content-Type: application/json; charset=utf-8
Content-Length: 14
ETag: W/"e-9/1BuKMgFObM1mWJm+YjxtXJnUM"
Date: Sun, 06 Apr 2025 13:53:04 GMT
Connection: keep-alive
Keep-Alive: timeout=600

21:53:04.145 [AsyncHttpClient-1-2] DEBUG org.asynchttpclient.netty.channel.ChannelManager -- Adding key: http://127.0.0.1:4723 for channel [id: 0xd850032e, L:/127.0.0.1:49363 - R:/127.0.0.1:4723]
21:53:04.147 [Forwarding getCurrentUrl on session 01997e9d-b6f3-480f-94a4-14e6e437bcfe to remote] DEBUG org.asynchttpclient.netty.request.NettyRequestSender -- Using pooled Channel '[id: 0xd850032e, L:/127.0.0.1:49363 - R:/127.0.0.1:4723]' for 'GET' to 'http://127.0.0.1:4723/session/01997e9d-b6f3-480f-94a4-14e6e437bcfe/url'
21:53:04.148 [Forwarding getCurrentUrl on session 01997e9d-b6f3-480f-94a4-14e6e437bcfe to remote] DEBUG org.asynchttpclient.netty.request.NettyRequestSender -- Using open Channel [id: 0xd850032e, L:/127.0.0.1:49363 - R:/127.0.0.1:4723] for GET '/session/01997e9d-b6f3-480f-94a4-14e6e437bcfe/url'
21:53:04.190 [AsyncHttpClient-1-2] DEBUG org.asynchttpclient.netty.handler.HttpHandler -- 

Request DefaultFullHttpRequest(decodeResult: success, version: HTTP/1.1, content: EmptyByteBufBE)
GET /session/01997e9d-b6f3-480f-94a4-14e6e437bcfe/url HTTP/1.1
Cache-Control: no-cache
User-Agent: appium/8.3.0 (selenium/4.8.3 (java mac))
Content-Type: application/json; charset=utf-8
host: 127.0.0.1:4723
accept: */*

Response DefaultHttpResponse(decodeResult: success, version: HTTP/1.1)
HTTP/1.1 200 OK
X-Powered-By: Express
Content-Type: application/json; charset=utf-8
Content-Length: 90
ETag: W/"5a-SVzTdoqQsw2ztnbhgzn9TDJ+oVM"
Date: Sun, 06 Apr 2025 13:53:04 GMT
Connection: keep-alive
Keep-Alive: timeout=600

21:53:04.191 [AsyncHttpClient-1-2] DEBUG org.asynchttpclient.netty.channel.ChannelManager -- Adding key: http://127.0.0.1:4723 for channel [id: 0xd850032e, L:/127.0.0.1:49363 - R:/127.0.0.1:4723]
*********3rd party cookie Current URL: https://www.cathaybk.com.tw/cathaybk/personal/loan/calculator/mortgage-budget/
21:53:04.192 [Forwarding getCookies on session 01997e9d-b6f3-480f-94a4-14e6e437bcfe to remote] DEBUG org.asynchttpclient.netty.request.NettyRequestSender -- Using pooled Channel '[id: 0xd850032e, L:/127.0.0.1:49363 - R:/127.0.0.1:4723]' for 'GET' to 'http://127.0.0.1:4723/session/01997e9d-b6f3-480f-94a4-14e6e437bcfe/cookie'
21:53:04.193 [Forwarding getCookies on session 01997e9d-b6f3-480f-94a4-14e6e437bcfe to remote] DEBUG org.asynchttpclient.netty.request.NettyRequestSender -- Using open Channel [id: 0xd850032e, L:/127.0.0.1:49363 - R:/127.0.0.1:4723] for GET '/session/01997e9d-b6f3-480f-94a4-14e6e437bcfe/cookie'
21:53:04.226 [AsyncHttpClient-1-2] DEBUG org.asynchttpclient.netty.handler.HttpHandler -- 

Request DefaultFullHttpRequest(decodeResult: success, version: HTTP/1.1, content: EmptyByteBufBE)
GET /session/01997e9d-b6f3-480f-94a4-14e6e437bcfe/cookie HTTP/1.1
Cache-Control: no-cache
User-Agent: appium/8.3.0 (selenium/4.8.3 (java mac))
Content-Type: application/json; charset=utf-8
host: 127.0.0.1:4723
accept: */*

Response DefaultHttpResponse(decodeResult: success, version: HTTP/1.1)
HTTP/1.1 200 OK
X-Powered-By: Express
Content-Type: application/json; charset=utf-8
Content-Length: 4090
ETag: W/"ffa-boGVUBp6z03Rjq6SEUYLP1GVOxg"
Date: Sun, 06 Apr 2025 13:53:04 GMT
Connection: keep-alive
Keep-Alive: timeout=600

21:53:04.226 [AsyncHttpClient-1-2] DEBUG org.asynchttpclient.netty.channel.ChannelManager -- Adding key: http://127.0.0.1:4723 for channel [id: 0xd850032e, L:/127.0.0.1:49363 - R:/127.0.0.1:4723]
*********Cookie: citrix_ns_id = AAk7PIfyZzsIJksHAAAAADvLSubBRkGc__LEO-LWWP7W80In0sFLADpUO3Rr7GzzOw==w4ryZw==rqmQ33xDSQwdXCgb2oDtr2VcLJ8=
*********Cookie: ASP.NET_SessionId = 3desv3ts2clp5fklvybgi5wg
*********Cookie: _ss_pp_id = f8ad99c1e0578401b7e1743918782839
*********Cookie: __lt__sid = 2831e574-cc996f07
*********Cookie: cathaybk_new = 4bb3a3d8d4f078cfaa7badb04abb60df7ed08c3d037be7593e9c32d57ce56d7fc2c8d446
*********Cookie: _mg_ckp = eyJja1RrZERGIjoiIn0=
*********Cookie: __mguid_ = be989b4ddb824cfba3be927d229d4eea
*********Cookie: FingerprintCookie = a83734ca5c2401a34f4ad325dff7c9ff
*********Cookie: shell#lang = en
*********Cookie: mbox = session#f39fe18ed3ca4e7b98dedebcfe201017#1743949444|PC#f39fe18ed3ca4e7b98dedebcfe201017.32_0#1807192384
*********Cookie: _td = 8a1f3127-176a-449c-88e3-c2573a6ea255
*********Cookie: _uetvid = 75544a7012ee11f0aad9f7fc3058b0e0
*********Cookie: usy46gabsosd = cubcsa_17439475818540.b31cd66b581b7f4723d626b553708e1f_8830
*********Cookie: _uetsid = 7554211012ee11f083193fd6cf79e23e
*********Cookie: AMCV_B877A5DB584931AC0A495EAA%40AdobeOrg = 1585540135%7CMCIDTS%7C20185%7CMCMID%7C38411828354793427000405041118681645602%7CMCAAMLH-1744552382%7C11%7CMCAAMB-1744552382%7C6G1ynYcLPuiQxYZrsz_pkqfLG9yMXBpb2zX5dvJdYQJzPXImdj0y%7CMCCIDH%7C1062709688%7CMCOPTOUT-1743954782s%7CNONE%7CMCSYNCSOP%7C411-20192%7CvVersion%7C4.4.0
*********Cookie: _ga_T2T689XRGT = GS1.1.1743947582.1.0.1743947582.60.0.0
*********Cookie: _ga = GA1.1.301955517.1743947582
*********Cookie: _fbp = fb.2.1743947582818.170102165923972363
*********Cookie: at_check = true
*********Cookie: __lt__cid = c7ef4b78-7877-45e6-a7a5-6e07e44c969f
*********Cookie: _gcl_au = 1.1.1936376063.1743947582
*********Cookie: AMCVS_B877A5DB584931AC0A495EAA%40AdobeOrg = 1
21:53:04.229 [Forwarding getCurrentUrl on session 01997e9d-b6f3-480f-94a4-14e6e437bcfe to remote] DEBUG org.asynchttpclient.netty.request.NettyRequestSender -- Using pooled Channel '[id: 0xd850032e, L:/127.0.0.1:49363 - R:/127.0.0.1:4723]' for 'GET' to 'http://127.0.0.1:4723/session/01997e9d-b6f3-480f-94a4-14e6e437bcfe/url'
21:53:04.229 [Forwarding getCurrentUrl on session 01997e9d-b6f3-480f-94a4-14e6e437bcfe to remote] DEBUG org.asynchttpclient.netty.request.NettyRequestSender -- Using open Channel [id: 0xd850032e, L:/127.0.0.1:49363 - R:/127.0.0.1:4723] for GET '/session/01997e9d-b6f3-480f-94a4-14e6e437bcfe/url'
21:53:04.242 [AsyncHttpClient-1-2] DEBUG org.asynchttpclient.netty.handler.HttpHandler -- 

Request DefaultFullHttpRequest(decodeResult: success, version: HTTP/1.1, content: EmptyByteBufBE)
GET /session/01997e9d-b6f3-480f-94a4-14e6e437bcfe/url HTTP/1.1
Cache-Control: no-cache
User-Agent: appium/8.3.0 (selenium/4.8.3 (java mac))
Content-Type: application/json; charset=utf-8
host: 127.0.0.1:4723
accept: */*

Response DefaultHttpResponse(decodeResult: success, version: HTTP/1.1)
HTTP/1.1 200 OK
X-Powered-By: Express
Content-Type: application/json; charset=utf-8
Content-Length: 90
ETag: W/"5a-SVzTdoqQsw2ztnbhgzn9TDJ+oVM"
Date: Sun, 06 Apr 2025 13:53:04 GMT
Connection: keep-alive
Keep-Alive: timeout=600

21:53:04.242 [AsyncHttpClient-1-2] DEBUG org.asynchttpclient.netty.channel.ChannelManager -- Adding key: http://127.0.0.1:4723 for channel [id: 0xd850032e, L:/127.0.0.1:49363 - R:/127.0.0.1:4723]
21:53:04.243 [Forwarding setTimeout on session 01997e9d-b6f3-480f-94a4-14e6e437bcfe to remote] DEBUG org.asynchttpclient.netty.request.NettyRequestSender -- Using pooled Channel '[id: 0xd850032e, L:/127.0.0.1:49363 - R:/127.0.0.1:4723]' for 'POST' to 'http://127.0.0.1:4723/session/01997e9d-b6f3-480f-94a4-14e6e437bcfe/timeouts'
21:53:04.243 [Forwarding setTimeout on session 01997e9d-b6f3-480f-94a4-14e6e437bcfe to remote] DEBUG org.asynchttpclient.netty.request.NettyRequestSender -- Using open Channel [id: 0xd850032e, L:/127.0.0.1:49363 - R:/127.0.0.1:4723] for POST '/session/01997e9d-b6f3-480f-94a4-14e6e437bcfe/timeouts'
21:53:04.246 [AsyncHttpClient-1-2] DEBUG org.asynchttpclient.netty.handler.HttpHandler -- 

Request DefaultHttpRequest(decodeResult: success, version: HTTP/1.1)
POST /session/01997e9d-b6f3-480f-94a4-14e6e437bcfe/timeouts HTTP/1.1
User-Agent: appium/8.3.0 (selenium/4.8.3 (java mac))
Content-Length: 23
Content-Type: application/json; charset=utf-8
host: 127.0.0.1:4723
accept: */*

Response DefaultHttpResponse(decodeResult: success, version: HTTP/1.1)
HTTP/1.1 200 OK
X-Powered-By: Express
Vary: X-HTTP-Method-Override
Content-Type: application/json; charset=utf-8
Content-Length: 14
ETag: W/"e-9/1BuKMgFObM1mWJm+YjxtXJnUM"
Date: Sun, 06 Apr 2025 13:53:04 GMT
Connection: keep-alive
Keep-Alive: timeout=600

21:53:04.246 [AsyncHttpClient-1-2] DEBUG org.asynchttpclient.netty.channel.ChannelManager -- Adding key: http://127.0.0.1:4723 for channel [id: 0xd850032e, L:/127.0.0.1:49363 - R:/127.0.0.1:4723]
21:53:04.247 [Forwarding setTimeout on session 01997e9d-b6f3-480f-94a4-14e6e437bcfe to remote] DEBUG org.asynchttpclient.netty.request.NettyRequestSender -- Using pooled Channel '[id: 0xd850032e, L:/127.0.0.1:49363 - R:/127.0.0.1:4723]' for 'POST' to 'http://127.0.0.1:4723/session/01997e9d-b6f3-480f-94a4-14e6e437bcfe/timeouts'
21:53:04.247 [Forwarding setTimeout on session 01997e9d-b6f3-480f-94a4-14e6e437bcfe to remote] DEBUG org.asynchttpclient.netty.request.NettyRequestSender -- Using open Channel [id: 0xd850032e, L:/127.0.0.1:49363 - R:/127.0.0.1:4723] for POST '/session/01997e9d-b6f3-480f-94a4-14e6e437bcfe/timeouts'
21:53:04.249 [AsyncHttpClient-1-2] DEBUG org.asynchttpclient.netty.handler.HttpHandler -- 

Request DefaultHttpRequest(decodeResult: success, version: HTTP/1.1)
POST /session/01997e9d-b6f3-480f-94a4-14e6e437bcfe/timeouts HTTP/1.1
User-Agent: appium/8.3.0 (selenium/4.8.3 (java mac))
Content-Length: 23
Content-Type: application/json; charset=utf-8
host: 127.0.0.1:4723
accept: */*

Response DefaultHttpResponse(decodeResult: success, version: HTTP/1.1)
HTTP/1.1 200 OK
X-Powered-By: Express
Vary: X-HTTP-Method-Override
Content-Type: application/json; charset=utf-8
Content-Length: 14
ETag: W/"e-9/1BuKMgFObM1mWJm+YjxtXJnUM"
Date: Sun, 06 Apr 2025 13:53:04 GMT
Connection: keep-alive
Keep-Alive: timeout=600

21:53:04.249 [AsyncHttpClient-1-2] DEBUG org.asynchttpclient.netty.channel.ChannelManager -- Adding key: http://127.0.0.1:4723 for channel [id: 0xd850032e, L:/127.0.0.1:49363 - R:/127.0.0.1:4723]
21:53:04.250 [Forwarding setTimeout on session 01997e9d-b6f3-480f-94a4-14e6e437bcfe to remote] DEBUG org.asynchttpclient.netty.request.NettyRequestSender -- Using pooled Channel '[id: 0xd850032e, L:/127.0.0.1:49363 - R:/127.0.0.1:4723]' for 'POST' to 'http://127.0.0.1:4723/session/01997e9d-b6f3-480f-94a4-14e6e437bcfe/timeouts'
21:53:04.250 [Forwarding setTimeout on session 01997e9d-b6f3-480f-94a4-14e6e437bcfe to remote] DEBUG org.asynchttpclient.netty.request.NettyRequestSender -- Using open Channel [id: 0xd850032e, L:/127.0.0.1:49363 - R:/127.0.0.1:4723] for POST '/session/01997e9d-b6f3-480f-94a4-14e6e437bcfe/timeouts'
21:53:04.251 [AsyncHttpClient-1-2] DEBUG org.asynchttpclient.netty.handler.HttpHandler -- 

Request DefaultHttpRequest(decodeResult: success, version: HTTP/1.1)
POST /session/01997e9d-b6f3-480f-94a4-14e6e437bcfe/timeouts HTTP/1.1
User-Agent: appium/8.3.0 (selenium/4.8.3 (java mac))
Content-Length: 21
Content-Type: application/json; charset=utf-8
host: 127.0.0.1:4723
accept: */*

Response DefaultHttpResponse(decodeResult: success, version: HTTP/1.1)
HTTP/1.1 200 OK
X-Powered-By: Express
Vary: X-HTTP-Method-Override
Content-Type: application/json; charset=utf-8
Content-Length: 14
ETag: W/"e-9/1BuKMgFObM1mWJm+YjxtXJnUM"
Date: Sun, 06 Apr 2025 13:53:04 GMT
Connection: keep-alive
Keep-Alive: timeout=600

21:53:04.251 [AsyncHttpClient-1-2] DEBUG org.asynchttpclient.netty.channel.ChannelManager -- Adding key: http://127.0.0.1:4723 for channel [id: 0xd850032e, L:/127.0.0.1:49363 - R:/127.0.0.1:4723]
21:53:04.252 [main] INFO  com.cathay.test.config.AppiumConfig - MortgageCalculatorTest 初始化完成
21:53:04.252 [main] INFO com.cathay.test.tests.MortgageCalculatorTest -- 驗證 driver session 與重新導頁...
21:53:04.252 [Forwarding get on session 01997e9d-b6f3-480f-94a4-14e6e437bcfe to remote] DEBUG org.asynchttpclient.netty.request.NettyRequestSender -- Using pooled Channel '[id: 0xd850032e, L:/127.0.0.1:49363 - R:/127.0.0.1:4723]' for 'POST' to 'http://127.0.0.1:4723/session/01997e9d-b6f3-480f-94a4-14e6e437bcfe/url'
21:53:04.252 [Forwarding get on session 01997e9d-b6f3-480f-94a4-14e6e437bcfe to remote] DEBUG org.asynchttpclient.netty.request.NettyRequestSender -- Using open Channel [id: 0xd850032e, L:/127.0.0.1:49363 - R:/127.0.0.1:4723] for POST '/session/01997e9d-b6f3-480f-94a4-14e6e437bcfe/url'
21:53:05.585 [AsyncHttpClient-1-2] DEBUG org.asynchttpclient.netty.handler.HttpHandler -- 

Request DefaultHttpRequest(decodeResult: success, version: HTTP/1.1)
POST /session/01997e9d-b6f3-480f-94a4-14e6e437bcfe/url HTTP/1.1
User-Agent: appium/8.3.0 (selenium/4.8.3 (java mac))
Content-Length: 133
Content-Type: application/json; charset=utf-8
host: 127.0.0.1:4723
accept: */*

Response DefaultHttpResponse(decodeResult: success, version: HTTP/1.1)
HTTP/1.1 200 OK
X-Powered-By: Express
Vary: X-HTTP-Method-Override
Content-Type: application/json; charset=utf-8
Content-Length: 14
ETag: W/"e-9/1BuKMgFObM1mWJm+YjxtXJnUM"
Date: Sun, 06 Apr 2025 13:53:05 GMT
Connection: keep-alive
Keep-Alive: timeout=600

21:53:05.585 [AsyncHttpClient-1-2] DEBUG org.asynchttpclient.netty.channel.ChannelManager -- Adding key: http://127.0.0.1:4723 for channel [id: 0xd850032e, L:/127.0.0.1:49363 - R:/127.0.0.1:4723]
21:53:05.586 [Forwarding getCurrentUrl on session 01997e9d-b6f3-480f-94a4-14e6e437bcfe to remote] DEBUG org.asynchttpclient.netty.request.NettyRequestSender -- Using pooled Channel '[id: 0xd850032e, L:/127.0.0.1:49363 - R:/127.0.0.1:4723]' for 'GET' to 'http://127.0.0.1:4723/session/01997e9d-b6f3-480f-94a4-14e6e437bcfe/url'
21:53:05.586 [Forwarding getCurrentUrl on session 01997e9d-b6f3-480f-94a4-14e6e437bcfe to remote] DEBUG org.asynchttpclient.netty.request.NettyRequestSender -- Using open Channel [id: 0xd850032e, L:/127.0.0.1:49363 - R:/127.0.0.1:4723] for GET '/session/01997e9d-b6f3-480f-94a4-14e6e437bcfe/url'
21:53:05.600 [AsyncHttpClient-1-2] DEBUG org.asynchttpclient.netty.handler.HttpHandler -- 

Request DefaultFullHttpRequest(decodeResult: success, version: HTTP/1.1, content: EmptyByteBufBE)
GET /session/01997e9d-b6f3-480f-94a4-14e6e437bcfe/url HTTP/1.1
Cache-Control: no-cache
User-Agent: appium/8.3.0 (selenium/4.8.3 (java mac))
Content-Type: application/json; charset=utf-8
host: 127.0.0.1:4723
accept: */*

Response DefaultHttpResponse(decodeResult: success, version: HTTP/1.1)
HTTP/1.1 200 OK
X-Powered-By: Express
Content-Type: application/json; charset=utf-8
Content-Length: 90
ETag: W/"5a-SVzTdoqQsw2ztnbhgzn9TDJ+oVM"
Date: Sun, 06 Apr 2025 13:53:05 GMT
Connection: keep-alive
Keep-Alive: timeout=600

21:53:05.600 [AsyncHttpClient-1-2] DEBUG org.asynchttpclient.netty.channel.ChannelManager -- Adding key: http://127.0.0.1:4723 for channel [id: 0xd850032e, L:/127.0.0.1:49363 - R:/127.0.0.1:4723]
*********3rd party cookie Current URL: https://www.cathaybk.com.tw/cathaybk/personal/loan/calculator/mortgage-budget/
21:53:05.601 [Forwarding getCookies on session 01997e9d-b6f3-480f-94a4-14e6e437bcfe to remote] DEBUG org.asynchttpclient.netty.request.NettyRequestSender -- Using pooled Channel '[id: 0xd850032e, L:/127.0.0.1:49363 - R:/127.0.0.1:4723]' for 'GET' to 'http://127.0.0.1:4723/session/01997e9d-b6f3-480f-94a4-14e6e437bcfe/cookie'
21:53:05.601 [Forwarding getCookies on session 01997e9d-b6f3-480f-94a4-14e6e437bcfe to remote] DEBUG org.asynchttpclient.netty.request.NettyRequestSender -- Using open Channel [id: 0xd850032e, L:/127.0.0.1:49363 - R:/127.0.0.1:4723] for GET '/session/01997e9d-b6f3-480f-94a4-14e6e437bcfe/cookie'
21:53:05.616 [AsyncHttpClient-1-2] DEBUG org.asynchttpclient.netty.handler.HttpHandler -- 

Request DefaultFullHttpRequest(decodeResult: success, version: HTTP/1.1, content: EmptyByteBufBE)
GET /session/01997e9d-b6f3-480f-94a4-14e6e437bcfe/cookie HTTP/1.1
Cache-Control: no-cache
User-Agent: appium/8.3.0 (selenium/4.8.3 (java mac))
Content-Type: application/json; charset=utf-8
host: 127.0.0.1:4723
accept: */*

Response DefaultHttpResponse(decodeResult: success, version: HTTP/1.1)
HTTP/1.1 200 OK
X-Powered-By: Express
Content-Type: application/json; charset=utf-8
Content-Length: 10439
ETag: W/"28c7-q/V/DkHcp6Oa8oW5EMun2lvncdM"
Date: Sun, 06 Apr 2025 13:53:05 GMT
Connection: keep-alive
Keep-Alive: timeout=600

21:53:05.616 [AsyncHttpClient-1-2] DEBUG org.asynchttpclient.netty.channel.ChannelManager -- Adding key: http://127.0.0.1:4723 for channel [id: 0xd850032e, L:/127.0.0.1:49363 - R:/127.0.0.1:4723]
*********Cookie: dv0qai26lg6v2y6kl7yyc36brextdubflinz99wa = v3fllwshizc
*********Cookie: dv0qai26lg6v2y6kl7yyc36brextd5zxig2w613x = 6bcrcfjsgc8
*********Cookie: dv0qai26lg6v2y6kl7yyc36brextdqiyfy0nn3v = r8r20n40vvr
*********Cookie: _ss_pp_id = f8ad99c1e0578401b7e1743918782839
*********Cookie: mbox = session#f39fe18ed3ca4e7b98dedebcfe201017#1743949446|PC#f39fe18ed3ca4e7b98dedebcfe201017.32_0#1807192386
*********Cookie: _td = 8a1f3127-176a-449c-88e3-c2573a6ea255
*********Cookie: dv0qai26lg6v2y6kl7yyc36brextdwt1efuy9wgo = pbn2clt242r
*********Cookie: _uetvid = 75544a7012ee11f0aad9f7fc3058b0e0
*********Cookie: dv0qai26lg6v2y6kl7yyc36brextdnxmi11pw7tk = y3x6e6fskm
*********Cookie: AMCV_B877A5DB584931AC0A495EAA%40AdobeOrg = 1585540135%7CMCIDTS%7C20185%7CMCMID%7C38411828354793427000405041118681645602%7CMCAAMLH-1744552382%7C11%7CMCAAMB-1744552382%7C6G1ynYcLPuiQxYZrsz_pkqfLG9yMXBpb2zX5dvJdYQJzPXImdj0y%7CMCCIDH%7C1062709688%7CMCOPTOUT-1743954782s%7CNONE%7CMCSYNCSOP%7C411-20192%7CvVersion%7C4.4.0
*********Cookie: at_check = true
*********Cookie: __lt__cid = c7ef4b78-7877-45e6-a7a5-6e07e44c969f
*********Cookie: dv0qai26lg6v2y6kl7yyc36brextdzmqeednqt9 = v30i8epxt4
*********Cookie: dv0qai26lg6v2y6kl7yyc36brextdba11psxsbj = 0ekszopra7ft
*********Cookie: dv0qai26lg6v2y6kl7yyc36brextd7yorh5dkcbd = pxmga1osfo
*********Cookie: dv0qai26lg6v2y6kl7yyc36brextdhg0y7ntn02q = cpkoi56l91b
*********Cookie: dv0qai26lg6v2y6kl7yyc36brextd7uohtwfbrn = 2f4zt60ybdh
*********Cookie: dv0qai26lg6v2y6kl7yyc36brextdmxnmuxcyfm = vddhl53kefs
*********Cookie: dv0qai26lg6v2y6kl7yyc36brextdg5dsb42cf2v = 8xv9ewbocgi
*********Cookie: usy46gabsosd = cubcsa_17439475818540.b31cd66b581b7f4723d626b553708e1f_8830
*********Cookie: dv0qai26lg6v2y6kl7yyc36brextdk4gj91bscf9 = rfdag0zukdb
*********Cookie: _gcl_au = 1.1.1936376063.1743947582
*********Cookie: citrix_ns_id = AAk7PIfyZzsIJksHAAAAADvLSubBRkGc__LEO-LWWP7W80In0sFLADpUO3Rr7GzzOw==xIryZw==IooD1bAaEDcMuUs4gtMWt3Yp794=
*********Cookie: ASP.NET_SessionId = 3desv3ts2clp5fklvybgi5wg
*********Cookie: dv0qai26lg6v2y6kl7yyc36brextdlhbvcta9ba = n009kesay1j
*********Cookie: dv0qai26lg6v2y6kl7yyc36brextd3rgvvqokx6n = 1c80k2cc1nx
*********Cookie: _mg_ckp = eyJja1RrZERGIjoiIn0=
*********Cookie: dv0qai26lg6v2y6kl7yyc36brextdtincbi2vero = w7nt4qxx4rn
*********Cookie: dv0qai26lg6v2y6kl7yyc36brextdjwrhpu0k7g = t7gcfmlpzbi
*********Cookie: shell#lang = en
*********Cookie: dv0qai26lg6v2y6kl7yyc36brextdxfi9ivjdofl = 5r83fn5929
*********Cookie: dv0qai26lg6v2y6kl7yyc36brextdp7h2zjk1qbs = 85xaq14wbv8
*********Cookie: _uetsid = 7554211012ee11f083193fd6cf79e23e
*********Cookie: dv0qai26lg6v2y6kl7yyc36brextdsfcvf62wmt = m8r5lbrvly
*********Cookie: _ga_T2T689XRGT = GS1.1.1743947582.1.1.1743947585.57.0.0
*********Cookie: dv0qai26lg6v2y6kl7yyc36brextd4sxtol4hvws = yeji9o2lpx
*********Cookie: _fbp = fb.2.1743947582818.170102165923972363
*********Cookie: dv0qai26lg6v2y6kl7yyc36brextdta0qlt7hcs = 1z3nqtj3jba
*********Cookie: dv0qai26lg6v2y6kl7yyc36brextd2qi2sssdwjn = xix35gxzrx
*********Cookie: dv0qai26lg6v2y6kl7yyc36brextdg40j9tuwc9 = dd0oi70wq2q
*********Cookie: dv0qai26lg6v2y6kl7yyc36brextdhd8hljetxdh = 8e9tglqevw
*********Cookie: __lt__sid = 2831e574-cc996f07
*********Cookie: cathaybk_new = 4bb3a3d8d4f078cfaa7badb04abb60df7ed08c3d037be7593e9c32d57ce56d7fc2c8d446
*********Cookie: dv0qai26lg6v2y6kl7yyc36brextdyujd50ph2x = 3mh2hc1n0hn
*********Cookie: __mguid_ = be989b4ddb824cfba3be927d229d4eea
*********Cookie: dv0qai26lg6v2y6kl7yyc36brextdaqkac2p094b = w314mtixw2
*********Cookie: dv0qai26lg6v2y6kl7yyc36brextdllegp8q6c4 = khlzdrevypf
*********Cookie: FingerprintCookie = a83734ca5c2401a34f4ad325dff7c9ff
*********Cookie: dv0qai26lg6v2y6kl7yyc36brextd09pyngxmqhmo = am4zex2uu9
*********Cookie: dv0qai26lg6v2y6kl7yyc36brextdcdeqkh0pij7 = nw3n1j7d60f
*********Cookie: _ga = GA1.1.301955517.1743947582
*********Cookie: dv0qai26lg6v2y6kl7yyc36brextdylx02d0f5em = wq8furduq6c
*********Cookie: dv0qai26lg6v2y6kl7yyc36brextdk8ny92gml2 = 85nz2s94gly
*********Cookie: dv0qai26lg6v2y6kl7yyc36brextdxldu2908lrb = joo7ym29bqh
*********Cookie: AMCVS_B877A5DB584931AC0A495EAA%40AdobeOrg = 1
*********Cookie: dv0qai26lg6v2y6kl7yyc36brextd2vt06awu6tg = e1603h8zgdd
*********Cookie: dv0qai26lg6v2y6kl7yyc36brextd2yd7xpr2g12 = efwgwt5voto
21:53:05.618 [Forwarding getCurrentUrl on session 01997e9d-b6f3-480f-94a4-14e6e437bcfe to remote] DEBUG org.asynchttpclient.netty.request.NettyRequestSender -- Using pooled Channel '[id: 0xd850032e, L:/127.0.0.1:49363 - R:/127.0.0.1:4723]' for 'GET' to 'http://127.0.0.1:4723/session/01997e9d-b6f3-480f-94a4-14e6e437bcfe/url'
21:53:05.618 [Forwarding getCurrentUrl on session 01997e9d-b6f3-480f-94a4-14e6e437bcfe to remote] DEBUG org.asynchttpclient.netty.request.NettyRequestSender -- Using open Channel [id: 0xd850032e, L:/127.0.0.1:49363 - R:/127.0.0.1:4723] for GET '/session/01997e9d-b6f3-480f-94a4-14e6e437bcfe/url'
21:53:05.633 [AsyncHttpClient-1-2] DEBUG org.asynchttpclient.netty.handler.HttpHandler -- 

Request DefaultFullHttpRequest(decodeResult: success, version: HTTP/1.1, content: EmptyByteBufBE)
GET /session/01997e9d-b6f3-480f-94a4-14e6e437bcfe/url HTTP/1.1
Cache-Control: no-cache
User-Agent: appium/8.3.0 (selenium/4.8.3 (java mac))
Content-Type: application/json; charset=utf-8
host: 127.0.0.1:4723
accept: */*

Response DefaultHttpResponse(decodeResult: success, version: HTTP/1.1)
HTTP/1.1 200 OK
X-Powered-By: Express
Content-Type: application/json; charset=utf-8
Content-Length: 90
ETag: W/"5a-SVzTdoqQsw2ztnbhgzn9TDJ+oVM"
Date: Sun, 06 Apr 2025 13:53:05 GMT
Connection: keep-alive
Keep-Alive: timeout=600

21:53:05.633 [AsyncHttpClient-1-2] DEBUG org.asynchttpclient.netty.channel.ChannelManager -- Adding key: http://127.0.0.1:4723 for channel [id: 0xd850032e, L:/127.0.0.1:49363 - R:/127.0.0.1:4723]
21:53:05.634 [Forwarding setTimeout on session 01997e9d-b6f3-480f-94a4-14e6e437bcfe to remote] DEBUG org.asynchttpclient.netty.request.NettyRequestSender -- Using pooled Channel '[id: 0xd850032e, L:/127.0.0.1:49363 - R:/127.0.0.1:4723]' for 'POST' to 'http://127.0.0.1:4723/session/01997e9d-b6f3-480f-94a4-14e6e437bcfe/timeouts'
21:53:05.634 [Forwarding setTimeout on session 01997e9d-b6f3-480f-94a4-14e6e437bcfe to remote] DEBUG org.asynchttpclient.netty.request.NettyRequestSender -- Using open Channel [id: 0xd850032e, L:/127.0.0.1:49363 - R:/127.0.0.1:4723] for POST '/session/01997e9d-b6f3-480f-94a4-14e6e437bcfe/timeouts'
21:53:05.636 [AsyncHttpClient-1-2] DEBUG org.asynchttpclient.netty.handler.HttpHandler -- 

Request DefaultHttpRequest(decodeResult: success, version: HTTP/1.1)
POST /session/01997e9d-b6f3-480f-94a4-14e6e437bcfe/timeouts HTTP/1.1
User-Agent: appium/8.3.0 (selenium/4.8.3 (java mac))
Content-Length: 23
Content-Type: application/json; charset=utf-8
host: 127.0.0.1:4723
accept: */*

Response DefaultHttpResponse(decodeResult: success, version: HTTP/1.1)
HTTP/1.1 200 OK
X-Powered-By: Express
Vary: X-HTTP-Method-Override
Content-Type: application/json; charset=utf-8
Content-Length: 14
ETag: W/"e-9/1BuKMgFObM1mWJm+YjxtXJnUM"
Date: Sun, 06 Apr 2025 13:53:05 GMT
Connection: keep-alive
Keep-Alive: timeout=600

21:53:05.636 [AsyncHttpClient-1-2] DEBUG org.asynchttpclient.netty.channel.ChannelManager -- Adding key: http://127.0.0.1:4723 for channel [id: 0xd850032e, L:/127.0.0.1:49363 - R:/127.0.0.1:4723]
21:53:05.636 [Forwarding setTimeout on session 01997e9d-b6f3-480f-94a4-14e6e437bcfe to remote] DEBUG org.asynchttpclient.netty.request.NettyRequestSender -- Using pooled Channel '[id: 0xd850032e, L:/127.0.0.1:49363 - R:/127.0.0.1:4723]' for 'POST' to 'http://127.0.0.1:4723/session/01997e9d-b6f3-480f-94a4-14e6e437bcfe/timeouts'
21:53:05.636 [Forwarding setTimeout on session 01997e9d-b6f3-480f-94a4-14e6e437bcfe to remote] DEBUG org.asynchttpclient.netty.request.NettyRequestSender -- Using open Channel [id: 0xd850032e, L:/127.0.0.1:49363 - R:/127.0.0.1:4723] for POST '/session/01997e9d-b6f3-480f-94a4-14e6e437bcfe/timeouts'
21:53:05.638 [AsyncHttpClient-1-2] DEBUG org.asynchttpclient.netty.handler.HttpHandler -- 

Request DefaultHttpRequest(decodeResult: success, version: HTTP/1.1)
POST /session/01997e9d-b6f3-480f-94a4-14e6e437bcfe/timeouts HTTP/1.1
User-Agent: appium/8.3.0 (selenium/4.8.3 (java mac))
Content-Length: 23
Content-Type: application/json; charset=utf-8
host: 127.0.0.1:4723
accept: */*

Response DefaultHttpResponse(decodeResult: success, version: HTTP/1.1)
HTTP/1.1 200 OK
X-Powered-By: Express
Vary: X-HTTP-Method-Override
Content-Type: application/json; charset=utf-8
Content-Length: 14
ETag: W/"e-9/1BuKMgFObM1mWJm+YjxtXJnUM"
Date: Sun, 06 Apr 2025 13:53:05 GMT
Connection: keep-alive
Keep-Alive: timeout=600

21:53:05.638 [AsyncHttpClient-1-2] DEBUG org.asynchttpclient.netty.channel.ChannelManager -- Adding key: http://127.0.0.1:4723 for channel [id: 0xd850032e, L:/127.0.0.1:49363 - R:/127.0.0.1:4723]
21:53:05.638 [Forwarding setTimeout on session 01997e9d-b6f3-480f-94a4-14e6e437bcfe to remote] DEBUG org.asynchttpclient.netty.request.NettyRequestSender -- Using pooled Channel '[id: 0xd850032e, L:/127.0.0.1:49363 - R:/127.0.0.1:4723]' for 'POST' to 'http://127.0.0.1:4723/session/01997e9d-b6f3-480f-94a4-14e6e437bcfe/timeouts'
21:53:05.638 [Forwarding setTimeout on session 01997e9d-b6f3-480f-94a4-14e6e437bcfe to remote] DEBUG org.asynchttpclient.netty.request.NettyRequestSender -- Using open Channel [id: 0xd850032e, L:/127.0.0.1:49363 - R:/127.0.0.1:4723] for POST '/session/01997e9d-b6f3-480f-94a4-14e6e437bcfe/timeouts'
21:53:05.640 [AsyncHttpClient-1-2] DEBUG org.asynchttpclient.netty.handler.HttpHandler -- 

Request DefaultHttpRequest(decodeResult: success, version: HTTP/1.1)
POST /session/01997e9d-b6f3-480f-94a4-14e6e437bcfe/timeouts HTTP/1.1
User-Agent: appium/8.3.0 (selenium/4.8.3 (java mac))
Content-Length: 21
Content-Type: application/json; charset=utf-8
host: 127.0.0.1:4723
accept: */*

Response DefaultHttpResponse(decodeResult: success, version: HTTP/1.1)
HTTP/1.1 200 OK
X-Powered-By: Express
Vary: X-HTTP-Method-Override
Content-Type: application/json; charset=utf-8
Content-Length: 14
ETag: W/"e-9/1BuKMgFObM1mWJm+YjxtXJnUM"
Date: Sun, 06 Apr 2025 13:53:05 GMT
Connection: keep-alive
Keep-Alive: timeout=600

21:53:05.640 [AsyncHttpClient-1-2] DEBUG org.asynchttpclient.netty.channel.ChannelManager -- Adding key: http://127.0.0.1:4723 for channel [id: 0xd850032e, L:/127.0.0.1:49363 - R:/127.0.0.1:4723]
21:53:05.640 [main] INFO com.cathay.test.tests.MortgageCalculatorTest -- MortgageCalculatorTest 驗證完成
房貸試算功能測試 - 房貸金額未填寫
21:53:05.640 [main] INFO com.cathay.test.tests.MortgageCalculatorTest -- 開始執行：testErrorHandlingLoadAmount
21:53:05.641 [Forwarding get on session 01997e9d-b6f3-480f-94a4-14e6e437bcfe to remote] DEBUG org.asynchttpclient.netty.request.NettyRequestSender -- Using pooled Channel '[id: 0xd850032e, L:/127.0.0.1:49363 - R:/127.0.0.1:4723]' for 'POST' to 'http://127.0.0.1:4723/session/01997e9d-b6f3-480f-94a4-14e6e437bcfe/url'
21:53:05.641 [Forwarding get on session 01997e9d-b6f3-480f-94a4-14e6e437bcfe to remote] DEBUG org.asynchttpclient.netty.request.NettyRequestSender -- Using open Channel [id: 0xd850032e, L:/127.0.0.1:49363 - R:/127.0.0.1:4723] for POST '/session/01997e9d-b6f3-480f-94a4-14e6e437bcfe/url'
21:53:06.821 [AsyncHttpClient-1-2] DEBUG org.asynchttpclient.netty.handler.HttpHandler -- 

Request DefaultHttpRequest(decodeResult: success, version: HTTP/1.1)
POST /session/01997e9d-b6f3-480f-94a4-14e6e437bcfe/url HTTP/1.1
User-Agent: appium/8.3.0 (selenium/4.8.3 (java mac))
Content-Length: 133
Content-Type: application/json; charset=utf-8
host: 127.0.0.1:4723
accept: */*

Response DefaultHttpResponse(decodeResult: success, version: HTTP/1.1)
HTTP/1.1 200 OK
X-Powered-By: Express
Vary: X-HTTP-Method-Override
Content-Type: application/json; charset=utf-8
Content-Length: 14
ETag: W/"e-9/1BuKMgFObM1mWJm+YjxtXJnUM"
Date: Sun, 06 Apr 2025 13:53:06 GMT
Connection: keep-alive
Keep-Alive: timeout=600

21:53:06.822 [AsyncHttpClient-1-2] DEBUG org.asynchttpclient.netty.channel.ChannelManager -- Adding key: http://127.0.0.1:4723 for channel [id: 0xd850032e, L:/127.0.0.1:49363 - R:/127.0.0.1:4723]
21:53:06.823 [Forwarding getCurrentUrl on session 01997e9d-b6f3-480f-94a4-14e6e437bcfe to remote] DEBUG org.asynchttpclient.netty.request.NettyRequestSender -- Using pooled Channel '[id: 0xd850032e, L:/127.0.0.1:49363 - R:/127.0.0.1:4723]' for 'GET' to 'http://127.0.0.1:4723/session/01997e9d-b6f3-480f-94a4-14e6e437bcfe/url'
21:53:06.823 [Forwarding getCurrentUrl on session 01997e9d-b6f3-480f-94a4-14e6e437bcfe to remote] DEBUG org.asynchttpclient.netty.request.NettyRequestSender -- Using open Channel [id: 0xd850032e, L:/127.0.0.1:49363 - R:/127.0.0.1:4723] for GET '/session/01997e9d-b6f3-480f-94a4-14e6e437bcfe/url'
21:53:06.894 [AsyncHttpClient-1-2] DEBUG org.asynchttpclient.netty.handler.HttpHandler -- 

Request DefaultFullHttpRequest(decodeResult: success, version: HTTP/1.1, content: EmptyByteBufBE)
GET /session/01997e9d-b6f3-480f-94a4-14e6e437bcfe/url HTTP/1.1
Cache-Control: no-cache
User-Agent: appium/8.3.0 (selenium/4.8.3 (java mac))
Content-Type: application/json; charset=utf-8
host: 127.0.0.1:4723
accept: */*

Response DefaultHttpResponse(decodeResult: success, version: HTTP/1.1)
HTTP/1.1 200 OK
X-Powered-By: Express
Content-Type: application/json; charset=utf-8
Content-Length: 90
ETag: W/"5a-SVzTdoqQsw2ztnbhgzn9TDJ+oVM"
Date: Sun, 06 Apr 2025 13:53:06 GMT
Connection: keep-alive
Keep-Alive: timeout=600

21:53:06.895 [AsyncHttpClient-1-2] DEBUG org.asynchttpclient.netty.channel.ChannelManager -- Adding key: http://127.0.0.1:4723 for channel [id: 0xd850032e, L:/127.0.0.1:49363 - R:/127.0.0.1:4723]
*********3rd party cookie Current URL: https://www.cathaybk.com.tw/cathaybk/personal/loan/calculator/mortgage-budget/
21:53:06.896 [Forwarding getCookies on session 01997e9d-b6f3-480f-94a4-14e6e437bcfe to remote] DEBUG org.asynchttpclient.netty.request.NettyRequestSender -- Using pooled Channel '[id: 0xd850032e, L:/127.0.0.1:49363 - R:/127.0.0.1:4723]' for 'GET' to 'http://127.0.0.1:4723/session/01997e9d-b6f3-480f-94a4-14e6e437bcfe/cookie'
21:53:06.896 [Forwarding getCookies on session 01997e9d-b6f3-480f-94a4-14e6e437bcfe to remote] DEBUG org.asynchttpclient.netty.request.NettyRequestSender -- Using open Channel [id: 0xd850032e, L:/127.0.0.1:49363 - R:/127.0.0.1:4723] for GET '/session/01997e9d-b6f3-480f-94a4-14e6e437bcfe/cookie'
21:53:06.913 [AsyncHttpClient-1-2] DEBUG org.asynchttpclient.netty.handler.HttpHandler -- 

Request DefaultFullHttpRequest(decodeResult: success, version: HTTP/1.1, content: EmptyByteBufBE)
GET /session/01997e9d-b6f3-480f-94a4-14e6e437bcfe/cookie HTTP/1.1
Cache-Control: no-cache
User-Agent: appium/8.3.0 (selenium/4.8.3 (java mac))
Content-Type: application/json; charset=utf-8
host: 127.0.0.1:4723
accept: */*

Response DefaultHttpResponse(decodeResult: success, version: HTTP/1.1)
HTTP/1.1 200 OK
X-Powered-By: Express
Content-Type: application/json; charset=utf-8
Content-Length: 5179
ETag: W/"143b-XVaVTV6HKw9J06mojDYVWN5m7go"
Date: Sun, 06 Apr 2025 13:53:06 GMT
Connection: keep-alive
Keep-Alive: timeout=600

21:53:06.913 [AsyncHttpClient-1-2] DEBUG org.asynchttpclient.netty.channel.ChannelManager -- Adding key: http://127.0.0.1:4723 for channel [id: 0xd850032e, L:/127.0.0.1:49363 - R:/127.0.0.1:4723]
*********Cookie: citrix_ns_id = AAk7PIfyZzsIJksHAAAAADvLSubBRkGc__LEO-LWWP7W80In0sFLADpUO3Rr7GzzOw==xoryZw==RvsHeXgz540dIpHcJJ7jcfLV-KU=
*********Cookie: ASP.NET_SessionId = 3desv3ts2clp5fklvybgi5wg
*********Cookie: _ss_pp_id = f8ad99c1e0578401b7e1743918782839
*********Cookie: _mg_ckp = eyJja1RrZERGIjoiIn0=
*********Cookie: shell#lang = en
*********Cookie: mbox = session#f39fe18ed3ca4e7b98dedebcfe201017#1743949447|PC#f39fe18ed3ca4e7b98dedebcfe201017.32_0#1807192387
*********Cookie: _td = 8a1f3127-176a-449c-88e3-c2573a6ea255
*********Cookie: _uetvid = 75544a7012ee11f0aad9f7fc3058b0e0
*********Cookie: _uetsid = 7554211012ee11f083193fd6cf79e23e
*********Cookie: _ga_T2T689XRGT = GS1.1.1743947582.1.1.1743947586.56.0.0
*********Cookie: AMCV_B877A5DB584931AC0A495EAA%40AdobeOrg = 1585540135%7CMCIDTS%7C20185%7CMCMID%7C38411828354793427000405041118681645602%7CMCAAMLH-1744552382%7C11%7CMCAAMB-1744552382%7C6G1ynYcLPuiQxYZrsz_pkqfLG9yMXBpb2zX5dvJdYQJzPXImdj0y%7CMCCIDH%7C1062709688%7CMCOPTOUT-1743954782s%7CNONE%7CMCSYNCSOP%7C411-20192%7CvVersion%7C4.4.0
*********Cookie: at_check = true
*********Cookie: _fbp = fb.2.1743947582818.170102165923972363
*********Cookie: __lt__cid = c7ef4b78-7877-45e6-a7a5-6e07e44c969f
*********Cookie: dv0qai26lg6v2y6kl7yyc36brextdtbrvme5chwp = okb197mpk18
*********Cookie: dv0qai26lg6v2y6kl7yyc36brextdla4eiqc1h4 = vukqrpsd1rj
*********Cookie: __lt__sid = 2831e574-cc996f07
*********Cookie: cathaybk_new = 4bb3a3d8d4f078cfaa7badb04abb60df7ed08c3d037be7593e9c32d57ce56d7fc2c8d446
*********Cookie: __mguid_ = be989b4ddb824cfba3be927d229d4eea
*********Cookie: FingerprintCookie = a83734ca5c2401a34f4ad325dff7c9ff
*********Cookie: dv0qai26lg6v2y6kl7yyc36brextdfr0kd1bx23 = h5zz8pp8iv
*********Cookie: dv0qai26lg6v2y6kl7yyc36brextda9bm3no41ve = av0r2dtl5qk
*********Cookie: dv0qai26lg6v2y6kl7yyc36brextdteg8ankoq9n = j9ylq84t6ys
*********Cookie: usy46gabsosd = cubcsa_17439475818540.b31cd66b581b7f4723d626b553708e1f_8830
*********Cookie: _ga = GA1.1.301955517.1743947582
*********Cookie: _gcl_au = 1.1.1936376063.1743947582
*********Cookie: dv0qai26lg6v2y6kl7yyc36brextd10qzsjd07xep = 9bcw5u8ppk
*********Cookie: AMCVS_B877A5DB584931AC0A495EAA%40AdobeOrg = 1
21:53:06.915 [Forwarding getCurrentUrl on session 01997e9d-b6f3-480f-94a4-14e6e437bcfe to remote] DEBUG org.asynchttpclient.netty.request.NettyRequestSender -- Using pooled Channel '[id: 0xd850032e, L:/127.0.0.1:49363 - R:/127.0.0.1:4723]' for 'GET' to 'http://127.0.0.1:4723/session/01997e9d-b6f3-480f-94a4-14e6e437bcfe/url'
21:53:06.916 [Forwarding getCurrentUrl on session 01997e9d-b6f3-480f-94a4-14e6e437bcfe to remote] DEBUG org.asynchttpclient.netty.request.NettyRequestSender -- Using open Channel [id: 0xd850032e, L:/127.0.0.1:49363 - R:/127.0.0.1:4723] for GET '/session/01997e9d-b6f3-480f-94a4-14e6e437bcfe/url'
21:53:06.931 [AsyncHttpClient-1-2] DEBUG org.asynchttpclient.netty.handler.HttpHandler -- 

Request DefaultFullHttpRequest(decodeResult: success, version: HTTP/1.1, content: EmptyByteBufBE)
GET /session/01997e9d-b6f3-480f-94a4-14e6e437bcfe/url HTTP/1.1
Cache-Control: no-cache
User-Agent: appium/8.3.0 (selenium/4.8.3 (java mac))
Content-Type: application/json; charset=utf-8
host: 127.0.0.1:4723
accept: */*

Response DefaultHttpResponse(decodeResult: success, version: HTTP/1.1)
HTTP/1.1 200 OK
X-Powered-By: Express
Content-Type: application/json; charset=utf-8
Content-Length: 90
ETag: W/"5a-SVzTdoqQsw2ztnbhgzn9TDJ+oVM"
Date: Sun, 06 Apr 2025 13:53:06 GMT
Connection: keep-alive
Keep-Alive: timeout=600

21:53:06.931 [AsyncHttpClient-1-2] DEBUG org.asynchttpclient.netty.channel.ChannelManager -- Adding key: http://127.0.0.1:4723 for channel [id: 0xd850032e, L:/127.0.0.1:49363 - R:/127.0.0.1:4723]
21:53:06.932 [main] INFO com.cathay.test.tests.MortgageCalculatorTest -- 已開啟房貸試算頁面: https://www.cathaybk.com.tw/cathaybk/personal/loan/calculator/mortgage-budget/
21:53:06.934 [Forwarding findElement on session 01997e9d-b6f3-480f-94a4-14e6e437bcfe to remote] DEBUG org.asynchttpclient.netty.request.NettyRequestSender -- Using pooled Channel '[id: 0xd850032e, L:/127.0.0.1:49363 - R:/127.0.0.1:4723]' for 'POST' to 'http://127.0.0.1:4723/session/01997e9d-b6f3-480f-94a4-14e6e437bcfe/element'
21:53:06.934 [Forwarding findElement on session 01997e9d-b6f3-480f-94a4-14e6e437bcfe to remote] DEBUG org.asynchttpclient.netty.request.NettyRequestSender -- Using open Channel [id: 0xd850032e, L:/127.0.0.1:49363 - R:/127.0.0.1:4723] for POST '/session/01997e9d-b6f3-480f-94a4-14e6e437bcfe/element'
21:53:06.956 [AsyncHttpClient-1-2] DEBUG org.asynchttpclient.netty.handler.HttpHandler -- 

Request DefaultHttpRequest(decodeResult: success, version: HTTP/1.1)
POST /session/01997e9d-b6f3-480f-94a4-14e6e437bcfe/element HTTP/1.1
User-Agent: appium/8.3.0 (selenium/4.8.3 (java mac))
Content-Length: 64
Content-Type: application/json; charset=utf-8
host: 127.0.0.1:4723
accept: */*

Response DefaultHttpResponse(decodeResult: success, version: HTTP/1.1)
HTTP/1.1 200 OK
X-Powered-By: Express
Vary: X-HTTP-Method-Override
Content-Type: application/json; charset=utf-8
Content-Length: 215
ETag: W/"d7-yGciAMnvq7teSmAjQDBDAOgSz1I"
Date: Sun, 06 Apr 2025 13:53:06 GMT
Connection: keep-alive
Keep-Alive: timeout=600

21:53:06.957 [AsyncHttpClient-1-2] DEBUG org.asynchttpclient.netty.channel.ChannelManager -- Adding key: http://127.0.0.1:4723 for channel [id: 0xd850032e, L:/127.0.0.1:49363 - R:/127.0.0.1:4723]
21:53:06.958 [Forwarding executeScript on session 01997e9d-b6f3-480f-94a4-14e6e437bcfe to remote] DEBUG org.asynchttpclient.netty.request.NettyRequestSender -- Using pooled Channel '[id: 0xd850032e, L:/127.0.0.1:49363 - R:/127.0.0.1:4723]' for 'POST' to 'http://127.0.0.1:4723/session/01997e9d-b6f3-480f-94a4-14e6e437bcfe/execute/sync'
21:53:06.958 [Forwarding executeScript on session 01997e9d-b6f3-480f-94a4-14e6e437bcfe to remote] DEBUG org.asynchttpclient.netty.request.NettyRequestSender -- Using open Channel [id: 0xd850032e, L:/127.0.0.1:49363 - R:/127.0.0.1:4723] for POST '/session/01997e9d-b6f3-480f-94a4-14e6e437bcfe/execute/sync'
21:53:06.986 [AsyncHttpClient-1-2] DEBUG org.asynchttpclient.netty.handler.HttpHandler -- 

Request DefaultHttpRequest(decodeResult: success, version: HTTP/1.1)
POST /session/01997e9d-b6f3-480f-94a4-14e6e437bcfe/execute/sync HTTP/1.1
User-Agent: appium/8.3.0 (selenium/4.8.3 (java mac))
Content-Length: 347
Content-Type: application/json; charset=utf-8
host: 127.0.0.1:4723
accept: */*

Response DefaultHttpResponse(decodeResult: success, version: HTTP/1.1)
HTTP/1.1 200 OK
X-Powered-By: Express
Vary: X-HTTP-Method-Override
Content-Type: application/json; charset=utf-8
Content-Length: 14
ETag: W/"e-9/1BuKMgFObM1mWJm+YjxtXJnUM"
Date: Sun, 06 Apr 2025 13:53:06 GMT
Connection: keep-alive
Keep-Alive: timeout=600

21:53:06.987 [AsyncHttpClient-1-2] DEBUG org.asynchttpclient.netty.channel.ChannelManager -- Adding key: http://127.0.0.1:4723 for channel [id: 0xd850032e, L:/127.0.0.1:49363 - R:/127.0.0.1:4723]
21:53:06.988 [Forwarding findElement on session 01997e9d-b6f3-480f-94a4-14e6e437bcfe to remote] DEBUG org.asynchttpclient.netty.request.NettyRequestSender -- Using pooled Channel '[id: 0xd850032e, L:/127.0.0.1:49363 - R:/127.0.0.1:4723]' for 'POST' to 'http://127.0.0.1:4723/session/01997e9d-b6f3-480f-94a4-14e6e437bcfe/element'
21:53:06.988 [Forwarding findElement on session 01997e9d-b6f3-480f-94a4-14e6e437bcfe to remote] DEBUG org.asynchttpclient.netty.request.NettyRequestSender -- Using open Channel [id: 0xd850032e, L:/127.0.0.1:49363 - R:/127.0.0.1:4723] for POST '/session/01997e9d-b6f3-480f-94a4-14e6e437bcfe/element'
21:53:07.014 [AsyncHttpClient-1-2] DEBUG org.asynchttpclient.netty.handler.HttpHandler -- 

Request DefaultHttpRequest(decodeResult: success, version: HTTP/1.1)
POST /session/01997e9d-b6f3-480f-94a4-14e6e437bcfe/element HTTP/1.1
User-Agent: appium/8.3.0 (selenium/4.8.3 (java mac))
Content-Length: 64
Content-Type: application/json; charset=utf-8
host: 127.0.0.1:4723
accept: */*

Response DefaultHttpResponse(decodeResult: success, version: HTTP/1.1)
HTTP/1.1 200 OK
X-Powered-By: Express
Vary: X-HTTP-Method-Override
Content-Type: application/json; charset=utf-8
Content-Length: 215
ETag: W/"d7-nkb7tQ5S458gvFRFKKBoH+NvnHc"
Date: Sun, 06 Apr 2025 13:53:07 GMT
Connection: keep-alive
Keep-Alive: timeout=600

21:53:07.014 [AsyncHttpClient-1-2] DEBUG org.asynchttpclient.netty.channel.ChannelManager -- Adding key: http://127.0.0.1:4723 for channel [id: 0xd850032e, L:/127.0.0.1:49363 - R:/127.0.0.1:4723]
21:53:07.015 [Forwarding executeScript on session 01997e9d-b6f3-480f-94a4-14e6e437bcfe to remote] DEBUG org.asynchttpclient.netty.request.NettyRequestSender -- Using pooled Channel '[id: 0xd850032e, L:/127.0.0.1:49363 - R:/127.0.0.1:4723]' for 'POST' to 'http://127.0.0.1:4723/session/01997e9d-b6f3-480f-94a4-14e6e437bcfe/execute/sync'
21:53:07.015 [Forwarding executeScript on session 01997e9d-b6f3-480f-94a4-14e6e437bcfe to remote] DEBUG org.asynchttpclient.netty.request.NettyRequestSender -- Using open Channel [id: 0xd850032e, L:/127.0.0.1:49363 - R:/127.0.0.1:4723] for POST '/session/01997e9d-b6f3-480f-94a4-14e6e437bcfe/execute/sync'
21:53:07.056 [AsyncHttpClient-1-2] DEBUG org.asynchttpclient.netty.handler.HttpHandler -- 

Request DefaultHttpRequest(decodeResult: success, version: HTTP/1.1)
POST /session/01997e9d-b6f3-480f-94a4-14e6e437bcfe/execute/sync HTTP/1.1
User-Agent: appium/8.3.0 (selenium/4.8.3 (java mac))
Content-Length: 347
Content-Type: application/json; charset=utf-8
host: 127.0.0.1:4723
accept: */*

Response DefaultHttpResponse(decodeResult: success, version: HTTP/1.1)
HTTP/1.1 200 OK
X-Powered-By: Express
Vary: X-HTTP-Method-Override
Content-Type: application/json; charset=utf-8
Content-Length: 14
ETag: W/"e-9/1BuKMgFObM1mWJm+YjxtXJnUM"
Date: Sun, 06 Apr 2025 13:53:07 GMT
Connection: keep-alive
Keep-Alive: timeout=600

21:53:07.056 [AsyncHttpClient-1-2] DEBUG org.asynchttpclient.netty.channel.ChannelManager -- Adding key: http://127.0.0.1:4723 for channel [id: 0xd850032e, L:/127.0.0.1:49363 - R:/127.0.0.1:4723]
21:53:07.057 [Forwarding findElement on session 01997e9d-b6f3-480f-94a4-14e6e437bcfe to remote] DEBUG org.asynchttpclient.netty.request.NettyRequestSender -- Using pooled Channel '[id: 0xd850032e, L:/127.0.0.1:49363 - R:/127.0.0.1:4723]' for 'POST' to 'http://127.0.0.1:4723/session/01997e9d-b6f3-480f-94a4-14e6e437bcfe/element'
21:53:07.057 [Forwarding findElement on session 01997e9d-b6f3-480f-94a4-14e6e437bcfe to remote] DEBUG org.asynchttpclient.netty.request.NettyRequestSender -- Using open Channel [id: 0xd850032e, L:/127.0.0.1:49363 - R:/127.0.0.1:4723] for POST '/session/01997e9d-b6f3-480f-94a4-14e6e437bcfe/element'
21:53:07.091 [AsyncHttpClient-1-2] DEBUG org.asynchttpclient.netty.handler.HttpHandler -- 

Request DefaultHttpRequest(decodeResult: success, version: HTTP/1.1)
POST /session/01997e9d-b6f3-480f-94a4-14e6e437bcfe/element HTTP/1.1
User-Agent: appium/8.3.0 (selenium/4.8.3 (java mac))
Content-Length: 60
Content-Type: application/json; charset=utf-8
host: 127.0.0.1:4723
accept: */*

Response DefaultHttpResponse(decodeResult: success, version: HTTP/1.1)
HTTP/1.1 200 OK
X-Powered-By: Express
Vary: X-HTTP-Method-Override
Content-Type: application/json; charset=utf-8
Content-Length: 215
ETag: W/"d7-gGUrdHkRcvAONn3rSar4GgcY1yg"
Date: Sun, 06 Apr 2025 13:53:07 GMT
Connection: keep-alive
Keep-Alive: timeout=600

21:53:07.091 [AsyncHttpClient-1-2] DEBUG org.asynchttpclient.netty.channel.ChannelManager -- Adding key: http://127.0.0.1:4723 for channel [id: 0xd850032e, L:/127.0.0.1:49363 - R:/127.0.0.1:4723]
21:53:07.092 [Forwarding isElementDisplayed on session 01997e9d-b6f3-480f-94a4-14e6e437bcfe to remote] DEBUG org.asynchttpclient.netty.request.NettyRequestSender -- Using pooled Channel '[id: 0xd850032e, L:/127.0.0.1:49363 - R:/127.0.0.1:4723]' for 'GET' to 'http://127.0.0.1:4723/session/01997e9d-b6f3-480f-94a4-14e6e437bcfe/element/f.883979D18280D5495C1703F1B5FCC7D9.d.0FF05775DF349CECEFADF97CA908A80F.e.386/displayed'
21:53:07.092 [Forwarding isElementDisplayed on session 01997e9d-b6f3-480f-94a4-14e6e437bcfe to remote] DEBUG org.asynchttpclient.netty.request.NettyRequestSender -- Using open Channel [id: 0xd850032e, L:/127.0.0.1:49363 - R:/127.0.0.1:4723] for GET '/session/01997e9d-b6f3-480f-94a4-14e6e437bcfe/element/f.883979D18280D5495C1703F1B5FCC7D9.d.0FF05775DF349CECEFADF97CA908A80F.e.386/displayed'
21:53:07.122 [AsyncHttpClient-1-2] DEBUG org.asynchttpclient.netty.handler.HttpHandler -- 

Request DefaultFullHttpRequest(decodeResult: success, version: HTTP/1.1, content: EmptyByteBufBE)
GET /session/01997e9d-b6f3-480f-94a4-14e6e437bcfe/element/f.883979D18280D5495C1703F1B5FCC7D9.d.0FF05775DF349CECEFADF97CA908A80F.e.386/displayed HTTP/1.1
Cache-Control: no-cache
User-Agent: appium/8.3.0 (selenium/4.8.3 (java mac))
Content-Type: application/json; charset=utf-8
host: 127.0.0.1:4723
accept: */*

Response DefaultHttpResponse(decodeResult: success, version: HTTP/1.1)
HTTP/1.1 200 OK
X-Powered-By: Express
Content-Type: application/json; charset=utf-8
Content-Length: 14
ETag: W/"e-2ZHvAWebNQpyjGZTg6uyV8/spTo"
Date: Sun, 06 Apr 2025 13:53:07 GMT
Connection: keep-alive
Keep-Alive: timeout=600

21:53:07.123 [AsyncHttpClient-1-2] DEBUG org.asynchttpclient.netty.channel.ChannelManager -- Adding key: http://127.0.0.1:4723 for channel [id: 0xd850032e, L:/127.0.0.1:49363 - R:/127.0.0.1:4723]
21:53:07.124 [Forwarding isElementEnabled on session 01997e9d-b6f3-480f-94a4-14e6e437bcfe to remote] DEBUG org.asynchttpclient.netty.request.NettyRequestSender -- Using pooled Channel '[id: 0xd850032e, L:/127.0.0.1:49363 - R:/127.0.0.1:4723]' for 'GET' to 'http://127.0.0.1:4723/session/01997e9d-b6f3-480f-94a4-14e6e437bcfe/element/f.883979D18280D5495C1703F1B5FCC7D9.d.0FF05775DF349CECEFADF97CA908A80F.e.386/enabled'
21:53:07.124 [Forwarding isElementEnabled on session 01997e9d-b6f3-480f-94a4-14e6e437bcfe to remote] DEBUG org.asynchttpclient.netty.request.NettyRequestSender -- Using open Channel [id: 0xd850032e, L:/127.0.0.1:49363 - R:/127.0.0.1:4723] for GET '/session/01997e9d-b6f3-480f-94a4-14e6e437bcfe/element/f.883979D18280D5495C1703F1B5FCC7D9.d.0FF05775DF349CECEFADF97CA908A80F.e.386/enabled'
21:53:07.155 [AsyncHttpClient-1-2] DEBUG org.asynchttpclient.netty.handler.HttpHandler -- 

Request DefaultFullHttpRequest(decodeResult: success, version: HTTP/1.1, content: EmptyByteBufBE)
GET /session/01997e9d-b6f3-480f-94a4-14e6e437bcfe/element/f.883979D18280D5495C1703F1B5FCC7D9.d.0FF05775DF349CECEFADF97CA908A80F.e.386/enabled HTTP/1.1
Cache-Control: no-cache
User-Agent: appium/8.3.0 (selenium/4.8.3 (java mac))
Content-Type: application/json; charset=utf-8
host: 127.0.0.1:4723
accept: */*

Response DefaultHttpResponse(decodeResult: success, version: HTTP/1.1)
HTTP/1.1 200 OK
X-Powered-By: Express
Content-Type: application/json; charset=utf-8
Content-Length: 14
ETag: W/"e-2ZHvAWebNQpyjGZTg6uyV8/spTo"
Date: Sun, 06 Apr 2025 13:53:07 GMT
Connection: keep-alive
Keep-Alive: timeout=600

21:53:07.155 [AsyncHttpClient-1-2] DEBUG org.asynchttpclient.netty.channel.ChannelManager -- Adding key: http://127.0.0.1:4723 for channel [id: 0xd850032e, L:/127.0.0.1:49363 - R:/127.0.0.1:4723]
21:53:07.156 [Forwarding clearElement on session 01997e9d-b6f3-480f-94a4-14e6e437bcfe to remote] DEBUG org.asynchttpclient.netty.request.NettyRequestSender -- Using pooled Channel '[id: 0xd850032e, L:/127.0.0.1:49363 - R:/127.0.0.1:4723]' for 'POST' to 'http://127.0.0.1:4723/session/01997e9d-b6f3-480f-94a4-14e6e437bcfe/element/f.883979D18280D5495C1703F1B5FCC7D9.d.0FF05775DF349CECEFADF97CA908A80F.e.386/clear'
21:53:07.156 [Forwarding clearElement on session 01997e9d-b6f3-480f-94a4-14e6e437bcfe to remote] DEBUG org.asynchttpclient.netty.request.NettyRequestSender -- Using open Channel [id: 0xd850032e, L:/127.0.0.1:49363 - R:/127.0.0.1:4723] for POST '/session/01997e9d-b6f3-480f-94a4-14e6e437bcfe/element/f.883979D18280D5495C1703F1B5FCC7D9.d.0FF05775DF349CECEFADF97CA908A80F.e.386/clear'
21:53:07.356 [AsyncHttpClient-1-2] DEBUG org.asynchttpclient.netty.handler.HttpHandler -- 

Request DefaultHttpRequest(decodeResult: success, version: HTTP/1.1)
POST /session/01997e9d-b6f3-480f-94a4-14e6e437bcfe/element/f.883979D18280D5495C1703F1B5FCC7D9.d.0FF05775DF349CECEFADF97CA908A80F.e.386/clear HTTP/1.1
User-Agent: appium/8.3.0 (selenium/4.8.3 (java mac))
Content-Length: 89
Content-Type: application/json; charset=utf-8
host: 127.0.0.1:4723
accept: */*

Response DefaultHttpResponse(decodeResult: success, version: HTTP/1.1)
HTTP/1.1 200 OK
X-Powered-By: Express
Vary: X-HTTP-Method-Override
Content-Type: application/json; charset=utf-8
Content-Length: 14
ETag: W/"e-9/1BuKMgFObM1mWJm+YjxtXJnUM"
Date: Sun, 06 Apr 2025 13:53:07 GMT
Connection: keep-alive
Keep-Alive: timeout=600

21:53:07.356 [AsyncHttpClient-1-2] DEBUG org.asynchttpclient.netty.channel.ChannelManager -- Adding key: http://127.0.0.1:4723 for channel [id: 0xd850032e, L:/127.0.0.1:49363 - R:/127.0.0.1:4723]
21:53:07.358 [Forwarding sendKeysToElement on session 01997e9d-b6f3-480f-94a4-14e6e437bcfe to remote] DEBUG org.asynchttpclient.netty.request.NettyRequestSender -- Using pooled Channel '[id: 0xd850032e, L:/127.0.0.1:49363 - R:/127.0.0.1:4723]' for 'POST' to 'http://127.0.0.1:4723/session/01997e9d-b6f3-480f-94a4-14e6e437bcfe/element/f.883979D18280D5495C1703F1B5FCC7D9.d.0FF05775DF349CECEFADF97CA908A80F.e.386/value'
21:53:07.358 [Forwarding sendKeysToElement on session 01997e9d-b6f3-480f-94a4-14e6e437bcfe to remote] DEBUG org.asynchttpclient.netty.request.NettyRequestSender -- Using open Channel [id: 0xd850032e, L:/127.0.0.1:49363 - R:/127.0.0.1:4723] for POST '/session/01997e9d-b6f3-480f-94a4-14e6e437bcfe/element/f.883979D18280D5495C1703F1B5FCC7D9.d.0FF05775DF349CECEFADF97CA908A80F.e.386/value'
21:53:07.624 [AsyncHttpClient-1-2] DEBUG org.asynchttpclient.netty.handler.HttpHandler -- 

Request DefaultHttpRequest(decodeResult: success, version: HTTP/1.1)
POST /session/01997e9d-b6f3-480f-94a4-14e6e437bcfe/element/f.883979D18280D5495C1703F1B5FCC7D9.d.0FF05775DF349CECEFADF97CA908A80F.e.386/value HTTP/1.1
User-Agent: appium/8.3.0 (selenium/4.8.3 (java mac))
Content-Length: 150
Content-Type: application/json; charset=utf-8
host: 127.0.0.1:4723
accept: */*

Response DefaultHttpResponse(decodeResult: success, version: HTTP/1.1)
HTTP/1.1 200 OK
X-Powered-By: Express
Vary: X-HTTP-Method-Override
Content-Type: application/json; charset=utf-8
Content-Length: 14
ETag: W/"e-9/1BuKMgFObM1mWJm+YjxtXJnUM"
Date: Sun, 06 Apr 2025 13:53:07 GMT
Connection: keep-alive
Keep-Alive: timeout=600

21:53:07.625 [AsyncHttpClient-1-2] DEBUG org.asynchttpclient.netty.channel.ChannelManager -- Adding key: http://127.0.0.1:4723 for channel [id: 0xd850032e, L:/127.0.0.1:49363 - R:/127.0.0.1:4723]
21:53:07.626 [Forwarding findElement on session 01997e9d-b6f3-480f-94a4-14e6e437bcfe to remote] DEBUG org.asynchttpclient.netty.request.NettyRequestSender -- Using pooled Channel '[id: 0xd850032e, L:/127.0.0.1:49363 - R:/127.0.0.1:4723]' for 'POST' to 'http://127.0.0.1:4723/session/01997e9d-b6f3-480f-94a4-14e6e437bcfe/element'
21:53:07.626 [Forwarding findElement on session 01997e9d-b6f3-480f-94a4-14e6e437bcfe to remote] DEBUG org.asynchttpclient.netty.request.NettyRequestSender -- Using open Channel [id: 0xd850032e, L:/127.0.0.1:49363 - R:/127.0.0.1:4723] for POST '/session/01997e9d-b6f3-480f-94a4-14e6e437bcfe/element'
21:53:07.673 [AsyncHttpClient-1-2] DEBUG org.asynchttpclient.netty.handler.HttpHandler -- 

Request DefaultHttpRequest(decodeResult: success, version: HTTP/1.1)
POST /session/01997e9d-b6f3-480f-94a4-14e6e437bcfe/element HTTP/1.1
User-Agent: appium/8.3.0 (selenium/4.8.3 (java mac))
Content-Length: 57
Content-Type: application/json; charset=utf-8
host: 127.0.0.1:4723
accept: */*

Response DefaultHttpResponse(decodeResult: success, version: HTTP/1.1)
HTTP/1.1 200 OK
X-Powered-By: Express
Vary: X-HTTP-Method-Override
Content-Type: application/json; charset=utf-8
Content-Length: 215
ETag: W/"d7-Kx8eetrZKSwOgXgfZqrNR+BbZtA"
Date: Sun, 06 Apr 2025 13:53:07 GMT
Connection: keep-alive
Keep-Alive: timeout=600

21:53:07.673 [AsyncHttpClient-1-2] DEBUG org.asynchttpclient.netty.channel.ChannelManager -- Adding key: http://127.0.0.1:4723 for channel [id: 0xd850032e, L:/127.0.0.1:49363 - R:/127.0.0.1:4723]
21:53:07.674 [Forwarding isElementDisplayed on session 01997e9d-b6f3-480f-94a4-14e6e437bcfe to remote] DEBUG org.asynchttpclient.netty.request.NettyRequestSender -- Using pooled Channel '[id: 0xd850032e, L:/127.0.0.1:49363 - R:/127.0.0.1:4723]' for 'GET' to 'http://127.0.0.1:4723/session/01997e9d-b6f3-480f-94a4-14e6e437bcfe/element/f.883979D18280D5495C1703F1B5FCC7D9.d.0FF05775DF349CECEFADF97CA908A80F.e.395/displayed'
21:53:07.674 [Forwarding isElementDisplayed on session 01997e9d-b6f3-480f-94a4-14e6e437bcfe to remote] DEBUG org.asynchttpclient.netty.request.NettyRequestSender -- Using open Channel [id: 0xd850032e, L:/127.0.0.1:49363 - R:/127.0.0.1:4723] for GET '/session/01997e9d-b6f3-480f-94a4-14e6e437bcfe/element/f.883979D18280D5495C1703F1B5FCC7D9.d.0FF05775DF349CECEFADF97CA908A80F.e.395/displayed'
21:53:07.704 [AsyncHttpClient-1-2] DEBUG org.asynchttpclient.netty.handler.HttpHandler -- 

Request DefaultFullHttpRequest(decodeResult: success, version: HTTP/1.1, content: EmptyByteBufBE)
GET /session/01997e9d-b6f3-480f-94a4-14e6e437bcfe/element/f.883979D18280D5495C1703F1B5FCC7D9.d.0FF05775DF349CECEFADF97CA908A80F.e.395/displayed HTTP/1.1
Cache-Control: no-cache
User-Agent: appium/8.3.0 (selenium/4.8.3 (java mac))
Content-Type: application/json; charset=utf-8
host: 127.0.0.1:4723
accept: */*

Response DefaultHttpResponse(decodeResult: success, version: HTTP/1.1)
HTTP/1.1 200 OK
X-Powered-By: Express
Content-Type: application/json; charset=utf-8
Content-Length: 14
ETag: W/"e-2ZHvAWebNQpyjGZTg6uyV8/spTo"
Date: Sun, 06 Apr 2025 13:53:07 GMT
Connection: keep-alive
Keep-Alive: timeout=600

21:53:07.705 [AsyncHttpClient-1-2] DEBUG org.asynchttpclient.netty.channel.ChannelManager -- Adding key: http://127.0.0.1:4723 for channel [id: 0xd850032e, L:/127.0.0.1:49363 - R:/127.0.0.1:4723]
21:53:07.706 [Forwarding isElementEnabled on session 01997e9d-b6f3-480f-94a4-14e6e437bcfe to remote] DEBUG org.asynchttpclient.netty.request.NettyRequestSender -- Using pooled Channel '[id: 0xd850032e, L:/127.0.0.1:49363 - R:/127.0.0.1:4723]' for 'GET' to 'http://127.0.0.1:4723/session/01997e9d-b6f3-480f-94a4-14e6e437bcfe/element/f.883979D18280D5495C1703F1B5FCC7D9.d.0FF05775DF349CECEFADF97CA908A80F.e.395/enabled'
21:53:07.706 [Forwarding isElementEnabled on session 01997e9d-b6f3-480f-94a4-14e6e437bcfe to remote] DEBUG org.asynchttpclient.netty.request.NettyRequestSender -- Using open Channel [id: 0xd850032e, L:/127.0.0.1:49363 - R:/127.0.0.1:4723] for GET '/session/01997e9d-b6f3-480f-94a4-14e6e437bcfe/element/f.883979D18280D5495C1703F1B5FCC7D9.d.0FF05775DF349CECEFADF97CA908A80F.e.395/enabled'
21:53:07.735 [AsyncHttpClient-1-2] DEBUG org.asynchttpclient.netty.handler.HttpHandler -- 

Request DefaultFullHttpRequest(decodeResult: success, version: HTTP/1.1, content: EmptyByteBufBE)
GET /session/01997e9d-b6f3-480f-94a4-14e6e437bcfe/element/f.883979D18280D5495C1703F1B5FCC7D9.d.0FF05775DF349CECEFADF97CA908A80F.e.395/enabled HTTP/1.1
Cache-Control: no-cache
User-Agent: appium/8.3.0 (selenium/4.8.3 (java mac))
Content-Type: application/json; charset=utf-8
host: 127.0.0.1:4723
accept: */*

Response DefaultHttpResponse(decodeResult: success, version: HTTP/1.1)
HTTP/1.1 200 OK
X-Powered-By: Express
Content-Type: application/json; charset=utf-8
Content-Length: 14
ETag: W/"e-2ZHvAWebNQpyjGZTg6uyV8/spTo"
Date: Sun, 06 Apr 2025 13:53:07 GMT
Connection: keep-alive
Keep-Alive: timeout=600

21:53:07.736 [AsyncHttpClient-1-2] DEBUG org.asynchttpclient.netty.channel.ChannelManager -- Adding key: http://127.0.0.1:4723 for channel [id: 0xd850032e, L:/127.0.0.1:49363 - R:/127.0.0.1:4723]
21:53:07.737 [Forwarding clickElement on session 01997e9d-b6f3-480f-94a4-14e6e437bcfe to remote] DEBUG org.asynchttpclient.netty.request.NettyRequestSender -- Using pooled Channel '[id: 0xd850032e, L:/127.0.0.1:49363 - R:/127.0.0.1:4723]' for 'POST' to 'http://127.0.0.1:4723/session/01997e9d-b6f3-480f-94a4-14e6e437bcfe/element/f.883979D18280D5495C1703F1B5FCC7D9.d.0FF05775DF349CECEFADF97CA908A80F.e.395/click'
21:53:07.737 [Forwarding clickElement on session 01997e9d-b6f3-480f-94a4-14e6e437bcfe to remote] DEBUG org.asynchttpclient.netty.request.NettyRequestSender -- Using open Channel [id: 0xd850032e, L:/127.0.0.1:49363 - R:/127.0.0.1:4723] for POST '/session/01997e9d-b6f3-480f-94a4-14e6e437bcfe/element/f.883979D18280D5495C1703F1B5FCC7D9.d.0FF05775DF349CECEFADF97CA908A80F.e.395/click'
21:53:07.943 [AsyncHttpClient-1-2] DEBUG org.asynchttpclient.netty.handler.HttpHandler -- 

Request DefaultHttpRequest(decodeResult: success, version: HTTP/1.1)
POST /session/01997e9d-b6f3-480f-94a4-14e6e437bcfe/element/f.883979D18280D5495C1703F1B5FCC7D9.d.0FF05775DF349CECEFADF97CA908A80F.e.395/click HTTP/1.1
User-Agent: appium/8.3.0 (selenium/4.8.3 (java mac))
Content-Length: 89
Content-Type: application/json; charset=utf-8
host: 127.0.0.1:4723
accept: */*

Response DefaultHttpResponse(decodeResult: success, version: HTTP/1.1)
HTTP/1.1 200 OK
X-Powered-By: Express
Vary: X-HTTP-Method-Override
Content-Type: application/json; charset=utf-8
Content-Length: 14
ETag: W/"e-9/1BuKMgFObM1mWJm+YjxtXJnUM"
Date: Sun, 06 Apr 2025 13:53:07 GMT
Connection: keep-alive
Keep-Alive: timeout=600

21:53:07.944 [AsyncHttpClient-1-2] DEBUG org.asynchttpclient.netty.channel.ChannelManager -- Adding key: http://127.0.0.1:4723 for channel [id: 0xd850032e, L:/127.0.0.1:49363 - R:/127.0.0.1:4723]
21:53:08.103 [AsyncHttpClient-1-1] DEBUG org.asynchttpclient.netty.channel.DefaultChannelPool -- Entry count for : http://127.0.0.1:4723 : 1
21:53:08.249 [Forwarding findElement on session 01997e9d-b6f3-480f-94a4-14e6e437bcfe to remote] DEBUG org.asynchttpclient.netty.request.NettyRequestSender -- Using pooled Channel '[id: 0xd850032e, L:/127.0.0.1:49363 - R:/127.0.0.1:4723]' for 'POST' to 'http://127.0.0.1:4723/session/01997e9d-b6f3-480f-94a4-14e6e437bcfe/element'
21:53:08.249 [Forwarding findElement on session 01997e9d-b6f3-480f-94a4-14e6e437bcfe to remote] DEBUG org.asynchttpclient.netty.request.NettyRequestSender -- Using open Channel [id: 0xd850032e, L:/127.0.0.1:49363 - R:/127.0.0.1:4723] for POST '/session/01997e9d-b6f3-480f-94a4-14e6e437bcfe/element'
21:53:08.286 [AsyncHttpClient-1-2] DEBUG org.asynchttpclient.netty.handler.HttpHandler -- 

Request DefaultHttpRequest(decodeResult: success, version: HTTP/1.1)
POST /session/01997e9d-b6f3-480f-94a4-14e6e437bcfe/element HTTP/1.1
User-Agent: appium/8.3.0 (selenium/4.8.3 (java mac))
Content-Length: 144
Content-Type: application/json; charset=utf-8
host: 127.0.0.1:4723
accept: */*

Response DefaultHttpResponse(decodeResult: success, version: HTTP/1.1)
HTTP/1.1 200 OK
X-Powered-By: Express
Vary: X-HTTP-Method-Override
Content-Type: application/json; charset=utf-8
Content-Length: 215
ETag: W/"d7-oIDn5JagoV8G0WJoZgtSLxc5yKg"
Date: Sun, 06 Apr 2025 13:53:08 GMT
Connection: keep-alive
Keep-Alive: timeout=600

21:53:08.288 [AsyncHttpClient-1-2] DEBUG org.asynchttpclient.netty.channel.ChannelManager -- Adding key: http://127.0.0.1:4723 for channel [id: 0xd850032e, L:/127.0.0.1:49363 - R:/127.0.0.1:4723]
21:53:08.290 [Forwarding isElementDisplayed on session 01997e9d-b6f3-480f-94a4-14e6e437bcfe to remote] DEBUG org.asynchttpclient.netty.request.NettyRequestSender -- Using pooled Channel '[id: 0xd850032e, L:/127.0.0.1:49363 - R:/127.0.0.1:4723]' for 'GET' to 'http://127.0.0.1:4723/session/01997e9d-b6f3-480f-94a4-14e6e437bcfe/element/f.883979D18280D5495C1703F1B5FCC7D9.d.0FF05775DF349CECEFADF97CA908A80F.e.410/displayed'
21:53:08.290 [Forwarding isElementDisplayed on session 01997e9d-b6f3-480f-94a4-14e6e437bcfe to remote] DEBUG org.asynchttpclient.netty.request.NettyRequestSender -- Using open Channel [id: 0xd850032e, L:/127.0.0.1:49363 - R:/127.0.0.1:4723] for GET '/session/01997e9d-b6f3-480f-94a4-14e6e437bcfe/element/f.883979D18280D5495C1703F1B5FCC7D9.d.0FF05775DF349CECEFADF97CA908A80F.e.410/displayed'
21:53:08.320 [AsyncHttpClient-1-2] DEBUG org.asynchttpclient.netty.handler.HttpHandler -- 

Request DefaultFullHttpRequest(decodeResult: success, version: HTTP/1.1, content: EmptyByteBufBE)
GET /session/01997e9d-b6f3-480f-94a4-14e6e437bcfe/element/f.883979D18280D5495C1703F1B5FCC7D9.d.0FF05775DF349CECEFADF97CA908A80F.e.410/displayed HTTP/1.1
Cache-Control: no-cache
User-Agent: appium/8.3.0 (selenium/4.8.3 (java mac))
Content-Type: application/json; charset=utf-8
host: 127.0.0.1:4723
accept: */*

Response DefaultHttpResponse(decodeResult: success, version: HTTP/1.1)
HTTP/1.1 200 OK
X-Powered-By: Express
Content-Type: application/json; charset=utf-8
Content-Length: 14
ETag: W/"e-2ZHvAWebNQpyjGZTg6uyV8/spTo"
Date: Sun, 06 Apr 2025 13:53:08 GMT
Connection: keep-alive
Keep-Alive: timeout=600

21:53:08.321 [AsyncHttpClient-1-2] DEBUG org.asynchttpclient.netty.channel.ChannelManager -- Adding key: http://127.0.0.1:4723 for channel [id: 0xd850032e, L:/127.0.0.1:49363 - R:/127.0.0.1:4723]
每月可負擔房貸金額ErrorHandling驗證通過！
21:53:08.322 [Forwarding switchToFrame on session 01997e9d-b6f3-480f-94a4-14e6e437bcfe to remote] DEBUG org.asynchttpclient.netty.request.NettyRequestSender -- Using pooled Channel '[id: 0xd850032e, L:/127.0.0.1:49363 - R:/127.0.0.1:4723]' for 'POST' to 'http://127.0.0.1:4723/session/01997e9d-b6f3-480f-94a4-14e6e437bcfe/frame'
21:53:08.322 [Forwarding switchToFrame on session 01997e9d-b6f3-480f-94a4-14e6e437bcfe to remote] DEBUG org.asynchttpclient.netty.request.NettyRequestSender -- Using open Channel [id: 0xd850032e, L:/127.0.0.1:49363 - R:/127.0.0.1:4723] for POST '/session/01997e9d-b6f3-480f-94a4-14e6e437bcfe/frame'
21:53:08.327 [AsyncHttpClient-1-2] DEBUG org.asynchttpclient.netty.handler.HttpHandler -- 

Request DefaultHttpRequest(decodeResult: success, version: HTTP/1.1)
POST /session/01997e9d-b6f3-480f-94a4-14e6e437bcfe/frame HTTP/1.1
User-Agent: appium/8.3.0 (selenium/4.8.3 (java mac))
Content-Length: 16
Content-Type: application/json; charset=utf-8
host: 127.0.0.1:4723
accept: */*

Response DefaultHttpResponse(decodeResult: success, version: HTTP/1.1)
HTTP/1.1 200 OK
X-Powered-By: Express
Vary: X-HTTP-Method-Override
Content-Type: application/json; charset=utf-8
Content-Length: 14
ETag: W/"e-9/1BuKMgFObM1mWJm+YjxtXJnUM"
Date: Sun, 06 Apr 2025 13:53:08 GMT
Connection: keep-alive
Keep-Alive: timeout=600

21:53:08.328 [AsyncHttpClient-1-2] DEBUG org.asynchttpclient.netty.channel.ChannelManager -- Adding key: http://127.0.0.1:4723 for channel [id: 0xd850032e, L:/127.0.0.1:49363 - R:/127.0.0.1:4723]
]]></system-out>
  </testcase>
  <testcase name="testErrorHandlingLoadAmountNonInt" classname="com.cathay.test.tests.MortgageCalculatorTest" time="3.118">
    <system-out><![CDATA[21:53:08.329 [main] INFO com.cathay.test.tests.MortgageCalculatorTest -- 正在清理 driver session: 01997e9d-b6f3-480f-94a4-14e6e437bcfe
21:53:08.329 [main] INFO  com.cathay.test.config.AppiumConfig - 正在關閉 Driver...
21:53:08.329 [Forwarding quit on session 01997e9d-b6f3-480f-94a4-14e6e437bcfe to remote] DEBUG org.asynchttpclient.netty.request.NettyRequestSender -- Using pooled Channel '[id: 0xd850032e, L:/127.0.0.1:49363 - R:/127.0.0.1:4723]' for 'DELETE' to 'http://127.0.0.1:4723/session/01997e9d-b6f3-480f-94a4-14e6e437bcfe'
21:53:08.329 [Forwarding quit on session 01997e9d-b6f3-480f-94a4-14e6e437bcfe to remote] DEBUG org.asynchttpclient.netty.request.NettyRequestSender -- Using open Channel [id: 0xd850032e, L:/127.0.0.1:49363 - R:/127.0.0.1:4723] for DELETE '/session/01997e9d-b6f3-480f-94a4-14e6e437bcfe'
21:53:08.919 [AsyncHttpClient-1-2] DEBUG org.asynchttpclient.netty.handler.HttpHandler -- 

Request DefaultFullHttpRequest(decodeResult: success, version: HTTP/1.1, content: EmptyByteBufBE)
DELETE /session/01997e9d-b6f3-480f-94a4-14e6e437bcfe HTTP/1.1
User-Agent: appium/8.3.0 (selenium/4.8.3 (java mac))
Content-Type: application/json; charset=utf-8
host: 127.0.0.1:4723
accept: */*

Response DefaultHttpResponse(decodeResult: success, version: HTTP/1.1)
HTTP/1.1 200 OK
X-Powered-By: Express
Content-Type: application/json; charset=utf-8
Content-Length: 14
ETag: W/"e-9/1BuKMgFObM1mWJm+YjxtXJnUM"
Date: Sun, 06 Apr 2025 13:53:08 GMT
Connection: keep-alive
Keep-Alive: timeout=600

21:53:08.919 [AsyncHttpClient-1-2] DEBUG org.asynchttpclient.netty.channel.ChannelManager -- Adding key: http://127.0.0.1:4723 for channel [id: 0xd850032e, L:/127.0.0.1:49363 - R:/127.0.0.1:4723]
21:53:08.920 [main] INFO  com.cathay.test.config.AppiumConfig - Driver 已成功關閉
21:53:08.920 [main] INFO com.cathay.test.tests.MortgageCalculatorTest -- MortgageCalculatorTest 清理完成
*******MortgageCalculatorTest.setUp() 執行！
21:53:08.921 [main] INFO  com.cathay.test.config.AppiumConfig - 開始初始化 MortgageCalculatorTest (嘗試 1/3)
21:53:08.921 [main] INFO  com.cathay.test.config.AppiumConfig - Appium 服務器可用
21:53:08.942 [main] INFO  com.cathay.test.config.AppiumConfig - Android 模擬器可用
21:53:08.946 [Forwarding newSession on session null to remote] DEBUG org.asynchttpclient.netty.request.NettyRequestSender -- Using pooled Channel '[id: 0xd850032e, L:/127.0.0.1:49363 - R:/127.0.0.1:4723]' for 'POST' to 'http://127.0.0.1:4723/session'
21:53:08.946 [Forwarding newSession on session null to remote] DEBUG org.asynchttpclient.netty.request.NettyRequestSender -- Using open Channel [id: 0xd850032e, L:/127.0.0.1:49363 - R:/127.0.0.1:4723] for POST '/session'
21:53:11.881 [AsyncHttpClient-1-2] DEBUG org.asynchttpclient.netty.handler.HttpHandler -- 

Request DefaultHttpRequest(decodeResult: success, version: HTTP/1.1)
POST /session HTTP/1.1
X-Idempotency-Key: 224095dd-32fd-4cbf-af90-28a29b35cccd
User-Agent: appium/8.3.0 (selenium/4.8.3 (java mac))
Content-Length: 952
Content-Type: application/json; charset=utf-8
host: 127.0.0.1:4723
accept: */*

Response DefaultHttpResponse(decodeResult: success, version: HTTP/1.1)
HTTP/1.1 200 OK
X-Powered-By: Express
Vary: X-HTTP-Method-Override
Content-Type: application/json; charset=utf-8
Content-Length: 1816
ETag: W/"718-rONI5wRVxYyQvGUJtBS0jQPmz+A"
Date: Sun, 06 Apr 2025 13:53:11 GMT
Connection: keep-alive
Keep-Alive: timeout=600

21:53:11.881 [AsyncHttpClient-1-2] DEBUG org.asynchttpclient.netty.channel.ChannelManager -- Adding key: http://127.0.0.1:4723 for channel [id: 0xd850032e, L:/127.0.0.1:49363 - R:/127.0.0.1:4723]
21:53:11.886 [Forwarding executeCdp on session dead15aa-fbba-4c41-bc05-ce620e01b324 to remote] DEBUG org.asynchttpclient.netty.request.NettyRequestSender -- Using pooled Channel '[id: 0xd850032e, L:/127.0.0.1:49363 - R:/127.0.0.1:4723]' for 'POST' to 'http://127.0.0.1:4723/session/dead15aa-fbba-4c41-bc05-ce620e01b324/goog/cdp/execute'
21:53:11.886 [Forwarding executeCdp on session dead15aa-fbba-4c41-bc05-ce620e01b324 to remote] DEBUG org.asynchttpclient.netty.request.NettyRequestSender -- Using open Channel [id: 0xd850032e, L:/127.0.0.1:49363 - R:/127.0.0.1:4723] for POST '/session/dead15aa-fbba-4c41-bc05-ce620e01b324/goog/cdp/execute'
21:53:11.923 [AsyncHttpClient-1-2] DEBUG org.asynchttpclient.netty.handler.HttpHandler -- 

Request DefaultHttpRequest(decodeResult: success, version: HTTP/1.1)
POST /session/dead15aa-fbba-4c41-bc05-ce620e01b324/goog/cdp/execute HTTP/1.1
User-Agent: appium/8.3.0 (selenium/4.8.3 (java mac))
Content-Length: 87
Content-Type: application/json; charset=utf-8
host: 127.0.0.1:4723
accept: */*

Response DefaultHttpResponse(decodeResult: success, version: HTTP/1.1)
HTTP/1.1 404 Not Found
X-Powered-By: Express
Vary: X-HTTP-Method-Override
Content-Type: application/json; charset=utf-8
Content-Length: 1990
ETag: W/"7c6-Ts5QsPk8PGm9gta9bqHmrik94N8"
Date: Sun, 06 Apr 2025 13:53:11 GMT
Connection: keep-alive
Keep-Alive: timeout=600

21:53:11.923 [AsyncHttpClient-1-2] DEBUG org.asynchttpclient.netty.channel.ChannelManager -- Adding key: http://127.0.0.1:4723 for channel [id: 0xd850032e, L:/127.0.0.1:49363 - R:/127.0.0.1:4723]
21:53:11.925 [main] WARN  com.cathay.test.config.AppiumConfig - ⚠️ 設定第三方 Cookie 支援時發生例外: unknown command: 'Network.setCookieBlockingEnabled' wasn't found
  (Session info: chrome=128.0.6613.88)
Build info: version: '4.8.3', revision: 'e5e76298c3'
System info: os.name: 'Mac OS X', os.arch: 'aarch64', os.version: '13.4', java.version: '23.0.2'
Driver info: io.appium.java_client.android.AndroidDriver
Command: [dead15aa-fbba-4c41-bc05-ce620e01b324, executeCdp {cmd=Network.setCookieBlockingEnabled, params={enabled=false}}]
Capabilities {appium:autoAcceptAlerts: true, appium:autoGrantPermissions: true, appium:automationName: UiAutomator2, appium:chromedriverExecutable: /opt/homebrew/bin/chromedriver, appium:databaseEnabled: false, appium:desired: {appActivity: com.android.chrome/com.goog..., appPackage: com.android.chrome, autoAcceptAlerts: true, autoGrantPermissions: true, automationName: UiAutomator2, browserName: chrome, chromedriverExecutable: /opt/homebrew/bin/chromedriver, deviceName: Pixel_3a_API_34_extension_l..., goog:chromeOptions: {args: [--no-sandbox, --disable-dev-shm-usage, --ignore-certificate-errors, --remote-allow-origins=*, --disable-features=SameSite..., --enable-features=NetworkSe...], w3c: true}, newCommandTimeout: 120, noReset: true, platformName: android, platformVersion: 16.0}, appium:deviceApiLevel: 36, appium:deviceManufacturer: Google, appium:deviceModel: sdk_gphone64_arm64, appium:deviceName: emulator-5554, appium:deviceScreenDensity: 420, appium:deviceScreenSize: 1080x2424, appium:deviceUDID: emulator-5554, appium:javascriptEnabled: true, appium:locationContextEnabled: false, appium:networkConnectionEnabled: true, appium:newCommandTimeout: 120, appium:noReset: true, appium:pixelRatio: 2.625, appium:platformVersion: 16, appium:statBarHeight: 137, appium:takesScreenshot: true, appium:viewportRect: {height: 2287, left: 0, top: 137, width: 1080}, appium:warnings: {}, appium:webStorageEnabled: false, browserName: chrome, goog:chromeOptions: {args: [--no-sandbox, --disable-dev-shm-usage, --ignore-certificate-errors, --remote-allow-origins=*, --disable-features=SameSite..., --enable-features=NetworkSe...], w3c: true}, platformName: ANDROID}
Session ID: dead15aa-fbba-4c41-bc05-ce620e01b324
21:53:12.503 [AsyncHttpClient-1-1] DEBUG org.asynchttpclient.netty.channel.DefaultChannelPool -- Entry count for : http://127.0.0.1:4723 : 1
21:53:13.603 [AsyncHttpClient-1-1] DEBUG org.asynchttpclient.netty.channel.DefaultChannelPool -- Entry count for : http://127.0.0.1:4723 : 1
21:53:14.701 [AsyncHttpClient-1-1] DEBUG org.asynchttpclient.netty.channel.DefaultChannelPool -- Entry count for : http://127.0.0.1:4723 : 1
21:53:14.931 [main] INFO  com.cathay.test.config.AppiumConfig - Driver session ID: dead15aa-fbba-4c41-bc05-ce620e01b324
21:53:14.934 [Forwarding get on session dead15aa-fbba-4c41-bc05-ce620e01b324 to remote] DEBUG org.asynchttpclient.netty.request.NettyRequestSender -- Using pooled Channel '[id: 0xd850032e, L:/127.0.0.1:49363 - R:/127.0.0.1:4723]' for 'POST' to 'http://127.0.0.1:4723/session/dead15aa-fbba-4c41-bc05-ce620e01b324/url'
21:53:14.934 [Forwarding get on session dead15aa-fbba-4c41-bc05-ce620e01b324 to remote] DEBUG org.asynchttpclient.netty.request.NettyRequestSender -- Using open Channel [id: 0xd850032e, L:/127.0.0.1:49363 - R:/127.0.0.1:4723] for POST '/session/dead15aa-fbba-4c41-bc05-ce620e01b324/url'
21:53:18.921 [AsyncHttpClient-1-2] DEBUG org.asynchttpclient.netty.handler.HttpHandler -- 

Request DefaultHttpRequest(decodeResult: success, version: HTTP/1.1)
POST /session/dead15aa-fbba-4c41-bc05-ce620e01b324/url HTTP/1.1
User-Agent: appium/8.3.0 (selenium/4.8.3 (java mac))
Content-Length: 133
Content-Type: application/json; charset=utf-8
host: 127.0.0.1:4723
accept: */*

Response DefaultHttpResponse(decodeResult: success, version: HTTP/1.1)
HTTP/1.1 200 OK
X-Powered-By: Express
Vary: X-HTTP-Method-Override
Content-Type: application/json; charset=utf-8
Content-Length: 14
ETag: W/"e-9/1BuKMgFObM1mWJm+YjxtXJnUM"
Date: Sun, 06 Apr 2025 13:53:18 GMT
Connection: keep-alive
Keep-Alive: timeout=600

21:53:18.934 [AsyncHttpClient-1-2] DEBUG org.asynchttpclient.netty.channel.ChannelManager -- Adding key: http://127.0.0.1:4723 for channel [id: 0xd850032e, L:/127.0.0.1:49363 - R:/127.0.0.1:4723]
21:53:18.935 [Forwarding getCurrentUrl on session dead15aa-fbba-4c41-bc05-ce620e01b324 to remote] DEBUG org.asynchttpclient.netty.request.NettyRequestSender -- Using pooled Channel '[id: 0xd850032e, L:/127.0.0.1:49363 - R:/127.0.0.1:4723]' for 'GET' to 'http://127.0.0.1:4723/session/dead15aa-fbba-4c41-bc05-ce620e01b324/url'
21:53:18.935 [Forwarding getCurrentUrl on session dead15aa-fbba-4c41-bc05-ce620e01b324 to remote] DEBUG org.asynchttpclient.netty.request.NettyRequestSender -- Using open Channel [id: 0xd850032e, L:/127.0.0.1:49363 - R:/127.0.0.1:4723] for GET '/session/dead15aa-fbba-4c41-bc05-ce620e01b324/url'
21:53:18.981 [AsyncHttpClient-1-2] DEBUG org.asynchttpclient.netty.handler.HttpHandler -- 

Request DefaultFullHttpRequest(decodeResult: success, version: HTTP/1.1, content: EmptyByteBufBE)
GET /session/dead15aa-fbba-4c41-bc05-ce620e01b324/url HTTP/1.1
Cache-Control: no-cache
User-Agent: appium/8.3.0 (selenium/4.8.3 (java mac))
Content-Type: application/json; charset=utf-8
host: 127.0.0.1:4723
accept: */*

Response DefaultHttpResponse(decodeResult: success, version: HTTP/1.1)
HTTP/1.1 200 OK
X-Powered-By: Express
Content-Type: application/json; charset=utf-8
Content-Length: 90
ETag: W/"5a-SVzTdoqQsw2ztnbhgzn9TDJ+oVM"
Date: Sun, 06 Apr 2025 13:53:18 GMT
Connection: keep-alive
Keep-Alive: timeout=600

21:53:18.981 [AsyncHttpClient-1-2] DEBUG org.asynchttpclient.netty.channel.ChannelManager -- Adding key: http://127.0.0.1:4723 for channel [id: 0xd850032e, L:/127.0.0.1:49363 - R:/127.0.0.1:4723]
*********3rd party cookie Current URL: https://www.cathaybk.com.tw/cathaybk/personal/loan/calculator/mortgage-budget/
21:53:18.982 [Forwarding getCookies on session dead15aa-fbba-4c41-bc05-ce620e01b324 to remote] DEBUG org.asynchttpclient.netty.request.NettyRequestSender -- Using pooled Channel '[id: 0xd850032e, L:/127.0.0.1:49363 - R:/127.0.0.1:4723]' for 'GET' to 'http://127.0.0.1:4723/session/dead15aa-fbba-4c41-bc05-ce620e01b324/cookie'
21:53:18.983 [Forwarding getCookies on session dead15aa-fbba-4c41-bc05-ce620e01b324 to remote] DEBUG org.asynchttpclient.netty.request.NettyRequestSender -- Using open Channel [id: 0xd850032e, L:/127.0.0.1:49363 - R:/127.0.0.1:4723] for GET '/session/dead15aa-fbba-4c41-bc05-ce620e01b324/cookie'
21:53:19.005 [AsyncHttpClient-1-2] DEBUG org.asynchttpclient.netty.handler.HttpHandler -- 

Request DefaultFullHttpRequest(decodeResult: success, version: HTTP/1.1, content: EmptyByteBufBE)
GET /session/dead15aa-fbba-4c41-bc05-ce620e01b324/cookie HTTP/1.1
Cache-Control: no-cache
User-Agent: appium/8.3.0 (selenium/4.8.3 (java mac))
Content-Type: application/json; charset=utf-8
host: 127.0.0.1:4723
accept: */*

Response DefaultHttpResponse(decodeResult: success, version: HTTP/1.1)
HTTP/1.1 200 OK
X-Powered-By: Express
Content-Type: application/json; charset=utf-8
Content-Length: 4090
ETag: W/"ffa-nLRoNNKn54Xh5sUCXB5UdqtUmug"
Date: Sun, 06 Apr 2025 13:53:19 GMT
Connection: keep-alive
Keep-Alive: timeout=600

21:53:19.005 [AsyncHttpClient-1-2] DEBUG org.asynchttpclient.netty.channel.ChannelManager -- Adding key: http://127.0.0.1:4723 for channel [id: 0xd850032e, L:/127.0.0.1:49363 - R:/127.0.0.1:4723]
*********Cookie: citrix_ns_id = AAM7S4fyZzs6cGcHAAAAADvLSubBRkGc__LEO8s6oPGkxyAbY_YC1_4mQ7LVvy1UOw==0oryZw==rhD93YTS9yE4-e0-4Y__Css_akg=
*********Cookie: ASP.NET_SessionId = vyefpmvktxg1b22f0ckw0a2j
*********Cookie: _ss_pp_id = 2549b06940ddf43f15e1743918797597
*********Cookie: __lt__sid = 6f051d97-84b7c96b
*********Cookie: _mg_ckp = eyJja1RrZERGIjoiIn0=
*********Cookie: cathaybk_new = 4bb3a3d8d4f078cfaa7badb04abb60df7ed08c3d037be7593e9c32d57ce56d7fc2c8d446
*********Cookie: __mguid_ = f59d3dede6a54662830b906f73f7444b
*********Cookie: FingerprintCookie = a83734ca5c2401a34f4ad325dff7c9ff
*********Cookie: shell#lang = en
*********Cookie: mbox = session#09bcdf7ce4e247b7abb1fd541053120b#1743949459|PC#09bcdf7ce4e247b7abb1fd541053120b.32_0#1807192399
*********Cookie: _td = 6d0ab34e-4ca4-4490-b558-efff4e112a6f
*********Cookie: _uetvid = 7e1e569012ee11f0833f2d3fabff96e1
*********Cookie: usy46gabsosd = cubcsa_17439475964120.c9cc2ba05dc24e26ccf44b35b74604cc_2370
*********Cookie: _uetsid = 7e1dc0c012ee11f09eb19568e31591f1
*********Cookie: AMCV_B877A5DB584931AC0A495EAA%40AdobeOrg = 1585540135%7CMCIDTS%7C20185%7CMCMID%7C74315686820506420750237572625927634184%7CMCAAMLH-1744552397%7C11%7CMCAAMB-1744552397%7C6G1ynYcLPuiQxYZrsz_pkqfLG9yMXBpb2zX5dvJdYQJzPXImdj0y%7CMCCIDH%7C1062709688%7CMCOPTOUT-1743954797s%7CNONE%7CMCSYNCSOP%7C411-20192%7CvVersion%7C4.4.0
*********Cookie: _ga_T2T689XRGT = GS1.1.1743947597.1.0.1743947597.60.0.0
*********Cookie: _ga = GA1.1.120562419.1743947597
*********Cookie: _fbp = fb.2.1743947597559.732675980647375270
*********Cookie: at_check = true
*********Cookie: __lt__cid = 916ee923-697f-43d5-8ad7-bb1ca2041f62
*********Cookie: _gcl_au = 1.1.1882614408.1743947597
*********Cookie: AMCVS_B877A5DB584931AC0A495EAA%40AdobeOrg = 1
21:53:19.007 [Forwarding getCurrentUrl on session dead15aa-fbba-4c41-bc05-ce620e01b324 to remote] DEBUG org.asynchttpclient.netty.request.NettyRequestSender -- Using pooled Channel '[id: 0xd850032e, L:/127.0.0.1:49363 - R:/127.0.0.1:4723]' for 'GET' to 'http://127.0.0.1:4723/session/dead15aa-fbba-4c41-bc05-ce620e01b324/url'
21:53:19.007 [Forwarding getCurrentUrl on session dead15aa-fbba-4c41-bc05-ce620e01b324 to remote] DEBUG org.asynchttpclient.netty.request.NettyRequestSender -- Using open Channel [id: 0xd850032e, L:/127.0.0.1:49363 - R:/127.0.0.1:4723] for GET '/session/dead15aa-fbba-4c41-bc05-ce620e01b324/url'
21:53:19.021 [AsyncHttpClient-1-2] DEBUG org.asynchttpclient.netty.handler.HttpHandler -- 

Request DefaultFullHttpRequest(decodeResult: success, version: HTTP/1.1, content: EmptyByteBufBE)
GET /session/dead15aa-fbba-4c41-bc05-ce620e01b324/url HTTP/1.1
Cache-Control: no-cache
User-Agent: appium/8.3.0 (selenium/4.8.3 (java mac))
Content-Type: application/json; charset=utf-8
host: 127.0.0.1:4723
accept: */*

Response DefaultHttpResponse(decodeResult: success, version: HTTP/1.1)
HTTP/1.1 200 OK
X-Powered-By: Express
Content-Type: application/json; charset=utf-8
Content-Length: 90
ETag: W/"5a-SVzTdoqQsw2ztnbhgzn9TDJ+oVM"
Date: Sun, 06 Apr 2025 13:53:19 GMT
Connection: keep-alive
Keep-Alive: timeout=600

21:53:19.021 [AsyncHttpClient-1-2] DEBUG org.asynchttpclient.netty.channel.ChannelManager -- Adding key: http://127.0.0.1:4723 for channel [id: 0xd850032e, L:/127.0.0.1:49363 - R:/127.0.0.1:4723]
21:53:19.023 [Forwarding setTimeout on session dead15aa-fbba-4c41-bc05-ce620e01b324 to remote] DEBUG org.asynchttpclient.netty.request.NettyRequestSender -- Using pooled Channel '[id: 0xd850032e, L:/127.0.0.1:49363 - R:/127.0.0.1:4723]' for 'POST' to 'http://127.0.0.1:4723/session/dead15aa-fbba-4c41-bc05-ce620e01b324/timeouts'
21:53:19.023 [Forwarding setTimeout on session dead15aa-fbba-4c41-bc05-ce620e01b324 to remote] DEBUG org.asynchttpclient.netty.request.NettyRequestSender -- Using open Channel [id: 0xd850032e, L:/127.0.0.1:49363 - R:/127.0.0.1:4723] for POST '/session/dead15aa-fbba-4c41-bc05-ce620e01b324/timeouts'
21:53:19.026 [AsyncHttpClient-1-2] DEBUG org.asynchttpclient.netty.handler.HttpHandler -- 

Request DefaultHttpRequest(decodeResult: success, version: HTTP/1.1)
POST /session/dead15aa-fbba-4c41-bc05-ce620e01b324/timeouts HTTP/1.1
User-Agent: appium/8.3.0 (selenium/4.8.3 (java mac))
Content-Length: 23
Content-Type: application/json; charset=utf-8
host: 127.0.0.1:4723
accept: */*

Response DefaultHttpResponse(decodeResult: success, version: HTTP/1.1)
HTTP/1.1 200 OK
X-Powered-By: Express
Vary: X-HTTP-Method-Override
Content-Type: application/json; charset=utf-8
Content-Length: 14
ETag: W/"e-9/1BuKMgFObM1mWJm+YjxtXJnUM"
Date: Sun, 06 Apr 2025 13:53:19 GMT
Connection: keep-alive
Keep-Alive: timeout=600

21:53:19.026 [AsyncHttpClient-1-2] DEBUG org.asynchttpclient.netty.channel.ChannelManager -- Adding key: http://127.0.0.1:4723 for channel [id: 0xd850032e, L:/127.0.0.1:49363 - R:/127.0.0.1:4723]
21:53:19.028 [Forwarding setTimeout on session dead15aa-fbba-4c41-bc05-ce620e01b324 to remote] DEBUG org.asynchttpclient.netty.request.NettyRequestSender -- Using pooled Channel '[id: 0xd850032e, L:/127.0.0.1:49363 - R:/127.0.0.1:4723]' for 'POST' to 'http://127.0.0.1:4723/session/dead15aa-fbba-4c41-bc05-ce620e01b324/timeouts'
21:53:19.028 [Forwarding setTimeout on session dead15aa-fbba-4c41-bc05-ce620e01b324 to remote] DEBUG org.asynchttpclient.netty.request.NettyRequestSender -- Using open Channel [id: 0xd850032e, L:/127.0.0.1:49363 - R:/127.0.0.1:4723] for POST '/session/dead15aa-fbba-4c41-bc05-ce620e01b324/timeouts'
21:53:19.031 [AsyncHttpClient-1-2] DEBUG org.asynchttpclient.netty.handler.HttpHandler -- 

Request DefaultHttpRequest(decodeResult: success, version: HTTP/1.1)
POST /session/dead15aa-fbba-4c41-bc05-ce620e01b324/timeouts HTTP/1.1
User-Agent: appium/8.3.0 (selenium/4.8.3 (java mac))
Content-Length: 23
Content-Type: application/json; charset=utf-8
host: 127.0.0.1:4723
accept: */*

Response DefaultHttpResponse(decodeResult: success, version: HTTP/1.1)
HTTP/1.1 200 OK
X-Powered-By: Express
Vary: X-HTTP-Method-Override
Content-Type: application/json; charset=utf-8
Content-Length: 14
ETag: W/"e-9/1BuKMgFObM1mWJm+YjxtXJnUM"
Date: Sun, 06 Apr 2025 13:53:19 GMT
Connection: keep-alive
Keep-Alive: timeout=600

21:53:19.031 [AsyncHttpClient-1-2] DEBUG org.asynchttpclient.netty.channel.ChannelManager -- Adding key: http://127.0.0.1:4723 for channel [id: 0xd850032e, L:/127.0.0.1:49363 - R:/127.0.0.1:4723]
21:53:19.032 [Forwarding setTimeout on session dead15aa-fbba-4c41-bc05-ce620e01b324 to remote] DEBUG org.asynchttpclient.netty.request.NettyRequestSender -- Using pooled Channel '[id: 0xd850032e, L:/127.0.0.1:49363 - R:/127.0.0.1:4723]' for 'POST' to 'http://127.0.0.1:4723/session/dead15aa-fbba-4c41-bc05-ce620e01b324/timeouts'
21:53:19.032 [Forwarding setTimeout on session dead15aa-fbba-4c41-bc05-ce620e01b324 to remote] DEBUG org.asynchttpclient.netty.request.NettyRequestSender -- Using open Channel [id: 0xd850032e, L:/127.0.0.1:49363 - R:/127.0.0.1:4723] for POST '/session/dead15aa-fbba-4c41-bc05-ce620e01b324/timeouts'
21:53:19.034 [AsyncHttpClient-1-2] DEBUG org.asynchttpclient.netty.handler.HttpHandler -- 

Request DefaultHttpRequest(decodeResult: success, version: HTTP/1.1)
POST /session/dead15aa-fbba-4c41-bc05-ce620e01b324/timeouts HTTP/1.1
User-Agent: appium/8.3.0 (selenium/4.8.3 (java mac))
Content-Length: 21
Content-Type: application/json; charset=utf-8
host: 127.0.0.1:4723
accept: */*

Response DefaultHttpResponse(decodeResult: success, version: HTTP/1.1)
HTTP/1.1 200 OK
X-Powered-By: Express
Vary: X-HTTP-Method-Override
Content-Type: application/json; charset=utf-8
Content-Length: 14
ETag: W/"e-9/1BuKMgFObM1mWJm+YjxtXJnUM"
Date: Sun, 06 Apr 2025 13:53:19 GMT
Connection: keep-alive
Keep-Alive: timeout=600

21:53:19.034 [AsyncHttpClient-1-2] DEBUG org.asynchttpclient.netty.channel.ChannelManager -- Adding key: http://127.0.0.1:4723 for channel [id: 0xd850032e, L:/127.0.0.1:49363 - R:/127.0.0.1:4723]
21:53:19.034 [main] INFO  com.cathay.test.config.AppiumConfig - MortgageCalculatorTest 初始化完成
21:53:19.034 [main] INFO com.cathay.test.tests.MortgageCalculatorTest -- 驗證 driver session 與重新導頁...
21:53:19.035 [Forwarding get on session dead15aa-fbba-4c41-bc05-ce620e01b324 to remote] DEBUG org.asynchttpclient.netty.request.NettyRequestSender -- Using pooled Channel '[id: 0xd850032e, L:/127.0.0.1:49363 - R:/127.0.0.1:4723]' for 'POST' to 'http://127.0.0.1:4723/session/dead15aa-fbba-4c41-bc05-ce620e01b324/url'
21:53:19.035 [Forwarding get on session dead15aa-fbba-4c41-bc05-ce620e01b324 to remote] DEBUG org.asynchttpclient.netty.request.NettyRequestSender -- Using open Channel [id: 0xd850032e, L:/127.0.0.1:49363 - R:/127.0.0.1:4723] for POST '/session/dead15aa-fbba-4c41-bc05-ce620e01b324/url'
21:53:20.364 [AsyncHttpClient-1-2] DEBUG org.asynchttpclient.netty.handler.HttpHandler -- 

Request DefaultHttpRequest(decodeResult: success, version: HTTP/1.1)
POST /session/dead15aa-fbba-4c41-bc05-ce620e01b324/url HTTP/1.1
User-Agent: appium/8.3.0 (selenium/4.8.3 (java mac))
Content-Length: 133
Content-Type: application/json; charset=utf-8
host: 127.0.0.1:4723
accept: */*

Response DefaultHttpResponse(decodeResult: success, version: HTTP/1.1)
HTTP/1.1 200 OK
X-Powered-By: Express
Vary: X-HTTP-Method-Override
Content-Type: application/json; charset=utf-8
Content-Length: 14
ETag: W/"e-9/1BuKMgFObM1mWJm+YjxtXJnUM"
Date: Sun, 06 Apr 2025 13:53:20 GMT
Connection: keep-alive
Keep-Alive: timeout=600

21:53:20.364 [AsyncHttpClient-1-2] DEBUG org.asynchttpclient.netty.channel.ChannelManager -- Adding key: http://127.0.0.1:4723 for channel [id: 0xd850032e, L:/127.0.0.1:49363 - R:/127.0.0.1:4723]
21:53:20.365 [Forwarding getCurrentUrl on session dead15aa-fbba-4c41-bc05-ce620e01b324 to remote] DEBUG org.asynchttpclient.netty.request.NettyRequestSender -- Using pooled Channel '[id: 0xd850032e, L:/127.0.0.1:49363 - R:/127.0.0.1:4723]' for 'GET' to 'http://127.0.0.1:4723/session/dead15aa-fbba-4c41-bc05-ce620e01b324/url'
21:53:20.365 [Forwarding getCurrentUrl on session dead15aa-fbba-4c41-bc05-ce620e01b324 to remote] DEBUG org.asynchttpclient.netty.request.NettyRequestSender -- Using open Channel [id: 0xd850032e, L:/127.0.0.1:49363 - R:/127.0.0.1:4723] for GET '/session/dead15aa-fbba-4c41-bc05-ce620e01b324/url'
21:53:20.382 [AsyncHttpClient-1-2] DEBUG org.asynchttpclient.netty.handler.HttpHandler -- 

Request DefaultFullHttpRequest(decodeResult: success, version: HTTP/1.1, content: EmptyByteBufBE)
GET /session/dead15aa-fbba-4c41-bc05-ce620e01b324/url HTTP/1.1
Cache-Control: no-cache
User-Agent: appium/8.3.0 (selenium/4.8.3 (java mac))
Content-Type: application/json; charset=utf-8
host: 127.0.0.1:4723
accept: */*

Response DefaultHttpResponse(decodeResult: success, version: HTTP/1.1)
HTTP/1.1 200 OK
X-Powered-By: Express
Content-Type: application/json; charset=utf-8
Content-Length: 90
ETag: W/"5a-SVzTdoqQsw2ztnbhgzn9TDJ+oVM"
Date: Sun, 06 Apr 2025 13:53:20 GMT
Connection: keep-alive
Keep-Alive: timeout=600

21:53:20.383 [AsyncHttpClient-1-2] DEBUG org.asynchttpclient.netty.channel.ChannelManager -- Adding key: http://127.0.0.1:4723 for channel [id: 0xd850032e, L:/127.0.0.1:49363 - R:/127.0.0.1:4723]
*********3rd party cookie Current URL: https://www.cathaybk.com.tw/cathaybk/personal/loan/calculator/mortgage-budget/
21:53:20.384 [Forwarding getCookies on session dead15aa-fbba-4c41-bc05-ce620e01b324 to remote] DEBUG org.asynchttpclient.netty.request.NettyRequestSender -- Using pooled Channel '[id: 0xd850032e, L:/127.0.0.1:49363 - R:/127.0.0.1:4723]' for 'GET' to 'http://127.0.0.1:4723/session/dead15aa-fbba-4c41-bc05-ce620e01b324/cookie'
21:53:20.384 [Forwarding getCookies on session dead15aa-fbba-4c41-bc05-ce620e01b324 to remote] DEBUG org.asynchttpclient.netty.request.NettyRequestSender -- Using open Channel [id: 0xd850032e, L:/127.0.0.1:49363 - R:/127.0.0.1:4723] for GET '/session/dead15aa-fbba-4c41-bc05-ce620e01b324/cookie'
21:53:20.407 [AsyncHttpClient-1-2] DEBUG org.asynchttpclient.netty.handler.HttpHandler -- 

Request DefaultFullHttpRequest(decodeResult: success, version: HTTP/1.1, content: EmptyByteBufBE)
GET /session/dead15aa-fbba-4c41-bc05-ce620e01b324/cookie HTTP/1.1
Cache-Control: no-cache
User-Agent: appium/8.3.0 (selenium/4.8.3 (java mac))
Content-Type: application/json; charset=utf-8
host: 127.0.0.1:4723
accept: */*

Response DefaultHttpResponse(decodeResult: success, version: HTTP/1.1)
HTTP/1.1 200 OK
X-Powered-By: Express
Content-Type: application/json; charset=utf-8
Content-Length: 10441
ETag: W/"28c9-jsdoA9Ukgl81s+p5b8ZVyUjDj9c"
Date: Sun, 06 Apr 2025 13:53:20 GMT
Connection: keep-alive
Keep-Alive: timeout=600

21:53:20.407 [AsyncHttpClient-1-2] DEBUG org.asynchttpclient.netty.channel.ChannelManager -- Adding key: http://127.0.0.1:4723 for channel [id: 0xd850032e, L:/127.0.0.1:49363 - R:/127.0.0.1:4723]
*********Cookie: dv0qai26lg6v2y6kl7yyc36brextdzm6mhkvclmp = v2vjscwu4jc
*********Cookie: dv0qai26lg6v2y6kl7yyc36brextd4q2scnp1rmx = 82sio4u3je9
*********Cookie: _ss_pp_id = 2549b06940ddf43f15e1743918797597
*********Cookie: dv0qai26lg6v2y6kl7yyc36brextdimy77hd2aw = 2r3972tkrf
*********Cookie: dv0qai26lg6v2y6kl7yyc36brextdc4ahxoe378g = e826k4giuy
*********Cookie: mbox = session#09bcdf7ce4e247b7abb1fd541053120b#1743949460|PC#09bcdf7ce4e247b7abb1fd541053120b.32_0#1807192400
*********Cookie: _td = 6d0ab34e-4ca4-4490-b558-efff4e112a6f
*********Cookie: _uetvid = 7e1e569012ee11f0833f2d3fabff96e1
*********Cookie: dv0qai26lg6v2y6kl7yyc36brextdy92otfu3fv = 47kqs5x9ec2
*********Cookie: dv0qai26lg6v2y6kl7yyc36brextd9t6k0dmoivt = rfgt9pybex9
*********Cookie: AMCV_B877A5DB584931AC0A495EAA%40AdobeOrg = 1585540135%7CMCIDTS%7C20185%7CMCMID%7C74315686820506420750237572625927634184%7CMCAAMLH-1744552397%7C11%7CMCAAMB-1744552397%7C6G1ynYcLPuiQxYZrsz_pkqfLG9yMXBpb2zX5dvJdYQJzPXImdj0y%7CMCCIDH%7C1062709688%7CMCOPTOUT-1743954797s%7CNONE%7CMCSYNCSOP%7C411-20192%7CvVersion%7C4.4.0
*********Cookie: at_check = true
*********Cookie: __lt__cid = 916ee923-697f-43d5-8ad7-bb1ca2041f62
*********Cookie: dv0qai26lg6v2y6kl7yyc36brextdp8nevd2cj9 = o3y23kqe3v
*********Cookie: dv0qai26lg6v2y6kl7yyc36brextdrg9ey78vnb9 = ebbz4qzv2so
*********Cookie: dv0qai26lg6v2y6kl7yyc36brextdr80rqbxfcuq = t8z7zl1udn
*********Cookie: dv0qai26lg6v2y6kl7yyc36brextdro8y8qhhtdg = j411bwk3k6
*********Cookie: dv0qai26lg6v2y6kl7yyc36brextdt1ve4lq2bz = 6cur5t8u0zo
*********Cookie: dv0qai26lg6v2y6kl7yyc36brextdvqguuxc63ep = k1l63lwk9g9
*********Cookie: dv0qai26lg6v2y6kl7yyc36brextdrlx3hbju2jk = vriijf449bc
*********Cookie: dv0qai26lg6v2y6kl7yyc36brextd1uvprgpmitj = w92m2zoblxe
*********Cookie: dv0qai26lg6v2y6kl7yyc36brextdv98yeunws7s = 3cdzndcurlc
*********Cookie: dv0qai26lg6v2y6kl7yyc36brextdz2eog6jglc = ylnf55cm6h9
*********Cookie: usy46gabsosd = cubcsa_17439475964120.c9cc2ba05dc24e26ccf44b35b74604cc_2370
*********Cookie: _gcl_au = 1.1.1882614408.1743947597
*********Cookie: dv0qai26lg6v2y6kl7yyc36brextdzib2qv25sh9 = f23mpq7jijh
*********Cookie: dv0qai26lg6v2y6kl7yyc36brextdesic389q0ak = e8lgouia76r
*********Cookie: citrix_ns_id = AAM7S4fyZzs6cGcHAAAAADvLSubBRkGc__LEO8s6oPGkxyAbY_YC1_4mQ7LVvy1UOw==04ryZw==EinCtNw-fLyezBb3XCKyNldHuMs=
*********Cookie: ASP.NET_SessionId = vyefpmvktxg1b22f0ckw0a2j
*********Cookie: dv0qai26lg6v2y6kl7yyc36brextdzibjn3pjre = 1s60kmd5wo1
*********Cookie: _mg_ckp = eyJja1RrZERGIjoiIn0=
*********Cookie: dv0qai26lg6v2y6kl7yyc36brextdlllx74z7m1 = bpxg5x0fsot
*********Cookie: shell#lang = en
*********Cookie: dv0qai26lg6v2y6kl7yyc36brextdj2mhc4ag168 = qgifj4vxx5q
*********Cookie: _uetsid = 7e1dc0c012ee11f09eb19568e31591f1
*********Cookie: _ga_T2T689XRGT = GS1.1.1743947597.1.1.1743947600.57.0.0
*********Cookie: dv0qai26lg6v2y6kl7yyc36brextdwfocr6rkeg = 6y817yaxdak
*********Cookie: _fbp = fb.2.1743947597559.732675980647375270
*********Cookie: dv0qai26lg6v2y6kl7yyc36brextdmu33t94783m = ovso8u39ct
*********Cookie: dv0qai26lg6v2y6kl7yyc36brextdap2fqkqjtig = lcxrv1lqhl
*********Cookie: dv0qai26lg6v2y6kl7yyc36brextdt4o29jzcv6p = cg9t8pxen7l
*********Cookie: dv0qai26lg6v2y6kl7yyc36brextda8kuf18fxb = s6na7768yv8
*********Cookie: dv0qai26lg6v2y6kl7yyc36brextdll9h7isniea = bu7gsowjz1r
*********Cookie: dv0qai26lg6v2y6kl7yyc36brextdp5kjmr0bzp9 = 6ytfux0z4sw
*********Cookie: dv0qai26lg6v2y6kl7yyc36brextdk04fods0oh8 = 375nos6nb0u
*********Cookie: __lt__sid = 6f051d97-84b7c96b
*********Cookie: cathaybk_new = 4bb3a3d8d4f078cfaa7badb04abb60df7ed08c3d037be7593e9c32d57ce56d7fc2c8d446
*********Cookie: dv0qai26lg6v2y6kl7yyc36brextdfz5j4dt6u6 = phsh1669abc
*********Cookie: __mguid_ = f59d3dede6a54662830b906f73f7444b
*********Cookie: FingerprintCookie = a83734ca5c2401a34f4ad325dff7c9ff
*********Cookie: dv0qai26lg6v2y6kl7yyc36brextdwz8dpscldt = melntuet5po
*********Cookie: dv0qai26lg6v2y6kl7yyc36brextdmkf87xoj6tt = tncx57wwr8
*********Cookie: dv0qai26lg6v2y6kl7yyc36brextdsrk89zrwfvb = dm1dm4rbpf6
*********Cookie: dv0qai26lg6v2y6kl7yyc36brextd0hjnci29b4sf = 8jsnbp3119u
*********Cookie: _ga = GA1.1.120562419.1743947597
*********Cookie: dv0qai26lg6v2y6kl7yyc36brextdzbbd03qx5o = 6ziysg46cd4
*********Cookie: AMCVS_B877A5DB584931AC0A495EAA%40AdobeOrg = 1
21:53:20.410 [Forwarding getCurrentUrl on session dead15aa-fbba-4c41-bc05-ce620e01b324 to remote] DEBUG org.asynchttpclient.netty.request.NettyRequestSender -- Using pooled Channel '[id: 0xd850032e, L:/127.0.0.1:49363 - R:/127.0.0.1:4723]' for 'GET' to 'http://127.0.0.1:4723/session/dead15aa-fbba-4c41-bc05-ce620e01b324/url'
21:53:20.410 [Forwarding getCurrentUrl on session dead15aa-fbba-4c41-bc05-ce620e01b324 to remote] DEBUG org.asynchttpclient.netty.request.NettyRequestSender -- Using open Channel [id: 0xd850032e, L:/127.0.0.1:49363 - R:/127.0.0.1:4723] for GET '/session/dead15aa-fbba-4c41-bc05-ce620e01b324/url'
21:53:20.425 [AsyncHttpClient-1-2] DEBUG org.asynchttpclient.netty.handler.HttpHandler -- 

Request DefaultFullHttpRequest(decodeResult: success, version: HTTP/1.1, content: EmptyByteBufBE)
GET /session/dead15aa-fbba-4c41-bc05-ce620e01b324/url HTTP/1.1
Cache-Control: no-cache
User-Agent: appium/8.3.0 (selenium/4.8.3 (java mac))
Content-Type: application/json; charset=utf-8
host: 127.0.0.1:4723
accept: */*

Response DefaultHttpResponse(decodeResult: success, version: HTTP/1.1)
HTTP/1.1 200 OK
X-Powered-By: Express
Content-Type: application/json; charset=utf-8
Content-Length: 90
ETag: W/"5a-SVzTdoqQsw2ztnbhgzn9TDJ+oVM"
Date: Sun, 06 Apr 2025 13:53:20 GMT
Connection: keep-alive
Keep-Alive: timeout=600

21:53:20.425 [AsyncHttpClient-1-2] DEBUG org.asynchttpclient.netty.channel.ChannelManager -- Adding key: http://127.0.0.1:4723 for channel [id: 0xd850032e, L:/127.0.0.1:49363 - R:/127.0.0.1:4723]
21:53:20.427 [Forwarding setTimeout on session dead15aa-fbba-4c41-bc05-ce620e01b324 to remote] DEBUG org.asynchttpclient.netty.request.NettyRequestSender -- Using pooled Channel '[id: 0xd850032e, L:/127.0.0.1:49363 - R:/127.0.0.1:4723]' for 'POST' to 'http://127.0.0.1:4723/session/dead15aa-fbba-4c41-bc05-ce620e01b324/timeouts'
21:53:20.427 [Forwarding setTimeout on session dead15aa-fbba-4c41-bc05-ce620e01b324 to remote] DEBUG org.asynchttpclient.netty.request.NettyRequestSender -- Using open Channel [id: 0xd850032e, L:/127.0.0.1:49363 - R:/127.0.0.1:4723] for POST '/session/dead15aa-fbba-4c41-bc05-ce620e01b324/timeouts'
21:53:20.430 [AsyncHttpClient-1-2] DEBUG org.asynchttpclient.netty.handler.HttpHandler -- 

Request DefaultHttpRequest(decodeResult: success, version: HTTP/1.1)
POST /session/dead15aa-fbba-4c41-bc05-ce620e01b324/timeouts HTTP/1.1
User-Agent: appium/8.3.0 (selenium/4.8.3 (java mac))
Content-Length: 23
Content-Type: application/json; charset=utf-8
host: 127.0.0.1:4723
accept: */*

Response DefaultHttpResponse(decodeResult: success, version: HTTP/1.1)
HTTP/1.1 200 OK
X-Powered-By: Express
Vary: X-HTTP-Method-Override
Content-Type: application/json; charset=utf-8
Content-Length: 14
ETag: W/"e-9/1BuKMgFObM1mWJm+YjxtXJnUM"
Date: Sun, 06 Apr 2025 13:53:20 GMT
Connection: keep-alive
Keep-Alive: timeout=600

21:53:20.430 [AsyncHttpClient-1-2] DEBUG org.asynchttpclient.netty.channel.ChannelManager -- Adding key: http://127.0.0.1:4723 for channel [id: 0xd850032e, L:/127.0.0.1:49363 - R:/127.0.0.1:4723]
21:53:20.431 [Forwarding setTimeout on session dead15aa-fbba-4c41-bc05-ce620e01b324 to remote] DEBUG org.asynchttpclient.netty.request.NettyRequestSender -- Using pooled Channel '[id: 0xd850032e, L:/127.0.0.1:49363 - R:/127.0.0.1:4723]' for 'POST' to 'http://127.0.0.1:4723/session/dead15aa-fbba-4c41-bc05-ce620e01b324/timeouts'
21:53:20.431 [Forwarding setTimeout on session dead15aa-fbba-4c41-bc05-ce620e01b324 to remote] DEBUG org.asynchttpclient.netty.request.NettyRequestSender -- Using open Channel [id: 0xd850032e, L:/127.0.0.1:49363 - R:/127.0.0.1:4723] for POST '/session/dead15aa-fbba-4c41-bc05-ce620e01b324/timeouts'
21:53:20.434 [AsyncHttpClient-1-2] DEBUG org.asynchttpclient.netty.handler.HttpHandler -- 

Request DefaultHttpRequest(decodeResult: success, version: HTTP/1.1)
POST /session/dead15aa-fbba-4c41-bc05-ce620e01b324/timeouts HTTP/1.1
User-Agent: appium/8.3.0 (selenium/4.8.3 (java mac))
Content-Length: 23
Content-Type: application/json; charset=utf-8
host: 127.0.0.1:4723
accept: */*

Response DefaultHttpResponse(decodeResult: success, version: HTTP/1.1)
HTTP/1.1 200 OK
X-Powered-By: Express
Vary: X-HTTP-Method-Override
Content-Type: application/json; charset=utf-8
Content-Length: 14
ETag: W/"e-9/1BuKMgFObM1mWJm+YjxtXJnUM"
Date: Sun, 06 Apr 2025 13:53:20 GMT
Connection: keep-alive
Keep-Alive: timeout=600

21:53:20.434 [AsyncHttpClient-1-2] DEBUG org.asynchttpclient.netty.channel.ChannelManager -- Adding key: http://127.0.0.1:4723 for channel [id: 0xd850032e, L:/127.0.0.1:49363 - R:/127.0.0.1:4723]
21:53:20.435 [Forwarding setTimeout on session dead15aa-fbba-4c41-bc05-ce620e01b324 to remote] DEBUG org.asynchttpclient.netty.request.NettyRequestSender -- Using pooled Channel '[id: 0xd850032e, L:/127.0.0.1:49363 - R:/127.0.0.1:4723]' for 'POST' to 'http://127.0.0.1:4723/session/dead15aa-fbba-4c41-bc05-ce620e01b324/timeouts'
21:53:20.435 [Forwarding setTimeout on session dead15aa-fbba-4c41-bc05-ce620e01b324 to remote] DEBUG org.asynchttpclient.netty.request.NettyRequestSender -- Using open Channel [id: 0xd850032e, L:/127.0.0.1:49363 - R:/127.0.0.1:4723] for POST '/session/dead15aa-fbba-4c41-bc05-ce620e01b324/timeouts'
21:53:20.438 [AsyncHttpClient-1-2] DEBUG org.asynchttpclient.netty.handler.HttpHandler -- 

Request DefaultHttpRequest(decodeResult: success, version: HTTP/1.1)
POST /session/dead15aa-fbba-4c41-bc05-ce620e01b324/timeouts HTTP/1.1
User-Agent: appium/8.3.0 (selenium/4.8.3 (java mac))
Content-Length: 21
Content-Type: application/json; charset=utf-8
host: 127.0.0.1:4723
accept: */*

Response DefaultHttpResponse(decodeResult: success, version: HTTP/1.1)
HTTP/1.1 200 OK
X-Powered-By: Express
Vary: X-HTTP-Method-Override
Content-Type: application/json; charset=utf-8
Content-Length: 14
ETag: W/"e-9/1BuKMgFObM1mWJm+YjxtXJnUM"
Date: Sun, 06 Apr 2025 13:53:20 GMT
Connection: keep-alive
Keep-Alive: timeout=600

21:53:20.438 [AsyncHttpClient-1-2] DEBUG org.asynchttpclient.netty.channel.ChannelManager -- Adding key: http://127.0.0.1:4723 for channel [id: 0xd850032e, L:/127.0.0.1:49363 - R:/127.0.0.1:4723]
21:53:20.439 [main] INFO com.cathay.test.tests.MortgageCalculatorTest -- MortgageCalculatorTest 驗證完成
房貸試算功能測試 - 房貸金額輸入非數字
21:53:20.439 [main] INFO com.cathay.test.tests.MortgageCalculatorTest -- 開始執行：testErrorHandlingLoadAmountNonInt
21:53:20.440 [Forwarding get on session dead15aa-fbba-4c41-bc05-ce620e01b324 to remote] DEBUG org.asynchttpclient.netty.request.NettyRequestSender -- Using pooled Channel '[id: 0xd850032e, L:/127.0.0.1:49363 - R:/127.0.0.1:4723]' for 'POST' to 'http://127.0.0.1:4723/session/dead15aa-fbba-4c41-bc05-ce620e01b324/url'
21:53:20.440 [Forwarding get on session dead15aa-fbba-4c41-bc05-ce620e01b324 to remote] DEBUG org.asynchttpclient.netty.request.NettyRequestSender -- Using open Channel [id: 0xd850032e, L:/127.0.0.1:49363 - R:/127.0.0.1:4723] for POST '/session/dead15aa-fbba-4c41-bc05-ce620e01b324/url'
21:53:21.670 [AsyncHttpClient-1-2] DEBUG org.asynchttpclient.netty.handler.HttpHandler -- 

Request DefaultHttpRequest(decodeResult: success, version: HTTP/1.1)
POST /session/dead15aa-fbba-4c41-bc05-ce620e01b324/url HTTP/1.1
User-Agent: appium/8.3.0 (selenium/4.8.3 (java mac))
Content-Length: 133
Content-Type: application/json; charset=utf-8
host: 127.0.0.1:4723
accept: */*

Response DefaultHttpResponse(decodeResult: success, version: HTTP/1.1)
HTTP/1.1 200 OK
X-Powered-By: Express
Vary: X-HTTP-Method-Override
Content-Type: application/json; charset=utf-8
Content-Length: 14
ETag: W/"e-9/1BuKMgFObM1mWJm+YjxtXJnUM"
Date: Sun, 06 Apr 2025 13:53:21 GMT
Connection: keep-alive
Keep-Alive: timeout=600

21:53:21.670 [AsyncHttpClient-1-2] DEBUG org.asynchttpclient.netty.channel.ChannelManager -- Adding key: http://127.0.0.1:4723 for channel [id: 0xd850032e, L:/127.0.0.1:49363 - R:/127.0.0.1:4723]
21:53:21.671 [Forwarding getCurrentUrl on session dead15aa-fbba-4c41-bc05-ce620e01b324 to remote] DEBUG org.asynchttpclient.netty.request.NettyRequestSender -- Using pooled Channel '[id: 0xd850032e, L:/127.0.0.1:49363 - R:/127.0.0.1:4723]' for 'GET' to 'http://127.0.0.1:4723/session/dead15aa-fbba-4c41-bc05-ce620e01b324/url'
21:53:21.671 [Forwarding getCurrentUrl on session dead15aa-fbba-4c41-bc05-ce620e01b324 to remote] DEBUG org.asynchttpclient.netty.request.NettyRequestSender -- Using open Channel [id: 0xd850032e, L:/127.0.0.1:49363 - R:/127.0.0.1:4723] for GET '/session/dead15aa-fbba-4c41-bc05-ce620e01b324/url'
21:53:21.716 [AsyncHttpClient-1-2] DEBUG org.asynchttpclient.netty.handler.HttpHandler -- 

Request DefaultFullHttpRequest(decodeResult: success, version: HTTP/1.1, content: EmptyByteBufBE)
GET /session/dead15aa-fbba-4c41-bc05-ce620e01b324/url HTTP/1.1
Cache-Control: no-cache
User-Agent: appium/8.3.0 (selenium/4.8.3 (java mac))
Content-Type: application/json; charset=utf-8
host: 127.0.0.1:4723
accept: */*

Response DefaultHttpResponse(decodeResult: success, version: HTTP/1.1)
HTTP/1.1 200 OK
X-Powered-By: Express
Content-Type: application/json; charset=utf-8
Content-Length: 90
ETag: W/"5a-SVzTdoqQsw2ztnbhgzn9TDJ+oVM"
Date: Sun, 06 Apr 2025 13:53:21 GMT
Connection: keep-alive
Keep-Alive: timeout=600

21:53:21.716 [AsyncHttpClient-1-2] DEBUG org.asynchttpclient.netty.channel.ChannelManager -- Adding key: http://127.0.0.1:4723 for channel [id: 0xd850032e, L:/127.0.0.1:49363 - R:/127.0.0.1:4723]
*********3rd party cookie Current URL: https://www.cathaybk.com.tw/cathaybk/personal/loan/calculator/mortgage-budget/
21:53:21.719 [Forwarding getCookies on session dead15aa-fbba-4c41-bc05-ce620e01b324 to remote] DEBUG org.asynchttpclient.netty.request.NettyRequestSender -- Using pooled Channel '[id: 0xd850032e, L:/127.0.0.1:49363 - R:/127.0.0.1:4723]' for 'GET' to 'http://127.0.0.1:4723/session/dead15aa-fbba-4c41-bc05-ce620e01b324/cookie'
21:53:21.719 [Forwarding getCookies on session dead15aa-fbba-4c41-bc05-ce620e01b324 to remote] DEBUG org.asynchttpclient.netty.request.NettyRequestSender -- Using open Channel [id: 0xd850032e, L:/127.0.0.1:49363 - R:/127.0.0.1:4723] for GET '/session/dead15aa-fbba-4c41-bc05-ce620e01b324/cookie'
21:53:21.807 [AsyncHttpClient-1-2] DEBUG org.asynchttpclient.netty.handler.HttpHandler -- 

Request DefaultFullHttpRequest(decodeResult: success, version: HTTP/1.1, content: EmptyByteBufBE)
GET /session/dead15aa-fbba-4c41-bc05-ce620e01b324/cookie HTTP/1.1
Cache-Control: no-cache
User-Agent: appium/8.3.0 (selenium/4.8.3 (java mac))
Content-Type: application/json; charset=utf-8
host: 127.0.0.1:4723
accept: */*

Response DefaultHttpResponse(decodeResult: success, version: HTTP/1.1)
HTTP/1.1 200 OK
X-Powered-By: Express
Content-Type: application/json; charset=utf-8
Content-Length: 8445
ETag: W/"20fd-NVkF4tWTCQCC1ogmW8HJOQ9kAn4"
Date: Sun, 06 Apr 2025 13:53:21 GMT
Connection: keep-alive
Keep-Alive: timeout=600

21:53:21.807 [AsyncHttpClient-1-2] DEBUG org.asynchttpclient.netty.channel.ChannelManager -- Adding key: http://127.0.0.1:4723 for channel [id: 0xd850032e, L:/127.0.0.1:49363 - R:/127.0.0.1:4723]
*********Cookie: dv0qai26lg6v2y6kl7yyc36brextdus7qzo08ge = 6tiqn9ngscn
*********Cookie: citrix_ns_id = AAM7S4fyZzs6cGcHAAAAADvLSubBRkGc__LEO8s6oPGkxyAbY_YC1_4mQ7LVvy1UOw==1IryZw==HwFjcdJKgGoiench8tBYlqUSxRA=
*********Cookie: ASP.NET_SessionId = vyefpmvktxg1b22f0ckw0a2j
*********Cookie: dv0qai26lg6v2y6kl7yyc36brextd057ym3xw2xz = 84yorh798eg
*********Cookie: dv0qai26lg6v2y6kl7yyc36brextd8fwq5fje1ky = vqqsj2ro7q
*********Cookie: _ss_pp_id = 2549b06940ddf43f15e1743918797597
*********Cookie: _mg_ckp = eyJja1RrZERGIjoiIn0=
*********Cookie: dv0qai26lg6v2y6kl7yyc36brextd8ji2f2dfa82 = wtqh2peudy
*********Cookie: shell#lang = en
*********Cookie: mbox = session#09bcdf7ce4e247b7abb1fd541053120b#1743949462|PC#09bcdf7ce4e247b7abb1fd541053120b.32_0#1807192402
*********Cookie: _td = 6d0ab34e-4ca4-4490-b558-efff4e112a6f
*********Cookie: _uetvid = 7e1e569012ee11f0833f2d3fabff96e1
*********Cookie: dv0qai26lg6v2y6kl7yyc36brextdnod9hucvjqr = ni7q5xst05b
*********Cookie: dv0qai26lg6v2y6kl7yyc36brextdatxifbc2lsv = 4cf9q8eefww
*********Cookie: _uetsid = 7e1dc0c012ee11f09eb19568e31591f1
*********Cookie: dv0qai26lg6v2y6kl7yyc36brextdek4h2mdqmi6 = 2a4wkt7b796
*********Cookie: _ga_T2T689XRGT = GS1.1.1743947597.1.1.1743947601.56.0.0
*********Cookie: AMCV_B877A5DB584931AC0A495EAA%40AdobeOrg = 1585540135%7CMCIDTS%7C20185%7CMCMID%7C74315686820506420750237572625927634184%7CMCAAMLH-1744552397%7C11%7CMCAAMB-1744552397%7C6G1ynYcLPuiQxYZrsz_pkqfLG9yMXBpb2zX5dvJdYQJzPXImdj0y%7CMCCIDH%7C1062709688%7CMCOPTOUT-1743954797s%7CNONE%7CMCSYNCSOP%7C411-20192%7CvVersion%7C4.4.0
*********Cookie: at_check = true
*********Cookie: _fbp = fb.2.1743947597559.732675980647375270
*********Cookie: dv0qai26lg6v2y6kl7yyc36brextd7zlu3v3nx02 = 7pfws2jaasd
*********Cookie: __lt__cid = 916ee923-697f-43d5-8ad7-bb1ca2041f62
*********Cookie: dv0qai26lg6v2y6kl7yyc36brextdmfjtkzgr6mh = 4vrrerpcxnt
*********Cookie: dv0qai26lg6v2y6kl7yyc36brextdhletjfnslau = kwy61wk3ul
*********Cookie: dv0qai26lg6v2y6kl7yyc36brextdx5e40lk728f = who8o86ki3
*********Cookie: dv0qai26lg6v2y6kl7yyc36brextd605vl3wjrrh = 8u2jyvxaz6m
*********Cookie: dv0qai26lg6v2y6kl7yyc36brextdbbrkjfuf5jp = 5yfc3g3vdas
*********Cookie: dv0qai26lg6v2y6kl7yyc36brextdl0a0693zwq = uo5bnifybfh
*********Cookie: __lt__sid = 6f051d97-84b7c96b
*********Cookie: cathaybk_new = 4bb3a3d8d4f078cfaa7badb04abb60df7ed08c3d037be7593e9c32d57ce56d7fc2c8d446
*********Cookie: dv0qai26lg6v2y6kl7yyc36brextdglkcstqel2k = m9amn7tf9kp
*********Cookie: dv0qai26lg6v2y6kl7yyc36brextdg5yf9ktue1 = xj70i15zu2s
*********Cookie: __mguid_ = f59d3dede6a54662830b906f73f7444b
*********Cookie: FingerprintCookie = a83734ca5c2401a34f4ad325dff7c9ff
*********Cookie: dv0qai26lg6v2y6kl7yyc36brextd0zel48lmgs = 5xlgknsse9l
*********Cookie: dv0qai26lg6v2y6kl7yyc36brextdzz67q3sebq8 = tpc9bok7shm
*********Cookie: dv0qai26lg6v2y6kl7yyc36brextdn5raddnfqrh = ggsvrkikpn
*********Cookie: usy46gabsosd = cubcsa_17439475964120.c9cc2ba05dc24e26ccf44b35b74604cc_2370
*********Cookie: dv0qai26lg6v2y6kl7yyc36brextd96369019ttl = npxzdp64ld
*********Cookie: dv0qai26lg6v2y6kl7yyc36brextdsmioaixk74a = di3tyrawv
*********Cookie: dv0qai26lg6v2y6kl7yyc36brextdlg3fun489q = 5blg7txswde
*********Cookie: dv0qai26lg6v2y6kl7yyc36brextd8h05gyrl6wa = o3ltaif8tdm
*********Cookie: _ga = GA1.1.120562419.1743947597
*********Cookie: _gcl_au = 1.1.1882614408.1743947597
*********Cookie: AMCVS_B877A5DB584931AC0A495EAA%40AdobeOrg = 1
*********Cookie: dv0qai26lg6v2y6kl7yyc36brextd0e19hz86fdug = wi0qc9b46f
21:53:21.809 [Forwarding getCurrentUrl on session dead15aa-fbba-4c41-bc05-ce620e01b324 to remote] DEBUG org.asynchttpclient.netty.request.NettyRequestSender -- Using pooled Channel '[id: 0xd850032e, L:/127.0.0.1:49363 - R:/127.0.0.1:4723]' for 'GET' to 'http://127.0.0.1:4723/session/dead15aa-fbba-4c41-bc05-ce620e01b324/url'
21:53:21.809 [Forwarding getCurrentUrl on session dead15aa-fbba-4c41-bc05-ce620e01b324 to remote] DEBUG org.asynchttpclient.netty.request.NettyRequestSender -- Using open Channel [id: 0xd850032e, L:/127.0.0.1:49363 - R:/127.0.0.1:4723] for GET '/session/dead15aa-fbba-4c41-bc05-ce620e01b324/url'
21:53:21.838 [AsyncHttpClient-1-2] DEBUG org.asynchttpclient.netty.handler.HttpHandler -- 

Request DefaultFullHttpRequest(decodeResult: success, version: HTTP/1.1, content: EmptyByteBufBE)
GET /session/dead15aa-fbba-4c41-bc05-ce620e01b324/url HTTP/1.1
Cache-Control: no-cache
User-Agent: appium/8.3.0 (selenium/4.8.3 (java mac))
Content-Type: application/json; charset=utf-8
host: 127.0.0.1:4723
accept: */*

Response DefaultHttpResponse(decodeResult: success, version: HTTP/1.1)
HTTP/1.1 200 OK
X-Powered-By: Express
Content-Type: application/json; charset=utf-8
Content-Length: 90
ETag: W/"5a-SVzTdoqQsw2ztnbhgzn9TDJ+oVM"
Date: Sun, 06 Apr 2025 13:53:21 GMT
Connection: keep-alive
Keep-Alive: timeout=600

21:53:21.839 [AsyncHttpClient-1-2] DEBUG org.asynchttpclient.netty.channel.ChannelManager -- Adding key: http://127.0.0.1:4723 for channel [id: 0xd850032e, L:/127.0.0.1:49363 - R:/127.0.0.1:4723]
21:53:21.839 [main] INFO com.cathay.test.tests.MortgageCalculatorTest -- 已開啟房貸試算頁面: https://www.cathaybk.com.tw/cathaybk/personal/loan/calculator/mortgage-budget/
21:53:21.840 [Forwarding findElement on session dead15aa-fbba-4c41-bc05-ce620e01b324 to remote] DEBUG org.asynchttpclient.netty.request.NettyRequestSender -- Using pooled Channel '[id: 0xd850032e, L:/127.0.0.1:49363 - R:/127.0.0.1:4723]' for 'POST' to 'http://127.0.0.1:4723/session/dead15aa-fbba-4c41-bc05-ce620e01b324/element'
21:53:21.840 [Forwarding findElement on session dead15aa-fbba-4c41-bc05-ce620e01b324 to remote] DEBUG org.asynchttpclient.netty.request.NettyRequestSender -- Using open Channel [id: 0xd850032e, L:/127.0.0.1:49363 - R:/127.0.0.1:4723] for POST '/session/dead15aa-fbba-4c41-bc05-ce620e01b324/element'
21:53:21.884 [AsyncHttpClient-1-2] DEBUG org.asynchttpclient.netty.handler.HttpHandler -- 

Request DefaultHttpRequest(decodeResult: success, version: HTTP/1.1)
POST /session/dead15aa-fbba-4c41-bc05-ce620e01b324/element HTTP/1.1
User-Agent: appium/8.3.0 (selenium/4.8.3 (java mac))
Content-Length: 64
Content-Type: application/json; charset=utf-8
host: 127.0.0.1:4723
accept: */*

Response DefaultHttpResponse(decodeResult: success, version: HTTP/1.1)
HTTP/1.1 200 OK
X-Powered-By: Express
Vary: X-HTTP-Method-Override
Content-Type: application/json; charset=utf-8
Content-Length: 215
ETag: W/"d7-MfHYNq+eZm4eK+QyhunqtqUeTMw"
Date: Sun, 06 Apr 2025 13:53:21 GMT
Connection: keep-alive
Keep-Alive: timeout=600

21:53:21.885 [AsyncHttpClient-1-2] DEBUG org.asynchttpclient.netty.channel.ChannelManager -- Adding key: http://127.0.0.1:4723 for channel [id: 0xd850032e, L:/127.0.0.1:49363 - R:/127.0.0.1:4723]
21:53:21.887 [Forwarding executeScript on session dead15aa-fbba-4c41-bc05-ce620e01b324 to remote] DEBUG org.asynchttpclient.netty.request.NettyRequestSender -- Using pooled Channel '[id: 0xd850032e, L:/127.0.0.1:49363 - R:/127.0.0.1:4723]' for 'POST' to 'http://127.0.0.1:4723/session/dead15aa-fbba-4c41-bc05-ce620e01b324/execute/sync'
21:53:21.887 [Forwarding executeScript on session dead15aa-fbba-4c41-bc05-ce620e01b324 to remote] DEBUG org.asynchttpclient.netty.request.NettyRequestSender -- Using open Channel [id: 0xd850032e, L:/127.0.0.1:49363 - R:/127.0.0.1:4723] for POST '/session/dead15aa-fbba-4c41-bc05-ce620e01b324/execute/sync'
21:53:21.943 [AsyncHttpClient-1-2] DEBUG org.asynchttpclient.netty.handler.HttpHandler -- 

Request DefaultHttpRequest(decodeResult: success, version: HTTP/1.1)
POST /session/dead15aa-fbba-4c41-bc05-ce620e01b324/execute/sync HTTP/1.1
User-Agent: appium/8.3.0 (selenium/4.8.3 (java mac))
Content-Length: 347
Content-Type: application/json; charset=utf-8
host: 127.0.0.1:4723
accept: */*

Response DefaultHttpResponse(decodeResult: success, version: HTTP/1.1)
HTTP/1.1 200 OK
X-Powered-By: Express
Vary: X-HTTP-Method-Override
Content-Type: application/json; charset=utf-8
Content-Length: 14
ETag: W/"e-9/1BuKMgFObM1mWJm+YjxtXJnUM"
Date: Sun, 06 Apr 2025 13:53:21 GMT
Connection: keep-alive
Keep-Alive: timeout=600

21:53:21.944 [AsyncHttpClient-1-2] DEBUG org.asynchttpclient.netty.channel.ChannelManager -- Adding key: http://127.0.0.1:4723 for channel [id: 0xd850032e, L:/127.0.0.1:49363 - R:/127.0.0.1:4723]
21:53:21.945 [Forwarding findElement on session dead15aa-fbba-4c41-bc05-ce620e01b324 to remote] DEBUG org.asynchttpclient.netty.request.NettyRequestSender -- Using pooled Channel '[id: 0xd850032e, L:/127.0.0.1:49363 - R:/127.0.0.1:4723]' for 'POST' to 'http://127.0.0.1:4723/session/dead15aa-fbba-4c41-bc05-ce620e01b324/element'
21:53:21.945 [Forwarding findElement on session dead15aa-fbba-4c41-bc05-ce620e01b324 to remote] DEBUG org.asynchttpclient.netty.request.NettyRequestSender -- Using open Channel [id: 0xd850032e, L:/127.0.0.1:49363 - R:/127.0.0.1:4723] for POST '/session/dead15aa-fbba-4c41-bc05-ce620e01b324/element'
21:53:21.983 [AsyncHttpClient-1-2] DEBUG org.asynchttpclient.netty.handler.HttpHandler -- 

Request DefaultHttpRequest(decodeResult: success, version: HTTP/1.1)
POST /session/dead15aa-fbba-4c41-bc05-ce620e01b324/element HTTP/1.1
User-Agent: appium/8.3.0 (selenium/4.8.3 (java mac))
Content-Length: 64
Content-Type: application/json; charset=utf-8
host: 127.0.0.1:4723
accept: */*

Response DefaultHttpResponse(decodeResult: success, version: HTTP/1.1)
HTTP/1.1 200 OK
X-Powered-By: Express
Vary: X-HTTP-Method-Override
Content-Type: application/json; charset=utf-8
Content-Length: 215
ETag: W/"d7-jLcNOj2X7P8S7yg+y809+CofSVg"
Date: Sun, 06 Apr 2025 13:53:21 GMT
Connection: keep-alive
Keep-Alive: timeout=600

21:53:21.983 [AsyncHttpClient-1-2] DEBUG org.asynchttpclient.netty.channel.ChannelManager -- Adding key: http://127.0.0.1:4723 for channel [id: 0xd850032e, L:/127.0.0.1:49363 - R:/127.0.0.1:4723]
21:53:21.985 [Forwarding executeScript on session dead15aa-fbba-4c41-bc05-ce620e01b324 to remote] DEBUG org.asynchttpclient.netty.request.NettyRequestSender -- Using pooled Channel '[id: 0xd850032e, L:/127.0.0.1:49363 - R:/127.0.0.1:4723]' for 'POST' to 'http://127.0.0.1:4723/session/dead15aa-fbba-4c41-bc05-ce620e01b324/execute/sync'
21:53:21.985 [Forwarding executeScript on session dead15aa-fbba-4c41-bc05-ce620e01b324 to remote] DEBUG org.asynchttpclient.netty.request.NettyRequestSender -- Using open Channel [id: 0xd850032e, L:/127.0.0.1:49363 - R:/127.0.0.1:4723] for POST '/session/dead15aa-fbba-4c41-bc05-ce620e01b324/execute/sync'
21:53:22.013 [AsyncHttpClient-1-2] DEBUG org.asynchttpclient.netty.handler.HttpHandler -- 

Request DefaultHttpRequest(decodeResult: success, version: HTTP/1.1)
POST /session/dead15aa-fbba-4c41-bc05-ce620e01b324/execute/sync HTTP/1.1
User-Agent: appium/8.3.0 (selenium/4.8.3 (java mac))
Content-Length: 347
Content-Type: application/json; charset=utf-8
host: 127.0.0.1:4723
accept: */*

Response DefaultHttpResponse(decodeResult: success, version: HTTP/1.1)
HTTP/1.1 200 OK
X-Powered-By: Express
Vary: X-HTTP-Method-Override
Content-Type: application/json; charset=utf-8
Content-Length: 14
ETag: W/"e-9/1BuKMgFObM1mWJm+YjxtXJnUM"
Date: Sun, 06 Apr 2025 13:53:22 GMT
Connection: keep-alive
Keep-Alive: timeout=600

21:53:22.013 [AsyncHttpClient-1-2] DEBUG org.asynchttpclient.netty.channel.ChannelManager -- Adding key: http://127.0.0.1:4723 for channel [id: 0xd850032e, L:/127.0.0.1:49363 - R:/127.0.0.1:4723]
21:53:22.014 [Forwarding findElement on session dead15aa-fbba-4c41-bc05-ce620e01b324 to remote] DEBUG org.asynchttpclient.netty.request.NettyRequestSender -- Using pooled Channel '[id: 0xd850032e, L:/127.0.0.1:49363 - R:/127.0.0.1:4723]' for 'POST' to 'http://127.0.0.1:4723/session/dead15aa-fbba-4c41-bc05-ce620e01b324/element'
21:53:22.014 [Forwarding findElement on session dead15aa-fbba-4c41-bc05-ce620e01b324 to remote] DEBUG org.asynchttpclient.netty.request.NettyRequestSender -- Using open Channel [id: 0xd850032e, L:/127.0.0.1:49363 - R:/127.0.0.1:4723] for POST '/session/dead15aa-fbba-4c41-bc05-ce620e01b324/element'
21:53:22.054 [AsyncHttpClient-1-2] DEBUG org.asynchttpclient.netty.handler.HttpHandler -- 

Request DefaultHttpRequest(decodeResult: success, version: HTTP/1.1)
POST /session/dead15aa-fbba-4c41-bc05-ce620e01b324/element HTTP/1.1
User-Agent: appium/8.3.0 (selenium/4.8.3 (java mac))
Content-Length: 65
Content-Type: application/json; charset=utf-8
host: 127.0.0.1:4723
accept: */*

Response DefaultHttpResponse(decodeResult: success, version: HTTP/1.1)
HTTP/1.1 200 OK
X-Powered-By: Express
Vary: X-HTTP-Method-Override
Content-Type: application/json; charset=utf-8
Content-Length: 215
ETag: W/"d7-yvHgmuYUG6N1zsB/4JmEJEgIRLY"
Date: Sun, 06 Apr 2025 13:53:22 GMT
Connection: keep-alive
Keep-Alive: timeout=600

21:53:22.054 [AsyncHttpClient-1-2] DEBUG org.asynchttpclient.netty.channel.ChannelManager -- Adding key: http://127.0.0.1:4723 for channel [id: 0xd850032e, L:/127.0.0.1:49363 - R:/127.0.0.1:4723]
21:53:22.055 [Forwarding clearElement on session dead15aa-fbba-4c41-bc05-ce620e01b324 to remote] DEBUG org.asynchttpclient.netty.request.NettyRequestSender -- Using pooled Channel '[id: 0xd850032e, L:/127.0.0.1:49363 - R:/127.0.0.1:4723]' for 'POST' to 'http://127.0.0.1:4723/session/dead15aa-fbba-4c41-bc05-ce620e01b324/element/f.4ACBEFE02076223393E26B9F2557F2EE.d.2027FD883812F32E436541B3820D57A8.e.382/clear'
21:53:22.055 [Forwarding clearElement on session dead15aa-fbba-4c41-bc05-ce620e01b324 to remote] DEBUG org.asynchttpclient.netty.request.NettyRequestSender -- Using open Channel [id: 0xd850032e, L:/127.0.0.1:49363 - R:/127.0.0.1:4723] for POST '/session/dead15aa-fbba-4c41-bc05-ce620e01b324/element/f.4ACBEFE02076223393E26B9F2557F2EE.d.2027FD883812F32E436541B3820D57A8.e.382/clear'
21:53:22.228 [AsyncHttpClient-1-2] DEBUG org.asynchttpclient.netty.handler.HttpHandler -- 

Request DefaultHttpRequest(decodeResult: success, version: HTTP/1.1)
POST /session/dead15aa-fbba-4c41-bc05-ce620e01b324/element/f.4ACBEFE02076223393E26B9F2557F2EE.d.2027FD883812F32E436541B3820D57A8.e.382/clear HTTP/1.1
User-Agent: appium/8.3.0 (selenium/4.8.3 (java mac))
Content-Length: 89
Content-Type: application/json; charset=utf-8
host: 127.0.0.1:4723
accept: */*

Response DefaultHttpResponse(decodeResult: success, version: HTTP/1.1)
HTTP/1.1 200 OK
X-Powered-By: Express
Vary: X-HTTP-Method-Override
Content-Type: application/json; charset=utf-8
Content-Length: 14
ETag: W/"e-9/1BuKMgFObM1mWJm+YjxtXJnUM"
Date: Sun, 06 Apr 2025 13:53:22 GMT
Connection: keep-alive
Keep-Alive: timeout=600

21:53:22.229 [AsyncHttpClient-1-2] DEBUG org.asynchttpclient.netty.channel.ChannelManager -- Adding key: http://127.0.0.1:4723 for channel [id: 0xd850032e, L:/127.0.0.1:49363 - R:/127.0.0.1:4723]
21:53:22.230 [Forwarding sendKeysToElement on session dead15aa-fbba-4c41-bc05-ce620e01b324 to remote] DEBUG org.asynchttpclient.netty.request.NettyRequestSender -- Using pooled Channel '[id: 0xd850032e, L:/127.0.0.1:49363 - R:/127.0.0.1:4723]' for 'POST' to 'http://127.0.0.1:4723/session/dead15aa-fbba-4c41-bc05-ce620e01b324/element/f.4ACBEFE02076223393E26B9F2557F2EE.d.2027FD883812F32E436541B3820D57A8.e.382/value'
21:53:22.230 [Forwarding sendKeysToElement on session dead15aa-fbba-4c41-bc05-ce620e01b324 to remote] DEBUG org.asynchttpclient.netty.request.NettyRequestSender -- Using open Channel [id: 0xd850032e, L:/127.0.0.1:49363 - R:/127.0.0.1:4723] for POST '/session/dead15aa-fbba-4c41-bc05-ce620e01b324/element/f.4ACBEFE02076223393E26B9F2557F2EE.d.2027FD883812F32E436541B3820D57A8.e.382/value'
21:53:22.544 [AsyncHttpClient-1-2] DEBUG org.asynchttpclient.netty.handler.HttpHandler -- 

Request DefaultHttpRequest(decodeResult: success, version: HTTP/1.1)
POST /session/dead15aa-fbba-4c41-bc05-ce620e01b324/element/f.4ACBEFE02076223393E26B9F2557F2EE.d.2027FD883812F32E436541B3820D57A8.e.382/value HTTP/1.1
User-Agent: appium/8.3.0 (selenium/4.8.3 (java mac))
Content-Length: 150
Content-Type: application/json; charset=utf-8
host: 127.0.0.1:4723
accept: */*

Response DefaultHttpResponse(decodeResult: success, version: HTTP/1.1)
HTTP/1.1 200 OK
X-Powered-By: Express
Vary: X-HTTP-Method-Override
Content-Type: application/json; charset=utf-8
Content-Length: 14
ETag: W/"e-9/1BuKMgFObM1mWJm+YjxtXJnUM"
Date: Sun, 06 Apr 2025 13:53:22 GMT
Connection: keep-alive
Keep-Alive: timeout=600

21:53:22.544 [AsyncHttpClient-1-2] DEBUG org.asynchttpclient.netty.channel.ChannelManager -- Adding key: http://127.0.0.1:4723 for channel [id: 0xd850032e, L:/127.0.0.1:49363 - R:/127.0.0.1:4723]
21:53:22.545 [Forwarding findElement on session dead15aa-fbba-4c41-bc05-ce620e01b324 to remote] DEBUG org.asynchttpclient.netty.request.NettyRequestSender -- Using pooled Channel '[id: 0xd850032e, L:/127.0.0.1:49363 - R:/127.0.0.1:4723]' for 'POST' to 'http://127.0.0.1:4723/session/dead15aa-fbba-4c41-bc05-ce620e01b324/element'
21:53:22.545 [Forwarding findElement on session dead15aa-fbba-4c41-bc05-ce620e01b324 to remote] DEBUG org.asynchttpclient.netty.request.NettyRequestSender -- Using open Channel [id: 0xd850032e, L:/127.0.0.1:49363 - R:/127.0.0.1:4723] for POST '/session/dead15aa-fbba-4c41-bc05-ce620e01b324/element'
21:53:22.566 [AsyncHttpClient-1-2] DEBUG org.asynchttpclient.netty.handler.HttpHandler -- 

Request DefaultHttpRequest(decodeResult: success, version: HTTP/1.1)
POST /session/dead15aa-fbba-4c41-bc05-ce620e01b324/element HTTP/1.1
User-Agent: appium/8.3.0 (selenium/4.8.3 (java mac))
Content-Length: 60
Content-Type: application/json; charset=utf-8
host: 127.0.0.1:4723
accept: */*

Response DefaultHttpResponse(decodeResult: success, version: HTTP/1.1)
HTTP/1.1 200 OK
X-Powered-By: Express
Vary: X-HTTP-Method-Override
Content-Type: application/json; charset=utf-8
Content-Length: 215
ETag: W/"d7-4ymV9cF/wtVjfp0QsSLOhHiiC98"
Date: Sun, 06 Apr 2025 13:53:22 GMT
Connection: keep-alive
Keep-Alive: timeout=600

21:53:22.566 [AsyncHttpClient-1-2] DEBUG org.asynchttpclient.netty.channel.ChannelManager -- Adding key: http://127.0.0.1:4723 for channel [id: 0xd850032e, L:/127.0.0.1:49363 - R:/127.0.0.1:4723]
21:53:22.567 [Forwarding isElementDisplayed on session dead15aa-fbba-4c41-bc05-ce620e01b324 to remote] DEBUG org.asynchttpclient.netty.request.NettyRequestSender -- Using pooled Channel '[id: 0xd850032e, L:/127.0.0.1:49363 - R:/127.0.0.1:4723]' for 'GET' to 'http://127.0.0.1:4723/session/dead15aa-fbba-4c41-bc05-ce620e01b324/element/f.4ACBEFE02076223393E26B9F2557F2EE.d.2027FD883812F32E436541B3820D57A8.e.387/displayed'
21:53:22.567 [Forwarding isElementDisplayed on session dead15aa-fbba-4c41-bc05-ce620e01b324 to remote] DEBUG org.asynchttpclient.netty.request.NettyRequestSender -- Using open Channel [id: 0xd850032e, L:/127.0.0.1:49363 - R:/127.0.0.1:4723] for GET '/session/dead15aa-fbba-4c41-bc05-ce620e01b324/element/f.4ACBEFE02076223393E26B9F2557F2EE.d.2027FD883812F32E436541B3820D57A8.e.387/displayed'
21:53:22.596 [AsyncHttpClient-1-2] DEBUG org.asynchttpclient.netty.handler.HttpHandler -- 

Request DefaultFullHttpRequest(decodeResult: success, version: HTTP/1.1, content: EmptyByteBufBE)
GET /session/dead15aa-fbba-4c41-bc05-ce620e01b324/element/f.4ACBEFE02076223393E26B9F2557F2EE.d.2027FD883812F32E436541B3820D57A8.e.387/displayed HTTP/1.1
Cache-Control: no-cache
User-Agent: appium/8.3.0 (selenium/4.8.3 (java mac))
Content-Type: application/json; charset=utf-8
host: 127.0.0.1:4723
accept: */*

Response DefaultHttpResponse(decodeResult: success, version: HTTP/1.1)
HTTP/1.1 200 OK
X-Powered-By: Express
Content-Type: application/json; charset=utf-8
Content-Length: 14
ETag: W/"e-2ZHvAWebNQpyjGZTg6uyV8/spTo"
Date: Sun, 06 Apr 2025 13:53:22 GMT
Connection: keep-alive
Keep-Alive: timeout=600

21:53:22.596 [AsyncHttpClient-1-2] DEBUG org.asynchttpclient.netty.channel.ChannelManager -- Adding key: http://127.0.0.1:4723 for channel [id: 0xd850032e, L:/127.0.0.1:49363 - R:/127.0.0.1:4723]
21:53:22.596 [Forwarding isElementEnabled on session dead15aa-fbba-4c41-bc05-ce620e01b324 to remote] DEBUG org.asynchttpclient.netty.request.NettyRequestSender -- Using pooled Channel '[id: 0xd850032e, L:/127.0.0.1:49363 - R:/127.0.0.1:4723]' for 'GET' to 'http://127.0.0.1:4723/session/dead15aa-fbba-4c41-bc05-ce620e01b324/element/f.4ACBEFE02076223393E26B9F2557F2EE.d.2027FD883812F32E436541B3820D57A8.e.387/enabled'
21:53:22.596 [Forwarding isElementEnabled on session dead15aa-fbba-4c41-bc05-ce620e01b324 to remote] DEBUG org.asynchttpclient.netty.request.NettyRequestSender -- Using open Channel [id: 0xd850032e, L:/127.0.0.1:49363 - R:/127.0.0.1:4723] for GET '/session/dead15aa-fbba-4c41-bc05-ce620e01b324/element/f.4ACBEFE02076223393E26B9F2557F2EE.d.2027FD883812F32E436541B3820D57A8.e.387/enabled'
21:53:22.627 [AsyncHttpClient-1-2] DEBUG org.asynchttpclient.netty.handler.HttpHandler -- 

Request DefaultFullHttpRequest(decodeResult: success, version: HTTP/1.1, content: EmptyByteBufBE)
GET /session/dead15aa-fbba-4c41-bc05-ce620e01b324/element/f.4ACBEFE02076223393E26B9F2557F2EE.d.2027FD883812F32E436541B3820D57A8.e.387/enabled HTTP/1.1
Cache-Control: no-cache
User-Agent: appium/8.3.0 (selenium/4.8.3 (java mac))
Content-Type: application/json; charset=utf-8
host: 127.0.0.1:4723
accept: */*

Response DefaultHttpResponse(decodeResult: success, version: HTTP/1.1)
HTTP/1.1 200 OK
X-Powered-By: Express
Content-Type: application/json; charset=utf-8
Content-Length: 14
ETag: W/"e-2ZHvAWebNQpyjGZTg6uyV8/spTo"
Date: Sun, 06 Apr 2025 13:53:22 GMT
Connection: keep-alive
Keep-Alive: timeout=600

21:53:22.627 [AsyncHttpClient-1-2] DEBUG org.asynchttpclient.netty.channel.ChannelManager -- Adding key: http://127.0.0.1:4723 for channel [id: 0xd850032e, L:/127.0.0.1:49363 - R:/127.0.0.1:4723]
21:53:22.629 [Forwarding clearElement on session dead15aa-fbba-4c41-bc05-ce620e01b324 to remote] DEBUG org.asynchttpclient.netty.request.NettyRequestSender -- Using pooled Channel '[id: 0xd850032e, L:/127.0.0.1:49363 - R:/127.0.0.1:4723]' for 'POST' to 'http://127.0.0.1:4723/session/dead15aa-fbba-4c41-bc05-ce620e01b324/element/f.4ACBEFE02076223393E26B9F2557F2EE.d.2027FD883812F32E436541B3820D57A8.e.387/clear'
21:53:22.629 [Forwarding clearElement on session dead15aa-fbba-4c41-bc05-ce620e01b324 to remote] DEBUG org.asynchttpclient.netty.request.NettyRequestSender -- Using open Channel [id: 0xd850032e, L:/127.0.0.1:49363 - R:/127.0.0.1:4723] for POST '/session/dead15aa-fbba-4c41-bc05-ce620e01b324/element/f.4ACBEFE02076223393E26B9F2557F2EE.d.2027FD883812F32E436541B3820D57A8.e.387/clear'
21:53:22.701 [AsyncHttpClient-1-2] DEBUG org.asynchttpclient.netty.handler.HttpHandler -- 

Request DefaultHttpRequest(decodeResult: success, version: HTTP/1.1)
POST /session/dead15aa-fbba-4c41-bc05-ce620e01b324/element/f.4ACBEFE02076223393E26B9F2557F2EE.d.2027FD883812F32E436541B3820D57A8.e.387/clear HTTP/1.1
User-Agent: appium/8.3.0 (selenium/4.8.3 (java mac))
Content-Length: 89
Content-Type: application/json; charset=utf-8
host: 127.0.0.1:4723
accept: */*

Response DefaultHttpResponse(decodeResult: success, version: HTTP/1.1)
HTTP/1.1 200 OK
X-Powered-By: Express
Vary: X-HTTP-Method-Override
Content-Type: application/json; charset=utf-8
Content-Length: 14
ETag: W/"e-9/1BuKMgFObM1mWJm+YjxtXJnUM"
Date: Sun, 06 Apr 2025 13:53:22 GMT
Connection: keep-alive
Keep-Alive: timeout=600

21:53:22.701 [AsyncHttpClient-1-2] DEBUG org.asynchttpclient.netty.channel.ChannelManager -- Adding key: http://127.0.0.1:4723 for channel [id: 0xd850032e, L:/127.0.0.1:49363 - R:/127.0.0.1:4723]
21:53:22.703 [Forwarding sendKeysToElement on session dead15aa-fbba-4c41-bc05-ce620e01b324 to remote] DEBUG org.asynchttpclient.netty.request.NettyRequestSender -- Using pooled Channel '[id: 0xd850032e, L:/127.0.0.1:49363 - R:/127.0.0.1:4723]' for 'POST' to 'http://127.0.0.1:4723/session/dead15aa-fbba-4c41-bc05-ce620e01b324/element/f.4ACBEFE02076223393E26B9F2557F2EE.d.2027FD883812F32E436541B3820D57A8.e.387/value'
21:53:22.703 [Forwarding sendKeysToElement on session dead15aa-fbba-4c41-bc05-ce620e01b324 to remote] DEBUG org.asynchttpclient.netty.request.NettyRequestSender -- Using open Channel [id: 0xd850032e, L:/127.0.0.1:49363 - R:/127.0.0.1:4723] for POST '/session/dead15aa-fbba-4c41-bc05-ce620e01b324/element/f.4ACBEFE02076223393E26B9F2557F2EE.d.2027FD883812F32E436541B3820D57A8.e.387/value'
21:53:22.913 [AsyncHttpClient-1-2] DEBUG org.asynchttpclient.netty.handler.HttpHandler -- 

Request DefaultHttpRequest(decodeResult: success, version: HTTP/1.1)
POST /session/dead15aa-fbba-4c41-bc05-ce620e01b324/element/f.4ACBEFE02076223393E26B9F2557F2EE.d.2027FD883812F32E436541B3820D57A8.e.387/value HTTP/1.1
User-Agent: appium/8.3.0 (selenium/4.8.3 (java mac))
Content-Length: 150
Content-Type: application/json; charset=utf-8
host: 127.0.0.1:4723
accept: */*

Response DefaultHttpResponse(decodeResult: success, version: HTTP/1.1)
HTTP/1.1 200 OK
X-Powered-By: Express
Vary: X-HTTP-Method-Override
Content-Type: application/json; charset=utf-8
Content-Length: 14
ETag: W/"e-9/1BuKMgFObM1mWJm+YjxtXJnUM"
Date: Sun, 06 Apr 2025 13:53:22 GMT
Connection: keep-alive
Keep-Alive: timeout=600

21:53:22.914 [AsyncHttpClient-1-2] DEBUG org.asynchttpclient.netty.channel.ChannelManager -- Adding key: http://127.0.0.1:4723 for channel [id: 0xd850032e, L:/127.0.0.1:49363 - R:/127.0.0.1:4723]
21:53:22.916 [Forwarding findElement on session dead15aa-fbba-4c41-bc05-ce620e01b324 to remote] DEBUG org.asynchttpclient.netty.request.NettyRequestSender -- Using pooled Channel '[id: 0xd850032e, L:/127.0.0.1:49363 - R:/127.0.0.1:4723]' for 'POST' to 'http://127.0.0.1:4723/session/dead15aa-fbba-4c41-bc05-ce620e01b324/element'
21:53:22.916 [Forwarding findElement on session dead15aa-fbba-4c41-bc05-ce620e01b324 to remote] DEBUG org.asynchttpclient.netty.request.NettyRequestSender -- Using open Channel [id: 0xd850032e, L:/127.0.0.1:49363 - R:/127.0.0.1:4723] for POST '/session/dead15aa-fbba-4c41-bc05-ce620e01b324/element'
21:53:22.957 [AsyncHttpClient-1-2] DEBUG org.asynchttpclient.netty.handler.HttpHandler -- 

Request DefaultHttpRequest(decodeResult: success, version: HTTP/1.1)
POST /session/dead15aa-fbba-4c41-bc05-ce620e01b324/element HTTP/1.1
User-Agent: appium/8.3.0 (selenium/4.8.3 (java mac))
Content-Length: 57
Content-Type: application/json; charset=utf-8
host: 127.0.0.1:4723
accept: */*

Response DefaultHttpResponse(decodeResult: success, version: HTTP/1.1)
HTTP/1.1 200 OK
X-Powered-By: Express
Vary: X-HTTP-Method-Override
Content-Type: application/json; charset=utf-8
Content-Length: 215
ETag: W/"d7-W7PJxElcXDJeNYqitCYSzIIazds"
Date: Sun, 06 Apr 2025 13:53:22 GMT
Connection: keep-alive
Keep-Alive: timeout=600

21:53:22.957 [AsyncHttpClient-1-2] DEBUG org.asynchttpclient.netty.channel.ChannelManager -- Adding key: http://127.0.0.1:4723 for channel [id: 0xd850032e, L:/127.0.0.1:49363 - R:/127.0.0.1:4723]
21:53:22.958 [Forwarding isElementDisplayed on session dead15aa-fbba-4c41-bc05-ce620e01b324 to remote] DEBUG org.asynchttpclient.netty.request.NettyRequestSender -- Using pooled Channel '[id: 0xd850032e, L:/127.0.0.1:49363 - R:/127.0.0.1:4723]' for 'GET' to 'http://127.0.0.1:4723/session/dead15aa-fbba-4c41-bc05-ce620e01b324/element/f.4ACBEFE02076223393E26B9F2557F2EE.d.2027FD883812F32E436541B3820D57A8.e.376/displayed'
21:53:22.958 [Forwarding isElementDisplayed on session dead15aa-fbba-4c41-bc05-ce620e01b324 to remote] DEBUG org.asynchttpclient.netty.request.NettyRequestSender -- Using open Channel [id: 0xd850032e, L:/127.0.0.1:49363 - R:/127.0.0.1:4723] for GET '/session/dead15aa-fbba-4c41-bc05-ce620e01b324/element/f.4ACBEFE02076223393E26B9F2557F2EE.d.2027FD883812F32E436541B3820D57A8.e.376/displayed'
21:53:22.985 [AsyncHttpClient-1-2] DEBUG org.asynchttpclient.netty.handler.HttpHandler -- 

Request DefaultFullHttpRequest(decodeResult: success, version: HTTP/1.1, content: EmptyByteBufBE)
GET /session/dead15aa-fbba-4c41-bc05-ce620e01b324/element/f.4ACBEFE02076223393E26B9F2557F2EE.d.2027FD883812F32E436541B3820D57A8.e.376/displayed HTTP/1.1
Cache-Control: no-cache
User-Agent: appium/8.3.0 (selenium/4.8.3 (java mac))
Content-Type: application/json; charset=utf-8
host: 127.0.0.1:4723
accept: */*

Response DefaultHttpResponse(decodeResult: success, version: HTTP/1.1)
HTTP/1.1 200 OK
X-Powered-By: Express
Content-Type: application/json; charset=utf-8
Content-Length: 14
ETag: W/"e-2ZHvAWebNQpyjGZTg6uyV8/spTo"
Date: Sun, 06 Apr 2025 13:53:22 GMT
Connection: keep-alive
Keep-Alive: timeout=600

21:53:22.985 [AsyncHttpClient-1-2] DEBUG org.asynchttpclient.netty.channel.ChannelManager -- Adding key: http://127.0.0.1:4723 for channel [id: 0xd850032e, L:/127.0.0.1:49363 - R:/127.0.0.1:4723]
21:53:22.986 [Forwarding isElementEnabled on session dead15aa-fbba-4c41-bc05-ce620e01b324 to remote] DEBUG org.asynchttpclient.netty.request.NettyRequestSender -- Using pooled Channel '[id: 0xd850032e, L:/127.0.0.1:49363 - R:/127.0.0.1:4723]' for 'GET' to 'http://127.0.0.1:4723/session/dead15aa-fbba-4c41-bc05-ce620e01b324/element/f.4ACBEFE02076223393E26B9F2557F2EE.d.2027FD883812F32E436541B3820D57A8.e.376/enabled'
21:53:22.986 [Forwarding isElementEnabled on session dead15aa-fbba-4c41-bc05-ce620e01b324 to remote] DEBUG org.asynchttpclient.netty.request.NettyRequestSender -- Using open Channel [id: 0xd850032e, L:/127.0.0.1:49363 - R:/127.0.0.1:4723] for GET '/session/dead15aa-fbba-4c41-bc05-ce620e01b324/element/f.4ACBEFE02076223393E26B9F2557F2EE.d.2027FD883812F32E436541B3820D57A8.e.376/enabled'
21:53:23.012 [AsyncHttpClient-1-2] DEBUG org.asynchttpclient.netty.handler.HttpHandler -- 

Request DefaultFullHttpRequest(decodeResult: success, version: HTTP/1.1, content: EmptyByteBufBE)
GET /session/dead15aa-fbba-4c41-bc05-ce620e01b324/element/f.4ACBEFE02076223393E26B9F2557F2EE.d.2027FD883812F32E436541B3820D57A8.e.376/enabled HTTP/1.1
Cache-Control: no-cache
User-Agent: appium/8.3.0 (selenium/4.8.3 (java mac))
Content-Type: application/json; charset=utf-8
host: 127.0.0.1:4723
accept: */*

Response DefaultHttpResponse(decodeResult: success, version: HTTP/1.1)
HTTP/1.1 200 OK
X-Powered-By: Express
Content-Type: application/json; charset=utf-8
Content-Length: 14
ETag: W/"e-2ZHvAWebNQpyjGZTg6uyV8/spTo"
Date: Sun, 06 Apr 2025 13:53:23 GMT
Connection: keep-alive
Keep-Alive: timeout=600

21:53:23.012 [AsyncHttpClient-1-2] DEBUG org.asynchttpclient.netty.channel.ChannelManager -- Adding key: http://127.0.0.1:4723 for channel [id: 0xd850032e, L:/127.0.0.1:49363 - R:/127.0.0.1:4723]
21:53:23.012 [Forwarding clickElement on session dead15aa-fbba-4c41-bc05-ce620e01b324 to remote] DEBUG org.asynchttpclient.netty.request.NettyRequestSender -- Using pooled Channel '[id: 0xd850032e, L:/127.0.0.1:49363 - R:/127.0.0.1:4723]' for 'POST' to 'http://127.0.0.1:4723/session/dead15aa-fbba-4c41-bc05-ce620e01b324/element/f.4ACBEFE02076223393E26B9F2557F2EE.d.2027FD883812F32E436541B3820D57A8.e.376/click'
21:53:23.013 [Forwarding clickElement on session dead15aa-fbba-4c41-bc05-ce620e01b324 to remote] DEBUG org.asynchttpclient.netty.request.NettyRequestSender -- Using open Channel [id: 0xd850032e, L:/127.0.0.1:49363 - R:/127.0.0.1:4723] for POST '/session/dead15aa-fbba-4c41-bc05-ce620e01b324/element/f.4ACBEFE02076223393E26B9F2557F2EE.d.2027FD883812F32E436541B3820D57A8.e.376/click'
21:53:23.190 [AsyncHttpClient-1-2] DEBUG org.asynchttpclient.netty.handler.HttpHandler -- 

Request DefaultHttpRequest(decodeResult: success, version: HTTP/1.1)
POST /session/dead15aa-fbba-4c41-bc05-ce620e01b324/element/f.4ACBEFE02076223393E26B9F2557F2EE.d.2027FD883812F32E436541B3820D57A8.e.376/click HTTP/1.1
User-Agent: appium/8.3.0 (selenium/4.8.3 (java mac))
Content-Length: 89
Content-Type: application/json; charset=utf-8
host: 127.0.0.1:4723
accept: */*

Response DefaultHttpResponse(decodeResult: success, version: HTTP/1.1)
HTTP/1.1 200 OK
X-Powered-By: Express
Vary: X-HTTP-Method-Override
Content-Type: application/json; charset=utf-8
Content-Length: 14
ETag: W/"e-9/1BuKMgFObM1mWJm+YjxtXJnUM"
Date: Sun, 06 Apr 2025 13:53:23 GMT
Connection: keep-alive
Keep-Alive: timeout=600

21:53:23.190 [AsyncHttpClient-1-2] DEBUG org.asynchttpclient.netty.channel.ChannelManager -- Adding key: http://127.0.0.1:4723 for channel [id: 0xd850032e, L:/127.0.0.1:49363 - R:/127.0.0.1:4723]
21:53:23.494 [Forwarding findElement on session dead15aa-fbba-4c41-bc05-ce620e01b324 to remote] DEBUG org.asynchttpclient.netty.request.NettyRequestSender -- Using pooled Channel '[id: 0xd850032e, L:/127.0.0.1:49363 - R:/127.0.0.1:4723]' for 'POST' to 'http://127.0.0.1:4723/session/dead15aa-fbba-4c41-bc05-ce620e01b324/element'
21:53:23.494 [Forwarding findElement on session dead15aa-fbba-4c41-bc05-ce620e01b324 to remote] DEBUG org.asynchttpclient.netty.request.NettyRequestSender -- Using open Channel [id: 0xd850032e, L:/127.0.0.1:49363 - R:/127.0.0.1:4723] for POST '/session/dead15aa-fbba-4c41-bc05-ce620e01b324/element'
21:53:23.521 [AsyncHttpClient-1-2] DEBUG org.asynchttpclient.netty.handler.HttpHandler -- 

Request DefaultHttpRequest(decodeResult: success, version: HTTP/1.1)
POST /session/dead15aa-fbba-4c41-bc05-ce620e01b324/element HTTP/1.1
User-Agent: appium/8.3.0 (selenium/4.8.3 (java mac))
Content-Length: 144
Content-Type: application/json; charset=utf-8
host: 127.0.0.1:4723
accept: */*

Response DefaultHttpResponse(decodeResult: success, version: HTTP/1.1)
HTTP/1.1 200 OK
X-Powered-By: Express
Vary: X-HTTP-Method-Override
Content-Type: application/json; charset=utf-8
Content-Length: 215
ETag: W/"d7-17LS5Sdun4iembBd00ecdSvpafI"
Date: Sun, 06 Apr 2025 13:53:23 GMT
Connection: keep-alive
Keep-Alive: timeout=600

21:53:23.522 [AsyncHttpClient-1-2] DEBUG org.asynchttpclient.netty.channel.ChannelManager -- Adding key: http://127.0.0.1:4723 for channel [id: 0xd850032e, L:/127.0.0.1:49363 - R:/127.0.0.1:4723]
21:53:23.523 [Forwarding isElementDisplayed on session dead15aa-fbba-4c41-bc05-ce620e01b324 to remote] DEBUG org.asynchttpclient.netty.request.NettyRequestSender -- Using pooled Channel '[id: 0xd850032e, L:/127.0.0.1:49363 - R:/127.0.0.1:4723]' for 'GET' to 'http://127.0.0.1:4723/session/dead15aa-fbba-4c41-bc05-ce620e01b324/element/f.4ACBEFE02076223393E26B9F2557F2EE.d.2027FD883812F32E436541B3820D57A8.e.412/displayed'
21:53:23.523 [Forwarding isElementDisplayed on session dead15aa-fbba-4c41-bc05-ce620e01b324 to remote] DEBUG org.asynchttpclient.netty.request.NettyRequestSender -- Using open Channel [id: 0xd850032e, L:/127.0.0.1:49363 - R:/127.0.0.1:4723] for GET '/session/dead15aa-fbba-4c41-bc05-ce620e01b324/element/f.4ACBEFE02076223393E26B9F2557F2EE.d.2027FD883812F32E436541B3820D57A8.e.412/displayed'
21:53:23.548 [AsyncHttpClient-1-2] DEBUG org.asynchttpclient.netty.handler.HttpHandler -- 

Request DefaultFullHttpRequest(decodeResult: success, version: HTTP/1.1, content: EmptyByteBufBE)
GET /session/dead15aa-fbba-4c41-bc05-ce620e01b324/element/f.4ACBEFE02076223393E26B9F2557F2EE.d.2027FD883812F32E436541B3820D57A8.e.412/displayed HTTP/1.1
Cache-Control: no-cache
User-Agent: appium/8.3.0 (selenium/4.8.3 (java mac))
Content-Type: application/json; charset=utf-8
host: 127.0.0.1:4723
accept: */*

Response DefaultHttpResponse(decodeResult: success, version: HTTP/1.1)
HTTP/1.1 200 OK
X-Powered-By: Express
Content-Type: application/json; charset=utf-8
Content-Length: 14
ETag: W/"e-2ZHvAWebNQpyjGZTg6uyV8/spTo"
Date: Sun, 06 Apr 2025 13:53:23 GMT
Connection: keep-alive
Keep-Alive: timeout=600

21:53:23.548 [AsyncHttpClient-1-2] DEBUG org.asynchttpclient.netty.channel.ChannelManager -- Adding key: http://127.0.0.1:4723 for channel [id: 0xd850032e, L:/127.0.0.1:49363 - R:/127.0.0.1:4723]
每月可負擔房貸金額-非整數ErrorHandling驗證通過！
21:53:23.549 [Forwarding switchToFrame on session dead15aa-fbba-4c41-bc05-ce620e01b324 to remote] DEBUG org.asynchttpclient.netty.request.NettyRequestSender -- Using pooled Channel '[id: 0xd850032e, L:/127.0.0.1:49363 - R:/127.0.0.1:4723]' for 'POST' to 'http://127.0.0.1:4723/session/dead15aa-fbba-4c41-bc05-ce620e01b324/frame'
21:53:23.549 [Forwarding switchToFrame on session dead15aa-fbba-4c41-bc05-ce620e01b324 to remote] DEBUG org.asynchttpclient.netty.request.NettyRequestSender -- Using open Channel [id: 0xd850032e, L:/127.0.0.1:49363 - R:/127.0.0.1:4723] for POST '/session/dead15aa-fbba-4c41-bc05-ce620e01b324/frame'
21:53:23.556 [AsyncHttpClient-1-2] DEBUG org.asynchttpclient.netty.handler.HttpHandler -- 

Request DefaultHttpRequest(decodeResult: success, version: HTTP/1.1)
POST /session/dead15aa-fbba-4c41-bc05-ce620e01b324/frame HTTP/1.1
User-Agent: appium/8.3.0 (selenium/4.8.3 (java mac))
Content-Length: 16
Content-Type: application/json; charset=utf-8
host: 127.0.0.1:4723
accept: */*

Response DefaultHttpResponse(decodeResult: success, version: HTTP/1.1)
HTTP/1.1 200 OK
X-Powered-By: Express
Vary: X-HTTP-Method-Override
Content-Type: application/json; charset=utf-8
Content-Length: 14
ETag: W/"e-9/1BuKMgFObM1mWJm+YjxtXJnUM"
Date: Sun, 06 Apr 2025 13:53:23 GMT
Connection: keep-alive
Keep-Alive: timeout=600

21:53:23.556 [AsyncHttpClient-1-2] DEBUG org.asynchttpclient.netty.channel.ChannelManager -- Adding key: http://127.0.0.1:4723 for channel [id: 0xd850032e, L:/127.0.0.1:49363 - R:/127.0.0.1:4723]
]]></system-out>
  </testcase>
  <testcase name="testErrorHandlingLoadTerm" classname="com.cathay.test.tests.MortgageCalculatorTest" time="3.451">
    <system-out><![CDATA[21:53:23.557 [main] INFO com.cathay.test.tests.MortgageCalculatorTest -- 正在清理 driver session: dead15aa-fbba-4c41-bc05-ce620e01b324
21:53:23.557 [main] INFO  com.cathay.test.config.AppiumConfig - 正在關閉 Driver...
21:53:23.558 [Forwarding quit on session dead15aa-fbba-4c41-bc05-ce620e01b324 to remote] DEBUG org.asynchttpclient.netty.request.NettyRequestSender -- Using pooled Channel '[id: 0xd850032e, L:/127.0.0.1:49363 - R:/127.0.0.1:4723]' for 'DELETE' to 'http://127.0.0.1:4723/session/dead15aa-fbba-4c41-bc05-ce620e01b324'
21:53:23.558 [Forwarding quit on session dead15aa-fbba-4c41-bc05-ce620e01b324 to remote] DEBUG org.asynchttpclient.netty.request.NettyRequestSender -- Using open Channel [id: 0xd850032e, L:/127.0.0.1:49363 - R:/127.0.0.1:4723] for DELETE '/session/dead15aa-fbba-4c41-bc05-ce620e01b324'
21:53:24.158 [AsyncHttpClient-1-2] DEBUG org.asynchttpclient.netty.handler.HttpHandler -- 

Request DefaultFullHttpRequest(decodeResult: success, version: HTTP/1.1, content: EmptyByteBufBE)
DELETE /session/dead15aa-fbba-4c41-bc05-ce620e01b324 HTTP/1.1
User-Agent: appium/8.3.0 (selenium/4.8.3 (java mac))
Content-Type: application/json; charset=utf-8
host: 127.0.0.1:4723
accept: */*

Response DefaultHttpResponse(decodeResult: success, version: HTTP/1.1)
HTTP/1.1 200 OK
X-Powered-By: Express
Content-Type: application/json; charset=utf-8
Content-Length: 14
ETag: W/"e-9/1BuKMgFObM1mWJm+YjxtXJnUM"
Date: Sun, 06 Apr 2025 13:53:24 GMT
Connection: keep-alive
Keep-Alive: timeout=600

21:53:24.158 [AsyncHttpClient-1-2] DEBUG org.asynchttpclient.netty.channel.ChannelManager -- Adding key: http://127.0.0.1:4723 for channel [id: 0xd850032e, L:/127.0.0.1:49363 - R:/127.0.0.1:4723]
21:53:24.159 [main] INFO  com.cathay.test.config.AppiumConfig - Driver 已成功關閉
21:53:24.159 [main] INFO com.cathay.test.tests.MortgageCalculatorTest -- MortgageCalculatorTest 清理完成
*******MortgageCalculatorTest.setUp() 執行！
21:53:24.160 [main] INFO  com.cathay.test.config.AppiumConfig - 開始初始化 MortgageCalculatorTest (嘗試 1/3)
21:53:24.160 [main] INFO  com.cathay.test.config.AppiumConfig - Appium 服務器可用
21:53:24.181 [main] INFO  com.cathay.test.config.AppiumConfig - Android 模擬器可用
21:53:24.185 [Forwarding newSession on session null to remote] DEBUG org.asynchttpclient.netty.request.NettyRequestSender -- Using pooled Channel '[id: 0xd850032e, L:/127.0.0.1:49363 - R:/127.0.0.1:4723]' for 'POST' to 'http://127.0.0.1:4723/session'
21:53:24.185 [Forwarding newSession on session null to remote] DEBUG org.asynchttpclient.netty.request.NettyRequestSender -- Using open Channel [id: 0xd850032e, L:/127.0.0.1:49363 - R:/127.0.0.1:4723] for POST '/session'
21:53:27.130 [AsyncHttpClient-1-2] DEBUG org.asynchttpclient.netty.handler.HttpHandler -- 

Request DefaultHttpRequest(decodeResult: success, version: HTTP/1.1)
POST /session HTTP/1.1
X-Idempotency-Key: 65466936-1d6f-437f-8fbc-5ba7b91c44f5
User-Agent: appium/8.3.0 (selenium/4.8.3 (java mac))
Content-Length: 952
Content-Type: application/json; charset=utf-8
host: 127.0.0.1:4723
accept: */*

Response DefaultHttpResponse(decodeResult: success, version: HTTP/1.1)
HTTP/1.1 200 OK
X-Powered-By: Express
Vary: X-HTTP-Method-Override
Content-Type: application/json; charset=utf-8
Content-Length: 1816
ETag: W/"718-0P7PTV7/0KDWTsDXtSkST2ifQ80"
Date: Sun, 06 Apr 2025 13:53:27 GMT
Connection: keep-alive
Keep-Alive: timeout=600

21:53:27.131 [AsyncHttpClient-1-2] DEBUG org.asynchttpclient.netty.channel.ChannelManager -- Adding key: http://127.0.0.1:4723 for channel [id: 0xd850032e, L:/127.0.0.1:49363 - R:/127.0.0.1:4723]
21:53:27.137 [Forwarding executeCdp on session e18b0b49-4639-4984-a396-584aa00ea5e8 to remote] DEBUG org.asynchttpclient.netty.request.NettyRequestSender -- Using pooled Channel '[id: 0xd850032e, L:/127.0.0.1:49363 - R:/127.0.0.1:4723]' for 'POST' to 'http://127.0.0.1:4723/session/e18b0b49-4639-4984-a396-584aa00ea5e8/goog/cdp/execute'
21:53:27.137 [Forwarding executeCdp on session e18b0b49-4639-4984-a396-584aa00ea5e8 to remote] DEBUG org.asynchttpclient.netty.request.NettyRequestSender -- Using open Channel [id: 0xd850032e, L:/127.0.0.1:49363 - R:/127.0.0.1:4723] for POST '/session/e18b0b49-4639-4984-a396-584aa00ea5e8/goog/cdp/execute'
21:53:27.171 [AsyncHttpClient-1-2] DEBUG org.asynchttpclient.netty.handler.HttpHandler -- 

Request DefaultHttpRequest(decodeResult: success, version: HTTP/1.1)
POST /session/e18b0b49-4639-4984-a396-584aa00ea5e8/goog/cdp/execute HTTP/1.1
User-Agent: appium/8.3.0 (selenium/4.8.3 (java mac))
Content-Length: 87
Content-Type: application/json; charset=utf-8
host: 127.0.0.1:4723
accept: */*

Response DefaultHttpResponse(decodeResult: success, version: HTTP/1.1)
HTTP/1.1 404 Not Found
X-Powered-By: Express
Vary: X-HTTP-Method-Override
Content-Type: application/json; charset=utf-8
Content-Length: 1990
ETag: W/"7c6-/JVy2ULVkIY34hFCvrc7/gqIyl8"
Date: Sun, 06 Apr 2025 13:53:27 GMT
Connection: keep-alive
Keep-Alive: timeout=600

21:53:27.171 [AsyncHttpClient-1-2] DEBUG org.asynchttpclient.netty.channel.ChannelManager -- Adding key: http://127.0.0.1:4723 for channel [id: 0xd850032e, L:/127.0.0.1:49363 - R:/127.0.0.1:4723]
21:53:27.173 [main] WARN  com.cathay.test.config.AppiumConfig - ⚠️ 設定第三方 Cookie 支援時發生例外: unknown command: 'Network.setCookieBlockingEnabled' wasn't found
  (Session info: chrome=128.0.6613.88)
Build info: version: '4.8.3', revision: 'e5e76298c3'
System info: os.name: 'Mac OS X', os.arch: 'aarch64', os.version: '13.4', java.version: '23.0.2'
Driver info: io.appium.java_client.android.AndroidDriver
Command: [e18b0b49-4639-4984-a396-584aa00ea5e8, executeCdp {cmd=Network.setCookieBlockingEnabled, params={enabled=false}}]
Capabilities {appium:autoAcceptAlerts: true, appium:autoGrantPermissions: true, appium:automationName: UiAutomator2, appium:chromedriverExecutable: /opt/homebrew/bin/chromedriver, appium:databaseEnabled: false, appium:desired: {appActivity: com.android.chrome/com.goog..., appPackage: com.android.chrome, autoAcceptAlerts: true, autoGrantPermissions: true, automationName: UiAutomator2, browserName: chrome, chromedriverExecutable: /opt/homebrew/bin/chromedriver, deviceName: Pixel_3a_API_34_extension_l..., goog:chromeOptions: {args: [--no-sandbox, --disable-dev-shm-usage, --ignore-certificate-errors, --remote-allow-origins=*, --disable-features=SameSite..., --enable-features=NetworkSe...], w3c: true}, newCommandTimeout: 120, noReset: true, platformName: android, platformVersion: 16.0}, appium:deviceApiLevel: 36, appium:deviceManufacturer: Google, appium:deviceModel: sdk_gphone64_arm64, appium:deviceName: emulator-5554, appium:deviceScreenDensity: 420, appium:deviceScreenSize: 1080x2424, appium:deviceUDID: emulator-5554, appium:javascriptEnabled: true, appium:locationContextEnabled: false, appium:networkConnectionEnabled: true, appium:newCommandTimeout: 120, appium:noReset: true, appium:pixelRatio: 2.625, appium:platformVersion: 16, appium:statBarHeight: 137, appium:takesScreenshot: true, appium:viewportRect: {height: 2287, left: 0, top: 137, width: 1080}, appium:warnings: {}, appium:webStorageEnabled: false, browserName: chrome, goog:chromeOptions: {args: [--no-sandbox, --disable-dev-shm-usage, --ignore-certificate-errors, --remote-allow-origins=*, --disable-features=SameSite..., --enable-features=NetworkSe...], w3c: true}, platformName: ANDROID}
Session ID: e18b0b49-4639-4984-a396-584aa00ea5e8
21:53:27.905 [AsyncHttpClient-1-1] DEBUG org.asynchttpclient.netty.channel.DefaultChannelPool -- Entry count for : http://127.0.0.1:4723 : 1
21:53:29.005 [AsyncHttpClient-1-1] DEBUG org.asynchttpclient.netty.channel.DefaultChannelPool -- Entry count for : http://127.0.0.1:4723 : 1
21:53:30.101 [AsyncHttpClient-1-1] DEBUG org.asynchttpclient.netty.channel.DefaultChannelPool -- Entry count for : http://127.0.0.1:4723 : 1
21:53:30.178 [main] INFO  com.cathay.test.config.AppiumConfig - Driver session ID: e18b0b49-4639-4984-a396-584aa00ea5e8
21:53:30.180 [Forwarding get on session e18b0b49-4639-4984-a396-584aa00ea5e8 to remote] DEBUG org.asynchttpclient.netty.request.NettyRequestSender -- Using pooled Channel '[id: 0xd850032e, L:/127.0.0.1:49363 - R:/127.0.0.1:4723]' for 'POST' to 'http://127.0.0.1:4723/session/e18b0b49-4639-4984-a396-584aa00ea5e8/url'
21:53:30.181 [Forwarding get on session e18b0b49-4639-4984-a396-584aa00ea5e8 to remote] DEBUG org.asynchttpclient.netty.request.NettyRequestSender -- Using open Channel [id: 0xd850032e, L:/127.0.0.1:49363 - R:/127.0.0.1:4723] for POST '/session/e18b0b49-4639-4984-a396-584aa00ea5e8/url'
21:53:34.217 [AsyncHttpClient-1-2] DEBUG org.asynchttpclient.netty.handler.HttpHandler -- 

Request DefaultHttpRequest(decodeResult: success, version: HTTP/1.1)
POST /session/e18b0b49-4639-4984-a396-584aa00ea5e8/url HTTP/1.1
User-Agent: appium/8.3.0 (selenium/4.8.3 (java mac))
Content-Length: 133
Content-Type: application/json; charset=utf-8
host: 127.0.0.1:4723
accept: */*

Response DefaultHttpResponse(decodeResult: success, version: HTTP/1.1)
HTTP/1.1 200 OK
X-Powered-By: Express
Vary: X-HTTP-Method-Override
Content-Type: application/json; charset=utf-8
Content-Length: 14
ETag: W/"e-9/1BuKMgFObM1mWJm+YjxtXJnUM"
Date: Sun, 06 Apr 2025 13:53:34 GMT
Connection: keep-alive
Keep-Alive: timeout=600

21:53:34.217 [AsyncHttpClient-1-2] DEBUG org.asynchttpclient.netty.channel.ChannelManager -- Adding key: http://127.0.0.1:4723 for channel [id: 0xd850032e, L:/127.0.0.1:49363 - R:/127.0.0.1:4723]
21:53:34.218 [Forwarding getCurrentUrl on session e18b0b49-4639-4984-a396-584aa00ea5e8 to remote] DEBUG org.asynchttpclient.netty.request.NettyRequestSender -- Using pooled Channel '[id: 0xd850032e, L:/127.0.0.1:49363 - R:/127.0.0.1:4723]' for 'GET' to 'http://127.0.0.1:4723/session/e18b0b49-4639-4984-a396-584aa00ea5e8/url'
21:53:34.218 [Forwarding getCurrentUrl on session e18b0b49-4639-4984-a396-584aa00ea5e8 to remote] DEBUG org.asynchttpclient.netty.request.NettyRequestSender -- Using open Channel [id: 0xd850032e, L:/127.0.0.1:49363 - R:/127.0.0.1:4723] for GET '/session/e18b0b49-4639-4984-a396-584aa00ea5e8/url'
21:53:34.242 [AsyncHttpClient-1-2] DEBUG org.asynchttpclient.netty.handler.HttpHandler -- 

Request DefaultFullHttpRequest(decodeResult: success, version: HTTP/1.1, content: EmptyByteBufBE)
GET /session/e18b0b49-4639-4984-a396-584aa00ea5e8/url HTTP/1.1
Cache-Control: no-cache
User-Agent: appium/8.3.0 (selenium/4.8.3 (java mac))
Content-Type: application/json; charset=utf-8
host: 127.0.0.1:4723
accept: */*

Response DefaultHttpResponse(decodeResult: success, version: HTTP/1.1)
HTTP/1.1 200 OK
X-Powered-By: Express
Content-Type: application/json; charset=utf-8
Content-Length: 90
ETag: W/"5a-SVzTdoqQsw2ztnbhgzn9TDJ+oVM"
Date: Sun, 06 Apr 2025 13:53:34 GMT
Connection: keep-alive
Keep-Alive: timeout=600

21:53:34.242 [AsyncHttpClient-1-2] DEBUG org.asynchttpclient.netty.channel.ChannelManager -- Adding key: http://127.0.0.1:4723 for channel [id: 0xd850032e, L:/127.0.0.1:49363 - R:/127.0.0.1:4723]
*********3rd party cookie Current URL: https://www.cathaybk.com.tw/cathaybk/personal/loan/calculator/mortgage-budget/
21:53:34.243 [Forwarding getCookies on session e18b0b49-4639-4984-a396-584aa00ea5e8 to remote] DEBUG org.asynchttpclient.netty.request.NettyRequestSender -- Using pooled Channel '[id: 0xd850032e, L:/127.0.0.1:49363 - R:/127.0.0.1:4723]' for 'GET' to 'http://127.0.0.1:4723/session/e18b0b49-4639-4984-a396-584aa00ea5e8/cookie'
21:53:34.243 [Forwarding getCookies on session e18b0b49-4639-4984-a396-584aa00ea5e8 to remote] DEBUG org.asynchttpclient.netty.request.NettyRequestSender -- Using open Channel [id: 0xd850032e, L:/127.0.0.1:49363 - R:/127.0.0.1:4723] for GET '/session/e18b0b49-4639-4984-a396-584aa00ea5e8/cookie'
21:53:34.262 [AsyncHttpClient-1-2] DEBUG org.asynchttpclient.netty.handler.HttpHandler -- 

Request DefaultFullHttpRequest(decodeResult: success, version: HTTP/1.1, content: EmptyByteBufBE)
GET /session/e18b0b49-4639-4984-a396-584aa00ea5e8/cookie HTTP/1.1
Cache-Control: no-cache
User-Agent: appium/8.3.0 (selenium/4.8.3 (java mac))
Content-Type: application/json; charset=utf-8
host: 127.0.0.1:4723
accept: */*

Response DefaultHttpResponse(decodeResult: success, version: HTTP/1.1)
HTTP/1.1 200 OK
X-Powered-By: Express
Content-Type: application/json; charset=utf-8
Content-Length: 4089
ETag: W/"ff9-t0eHtM+WhkxN1W9psnKJ5UfxznI"
Date: Sun, 06 Apr 2025 13:53:34 GMT
Connection: keep-alive
Keep-Alive: timeout=600

21:53:34.264 [AsyncHttpClient-1-2] DEBUG org.asynchttpclient.netty.channel.ChannelManager -- Adding key: http://127.0.0.1:4723 for channel [id: 0xd850032e, L:/127.0.0.1:49363 - R:/127.0.0.1:4723]
*********Cookie: citrix_ns_id = AAA7WofyZzvmV9oEAAAAADvLSubBRkGc__LEO_tOpfVspImfay5GnSWwCrKIFfMLOw==4YryZw==jIn1IGVxYyuOPd1pXDjSmbEjQfE=
*********Cookie: ASP.NET_SessionId = j5w3nrfs05q5iavvnxbsaich
*********Cookie: _ss_pp_id = bee19005508c670db141743918812769
*********Cookie: __lt__sid = b0436da4-7dcac6f3
*********Cookie: cathaybk_new = 4bb3a3d8d4f078cfaa7badb04abb60df7ed08c3d037be7593e9c32d57ce56d7fc2c8d446
*********Cookie: _mg_ckp = eyJja1RrZERGIjoiIn0=
*********Cookie: __mguid_ = 29c41f1986e34db0adcf7fa1c9b8e702
*********Cookie: FingerprintCookie = a83734ca5c2401a34f4ad325dff7c9ff
*********Cookie: shell#lang = en
*********Cookie: mbox = session#8248574030134a09a0db0b7433af11f4#1743949474|PC#8248574030134a09a0db0b7433af11f4.32_0#1807192414
*********Cookie: _td = 7aca12b9-46d5-4da3-96f9-62fa29465ce3
*********Cookie: _uetvid = 872c602012ee11f08c899f9bfb0a40a0
*********Cookie: usy46gabsosd = cubcsa_17439476117890.e0236ef7bdc55d653a90decb0cff987b_8266
*********Cookie: _uetsid = 872bbc6012ee11f091f045a781615c5a
*********Cookie: AMCV_B877A5DB584931AC0A495EAA%40AdobeOrg = 1585540135%7CMCIDTS%7C20185%7CMCMID%7C58508244819279150892177621929380533799%7CMCAAMLH-1744552412%7C11%7CMCAAMB-1744552412%7C6G1ynYcLPuiQxYZrsz_pkqfLG9yMXBpb2zX5dvJdYQJzPXImdj0y%7CMCCIDH%7C1062709688%7CMCOPTOUT-1743954812s%7CNONE%7CMCSYNCSOP%7C411-20192%7CvVersion%7C4.4.0
*********Cookie: _ga_T2T689XRGT = GS1.1.1743947612.1.0.1743947612.60.0.0
*********Cookie: _ga = GA1.1.342858086.1743947612
*********Cookie: _fbp = fb.2.1743947612735.489415921334136494
*********Cookie: at_check = true
*********Cookie: __lt__cid = e0a6ba02-43b6-44db-97d5-cd16afd4a7ab
*********Cookie: _gcl_au = 1.1.775399572.1743947612
*********Cookie: AMCVS_B877A5DB584931AC0A495EAA%40AdobeOrg = 1
21:53:34.266 [Forwarding getCurrentUrl on session e18b0b49-4639-4984-a396-584aa00ea5e8 to remote] DEBUG org.asynchttpclient.netty.request.NettyRequestSender -- Using pooled Channel '[id: 0xd850032e, L:/127.0.0.1:49363 - R:/127.0.0.1:4723]' for 'GET' to 'http://127.0.0.1:4723/session/e18b0b49-4639-4984-a396-584aa00ea5e8/url'
21:53:34.266 [Forwarding getCurrentUrl on session e18b0b49-4639-4984-a396-584aa00ea5e8 to remote] DEBUG org.asynchttpclient.netty.request.NettyRequestSender -- Using open Channel [id: 0xd850032e, L:/127.0.0.1:49363 - R:/127.0.0.1:4723] for GET '/session/e18b0b49-4639-4984-a396-584aa00ea5e8/url'
21:53:34.292 [AsyncHttpClient-1-2] DEBUG org.asynchttpclient.netty.handler.HttpHandler -- 

Request DefaultFullHttpRequest(decodeResult: success, version: HTTP/1.1, content: EmptyByteBufBE)
GET /session/e18b0b49-4639-4984-a396-584aa00ea5e8/url HTTP/1.1
Cache-Control: no-cache
User-Agent: appium/8.3.0 (selenium/4.8.3 (java mac))
Content-Type: application/json; charset=utf-8
host: 127.0.0.1:4723
accept: */*

Response DefaultHttpResponse(decodeResult: success, version: HTTP/1.1)
HTTP/1.1 200 OK
X-Powered-By: Express
Content-Type: application/json; charset=utf-8
Content-Length: 90
ETag: W/"5a-SVzTdoqQsw2ztnbhgzn9TDJ+oVM"
Date: Sun, 06 Apr 2025 13:53:34 GMT
Connection: keep-alive
Keep-Alive: timeout=600

21:53:34.292 [AsyncHttpClient-1-2] DEBUG org.asynchttpclient.netty.channel.ChannelManager -- Adding key: http://127.0.0.1:4723 for channel [id: 0xd850032e, L:/127.0.0.1:49363 - R:/127.0.0.1:4723]
21:53:34.293 [Forwarding setTimeout on session e18b0b49-4639-4984-a396-584aa00ea5e8 to remote] DEBUG org.asynchttpclient.netty.request.NettyRequestSender -- Using pooled Channel '[id: 0xd850032e, L:/127.0.0.1:49363 - R:/127.0.0.1:4723]' for 'POST' to 'http://127.0.0.1:4723/session/e18b0b49-4639-4984-a396-584aa00ea5e8/timeouts'
21:53:34.293 [Forwarding setTimeout on session e18b0b49-4639-4984-a396-584aa00ea5e8 to remote] DEBUG org.asynchttpclient.netty.request.NettyRequestSender -- Using open Channel [id: 0xd850032e, L:/127.0.0.1:49363 - R:/127.0.0.1:4723] for POST '/session/e18b0b49-4639-4984-a396-584aa00ea5e8/timeouts'
21:53:34.296 [AsyncHttpClient-1-2] DEBUG org.asynchttpclient.netty.handler.HttpHandler -- 

Request DefaultHttpRequest(decodeResult: success, version: HTTP/1.1)
POST /session/e18b0b49-4639-4984-a396-584aa00ea5e8/timeouts HTTP/1.1
User-Agent: appium/8.3.0 (selenium/4.8.3 (java mac))
Content-Length: 23
Content-Type: application/json; charset=utf-8
host: 127.0.0.1:4723
accept: */*

Response DefaultHttpResponse(decodeResult: success, version: HTTP/1.1)
HTTP/1.1 200 OK
X-Powered-By: Express
Vary: X-HTTP-Method-Override
Content-Type: application/json; charset=utf-8
Content-Length: 14
ETag: W/"e-9/1BuKMgFObM1mWJm+YjxtXJnUM"
Date: Sun, 06 Apr 2025 13:53:34 GMT
Connection: keep-alive
Keep-Alive: timeout=600

21:53:34.296 [AsyncHttpClient-1-2] DEBUG org.asynchttpclient.netty.channel.ChannelManager -- Adding key: http://127.0.0.1:4723 for channel [id: 0xd850032e, L:/127.0.0.1:49363 - R:/127.0.0.1:4723]
21:53:34.297 [Forwarding setTimeout on session e18b0b49-4639-4984-a396-584aa00ea5e8 to remote] DEBUG org.asynchttpclient.netty.request.NettyRequestSender -- Using pooled Channel '[id: 0xd850032e, L:/127.0.0.1:49363 - R:/127.0.0.1:4723]' for 'POST' to 'http://127.0.0.1:4723/session/e18b0b49-4639-4984-a396-584aa00ea5e8/timeouts'
21:53:34.297 [Forwarding setTimeout on session e18b0b49-4639-4984-a396-584aa00ea5e8 to remote] DEBUG org.asynchttpclient.netty.request.NettyRequestSender -- Using open Channel [id: 0xd850032e, L:/127.0.0.1:49363 - R:/127.0.0.1:4723] for POST '/session/e18b0b49-4639-4984-a396-584aa00ea5e8/timeouts'
21:53:34.299 [AsyncHttpClient-1-2] DEBUG org.asynchttpclient.netty.handler.HttpHandler -- 

Request DefaultHttpRequest(decodeResult: success, version: HTTP/1.1)
POST /session/e18b0b49-4639-4984-a396-584aa00ea5e8/timeouts HTTP/1.1
User-Agent: appium/8.3.0 (selenium/4.8.3 (java mac))
Content-Length: 23
Content-Type: application/json; charset=utf-8
host: 127.0.0.1:4723
accept: */*

Response DefaultHttpResponse(decodeResult: success, version: HTTP/1.1)
HTTP/1.1 200 OK
X-Powered-By: Express
Vary: X-HTTP-Method-Override
Content-Type: application/json; charset=utf-8
Content-Length: 14
ETag: W/"e-9/1BuKMgFObM1mWJm+YjxtXJnUM"
Date: Sun, 06 Apr 2025 13:53:34 GMT
Connection: keep-alive
Keep-Alive: timeout=600

21:53:34.299 [AsyncHttpClient-1-2] DEBUG org.asynchttpclient.netty.channel.ChannelManager -- Adding key: http://127.0.0.1:4723 for channel [id: 0xd850032e, L:/127.0.0.1:49363 - R:/127.0.0.1:4723]
21:53:34.299 [Forwarding setTimeout on session e18b0b49-4639-4984-a396-584aa00ea5e8 to remote] DEBUG org.asynchttpclient.netty.request.NettyRequestSender -- Using pooled Channel '[id: 0xd850032e, L:/127.0.0.1:49363 - R:/127.0.0.1:4723]' for 'POST' to 'http://127.0.0.1:4723/session/e18b0b49-4639-4984-a396-584aa00ea5e8/timeouts'
21:53:34.299 [Forwarding setTimeout on session e18b0b49-4639-4984-a396-584aa00ea5e8 to remote] DEBUG org.asynchttpclient.netty.request.NettyRequestSender -- Using open Channel [id: 0xd850032e, L:/127.0.0.1:49363 - R:/127.0.0.1:4723] for POST '/session/e18b0b49-4639-4984-a396-584aa00ea5e8/timeouts'
21:53:34.301 [AsyncHttpClient-1-2] DEBUG org.asynchttpclient.netty.handler.HttpHandler -- 

Request DefaultHttpRequest(decodeResult: success, version: HTTP/1.1)
POST /session/e18b0b49-4639-4984-a396-584aa00ea5e8/timeouts HTTP/1.1
User-Agent: appium/8.3.0 (selenium/4.8.3 (java mac))
Content-Length: 21
Content-Type: application/json; charset=utf-8
host: 127.0.0.1:4723
accept: */*

Response DefaultHttpResponse(decodeResult: success, version: HTTP/1.1)
HTTP/1.1 200 OK
X-Powered-By: Express
Vary: X-HTTP-Method-Override
Content-Type: application/json; charset=utf-8
Content-Length: 14
ETag: W/"e-9/1BuKMgFObM1mWJm+YjxtXJnUM"
Date: Sun, 06 Apr 2025 13:53:34 GMT
Connection: keep-alive
Keep-Alive: timeout=600

21:53:34.301 [AsyncHttpClient-1-2] DEBUG org.asynchttpclient.netty.channel.ChannelManager -- Adding key: http://127.0.0.1:4723 for channel [id: 0xd850032e, L:/127.0.0.1:49363 - R:/127.0.0.1:4723]
21:53:34.301 [main] INFO  com.cathay.test.config.AppiumConfig - MortgageCalculatorTest 初始化完成
21:53:34.302 [main] INFO com.cathay.test.tests.MortgageCalculatorTest -- 驗證 driver session 與重新導頁...
21:53:34.302 [Forwarding get on session e18b0b49-4639-4984-a396-584aa00ea5e8 to remote] DEBUG org.asynchttpclient.netty.request.NettyRequestSender -- Using pooled Channel '[id: 0xd850032e, L:/127.0.0.1:49363 - R:/127.0.0.1:4723]' for 'POST' to 'http://127.0.0.1:4723/session/e18b0b49-4639-4984-a396-584aa00ea5e8/url'
21:53:34.302 [Forwarding get on session e18b0b49-4639-4984-a396-584aa00ea5e8 to remote] DEBUG org.asynchttpclient.netty.request.NettyRequestSender -- Using open Channel [id: 0xd850032e, L:/127.0.0.1:49363 - R:/127.0.0.1:4723] for POST '/session/e18b0b49-4639-4984-a396-584aa00ea5e8/url'
21:53:35.672 [AsyncHttpClient-1-2] DEBUG org.asynchttpclient.netty.handler.HttpHandler -- 

Request DefaultHttpRequest(decodeResult: success, version: HTTP/1.1)
POST /session/e18b0b49-4639-4984-a396-584aa00ea5e8/url HTTP/1.1
User-Agent: appium/8.3.0 (selenium/4.8.3 (java mac))
Content-Length: 133
Content-Type: application/json; charset=utf-8
host: 127.0.0.1:4723
accept: */*

Response DefaultHttpResponse(decodeResult: success, version: HTTP/1.1)
HTTP/1.1 200 OK
X-Powered-By: Express
Vary: X-HTTP-Method-Override
Content-Type: application/json; charset=utf-8
Content-Length: 14
ETag: W/"e-9/1BuKMgFObM1mWJm+YjxtXJnUM"
Date: Sun, 06 Apr 2025 13:53:35 GMT
Connection: keep-alive
Keep-Alive: timeout=600

21:53:35.672 [AsyncHttpClient-1-2] DEBUG org.asynchttpclient.netty.channel.ChannelManager -- Adding key: http://127.0.0.1:4723 for channel [id: 0xd850032e, L:/127.0.0.1:49363 - R:/127.0.0.1:4723]
21:53:35.673 [Forwarding getCurrentUrl on session e18b0b49-4639-4984-a396-584aa00ea5e8 to remote] DEBUG org.asynchttpclient.netty.request.NettyRequestSender -- Using pooled Channel '[id: 0xd850032e, L:/127.0.0.1:49363 - R:/127.0.0.1:4723]' for 'GET' to 'http://127.0.0.1:4723/session/e18b0b49-4639-4984-a396-584aa00ea5e8/url'
21:53:35.674 [Forwarding getCurrentUrl on session e18b0b49-4639-4984-a396-584aa00ea5e8 to remote] DEBUG org.asynchttpclient.netty.request.NettyRequestSender -- Using open Channel [id: 0xd850032e, L:/127.0.0.1:49363 - R:/127.0.0.1:4723] for GET '/session/e18b0b49-4639-4984-a396-584aa00ea5e8/url'
21:53:35.702 [AsyncHttpClient-1-2] DEBUG org.asynchttpclient.netty.handler.HttpHandler -- 

Request DefaultFullHttpRequest(decodeResult: success, version: HTTP/1.1, content: EmptyByteBufBE)
GET /session/e18b0b49-4639-4984-a396-584aa00ea5e8/url HTTP/1.1
Cache-Control: no-cache
User-Agent: appium/8.3.0 (selenium/4.8.3 (java mac))
Content-Type: application/json; charset=utf-8
host: 127.0.0.1:4723
accept: */*

Response DefaultHttpResponse(decodeResult: success, version: HTTP/1.1)
HTTP/1.1 200 OK
X-Powered-By: Express
Content-Type: application/json; charset=utf-8
Content-Length: 90
ETag: W/"5a-SVzTdoqQsw2ztnbhgzn9TDJ+oVM"
Date: Sun, 06 Apr 2025 13:53:35 GMT
Connection: keep-alive
Keep-Alive: timeout=600

21:53:35.703 [AsyncHttpClient-1-2] DEBUG org.asynchttpclient.netty.channel.ChannelManager -- Adding key: http://127.0.0.1:4723 for channel [id: 0xd850032e, L:/127.0.0.1:49363 - R:/127.0.0.1:4723]
*********3rd party cookie Current URL: https://www.cathaybk.com.tw/cathaybk/personal/loan/calculator/mortgage-budget/
21:53:35.703 [Forwarding getCookies on session e18b0b49-4639-4984-a396-584aa00ea5e8 to remote] DEBUG org.asynchttpclient.netty.request.NettyRequestSender -- Using pooled Channel '[id: 0xd850032e, L:/127.0.0.1:49363 - R:/127.0.0.1:4723]' for 'GET' to 'http://127.0.0.1:4723/session/e18b0b49-4639-4984-a396-584aa00ea5e8/cookie'
21:53:35.703 [Forwarding getCookies on session e18b0b49-4639-4984-a396-584aa00ea5e8 to remote] DEBUG org.asynchttpclient.netty.request.NettyRequestSender -- Using open Channel [id: 0xd850032e, L:/127.0.0.1:49363 - R:/127.0.0.1:4723] for GET '/session/e18b0b49-4639-4984-a396-584aa00ea5e8/cookie'
21:53:35.724 [AsyncHttpClient-1-2] DEBUG org.asynchttpclient.netty.handler.HttpHandler -- 

Request DefaultFullHttpRequest(decodeResult: success, version: HTTP/1.1, content: EmptyByteBufBE)
GET /session/e18b0b49-4639-4984-a396-584aa00ea5e8/cookie HTTP/1.1
Cache-Control: no-cache
User-Agent: appium/8.3.0 (selenium/4.8.3 (java mac))
Content-Type: application/json; charset=utf-8
host: 127.0.0.1:4723
accept: */*

Response DefaultHttpResponse(decodeResult: success, version: HTTP/1.1)
HTTP/1.1 200 OK
X-Powered-By: Express
Content-Type: application/json; charset=utf-8
Content-Length: 4089
ETag: W/"ff9-WaFC/Z8a2iXI/Ybc+WwOijN8AdE"
Date: Sun, 06 Apr 2025 13:53:35 GMT
Connection: keep-alive
Keep-Alive: timeout=600

21:53:35.724 [AsyncHttpClient-1-2] DEBUG org.asynchttpclient.netty.channel.ChannelManager -- Adding key: http://127.0.0.1:4723 for channel [id: 0xd850032e, L:/127.0.0.1:49363 - R:/127.0.0.1:4723]
*********Cookie: citrix_ns_id = AAA7WofyZzvmV9oEAAAAADvLSubBRkGc__LEO_tOpfVspImfay5GnSWwCrKIFfMLOw==4oryZw==E4u7UtkmD46O0zzL01g2m8xxetI=
*********Cookie: ASP.NET_SessionId = j5w3nrfs05q5iavvnxbsaich
*********Cookie: _ss_pp_id = bee19005508c670db141743918812769
*********Cookie: __lt__sid = b0436da4-7dcac6f3
*********Cookie: _mg_ckp = eyJja1RrZERGIjoiIn0=
*********Cookie: cathaybk_new = 4bb3a3d8d4f078cfaa7badb04abb60df7ed08c3d037be7593e9c32d57ce56d7fc2c8d446
*********Cookie: __mguid_ = 29c41f1986e34db0adcf7fa1c9b8e702
*********Cookie: FingerprintCookie = a83734ca5c2401a34f4ad325dff7c9ff
*********Cookie: shell#lang = en
*********Cookie: mbox = session#8248574030134a09a0db0b7433af11f4#1743949476|PC#8248574030134a09a0db0b7433af11f4.32_0#1807192416
*********Cookie: _td = 7aca12b9-46d5-4da3-96f9-62fa29465ce3
*********Cookie: _uetvid = 872c602012ee11f08c899f9bfb0a40a0
*********Cookie: usy46gabsosd = cubcsa_17439476117890.e0236ef7bdc55d653a90decb0cff987b_8266
*********Cookie: _uetsid = 872bbc6012ee11f091f045a781615c5a
*********Cookie: _ga_T2T689XRGT = GS1.1.1743947612.1.1.1743947615.57.0.0
*********Cookie: AMCV_B877A5DB584931AC0A495EAA%40AdobeOrg = 1585540135%7CMCIDTS%7C20185%7CMCMID%7C58508244819279150892177621929380533799%7CMCAAMLH-1744552412%7C11%7CMCAAMB-1744552412%7C6G1ynYcLPuiQxYZrsz_pkqfLG9yMXBpb2zX5dvJdYQJzPXImdj0y%7CMCCIDH%7C1062709688%7CMCOPTOUT-1743954812s%7CNONE%7CMCSYNCSOP%7C411-20192%7CvVersion%7C4.4.0
*********Cookie: _ga = GA1.1.342858086.1743947612
*********Cookie: _fbp = fb.2.1743947612735.489415921334136494
*********Cookie: at_check = true
*********Cookie: __lt__cid = e0a6ba02-43b6-44db-97d5-cd16afd4a7ab
*********Cookie: _gcl_au = 1.1.775399572.1743947612
*********Cookie: AMCVS_B877A5DB584931AC0A495EAA%40AdobeOrg = 1
21:53:35.725 [Forwarding getCurrentUrl on session e18b0b49-4639-4984-a396-584aa00ea5e8 to remote] DEBUG org.asynchttpclient.netty.request.NettyRequestSender -- Using pooled Channel '[id: 0xd850032e, L:/127.0.0.1:49363 - R:/127.0.0.1:4723]' for 'GET' to 'http://127.0.0.1:4723/session/e18b0b49-4639-4984-a396-584aa00ea5e8/url'
21:53:35.725 [Forwarding getCurrentUrl on session e18b0b49-4639-4984-a396-584aa00ea5e8 to remote] DEBUG org.asynchttpclient.netty.request.NettyRequestSender -- Using open Channel [id: 0xd850032e, L:/127.0.0.1:49363 - R:/127.0.0.1:4723] for GET '/session/e18b0b49-4639-4984-a396-584aa00ea5e8/url'
21:53:35.738 [AsyncHttpClient-1-2] DEBUG org.asynchttpclient.netty.handler.HttpHandler -- 

Request DefaultFullHttpRequest(decodeResult: success, version: HTTP/1.1, content: EmptyByteBufBE)
GET /session/e18b0b49-4639-4984-a396-584aa00ea5e8/url HTTP/1.1
Cache-Control: no-cache
User-Agent: appium/8.3.0 (selenium/4.8.3 (java mac))
Content-Type: application/json; charset=utf-8
host: 127.0.0.1:4723
accept: */*

Response DefaultHttpResponse(decodeResult: success, version: HTTP/1.1)
HTTP/1.1 200 OK
X-Powered-By: Express
Content-Type: application/json; charset=utf-8
Content-Length: 90
ETag: W/"5a-SVzTdoqQsw2ztnbhgzn9TDJ+oVM"
Date: Sun, 06 Apr 2025 13:53:35 GMT
Connection: keep-alive
Keep-Alive: timeout=600

21:53:35.738 [AsyncHttpClient-1-2] DEBUG org.asynchttpclient.netty.channel.ChannelManager -- Adding key: http://127.0.0.1:4723 for channel [id: 0xd850032e, L:/127.0.0.1:49363 - R:/127.0.0.1:4723]
21:53:35.739 [Forwarding setTimeout on session e18b0b49-4639-4984-a396-584aa00ea5e8 to remote] DEBUG org.asynchttpclient.netty.request.NettyRequestSender -- Using pooled Channel '[id: 0xd850032e, L:/127.0.0.1:49363 - R:/127.0.0.1:4723]' for 'POST' to 'http://127.0.0.1:4723/session/e18b0b49-4639-4984-a396-584aa00ea5e8/timeouts'
21:53:35.739 [Forwarding setTimeout on session e18b0b49-4639-4984-a396-584aa00ea5e8 to remote] DEBUG org.asynchttpclient.netty.request.NettyRequestSender -- Using open Channel [id: 0xd850032e, L:/127.0.0.1:49363 - R:/127.0.0.1:4723] for POST '/session/e18b0b49-4639-4984-a396-584aa00ea5e8/timeouts'
21:53:35.740 [AsyncHttpClient-1-2] DEBUG org.asynchttpclient.netty.handler.HttpHandler -- 

Request DefaultHttpRequest(decodeResult: success, version: HTTP/1.1)
POST /session/e18b0b49-4639-4984-a396-584aa00ea5e8/timeouts HTTP/1.1
User-Agent: appium/8.3.0 (selenium/4.8.3 (java mac))
Content-Length: 23
Content-Type: application/json; charset=utf-8
host: 127.0.0.1:4723
accept: */*

Response DefaultHttpResponse(decodeResult: success, version: HTTP/1.1)
HTTP/1.1 200 OK
X-Powered-By: Express
Vary: X-HTTP-Method-Override
Content-Type: application/json; charset=utf-8
Content-Length: 14
ETag: W/"e-9/1BuKMgFObM1mWJm+YjxtXJnUM"
Date: Sun, 06 Apr 2025 13:53:35 GMT
Connection: keep-alive
Keep-Alive: timeout=600

21:53:35.740 [AsyncHttpClient-1-2] DEBUG org.asynchttpclient.netty.channel.ChannelManager -- Adding key: http://127.0.0.1:4723 for channel [id: 0xd850032e, L:/127.0.0.1:49363 - R:/127.0.0.1:4723]
21:53:35.741 [Forwarding setTimeout on session e18b0b49-4639-4984-a396-584aa00ea5e8 to remote] DEBUG org.asynchttpclient.netty.request.NettyRequestSender -- Using pooled Channel '[id: 0xd850032e, L:/127.0.0.1:49363 - R:/127.0.0.1:4723]' for 'POST' to 'http://127.0.0.1:4723/session/e18b0b49-4639-4984-a396-584aa00ea5e8/timeouts'
21:53:35.741 [Forwarding setTimeout on session e18b0b49-4639-4984-a396-584aa00ea5e8 to remote] DEBUG org.asynchttpclient.netty.request.NettyRequestSender -- Using open Channel [id: 0xd850032e, L:/127.0.0.1:49363 - R:/127.0.0.1:4723] for POST '/session/e18b0b49-4639-4984-a396-584aa00ea5e8/timeouts'
21:53:35.742 [AsyncHttpClient-1-2] DEBUG org.asynchttpclient.netty.handler.HttpHandler -- 

Request DefaultHttpRequest(decodeResult: success, version: HTTP/1.1)
POST /session/e18b0b49-4639-4984-a396-584aa00ea5e8/timeouts HTTP/1.1
User-Agent: appium/8.3.0 (selenium/4.8.3 (java mac))
Content-Length: 23
Content-Type: application/json; charset=utf-8
host: 127.0.0.1:4723
accept: */*

Response DefaultHttpResponse(decodeResult: success, version: HTTP/1.1)
HTTP/1.1 200 OK
X-Powered-By: Express
Vary: X-HTTP-Method-Override
Content-Type: application/json; charset=utf-8
Content-Length: 14
ETag: W/"e-9/1BuKMgFObM1mWJm+YjxtXJnUM"
Date: Sun, 06 Apr 2025 13:53:35 GMT
Connection: keep-alive
Keep-Alive: timeout=600

21:53:35.742 [AsyncHttpClient-1-2] DEBUG org.asynchttpclient.netty.channel.ChannelManager -- Adding key: http://127.0.0.1:4723 for channel [id: 0xd850032e, L:/127.0.0.1:49363 - R:/127.0.0.1:4723]
21:53:35.743 [Forwarding setTimeout on session e18b0b49-4639-4984-a396-584aa00ea5e8 to remote] DEBUG org.asynchttpclient.netty.request.NettyRequestSender -- Using pooled Channel '[id: 0xd850032e, L:/127.0.0.1:49363 - R:/127.0.0.1:4723]' for 'POST' to 'http://127.0.0.1:4723/session/e18b0b49-4639-4984-a396-584aa00ea5e8/timeouts'
21:53:35.743 [Forwarding setTimeout on session e18b0b49-4639-4984-a396-584aa00ea5e8 to remote] DEBUG org.asynchttpclient.netty.request.NettyRequestSender -- Using open Channel [id: 0xd850032e, L:/127.0.0.1:49363 - R:/127.0.0.1:4723] for POST '/session/e18b0b49-4639-4984-a396-584aa00ea5e8/timeouts'
21:53:35.744 [AsyncHttpClient-1-2] DEBUG org.asynchttpclient.netty.handler.HttpHandler -- 

Request DefaultHttpRequest(decodeResult: success, version: HTTP/1.1)
POST /session/e18b0b49-4639-4984-a396-584aa00ea5e8/timeouts HTTP/1.1
User-Agent: appium/8.3.0 (selenium/4.8.3 (java mac))
Content-Length: 21
Content-Type: application/json; charset=utf-8
host: 127.0.0.1:4723
accept: */*

Response DefaultHttpResponse(decodeResult: success, version: HTTP/1.1)
HTTP/1.1 200 OK
X-Powered-By: Express
Vary: X-HTTP-Method-Override
Content-Type: application/json; charset=utf-8
Content-Length: 14
ETag: W/"e-9/1BuKMgFObM1mWJm+YjxtXJnUM"
Date: Sun, 06 Apr 2025 13:53:35 GMT
Connection: keep-alive
Keep-Alive: timeout=600

21:53:35.744 [AsyncHttpClient-1-2] DEBUG org.asynchttpclient.netty.channel.ChannelManager -- Adding key: http://127.0.0.1:4723 for channel [id: 0xd850032e, L:/127.0.0.1:49363 - R:/127.0.0.1:4723]
21:53:35.744 [main] INFO com.cathay.test.tests.MortgageCalculatorTest -- MortgageCalculatorTest 驗證完成
房貸試算功能測試 - 貸款年限其他選項未輸入
21:53:35.745 [main] INFO com.cathay.test.tests.MortgageCalculatorTest -- 開始執行：testErrorHandlingLoadTerm
21:53:35.745 [Forwarding get on session e18b0b49-4639-4984-a396-584aa00ea5e8 to remote] DEBUG org.asynchttpclient.netty.request.NettyRequestSender -- Using pooled Channel '[id: 0xd850032e, L:/127.0.0.1:49363 - R:/127.0.0.1:4723]' for 'POST' to 'http://127.0.0.1:4723/session/e18b0b49-4639-4984-a396-584aa00ea5e8/url'
21:53:35.745 [Forwarding get on session e18b0b49-4639-4984-a396-584aa00ea5e8 to remote] DEBUG org.asynchttpclient.netty.request.NettyRequestSender -- Using open Channel [id: 0xd850032e, L:/127.0.0.1:49363 - R:/127.0.0.1:4723] for POST '/session/e18b0b49-4639-4984-a396-584aa00ea5e8/url'
21:53:37.031 [AsyncHttpClient-1-2] DEBUG org.asynchttpclient.netty.handler.HttpHandler -- 

Request DefaultHttpRequest(decodeResult: success, version: HTTP/1.1)
POST /session/e18b0b49-4639-4984-a396-584aa00ea5e8/url HTTP/1.1
User-Agent: appium/8.3.0 (selenium/4.8.3 (java mac))
Content-Length: 133
Content-Type: application/json; charset=utf-8
host: 127.0.0.1:4723
accept: */*

Response DefaultHttpResponse(decodeResult: success, version: HTTP/1.1)
HTTP/1.1 200 OK
X-Powered-By: Express
Vary: X-HTTP-Method-Override
Content-Type: application/json; charset=utf-8
Content-Length: 14
ETag: W/"e-9/1BuKMgFObM1mWJm+YjxtXJnUM"
Date: Sun, 06 Apr 2025 13:53:37 GMT
Connection: keep-alive
Keep-Alive: timeout=600

21:53:37.032 [AsyncHttpClient-1-2] DEBUG org.asynchttpclient.netty.channel.ChannelManager -- Adding key: http://127.0.0.1:4723 for channel [id: 0xd850032e, L:/127.0.0.1:49363 - R:/127.0.0.1:4723]
21:53:37.033 [Forwarding getCurrentUrl on session e18b0b49-4639-4984-a396-584aa00ea5e8 to remote] DEBUG org.asynchttpclient.netty.request.NettyRequestSender -- Using pooled Channel '[id: 0xd850032e, L:/127.0.0.1:49363 - R:/127.0.0.1:4723]' for 'GET' to 'http://127.0.0.1:4723/session/e18b0b49-4639-4984-a396-584aa00ea5e8/url'
21:53:37.033 [Forwarding getCurrentUrl on session e18b0b49-4639-4984-a396-584aa00ea5e8 to remote] DEBUG org.asynchttpclient.netty.request.NettyRequestSender -- Using open Channel [id: 0xd850032e, L:/127.0.0.1:49363 - R:/127.0.0.1:4723] for GET '/session/e18b0b49-4639-4984-a396-584aa00ea5e8/url'
21:53:37.092 [AsyncHttpClient-1-2] DEBUG org.asynchttpclient.netty.handler.HttpHandler -- 

Request DefaultFullHttpRequest(decodeResult: success, version: HTTP/1.1, content: EmptyByteBufBE)
GET /session/e18b0b49-4639-4984-a396-584aa00ea5e8/url HTTP/1.1
Cache-Control: no-cache
User-Agent: appium/8.3.0 (selenium/4.8.3 (java mac))
Content-Type: application/json; charset=utf-8
host: 127.0.0.1:4723
accept: */*

Response DefaultHttpResponse(decodeResult: success, version: HTTP/1.1)
HTTP/1.1 200 OK
X-Powered-By: Express
Content-Type: application/json; charset=utf-8
Content-Length: 90
ETag: W/"5a-SVzTdoqQsw2ztnbhgzn9TDJ+oVM"
Date: Sun, 06 Apr 2025 13:53:37 GMT
Connection: keep-alive
Keep-Alive: timeout=600

21:53:37.092 [AsyncHttpClient-1-2] DEBUG org.asynchttpclient.netty.channel.ChannelManager -- Adding key: http://127.0.0.1:4723 for channel [id: 0xd850032e, L:/127.0.0.1:49363 - R:/127.0.0.1:4723]
*********3rd party cookie Current URL: https://www.cathaybk.com.tw/cathaybk/personal/loan/calculator/mortgage-budget/
21:53:37.093 [Forwarding getCookies on session e18b0b49-4639-4984-a396-584aa00ea5e8 to remote] DEBUG org.asynchttpclient.netty.request.NettyRequestSender -- Using pooled Channel '[id: 0xd850032e, L:/127.0.0.1:49363 - R:/127.0.0.1:4723]' for 'GET' to 'http://127.0.0.1:4723/session/e18b0b49-4639-4984-a396-584aa00ea5e8/cookie'
21:53:37.093 [Forwarding getCookies on session e18b0b49-4639-4984-a396-584aa00ea5e8 to remote] DEBUG org.asynchttpclient.netty.request.NettyRequestSender -- Using open Channel [id: 0xd850032e, L:/127.0.0.1:49363 - R:/127.0.0.1:4723] for GET '/session/e18b0b49-4639-4984-a396-584aa00ea5e8/cookie'
21:53:37.136 [AsyncHttpClient-1-2] DEBUG org.asynchttpclient.netty.handler.HttpHandler -- 

Request DefaultFullHttpRequest(decodeResult: success, version: HTTP/1.1, content: EmptyByteBufBE)
GET /session/e18b0b49-4639-4984-a396-584aa00ea5e8/cookie HTTP/1.1
Cache-Control: no-cache
User-Agent: appium/8.3.0 (selenium/4.8.3 (java mac))
Content-Type: application/json; charset=utf-8
host: 127.0.0.1:4723
accept: */*

Response DefaultHttpResponse(decodeResult: success, version: HTTP/1.1)
HTTP/1.1 200 OK
X-Powered-By: Express
Content-Type: application/json; charset=utf-8
Content-Length: 5178
ETag: W/"143a-IKZGn0Qj4wB4hrDtg0djJfn4Irw"
Date: Sun, 06 Apr 2025 13:53:37 GMT
Connection: keep-alive
Keep-Alive: timeout=600

21:53:37.137 [AsyncHttpClient-1-2] DEBUG org.asynchttpclient.netty.channel.ChannelManager -- Adding key: http://127.0.0.1:4723 for channel [id: 0xd850032e, L:/127.0.0.1:49363 - R:/127.0.0.1:4723]
*********Cookie: citrix_ns_id = AAA7WofyZzvmV9oEAAAAADvLSubBRkGc__LEO_tOpfVspImfay5GnSWwCrKIFfMLOw==5IryZw==s29ESbyawoenocW1QihM0AiCCHU=
*********Cookie: ASP.NET_SessionId = j5w3nrfs05q5iavvnxbsaich
*********Cookie: dv0qai26lg6v2y6kl7yyc36brextdppg5uznm8v = xxuvt940b3k
*********Cookie: _ss_pp_id = bee19005508c670db141743918812769
*********Cookie: _mg_ckp = eyJja1RrZERGIjoiIn0=
*********Cookie: shell#lang = en
*********Cookie: mbox = session#8248574030134a09a0db0b7433af11f4#1743949477|PC#8248574030134a09a0db0b7433af11f4.32_0#1807192417
*********Cookie: _td = 7aca12b9-46d5-4da3-96f9-62fa29465ce3
*********Cookie: _uetvid = 872c602012ee11f08c899f9bfb0a40a0
*********Cookie: _uetsid = 872bbc6012ee11f091f045a781615c5a
*********Cookie: _ga_T2T689XRGT = GS1.1.1743947612.1.1.1743947617.55.0.0
*********Cookie: dv0qai26lg6v2y6kl7yyc36brextd9w71unubr8n = q17vzjmxeia
*********Cookie: AMCV_B877A5DB584931AC0A495EAA%40AdobeOrg = 1585540135%7CMCIDTS%7C20185%7CMCMID%7C58508244819279150892177621929380533799%7CMCAAMLH-1744552412%7C11%7CMCAAMB-1744552412%7C6G1ynYcLPuiQxYZrsz_pkqfLG9yMXBpb2zX5dvJdYQJzPXImdj0y%7CMCCIDH%7C1062709688%7CMCOPTOUT-1743954812s%7CNONE%7CMCSYNCSOP%7C411-20192%7CvVersion%7C4.4.0
*********Cookie: at_check = true
*********Cookie: _fbp = fb.2.1743947612735.489415921334136494
*********Cookie: __lt__cid = e0a6ba02-43b6-44db-97d5-cd16afd4a7ab
*********Cookie: dv0qai26lg6v2y6kl7yyc36brextdf8yp2j4rbst = cnw0qpwlqs7
*********Cookie: dv0qai26lg6v2y6kl7yyc36brextd16xqudgg1qfj = 49ypi0nr0vh
*********Cookie: __lt__sid = b0436da4-7dcac6f3
*********Cookie: cathaybk_new = 4bb3a3d8d4f078cfaa7badb04abb60df7ed08c3d037be7593e9c32d57ce56d7fc2c8d446
*********Cookie: dv0qai26lg6v2y6kl7yyc36brextdiy9g9inili = psusynrjix
*********Cookie: __mguid_ = 29c41f1986e34db0adcf7fa1c9b8e702
*********Cookie: dv0qai26lg6v2y6kl7yyc36brextd9ar6o33m9dp = 6gmmlvf5yp
*********Cookie: FingerprintCookie = a83734ca5c2401a34f4ad325dff7c9ff
*********Cookie: usy46gabsosd = cubcsa_17439476117890.e0236ef7bdc55d653a90decb0cff987b_8266
*********Cookie: _ga = GA1.1.342858086.1743947612
*********Cookie: _gcl_au = 1.1.775399572.1743947612
*********Cookie: AMCVS_B877A5DB584931AC0A495EAA%40AdobeOrg = 1
21:53:37.139 [Forwarding getCurrentUrl on session e18b0b49-4639-4984-a396-584aa00ea5e8 to remote] DEBUG org.asynchttpclient.netty.request.NettyRequestSender -- Using pooled Channel '[id: 0xd850032e, L:/127.0.0.1:49363 - R:/127.0.0.1:4723]' for 'GET' to 'http://127.0.0.1:4723/session/e18b0b49-4639-4984-a396-584aa00ea5e8/url'
21:53:37.139 [Forwarding getCurrentUrl on session e18b0b49-4639-4984-a396-584aa00ea5e8 to remote] DEBUG org.asynchttpclient.netty.request.NettyRequestSender -- Using open Channel [id: 0xd850032e, L:/127.0.0.1:49363 - R:/127.0.0.1:4723] for GET '/session/e18b0b49-4639-4984-a396-584aa00ea5e8/url'
21:53:37.166 [AsyncHttpClient-1-2] DEBUG org.asynchttpclient.netty.handler.HttpHandler -- 

Request DefaultFullHttpRequest(decodeResult: success, version: HTTP/1.1, content: EmptyByteBufBE)
GET /session/e18b0b49-4639-4984-a396-584aa00ea5e8/url HTTP/1.1
Cache-Control: no-cache
User-Agent: appium/8.3.0 (selenium/4.8.3 (java mac))
Content-Type: application/json; charset=utf-8
host: 127.0.0.1:4723
accept: */*

Response DefaultHttpResponse(decodeResult: success, version: HTTP/1.1)
HTTP/1.1 200 OK
X-Powered-By: Express
Content-Type: application/json; charset=utf-8
Content-Length: 90
ETag: W/"5a-SVzTdoqQsw2ztnbhgzn9TDJ+oVM"
Date: Sun, 06 Apr 2025 13:53:37 GMT
Connection: keep-alive
Keep-Alive: timeout=600

21:53:37.167 [AsyncHttpClient-1-2] DEBUG org.asynchttpclient.netty.channel.ChannelManager -- Adding key: http://127.0.0.1:4723 for channel [id: 0xd850032e, L:/127.0.0.1:49363 - R:/127.0.0.1:4723]
21:53:37.167 [main] INFO com.cathay.test.tests.MortgageCalculatorTest -- 已開啟房貸試算頁面: https://www.cathaybk.com.tw/cathaybk/personal/loan/calculator/mortgage-budget/
21:53:37.168 [Forwarding findElement on session e18b0b49-4639-4984-a396-584aa00ea5e8 to remote] DEBUG org.asynchttpclient.netty.request.NettyRequestSender -- Using pooled Channel '[id: 0xd850032e, L:/127.0.0.1:49363 - R:/127.0.0.1:4723]' for 'POST' to 'http://127.0.0.1:4723/session/e18b0b49-4639-4984-a396-584aa00ea5e8/element'
21:53:37.168 [Forwarding findElement on session e18b0b49-4639-4984-a396-584aa00ea5e8 to remote] DEBUG org.asynchttpclient.netty.request.NettyRequestSender -- Using open Channel [id: 0xd850032e, L:/127.0.0.1:49363 - R:/127.0.0.1:4723] for POST '/session/e18b0b49-4639-4984-a396-584aa00ea5e8/element'
21:53:37.206 [AsyncHttpClient-1-2] DEBUG org.asynchttpclient.netty.handler.HttpHandler -- 

Request DefaultHttpRequest(decodeResult: success, version: HTTP/1.1)
POST /session/e18b0b49-4639-4984-a396-584aa00ea5e8/element HTTP/1.1
User-Agent: appium/8.3.0 (selenium/4.8.3 (java mac))
Content-Length: 64
Content-Type: application/json; charset=utf-8
host: 127.0.0.1:4723
accept: */*

Response DefaultHttpResponse(decodeResult: success, version: HTTP/1.1)
HTTP/1.1 200 OK
X-Powered-By: Express
Vary: X-HTTP-Method-Override
Content-Type: application/json; charset=utf-8
Content-Length: 215
ETag: W/"d7-fA45FJ9c2N1adz+OmzEA45jQE/E"
Date: Sun, 06 Apr 2025 13:53:37 GMT
Connection: keep-alive
Keep-Alive: timeout=600

21:53:37.207 [AsyncHttpClient-1-2] DEBUG org.asynchttpclient.netty.channel.ChannelManager -- Adding key: http://127.0.0.1:4723 for channel [id: 0xd850032e, L:/127.0.0.1:49363 - R:/127.0.0.1:4723]
21:53:37.208 [Forwarding executeScript on session e18b0b49-4639-4984-a396-584aa00ea5e8 to remote] DEBUG org.asynchttpclient.netty.request.NettyRequestSender -- Using pooled Channel '[id: 0xd850032e, L:/127.0.0.1:49363 - R:/127.0.0.1:4723]' for 'POST' to 'http://127.0.0.1:4723/session/e18b0b49-4639-4984-a396-584aa00ea5e8/execute/sync'
21:53:37.208 [Forwarding executeScript on session e18b0b49-4639-4984-a396-584aa00ea5e8 to remote] DEBUG org.asynchttpclient.netty.request.NettyRequestSender -- Using open Channel [id: 0xd850032e, L:/127.0.0.1:49363 - R:/127.0.0.1:4723] for POST '/session/e18b0b49-4639-4984-a396-584aa00ea5e8/execute/sync'
21:53:37.258 [AsyncHttpClient-1-2] DEBUG org.asynchttpclient.netty.handler.HttpHandler -- 

Request DefaultHttpRequest(decodeResult: success, version: HTTP/1.1)
POST /session/e18b0b49-4639-4984-a396-584aa00ea5e8/execute/sync HTTP/1.1
User-Agent: appium/8.3.0 (selenium/4.8.3 (java mac))
Content-Length: 347
Content-Type: application/json; charset=utf-8
host: 127.0.0.1:4723
accept: */*

Response DefaultHttpResponse(decodeResult: success, version: HTTP/1.1)
HTTP/1.1 200 OK
X-Powered-By: Express
Vary: X-HTTP-Method-Override
Content-Type: application/json; charset=utf-8
Content-Length: 14
ETag: W/"e-9/1BuKMgFObM1mWJm+YjxtXJnUM"
Date: Sun, 06 Apr 2025 13:53:37 GMT
Connection: keep-alive
Keep-Alive: timeout=600

21:53:37.258 [AsyncHttpClient-1-2] DEBUG org.asynchttpclient.netty.channel.ChannelManager -- Adding key: http://127.0.0.1:4723 for channel [id: 0xd850032e, L:/127.0.0.1:49363 - R:/127.0.0.1:4723]
21:53:37.259 [Forwarding findElement on session e18b0b49-4639-4984-a396-584aa00ea5e8 to remote] DEBUG org.asynchttpclient.netty.request.NettyRequestSender -- Using pooled Channel '[id: 0xd850032e, L:/127.0.0.1:49363 - R:/127.0.0.1:4723]' for 'POST' to 'http://127.0.0.1:4723/session/e18b0b49-4639-4984-a396-584aa00ea5e8/element'
21:53:37.259 [Forwarding findElement on session e18b0b49-4639-4984-a396-584aa00ea5e8 to remote] DEBUG org.asynchttpclient.netty.request.NettyRequestSender -- Using open Channel [id: 0xd850032e, L:/127.0.0.1:49363 - R:/127.0.0.1:4723] for POST '/session/e18b0b49-4639-4984-a396-584aa00ea5e8/element'
21:53:37.296 [AsyncHttpClient-1-2] DEBUG org.asynchttpclient.netty.handler.HttpHandler -- 

Request DefaultHttpRequest(decodeResult: success, version: HTTP/1.1)
POST /session/e18b0b49-4639-4984-a396-584aa00ea5e8/element HTTP/1.1
User-Agent: appium/8.3.0 (selenium/4.8.3 (java mac))
Content-Length: 64
Content-Type: application/json; charset=utf-8
host: 127.0.0.1:4723
accept: */*

Response DefaultHttpResponse(decodeResult: success, version: HTTP/1.1)
HTTP/1.1 200 OK
X-Powered-By: Express
Vary: X-HTTP-Method-Override
Content-Type: application/json; charset=utf-8
Content-Length: 215
ETag: W/"d7-85clAOhR4XrToACkiiicedSKq3A"
Date: Sun, 06 Apr 2025 13:53:37 GMT
Connection: keep-alive
Keep-Alive: timeout=600

21:53:37.296 [AsyncHttpClient-1-2] DEBUG org.asynchttpclient.netty.channel.ChannelManager -- Adding key: http://127.0.0.1:4723 for channel [id: 0xd850032e, L:/127.0.0.1:49363 - R:/127.0.0.1:4723]
21:53:37.299 [Forwarding executeScript on session e18b0b49-4639-4984-a396-584aa00ea5e8 to remote] DEBUG org.asynchttpclient.netty.request.NettyRequestSender -- Using pooled Channel '[id: 0xd850032e, L:/127.0.0.1:49363 - R:/127.0.0.1:4723]' for 'POST' to 'http://127.0.0.1:4723/session/e18b0b49-4639-4984-a396-584aa00ea5e8/execute/sync'
21:53:37.299 [Forwarding executeScript on session e18b0b49-4639-4984-a396-584aa00ea5e8 to remote] DEBUG org.asynchttpclient.netty.request.NettyRequestSender -- Using open Channel [id: 0xd850032e, L:/127.0.0.1:49363 - R:/127.0.0.1:4723] for POST '/session/e18b0b49-4639-4984-a396-584aa00ea5e8/execute/sync'
21:53:37.339 [AsyncHttpClient-1-2] DEBUG org.asynchttpclient.netty.handler.HttpHandler -- 

Request DefaultHttpRequest(decodeResult: success, version: HTTP/1.1)
POST /session/e18b0b49-4639-4984-a396-584aa00ea5e8/execute/sync HTTP/1.1
User-Agent: appium/8.3.0 (selenium/4.8.3 (java mac))
Content-Length: 347
Content-Type: application/json; charset=utf-8
host: 127.0.0.1:4723
accept: */*

Response DefaultHttpResponse(decodeResult: success, version: HTTP/1.1)
HTTP/1.1 200 OK
X-Powered-By: Express
Vary: X-HTTP-Method-Override
Content-Type: application/json; charset=utf-8
Content-Length: 14
ETag: W/"e-9/1BuKMgFObM1mWJm+YjxtXJnUM"
Date: Sun, 06 Apr 2025 13:53:37 GMT
Connection: keep-alive
Keep-Alive: timeout=600

21:53:37.339 [AsyncHttpClient-1-2] DEBUG org.asynchttpclient.netty.channel.ChannelManager -- Adding key: http://127.0.0.1:4723 for channel [id: 0xd850032e, L:/127.0.0.1:49363 - R:/127.0.0.1:4723]
21:53:37.340 [Forwarding findElement on session e18b0b49-4639-4984-a396-584aa00ea5e8 to remote] DEBUG org.asynchttpclient.netty.request.NettyRequestSender -- Using pooled Channel '[id: 0xd850032e, L:/127.0.0.1:49363 - R:/127.0.0.1:4723]' for 'POST' to 'http://127.0.0.1:4723/session/e18b0b49-4639-4984-a396-584aa00ea5e8/element'
21:53:37.340 [Forwarding findElement on session e18b0b49-4639-4984-a396-584aa00ea5e8 to remote] DEBUG org.asynchttpclient.netty.request.NettyRequestSender -- Using open Channel [id: 0xd850032e, L:/127.0.0.1:49363 - R:/127.0.0.1:4723] for POST '/session/e18b0b49-4639-4984-a396-584aa00ea5e8/element'
21:53:37.378 [AsyncHttpClient-1-2] DEBUG org.asynchttpclient.netty.handler.HttpHandler -- 

Request DefaultHttpRequest(decodeResult: success, version: HTTP/1.1)
POST /session/e18b0b49-4639-4984-a396-584aa00ea5e8/element HTTP/1.1
User-Agent: appium/8.3.0 (selenium/4.8.3 (java mac))
Content-Length: 65
Content-Type: application/json; charset=utf-8
host: 127.0.0.1:4723
accept: */*

Response DefaultHttpResponse(decodeResult: success, version: HTTP/1.1)
HTTP/1.1 200 OK
X-Powered-By: Express
Vary: X-HTTP-Method-Override
Content-Type: application/json; charset=utf-8
Content-Length: 215
ETag: W/"d7-yxb9Uwe1/k4NzW98pc2GMY0rMZ0"
Date: Sun, 06 Apr 2025 13:53:37 GMT
Connection: keep-alive
Keep-Alive: timeout=600

21:53:37.378 [AsyncHttpClient-1-2] DEBUG org.asynchttpclient.netty.channel.ChannelManager -- Adding key: http://127.0.0.1:4723 for channel [id: 0xd850032e, L:/127.0.0.1:49363 - R:/127.0.0.1:4723]
21:53:37.379 [Forwarding clearElement on session e18b0b49-4639-4984-a396-584aa00ea5e8 to remote] DEBUG org.asynchttpclient.netty.request.NettyRequestSender -- Using pooled Channel '[id: 0xd850032e, L:/127.0.0.1:49363 - R:/127.0.0.1:4723]' for 'POST' to 'http://127.0.0.1:4723/session/e18b0b49-4639-4984-a396-584aa00ea5e8/element/f.E9FAB6B662978DAD6B40EC34A5F125AA.d.89F1A5F23B4F38E80CCC826B91048FDC.e.381/clear'
21:53:37.379 [Forwarding clearElement on session e18b0b49-4639-4984-a396-584aa00ea5e8 to remote] DEBUG org.asynchttpclient.netty.request.NettyRequestSender -- Using open Channel [id: 0xd850032e, L:/127.0.0.1:49363 - R:/127.0.0.1:4723] for POST '/session/e18b0b49-4639-4984-a396-584aa00ea5e8/element/f.E9FAB6B662978DAD6B40EC34A5F125AA.d.89F1A5F23B4F38E80CCC826B91048FDC.e.381/clear'
21:53:37.610 [AsyncHttpClient-1-2] DEBUG org.asynchttpclient.netty.handler.HttpHandler -- 

Request DefaultHttpRequest(decodeResult: success, version: HTTP/1.1)
POST /session/e18b0b49-4639-4984-a396-584aa00ea5e8/element/f.E9FAB6B662978DAD6B40EC34A5F125AA.d.89F1A5F23B4F38E80CCC826B91048FDC.e.381/clear HTTP/1.1
User-Agent: appium/8.3.0 (selenium/4.8.3 (java mac))
Content-Length: 89
Content-Type: application/json; charset=utf-8
host: 127.0.0.1:4723
accept: */*

Response DefaultHttpResponse(decodeResult: success, version: HTTP/1.1)
HTTP/1.1 200 OK
X-Powered-By: Express
Vary: X-HTTP-Method-Override
Content-Type: application/json; charset=utf-8
Content-Length: 14
ETag: W/"e-9/1BuKMgFObM1mWJm+YjxtXJnUM"
Date: Sun, 06 Apr 2025 13:53:37 GMT
Connection: keep-alive
Keep-Alive: timeout=600

21:53:37.610 [AsyncHttpClient-1-2] DEBUG org.asynchttpclient.netty.channel.ChannelManager -- Adding key: http://127.0.0.1:4723 for channel [id: 0xd850032e, L:/127.0.0.1:49363 - R:/127.0.0.1:4723]
21:53:37.612 [Forwarding sendKeysToElement on session e18b0b49-4639-4984-a396-584aa00ea5e8 to remote] DEBUG org.asynchttpclient.netty.request.NettyRequestSender -- Using pooled Channel '[id: 0xd850032e, L:/127.0.0.1:49363 - R:/127.0.0.1:4723]' for 'POST' to 'http://127.0.0.1:4723/session/e18b0b49-4639-4984-a396-584aa00ea5e8/element/f.E9FAB6B662978DAD6B40EC34A5F125AA.d.89F1A5F23B4F38E80CCC826B91048FDC.e.381/value'
21:53:37.612 [Forwarding sendKeysToElement on session e18b0b49-4639-4984-a396-584aa00ea5e8 to remote] DEBUG org.asynchttpclient.netty.request.NettyRequestSender -- Using open Channel [id: 0xd850032e, L:/127.0.0.1:49363 - R:/127.0.0.1:4723] for POST '/session/e18b0b49-4639-4984-a396-584aa00ea5e8/element/f.E9FAB6B662978DAD6B40EC34A5F125AA.d.89F1A5F23B4F38E80CCC826B91048FDC.e.381/value'
21:53:37.807 [AsyncHttpClient-1-2] DEBUG org.asynchttpclient.netty.handler.HttpHandler -- 

Request DefaultHttpRequest(decodeResult: success, version: HTTP/1.1)
POST /session/e18b0b49-4639-4984-a396-584aa00ea5e8/element/f.E9FAB6B662978DAD6B40EC34A5F125AA.d.89F1A5F23B4F38E80CCC826B91048FDC.e.381/value HTTP/1.1
User-Agent: appium/8.3.0 (selenium/4.8.3 (java mac))
Content-Length: 130
Content-Type: application/json; charset=utf-8
host: 127.0.0.1:4723
accept: */*

Response DefaultHttpResponse(decodeResult: success, version: HTTP/1.1)
HTTP/1.1 200 OK
X-Powered-By: Express
Vary: X-HTTP-Method-Override
Content-Type: application/json; charset=utf-8
Content-Length: 14
ETag: W/"e-9/1BuKMgFObM1mWJm+YjxtXJnUM"
Date: Sun, 06 Apr 2025 13:53:37 GMT
Connection: keep-alive
Keep-Alive: timeout=600

21:53:37.807 [AsyncHttpClient-1-2] DEBUG org.asynchttpclient.netty.channel.ChannelManager -- Adding key: http://127.0.0.1:4723 for channel [id: 0xd850032e, L:/127.0.0.1:49363 - R:/127.0.0.1:4723]
21:53:37.809 [Forwarding findElement on session e18b0b49-4639-4984-a396-584aa00ea5e8 to remote] DEBUG org.asynchttpclient.netty.request.NettyRequestSender -- Using pooled Channel '[id: 0xd850032e, L:/127.0.0.1:49363 - R:/127.0.0.1:4723]' for 'POST' to 'http://127.0.0.1:4723/session/e18b0b49-4639-4984-a396-584aa00ea5e8/element'
21:53:37.809 [Forwarding findElement on session e18b0b49-4639-4984-a396-584aa00ea5e8 to remote] DEBUG org.asynchttpclient.netty.request.NettyRequestSender -- Using open Channel [id: 0xd850032e, L:/127.0.0.1:49363 - R:/127.0.0.1:4723] for POST '/session/e18b0b49-4639-4984-a396-584aa00ea5e8/element'
21:53:37.831 [AsyncHttpClient-1-2] DEBUG org.asynchttpclient.netty.handler.HttpHandler -- 

Request DefaultHttpRequest(decodeResult: success, version: HTTP/1.1)
POST /session/e18b0b49-4639-4984-a396-584aa00ea5e8/element HTTP/1.1
User-Agent: appium/8.3.0 (selenium/4.8.3 (java mac))
Content-Length: 73
Content-Type: application/json; charset=utf-8
host: 127.0.0.1:4723
accept: */*

Response DefaultHttpResponse(decodeResult: success, version: HTTP/1.1)
HTTP/1.1 200 OK
X-Powered-By: Express
Vary: X-HTTP-Method-Override
Content-Type: application/json; charset=utf-8
Content-Length: 215
ETag: W/"d7-TCjwwuUYmNsGvwd2oHgg8OPQEdY"
Date: Sun, 06 Apr 2025 13:53:37 GMT
Connection: keep-alive
Keep-Alive: timeout=600

21:53:37.831 [AsyncHttpClient-1-2] DEBUG org.asynchttpclient.netty.channel.ChannelManager -- Adding key: http://127.0.0.1:4723 for channel [id: 0xd850032e, L:/127.0.0.1:49363 - R:/127.0.0.1:4723]
21:53:37.832 [Forwarding isElementDisplayed on session e18b0b49-4639-4984-a396-584aa00ea5e8 to remote] DEBUG org.asynchttpclient.netty.request.NettyRequestSender -- Using pooled Channel '[id: 0xd850032e, L:/127.0.0.1:49363 - R:/127.0.0.1:4723]' for 'GET' to 'http://127.0.0.1:4723/session/e18b0b49-4639-4984-a396-584aa00ea5e8/element/f.E9FAB6B662978DAD6B40EC34A5F125AA.d.89F1A5F23B4F38E80CCC826B91048FDC.e.408/displayed'
21:53:37.832 [Forwarding isElementDisplayed on session e18b0b49-4639-4984-a396-584aa00ea5e8 to remote] DEBUG org.asynchttpclient.netty.request.NettyRequestSender -- Using open Channel [id: 0xd850032e, L:/127.0.0.1:49363 - R:/127.0.0.1:4723] for GET '/session/e18b0b49-4639-4984-a396-584aa00ea5e8/element/f.E9FAB6B662978DAD6B40EC34A5F125AA.d.89F1A5F23B4F38E80CCC826B91048FDC.e.408/displayed'
21:53:37.856 [AsyncHttpClient-1-2] DEBUG org.asynchttpclient.netty.handler.HttpHandler -- 

Request DefaultFullHttpRequest(decodeResult: success, version: HTTP/1.1, content: EmptyByteBufBE)
GET /session/e18b0b49-4639-4984-a396-584aa00ea5e8/element/f.E9FAB6B662978DAD6B40EC34A5F125AA.d.89F1A5F23B4F38E80CCC826B91048FDC.e.408/displayed HTTP/1.1
Cache-Control: no-cache
User-Agent: appium/8.3.0 (selenium/4.8.3 (java mac))
Content-Type: application/json; charset=utf-8
host: 127.0.0.1:4723
accept: */*

Response DefaultHttpResponse(decodeResult: success, version: HTTP/1.1)
HTTP/1.1 200 OK
X-Powered-By: Express
Content-Type: application/json; charset=utf-8
Content-Length: 14
ETag: W/"e-2ZHvAWebNQpyjGZTg6uyV8/spTo"
Date: Sun, 06 Apr 2025 13:53:37 GMT
Connection: keep-alive
Keep-Alive: timeout=600

21:53:37.856 [AsyncHttpClient-1-2] DEBUG org.asynchttpclient.netty.channel.ChannelManager -- Adding key: http://127.0.0.1:4723 for channel [id: 0xd850032e, L:/127.0.0.1:49363 - R:/127.0.0.1:4723]
21:53:37.857 [Forwarding isElementEnabled on session e18b0b49-4639-4984-a396-584aa00ea5e8 to remote] DEBUG org.asynchttpclient.netty.request.NettyRequestSender -- Using pooled Channel '[id: 0xd850032e, L:/127.0.0.1:49363 - R:/127.0.0.1:4723]' for 'GET' to 'http://127.0.0.1:4723/session/e18b0b49-4639-4984-a396-584aa00ea5e8/element/f.E9FAB6B662978DAD6B40EC34A5F125AA.d.89F1A5F23B4F38E80CCC826B91048FDC.e.408/enabled'
21:53:37.857 [Forwarding isElementEnabled on session e18b0b49-4639-4984-a396-584aa00ea5e8 to remote] DEBUG org.asynchttpclient.netty.request.NettyRequestSender -- Using open Channel [id: 0xd850032e, L:/127.0.0.1:49363 - R:/127.0.0.1:4723] for GET '/session/e18b0b49-4639-4984-a396-584aa00ea5e8/element/f.E9FAB6B662978DAD6B40EC34A5F125AA.d.89F1A5F23B4F38E80CCC826B91048FDC.e.408/enabled'
21:53:37.877 [AsyncHttpClient-1-2] DEBUG org.asynchttpclient.netty.handler.HttpHandler -- 

Request DefaultFullHttpRequest(decodeResult: success, version: HTTP/1.1, content: EmptyByteBufBE)
GET /session/e18b0b49-4639-4984-a396-584aa00ea5e8/element/f.E9FAB6B662978DAD6B40EC34A5F125AA.d.89F1A5F23B4F38E80CCC826B91048FDC.e.408/enabled HTTP/1.1
Cache-Control: no-cache
User-Agent: appium/8.3.0 (selenium/4.8.3 (java mac))
Content-Type: application/json; charset=utf-8
host: 127.0.0.1:4723
accept: */*

Response DefaultHttpResponse(decodeResult: success, version: HTTP/1.1)
HTTP/1.1 200 OK
X-Powered-By: Express
Content-Type: application/json; charset=utf-8
Content-Length: 14
ETag: W/"e-2ZHvAWebNQpyjGZTg6uyV8/spTo"
Date: Sun, 06 Apr 2025 13:53:37 GMT
Connection: keep-alive
Keep-Alive: timeout=600

21:53:37.877 [AsyncHttpClient-1-2] DEBUG org.asynchttpclient.netty.channel.ChannelManager -- Adding key: http://127.0.0.1:4723 for channel [id: 0xd850032e, L:/127.0.0.1:49363 - R:/127.0.0.1:4723]
21:53:37.878 [Forwarding isElementDisplayed on session e18b0b49-4639-4984-a396-584aa00ea5e8 to remote] DEBUG org.asynchttpclient.netty.request.NettyRequestSender -- Using pooled Channel '[id: 0xd850032e, L:/127.0.0.1:49363 - R:/127.0.0.1:4723]' for 'GET' to 'http://127.0.0.1:4723/session/e18b0b49-4639-4984-a396-584aa00ea5e8/element/f.E9FAB6B662978DAD6B40EC34A5F125AA.d.89F1A5F23B4F38E80CCC826B91048FDC.e.408/displayed'
21:53:37.878 [Forwarding isElementDisplayed on session e18b0b49-4639-4984-a396-584aa00ea5e8 to remote] DEBUG org.asynchttpclient.netty.request.NettyRequestSender -- Using open Channel [id: 0xd850032e, L:/127.0.0.1:49363 - R:/127.0.0.1:4723] for GET '/session/e18b0b49-4639-4984-a396-584aa00ea5e8/element/f.E9FAB6B662978DAD6B40EC34A5F125AA.d.89F1A5F23B4F38E80CCC826B91048FDC.e.408/displayed'
21:53:37.897 [AsyncHttpClient-1-2] DEBUG org.asynchttpclient.netty.handler.HttpHandler -- 

Request DefaultFullHttpRequest(decodeResult: success, version: HTTP/1.1, content: EmptyByteBufBE)
GET /session/e18b0b49-4639-4984-a396-584aa00ea5e8/element/f.E9FAB6B662978DAD6B40EC34A5F125AA.d.89F1A5F23B4F38E80CCC826B91048FDC.e.408/displayed HTTP/1.1
Cache-Control: no-cache
User-Agent: appium/8.3.0 (selenium/4.8.3 (java mac))
Content-Type: application/json; charset=utf-8
host: 127.0.0.1:4723
accept: */*

Response DefaultHttpResponse(decodeResult: success, version: HTTP/1.1)
HTTP/1.1 200 OK
X-Powered-By: Express
Content-Type: application/json; charset=utf-8
Content-Length: 14
ETag: W/"e-2ZHvAWebNQpyjGZTg6uyV8/spTo"
Date: Sun, 06 Apr 2025 13:53:37 GMT
Connection: keep-alive
Keep-Alive: timeout=600

21:53:37.898 [AsyncHttpClient-1-2] DEBUG org.asynchttpclient.netty.channel.ChannelManager -- Adding key: http://127.0.0.1:4723 for channel [id: 0xd850032e, L:/127.0.0.1:49363 - R:/127.0.0.1:4723]
貸款年限「label[for='rdoLoanTermOther']」選項有出現！
21:53:37.900 [Forwarding executeScript on session e18b0b49-4639-4984-a396-584aa00ea5e8 to remote] DEBUG org.asynchttpclient.netty.request.NettyRequestSender -- Using pooled Channel '[id: 0xd850032e, L:/127.0.0.1:49363 - R:/127.0.0.1:4723]' for 'POST' to 'http://127.0.0.1:4723/session/e18b0b49-4639-4984-a396-584aa00ea5e8/execute/sync'
21:53:37.900 [Forwarding executeScript on session e18b0b49-4639-4984-a396-584aa00ea5e8 to remote] DEBUG org.asynchttpclient.netty.request.NettyRequestSender -- Using open Channel [id: 0xd850032e, L:/127.0.0.1:49363 - R:/127.0.0.1:4723] for POST '/session/e18b0b49-4639-4984-a396-584aa00ea5e8/execute/sync'
21:53:37.955 [AsyncHttpClient-1-2] DEBUG org.asynchttpclient.netty.handler.HttpHandler -- 

Request DefaultHttpRequest(decodeResult: success, version: HTTP/1.1)
POST /session/e18b0b49-4639-4984-a396-584aa00ea5e8/execute/sync HTTP/1.1
User-Agent: appium/8.3.0 (selenium/4.8.3 (java mac))
Content-Length: 300
Content-Type: application/json; charset=utf-8
host: 127.0.0.1:4723
accept: */*

Response DefaultHttpResponse(decodeResult: success, version: HTTP/1.1)
HTTP/1.1 200 OK
X-Powered-By: Express
Vary: X-HTTP-Method-Override
Content-Type: application/json; charset=utf-8
Content-Length: 14
ETag: W/"e-9/1BuKMgFObM1mWJm+YjxtXJnUM"
Date: Sun, 06 Apr 2025 13:53:37 GMT
Connection: keep-alive
Keep-Alive: timeout=600

21:53:37.955 [AsyncHttpClient-1-2] DEBUG org.asynchttpclient.netty.channel.ChannelManager -- Adding key: http://127.0.0.1:4723 for channel [id: 0xd850032e, L:/127.0.0.1:49363 - R:/127.0.0.1:4723]
21:53:37.956 [Forwarding executeScript on session e18b0b49-4639-4984-a396-584aa00ea5e8 to remote] DEBUG org.asynchttpclient.netty.request.NettyRequestSender -- Using pooled Channel '[id: 0xd850032e, L:/127.0.0.1:49363 - R:/127.0.0.1:4723]' for 'POST' to 'http://127.0.0.1:4723/session/e18b0b49-4639-4984-a396-584aa00ea5e8/execute/sync'
21:53:37.956 [Forwarding executeScript on session e18b0b49-4639-4984-a396-584aa00ea5e8 to remote] DEBUG org.asynchttpclient.netty.request.NettyRequestSender -- Using open Channel [id: 0xd850032e, L:/127.0.0.1:49363 - R:/127.0.0.1:4723] for POST '/session/e18b0b49-4639-4984-a396-584aa00ea5e8/execute/sync'
21:53:38.107 [AsyncHttpClient-1-2] DEBUG org.asynchttpclient.netty.handler.HttpHandler -- 

Request DefaultHttpRequest(decodeResult: success, version: HTTP/1.1)
POST /session/e18b0b49-4639-4984-a396-584aa00ea5e8/execute/sync HTTP/1.1
User-Agent: appium/8.3.0 (selenium/4.8.3 (java mac))
Content-Length: 287
Content-Type: application/json; charset=utf-8
host: 127.0.0.1:4723
accept: */*

Response DefaultHttpResponse(decodeResult: success, version: HTTP/1.1)
HTTP/1.1 200 OK
X-Powered-By: Express
Vary: X-HTTP-Method-Override
Content-Type: application/json; charset=utf-8
Content-Length: 14
ETag: W/"e-9/1BuKMgFObM1mWJm+YjxtXJnUM"
Date: Sun, 06 Apr 2025 13:53:38 GMT
Connection: keep-alive
Keep-Alive: timeout=600

21:53:38.108 [AsyncHttpClient-1-2] DEBUG org.asynchttpclient.netty.channel.ChannelManager -- Adding key: http://127.0.0.1:4723 for channel [id: 0xd850032e, L:/127.0.0.1:49363 - R:/127.0.0.1:4723]
21:53:38.109 [Forwarding findElement on session e18b0b49-4639-4984-a396-584aa00ea5e8 to remote] DEBUG org.asynchttpclient.netty.request.NettyRequestSender -- Using pooled Channel '[id: 0xd850032e, L:/127.0.0.1:49363 - R:/127.0.0.1:4723]' for 'POST' to 'http://127.0.0.1:4723/session/e18b0b49-4639-4984-a396-584aa00ea5e8/element'
21:53:38.109 [Forwarding findElement on session e18b0b49-4639-4984-a396-584aa00ea5e8 to remote] DEBUG org.asynchttpclient.netty.request.NettyRequestSender -- Using open Channel [id: 0xd850032e, L:/127.0.0.1:49363 - R:/127.0.0.1:4723] for POST '/session/e18b0b49-4639-4984-a396-584aa00ea5e8/element'
21:53:38.141 [AsyncHttpClient-1-2] DEBUG org.asynchttpclient.netty.handler.HttpHandler -- 

Request DefaultHttpRequest(decodeResult: success, version: HTTP/1.1)
POST /session/e18b0b49-4639-4984-a396-584aa00ea5e8/element HTTP/1.1
User-Agent: appium/8.3.0 (selenium/4.8.3 (java mac))
Content-Length: 60
Content-Type: application/json; charset=utf-8
host: 127.0.0.1:4723
accept: */*

Response DefaultHttpResponse(decodeResult: success, version: HTTP/1.1)
HTTP/1.1 200 OK
X-Powered-By: Express
Vary: X-HTTP-Method-Override
Content-Type: application/json; charset=utf-8
Content-Length: 215
ETag: W/"d7-+2bYuI1S/4b5Wmd4oiD7alhMjJI"
Date: Sun, 06 Apr 2025 13:53:38 GMT
Connection: keep-alive
Keep-Alive: timeout=600

21:53:38.142 [AsyncHttpClient-1-2] DEBUG org.asynchttpclient.netty.channel.ChannelManager -- Adding key: http://127.0.0.1:4723 for channel [id: 0xd850032e, L:/127.0.0.1:49363 - R:/127.0.0.1:4723]
21:53:38.143 [Forwarding isElementDisplayed on session e18b0b49-4639-4984-a396-584aa00ea5e8 to remote] DEBUG org.asynchttpclient.netty.request.NettyRequestSender -- Using pooled Channel '[id: 0xd850032e, L:/127.0.0.1:49363 - R:/127.0.0.1:4723]' for 'GET' to 'http://127.0.0.1:4723/session/e18b0b49-4639-4984-a396-584aa00ea5e8/element/f.E9FAB6B662978DAD6B40EC34A5F125AA.d.89F1A5F23B4F38E80CCC826B91048FDC.e.386/displayed'
21:53:38.143 [Forwarding isElementDisplayed on session e18b0b49-4639-4984-a396-584aa00ea5e8 to remote] DEBUG org.asynchttpclient.netty.request.NettyRequestSender -- Using open Channel [id: 0xd850032e, L:/127.0.0.1:49363 - R:/127.0.0.1:4723] for GET '/session/e18b0b49-4639-4984-a396-584aa00ea5e8/element/f.E9FAB6B662978DAD6B40EC34A5F125AA.d.89F1A5F23B4F38E80CCC826B91048FDC.e.386/displayed'
21:53:38.170 [AsyncHttpClient-1-2] DEBUG org.asynchttpclient.netty.handler.HttpHandler -- 

Request DefaultFullHttpRequest(decodeResult: success, version: HTTP/1.1, content: EmptyByteBufBE)
GET /session/e18b0b49-4639-4984-a396-584aa00ea5e8/element/f.E9FAB6B662978DAD6B40EC34A5F125AA.d.89F1A5F23B4F38E80CCC826B91048FDC.e.386/displayed HTTP/1.1
Cache-Control: no-cache
User-Agent: appium/8.3.0 (selenium/4.8.3 (java mac))
Content-Type: application/json; charset=utf-8
host: 127.0.0.1:4723
accept: */*

Response DefaultHttpResponse(decodeResult: success, version: HTTP/1.1)
HTTP/1.1 200 OK
X-Powered-By: Express
Content-Type: application/json; charset=utf-8
Content-Length: 14
ETag: W/"e-2ZHvAWebNQpyjGZTg6uyV8/spTo"
Date: Sun, 06 Apr 2025 13:53:38 GMT
Connection: keep-alive
Keep-Alive: timeout=600

21:53:38.170 [AsyncHttpClient-1-2] DEBUG org.asynchttpclient.netty.channel.ChannelManager -- Adding key: http://127.0.0.1:4723 for channel [id: 0xd850032e, L:/127.0.0.1:49363 - R:/127.0.0.1:4723]
21:53:38.171 [Forwarding isElementEnabled on session e18b0b49-4639-4984-a396-584aa00ea5e8 to remote] DEBUG org.asynchttpclient.netty.request.NettyRequestSender -- Using pooled Channel '[id: 0xd850032e, L:/127.0.0.1:49363 - R:/127.0.0.1:4723]' for 'GET' to 'http://127.0.0.1:4723/session/e18b0b49-4639-4984-a396-584aa00ea5e8/element/f.E9FAB6B662978DAD6B40EC34A5F125AA.d.89F1A5F23B4F38E80CCC826B91048FDC.e.386/enabled'
21:53:38.171 [Forwarding isElementEnabled on session e18b0b49-4639-4984-a396-584aa00ea5e8 to remote] DEBUG org.asynchttpclient.netty.request.NettyRequestSender -- Using open Channel [id: 0xd850032e, L:/127.0.0.1:49363 - R:/127.0.0.1:4723] for GET '/session/e18b0b49-4639-4984-a396-584aa00ea5e8/element/f.E9FAB6B662978DAD6B40EC34A5F125AA.d.89F1A5F23B4F38E80CCC826B91048FDC.e.386/enabled'
21:53:38.200 [AsyncHttpClient-1-2] DEBUG org.asynchttpclient.netty.handler.HttpHandler -- 

Request DefaultFullHttpRequest(decodeResult: success, version: HTTP/1.1, content: EmptyByteBufBE)
GET /session/e18b0b49-4639-4984-a396-584aa00ea5e8/element/f.E9FAB6B662978DAD6B40EC34A5F125AA.d.89F1A5F23B4F38E80CCC826B91048FDC.e.386/enabled HTTP/1.1
Cache-Control: no-cache
User-Agent: appium/8.3.0 (selenium/4.8.3 (java mac))
Content-Type: application/json; charset=utf-8
host: 127.0.0.1:4723
accept: */*

Response DefaultHttpResponse(decodeResult: success, version: HTTP/1.1)
HTTP/1.1 200 OK
X-Powered-By: Express
Content-Type: application/json; charset=utf-8
Content-Length: 14
ETag: W/"e-2ZHvAWebNQpyjGZTg6uyV8/spTo"
Date: Sun, 06 Apr 2025 13:53:38 GMT
Connection: keep-alive
Keep-Alive: timeout=600

21:53:38.201 [AsyncHttpClient-1-2] DEBUG org.asynchttpclient.netty.channel.ChannelManager -- Adding key: http://127.0.0.1:4723 for channel [id: 0xd850032e, L:/127.0.0.1:49363 - R:/127.0.0.1:4723]
21:53:38.202 [Forwarding clearElement on session e18b0b49-4639-4984-a396-584aa00ea5e8 to remote] DEBUG org.asynchttpclient.netty.request.NettyRequestSender -- Using pooled Channel '[id: 0xd850032e, L:/127.0.0.1:49363 - R:/127.0.0.1:4723]' for 'POST' to 'http://127.0.0.1:4723/session/e18b0b49-4639-4984-a396-584aa00ea5e8/element/f.E9FAB6B662978DAD6B40EC34A5F125AA.d.89F1A5F23B4F38E80CCC826B91048FDC.e.386/clear'
21:53:38.202 [Forwarding clearElement on session e18b0b49-4639-4984-a396-584aa00ea5e8 to remote] DEBUG org.asynchttpclient.netty.request.NettyRequestSender -- Using open Channel [id: 0xd850032e, L:/127.0.0.1:49363 - R:/127.0.0.1:4723] for POST '/session/e18b0b49-4639-4984-a396-584aa00ea5e8/element/f.E9FAB6B662978DAD6B40EC34A5F125AA.d.89F1A5F23B4F38E80CCC826B91048FDC.e.386/clear'
21:53:38.279 [AsyncHttpClient-1-2] DEBUG org.asynchttpclient.netty.handler.HttpHandler -- 

Request DefaultHttpRequest(decodeResult: success, version: HTTP/1.1)
POST /session/e18b0b49-4639-4984-a396-584aa00ea5e8/element/f.E9FAB6B662978DAD6B40EC34A5F125AA.d.89F1A5F23B4F38E80CCC826B91048FDC.e.386/clear HTTP/1.1
User-Agent: appium/8.3.0 (selenium/4.8.3 (java mac))
Content-Length: 89
Content-Type: application/json; charset=utf-8
host: 127.0.0.1:4723
accept: */*

Response DefaultHttpResponse(decodeResult: success, version: HTTP/1.1)
HTTP/1.1 200 OK
X-Powered-By: Express
Vary: X-HTTP-Method-Override
Content-Type: application/json; charset=utf-8
Content-Length: 14
ETag: W/"e-9/1BuKMgFObM1mWJm+YjxtXJnUM"
Date: Sun, 06 Apr 2025 13:53:38 GMT
Connection: keep-alive
Keep-Alive: timeout=600

21:53:38.280 [AsyncHttpClient-1-2] DEBUG org.asynchttpclient.netty.channel.ChannelManager -- Adding key: http://127.0.0.1:4723 for channel [id: 0xd850032e, L:/127.0.0.1:49363 - R:/127.0.0.1:4723]
21:53:38.282 [Forwarding sendKeysToElement on session e18b0b49-4639-4984-a396-584aa00ea5e8 to remote] DEBUG org.asynchttpclient.netty.request.NettyRequestSender -- Using pooled Channel '[id: 0xd850032e, L:/127.0.0.1:49363 - R:/127.0.0.1:4723]' for 'POST' to 'http://127.0.0.1:4723/session/e18b0b49-4639-4984-a396-584aa00ea5e8/element/f.E9FAB6B662978DAD6B40EC34A5F125AA.d.89F1A5F23B4F38E80CCC826B91048FDC.e.386/value'
21:53:38.282 [Forwarding sendKeysToElement on session e18b0b49-4639-4984-a396-584aa00ea5e8 to remote] DEBUG org.asynchttpclient.netty.request.NettyRequestSender -- Using open Channel [id: 0xd850032e, L:/127.0.0.1:49363 - R:/127.0.0.1:4723] for POST '/session/e18b0b49-4639-4984-a396-584aa00ea5e8/element/f.E9FAB6B662978DAD6B40EC34A5F125AA.d.89F1A5F23B4F38E80CCC826B91048FDC.e.386/value'
21:53:38.484 [AsyncHttpClient-1-2] DEBUG org.asynchttpclient.netty.handler.HttpHandler -- 

Request DefaultHttpRequest(decodeResult: success, version: HTTP/1.1)
POST /session/e18b0b49-4639-4984-a396-584aa00ea5e8/element/f.E9FAB6B662978DAD6B40EC34A5F125AA.d.89F1A5F23B4F38E80CCC826B91048FDC.e.386/value HTTP/1.1
User-Agent: appium/8.3.0 (selenium/4.8.3 (java mac))
Content-Length: 150
Content-Type: application/json; charset=utf-8
host: 127.0.0.1:4723
accept: */*

Response DefaultHttpResponse(decodeResult: success, version: HTTP/1.1)
HTTP/1.1 200 OK
X-Powered-By: Express
Vary: X-HTTP-Method-Override
Content-Type: application/json; charset=utf-8
Content-Length: 14
ETag: W/"e-9/1BuKMgFObM1mWJm+YjxtXJnUM"
Date: Sun, 06 Apr 2025 13:53:38 GMT
Connection: keep-alive
Keep-Alive: timeout=600

21:53:38.484 [AsyncHttpClient-1-2] DEBUG org.asynchttpclient.netty.channel.ChannelManager -- Adding key: http://127.0.0.1:4723 for channel [id: 0xd850032e, L:/127.0.0.1:49363 - R:/127.0.0.1:4723]
21:53:38.486 [Forwarding findElement on session e18b0b49-4639-4984-a396-584aa00ea5e8 to remote] DEBUG org.asynchttpclient.netty.request.NettyRequestSender -- Using pooled Channel '[id: 0xd850032e, L:/127.0.0.1:49363 - R:/127.0.0.1:4723]' for 'POST' to 'http://127.0.0.1:4723/session/e18b0b49-4639-4984-a396-584aa00ea5e8/element'
21:53:38.486 [Forwarding findElement on session e18b0b49-4639-4984-a396-584aa00ea5e8 to remote] DEBUG org.asynchttpclient.netty.request.NettyRequestSender -- Using open Channel [id: 0xd850032e, L:/127.0.0.1:49363 - R:/127.0.0.1:4723] for POST '/session/e18b0b49-4639-4984-a396-584aa00ea5e8/element'
21:53:38.523 [AsyncHttpClient-1-2] DEBUG org.asynchttpclient.netty.handler.HttpHandler -- 

Request DefaultHttpRequest(decodeResult: success, version: HTTP/1.1)
POST /session/e18b0b49-4639-4984-a396-584aa00ea5e8/element HTTP/1.1
User-Agent: appium/8.3.0 (selenium/4.8.3 (java mac))
Content-Length: 57
Content-Type: application/json; charset=utf-8
host: 127.0.0.1:4723
accept: */*

Response DefaultHttpResponse(decodeResult: success, version: HTTP/1.1)
HTTP/1.1 200 OK
X-Powered-By: Express
Vary: X-HTTP-Method-Override
Content-Type: application/json; charset=utf-8
Content-Length: 215
ETag: W/"d7-U0m1166QMRP1pMfhPZTIFmIoRUA"
Date: Sun, 06 Apr 2025 13:53:38 GMT
Connection: keep-alive
Keep-Alive: timeout=600

21:53:38.523 [AsyncHttpClient-1-2] DEBUG org.asynchttpclient.netty.channel.ChannelManager -- Adding key: http://127.0.0.1:4723 for channel [id: 0xd850032e, L:/127.0.0.1:49363 - R:/127.0.0.1:4723]
21:53:38.525 [Forwarding isElementDisplayed on session e18b0b49-4639-4984-a396-584aa00ea5e8 to remote] DEBUG org.asynchttpclient.netty.request.NettyRequestSender -- Using pooled Channel '[id: 0xd850032e, L:/127.0.0.1:49363 - R:/127.0.0.1:4723]' for 'GET' to 'http://127.0.0.1:4723/session/e18b0b49-4639-4984-a396-584aa00ea5e8/element/f.E9FAB6B662978DAD6B40EC34A5F125AA.d.89F1A5F23B4F38E80CCC826B91048FDC.e.394/displayed'
21:53:38.525 [Forwarding isElementDisplayed on session e18b0b49-4639-4984-a396-584aa00ea5e8 to remote] DEBUG org.asynchttpclient.netty.request.NettyRequestSender -- Using open Channel [id: 0xd850032e, L:/127.0.0.1:49363 - R:/127.0.0.1:4723] for GET '/session/e18b0b49-4639-4984-a396-584aa00ea5e8/element/f.E9FAB6B662978DAD6B40EC34A5F125AA.d.89F1A5F23B4F38E80CCC826B91048FDC.e.394/displayed'
21:53:38.556 [AsyncHttpClient-1-2] DEBUG org.asynchttpclient.netty.handler.HttpHandler -- 

Request DefaultFullHttpRequest(decodeResult: success, version: HTTP/1.1, content: EmptyByteBufBE)
GET /session/e18b0b49-4639-4984-a396-584aa00ea5e8/element/f.E9FAB6B662978DAD6B40EC34A5F125AA.d.89F1A5F23B4F38E80CCC826B91048FDC.e.394/displayed HTTP/1.1
Cache-Control: no-cache
User-Agent: appium/8.3.0 (selenium/4.8.3 (java mac))
Content-Type: application/json; charset=utf-8
host: 127.0.0.1:4723
accept: */*

Response DefaultHttpResponse(decodeResult: success, version: HTTP/1.1)
HTTP/1.1 200 OK
X-Powered-By: Express
Content-Type: application/json; charset=utf-8
Content-Length: 14
ETag: W/"e-2ZHvAWebNQpyjGZTg6uyV8/spTo"
Date: Sun, 06 Apr 2025 13:53:38 GMT
Connection: keep-alive
Keep-Alive: timeout=600

21:53:38.556 [AsyncHttpClient-1-2] DEBUG org.asynchttpclient.netty.channel.ChannelManager -- Adding key: http://127.0.0.1:4723 for channel [id: 0xd850032e, L:/127.0.0.1:49363 - R:/127.0.0.1:4723]
21:53:38.557 [Forwarding isElementEnabled on session e18b0b49-4639-4984-a396-584aa00ea5e8 to remote] DEBUG org.asynchttpclient.netty.request.NettyRequestSender -- Using pooled Channel '[id: 0xd850032e, L:/127.0.0.1:49363 - R:/127.0.0.1:4723]' for 'GET' to 'http://127.0.0.1:4723/session/e18b0b49-4639-4984-a396-584aa00ea5e8/element/f.E9FAB6B662978DAD6B40EC34A5F125AA.d.89F1A5F23B4F38E80CCC826B91048FDC.e.394/enabled'
21:53:38.557 [Forwarding isElementEnabled on session e18b0b49-4639-4984-a396-584aa00ea5e8 to remote] DEBUG org.asynchttpclient.netty.request.NettyRequestSender -- Using open Channel [id: 0xd850032e, L:/127.0.0.1:49363 - R:/127.0.0.1:4723] for GET '/session/e18b0b49-4639-4984-a396-584aa00ea5e8/element/f.E9FAB6B662978DAD6B40EC34A5F125AA.d.89F1A5F23B4F38E80CCC826B91048FDC.e.394/enabled'
21:53:38.590 [AsyncHttpClient-1-2] DEBUG org.asynchttpclient.netty.handler.HttpHandler -- 

Request DefaultFullHttpRequest(decodeResult: success, version: HTTP/1.1, content: EmptyByteBufBE)
GET /session/e18b0b49-4639-4984-a396-584aa00ea5e8/element/f.E9FAB6B662978DAD6B40EC34A5F125AA.d.89F1A5F23B4F38E80CCC826B91048FDC.e.394/enabled HTTP/1.1
Cache-Control: no-cache
User-Agent: appium/8.3.0 (selenium/4.8.3 (java mac))
Content-Type: application/json; charset=utf-8
host: 127.0.0.1:4723
accept: */*

Response DefaultHttpResponse(decodeResult: success, version: HTTP/1.1)
HTTP/1.1 200 OK
X-Powered-By: Express
Content-Type: application/json; charset=utf-8
Content-Length: 14
ETag: W/"e-2ZHvAWebNQpyjGZTg6uyV8/spTo"
Date: Sun, 06 Apr 2025 13:53:38 GMT
Connection: keep-alive
Keep-Alive: timeout=600

21:53:38.590 [AsyncHttpClient-1-2] DEBUG org.asynchttpclient.netty.channel.ChannelManager -- Adding key: http://127.0.0.1:4723 for channel [id: 0xd850032e, L:/127.0.0.1:49363 - R:/127.0.0.1:4723]
21:53:38.591 [Forwarding clickElement on session e18b0b49-4639-4984-a396-584aa00ea5e8 to remote] DEBUG org.asynchttpclient.netty.request.NettyRequestSender -- Using pooled Channel '[id: 0xd850032e, L:/127.0.0.1:49363 - R:/127.0.0.1:4723]' for 'POST' to 'http://127.0.0.1:4723/session/e18b0b49-4639-4984-a396-584aa00ea5e8/element/f.E9FAB6B662978DAD6B40EC34A5F125AA.d.89F1A5F23B4F38E80CCC826B91048FDC.e.394/click'
21:53:38.591 [Forwarding clickElement on session e18b0b49-4639-4984-a396-584aa00ea5e8 to remote] DEBUG org.asynchttpclient.netty.request.NettyRequestSender -- Using open Channel [id: 0xd850032e, L:/127.0.0.1:49363 - R:/127.0.0.1:4723] for POST '/session/e18b0b49-4639-4984-a396-584aa00ea5e8/element/f.E9FAB6B662978DAD6B40EC34A5F125AA.d.89F1A5F23B4F38E80CCC826B91048FDC.e.394/click'
21:53:38.829 [AsyncHttpClient-1-2] DEBUG org.asynchttpclient.netty.handler.HttpHandler -- 

Request DefaultHttpRequest(decodeResult: success, version: HTTP/1.1)
POST /session/e18b0b49-4639-4984-a396-584aa00ea5e8/element/f.E9FAB6B662978DAD6B40EC34A5F125AA.d.89F1A5F23B4F38E80CCC826B91048FDC.e.394/click HTTP/1.1
User-Agent: appium/8.3.0 (selenium/4.8.3 (java mac))
Content-Length: 89
Content-Type: application/json; charset=utf-8
host: 127.0.0.1:4723
accept: */*

Response DefaultHttpResponse(decodeResult: success, version: HTTP/1.1)
HTTP/1.1 200 OK
X-Powered-By: Express
Vary: X-HTTP-Method-Override
Content-Type: application/json; charset=utf-8
Content-Length: 14
ETag: W/"e-9/1BuKMgFObM1mWJm+YjxtXJnUM"
Date: Sun, 06 Apr 2025 13:53:38 GMT
Connection: keep-alive
Keep-Alive: timeout=600

21:53:38.830 [AsyncHttpClient-1-2] DEBUG org.asynchttpclient.netty.channel.ChannelManager -- Adding key: http://127.0.0.1:4723 for channel [id: 0xd850032e, L:/127.0.0.1:49363 - R:/127.0.0.1:4723]
21:53:38.905 [AsyncHttpClient-1-1] DEBUG org.asynchttpclient.netty.channel.DefaultChannelPool -- Entry count for : http://127.0.0.1:4723 : 1
21:53:39.134 [Forwarding findElement on session e18b0b49-4639-4984-a396-584aa00ea5e8 to remote] DEBUG org.asynchttpclient.netty.request.NettyRequestSender -- Using pooled Channel '[id: 0xd850032e, L:/127.0.0.1:49363 - R:/127.0.0.1:4723]' for 'POST' to 'http://127.0.0.1:4723/session/e18b0b49-4639-4984-a396-584aa00ea5e8/element'
21:53:39.134 [Forwarding findElement on session e18b0b49-4639-4984-a396-584aa00ea5e8 to remote] DEBUG org.asynchttpclient.netty.request.NettyRequestSender -- Using open Channel [id: 0xd850032e, L:/127.0.0.1:49363 - R:/127.0.0.1:4723] for POST '/session/e18b0b49-4639-4984-a396-584aa00ea5e8/element'
21:53:39.164 [AsyncHttpClient-1-2] DEBUG org.asynchttpclient.netty.handler.HttpHandler -- 

Request DefaultHttpRequest(decodeResult: success, version: HTTP/1.1)
POST /session/e18b0b49-4639-4984-a396-584aa00ea5e8/element HTTP/1.1
User-Agent: appium/8.3.0 (selenium/4.8.3 (java mac))
Content-Length: 149
Content-Type: application/json; charset=utf-8
host: 127.0.0.1:4723
accept: */*

Response DefaultHttpResponse(decodeResult: success, version: HTTP/1.1)
HTTP/1.1 200 OK
X-Powered-By: Express
Vary: X-HTTP-Method-Override
Content-Type: application/json; charset=utf-8
Content-Length: 215
ETag: W/"d7-mEJUZCc9TD8ZP+ew37StqTGuwis"
Date: Sun, 06 Apr 2025 13:53:39 GMT
Connection: keep-alive
Keep-Alive: timeout=600

21:53:39.164 [AsyncHttpClient-1-2] DEBUG org.asynchttpclient.netty.channel.ChannelManager -- Adding key: http://127.0.0.1:4723 for channel [id: 0xd850032e, L:/127.0.0.1:49363 - R:/127.0.0.1:4723]
21:53:39.166 [Forwarding isElementDisplayed on session e18b0b49-4639-4984-a396-584aa00ea5e8 to remote] DEBUG org.asynchttpclient.netty.request.NettyRequestSender -- Using pooled Channel '[id: 0xd850032e, L:/127.0.0.1:49363 - R:/127.0.0.1:4723]' for 'GET' to 'http://127.0.0.1:4723/session/e18b0b49-4639-4984-a396-584aa00ea5e8/element/f.E9FAB6B662978DAD6B40EC34A5F125AA.d.89F1A5F23B4F38E80CCC826B91048FDC.e.432/displayed'
21:53:39.166 [Forwarding isElementDisplayed on session e18b0b49-4639-4984-a396-584aa00ea5e8 to remote] DEBUG org.asynchttpclient.netty.request.NettyRequestSender -- Using open Channel [id: 0xd850032e, L:/127.0.0.1:49363 - R:/127.0.0.1:4723] for GET '/session/e18b0b49-4639-4984-a396-584aa00ea5e8/element/f.E9FAB6B662978DAD6B40EC34A5F125AA.d.89F1A5F23B4F38E80CCC826B91048FDC.e.432/displayed'
21:53:39.189 [AsyncHttpClient-1-2] DEBUG org.asynchttpclient.netty.handler.HttpHandler -- 

Request DefaultFullHttpRequest(decodeResult: success, version: HTTP/1.1, content: EmptyByteBufBE)
GET /session/e18b0b49-4639-4984-a396-584aa00ea5e8/element/f.E9FAB6B662978DAD6B40EC34A5F125AA.d.89F1A5F23B4F38E80CCC826B91048FDC.e.432/displayed HTTP/1.1
Cache-Control: no-cache
User-Agent: appium/8.3.0 (selenium/4.8.3 (java mac))
Content-Type: application/json; charset=utf-8
host: 127.0.0.1:4723
accept: */*

Response DefaultHttpResponse(decodeResult: success, version: HTTP/1.1)
HTTP/1.1 200 OK
X-Powered-By: Express
Content-Type: application/json; charset=utf-8
Content-Length: 14
ETag: W/"e-2ZHvAWebNQpyjGZTg6uyV8/spTo"
Date: Sun, 06 Apr 2025 13:53:39 GMT
Connection: keep-alive
Keep-Alive: timeout=600

21:53:39.189 [AsyncHttpClient-1-2] DEBUG org.asynchttpclient.netty.channel.ChannelManager -- Adding key: http://127.0.0.1:4723 for channel [id: 0xd850032e, L:/127.0.0.1:49363 - R:/127.0.0.1:4723]
貸款年限-其他選項未輸入ErrorHandling驗證通過！
21:53:39.190 [Forwarding switchToFrame on session e18b0b49-4639-4984-a396-584aa00ea5e8 to remote] DEBUG org.asynchttpclient.netty.request.NettyRequestSender -- Using pooled Channel '[id: 0xd850032e, L:/127.0.0.1:49363 - R:/127.0.0.1:4723]' for 'POST' to 'http://127.0.0.1:4723/session/e18b0b49-4639-4984-a396-584aa00ea5e8/frame'
21:53:39.190 [Forwarding switchToFrame on session e18b0b49-4639-4984-a396-584aa00ea5e8 to remote] DEBUG org.asynchttpclient.netty.request.NettyRequestSender -- Using open Channel [id: 0xd850032e, L:/127.0.0.1:49363 - R:/127.0.0.1:4723] for POST '/session/e18b0b49-4639-4984-a396-584aa00ea5e8/frame'
21:53:39.196 [AsyncHttpClient-1-2] DEBUG org.asynchttpclient.netty.handler.HttpHandler -- 

Request DefaultHttpRequest(decodeResult: success, version: HTTP/1.1)
POST /session/e18b0b49-4639-4984-a396-584aa00ea5e8/frame HTTP/1.1
User-Agent: appium/8.3.0 (selenium/4.8.3 (java mac))
Content-Length: 16
Content-Type: application/json; charset=utf-8
host: 127.0.0.1:4723
accept: */*

Response DefaultHttpResponse(decodeResult: success, version: HTTP/1.1)
HTTP/1.1 200 OK
X-Powered-By: Express
Vary: X-HTTP-Method-Override
Content-Type: application/json; charset=utf-8
Content-Length: 14
ETag: W/"e-9/1BuKMgFObM1mWJm+YjxtXJnUM"
Date: Sun, 06 Apr 2025 13:53:39 GMT
Connection: keep-alive
Keep-Alive: timeout=600

21:53:39.196 [AsyncHttpClient-1-2] DEBUG org.asynchttpclient.netty.channel.ChannelManager -- Adding key: http://127.0.0.1:4723 for channel [id: 0xd850032e, L:/127.0.0.1:49363 - R:/127.0.0.1:4723]
]]></system-out>
  </testcase>
  <testcase name="testErrorHandlingLoadTermNonInt" classname="com.cathay.test.tests.MortgageCalculatorTest" time="4.546">
    <system-out><![CDATA[21:53:39.197 [main] INFO com.cathay.test.tests.MortgageCalculatorTest -- 正在清理 driver session: e18b0b49-4639-4984-a396-584aa00ea5e8
21:53:39.197 [main] INFO  com.cathay.test.config.AppiumConfig - 正在關閉 Driver...
21:53:39.198 [Forwarding quit on session e18b0b49-4639-4984-a396-584aa00ea5e8 to remote] DEBUG org.asynchttpclient.netty.request.NettyRequestSender -- Using pooled Channel '[id: 0xd850032e, L:/127.0.0.1:49363 - R:/127.0.0.1:4723]' for 'DELETE' to 'http://127.0.0.1:4723/session/e18b0b49-4639-4984-a396-584aa00ea5e8'
21:53:39.198 [Forwarding quit on session e18b0b49-4639-4984-a396-584aa00ea5e8 to remote] DEBUG org.asynchttpclient.netty.request.NettyRequestSender -- Using open Channel [id: 0xd850032e, L:/127.0.0.1:49363 - R:/127.0.0.1:4723] for DELETE '/session/e18b0b49-4639-4984-a396-584aa00ea5e8'
21:53:39.457 [AsyncHttpClient-1-2] DEBUG org.asynchttpclient.netty.handler.HttpHandler -- 

Request DefaultFullHttpRequest(decodeResult: success, version: HTTP/1.1, content: EmptyByteBufBE)
DELETE /session/e18b0b49-4639-4984-a396-584aa00ea5e8 HTTP/1.1
User-Agent: appium/8.3.0 (selenium/4.8.3 (java mac))
Content-Type: application/json; charset=utf-8
host: 127.0.0.1:4723
accept: */*

Response DefaultHttpResponse(decodeResult: success, version: HTTP/1.1)
HTTP/1.1 200 OK
X-Powered-By: Express
Content-Type: application/json; charset=utf-8
Content-Length: 14
ETag: W/"e-9/1BuKMgFObM1mWJm+YjxtXJnUM"
Date: Sun, 06 Apr 2025 13:53:39 GMT
Connection: keep-alive
Keep-Alive: timeout=600

21:53:39.457 [AsyncHttpClient-1-2] DEBUG org.asynchttpclient.netty.channel.ChannelManager -- Adding key: http://127.0.0.1:4723 for channel [id: 0xd850032e, L:/127.0.0.1:49363 - R:/127.0.0.1:4723]
21:53:39.457 [main] INFO  com.cathay.test.config.AppiumConfig - Driver 已成功關閉
21:53:39.457 [main] INFO com.cathay.test.tests.MortgageCalculatorTest -- MortgageCalculatorTest 清理完成
*******MortgageCalculatorTest.setUp() 執行！
21:53:39.458 [main] INFO  com.cathay.test.config.AppiumConfig - 開始初始化 MortgageCalculatorTest (嘗試 1/3)
21:53:39.459 [main] INFO  com.cathay.test.config.AppiumConfig - Appium 服務器可用
21:53:39.479 [main] INFO  com.cathay.test.config.AppiumConfig - Android 模擬器可用
21:53:39.483 [Forwarding newSession on session null to remote] DEBUG org.asynchttpclient.netty.request.NettyRequestSender -- Using pooled Channel '[id: 0xd850032e, L:/127.0.0.1:49363 - R:/127.0.0.1:4723]' for 'POST' to 'http://127.0.0.1:4723/session'
21:53:39.483 [Forwarding newSession on session null to remote] DEBUG org.asynchttpclient.netty.request.NettyRequestSender -- Using open Channel [id: 0xd850032e, L:/127.0.0.1:49363 - R:/127.0.0.1:4723] for POST '/session'
21:53:42.421 [AsyncHttpClient-1-2] DEBUG org.asynchttpclient.netty.handler.HttpHandler -- 

Request DefaultHttpRequest(decodeResult: success, version: HTTP/1.1)
POST /session HTTP/1.1
X-Idempotency-Key: 6b54707f-d0e3-4445-a3b4-a5a609a56d03
User-Agent: appium/8.3.0 (selenium/4.8.3 (java mac))
Content-Length: 952
Content-Type: application/json; charset=utf-8
host: 127.0.0.1:4723
accept: */*

Response DefaultHttpResponse(decodeResult: success, version: HTTP/1.1)
HTTP/1.1 200 OK
X-Powered-By: Express
Vary: X-HTTP-Method-Override
Content-Type: application/json; charset=utf-8
Content-Length: 1816
ETag: W/"718-zKbtuq695uxivMxl56yAArsxXsk"
Date: Sun, 06 Apr 2025 13:53:42 GMT
Connection: keep-alive
Keep-Alive: timeout=600

21:53:42.422 [AsyncHttpClient-1-2] DEBUG org.asynchttpclient.netty.channel.ChannelManager -- Adding key: http://127.0.0.1:4723 for channel [id: 0xd850032e, L:/127.0.0.1:49363 - R:/127.0.0.1:4723]
21:53:42.426 [Forwarding executeCdp on session 696d5a63-2fa6-4c58-aa4b-301db3fc4d53 to remote] DEBUG org.asynchttpclient.netty.request.NettyRequestSender -- Using pooled Channel '[id: 0xd850032e, L:/127.0.0.1:49363 - R:/127.0.0.1:4723]' for 'POST' to 'http://127.0.0.1:4723/session/696d5a63-2fa6-4c58-aa4b-301db3fc4d53/goog/cdp/execute'
21:53:42.426 [Forwarding executeCdp on session 696d5a63-2fa6-4c58-aa4b-301db3fc4d53 to remote] DEBUG org.asynchttpclient.netty.request.NettyRequestSender -- Using open Channel [id: 0xd850032e, L:/127.0.0.1:49363 - R:/127.0.0.1:4723] for POST '/session/696d5a63-2fa6-4c58-aa4b-301db3fc4d53/goog/cdp/execute'
21:53:42.458 [AsyncHttpClient-1-2] DEBUG org.asynchttpclient.netty.handler.HttpHandler -- 

Request DefaultHttpRequest(decodeResult: success, version: HTTP/1.1)
POST /session/696d5a63-2fa6-4c58-aa4b-301db3fc4d53/goog/cdp/execute HTTP/1.1
User-Agent: appium/8.3.0 (selenium/4.8.3 (java mac))
Content-Length: 87
Content-Type: application/json; charset=utf-8
host: 127.0.0.1:4723
accept: */*

Response DefaultHttpResponse(decodeResult: success, version: HTTP/1.1)
HTTP/1.1 404 Not Found
X-Powered-By: Express
Vary: X-HTTP-Method-Override
Content-Type: application/json; charset=utf-8
Content-Length: 1990
ETag: W/"7c6-FA9YWsRfcfBAlVPaEXwoA+3gbUY"
Date: Sun, 06 Apr 2025 13:53:42 GMT
Connection: keep-alive
Keep-Alive: timeout=600

21:53:42.458 [AsyncHttpClient-1-2] DEBUG org.asynchttpclient.netty.channel.ChannelManager -- Adding key: http://127.0.0.1:4723 for channel [id: 0xd850032e, L:/127.0.0.1:49363 - R:/127.0.0.1:4723]
21:53:42.459 [main] WARN  com.cathay.test.config.AppiumConfig - ⚠️ 設定第三方 Cookie 支援時發生例外: unknown command: 'Network.setCookieBlockingEnabled' wasn't found
  (Session info: chrome=128.0.6613.88)
Build info: version: '4.8.3', revision: 'e5e76298c3'
System info: os.name: 'Mac OS X', os.arch: 'aarch64', os.version: '13.4', java.version: '23.0.2'
Driver info: io.appium.java_client.android.AndroidDriver
Command: [696d5a63-2fa6-4c58-aa4b-301db3fc4d53, executeCdp {cmd=Network.setCookieBlockingEnabled, params={enabled=false}}]
Capabilities {appium:autoAcceptAlerts: true, appium:autoGrantPermissions: true, appium:automationName: UiAutomator2, appium:chromedriverExecutable: /opt/homebrew/bin/chromedriver, appium:databaseEnabled: false, appium:desired: {appActivity: com.android.chrome/com.goog..., appPackage: com.android.chrome, autoAcceptAlerts: true, autoGrantPermissions: true, automationName: UiAutomator2, browserName: chrome, chromedriverExecutable: /opt/homebrew/bin/chromedriver, deviceName: Pixel_3a_API_34_extension_l..., goog:chromeOptions: {args: [--no-sandbox, --disable-dev-shm-usage, --ignore-certificate-errors, --remote-allow-origins=*, --disable-features=SameSite..., --enable-features=NetworkSe...], w3c: true}, newCommandTimeout: 120, noReset: true, platformName: android, platformVersion: 16.0}, appium:deviceApiLevel: 36, appium:deviceManufacturer: Google, appium:deviceModel: sdk_gphone64_arm64, appium:deviceName: emulator-5554, appium:deviceScreenDensity: 420, appium:deviceScreenSize: 1080x2424, appium:deviceUDID: emulator-5554, appium:javascriptEnabled: true, appium:locationContextEnabled: false, appium:networkConnectionEnabled: true, appium:newCommandTimeout: 120, appium:noReset: true, appium:pixelRatio: 2.625, appium:platformVersion: 16, appium:statBarHeight: 137, appium:takesScreenshot: true, appium:viewportRect: {height: 2287, left: 0, top: 137, width: 1080}, appium:warnings: {}, appium:webStorageEnabled: false, browserName: chrome, goog:chromeOptions: {args: [--no-sandbox, --disable-dev-shm-usage, --ignore-certificate-errors, --remote-allow-origins=*, --disable-features=SameSite..., --enable-features=NetworkSe...], w3c: true}, platformName: ANDROID}
Session ID: 696d5a63-2fa6-4c58-aa4b-301db3fc4d53
21:53:43.304 [AsyncHttpClient-1-1] DEBUG org.asynchttpclient.netty.channel.DefaultChannelPool -- Entry count for : http://127.0.0.1:4723 : 1
21:53:44.404 [AsyncHttpClient-1-1] DEBUG org.asynchttpclient.netty.channel.DefaultChannelPool -- Entry count for : http://127.0.0.1:4723 : 1
21:53:45.465 [main] INFO  com.cathay.test.config.AppiumConfig - Driver session ID: 696d5a63-2fa6-4c58-aa4b-301db3fc4d53
21:53:45.468 [Forwarding get on session 696d5a63-2fa6-4c58-aa4b-301db3fc4d53 to remote] DEBUG org.asynchttpclient.netty.request.NettyRequestSender -- Using pooled Channel '[id: 0xd850032e, L:/127.0.0.1:49363 - R:/127.0.0.1:4723]' for 'POST' to 'http://127.0.0.1:4723/session/696d5a63-2fa6-4c58-aa4b-301db3fc4d53/url'
21:53:45.468 [Forwarding get on session 696d5a63-2fa6-4c58-aa4b-301db3fc4d53 to remote] DEBUG org.asynchttpclient.netty.request.NettyRequestSender -- Using open Channel [id: 0xd850032e, L:/127.0.0.1:49363 - R:/127.0.0.1:4723] for POST '/session/696d5a63-2fa6-4c58-aa4b-301db3fc4d53/url'
21:53:49.125 [AsyncHttpClient-1-2] DEBUG org.asynchttpclient.netty.handler.HttpHandler -- 

Request DefaultHttpRequest(decodeResult: success, version: HTTP/1.1)
POST /session/696d5a63-2fa6-4c58-aa4b-301db3fc4d53/url HTTP/1.1
User-Agent: appium/8.3.0 (selenium/4.8.3 (java mac))
Content-Length: 133
Content-Type: application/json; charset=utf-8
host: 127.0.0.1:4723
accept: */*

Response DefaultHttpResponse(decodeResult: success, version: HTTP/1.1)
HTTP/1.1 200 OK
X-Powered-By: Express
Vary: X-HTTP-Method-Override
Content-Type: application/json; charset=utf-8
Content-Length: 14
ETag: W/"e-9/1BuKMgFObM1mWJm+YjxtXJnUM"
Date: Sun, 06 Apr 2025 13:53:49 GMT
Connection: keep-alive
Keep-Alive: timeout=600

21:53:49.125 [AsyncHttpClient-1-2] DEBUG org.asynchttpclient.netty.channel.ChannelManager -- Adding key: http://127.0.0.1:4723 for channel [id: 0xd850032e, L:/127.0.0.1:49363 - R:/127.0.0.1:4723]
21:53:49.126 [Forwarding getCurrentUrl on session 696d5a63-2fa6-4c58-aa4b-301db3fc4d53 to remote] DEBUG org.asynchttpclient.netty.request.NettyRequestSender -- Using pooled Channel '[id: 0xd850032e, L:/127.0.0.1:49363 - R:/127.0.0.1:4723]' for 'GET' to 'http://127.0.0.1:4723/session/696d5a63-2fa6-4c58-aa4b-301db3fc4d53/url'
21:53:49.126 [Forwarding getCurrentUrl on session 696d5a63-2fa6-4c58-aa4b-301db3fc4d53 to remote] DEBUG org.asynchttpclient.netty.request.NettyRequestSender -- Using open Channel [id: 0xd850032e, L:/127.0.0.1:49363 - R:/127.0.0.1:4723] for GET '/session/696d5a63-2fa6-4c58-aa4b-301db3fc4d53/url'
21:53:49.148 [AsyncHttpClient-1-2] DEBUG org.asynchttpclient.netty.handler.HttpHandler -- 

Request DefaultFullHttpRequest(decodeResult: success, version: HTTP/1.1, content: EmptyByteBufBE)
GET /session/696d5a63-2fa6-4c58-aa4b-301db3fc4d53/url HTTP/1.1
Cache-Control: no-cache
User-Agent: appium/8.3.0 (selenium/4.8.3 (java mac))
Content-Type: application/json; charset=utf-8
host: 127.0.0.1:4723
accept: */*

Response DefaultHttpResponse(decodeResult: success, version: HTTP/1.1)
HTTP/1.1 200 OK
X-Powered-By: Express
Content-Type: application/json; charset=utf-8
Content-Length: 90
ETag: W/"5a-SVzTdoqQsw2ztnbhgzn9TDJ+oVM"
Date: Sun, 06 Apr 2025 13:53:49 GMT
Connection: keep-alive
Keep-Alive: timeout=600

21:53:49.148 [AsyncHttpClient-1-2] DEBUG org.asynchttpclient.netty.channel.ChannelManager -- Adding key: http://127.0.0.1:4723 for channel [id: 0xd850032e, L:/127.0.0.1:49363 - R:/127.0.0.1:4723]
*********3rd party cookie Current URL: https://www.cathaybk.com.tw/cathaybk/personal/loan/calculator/mortgage-budget/
21:53:49.149 [Forwarding getCookies on session 696d5a63-2fa6-4c58-aa4b-301db3fc4d53 to remote] DEBUG org.asynchttpclient.netty.request.NettyRequestSender -- Using pooled Channel '[id: 0xd850032e, L:/127.0.0.1:49363 - R:/127.0.0.1:4723]' for 'GET' to 'http://127.0.0.1:4723/session/696d5a63-2fa6-4c58-aa4b-301db3fc4d53/cookie'
21:53:49.149 [Forwarding getCookies on session 696d5a63-2fa6-4c58-aa4b-301db3fc4d53 to remote] DEBUG org.asynchttpclient.netty.request.NettyRequestSender -- Using open Channel [id: 0xd850032e, L:/127.0.0.1:49363 - R:/127.0.0.1:4723] for GET '/session/696d5a63-2fa6-4c58-aa4b-301db3fc4d53/cookie'
21:53:49.173 [AsyncHttpClient-1-2] DEBUG org.asynchttpclient.netty.handler.HttpHandler -- 

Request DefaultFullHttpRequest(decodeResult: success, version: HTTP/1.1, content: EmptyByteBufBE)
GET /session/696d5a63-2fa6-4c58-aa4b-301db3fc4d53/cookie HTTP/1.1
Cache-Control: no-cache
User-Agent: appium/8.3.0 (selenium/4.8.3 (java mac))
Content-Type: application/json; charset=utf-8
host: 127.0.0.1:4723
accept: */*

Response DefaultHttpResponse(decodeResult: success, version: HTTP/1.1)
HTTP/1.1 200 OK
X-Powered-By: Express
Content-Type: application/json; charset=utf-8
Content-Length: 4089
ETag: W/"ff9-g/MsEelE8VGtUl9yoxEUVOMJbAA"
Date: Sun, 06 Apr 2025 13:53:49 GMT
Connection: keep-alive
Keep-Alive: timeout=600

21:53:49.173 [AsyncHttpClient-1-2] DEBUG org.asynchttpclient.netty.channel.ChannelManager -- Adding key: http://127.0.0.1:4723 for channel [id: 0xd850032e, L:/127.0.0.1:49363 - R:/127.0.0.1:4723]
*********Cookie: citrix_ns_id = AAM7aYfyZztCcmcHAAAAADvLSubBRkGc__LEO8s6oPGkxyAbY_YC1_4mQ7LVvy1UOw==8IryZw==VNH2MxUcDrijzJnSYJUgJ2VoefY=
*********Cookie: ASP.NET_SessionId = vc0wsduzcof5nzesdf0eo2ki
*********Cookie: _ss_pp_id = f483c745f0980fde8611743918828326
*********Cookie: __lt__sid = 70330a9c-3991a35d
*********Cookie: cathaybk_new = 4bb3a3d8d4f078cfaa7badb04abb60df7ed08c3d037be7593e9c32d57ce56d7fc2c8d446
*********Cookie: _mg_ckp = eyJja1RrZERGIjoiIn0=
*********Cookie: __mguid_ = 2a9ecd540e80451c848239fd044a21bb
*********Cookie: FingerprintCookie = a83734ca5c2401a34f4ad325dff7c9ff
*********Cookie: shell#lang = en
*********Cookie: mbox = session#a3fd656e7e244e8989894a238a2e35f3#1743949489|PC#a3fd656e7e244e8989894a238a2e35f3.32_0#1807192429
*********Cookie: _td = 32bee422-85f0-423d-b12f-9313bbf0c6b8
*********Cookie: _uetvid = 9072bb7012ee11f094f94b9638dcdd66
*********Cookie: usy46gabsosd = cubcsa_17439476269900.d4b54db4389e7f71f5dce33c5d88e639_7535
*********Cookie: _uetsid = 9072354012ee11f09a9a2f33319f596a
*********Cookie: AMCV_B877A5DB584931AC0A495EAA%40AdobeOrg = 1585540135%7CMCIDTS%7C20185%7CMCMID%7C60465256925740336832196815818237374519%7CMCAAMLH-1744552427%7C11%7CMCAAMB-1744552427%7C6G1ynYcLPuiQxYZrsz_pkqfLG9yMXBpb2zX5dvJdYQJzPXImdj0y%7CMCCIDH%7C1062709688%7CMCOPTOUT-1743954827s%7CNONE%7CMCSYNCSOP%7C411-20192%7CvVersion%7C4.4.0
*********Cookie: _ga_T2T689XRGT = GS1.1.1743947627.1.0.1743947628.59.0.0
*********Cookie: _ga = GA1.1.617641934.1743947628
*********Cookie: _fbp = fb.2.1743947628275.661854352750679559
*********Cookie: at_check = true
*********Cookie: __lt__cid = 32b98644-591b-4097-a9df-cffe505df6c9
*********Cookie: _gcl_au = 1.1.561228660.1743947627
*********Cookie: AMCVS_B877A5DB584931AC0A495EAA%40AdobeOrg = 1
21:53:49.175 [Forwarding getCurrentUrl on session 696d5a63-2fa6-4c58-aa4b-301db3fc4d53 to remote] DEBUG org.asynchttpclient.netty.request.NettyRequestSender -- Using pooled Channel '[id: 0xd850032e, L:/127.0.0.1:49363 - R:/127.0.0.1:4723]' for 'GET' to 'http://127.0.0.1:4723/session/696d5a63-2fa6-4c58-aa4b-301db3fc4d53/url'
21:53:49.175 [Forwarding getCurrentUrl on session 696d5a63-2fa6-4c58-aa4b-301db3fc4d53 to remote] DEBUG org.asynchttpclient.netty.request.NettyRequestSender -- Using open Channel [id: 0xd850032e, L:/127.0.0.1:49363 - R:/127.0.0.1:4723] for GET '/session/696d5a63-2fa6-4c58-aa4b-301db3fc4d53/url'
21:53:49.190 [AsyncHttpClient-1-2] DEBUG org.asynchttpclient.netty.handler.HttpHandler -- 

Request DefaultFullHttpRequest(decodeResult: success, version: HTTP/1.1, content: EmptyByteBufBE)
GET /session/696d5a63-2fa6-4c58-aa4b-301db3fc4d53/url HTTP/1.1
Cache-Control: no-cache
User-Agent: appium/8.3.0 (selenium/4.8.3 (java mac))
Content-Type: application/json; charset=utf-8
host: 127.0.0.1:4723
accept: */*

Response DefaultHttpResponse(decodeResult: success, version: HTTP/1.1)
HTTP/1.1 200 OK
X-Powered-By: Express
Content-Type: application/json; charset=utf-8
Content-Length: 90
ETag: W/"5a-SVzTdoqQsw2ztnbhgzn9TDJ+oVM"
Date: Sun, 06 Apr 2025 13:53:49 GMT
Connection: keep-alive
Keep-Alive: timeout=600

21:53:49.190 [AsyncHttpClient-1-2] DEBUG org.asynchttpclient.netty.channel.ChannelManager -- Adding key: http://127.0.0.1:4723 for channel [id: 0xd850032e, L:/127.0.0.1:49363 - R:/127.0.0.1:4723]
21:53:49.191 [Forwarding setTimeout on session 696d5a63-2fa6-4c58-aa4b-301db3fc4d53 to remote] DEBUG org.asynchttpclient.netty.request.NettyRequestSender -- Using pooled Channel '[id: 0xd850032e, L:/127.0.0.1:49363 - R:/127.0.0.1:4723]' for 'POST' to 'http://127.0.0.1:4723/session/696d5a63-2fa6-4c58-aa4b-301db3fc4d53/timeouts'
21:53:49.191 [Forwarding setTimeout on session 696d5a63-2fa6-4c58-aa4b-301db3fc4d53 to remote] DEBUG org.asynchttpclient.netty.request.NettyRequestSender -- Using open Channel [id: 0xd850032e, L:/127.0.0.1:49363 - R:/127.0.0.1:4723] for POST '/session/696d5a63-2fa6-4c58-aa4b-301db3fc4d53/timeouts'
21:53:49.193 [AsyncHttpClient-1-2] DEBUG org.asynchttpclient.netty.handler.HttpHandler -- 

Request DefaultHttpRequest(decodeResult: success, version: HTTP/1.1)
POST /session/696d5a63-2fa6-4c58-aa4b-301db3fc4d53/timeouts HTTP/1.1
User-Agent: appium/8.3.0 (selenium/4.8.3 (java mac))
Content-Length: 23
Content-Type: application/json; charset=utf-8
host: 127.0.0.1:4723
accept: */*

Response DefaultHttpResponse(decodeResult: success, version: HTTP/1.1)
HTTP/1.1 200 OK
X-Powered-By: Express
Vary: X-HTTP-Method-Override
Content-Type: application/json; charset=utf-8
Content-Length: 14
ETag: W/"e-9/1BuKMgFObM1mWJm+YjxtXJnUM"
Date: Sun, 06 Apr 2025 13:53:49 GMT
Connection: keep-alive
Keep-Alive: timeout=600

21:53:49.193 [AsyncHttpClient-1-2] DEBUG org.asynchttpclient.netty.channel.ChannelManager -- Adding key: http://127.0.0.1:4723 for channel [id: 0xd850032e, L:/127.0.0.1:49363 - R:/127.0.0.1:4723]
21:53:49.194 [Forwarding setTimeout on session 696d5a63-2fa6-4c58-aa4b-301db3fc4d53 to remote] DEBUG org.asynchttpclient.netty.request.NettyRequestSender -- Using pooled Channel '[id: 0xd850032e, L:/127.0.0.1:49363 - R:/127.0.0.1:4723]' for 'POST' to 'http://127.0.0.1:4723/session/696d5a63-2fa6-4c58-aa4b-301db3fc4d53/timeouts'
21:53:49.194 [Forwarding setTimeout on session 696d5a63-2fa6-4c58-aa4b-301db3fc4d53 to remote] DEBUG org.asynchttpclient.netty.request.NettyRequestSender -- Using open Channel [id: 0xd850032e, L:/127.0.0.1:49363 - R:/127.0.0.1:4723] for POST '/session/696d5a63-2fa6-4c58-aa4b-301db3fc4d53/timeouts'
21:53:49.197 [AsyncHttpClient-1-2] DEBUG org.asynchttpclient.netty.handler.HttpHandler -- 

Request DefaultHttpRequest(decodeResult: success, version: HTTP/1.1)
POST /session/696d5a63-2fa6-4c58-aa4b-301db3fc4d53/timeouts HTTP/1.1
User-Agent: appium/8.3.0 (selenium/4.8.3 (java mac))
Content-Length: 23
Content-Type: application/json; charset=utf-8
host: 127.0.0.1:4723
accept: */*

Response DefaultHttpResponse(decodeResult: success, version: HTTP/1.1)
HTTP/1.1 200 OK
X-Powered-By: Express
Vary: X-HTTP-Method-Override
Content-Type: application/json; charset=utf-8
Content-Length: 14
ETag: W/"e-9/1BuKMgFObM1mWJm+YjxtXJnUM"
Date: Sun, 06 Apr 2025 13:53:49 GMT
Connection: keep-alive
Keep-Alive: timeout=600

21:53:49.197 [AsyncHttpClient-1-2] DEBUG org.asynchttpclient.netty.channel.ChannelManager -- Adding key: http://127.0.0.1:4723 for channel [id: 0xd850032e, L:/127.0.0.1:49363 - R:/127.0.0.1:4723]
21:53:49.198 [Forwarding setTimeout on session 696d5a63-2fa6-4c58-aa4b-301db3fc4d53 to remote] DEBUG org.asynchttpclient.netty.request.NettyRequestSender -- Using pooled Channel '[id: 0xd850032e, L:/127.0.0.1:49363 - R:/127.0.0.1:4723]' for 'POST' to 'http://127.0.0.1:4723/session/696d5a63-2fa6-4c58-aa4b-301db3fc4d53/timeouts'
21:53:49.198 [Forwarding setTimeout on session 696d5a63-2fa6-4c58-aa4b-301db3fc4d53 to remote] DEBUG org.asynchttpclient.netty.request.NettyRequestSender -- Using open Channel [id: 0xd850032e, L:/127.0.0.1:49363 - R:/127.0.0.1:4723] for POST '/session/696d5a63-2fa6-4c58-aa4b-301db3fc4d53/timeouts'
21:53:49.200 [AsyncHttpClient-1-2] DEBUG org.asynchttpclient.netty.handler.HttpHandler -- 

Request DefaultHttpRequest(decodeResult: success, version: HTTP/1.1)
POST /session/696d5a63-2fa6-4c58-aa4b-301db3fc4d53/timeouts HTTP/1.1
User-Agent: appium/8.3.0 (selenium/4.8.3 (java mac))
Content-Length: 21
Content-Type: application/json; charset=utf-8
host: 127.0.0.1:4723
accept: */*

Response DefaultHttpResponse(decodeResult: success, version: HTTP/1.1)
HTTP/1.1 200 OK
X-Powered-By: Express
Vary: X-HTTP-Method-Override
Content-Type: application/json; charset=utf-8
Content-Length: 14
ETag: W/"e-9/1BuKMgFObM1mWJm+YjxtXJnUM"
Date: Sun, 06 Apr 2025 13:53:49 GMT
Connection: keep-alive
Keep-Alive: timeout=600

21:53:49.200 [AsyncHttpClient-1-2] DEBUG org.asynchttpclient.netty.channel.ChannelManager -- Adding key: http://127.0.0.1:4723 for channel [id: 0xd850032e, L:/127.0.0.1:49363 - R:/127.0.0.1:4723]
21:53:49.200 [main] INFO  com.cathay.test.config.AppiumConfig - MortgageCalculatorTest 初始化完成
21:53:49.200 [main] INFO com.cathay.test.tests.MortgageCalculatorTest -- 驗證 driver session 與重新導頁...
21:53:49.201 [Forwarding get on session 696d5a63-2fa6-4c58-aa4b-301db3fc4d53 to remote] DEBUG org.asynchttpclient.netty.request.NettyRequestSender -- Using pooled Channel '[id: 0xd850032e, L:/127.0.0.1:49363 - R:/127.0.0.1:4723]' for 'POST' to 'http://127.0.0.1:4723/session/696d5a63-2fa6-4c58-aa4b-301db3fc4d53/url'
21:53:49.201 [Forwarding get on session 696d5a63-2fa6-4c58-aa4b-301db3fc4d53 to remote] DEBUG org.asynchttpclient.netty.request.NettyRequestSender -- Using open Channel [id: 0xd850032e, L:/127.0.0.1:49363 - R:/127.0.0.1:4723] for POST '/session/696d5a63-2fa6-4c58-aa4b-301db3fc4d53/url'
21:53:50.603 [AsyncHttpClient-1-2] DEBUG org.asynchttpclient.netty.handler.HttpHandler -- 

Request DefaultHttpRequest(decodeResult: success, version: HTTP/1.1)
POST /session/696d5a63-2fa6-4c58-aa4b-301db3fc4d53/url HTTP/1.1
User-Agent: appium/8.3.0 (selenium/4.8.3 (java mac))
Content-Length: 133
Content-Type: application/json; charset=utf-8
host: 127.0.0.1:4723
accept: */*

Response DefaultHttpResponse(decodeResult: success, version: HTTP/1.1)
HTTP/1.1 200 OK
X-Powered-By: Express
Vary: X-HTTP-Method-Override
Content-Type: application/json; charset=utf-8
Content-Length: 14
ETag: W/"e-9/1BuKMgFObM1mWJm+YjxtXJnUM"
Date: Sun, 06 Apr 2025 13:53:50 GMT
Connection: keep-alive
Keep-Alive: timeout=600

21:53:50.604 [AsyncHttpClient-1-2] DEBUG org.asynchttpclient.netty.channel.ChannelManager -- Adding key: http://127.0.0.1:4723 for channel [id: 0xd850032e, L:/127.0.0.1:49363 - R:/127.0.0.1:4723]
21:53:50.605 [Forwarding getCurrentUrl on session 696d5a63-2fa6-4c58-aa4b-301db3fc4d53 to remote] DEBUG org.asynchttpclient.netty.request.NettyRequestSender -- Using pooled Channel '[id: 0xd850032e, L:/127.0.0.1:49363 - R:/127.0.0.1:4723]' for 'GET' to 'http://127.0.0.1:4723/session/696d5a63-2fa6-4c58-aa4b-301db3fc4d53/url'
21:53:50.605 [Forwarding getCurrentUrl on session 696d5a63-2fa6-4c58-aa4b-301db3fc4d53 to remote] DEBUG org.asynchttpclient.netty.request.NettyRequestSender -- Using open Channel [id: 0xd850032e, L:/127.0.0.1:49363 - R:/127.0.0.1:4723] for GET '/session/696d5a63-2fa6-4c58-aa4b-301db3fc4d53/url'
21:53:50.623 [AsyncHttpClient-1-2] DEBUG org.asynchttpclient.netty.handler.HttpHandler -- 

Request DefaultFullHttpRequest(decodeResult: success, version: HTTP/1.1, content: EmptyByteBufBE)
GET /session/696d5a63-2fa6-4c58-aa4b-301db3fc4d53/url HTTP/1.1
Cache-Control: no-cache
User-Agent: appium/8.3.0 (selenium/4.8.3 (java mac))
Content-Type: application/json; charset=utf-8
host: 127.0.0.1:4723
accept: */*

Response DefaultHttpResponse(decodeResult: success, version: HTTP/1.1)
HTTP/1.1 200 OK
X-Powered-By: Express
Content-Type: application/json; charset=utf-8
Content-Length: 90
ETag: W/"5a-SVzTdoqQsw2ztnbhgzn9TDJ+oVM"
Date: Sun, 06 Apr 2025 13:53:50 GMT
Connection: keep-alive
Keep-Alive: timeout=600

21:53:50.623 [AsyncHttpClient-1-2] DEBUG org.asynchttpclient.netty.channel.ChannelManager -- Adding key: http://127.0.0.1:4723 for channel [id: 0xd850032e, L:/127.0.0.1:49363 - R:/127.0.0.1:4723]
*********3rd party cookie Current URL: https://www.cathaybk.com.tw/cathaybk/personal/loan/calculator/mortgage-budget/
21:53:50.624 [Forwarding getCookies on session 696d5a63-2fa6-4c58-aa4b-301db3fc4d53 to remote] DEBUG org.asynchttpclient.netty.request.NettyRequestSender -- Using pooled Channel '[id: 0xd850032e, L:/127.0.0.1:49363 - R:/127.0.0.1:4723]' for 'GET' to 'http://127.0.0.1:4723/session/696d5a63-2fa6-4c58-aa4b-301db3fc4d53/cookie'
21:53:50.624 [Forwarding getCookies on session 696d5a63-2fa6-4c58-aa4b-301db3fc4d53 to remote] DEBUG org.asynchttpclient.netty.request.NettyRequestSender -- Using open Channel [id: 0xd850032e, L:/127.0.0.1:49363 - R:/127.0.0.1:4723] for GET '/session/696d5a63-2fa6-4c58-aa4b-301db3fc4d53/cookie'
21:53:50.644 [AsyncHttpClient-1-2] DEBUG org.asynchttpclient.netty.handler.HttpHandler -- 

Request DefaultFullHttpRequest(decodeResult: success, version: HTTP/1.1, content: EmptyByteBufBE)
GET /session/696d5a63-2fa6-4c58-aa4b-301db3fc4d53/cookie HTTP/1.1
Cache-Control: no-cache
User-Agent: appium/8.3.0 (selenium/4.8.3 (java mac))
Content-Type: application/json; charset=utf-8
host: 127.0.0.1:4723
accept: */*

Response DefaultHttpResponse(decodeResult: success, version: HTTP/1.1)
HTTP/1.1 200 OK
X-Powered-By: Express
Content-Type: application/json; charset=utf-8
Content-Length: 4089
ETag: W/"ff9-9rUYO/cHaaiOIvf5dmUVHz2hPbc"
Date: Sun, 06 Apr 2025 13:53:50 GMT
Connection: keep-alive
Keep-Alive: timeout=600

21:53:50.645 [AsyncHttpClient-1-2] DEBUG org.asynchttpclient.netty.channel.ChannelManager -- Adding key: http://127.0.0.1:4723 for channel [id: 0xd850032e, L:/127.0.0.1:49363 - R:/127.0.0.1:4723]
*********Cookie: citrix_ns_id = AAM7aYfyZztCcmcHAAAAADvLSubBRkGc__LEO8s6oPGkxyAbY_YC1_4mQ7LVvy1UOw==8YryZw==H9rpYYNcfRp1rw1yRiJH9vO4ObE=
*********Cookie: ASP.NET_SessionId = vc0wsduzcof5nzesdf0eo2ki
*********Cookie: _ss_pp_id = f483c745f0980fde8611743918828326
*********Cookie: __lt__sid = 70330a9c-3991a35d
*********Cookie: _mg_ckp = eyJja1RrZERGIjoiIn0=
*********Cookie: cathaybk_new = 4bb3a3d8d4f078cfaa7badb04abb60df7ed08c3d037be7593e9c32d57ce56d7fc2c8d446
*********Cookie: __mguid_ = 2a9ecd540e80451c848239fd044a21bb
*********Cookie: FingerprintCookie = a83734ca5c2401a34f4ad325dff7c9ff
*********Cookie: shell#lang = en
*********Cookie: mbox = session#a3fd656e7e244e8989894a238a2e35f3#1743949491|PC#a3fd656e7e244e8989894a238a2e35f3.32_0#1807192431
*********Cookie: _td = 32bee422-85f0-423d-b12f-9313bbf0c6b8
*********Cookie: _uetvid = 9072bb7012ee11f094f94b9638dcdd66
*********Cookie: usy46gabsosd = cubcsa_17439476269900.d4b54db4389e7f71f5dce33c5d88e639_7535
*********Cookie: _uetsid = 9072354012ee11f09a9a2f33319f596a
*********Cookie: _ga_T2T689XRGT = GS1.1.1743947627.1.1.1743947630.57.0.0
*********Cookie: AMCV_B877A5DB584931AC0A495EAA%40AdobeOrg = 1585540135%7CMCIDTS%7C20185%7CMCMID%7C60465256925740336832196815818237374519%7CMCAAMLH-1744552427%7C11%7CMCAAMB-1744552427%7C6G1ynYcLPuiQxYZrsz_pkqfLG9yMXBpb2zX5dvJdYQJzPXImdj0y%7CMCCIDH%7C1062709688%7CMCOPTOUT-1743954827s%7CNONE%7CMCSYNCSOP%7C411-20192%7CvVersion%7C4.4.0
*********Cookie: _ga = GA1.1.617641934.1743947628
*********Cookie: _fbp = fb.2.1743947628275.661854352750679559
*********Cookie: at_check = true
*********Cookie: __lt__cid = 32b98644-591b-4097-a9df-cffe505df6c9
*********Cookie: _gcl_au = 1.1.561228660.1743947627
*********Cookie: AMCVS_B877A5DB584931AC0A495EAA%40AdobeOrg = 1
21:53:50.647 [Forwarding getCurrentUrl on session 696d5a63-2fa6-4c58-aa4b-301db3fc4d53 to remote] DEBUG org.asynchttpclient.netty.request.NettyRequestSender -- Using pooled Channel '[id: 0xd850032e, L:/127.0.0.1:49363 - R:/127.0.0.1:4723]' for 'GET' to 'http://127.0.0.1:4723/session/696d5a63-2fa6-4c58-aa4b-301db3fc4d53/url'
21:53:50.647 [Forwarding getCurrentUrl on session 696d5a63-2fa6-4c58-aa4b-301db3fc4d53 to remote] DEBUG org.asynchttpclient.netty.request.NettyRequestSender -- Using open Channel [id: 0xd850032e, L:/127.0.0.1:49363 - R:/127.0.0.1:4723] for GET '/session/696d5a63-2fa6-4c58-aa4b-301db3fc4d53/url'
21:53:50.662 [AsyncHttpClient-1-2] DEBUG org.asynchttpclient.netty.handler.HttpHandler -- 

Request DefaultFullHttpRequest(decodeResult: success, version: HTTP/1.1, content: EmptyByteBufBE)
GET /session/696d5a63-2fa6-4c58-aa4b-301db3fc4d53/url HTTP/1.1
Cache-Control: no-cache
User-Agent: appium/8.3.0 (selenium/4.8.3 (java mac))
Content-Type: application/json; charset=utf-8
host: 127.0.0.1:4723
accept: */*

Response DefaultHttpResponse(decodeResult: success, version: HTTP/1.1)
HTTP/1.1 200 OK
X-Powered-By: Express
Content-Type: application/json; charset=utf-8
Content-Length: 90
ETag: W/"5a-SVzTdoqQsw2ztnbhgzn9TDJ+oVM"
Date: Sun, 06 Apr 2025 13:53:50 GMT
Connection: keep-alive
Keep-Alive: timeout=600

21:53:50.663 [AsyncHttpClient-1-2] DEBUG org.asynchttpclient.netty.channel.ChannelManager -- Adding key: http://127.0.0.1:4723 for channel [id: 0xd850032e, L:/127.0.0.1:49363 - R:/127.0.0.1:4723]
21:53:50.664 [Forwarding setTimeout on session 696d5a63-2fa6-4c58-aa4b-301db3fc4d53 to remote] DEBUG org.asynchttpclient.netty.request.NettyRequestSender -- Using pooled Channel '[id: 0xd850032e, L:/127.0.0.1:49363 - R:/127.0.0.1:4723]' for 'POST' to 'http://127.0.0.1:4723/session/696d5a63-2fa6-4c58-aa4b-301db3fc4d53/timeouts'
21:53:50.664 [Forwarding setTimeout on session 696d5a63-2fa6-4c58-aa4b-301db3fc4d53 to remote] DEBUG org.asynchttpclient.netty.request.NettyRequestSender -- Using open Channel [id: 0xd850032e, L:/127.0.0.1:49363 - R:/127.0.0.1:4723] for POST '/session/696d5a63-2fa6-4c58-aa4b-301db3fc4d53/timeouts'
21:53:50.667 [AsyncHttpClient-1-2] DEBUG org.asynchttpclient.netty.handler.HttpHandler -- 

Request DefaultHttpRequest(decodeResult: success, version: HTTP/1.1)
POST /session/696d5a63-2fa6-4c58-aa4b-301db3fc4d53/timeouts HTTP/1.1
User-Agent: appium/8.3.0 (selenium/4.8.3 (java mac))
Content-Length: 23
Content-Type: application/json; charset=utf-8
host: 127.0.0.1:4723
accept: */*

Response DefaultHttpResponse(decodeResult: success, version: HTTP/1.1)
HTTP/1.1 200 OK
X-Powered-By: Express
Vary: X-HTTP-Method-Override
Content-Type: application/json; charset=utf-8
Content-Length: 14
ETag: W/"e-9/1BuKMgFObM1mWJm+YjxtXJnUM"
Date: Sun, 06 Apr 2025 13:53:50 GMT
Connection: keep-alive
Keep-Alive: timeout=600

21:53:50.667 [AsyncHttpClient-1-2] DEBUG org.asynchttpclient.netty.channel.ChannelManager -- Adding key: http://127.0.0.1:4723 for channel [id: 0xd850032e, L:/127.0.0.1:49363 - R:/127.0.0.1:4723]
21:53:50.667 [Forwarding setTimeout on session 696d5a63-2fa6-4c58-aa4b-301db3fc4d53 to remote] DEBUG org.asynchttpclient.netty.request.NettyRequestSender -- Using pooled Channel '[id: 0xd850032e, L:/127.0.0.1:49363 - R:/127.0.0.1:4723]' for 'POST' to 'http://127.0.0.1:4723/session/696d5a63-2fa6-4c58-aa4b-301db3fc4d53/timeouts'
21:53:50.667 [Forwarding setTimeout on session 696d5a63-2fa6-4c58-aa4b-301db3fc4d53 to remote] DEBUG org.asynchttpclient.netty.request.NettyRequestSender -- Using open Channel [id: 0xd850032e, L:/127.0.0.1:49363 - R:/127.0.0.1:4723] for POST '/session/696d5a63-2fa6-4c58-aa4b-301db3fc4d53/timeouts'
21:53:50.669 [AsyncHttpClient-1-2] DEBUG org.asynchttpclient.netty.handler.HttpHandler -- 

Request DefaultHttpRequest(decodeResult: success, version: HTTP/1.1)
POST /session/696d5a63-2fa6-4c58-aa4b-301db3fc4d53/timeouts HTTP/1.1
User-Agent: appium/8.3.0 (selenium/4.8.3 (java mac))
Content-Length: 23
Content-Type: application/json; charset=utf-8
host: 127.0.0.1:4723
accept: */*

Response DefaultHttpResponse(decodeResult: success, version: HTTP/1.1)
HTTP/1.1 200 OK
X-Powered-By: Express
Vary: X-HTTP-Method-Override
Content-Type: application/json; charset=utf-8
Content-Length: 14
ETag: W/"e-9/1BuKMgFObM1mWJm+YjxtXJnUM"
Date: Sun, 06 Apr 2025 13:53:50 GMT
Connection: keep-alive
Keep-Alive: timeout=600

21:53:50.669 [AsyncHttpClient-1-2] DEBUG org.asynchttpclient.netty.channel.ChannelManager -- Adding key: http://127.0.0.1:4723 for channel [id: 0xd850032e, L:/127.0.0.1:49363 - R:/127.0.0.1:4723]
21:53:50.670 [Forwarding setTimeout on session 696d5a63-2fa6-4c58-aa4b-301db3fc4d53 to remote] DEBUG org.asynchttpclient.netty.request.NettyRequestSender -- Using pooled Channel '[id: 0xd850032e, L:/127.0.0.1:49363 - R:/127.0.0.1:4723]' for 'POST' to 'http://127.0.0.1:4723/session/696d5a63-2fa6-4c58-aa4b-301db3fc4d53/timeouts'
21:53:50.670 [Forwarding setTimeout on session 696d5a63-2fa6-4c58-aa4b-301db3fc4d53 to remote] DEBUG org.asynchttpclient.netty.request.NettyRequestSender -- Using open Channel [id: 0xd850032e, L:/127.0.0.1:49363 - R:/127.0.0.1:4723] for POST '/session/696d5a63-2fa6-4c58-aa4b-301db3fc4d53/timeouts'
21:53:50.672 [AsyncHttpClient-1-2] DEBUG org.asynchttpclient.netty.handler.HttpHandler -- 

Request DefaultHttpRequest(decodeResult: success, version: HTTP/1.1)
POST /session/696d5a63-2fa6-4c58-aa4b-301db3fc4d53/timeouts HTTP/1.1
User-Agent: appium/8.3.0 (selenium/4.8.3 (java mac))
Content-Length: 21
Content-Type: application/json; charset=utf-8
host: 127.0.0.1:4723
accept: */*

Response DefaultHttpResponse(decodeResult: success, version: HTTP/1.1)
HTTP/1.1 200 OK
X-Powered-By: Express
Vary: X-HTTP-Method-Override
Content-Type: application/json; charset=utf-8
Content-Length: 14
ETag: W/"e-9/1BuKMgFObM1mWJm+YjxtXJnUM"
Date: Sun, 06 Apr 2025 13:53:50 GMT
Connection: keep-alive
Keep-Alive: timeout=600

21:53:50.672 [AsyncHttpClient-1-2] DEBUG org.asynchttpclient.netty.channel.ChannelManager -- Adding key: http://127.0.0.1:4723 for channel [id: 0xd850032e, L:/127.0.0.1:49363 - R:/127.0.0.1:4723]
21:53:50.672 [main] INFO com.cathay.test.tests.MortgageCalculatorTest -- MortgageCalculatorTest 驗證完成
房貸試算功能測試 - 貸款年限其他選項輸入非整數
21:53:50.673 [main] INFO com.cathay.test.tests.MortgageCalculatorTest -- 開始執行：testErrorHandlingLoadTermNonInt
21:53:50.673 [Forwarding get on session 696d5a63-2fa6-4c58-aa4b-301db3fc4d53 to remote] DEBUG org.asynchttpclient.netty.request.NettyRequestSender -- Using pooled Channel '[id: 0xd850032e, L:/127.0.0.1:49363 - R:/127.0.0.1:4723]' for 'POST' to 'http://127.0.0.1:4723/session/696d5a63-2fa6-4c58-aa4b-301db3fc4d53/url'
21:53:50.673 [Forwarding get on session 696d5a63-2fa6-4c58-aa4b-301db3fc4d53 to remote] DEBUG org.asynchttpclient.netty.request.NettyRequestSender -- Using open Channel [id: 0xd850032e, L:/127.0.0.1:49363 - R:/127.0.0.1:4723] for POST '/session/696d5a63-2fa6-4c58-aa4b-301db3fc4d53/url'
21:53:52.198 [AsyncHttpClient-1-2] DEBUG org.asynchttpclient.netty.handler.HttpHandler -- 

Request DefaultHttpRequest(decodeResult: success, version: HTTP/1.1)
POST /session/696d5a63-2fa6-4c58-aa4b-301db3fc4d53/url HTTP/1.1
User-Agent: appium/8.3.0 (selenium/4.8.3 (java mac))
Content-Length: 133
Content-Type: application/json; charset=utf-8
host: 127.0.0.1:4723
accept: */*

Response DefaultHttpResponse(decodeResult: success, version: HTTP/1.1)
HTTP/1.1 200 OK
X-Powered-By: Express
Vary: X-HTTP-Method-Override
Content-Type: application/json; charset=utf-8
Content-Length: 14
ETag: W/"e-9/1BuKMgFObM1mWJm+YjxtXJnUM"
Date: Sun, 06 Apr 2025 13:53:52 GMT
Connection: keep-alive
Keep-Alive: timeout=600

21:53:52.199 [AsyncHttpClient-1-2] DEBUG org.asynchttpclient.netty.channel.ChannelManager -- Adding key: http://127.0.0.1:4723 for channel [id: 0xd850032e, L:/127.0.0.1:49363 - R:/127.0.0.1:4723]
21:53:52.200 [Forwarding getCurrentUrl on session 696d5a63-2fa6-4c58-aa4b-301db3fc4d53 to remote] DEBUG org.asynchttpclient.netty.request.NettyRequestSender -- Using pooled Channel '[id: 0xd850032e, L:/127.0.0.1:49363 - R:/127.0.0.1:4723]' for 'GET' to 'http://127.0.0.1:4723/session/696d5a63-2fa6-4c58-aa4b-301db3fc4d53/url'
21:53:52.200 [Forwarding getCurrentUrl on session 696d5a63-2fa6-4c58-aa4b-301db3fc4d53 to remote] DEBUG org.asynchttpclient.netty.request.NettyRequestSender -- Using open Channel [id: 0xd850032e, L:/127.0.0.1:49363 - R:/127.0.0.1:4723] for GET '/session/696d5a63-2fa6-4c58-aa4b-301db3fc4d53/url'
21:53:52.220 [AsyncHttpClient-1-2] DEBUG org.asynchttpclient.netty.handler.HttpHandler -- 

Request DefaultFullHttpRequest(decodeResult: success, version: HTTP/1.1, content: EmptyByteBufBE)
GET /session/696d5a63-2fa6-4c58-aa4b-301db3fc4d53/url HTTP/1.1
Cache-Control: no-cache
User-Agent: appium/8.3.0 (selenium/4.8.3 (java mac))
Content-Type: application/json; charset=utf-8
host: 127.0.0.1:4723
accept: */*

Response DefaultHttpResponse(decodeResult: success, version: HTTP/1.1)
HTTP/1.1 200 OK
X-Powered-By: Express
Content-Type: application/json; charset=utf-8
Content-Length: 90
ETag: W/"5a-SVzTdoqQsw2ztnbhgzn9TDJ+oVM"
Date: Sun, 06 Apr 2025 13:53:52 GMT
Connection: keep-alive
Keep-Alive: timeout=600

21:53:52.220 [AsyncHttpClient-1-2] DEBUG org.asynchttpclient.netty.channel.ChannelManager -- Adding key: http://127.0.0.1:4723 for channel [id: 0xd850032e, L:/127.0.0.1:49363 - R:/127.0.0.1:4723]
*********3rd party cookie Current URL: https://www.cathaybk.com.tw/cathaybk/personal/loan/calculator/mortgage-budget/
21:53:52.221 [Forwarding getCookies on session 696d5a63-2fa6-4c58-aa4b-301db3fc4d53 to remote] DEBUG org.asynchttpclient.netty.request.NettyRequestSender -- Using pooled Channel '[id: 0xd850032e, L:/127.0.0.1:49363 - R:/127.0.0.1:4723]' for 'GET' to 'http://127.0.0.1:4723/session/696d5a63-2fa6-4c58-aa4b-301db3fc4d53/cookie'
21:53:52.221 [Forwarding getCookies on session 696d5a63-2fa6-4c58-aa4b-301db3fc4d53 to remote] DEBUG org.asynchttpclient.netty.request.NettyRequestSender -- Using open Channel [id: 0xd850032e, L:/127.0.0.1:49363 - R:/127.0.0.1:4723] for GET '/session/696d5a63-2fa6-4c58-aa4b-301db3fc4d53/cookie'
21:53:52.249 [AsyncHttpClient-1-2] DEBUG org.asynchttpclient.netty.handler.HttpHandler -- 

Request DefaultFullHttpRequest(decodeResult: success, version: HTTP/1.1, content: EmptyByteBufBE)
GET /session/696d5a63-2fa6-4c58-aa4b-301db3fc4d53/cookie HTTP/1.1
Cache-Control: no-cache
User-Agent: appium/8.3.0 (selenium/4.8.3 (java mac))
Content-Type: application/json; charset=utf-8
host: 127.0.0.1:4723
accept: */*

Response DefaultHttpResponse(decodeResult: success, version: HTTP/1.1)
HTTP/1.1 200 OK
X-Powered-By: Express
Content-Type: application/json; charset=utf-8
Content-Length: 5179
ETag: W/"143b-+0cyj75OPA49H0sSuNpmpjbLdk8"
Date: Sun, 06 Apr 2025 13:53:52 GMT
Connection: keep-alive
Keep-Alive: timeout=600

21:53:52.249 [AsyncHttpClient-1-2] DEBUG org.asynchttpclient.netty.channel.ChannelManager -- Adding key: http://127.0.0.1:4723 for channel [id: 0xd850032e, L:/127.0.0.1:49363 - R:/127.0.0.1:4723]
*********Cookie: citrix_ns_id = AAM7aYfyZztCcmcHAAAAADvLSubBRkGc__LEO8s6oPGkxyAbY_YC1_4mQ7LVvy1UOw==84ryZw==hTPM2tOehTgUXViGU0Xgz-WtTMo=
*********Cookie: ASP.NET_SessionId = vc0wsduzcof5nzesdf0eo2ki
*********Cookie: dv0qai26lg6v2y6kl7yyc36brextdurfx52ufb3l = 2egmk8tm0ot
*********Cookie: _ss_pp_id = f483c745f0980fde8611743918828326
*********Cookie: _mg_ckp = eyJja1RrZERGIjoiIn0=
*********Cookie: shell#lang = en
*********Cookie: mbox = session#a3fd656e7e244e8989894a238a2e35f3#1743949492|PC#a3fd656e7e244e8989894a238a2e35f3.32_0#1807192432
*********Cookie: _td = 32bee422-85f0-423d-b12f-9313bbf0c6b8
*********Cookie: _uetvid = 9072bb7012ee11f094f94b9638dcdd66
*********Cookie: _uetsid = 9072354012ee11f09a9a2f33319f596a
*********Cookie: _ga_T2T689XRGT = GS1.1.1743947627.1.1.1743947631.56.0.0
*********Cookie: AMCV_B877A5DB584931AC0A495EAA%40AdobeOrg = 1585540135%7CMCIDTS%7C20185%7CMCMID%7C60465256925740336832196815818237374519%7CMCAAMLH-1744552427%7C11%7CMCAAMB-1744552427%7C6G1ynYcLPuiQxYZrsz_pkqfLG9yMXBpb2zX5dvJdYQJzPXImdj0y%7CMCCIDH%7C1062709688%7CMCOPTOUT-1743954827s%7CNONE%7CMCSYNCSOP%7C411-20192%7CvVersion%7C4.4.0
*********Cookie: at_check = true
*********Cookie: _fbp = fb.2.1743947628275.661854352750679559
*********Cookie: __lt__cid = 32b98644-591b-4097-a9df-cffe505df6c9
*********Cookie: __lt__sid = 70330a9c-3991a35d
*********Cookie: dv0qai26lg6v2y6kl7yyc36brextd8q5g723rt74 = snbi35mgcdf
*********Cookie: cathaybk_new = 4bb3a3d8d4f078cfaa7badb04abb60df7ed08c3d037be7593e9c32d57ce56d7fc2c8d446
*********Cookie: dv0qai26lg6v2y6kl7yyc36brextdk1aay1hv7vn = wrud7fxkwnm
*********Cookie: __mguid_ = 2a9ecd540e80451c848239fd044a21bb
*********Cookie: FingerprintCookie = a83734ca5c2401a34f4ad325dff7c9ff
*********Cookie: usy46gabsosd = cubcsa_17439476269900.d4b54db4389e7f71f5dce33c5d88e639_7535
*********Cookie: _ga = GA1.1.617641934.1743947628
*********Cookie: _gcl_au = 1.1.561228660.1743947627
*********Cookie: dv0qai26lg6v2y6kl7yyc36brextdowenyh9b3jp = lzxs6g6vbem
*********Cookie: AMCVS_B877A5DB584931AC0A495EAA%40AdobeOrg = 1
*********Cookie: dv0qai26lg6v2y6kl7yyc36brextdxf299c539zl = fno90sntukp
*********Cookie: dv0qai26lg6v2y6kl7yyc36brextdyim2gf3ouz = v5m5r49xqb
21:53:52.251 [Forwarding getCurrentUrl on session 696d5a63-2fa6-4c58-aa4b-301db3fc4d53 to remote] DEBUG org.asynchttpclient.netty.request.NettyRequestSender -- Using pooled Channel '[id: 0xd850032e, L:/127.0.0.1:49363 - R:/127.0.0.1:4723]' for 'GET' to 'http://127.0.0.1:4723/session/696d5a63-2fa6-4c58-aa4b-301db3fc4d53/url'
21:53:52.251 [Forwarding getCurrentUrl on session 696d5a63-2fa6-4c58-aa4b-301db3fc4d53 to remote] DEBUG org.asynchttpclient.netty.request.NettyRequestSender -- Using open Channel [id: 0xd850032e, L:/127.0.0.1:49363 - R:/127.0.0.1:4723] for GET '/session/696d5a63-2fa6-4c58-aa4b-301db3fc4d53/url'
21:53:52.268 [AsyncHttpClient-1-2] DEBUG org.asynchttpclient.netty.handler.HttpHandler -- 

Request DefaultFullHttpRequest(decodeResult: success, version: HTTP/1.1, content: EmptyByteBufBE)
GET /session/696d5a63-2fa6-4c58-aa4b-301db3fc4d53/url HTTP/1.1
Cache-Control: no-cache
User-Agent: appium/8.3.0 (selenium/4.8.3 (java mac))
Content-Type: application/json; charset=utf-8
host: 127.0.0.1:4723
accept: */*

Response DefaultHttpResponse(decodeResult: success, version: HTTP/1.1)
HTTP/1.1 200 OK
X-Powered-By: Express
Content-Type: application/json; charset=utf-8
Content-Length: 90
ETag: W/"5a-SVzTdoqQsw2ztnbhgzn9TDJ+oVM"
Date: Sun, 06 Apr 2025 13:53:52 GMT
Connection: keep-alive
Keep-Alive: timeout=600

21:53:52.268 [AsyncHttpClient-1-2] DEBUG org.asynchttpclient.netty.channel.ChannelManager -- Adding key: http://127.0.0.1:4723 for channel [id: 0xd850032e, L:/127.0.0.1:49363 - R:/127.0.0.1:4723]
21:53:52.268 [main] INFO com.cathay.test.tests.MortgageCalculatorTest -- 已開啟房貸試算頁面: https://www.cathaybk.com.tw/cathaybk/personal/loan/calculator/mortgage-budget/
21:53:52.269 [Forwarding findElement on session 696d5a63-2fa6-4c58-aa4b-301db3fc4d53 to remote] DEBUG org.asynchttpclient.netty.request.NettyRequestSender -- Using pooled Channel '[id: 0xd850032e, L:/127.0.0.1:49363 - R:/127.0.0.1:4723]' for 'POST' to 'http://127.0.0.1:4723/session/696d5a63-2fa6-4c58-aa4b-301db3fc4d53/element'
21:53:52.269 [Forwarding findElement on session 696d5a63-2fa6-4c58-aa4b-301db3fc4d53 to remote] DEBUG org.asynchttpclient.netty.request.NettyRequestSender -- Using open Channel [id: 0xd850032e, L:/127.0.0.1:49363 - R:/127.0.0.1:4723] for POST '/session/696d5a63-2fa6-4c58-aa4b-301db3fc4d53/element'
21:53:52.316 [AsyncHttpClient-1-2] DEBUG org.asynchttpclient.netty.handler.HttpHandler -- 

Request DefaultHttpRequest(decodeResult: success, version: HTTP/1.1)
POST /session/696d5a63-2fa6-4c58-aa4b-301db3fc4d53/element HTTP/1.1
User-Agent: appium/8.3.0 (selenium/4.8.3 (java mac))
Content-Length: 64
Content-Type: application/json; charset=utf-8
host: 127.0.0.1:4723
accept: */*

Response DefaultHttpResponse(decodeResult: success, version: HTTP/1.1)
HTTP/1.1 200 OK
X-Powered-By: Express
Vary: X-HTTP-Method-Override
Content-Type: application/json; charset=utf-8
Content-Length: 215
ETag: W/"d7-PpJS/2hRZl9+fXWAXh6DEbDOXRY"
Date: Sun, 06 Apr 2025 13:53:52 GMT
Connection: keep-alive
Keep-Alive: timeout=600

21:53:52.316 [AsyncHttpClient-1-2] DEBUG org.asynchttpclient.netty.channel.ChannelManager -- Adding key: http://127.0.0.1:4723 for channel [id: 0xd850032e, L:/127.0.0.1:49363 - R:/127.0.0.1:4723]
21:53:52.317 [Forwarding executeScript on session 696d5a63-2fa6-4c58-aa4b-301db3fc4d53 to remote] DEBUG org.asynchttpclient.netty.request.NettyRequestSender -- Using pooled Channel '[id: 0xd850032e, L:/127.0.0.1:49363 - R:/127.0.0.1:4723]' for 'POST' to 'http://127.0.0.1:4723/session/696d5a63-2fa6-4c58-aa4b-301db3fc4d53/execute/sync'
21:53:52.317 [Forwarding executeScript on session 696d5a63-2fa6-4c58-aa4b-301db3fc4d53 to remote] DEBUG org.asynchttpclient.netty.request.NettyRequestSender -- Using open Channel [id: 0xd850032e, L:/127.0.0.1:49363 - R:/127.0.0.1:4723] for POST '/session/696d5a63-2fa6-4c58-aa4b-301db3fc4d53/execute/sync'
21:53:52.420 [AsyncHttpClient-1-2] DEBUG org.asynchttpclient.netty.handler.HttpHandler -- 

Request DefaultHttpRequest(decodeResult: success, version: HTTP/1.1)
POST /session/696d5a63-2fa6-4c58-aa4b-301db3fc4d53/execute/sync HTTP/1.1
User-Agent: appium/8.3.0 (selenium/4.8.3 (java mac))
Content-Length: 347
Content-Type: application/json; charset=utf-8
host: 127.0.0.1:4723
accept: */*

Response DefaultHttpResponse(decodeResult: success, version: HTTP/1.1)
HTTP/1.1 200 OK
X-Powered-By: Express
Vary: X-HTTP-Method-Override
Content-Type: application/json; charset=utf-8
Content-Length: 14
ETag: W/"e-9/1BuKMgFObM1mWJm+YjxtXJnUM"
Date: Sun, 06 Apr 2025 13:53:52 GMT
Connection: keep-alive
Keep-Alive: timeout=600

21:53:52.421 [AsyncHttpClient-1-2] DEBUG org.asynchttpclient.netty.channel.ChannelManager -- Adding key: http://127.0.0.1:4723 for channel [id: 0xd850032e, L:/127.0.0.1:49363 - R:/127.0.0.1:4723]
21:53:52.422 [Forwarding findElement on session 696d5a63-2fa6-4c58-aa4b-301db3fc4d53 to remote] DEBUG org.asynchttpclient.netty.request.NettyRequestSender -- Using pooled Channel '[id: 0xd850032e, L:/127.0.0.1:49363 - R:/127.0.0.1:4723]' for 'POST' to 'http://127.0.0.1:4723/session/696d5a63-2fa6-4c58-aa4b-301db3fc4d53/element'
21:53:52.422 [Forwarding findElement on session 696d5a63-2fa6-4c58-aa4b-301db3fc4d53 to remote] DEBUG org.asynchttpclient.netty.request.NettyRequestSender -- Using open Channel [id: 0xd850032e, L:/127.0.0.1:49363 - R:/127.0.0.1:4723] for POST '/session/696d5a63-2fa6-4c58-aa4b-301db3fc4d53/element'
21:53:52.453 [AsyncHttpClient-1-2] DEBUG org.asynchttpclient.netty.handler.HttpHandler -- 

Request DefaultHttpRequest(decodeResult: success, version: HTTP/1.1)
POST /session/696d5a63-2fa6-4c58-aa4b-301db3fc4d53/element HTTP/1.1
User-Agent: appium/8.3.0 (selenium/4.8.3 (java mac))
Content-Length: 64
Content-Type: application/json; charset=utf-8
host: 127.0.0.1:4723
accept: */*

Response DefaultHttpResponse(decodeResult: success, version: HTTP/1.1)
HTTP/1.1 200 OK
X-Powered-By: Express
Vary: X-HTTP-Method-Override
Content-Type: application/json; charset=utf-8
Content-Length: 215
ETag: W/"d7-jb/6ILc25m/e+Fph9FQKKoXDPrU"
Date: Sun, 06 Apr 2025 13:53:52 GMT
Connection: keep-alive
Keep-Alive: timeout=600

21:53:52.454 [AsyncHttpClient-1-2] DEBUG org.asynchttpclient.netty.channel.ChannelManager -- Adding key: http://127.0.0.1:4723 for channel [id: 0xd850032e, L:/127.0.0.1:49363 - R:/127.0.0.1:4723]
21:53:52.455 [Forwarding executeScript on session 696d5a63-2fa6-4c58-aa4b-301db3fc4d53 to remote] DEBUG org.asynchttpclient.netty.request.NettyRequestSender -- Using pooled Channel '[id: 0xd850032e, L:/127.0.0.1:49363 - R:/127.0.0.1:4723]' for 'POST' to 'http://127.0.0.1:4723/session/696d5a63-2fa6-4c58-aa4b-301db3fc4d53/execute/sync'
21:53:52.455 [Forwarding executeScript on session 696d5a63-2fa6-4c58-aa4b-301db3fc4d53 to remote] DEBUG org.asynchttpclient.netty.request.NettyRequestSender -- Using open Channel [id: 0xd850032e, L:/127.0.0.1:49363 - R:/127.0.0.1:4723] for POST '/session/696d5a63-2fa6-4c58-aa4b-301db3fc4d53/execute/sync'
21:53:52.494 [AsyncHttpClient-1-2] DEBUG org.asynchttpclient.netty.handler.HttpHandler -- 

Request DefaultHttpRequest(decodeResult: success, version: HTTP/1.1)
POST /session/696d5a63-2fa6-4c58-aa4b-301db3fc4d53/execute/sync HTTP/1.1
User-Agent: appium/8.3.0 (selenium/4.8.3 (java mac))
Content-Length: 347
Content-Type: application/json; charset=utf-8
host: 127.0.0.1:4723
accept: */*

Response DefaultHttpResponse(decodeResult: success, version: HTTP/1.1)
HTTP/1.1 200 OK
X-Powered-By: Express
Vary: X-HTTP-Method-Override
Content-Type: application/json; charset=utf-8
Content-Length: 14
ETag: W/"e-9/1BuKMgFObM1mWJm+YjxtXJnUM"
Date: Sun, 06 Apr 2025 13:53:52 GMT
Connection: keep-alive
Keep-Alive: timeout=600

21:53:52.495 [AsyncHttpClient-1-2] DEBUG org.asynchttpclient.netty.channel.ChannelManager -- Adding key: http://127.0.0.1:4723 for channel [id: 0xd850032e, L:/127.0.0.1:49363 - R:/127.0.0.1:4723]
21:53:52.496 [Forwarding findElement on session 696d5a63-2fa6-4c58-aa4b-301db3fc4d53 to remote] DEBUG org.asynchttpclient.netty.request.NettyRequestSender -- Using pooled Channel '[id: 0xd850032e, L:/127.0.0.1:49363 - R:/127.0.0.1:4723]' for 'POST' to 'http://127.0.0.1:4723/session/696d5a63-2fa6-4c58-aa4b-301db3fc4d53/element'
21:53:52.496 [Forwarding findElement on session 696d5a63-2fa6-4c58-aa4b-301db3fc4d53 to remote] DEBUG org.asynchttpclient.netty.request.NettyRequestSender -- Using open Channel [id: 0xd850032e, L:/127.0.0.1:49363 - R:/127.0.0.1:4723] for POST '/session/696d5a63-2fa6-4c58-aa4b-301db3fc4d53/element'
21:53:52.549 [AsyncHttpClient-1-2] DEBUG org.asynchttpclient.netty.handler.HttpHandler -- 

Request DefaultHttpRequest(decodeResult: success, version: HTTP/1.1)
POST /session/696d5a63-2fa6-4c58-aa4b-301db3fc4d53/element HTTP/1.1
User-Agent: appium/8.3.0 (selenium/4.8.3 (java mac))
Content-Length: 65
Content-Type: application/json; charset=utf-8
host: 127.0.0.1:4723
accept: */*

Response DefaultHttpResponse(decodeResult: success, version: HTTP/1.1)
HTTP/1.1 200 OK
X-Powered-By: Express
Vary: X-HTTP-Method-Override
Content-Type: application/json; charset=utf-8
Content-Length: 215
ETag: W/"d7-KeGqv5ta+r3sI2VlbtUetP5q5mE"
Date: Sun, 06 Apr 2025 13:53:52 GMT
Connection: keep-alive
Keep-Alive: timeout=600

21:53:52.550 [AsyncHttpClient-1-2] DEBUG org.asynchttpclient.netty.channel.ChannelManager -- Adding key: http://127.0.0.1:4723 for channel [id: 0xd850032e, L:/127.0.0.1:49363 - R:/127.0.0.1:4723]
21:53:52.551 [Forwarding clearElement on session 696d5a63-2fa6-4c58-aa4b-301db3fc4d53 to remote] DEBUG org.asynchttpclient.netty.request.NettyRequestSender -- Using pooled Channel '[id: 0xd850032e, L:/127.0.0.1:49363 - R:/127.0.0.1:4723]' for 'POST' to 'http://127.0.0.1:4723/session/696d5a63-2fa6-4c58-aa4b-301db3fc4d53/element/f.D7846A00DAD41DB50A10A1C4178F86F0.d.B4D82D6ED8C7FD89C90092655B5DCA70.e.381/clear'
21:53:52.551 [Forwarding clearElement on session 696d5a63-2fa6-4c58-aa4b-301db3fc4d53 to remote] DEBUG org.asynchttpclient.netty.request.NettyRequestSender -- Using open Channel [id: 0xd850032e, L:/127.0.0.1:49363 - R:/127.0.0.1:4723] for POST '/session/696d5a63-2fa6-4c58-aa4b-301db3fc4d53/element/f.D7846A00DAD41DB50A10A1C4178F86F0.d.B4D82D6ED8C7FD89C90092655B5DCA70.e.381/clear'
21:53:52.686 [AsyncHttpClient-1-2] DEBUG org.asynchttpclient.netty.handler.HttpHandler -- 

Request DefaultHttpRequest(decodeResult: success, version: HTTP/1.1)
POST /session/696d5a63-2fa6-4c58-aa4b-301db3fc4d53/element/f.D7846A00DAD41DB50A10A1C4178F86F0.d.B4D82D6ED8C7FD89C90092655B5DCA70.e.381/clear HTTP/1.1
User-Agent: appium/8.3.0 (selenium/4.8.3 (java mac))
Content-Length: 89
Content-Type: application/json; charset=utf-8
host: 127.0.0.1:4723
accept: */*

Response DefaultHttpResponse(decodeResult: success, version: HTTP/1.1)
HTTP/1.1 200 OK
X-Powered-By: Express
Vary: X-HTTP-Method-Override
Content-Type: application/json; charset=utf-8
Content-Length: 14
ETag: W/"e-9/1BuKMgFObM1mWJm+YjxtXJnUM"
Date: Sun, 06 Apr 2025 13:53:52 GMT
Connection: keep-alive
Keep-Alive: timeout=600

21:53:52.686 [AsyncHttpClient-1-2] DEBUG org.asynchttpclient.netty.channel.ChannelManager -- Adding key: http://127.0.0.1:4723 for channel [id: 0xd850032e, L:/127.0.0.1:49363 - R:/127.0.0.1:4723]
21:53:52.688 [Forwarding sendKeysToElement on session 696d5a63-2fa6-4c58-aa4b-301db3fc4d53 to remote] DEBUG org.asynchttpclient.netty.request.NettyRequestSender -- Using pooled Channel '[id: 0xd850032e, L:/127.0.0.1:49363 - R:/127.0.0.1:4723]' for 'POST' to 'http://127.0.0.1:4723/session/696d5a63-2fa6-4c58-aa4b-301db3fc4d53/element/f.D7846A00DAD41DB50A10A1C4178F86F0.d.B4D82D6ED8C7FD89C90092655B5DCA70.e.381/value'
21:53:52.688 [Forwarding sendKeysToElement on session 696d5a63-2fa6-4c58-aa4b-301db3fc4d53 to remote] DEBUG org.asynchttpclient.netty.request.NettyRequestSender -- Using open Channel [id: 0xd850032e, L:/127.0.0.1:49363 - R:/127.0.0.1:4723] for POST '/session/696d5a63-2fa6-4c58-aa4b-301db3fc4d53/element/f.D7846A00DAD41DB50A10A1C4178F86F0.d.B4D82D6ED8C7FD89C90092655B5DCA70.e.381/value'
21:53:53.006 [AsyncHttpClient-1-2] DEBUG org.asynchttpclient.netty.handler.HttpHandler -- 

Request DefaultHttpRequest(decodeResult: success, version: HTTP/1.1)
POST /session/696d5a63-2fa6-4c58-aa4b-301db3fc4d53/element/f.D7846A00DAD41DB50A10A1C4178F86F0.d.B4D82D6ED8C7FD89C90092655B5DCA70.e.381/value HTTP/1.1
User-Agent: appium/8.3.0 (selenium/4.8.3 (java mac))
Content-Length: 130
Content-Type: application/json; charset=utf-8
host: 127.0.0.1:4723
accept: */*

Response DefaultHttpResponse(decodeResult: success, version: HTTP/1.1)
HTTP/1.1 200 OK
X-Powered-By: Express
Vary: X-HTTP-Method-Override
Content-Type: application/json; charset=utf-8
Content-Length: 14
ETag: W/"e-9/1BuKMgFObM1mWJm+YjxtXJnUM"
Date: Sun, 06 Apr 2025 13:53:53 GMT
Connection: keep-alive
Keep-Alive: timeout=600

21:53:53.007 [AsyncHttpClient-1-2] DEBUG org.asynchttpclient.netty.channel.ChannelManager -- Adding key: http://127.0.0.1:4723 for channel [id: 0xd850032e, L:/127.0.0.1:49363 - R:/127.0.0.1:4723]
21:53:53.008 [Forwarding findElement on session 696d5a63-2fa6-4c58-aa4b-301db3fc4d53 to remote] DEBUG org.asynchttpclient.netty.request.NettyRequestSender -- Using pooled Channel '[id: 0xd850032e, L:/127.0.0.1:49363 - R:/127.0.0.1:4723]' for 'POST' to 'http://127.0.0.1:4723/session/696d5a63-2fa6-4c58-aa4b-301db3fc4d53/element'
21:53:53.008 [Forwarding findElement on session 696d5a63-2fa6-4c58-aa4b-301db3fc4d53 to remote] DEBUG org.asynchttpclient.netty.request.NettyRequestSender -- Using open Channel [id: 0xd850032e, L:/127.0.0.1:49363 - R:/127.0.0.1:4723] for POST '/session/696d5a63-2fa6-4c58-aa4b-301db3fc4d53/element'
21:53:53.035 [AsyncHttpClient-1-2] DEBUG org.asynchttpclient.netty.handler.HttpHandler -- 

Request DefaultHttpRequest(decodeResult: success, version: HTTP/1.1)
POST /session/696d5a63-2fa6-4c58-aa4b-301db3fc4d53/element HTTP/1.1
User-Agent: appium/8.3.0 (selenium/4.8.3 (java mac))
Content-Length: 73
Content-Type: application/json; charset=utf-8
host: 127.0.0.1:4723
accept: */*

Response DefaultHttpResponse(decodeResult: success, version: HTTP/1.1)
HTTP/1.1 200 OK
X-Powered-By: Express
Vary: X-HTTP-Method-Override
Content-Type: application/json; charset=utf-8
Content-Length: 215
ETag: W/"d7-8Dht8DLYlpLVzGjmLsVH6cNADs4"
Date: Sun, 06 Apr 2025 13:53:53 GMT
Connection: keep-alive
Keep-Alive: timeout=600

21:53:53.035 [AsyncHttpClient-1-2] DEBUG org.asynchttpclient.netty.channel.ChannelManager -- Adding key: http://127.0.0.1:4723 for channel [id: 0xd850032e, L:/127.0.0.1:49363 - R:/127.0.0.1:4723]
21:53:53.036 [Forwarding isElementDisplayed on session 696d5a63-2fa6-4c58-aa4b-301db3fc4d53 to remote] DEBUG org.asynchttpclient.netty.request.NettyRequestSender -- Using pooled Channel '[id: 0xd850032e, L:/127.0.0.1:49363 - R:/127.0.0.1:4723]' for 'GET' to 'http://127.0.0.1:4723/session/696d5a63-2fa6-4c58-aa4b-301db3fc4d53/element/f.D7846A00DAD41DB50A10A1C4178F86F0.d.B4D82D6ED8C7FD89C90092655B5DCA70.e.404/displayed'
21:53:53.036 [Forwarding isElementDisplayed on session 696d5a63-2fa6-4c58-aa4b-301db3fc4d53 to remote] DEBUG org.asynchttpclient.netty.request.NettyRequestSender -- Using open Channel [id: 0xd850032e, L:/127.0.0.1:49363 - R:/127.0.0.1:4723] for GET '/session/696d5a63-2fa6-4c58-aa4b-301db3fc4d53/element/f.D7846A00DAD41DB50A10A1C4178F86F0.d.B4D82D6ED8C7FD89C90092655B5DCA70.e.404/displayed'
21:53:53.063 [AsyncHttpClient-1-2] DEBUG org.asynchttpclient.netty.handler.HttpHandler -- 

Request DefaultFullHttpRequest(decodeResult: success, version: HTTP/1.1, content: EmptyByteBufBE)
GET /session/696d5a63-2fa6-4c58-aa4b-301db3fc4d53/element/f.D7846A00DAD41DB50A10A1C4178F86F0.d.B4D82D6ED8C7FD89C90092655B5DCA70.e.404/displayed HTTP/1.1
Cache-Control: no-cache
User-Agent: appium/8.3.0 (selenium/4.8.3 (java mac))
Content-Type: application/json; charset=utf-8
host: 127.0.0.1:4723
accept: */*

Response DefaultHttpResponse(decodeResult: success, version: HTTP/1.1)
HTTP/1.1 200 OK
X-Powered-By: Express
Content-Type: application/json; charset=utf-8
Content-Length: 14
ETag: W/"e-2ZHvAWebNQpyjGZTg6uyV8/spTo"
Date: Sun, 06 Apr 2025 13:53:53 GMT
Connection: keep-alive
Keep-Alive: timeout=600

21:53:53.063 [AsyncHttpClient-1-2] DEBUG org.asynchttpclient.netty.channel.ChannelManager -- Adding key: http://127.0.0.1:4723 for channel [id: 0xd850032e, L:/127.0.0.1:49363 - R:/127.0.0.1:4723]
21:53:53.064 [Forwarding isElementEnabled on session 696d5a63-2fa6-4c58-aa4b-301db3fc4d53 to remote] DEBUG org.asynchttpclient.netty.request.NettyRequestSender -- Using pooled Channel '[id: 0xd850032e, L:/127.0.0.1:49363 - R:/127.0.0.1:4723]' for 'GET' to 'http://127.0.0.1:4723/session/696d5a63-2fa6-4c58-aa4b-301db3fc4d53/element/f.D7846A00DAD41DB50A10A1C4178F86F0.d.B4D82D6ED8C7FD89C90092655B5DCA70.e.404/enabled'
21:53:53.064 [Forwarding isElementEnabled on session 696d5a63-2fa6-4c58-aa4b-301db3fc4d53 to remote] DEBUG org.asynchttpclient.netty.request.NettyRequestSender -- Using open Channel [id: 0xd850032e, L:/127.0.0.1:49363 - R:/127.0.0.1:4723] for GET '/session/696d5a63-2fa6-4c58-aa4b-301db3fc4d53/element/f.D7846A00DAD41DB50A10A1C4178F86F0.d.B4D82D6ED8C7FD89C90092655B5DCA70.e.404/enabled'
21:53:53.118 [AsyncHttpClient-1-2] DEBUG org.asynchttpclient.netty.handler.HttpHandler -- 

Request DefaultFullHttpRequest(decodeResult: success, version: HTTP/1.1, content: EmptyByteBufBE)
GET /session/696d5a63-2fa6-4c58-aa4b-301db3fc4d53/element/f.D7846A00DAD41DB50A10A1C4178F86F0.d.B4D82D6ED8C7FD89C90092655B5DCA70.e.404/enabled HTTP/1.1
Cache-Control: no-cache
User-Agent: appium/8.3.0 (selenium/4.8.3 (java mac))
Content-Type: application/json; charset=utf-8
host: 127.0.0.1:4723
accept: */*

Response DefaultHttpResponse(decodeResult: success, version: HTTP/1.1)
HTTP/1.1 200 OK
X-Powered-By: Express
Content-Type: application/json; charset=utf-8
Content-Length: 14
ETag: W/"e-2ZHvAWebNQpyjGZTg6uyV8/spTo"
Date: Sun, 06 Apr 2025 13:53:53 GMT
Connection: keep-alive
Keep-Alive: timeout=600

21:53:53.120 [AsyncHttpClient-1-2] DEBUG org.asynchttpclient.netty.channel.ChannelManager -- Adding key: http://127.0.0.1:4723 for channel [id: 0xd850032e, L:/127.0.0.1:49363 - R:/127.0.0.1:4723]
21:53:53.121 [Forwarding isElementDisplayed on session 696d5a63-2fa6-4c58-aa4b-301db3fc4d53 to remote] DEBUG org.asynchttpclient.netty.request.NettyRequestSender -- Using pooled Channel '[id: 0xd850032e, L:/127.0.0.1:49363 - R:/127.0.0.1:4723]' for 'GET' to 'http://127.0.0.1:4723/session/696d5a63-2fa6-4c58-aa4b-301db3fc4d53/element/f.D7846A00DAD41DB50A10A1C4178F86F0.d.B4D82D6ED8C7FD89C90092655B5DCA70.e.404/displayed'
21:53:53.121 [Forwarding isElementDisplayed on session 696d5a63-2fa6-4c58-aa4b-301db3fc4d53 to remote] DEBUG org.asynchttpclient.netty.request.NettyRequestSender -- Using open Channel [id: 0xd850032e, L:/127.0.0.1:49363 - R:/127.0.0.1:4723] for GET '/session/696d5a63-2fa6-4c58-aa4b-301db3fc4d53/element/f.D7846A00DAD41DB50A10A1C4178F86F0.d.B4D82D6ED8C7FD89C90092655B5DCA70.e.404/displayed'
21:53:53.144 [AsyncHttpClient-1-2] DEBUG org.asynchttpclient.netty.handler.HttpHandler -- 

Request DefaultFullHttpRequest(decodeResult: success, version: HTTP/1.1, content: EmptyByteBufBE)
GET /session/696d5a63-2fa6-4c58-aa4b-301db3fc4d53/element/f.D7846A00DAD41DB50A10A1C4178F86F0.d.B4D82D6ED8C7FD89C90092655B5DCA70.e.404/displayed HTTP/1.1
Cache-Control: no-cache
User-Agent: appium/8.3.0 (selenium/4.8.3 (java mac))
Content-Type: application/json; charset=utf-8
host: 127.0.0.1:4723
accept: */*

Response DefaultHttpResponse(decodeResult: success, version: HTTP/1.1)
HTTP/1.1 200 OK
X-Powered-By: Express
Content-Type: application/json; charset=utf-8
Content-Length: 14
ETag: W/"e-2ZHvAWebNQpyjGZTg6uyV8/spTo"
Date: Sun, 06 Apr 2025 13:53:53 GMT
Connection: keep-alive
Keep-Alive: timeout=600

21:53:53.144 [AsyncHttpClient-1-2] DEBUG org.asynchttpclient.netty.channel.ChannelManager -- Adding key: http://127.0.0.1:4723 for channel [id: 0xd850032e, L:/127.0.0.1:49363 - R:/127.0.0.1:4723]
貸款年限「label[for='rdoLoanTermOther']」選項有出現！
21:53:53.146 [Forwarding executeScript on session 696d5a63-2fa6-4c58-aa4b-301db3fc4d53 to remote] DEBUG org.asynchttpclient.netty.request.NettyRequestSender -- Using pooled Channel '[id: 0xd850032e, L:/127.0.0.1:49363 - R:/127.0.0.1:4723]' for 'POST' to 'http://127.0.0.1:4723/session/696d5a63-2fa6-4c58-aa4b-301db3fc4d53/execute/sync'
21:53:53.146 [Forwarding executeScript on session 696d5a63-2fa6-4c58-aa4b-301db3fc4d53 to remote] DEBUG org.asynchttpclient.netty.request.NettyRequestSender -- Using open Channel [id: 0xd850032e, L:/127.0.0.1:49363 - R:/127.0.0.1:4723] for POST '/session/696d5a63-2fa6-4c58-aa4b-301db3fc4d53/execute/sync'
21:53:53.164 [AsyncHttpClient-1-2] DEBUG org.asynchttpclient.netty.handler.HttpHandler -- 

Request DefaultHttpRequest(decodeResult: success, version: HTTP/1.1)
POST /session/696d5a63-2fa6-4c58-aa4b-301db3fc4d53/execute/sync HTTP/1.1
User-Agent: appium/8.3.0 (selenium/4.8.3 (java mac))
Content-Length: 300
Content-Type: application/json; charset=utf-8
host: 127.0.0.1:4723
accept: */*

Response DefaultHttpResponse(decodeResult: success, version: HTTP/1.1)
HTTP/1.1 200 OK
X-Powered-By: Express
Vary: X-HTTP-Method-Override
Content-Type: application/json; charset=utf-8
Content-Length: 14
ETag: W/"e-9/1BuKMgFObM1mWJm+YjxtXJnUM"
Date: Sun, 06 Apr 2025 13:53:53 GMT
Connection: keep-alive
Keep-Alive: timeout=600

21:53:53.165 [AsyncHttpClient-1-2] DEBUG org.asynchttpclient.netty.channel.ChannelManager -- Adding key: http://127.0.0.1:4723 for channel [id: 0xd850032e, L:/127.0.0.1:49363 - R:/127.0.0.1:4723]
21:53:53.166 [Forwarding executeScript on session 696d5a63-2fa6-4c58-aa4b-301db3fc4d53 to remote] DEBUG org.asynchttpclient.netty.request.NettyRequestSender -- Using pooled Channel '[id: 0xd850032e, L:/127.0.0.1:49363 - R:/127.0.0.1:4723]' for 'POST' to 'http://127.0.0.1:4723/session/696d5a63-2fa6-4c58-aa4b-301db3fc4d53/execute/sync'
21:53:53.166 [Forwarding executeScript on session 696d5a63-2fa6-4c58-aa4b-301db3fc4d53 to remote] DEBUG org.asynchttpclient.netty.request.NettyRequestSender -- Using open Channel [id: 0xd850032e, L:/127.0.0.1:49363 - R:/127.0.0.1:4723] for POST '/session/696d5a63-2fa6-4c58-aa4b-301db3fc4d53/execute/sync'
21:53:53.387 [AsyncHttpClient-1-2] DEBUG org.asynchttpclient.netty.handler.HttpHandler -- 

Request DefaultHttpRequest(decodeResult: success, version: HTTP/1.1)
POST /session/696d5a63-2fa6-4c58-aa4b-301db3fc4d53/execute/sync HTTP/1.1
User-Agent: appium/8.3.0 (selenium/4.8.3 (java mac))
Content-Length: 287
Content-Type: application/json; charset=utf-8
host: 127.0.0.1:4723
accept: */*

Response DefaultHttpResponse(decodeResult: success, version: HTTP/1.1)
HTTP/1.1 200 OK
X-Powered-By: Express
Vary: X-HTTP-Method-Override
Content-Type: application/json; charset=utf-8
Content-Length: 14
ETag: W/"e-9/1BuKMgFObM1mWJm+YjxtXJnUM"
Date: Sun, 06 Apr 2025 13:53:53 GMT
Connection: keep-alive
Keep-Alive: timeout=600

21:53:53.387 [AsyncHttpClient-1-2] DEBUG org.asynchttpclient.netty.channel.ChannelManager -- Adding key: http://127.0.0.1:4723 for channel [id: 0xd850032e, L:/127.0.0.1:49363 - R:/127.0.0.1:4723]
21:53:53.388 [Forwarding findElement on session 696d5a63-2fa6-4c58-aa4b-301db3fc4d53 to remote] DEBUG org.asynchttpclient.netty.request.NettyRequestSender -- Using pooled Channel '[id: 0xd850032e, L:/127.0.0.1:49363 - R:/127.0.0.1:4723]' for 'POST' to 'http://127.0.0.1:4723/session/696d5a63-2fa6-4c58-aa4b-301db3fc4d53/element'
21:53:53.388 [Forwarding findElement on session 696d5a63-2fa6-4c58-aa4b-301db3fc4d53 to remote] DEBUG org.asynchttpclient.netty.request.NettyRequestSender -- Using open Channel [id: 0xd850032e, L:/127.0.0.1:49363 - R:/127.0.0.1:4723] for POST '/session/696d5a63-2fa6-4c58-aa4b-301db3fc4d53/element'
21:53:53.427 [AsyncHttpClient-1-2] DEBUG org.asynchttpclient.netty.handler.HttpHandler -- 

Request DefaultHttpRequest(decodeResult: success, version: HTTP/1.1)
POST /session/696d5a63-2fa6-4c58-aa4b-301db3fc4d53/element HTTP/1.1
User-Agent: appium/8.3.0 (selenium/4.8.3 (java mac))
Content-Length: 65
Content-Type: application/json; charset=utf-8
host: 127.0.0.1:4723
accept: */*

Response DefaultHttpResponse(decodeResult: success, version: HTTP/1.1)
HTTP/1.1 200 OK
X-Powered-By: Express
Vary: X-HTTP-Method-Override
Content-Type: application/json; charset=utf-8
Content-Length: 215
ETag: W/"d7-4t8Iyt9idx+n8uG2BOZELdlyVnE"
Date: Sun, 06 Apr 2025 13:53:53 GMT
Connection: keep-alive
Keep-Alive: timeout=600

21:53:53.427 [AsyncHttpClient-1-2] DEBUG org.asynchttpclient.netty.channel.ChannelManager -- Adding key: http://127.0.0.1:4723 for channel [id: 0xd850032e, L:/127.0.0.1:49363 - R:/127.0.0.1:4723]
21:53:53.428 [Forwarding isElementDisplayed on session 696d5a63-2fa6-4c58-aa4b-301db3fc4d53 to remote] DEBUG org.asynchttpclient.netty.request.NettyRequestSender -- Using pooled Channel '[id: 0xd850032e, L:/127.0.0.1:49363 - R:/127.0.0.1:4723]' for 'GET' to 'http://127.0.0.1:4723/session/696d5a63-2fa6-4c58-aa4b-301db3fc4d53/element/f.D7846A00DAD41DB50A10A1C4178F86F0.d.B4D82D6ED8C7FD89C90092655B5DCA70.e.385/displayed'
21:53:53.428 [Forwarding isElementDisplayed on session 696d5a63-2fa6-4c58-aa4b-301db3fc4d53 to remote] DEBUG org.asynchttpclient.netty.request.NettyRequestSender -- Using open Channel [id: 0xd850032e, L:/127.0.0.1:49363 - R:/127.0.0.1:4723] for GET '/session/696d5a63-2fa6-4c58-aa4b-301db3fc4d53/element/f.D7846A00DAD41DB50A10A1C4178F86F0.d.B4D82D6ED8C7FD89C90092655B5DCA70.e.385/displayed'
21:53:53.459 [AsyncHttpClient-1-2] DEBUG org.asynchttpclient.netty.handler.HttpHandler -- 

Request DefaultFullHttpRequest(decodeResult: success, version: HTTP/1.1, content: EmptyByteBufBE)
GET /session/696d5a63-2fa6-4c58-aa4b-301db3fc4d53/element/f.D7846A00DAD41DB50A10A1C4178F86F0.d.B4D82D6ED8C7FD89C90092655B5DCA70.e.385/displayed HTTP/1.1
Cache-Control: no-cache
User-Agent: appium/8.3.0 (selenium/4.8.3 (java mac))
Content-Type: application/json; charset=utf-8
host: 127.0.0.1:4723
accept: */*

Response DefaultHttpResponse(decodeResult: success, version: HTTP/1.1)
HTTP/1.1 200 OK
X-Powered-By: Express
Content-Type: application/json; charset=utf-8
Content-Length: 14
ETag: W/"e-2ZHvAWebNQpyjGZTg6uyV8/spTo"
Date: Sun, 06 Apr 2025 13:53:53 GMT
Connection: keep-alive
Keep-Alive: timeout=600

21:53:53.459 [AsyncHttpClient-1-2] DEBUG org.asynchttpclient.netty.channel.ChannelManager -- Adding key: http://127.0.0.1:4723 for channel [id: 0xd850032e, L:/127.0.0.1:49363 - R:/127.0.0.1:4723]
21:53:53.460 [Forwarding isElementEnabled on session 696d5a63-2fa6-4c58-aa4b-301db3fc4d53 to remote] DEBUG org.asynchttpclient.netty.request.NettyRequestSender -- Using pooled Channel '[id: 0xd850032e, L:/127.0.0.1:49363 - R:/127.0.0.1:4723]' for 'GET' to 'http://127.0.0.1:4723/session/696d5a63-2fa6-4c58-aa4b-301db3fc4d53/element/f.D7846A00DAD41DB50A10A1C4178F86F0.d.B4D82D6ED8C7FD89C90092655B5DCA70.e.385/enabled'
21:53:53.460 [Forwarding isElementEnabled on session 696d5a63-2fa6-4c58-aa4b-301db3fc4d53 to remote] DEBUG org.asynchttpclient.netty.request.NettyRequestSender -- Using open Channel [id: 0xd850032e, L:/127.0.0.1:49363 - R:/127.0.0.1:4723] for GET '/session/696d5a63-2fa6-4c58-aa4b-301db3fc4d53/element/f.D7846A00DAD41DB50A10A1C4178F86F0.d.B4D82D6ED8C7FD89C90092655B5DCA70.e.385/enabled'
21:53:53.492 [AsyncHttpClient-1-2] DEBUG org.asynchttpclient.netty.handler.HttpHandler -- 

Request DefaultFullHttpRequest(decodeResult: success, version: HTTP/1.1, content: EmptyByteBufBE)
GET /session/696d5a63-2fa6-4c58-aa4b-301db3fc4d53/element/f.D7846A00DAD41DB50A10A1C4178F86F0.d.B4D82D6ED8C7FD89C90092655B5DCA70.e.385/enabled HTTP/1.1
Cache-Control: no-cache
User-Agent: appium/8.3.0 (selenium/4.8.3 (java mac))
Content-Type: application/json; charset=utf-8
host: 127.0.0.1:4723
accept: */*

Response DefaultHttpResponse(decodeResult: success, version: HTTP/1.1)
HTTP/1.1 200 OK
X-Powered-By: Express
Content-Type: application/json; charset=utf-8
Content-Length: 14
ETag: W/"e-2ZHvAWebNQpyjGZTg6uyV8/spTo"
Date: Sun, 06 Apr 2025 13:53:53 GMT
Connection: keep-alive
Keep-Alive: timeout=600

21:53:53.492 [AsyncHttpClient-1-2] DEBUG org.asynchttpclient.netty.channel.ChannelManager -- Adding key: http://127.0.0.1:4723 for channel [id: 0xd850032e, L:/127.0.0.1:49363 - R:/127.0.0.1:4723]
21:53:53.493 [Forwarding clearElement on session 696d5a63-2fa6-4c58-aa4b-301db3fc4d53 to remote] DEBUG org.asynchttpclient.netty.request.NettyRequestSender -- Using pooled Channel '[id: 0xd850032e, L:/127.0.0.1:49363 - R:/127.0.0.1:4723]' for 'POST' to 'http://127.0.0.1:4723/session/696d5a63-2fa6-4c58-aa4b-301db3fc4d53/element/f.D7846A00DAD41DB50A10A1C4178F86F0.d.B4D82D6ED8C7FD89C90092655B5DCA70.e.385/clear'
21:53:53.493 [Forwarding clearElement on session 696d5a63-2fa6-4c58-aa4b-301db3fc4d53 to remote] DEBUG org.asynchttpclient.netty.request.NettyRequestSender -- Using open Channel [id: 0xd850032e, L:/127.0.0.1:49363 - R:/127.0.0.1:4723] for POST '/session/696d5a63-2fa6-4c58-aa4b-301db3fc4d53/element/f.D7846A00DAD41DB50A10A1C4178F86F0.d.B4D82D6ED8C7FD89C90092655B5DCA70.e.385/clear'
21:53:53.572 [AsyncHttpClient-1-2] DEBUG org.asynchttpclient.netty.handler.HttpHandler -- 

Request DefaultHttpRequest(decodeResult: success, version: HTTP/1.1)
POST /session/696d5a63-2fa6-4c58-aa4b-301db3fc4d53/element/f.D7846A00DAD41DB50A10A1C4178F86F0.d.B4D82D6ED8C7FD89C90092655B5DCA70.e.385/clear HTTP/1.1
User-Agent: appium/8.3.0 (selenium/4.8.3 (java mac))
Content-Length: 89
Content-Type: application/json; charset=utf-8
host: 127.0.0.1:4723
accept: */*

Response DefaultHttpResponse(decodeResult: success, version: HTTP/1.1)
HTTP/1.1 200 OK
X-Powered-By: Express
Vary: X-HTTP-Method-Override
Content-Type: application/json; charset=utf-8
Content-Length: 14
ETag: W/"e-9/1BuKMgFObM1mWJm+YjxtXJnUM"
Date: Sun, 06 Apr 2025 13:53:53 GMT
Connection: keep-alive
Keep-Alive: timeout=600

21:53:53.573 [AsyncHttpClient-1-2] DEBUG org.asynchttpclient.netty.channel.ChannelManager -- Adding key: http://127.0.0.1:4723 for channel [id: 0xd850032e, L:/127.0.0.1:49363 - R:/127.0.0.1:4723]
21:53:53.574 [Forwarding sendKeysToElement on session 696d5a63-2fa6-4c58-aa4b-301db3fc4d53 to remote] DEBUG org.asynchttpclient.netty.request.NettyRequestSender -- Using pooled Channel '[id: 0xd850032e, L:/127.0.0.1:49363 - R:/127.0.0.1:4723]' for 'POST' to 'http://127.0.0.1:4723/session/696d5a63-2fa6-4c58-aa4b-301db3fc4d53/element/f.D7846A00DAD41DB50A10A1C4178F86F0.d.B4D82D6ED8C7FD89C90092655B5DCA70.e.385/value'
21:53:53.574 [Forwarding sendKeysToElement on session 696d5a63-2fa6-4c58-aa4b-301db3fc4d53 to remote] DEBUG org.asynchttpclient.netty.request.NettyRequestSender -- Using open Channel [id: 0xd850032e, L:/127.0.0.1:49363 - R:/127.0.0.1:4723] for POST '/session/696d5a63-2fa6-4c58-aa4b-301db3fc4d53/element/f.D7846A00DAD41DB50A10A1C4178F86F0.d.B4D82D6ED8C7FD89C90092655B5DCA70.e.385/value'
21:53:53.720 [AsyncHttpClient-1-2] DEBUG org.asynchttpclient.netty.handler.HttpHandler -- 

Request DefaultHttpRequest(decodeResult: success, version: HTTP/1.1)
POST /session/696d5a63-2fa6-4c58-aa4b-301db3fc4d53/element/f.D7846A00DAD41DB50A10A1C4178F86F0.d.B4D82D6ED8C7FD89C90092655B5DCA70.e.385/value HTTP/1.1
User-Agent: appium/8.3.0 (selenium/4.8.3 (java mac))
Content-Length: 160
Content-Type: application/json; charset=utf-8
host: 127.0.0.1:4723
accept: */*

Response DefaultHttpResponse(decodeResult: success, version: HTTP/1.1)
HTTP/1.1 200 OK
X-Powered-By: Express
Vary: X-HTTP-Method-Override
Content-Type: application/json; charset=utf-8
Content-Length: 14
ETag: W/"e-9/1BuKMgFObM1mWJm+YjxtXJnUM"
Date: Sun, 06 Apr 2025 13:53:53 GMT
Connection: keep-alive
Keep-Alive: timeout=600

21:53:53.720 [AsyncHttpClient-1-2] DEBUG org.asynchttpclient.netty.channel.ChannelManager -- Adding key: http://127.0.0.1:4723 for channel [id: 0xd850032e, L:/127.0.0.1:49363 - R:/127.0.0.1:4723]
21:53:53.722 [Forwarding findElement on session 696d5a63-2fa6-4c58-aa4b-301db3fc4d53 to remote] DEBUG org.asynchttpclient.netty.request.NettyRequestSender -- Using pooled Channel '[id: 0xd850032e, L:/127.0.0.1:49363 - R:/127.0.0.1:4723]' for 'POST' to 'http://127.0.0.1:4723/session/696d5a63-2fa6-4c58-aa4b-301db3fc4d53/element'
21:53:53.722 [Forwarding findElement on session 696d5a63-2fa6-4c58-aa4b-301db3fc4d53 to remote] DEBUG org.asynchttpclient.netty.request.NettyRequestSender -- Using open Channel [id: 0xd850032e, L:/127.0.0.1:49363 - R:/127.0.0.1:4723] for POST '/session/696d5a63-2fa6-4c58-aa4b-301db3fc4d53/element'
21:53:53.758 [AsyncHttpClient-1-2] DEBUG org.asynchttpclient.netty.handler.HttpHandler -- 

Request DefaultHttpRequest(decodeResult: success, version: HTTP/1.1)
POST /session/696d5a63-2fa6-4c58-aa4b-301db3fc4d53/element HTTP/1.1
User-Agent: appium/8.3.0 (selenium/4.8.3 (java mac))
Content-Length: 60
Content-Type: application/json; charset=utf-8
host: 127.0.0.1:4723
accept: */*

Response DefaultHttpResponse(decodeResult: success, version: HTTP/1.1)
HTTP/1.1 200 OK
X-Powered-By: Express
Vary: X-HTTP-Method-Override
Content-Type: application/json; charset=utf-8
Content-Length: 215
ETag: W/"d7-Os7UhJEJJOVyN+Ib8ibx6zh5DMU"
Date: Sun, 06 Apr 2025 13:53:53 GMT
Connection: keep-alive
Keep-Alive: timeout=600

21:53:53.758 [AsyncHttpClient-1-2] DEBUG org.asynchttpclient.netty.channel.ChannelManager -- Adding key: http://127.0.0.1:4723 for channel [id: 0xd850032e, L:/127.0.0.1:49363 - R:/127.0.0.1:4723]
21:53:53.759 [Forwarding isElementDisplayed on session 696d5a63-2fa6-4c58-aa4b-301db3fc4d53 to remote] DEBUG org.asynchttpclient.netty.request.NettyRequestSender -- Using pooled Channel '[id: 0xd850032e, L:/127.0.0.1:49363 - R:/127.0.0.1:4723]' for 'GET' to 'http://127.0.0.1:4723/session/696d5a63-2fa6-4c58-aa4b-301db3fc4d53/element/f.D7846A00DAD41DB50A10A1C4178F86F0.d.B4D82D6ED8C7FD89C90092655B5DCA70.e.386/displayed'
21:53:53.759 [Forwarding isElementDisplayed on session 696d5a63-2fa6-4c58-aa4b-301db3fc4d53 to remote] DEBUG org.asynchttpclient.netty.request.NettyRequestSender -- Using open Channel [id: 0xd850032e, L:/127.0.0.1:49363 - R:/127.0.0.1:4723] for GET '/session/696d5a63-2fa6-4c58-aa4b-301db3fc4d53/element/f.D7846A00DAD41DB50A10A1C4178F86F0.d.B4D82D6ED8C7FD89C90092655B5DCA70.e.386/displayed'
21:53:53.788 [AsyncHttpClient-1-2] DEBUG org.asynchttpclient.netty.handler.HttpHandler -- 

Request DefaultFullHttpRequest(decodeResult: success, version: HTTP/1.1, content: EmptyByteBufBE)
GET /session/696d5a63-2fa6-4c58-aa4b-301db3fc4d53/element/f.D7846A00DAD41DB50A10A1C4178F86F0.d.B4D82D6ED8C7FD89C90092655B5DCA70.e.386/displayed HTTP/1.1
Cache-Control: no-cache
User-Agent: appium/8.3.0 (selenium/4.8.3 (java mac))
Content-Type: application/json; charset=utf-8
host: 127.0.0.1:4723
accept: */*

Response DefaultHttpResponse(decodeResult: success, version: HTTP/1.1)
HTTP/1.1 200 OK
X-Powered-By: Express
Content-Type: application/json; charset=utf-8
Content-Length: 14
ETag: W/"e-2ZHvAWebNQpyjGZTg6uyV8/spTo"
Date: Sun, 06 Apr 2025 13:53:53 GMT
Connection: keep-alive
Keep-Alive: timeout=600

21:53:53.788 [AsyncHttpClient-1-2] DEBUG org.asynchttpclient.netty.channel.ChannelManager -- Adding key: http://127.0.0.1:4723 for channel [id: 0xd850032e, L:/127.0.0.1:49363 - R:/127.0.0.1:4723]
21:53:53.789 [Forwarding isElementEnabled on session 696d5a63-2fa6-4c58-aa4b-301db3fc4d53 to remote] DEBUG org.asynchttpclient.netty.request.NettyRequestSender -- Using pooled Channel '[id: 0xd850032e, L:/127.0.0.1:49363 - R:/127.0.0.1:4723]' for 'GET' to 'http://127.0.0.1:4723/session/696d5a63-2fa6-4c58-aa4b-301db3fc4d53/element/f.D7846A00DAD41DB50A10A1C4178F86F0.d.B4D82D6ED8C7FD89C90092655B5DCA70.e.386/enabled'
21:53:53.789 [Forwarding isElementEnabled on session 696d5a63-2fa6-4c58-aa4b-301db3fc4d53 to remote] DEBUG org.asynchttpclient.netty.request.NettyRequestSender -- Using open Channel [id: 0xd850032e, L:/127.0.0.1:49363 - R:/127.0.0.1:4723] for GET '/session/696d5a63-2fa6-4c58-aa4b-301db3fc4d53/element/f.D7846A00DAD41DB50A10A1C4178F86F0.d.B4D82D6ED8C7FD89C90092655B5DCA70.e.386/enabled'
21:53:53.818 [AsyncHttpClient-1-2] DEBUG org.asynchttpclient.netty.handler.HttpHandler -- 

Request DefaultFullHttpRequest(decodeResult: success, version: HTTP/1.1, content: EmptyByteBufBE)
GET /session/696d5a63-2fa6-4c58-aa4b-301db3fc4d53/element/f.D7846A00DAD41DB50A10A1C4178F86F0.d.B4D82D6ED8C7FD89C90092655B5DCA70.e.386/enabled HTTP/1.1
Cache-Control: no-cache
User-Agent: appium/8.3.0 (selenium/4.8.3 (java mac))
Content-Type: application/json; charset=utf-8
host: 127.0.0.1:4723
accept: */*

Response DefaultHttpResponse(decodeResult: success, version: HTTP/1.1)
HTTP/1.1 200 OK
X-Powered-By: Express
Content-Type: application/json; charset=utf-8
Content-Length: 14
ETag: W/"e-2ZHvAWebNQpyjGZTg6uyV8/spTo"
Date: Sun, 06 Apr 2025 13:53:53 GMT
Connection: keep-alive
Keep-Alive: timeout=600

21:53:53.819 [AsyncHttpClient-1-2] DEBUG org.asynchttpclient.netty.channel.ChannelManager -- Adding key: http://127.0.0.1:4723 for channel [id: 0xd850032e, L:/127.0.0.1:49363 - R:/127.0.0.1:4723]
21:53:53.820 [Forwarding clearElement on session 696d5a63-2fa6-4c58-aa4b-301db3fc4d53 to remote] DEBUG org.asynchttpclient.netty.request.NettyRequestSender -- Using pooled Channel '[id: 0xd850032e, L:/127.0.0.1:49363 - R:/127.0.0.1:4723]' for 'POST' to 'http://127.0.0.1:4723/session/696d5a63-2fa6-4c58-aa4b-301db3fc4d53/element/f.D7846A00DAD41DB50A10A1C4178F86F0.d.B4D82D6ED8C7FD89C90092655B5DCA70.e.386/clear'
21:53:53.820 [Forwarding clearElement on session 696d5a63-2fa6-4c58-aa4b-301db3fc4d53 to remote] DEBUG org.asynchttpclient.netty.request.NettyRequestSender -- Using open Channel [id: 0xd850032e, L:/127.0.0.1:49363 - R:/127.0.0.1:4723] for POST '/session/696d5a63-2fa6-4c58-aa4b-301db3fc4d53/element/f.D7846A00DAD41DB50A10A1C4178F86F0.d.B4D82D6ED8C7FD89C90092655B5DCA70.e.386/clear'
21:53:53.911 [AsyncHttpClient-1-2] DEBUG org.asynchttpclient.netty.handler.HttpHandler -- 

Request DefaultHttpRequest(decodeResult: success, version: HTTP/1.1)
POST /session/696d5a63-2fa6-4c58-aa4b-301db3fc4d53/element/f.D7846A00DAD41DB50A10A1C4178F86F0.d.B4D82D6ED8C7FD89C90092655B5DCA70.e.386/clear HTTP/1.1
User-Agent: appium/8.3.0 (selenium/4.8.3 (java mac))
Content-Length: 89
Content-Type: application/json; charset=utf-8
host: 127.0.0.1:4723
accept: */*

Response DefaultHttpResponse(decodeResult: success, version: HTTP/1.1)
HTTP/1.1 200 OK
X-Powered-By: Express
Vary: X-HTTP-Method-Override
Content-Type: application/json; charset=utf-8
Content-Length: 14
ETag: W/"e-9/1BuKMgFObM1mWJm+YjxtXJnUM"
Date: Sun, 06 Apr 2025 13:53:53 GMT
Connection: keep-alive
Keep-Alive: timeout=600

21:53:53.916 [AsyncHttpClient-1-2] DEBUG org.asynchttpclient.netty.channel.ChannelManager -- Adding key: http://127.0.0.1:4723 for channel [id: 0xd850032e, L:/127.0.0.1:49363 - R:/127.0.0.1:4723]
21:53:53.919 [Forwarding sendKeysToElement on session 696d5a63-2fa6-4c58-aa4b-301db3fc4d53 to remote] DEBUG org.asynchttpclient.netty.request.NettyRequestSender -- Using pooled Channel '[id: 0xd850032e, L:/127.0.0.1:49363 - R:/127.0.0.1:4723]' for 'POST' to 'http://127.0.0.1:4723/session/696d5a63-2fa6-4c58-aa4b-301db3fc4d53/element/f.D7846A00DAD41DB50A10A1C4178F86F0.d.B4D82D6ED8C7FD89C90092655B5DCA70.e.386/value'
21:53:53.919 [Forwarding sendKeysToElement on session 696d5a63-2fa6-4c58-aa4b-301db3fc4d53 to remote] DEBUG org.asynchttpclient.netty.request.NettyRequestSender -- Using open Channel [id: 0xd850032e, L:/127.0.0.1:49363 - R:/127.0.0.1:4723] for POST '/session/696d5a63-2fa6-4c58-aa4b-301db3fc4d53/element/f.D7846A00DAD41DB50A10A1C4178F86F0.d.B4D82D6ED8C7FD89C90092655B5DCA70.e.386/value'
21:53:54.294 [AsyncHttpClient-1-2] DEBUG org.asynchttpclient.netty.handler.HttpHandler -- 

Request DefaultHttpRequest(decodeResult: success, version: HTTP/1.1)
POST /session/696d5a63-2fa6-4c58-aa4b-301db3fc4d53/element/f.D7846A00DAD41DB50A10A1C4178F86F0.d.B4D82D6ED8C7FD89C90092655B5DCA70.e.386/value HTTP/1.1
User-Agent: appium/8.3.0 (selenium/4.8.3 (java mac))
Content-Length: 150
Content-Type: application/json; charset=utf-8
host: 127.0.0.1:4723
accept: */*

Response DefaultHttpResponse(decodeResult: success, version: HTTP/1.1)
HTTP/1.1 200 OK
X-Powered-By: Express
Vary: X-HTTP-Method-Override
Content-Type: application/json; charset=utf-8
Content-Length: 14
ETag: W/"e-9/1BuKMgFObM1mWJm+YjxtXJnUM"
Date: Sun, 06 Apr 2025 13:53:54 GMT
Connection: keep-alive
Keep-Alive: timeout=600

21:53:54.294 [AsyncHttpClient-1-2] DEBUG org.asynchttpclient.netty.channel.ChannelManager -- Adding key: http://127.0.0.1:4723 for channel [id: 0xd850032e, L:/127.0.0.1:49363 - R:/127.0.0.1:4723]
21:53:54.295 [Forwarding findElement on session 696d5a63-2fa6-4c58-aa4b-301db3fc4d53 to remote] DEBUG org.asynchttpclient.netty.request.NettyRequestSender -- Using pooled Channel '[id: 0xd850032e, L:/127.0.0.1:49363 - R:/127.0.0.1:4723]' for 'POST' to 'http://127.0.0.1:4723/session/696d5a63-2fa6-4c58-aa4b-301db3fc4d53/element'
21:53:54.295 [Forwarding findElement on session 696d5a63-2fa6-4c58-aa4b-301db3fc4d53 to remote] DEBUG org.asynchttpclient.netty.request.NettyRequestSender -- Using open Channel [id: 0xd850032e, L:/127.0.0.1:49363 - R:/127.0.0.1:4723] for POST '/session/696d5a63-2fa6-4c58-aa4b-301db3fc4d53/element'
21:53:54.330 [AsyncHttpClient-1-2] DEBUG org.asynchttpclient.netty.handler.HttpHandler -- 

Request DefaultHttpRequest(decodeResult: success, version: HTTP/1.1)
POST /session/696d5a63-2fa6-4c58-aa4b-301db3fc4d53/element HTTP/1.1
User-Agent: appium/8.3.0 (selenium/4.8.3 (java mac))
Content-Length: 57
Content-Type: application/json; charset=utf-8
host: 127.0.0.1:4723
accept: */*

Response DefaultHttpResponse(decodeResult: success, version: HTTP/1.1)
HTTP/1.1 200 OK
X-Powered-By: Express
Vary: X-HTTP-Method-Override
Content-Type: application/json; charset=utf-8
Content-Length: 215
ETag: W/"d7-t4tXMJ7K9ifPfKBOi1DeDveqCUw"
Date: Sun, 06 Apr 2025 13:53:54 GMT
Connection: keep-alive
Keep-Alive: timeout=600

21:53:54.330 [AsyncHttpClient-1-2] DEBUG org.asynchttpclient.netty.channel.ChannelManager -- Adding key: http://127.0.0.1:4723 for channel [id: 0xd850032e, L:/127.0.0.1:49363 - R:/127.0.0.1:4723]
21:53:54.332 [Forwarding isElementDisplayed on session 696d5a63-2fa6-4c58-aa4b-301db3fc4d53 to remote] DEBUG org.asynchttpclient.netty.request.NettyRequestSender -- Using pooled Channel '[id: 0xd850032e, L:/127.0.0.1:49363 - R:/127.0.0.1:4723]' for 'GET' to 'http://127.0.0.1:4723/session/696d5a63-2fa6-4c58-aa4b-301db3fc4d53/element/f.D7846A00DAD41DB50A10A1C4178F86F0.d.B4D82D6ED8C7FD89C90092655B5DCA70.e.394/displayed'
21:53:54.332 [Forwarding isElementDisplayed on session 696d5a63-2fa6-4c58-aa4b-301db3fc4d53 to remote] DEBUG org.asynchttpclient.netty.request.NettyRequestSender -- Using open Channel [id: 0xd850032e, L:/127.0.0.1:49363 - R:/127.0.0.1:4723] for GET '/session/696d5a63-2fa6-4c58-aa4b-301db3fc4d53/element/f.D7846A00DAD41DB50A10A1C4178F86F0.d.B4D82D6ED8C7FD89C90092655B5DCA70.e.394/displayed'
21:53:54.364 [AsyncHttpClient-1-2] DEBUG org.asynchttpclient.netty.handler.HttpHandler -- 

Request DefaultFullHttpRequest(decodeResult: success, version: HTTP/1.1, content: EmptyByteBufBE)
GET /session/696d5a63-2fa6-4c58-aa4b-301db3fc4d53/element/f.D7846A00DAD41DB50A10A1C4178F86F0.d.B4D82D6ED8C7FD89C90092655B5DCA70.e.394/displayed HTTP/1.1
Cache-Control: no-cache
User-Agent: appium/8.3.0 (selenium/4.8.3 (java mac))
Content-Type: application/json; charset=utf-8
host: 127.0.0.1:4723
accept: */*

Response DefaultHttpResponse(decodeResult: success, version: HTTP/1.1)
HTTP/1.1 200 OK
X-Powered-By: Express
Content-Type: application/json; charset=utf-8
Content-Length: 14
ETag: W/"e-2ZHvAWebNQpyjGZTg6uyV8/spTo"
Date: Sun, 06 Apr 2025 13:53:54 GMT
Connection: keep-alive
Keep-Alive: timeout=600

21:53:54.364 [AsyncHttpClient-1-2] DEBUG org.asynchttpclient.netty.channel.ChannelManager -- Adding key: http://127.0.0.1:4723 for channel [id: 0xd850032e, L:/127.0.0.1:49363 - R:/127.0.0.1:4723]
21:53:54.366 [Forwarding isElementEnabled on session 696d5a63-2fa6-4c58-aa4b-301db3fc4d53 to remote] DEBUG org.asynchttpclient.netty.request.NettyRequestSender -- Using pooled Channel '[id: 0xd850032e, L:/127.0.0.1:49363 - R:/127.0.0.1:4723]' for 'GET' to 'http://127.0.0.1:4723/session/696d5a63-2fa6-4c58-aa4b-301db3fc4d53/element/f.D7846A00DAD41DB50A10A1C4178F86F0.d.B4D82D6ED8C7FD89C90092655B5DCA70.e.394/enabled'
21:53:54.366 [Forwarding isElementEnabled on session 696d5a63-2fa6-4c58-aa4b-301db3fc4d53 to remote] DEBUG org.asynchttpclient.netty.request.NettyRequestSender -- Using open Channel [id: 0xd850032e, L:/127.0.0.1:49363 - R:/127.0.0.1:4723] for GET '/session/696d5a63-2fa6-4c58-aa4b-301db3fc4d53/element/f.D7846A00DAD41DB50A10A1C4178F86F0.d.B4D82D6ED8C7FD89C90092655B5DCA70.e.394/enabled'
21:53:54.397 [AsyncHttpClient-1-2] DEBUG org.asynchttpclient.netty.handler.HttpHandler -- 

Request DefaultFullHttpRequest(decodeResult: success, version: HTTP/1.1, content: EmptyByteBufBE)
GET /session/696d5a63-2fa6-4c58-aa4b-301db3fc4d53/element/f.D7846A00DAD41DB50A10A1C4178F86F0.d.B4D82D6ED8C7FD89C90092655B5DCA70.e.394/enabled HTTP/1.1
Cache-Control: no-cache
User-Agent: appium/8.3.0 (selenium/4.8.3 (java mac))
Content-Type: application/json; charset=utf-8
host: 127.0.0.1:4723
accept: */*

Response DefaultHttpResponse(decodeResult: success, version: HTTP/1.1)
HTTP/1.1 200 OK
X-Powered-By: Express
Content-Type: application/json; charset=utf-8
Content-Length: 14
ETag: W/"e-2ZHvAWebNQpyjGZTg6uyV8/spTo"
Date: Sun, 06 Apr 2025 13:53:54 GMT
Connection: keep-alive
Keep-Alive: timeout=600

21:53:54.397 [AsyncHttpClient-1-2] DEBUG org.asynchttpclient.netty.channel.ChannelManager -- Adding key: http://127.0.0.1:4723 for channel [id: 0xd850032e, L:/127.0.0.1:49363 - R:/127.0.0.1:4723]
21:53:54.399 [Forwarding clickElement on session 696d5a63-2fa6-4c58-aa4b-301db3fc4d53 to remote] DEBUG org.asynchttpclient.netty.request.NettyRequestSender -- Using pooled Channel '[id: 0xd850032e, L:/127.0.0.1:49363 - R:/127.0.0.1:4723]' for 'POST' to 'http://127.0.0.1:4723/session/696d5a63-2fa6-4c58-aa4b-301db3fc4d53/element/f.D7846A00DAD41DB50A10A1C4178F86F0.d.B4D82D6ED8C7FD89C90092655B5DCA70.e.394/click'
21:53:54.399 [Forwarding clickElement on session 696d5a63-2fa6-4c58-aa4b-301db3fc4d53 to remote] DEBUG org.asynchttpclient.netty.request.NettyRequestSender -- Using open Channel [id: 0xd850032e, L:/127.0.0.1:49363 - R:/127.0.0.1:4723] for POST '/session/696d5a63-2fa6-4c58-aa4b-301db3fc4d53/element/f.D7846A00DAD41DB50A10A1C4178F86F0.d.B4D82D6ED8C7FD89C90092655B5DCA70.e.394/click'
21:53:54.857 [AsyncHttpClient-1-2] DEBUG org.asynchttpclient.netty.handler.HttpHandler -- 

Request DefaultHttpRequest(decodeResult: success, version: HTTP/1.1)
POST /session/696d5a63-2fa6-4c58-aa4b-301db3fc4d53/element/f.D7846A00DAD41DB50A10A1C4178F86F0.d.B4D82D6ED8C7FD89C90092655B5DCA70.e.394/click HTTP/1.1
User-Agent: appium/8.3.0 (selenium/4.8.3 (java mac))
Content-Length: 89
Content-Type: application/json; charset=utf-8
host: 127.0.0.1:4723
accept: */*

Response DefaultHttpResponse(decodeResult: success, version: HTTP/1.1)
HTTP/1.1 200 OK
X-Powered-By: Express
Vary: X-HTTP-Method-Override
Content-Type: application/json; charset=utf-8
Content-Length: 14
ETag: W/"e-9/1BuKMgFObM1mWJm+YjxtXJnUM"
Date: Sun, 06 Apr 2025 13:53:54 GMT
Connection: keep-alive
Keep-Alive: timeout=600

21:53:54.857 [AsyncHttpClient-1-2] DEBUG org.asynchttpclient.netty.channel.ChannelManager -- Adding key: http://127.0.0.1:4723 for channel [id: 0xd850032e, L:/127.0.0.1:49363 - R:/127.0.0.1:4723]
21:53:55.158 [Forwarding findElement on session 696d5a63-2fa6-4c58-aa4b-301db3fc4d53 to remote] DEBUG org.asynchttpclient.netty.request.NettyRequestSender -- Using pooled Channel '[id: 0xd850032e, L:/127.0.0.1:49363 - R:/127.0.0.1:4723]' for 'POST' to 'http://127.0.0.1:4723/session/696d5a63-2fa6-4c58-aa4b-301db3fc4d53/element'
21:53:55.159 [Forwarding findElement on session 696d5a63-2fa6-4c58-aa4b-301db3fc4d53 to remote] DEBUG org.asynchttpclient.netty.request.NettyRequestSender -- Using open Channel [id: 0xd850032e, L:/127.0.0.1:49363 - R:/127.0.0.1:4723] for POST '/session/696d5a63-2fa6-4c58-aa4b-301db3fc4d53/element'
21:53:55.186 [AsyncHttpClient-1-2] DEBUG org.asynchttpclient.netty.handler.HttpHandler -- 

Request DefaultHttpRequest(decodeResult: success, version: HTTP/1.1)
POST /session/696d5a63-2fa6-4c58-aa4b-301db3fc4d53/element HTTP/1.1
User-Agent: appium/8.3.0 (selenium/4.8.3 (java mac))
Content-Length: 149
Content-Type: application/json; charset=utf-8
host: 127.0.0.1:4723
accept: */*

Response DefaultHttpResponse(decodeResult: success, version: HTTP/1.1)
HTTP/1.1 200 OK
X-Powered-By: Express
Vary: X-HTTP-Method-Override
Content-Type: application/json; charset=utf-8
Content-Length: 215
ETag: W/"d7-8MyyvWnZJlokt1wX5PqrwGeoT8Q"
Date: Sun, 06 Apr 2025 13:53:55 GMT
Connection: keep-alive
Keep-Alive: timeout=600

21:53:55.186 [AsyncHttpClient-1-2] DEBUG org.asynchttpclient.netty.channel.ChannelManager -- Adding key: http://127.0.0.1:4723 for channel [id: 0xd850032e, L:/127.0.0.1:49363 - R:/127.0.0.1:4723]
21:53:55.187 [Forwarding isElementDisplayed on session 696d5a63-2fa6-4c58-aa4b-301db3fc4d53 to remote] DEBUG org.asynchttpclient.netty.request.NettyRequestSender -- Using pooled Channel '[id: 0xd850032e, L:/127.0.0.1:49363 - R:/127.0.0.1:4723]' for 'GET' to 'http://127.0.0.1:4723/session/696d5a63-2fa6-4c58-aa4b-301db3fc4d53/element/f.D7846A00DAD41DB50A10A1C4178F86F0.d.B4D82D6ED8C7FD89C90092655B5DCA70.e.433/displayed'
21:53:55.187 [Forwarding isElementDisplayed on session 696d5a63-2fa6-4c58-aa4b-301db3fc4d53 to remote] DEBUG org.asynchttpclient.netty.request.NettyRequestSender -- Using open Channel [id: 0xd850032e, L:/127.0.0.1:49363 - R:/127.0.0.1:4723] for GET '/session/696d5a63-2fa6-4c58-aa4b-301db3fc4d53/element/f.D7846A00DAD41DB50A10A1C4178F86F0.d.B4D82D6ED8C7FD89C90092655B5DCA70.e.433/displayed'
21:53:55.211 [AsyncHttpClient-1-2] DEBUG org.asynchttpclient.netty.handler.HttpHandler -- 

Request DefaultFullHttpRequest(decodeResult: success, version: HTTP/1.1, content: EmptyByteBufBE)
GET /session/696d5a63-2fa6-4c58-aa4b-301db3fc4d53/element/f.D7846A00DAD41DB50A10A1C4178F86F0.d.B4D82D6ED8C7FD89C90092655B5DCA70.e.433/displayed HTTP/1.1
Cache-Control: no-cache
User-Agent: appium/8.3.0 (selenium/4.8.3 (java mac))
Content-Type: application/json; charset=utf-8
host: 127.0.0.1:4723
accept: */*

Response DefaultHttpResponse(decodeResult: success, version: HTTP/1.1)
HTTP/1.1 200 OK
X-Powered-By: Express
Content-Type: application/json; charset=utf-8
Content-Length: 14
ETag: W/"e-2ZHvAWebNQpyjGZTg6uyV8/spTo"
Date: Sun, 06 Apr 2025 13:53:55 GMT
Connection: keep-alive
Keep-Alive: timeout=600

21:53:55.211 [AsyncHttpClient-1-2] DEBUG org.asynchttpclient.netty.channel.ChannelManager -- Adding key: http://127.0.0.1:4723 for channel [id: 0xd850032e, L:/127.0.0.1:49363 - R:/127.0.0.1:4723]
貸款年限-其他選項輸入非整數ErrorHandling驗證通過！
21:53:55.212 [Forwarding switchToFrame on session 696d5a63-2fa6-4c58-aa4b-301db3fc4d53 to remote] DEBUG org.asynchttpclient.netty.request.NettyRequestSender -- Using pooled Channel '[id: 0xd850032e, L:/127.0.0.1:49363 - R:/127.0.0.1:4723]' for 'POST' to 'http://127.0.0.1:4723/session/696d5a63-2fa6-4c58-aa4b-301db3fc4d53/frame'
21:53:55.213 [Forwarding switchToFrame on session 696d5a63-2fa6-4c58-aa4b-301db3fc4d53 to remote] DEBUG org.asynchttpclient.netty.request.NettyRequestSender -- Using open Channel [id: 0xd850032e, L:/127.0.0.1:49363 - R:/127.0.0.1:4723] for POST '/session/696d5a63-2fa6-4c58-aa4b-301db3fc4d53/frame'
21:53:55.219 [AsyncHttpClient-1-2] DEBUG org.asynchttpclient.netty.handler.HttpHandler -- 

Request DefaultHttpRequest(decodeResult: success, version: HTTP/1.1)
POST /session/696d5a63-2fa6-4c58-aa4b-301db3fc4d53/frame HTTP/1.1
User-Agent: appium/8.3.0 (selenium/4.8.3 (java mac))
Content-Length: 16
Content-Type: application/json; charset=utf-8
host: 127.0.0.1:4723
accept: */*

Response DefaultHttpResponse(decodeResult: success, version: HTTP/1.1)
HTTP/1.1 200 OK
X-Powered-By: Express
Vary: X-HTTP-Method-Override
Content-Type: application/json; charset=utf-8
Content-Length: 14
ETag: W/"e-9/1BuKMgFObM1mWJm+YjxtXJnUM"
Date: Sun, 06 Apr 2025 13:53:55 GMT
Connection: keep-alive
Keep-Alive: timeout=600

21:53:55.219 [AsyncHttpClient-1-2] DEBUG org.asynchttpclient.netty.channel.ChannelManager -- Adding key: http://127.0.0.1:4723 for channel [id: 0xd850032e, L:/127.0.0.1:49363 - R:/127.0.0.1:4723]
]]></system-out>
  </testcase>
  <testcase name="testErrorHandlingLocationSelectionAll" classname="com.cathay.test.tests.MortgageCalculatorTest" time="3.152">
    <system-out><![CDATA[21:53:55.220 [main] INFO com.cathay.test.tests.MortgageCalculatorTest -- 正在清理 driver session: 696d5a63-2fa6-4c58-aa4b-301db3fc4d53
21:53:55.220 [main] INFO  com.cathay.test.config.AppiumConfig - 正在關閉 Driver...
21:53:55.221 [Forwarding quit on session 696d5a63-2fa6-4c58-aa4b-301db3fc4d53 to remote] DEBUG org.asynchttpclient.netty.request.NettyRequestSender -- Using pooled Channel '[id: 0xd850032e, L:/127.0.0.1:49363 - R:/127.0.0.1:4723]' for 'DELETE' to 'http://127.0.0.1:4723/session/696d5a63-2fa6-4c58-aa4b-301db3fc4d53'
21:53:55.221 [Forwarding quit on session 696d5a63-2fa6-4c58-aa4b-301db3fc4d53 to remote] DEBUG org.asynchttpclient.netty.request.NettyRequestSender -- Using open Channel [id: 0xd850032e, L:/127.0.0.1:49363 - R:/127.0.0.1:4723] for DELETE '/session/696d5a63-2fa6-4c58-aa4b-301db3fc4d53'
21:53:55.808 [AsyncHttpClient-1-2] DEBUG org.asynchttpclient.netty.handler.HttpHandler -- 

Request DefaultFullHttpRequest(decodeResult: success, version: HTTP/1.1, content: EmptyByteBufBE)
DELETE /session/696d5a63-2fa6-4c58-aa4b-301db3fc4d53 HTTP/1.1
User-Agent: appium/8.3.0 (selenium/4.8.3 (java mac))
Content-Type: application/json; charset=utf-8
host: 127.0.0.1:4723
accept: */*

Response DefaultHttpResponse(decodeResult: success, version: HTTP/1.1)
HTTP/1.1 200 OK
X-Powered-By: Express
Content-Type: application/json; charset=utf-8
Content-Length: 14
ETag: W/"e-9/1BuKMgFObM1mWJm+YjxtXJnUM"
Date: Sun, 06 Apr 2025 13:53:55 GMT
Connection: keep-alive
Keep-Alive: timeout=600

21:53:55.808 [AsyncHttpClient-1-2] DEBUG org.asynchttpclient.netty.channel.ChannelManager -- Adding key: http://127.0.0.1:4723 for channel [id: 0xd850032e, L:/127.0.0.1:49363 - R:/127.0.0.1:4723]
21:53:55.808 [main] INFO  com.cathay.test.config.AppiumConfig - Driver 已成功關閉
21:53:55.808 [main] INFO com.cathay.test.tests.MortgageCalculatorTest -- MortgageCalculatorTest 清理完成
*******MortgageCalculatorTest.setUp() 執行！
21:53:55.809 [main] INFO  com.cathay.test.config.AppiumConfig - 開始初始化 MortgageCalculatorTest (嘗試 1/3)
21:53:55.810 [main] INFO  com.cathay.test.config.AppiumConfig - Appium 服務器可用
21:53:55.831 [main] INFO  com.cathay.test.config.AppiumConfig - Android 模擬器可用
21:53:55.835 [Forwarding newSession on session null to remote] DEBUG org.asynchttpclient.netty.request.NettyRequestSender -- Using pooled Channel '[id: 0xd850032e, L:/127.0.0.1:49363 - R:/127.0.0.1:4723]' for 'POST' to 'http://127.0.0.1:4723/session'
21:53:55.835 [Forwarding newSession on session null to remote] DEBUG org.asynchttpclient.netty.request.NettyRequestSender -- Using open Channel [id: 0xd850032e, L:/127.0.0.1:49363 - R:/127.0.0.1:4723] for POST '/session'
21:54:00.313 [AsyncHttpClient-1-2] DEBUG org.asynchttpclient.netty.handler.HttpHandler -- 

Request DefaultHttpRequest(decodeResult: success, version: HTTP/1.1)
POST /session HTTP/1.1
X-Idempotency-Key: ccf19745-7bbe-4103-b892-d36a638f009c
User-Agent: appium/8.3.0 (selenium/4.8.3 (java mac))
Content-Length: 952
Content-Type: application/json; charset=utf-8
host: 127.0.0.1:4723
accept: */*

Response DefaultHttpResponse(decodeResult: success, version: HTTP/1.1)
HTTP/1.1 200 OK
X-Powered-By: Express
Vary: X-HTTP-Method-Override
Content-Type: application/json; charset=utf-8
Content-Length: 1816
ETag: W/"718-zgGqp5e07yvuMGU61Q2Dek8MP/g"
Date: Sun, 06 Apr 2025 13:54:00 GMT
Connection: keep-alive
Keep-Alive: timeout=600

21:54:00.313 [AsyncHttpClient-1-2] DEBUG org.asynchttpclient.netty.channel.ChannelManager -- Adding key: http://127.0.0.1:4723 for channel [id: 0xd850032e, L:/127.0.0.1:49363 - R:/127.0.0.1:4723]
21:54:00.318 [Forwarding executeCdp on session 5d233f0d-0053-4ad5-a577-5178c3cbe0e9 to remote] DEBUG org.asynchttpclient.netty.request.NettyRequestSender -- Using pooled Channel '[id: 0xd850032e, L:/127.0.0.1:49363 - R:/127.0.0.1:4723]' for 'POST' to 'http://127.0.0.1:4723/session/5d233f0d-0053-4ad5-a577-5178c3cbe0e9/goog/cdp/execute'
21:54:00.318 [Forwarding executeCdp on session 5d233f0d-0053-4ad5-a577-5178c3cbe0e9 to remote] DEBUG org.asynchttpclient.netty.request.NettyRequestSender -- Using open Channel [id: 0xd850032e, L:/127.0.0.1:49363 - R:/127.0.0.1:4723] for POST '/session/5d233f0d-0053-4ad5-a577-5178c3cbe0e9/goog/cdp/execute'
21:54:00.345 [AsyncHttpClient-1-2] DEBUG org.asynchttpclient.netty.handler.HttpHandler -- 

Request DefaultHttpRequest(decodeResult: success, version: HTTP/1.1)
POST /session/5d233f0d-0053-4ad5-a577-5178c3cbe0e9/goog/cdp/execute HTTP/1.1
User-Agent: appium/8.3.0 (selenium/4.8.3 (java mac))
Content-Length: 87
Content-Type: application/json; charset=utf-8
host: 127.0.0.1:4723
accept: */*

Response DefaultHttpResponse(decodeResult: success, version: HTTP/1.1)
HTTP/1.1 404 Not Found
X-Powered-By: Express
Vary: X-HTTP-Method-Override
Content-Type: application/json; charset=utf-8
Content-Length: 1990
ETag: W/"7c6-i1Hz01c2ATk2KRrAk9pY7byaWmw"
Date: Sun, 06 Apr 2025 13:54:00 GMT
Connection: keep-alive
Keep-Alive: timeout=600

21:54:00.345 [AsyncHttpClient-1-2] DEBUG org.asynchttpclient.netty.channel.ChannelManager -- Adding key: http://127.0.0.1:4723 for channel [id: 0xd850032e, L:/127.0.0.1:49363 - R:/127.0.0.1:4723]
21:54:00.347 [main] WARN  com.cathay.test.config.AppiumConfig - ⚠️ 設定第三方 Cookie 支援時發生例外: unknown command: 'Network.setCookieBlockingEnabled' wasn't found
  (Session info: chrome=128.0.6613.88)
Build info: version: '4.8.3', revision: 'e5e76298c3'
System info: os.name: 'Mac OS X', os.arch: 'aarch64', os.version: '13.4', java.version: '23.0.2'
Driver info: io.appium.java_client.android.AndroidDriver
Command: [5d233f0d-0053-4ad5-a577-5178c3cbe0e9, executeCdp {cmd=Network.setCookieBlockingEnabled, params={enabled=false}}]
Capabilities {appium:autoAcceptAlerts: true, appium:autoGrantPermissions: true, appium:automationName: UiAutomator2, appium:chromedriverExecutable: /opt/homebrew/bin/chromedriver, appium:databaseEnabled: false, appium:desired: {appActivity: com.android.chrome/com.goog..., appPackage: com.android.chrome, autoAcceptAlerts: true, autoGrantPermissions: true, automationName: UiAutomator2, browserName: chrome, chromedriverExecutable: /opt/homebrew/bin/chromedriver, deviceName: Pixel_3a_API_34_extension_l..., goog:chromeOptions: {args: [--no-sandbox, --disable-dev-shm-usage, --ignore-certificate-errors, --remote-allow-origins=*, --disable-features=SameSite..., --enable-features=NetworkSe...], w3c: true}, newCommandTimeout: 120, noReset: true, platformName: android, platformVersion: 16.0}, appium:deviceApiLevel: 36, appium:deviceManufacturer: Google, appium:deviceModel: sdk_gphone64_arm64, appium:deviceName: emulator-5554, appium:deviceScreenDensity: 420, appium:deviceScreenSize: 1080x2424, appium:deviceUDID: emulator-5554, appium:javascriptEnabled: true, appium:locationContextEnabled: false, appium:networkConnectionEnabled: true, appium:newCommandTimeout: 120, appium:noReset: true, appium:pixelRatio: 2.625, appium:platformVersion: 16, appium:statBarHeight: 137, appium:takesScreenshot: true, appium:viewportRect: {height: 2287, left: 0, top: 137, width: 1080}, appium:warnings: {}, appium:webStorageEnabled: false, browserName: chrome, goog:chromeOptions: {args: [--no-sandbox, --disable-dev-shm-usage, --ignore-certificate-errors, --remote-allow-origins=*, --disable-features=SameSite..., --enable-features=NetworkSe...], w3c: true}, platformName: ANDROID}
Session ID: 5d233f0d-0053-4ad5-a577-5178c3cbe0e9
21:54:00.905 [AsyncHttpClient-1-1] DEBUG org.asynchttpclient.netty.channel.DefaultChannelPool -- Entry count for : http://127.0.0.1:4723 : 1
21:54:02.000 [AsyncHttpClient-1-1] DEBUG org.asynchttpclient.netty.channel.DefaultChannelPool -- Entry count for : http://127.0.0.1:4723 : 1
21:54:03.104 [AsyncHttpClient-1-1] DEBUG org.asynchttpclient.netty.channel.DefaultChannelPool -- Entry count for : http://127.0.0.1:4723 : 1
21:54:03.350 [main] INFO  com.cathay.test.config.AppiumConfig - Driver session ID: 5d233f0d-0053-4ad5-a577-5178c3cbe0e9
21:54:03.351 [Forwarding get on session 5d233f0d-0053-4ad5-a577-5178c3cbe0e9 to remote] DEBUG org.asynchttpclient.netty.request.NettyRequestSender -- Using pooled Channel '[id: 0xd850032e, L:/127.0.0.1:49363 - R:/127.0.0.1:4723]' for 'POST' to 'http://127.0.0.1:4723/session/5d233f0d-0053-4ad5-a577-5178c3cbe0e9/url'
21:54:03.351 [Forwarding get on session 5d233f0d-0053-4ad5-a577-5178c3cbe0e9 to remote] DEBUG org.asynchttpclient.netty.request.NettyRequestSender -- Using open Channel [id: 0xd850032e, L:/127.0.0.1:49363 - R:/127.0.0.1:4723] for POST '/session/5d233f0d-0053-4ad5-a577-5178c3cbe0e9/url'
21:54:07.254 [AsyncHttpClient-1-2] DEBUG org.asynchttpclient.netty.handler.HttpHandler -- 

Request DefaultHttpRequest(decodeResult: success, version: HTTP/1.1)
POST /session/5d233f0d-0053-4ad5-a577-5178c3cbe0e9/url HTTP/1.1
User-Agent: appium/8.3.0 (selenium/4.8.3 (java mac))
Content-Length: 133
Content-Type: application/json; charset=utf-8
host: 127.0.0.1:4723
accept: */*

Response DefaultHttpResponse(decodeResult: success, version: HTTP/1.1)
HTTP/1.1 200 OK
X-Powered-By: Express
Vary: X-HTTP-Method-Override
Content-Type: application/json; charset=utf-8
Content-Length: 14
ETag: W/"e-9/1BuKMgFObM1mWJm+YjxtXJnUM"
Date: Sun, 06 Apr 2025 13:54:07 GMT
Connection: keep-alive
Keep-Alive: timeout=600

21:54:07.255 [AsyncHttpClient-1-2] DEBUG org.asynchttpclient.netty.channel.ChannelManager -- Adding key: http://127.0.0.1:4723 for channel [id: 0xd850032e, L:/127.0.0.1:49363 - R:/127.0.0.1:4723]
21:54:07.256 [Forwarding getCurrentUrl on session 5d233f0d-0053-4ad5-a577-5178c3cbe0e9 to remote] DEBUG org.asynchttpclient.netty.request.NettyRequestSender -- Using pooled Channel '[id: 0xd850032e, L:/127.0.0.1:49363 - R:/127.0.0.1:4723]' for 'GET' to 'http://127.0.0.1:4723/session/5d233f0d-0053-4ad5-a577-5178c3cbe0e9/url'
21:54:07.256 [Forwarding getCurrentUrl on session 5d233f0d-0053-4ad5-a577-5178c3cbe0e9 to remote] DEBUG org.asynchttpclient.netty.request.NettyRequestSender -- Using open Channel [id: 0xd850032e, L:/127.0.0.1:49363 - R:/127.0.0.1:4723] for GET '/session/5d233f0d-0053-4ad5-a577-5178c3cbe0e9/url'
21:54:07.284 [AsyncHttpClient-1-2] DEBUG org.asynchttpclient.netty.handler.HttpHandler -- 

Request DefaultFullHttpRequest(decodeResult: success, version: HTTP/1.1, content: EmptyByteBufBE)
GET /session/5d233f0d-0053-4ad5-a577-5178c3cbe0e9/url HTTP/1.1
Cache-Control: no-cache
User-Agent: appium/8.3.0 (selenium/4.8.3 (java mac))
Content-Type: application/json; charset=utf-8
host: 127.0.0.1:4723
accept: */*

Response DefaultHttpResponse(decodeResult: success, version: HTTP/1.1)
HTTP/1.1 200 OK
X-Powered-By: Express
Content-Type: application/json; charset=utf-8
Content-Length: 90
ETag: W/"5a-SVzTdoqQsw2ztnbhgzn9TDJ+oVM"
Date: Sun, 06 Apr 2025 13:54:07 GMT
Connection: keep-alive
Keep-Alive: timeout=600

21:54:07.284 [AsyncHttpClient-1-2] DEBUG org.asynchttpclient.netty.channel.ChannelManager -- Adding key: http://127.0.0.1:4723 for channel [id: 0xd850032e, L:/127.0.0.1:49363 - R:/127.0.0.1:4723]
*********3rd party cookie Current URL: https://www.cathaybk.com.tw/cathaybk/personal/loan/calculator/mortgage-budget/
21:54:07.285 [Forwarding getCookies on session 5d233f0d-0053-4ad5-a577-5178c3cbe0e9 to remote] DEBUG org.asynchttpclient.netty.request.NettyRequestSender -- Using pooled Channel '[id: 0xd850032e, L:/127.0.0.1:49363 - R:/127.0.0.1:4723]' for 'GET' to 'http://127.0.0.1:4723/session/5d233f0d-0053-4ad5-a577-5178c3cbe0e9/cookie'
21:54:07.285 [Forwarding getCookies on session 5d233f0d-0053-4ad5-a577-5178c3cbe0e9 to remote] DEBUG org.asynchttpclient.netty.request.NettyRequestSender -- Using open Channel [id: 0xd850032e, L:/127.0.0.1:49363 - R:/127.0.0.1:4723] for GET '/session/5d233f0d-0053-4ad5-a577-5178c3cbe0e9/cookie'
21:54:07.312 [AsyncHttpClient-1-2] DEBUG org.asynchttpclient.netty.handler.HttpHandler -- 

Request DefaultFullHttpRequest(decodeResult: success, version: HTTP/1.1, content: EmptyByteBufBE)
GET /session/5d233f0d-0053-4ad5-a577-5178c3cbe0e9/cookie HTTP/1.1
Cache-Control: no-cache
User-Agent: appium/8.3.0 (selenium/4.8.3 (java mac))
Content-Type: application/json; charset=utf-8
host: 127.0.0.1:4723
accept: */*

Response DefaultHttpResponse(decodeResult: success, version: HTTP/1.1)
HTTP/1.1 200 OK
X-Powered-By: Express
Content-Type: application/json; charset=utf-8
Content-Length: 4090
ETag: W/"ffa-ABR0dA4CjdkoKPNVuP1gZuHUziA"
Date: Sun, 06 Apr 2025 13:54:07 GMT
Connection: keep-alive
Keep-Alive: timeout=600

21:54:07.313 [AsyncHttpClient-1-2] DEBUG org.asynchttpclient.netty.channel.ChannelManager -- Adding key: http://127.0.0.1:4723 for channel [id: 0xd850032e, L:/127.0.0.1:49363 - R:/127.0.0.1:4723]
*********Cookie: citrix_ns_id = AAU7e4fyZzv5qkUHAAAAADvLSubBRkGc__LEOzVhuXsGFPjKXiRtWZ6HF_PA0YeQOw==AovyZw==Uz03UK8cIIuemFpdQlNMAngQlSo=
*********Cookie: ASP.NET_SessionId = 0lqzacdpmrgomjbhhbgw2ab5
*********Cookie: _ss_pp_id = a9370777fea150c18051743918846336
*********Cookie: __lt__sid = dc0acf85-4cc6cea8
*********Cookie: _mg_ckp = eyJja1RrZERGIjoiIn0=
*********Cookie: cathaybk_new = 4bb3a3d8d4f078cfaa7badb04abb60df7ed08c3d037be7593e9c32d57ce56d7fc2c8d446
*********Cookie: __mguid_ = 2f780dd6b49f442084d4bea45d6640d0
*********Cookie: FingerprintCookie = a83734ca5c2401a34f4ad325dff7c9ff
*********Cookie: shell#lang = en
*********Cookie: mbox = session#93d6cb5439d148e383d50f1c81aeb907#1743949507|PC#93d6cb5439d148e383d50f1c81aeb907.32_0#1807192447
*********Cookie: _td = 3f0bb721-037c-4e16-b97b-8bb03cbbc34e
*********Cookie: _uetvid = 9b326e0012ee11f089c0c1609408c675
*********Cookie: usy46gabsosd = cubcsa_17439476450000.2d2bdc70280c6a390187a5399f185e36_7465
*********Cookie: _uetsid = 9b2f4a6012ee11f0add62b34ab510510
*********Cookie: AMCV_B877A5DB584931AC0A495EAA%40AdobeOrg = 1585540135%7CMCIDTS%7C20185%7CMCMID%7C88362948336773946641814822383189254539%7CMCAAMLH-1744552445%7C11%7CMCAAMB-1744552445%7C6G1ynYcLPuiQxYZrsz_pkqfLG9yMXBpb2zX5dvJdYQJzPXImdj0y%7CMCCIDH%7C1062709688%7CMCOPTOUT-1743954845s%7CNONE%7CMCSYNCSOP%7C411-20192%7CvVersion%7C4.4.0
*********Cookie: _ga_T2T689XRGT = GS1.1.1743947646.1.0.1743947646.60.0.0
*********Cookie: _ga = GA1.1.1762320842.1743947646
*********Cookie: _fbp = fb.2.1743947646239.840367034639901582
*********Cookie: at_check = true
*********Cookie: __lt__cid = a651afa6-cb23-44e2-93ce-64bd056a8437
*********Cookie: _gcl_au = 1.1.710759525.1743947645
*********Cookie: AMCVS_B877A5DB584931AC0A495EAA%40AdobeOrg = 1
21:54:07.315 [Forwarding getCurrentUrl on session 5d233f0d-0053-4ad5-a577-5178c3cbe0e9 to remote] DEBUG org.asynchttpclient.netty.request.NettyRequestSender -- Using pooled Channel '[id: 0xd850032e, L:/127.0.0.1:49363 - R:/127.0.0.1:4723]' for 'GET' to 'http://127.0.0.1:4723/session/5d233f0d-0053-4ad5-a577-5178c3cbe0e9/url'
21:54:07.315 [Forwarding getCurrentUrl on session 5d233f0d-0053-4ad5-a577-5178c3cbe0e9 to remote] DEBUG org.asynchttpclient.netty.request.NettyRequestSender -- Using open Channel [id: 0xd850032e, L:/127.0.0.1:49363 - R:/127.0.0.1:4723] for GET '/session/5d233f0d-0053-4ad5-a577-5178c3cbe0e9/url'
21:54:07.330 [AsyncHttpClient-1-2] DEBUG org.asynchttpclient.netty.handler.HttpHandler -- 

Request DefaultFullHttpRequest(decodeResult: success, version: HTTP/1.1, content: EmptyByteBufBE)
GET /session/5d233f0d-0053-4ad5-a577-5178c3cbe0e9/url HTTP/1.1
Cache-Control: no-cache
User-Agent: appium/8.3.0 (selenium/4.8.3 (java mac))
Content-Type: application/json; charset=utf-8
host: 127.0.0.1:4723
accept: */*

Response DefaultHttpResponse(decodeResult: success, version: HTTP/1.1)
HTTP/1.1 200 OK
X-Powered-By: Express
Content-Type: application/json; charset=utf-8
Content-Length: 90
ETag: W/"5a-SVzTdoqQsw2ztnbhgzn9TDJ+oVM"
Date: Sun, 06 Apr 2025 13:54:07 GMT
Connection: keep-alive
Keep-Alive: timeout=600

21:54:07.331 [AsyncHttpClient-1-2] DEBUG org.asynchttpclient.netty.channel.ChannelManager -- Adding key: http://127.0.0.1:4723 for channel [id: 0xd850032e, L:/127.0.0.1:49363 - R:/127.0.0.1:4723]
21:54:07.332 [Forwarding setTimeout on session 5d233f0d-0053-4ad5-a577-5178c3cbe0e9 to remote] DEBUG org.asynchttpclient.netty.request.NettyRequestSender -- Using pooled Channel '[id: 0xd850032e, L:/127.0.0.1:49363 - R:/127.0.0.1:4723]' for 'POST' to 'http://127.0.0.1:4723/session/5d233f0d-0053-4ad5-a577-5178c3cbe0e9/timeouts'
21:54:07.332 [Forwarding setTimeout on session 5d233f0d-0053-4ad5-a577-5178c3cbe0e9 to remote] DEBUG org.asynchttpclient.netty.request.NettyRequestSender -- Using open Channel [id: 0xd850032e, L:/127.0.0.1:49363 - R:/127.0.0.1:4723] for POST '/session/5d233f0d-0053-4ad5-a577-5178c3cbe0e9/timeouts'
21:54:07.335 [AsyncHttpClient-1-2] DEBUG org.asynchttpclient.netty.handler.HttpHandler -- 

Request DefaultHttpRequest(decodeResult: success, version: HTTP/1.1)
POST /session/5d233f0d-0053-4ad5-a577-5178c3cbe0e9/timeouts HTTP/1.1
User-Agent: appium/8.3.0 (selenium/4.8.3 (java mac))
Content-Length: 23
Content-Type: application/json; charset=utf-8
host: 127.0.0.1:4723
accept: */*

Response DefaultHttpResponse(decodeResult: success, version: HTTP/1.1)
HTTP/1.1 200 OK
X-Powered-By: Express
Vary: X-HTTP-Method-Override
Content-Type: application/json; charset=utf-8
Content-Length: 14
ETag: W/"e-9/1BuKMgFObM1mWJm+YjxtXJnUM"
Date: Sun, 06 Apr 2025 13:54:07 GMT
Connection: keep-alive
Keep-Alive: timeout=600

21:54:07.335 [AsyncHttpClient-1-2] DEBUG org.asynchttpclient.netty.channel.ChannelManager -- Adding key: http://127.0.0.1:4723 for channel [id: 0xd850032e, L:/127.0.0.1:49363 - R:/127.0.0.1:4723]
21:54:07.336 [Forwarding setTimeout on session 5d233f0d-0053-4ad5-a577-5178c3cbe0e9 to remote] DEBUG org.asynchttpclient.netty.request.NettyRequestSender -- Using pooled Channel '[id: 0xd850032e, L:/127.0.0.1:49363 - R:/127.0.0.1:4723]' for 'POST' to 'http://127.0.0.1:4723/session/5d233f0d-0053-4ad5-a577-5178c3cbe0e9/timeouts'
21:54:07.336 [Forwarding setTimeout on session 5d233f0d-0053-4ad5-a577-5178c3cbe0e9 to remote] DEBUG org.asynchttpclient.netty.request.NettyRequestSender -- Using open Channel [id: 0xd850032e, L:/127.0.0.1:49363 - R:/127.0.0.1:4723] for POST '/session/5d233f0d-0053-4ad5-a577-5178c3cbe0e9/timeouts'
21:54:07.339 [AsyncHttpClient-1-2] DEBUG org.asynchttpclient.netty.handler.HttpHandler -- 

Request DefaultHttpRequest(decodeResult: success, version: HTTP/1.1)
POST /session/5d233f0d-0053-4ad5-a577-5178c3cbe0e9/timeouts HTTP/1.1
User-Agent: appium/8.3.0 (selenium/4.8.3 (java mac))
Content-Length: 23
Content-Type: application/json; charset=utf-8
host: 127.0.0.1:4723
accept: */*

Response DefaultHttpResponse(decodeResult: success, version: HTTP/1.1)
HTTP/1.1 200 OK
X-Powered-By: Express
Vary: X-HTTP-Method-Override
Content-Type: application/json; charset=utf-8
Content-Length: 14
ETag: W/"e-9/1BuKMgFObM1mWJm+YjxtXJnUM"
Date: Sun, 06 Apr 2025 13:54:07 GMT
Connection: keep-alive
Keep-Alive: timeout=600

21:54:07.339 [AsyncHttpClient-1-2] DEBUG org.asynchttpclient.netty.channel.ChannelManager -- Adding key: http://127.0.0.1:4723 for channel [id: 0xd850032e, L:/127.0.0.1:49363 - R:/127.0.0.1:4723]
21:54:07.340 [Forwarding setTimeout on session 5d233f0d-0053-4ad5-a577-5178c3cbe0e9 to remote] DEBUG org.asynchttpclient.netty.request.NettyRequestSender -- Using pooled Channel '[id: 0xd850032e, L:/127.0.0.1:49363 - R:/127.0.0.1:4723]' for 'POST' to 'http://127.0.0.1:4723/session/5d233f0d-0053-4ad5-a577-5178c3cbe0e9/timeouts'
21:54:07.340 [Forwarding setTimeout on session 5d233f0d-0053-4ad5-a577-5178c3cbe0e9 to remote] DEBUG org.asynchttpclient.netty.request.NettyRequestSender -- Using open Channel [id: 0xd850032e, L:/127.0.0.1:49363 - R:/127.0.0.1:4723] for POST '/session/5d233f0d-0053-4ad5-a577-5178c3cbe0e9/timeouts'
21:54:07.342 [AsyncHttpClient-1-2] DEBUG org.asynchttpclient.netty.handler.HttpHandler -- 

Request DefaultHttpRequest(decodeResult: success, version: HTTP/1.1)
POST /session/5d233f0d-0053-4ad5-a577-5178c3cbe0e9/timeouts HTTP/1.1
User-Agent: appium/8.3.0 (selenium/4.8.3 (java mac))
Content-Length: 21
Content-Type: application/json; charset=utf-8
host: 127.0.0.1:4723
accept: */*

Response DefaultHttpResponse(decodeResult: success, version: HTTP/1.1)
HTTP/1.1 200 OK
X-Powered-By: Express
Vary: X-HTTP-Method-Override
Content-Type: application/json; charset=utf-8
Content-Length: 14
ETag: W/"e-9/1BuKMgFObM1mWJm+YjxtXJnUM"
Date: Sun, 06 Apr 2025 13:54:07 GMT
Connection: keep-alive
Keep-Alive: timeout=600

21:54:07.342 [AsyncHttpClient-1-2] DEBUG org.asynchttpclient.netty.channel.ChannelManager -- Adding key: http://127.0.0.1:4723 for channel [id: 0xd850032e, L:/127.0.0.1:49363 - R:/127.0.0.1:4723]
21:54:07.342 [main] INFO  com.cathay.test.config.AppiumConfig - MortgageCalculatorTest 初始化完成
21:54:07.343 [main] INFO com.cathay.test.tests.MortgageCalculatorTest -- 驗證 driver session 與重新導頁...
21:54:07.343 [Forwarding get on session 5d233f0d-0053-4ad5-a577-5178c3cbe0e9 to remote] DEBUG org.asynchttpclient.netty.request.NettyRequestSender -- Using pooled Channel '[id: 0xd850032e, L:/127.0.0.1:49363 - R:/127.0.0.1:4723]' for 'POST' to 'http://127.0.0.1:4723/session/5d233f0d-0053-4ad5-a577-5178c3cbe0e9/url'
21:54:07.343 [Forwarding get on session 5d233f0d-0053-4ad5-a577-5178c3cbe0e9 to remote] DEBUG org.asynchttpclient.netty.request.NettyRequestSender -- Using open Channel [id: 0xd850032e, L:/127.0.0.1:49363 - R:/127.0.0.1:4723] for POST '/session/5d233f0d-0053-4ad5-a577-5178c3cbe0e9/url'
21:54:08.822 [AsyncHttpClient-1-2] DEBUG org.asynchttpclient.netty.handler.HttpHandler -- 

Request DefaultHttpRequest(decodeResult: success, version: HTTP/1.1)
POST /session/5d233f0d-0053-4ad5-a577-5178c3cbe0e9/url HTTP/1.1
User-Agent: appium/8.3.0 (selenium/4.8.3 (java mac))
Content-Length: 133
Content-Type: application/json; charset=utf-8
host: 127.0.0.1:4723
accept: */*

Response DefaultHttpResponse(decodeResult: success, version: HTTP/1.1)
HTTP/1.1 200 OK
X-Powered-By: Express
Vary: X-HTTP-Method-Override
Content-Type: application/json; charset=utf-8
Content-Length: 14
ETag: W/"e-9/1BuKMgFObM1mWJm+YjxtXJnUM"
Date: Sun, 06 Apr 2025 13:54:08 GMT
Connection: keep-alive
Keep-Alive: timeout=600

21:54:08.822 [AsyncHttpClient-1-2] DEBUG org.asynchttpclient.netty.channel.ChannelManager -- Adding key: http://127.0.0.1:4723 for channel [id: 0xd850032e, L:/127.0.0.1:49363 - R:/127.0.0.1:4723]
21:54:08.823 [Forwarding getCurrentUrl on session 5d233f0d-0053-4ad5-a577-5178c3cbe0e9 to remote] DEBUG org.asynchttpclient.netty.request.NettyRequestSender -- Using pooled Channel '[id: 0xd850032e, L:/127.0.0.1:49363 - R:/127.0.0.1:4723]' for 'GET' to 'http://127.0.0.1:4723/session/5d233f0d-0053-4ad5-a577-5178c3cbe0e9/url'
21:54:08.823 [Forwarding getCurrentUrl on session 5d233f0d-0053-4ad5-a577-5178c3cbe0e9 to remote] DEBUG org.asynchttpclient.netty.request.NettyRequestSender -- Using open Channel [id: 0xd850032e, L:/127.0.0.1:49363 - R:/127.0.0.1:4723] for GET '/session/5d233f0d-0053-4ad5-a577-5178c3cbe0e9/url'
21:54:08.837 [AsyncHttpClient-1-2] DEBUG org.asynchttpclient.netty.handler.HttpHandler -- 

Request DefaultFullHttpRequest(decodeResult: success, version: HTTP/1.1, content: EmptyByteBufBE)
GET /session/5d233f0d-0053-4ad5-a577-5178c3cbe0e9/url HTTP/1.1
Cache-Control: no-cache
User-Agent: appium/8.3.0 (selenium/4.8.3 (java mac))
Content-Type: application/json; charset=utf-8
host: 127.0.0.1:4723
accept: */*

Response DefaultHttpResponse(decodeResult: success, version: HTTP/1.1)
HTTP/1.1 200 OK
X-Powered-By: Express
Content-Type: application/json; charset=utf-8
Content-Length: 90
ETag: W/"5a-SVzTdoqQsw2ztnbhgzn9TDJ+oVM"
Date: Sun, 06 Apr 2025 13:54:08 GMT
Connection: keep-alive
Keep-Alive: timeout=600

21:54:08.838 [AsyncHttpClient-1-2] DEBUG org.asynchttpclient.netty.channel.ChannelManager -- Adding key: http://127.0.0.1:4723 for channel [id: 0xd850032e, L:/127.0.0.1:49363 - R:/127.0.0.1:4723]
*********3rd party cookie Current URL: https://www.cathaybk.com.tw/cathaybk/personal/loan/calculator/mortgage-budget/
21:54:08.838 [Forwarding getCookies on session 5d233f0d-0053-4ad5-a577-5178c3cbe0e9 to remote] DEBUG org.asynchttpclient.netty.request.NettyRequestSender -- Using pooled Channel '[id: 0xd850032e, L:/127.0.0.1:49363 - R:/127.0.0.1:4723]' for 'GET' to 'http://127.0.0.1:4723/session/5d233f0d-0053-4ad5-a577-5178c3cbe0e9/cookie'
21:54:08.839 [Forwarding getCookies on session 5d233f0d-0053-4ad5-a577-5178c3cbe0e9 to remote] DEBUG org.asynchttpclient.netty.request.NettyRequestSender -- Using open Channel [id: 0xd850032e, L:/127.0.0.1:49363 - R:/127.0.0.1:4723] for GET '/session/5d233f0d-0053-4ad5-a577-5178c3cbe0e9/cookie'
21:54:08.859 [AsyncHttpClient-1-2] DEBUG org.asynchttpclient.netty.handler.HttpHandler -- 

Request DefaultFullHttpRequest(decodeResult: success, version: HTTP/1.1, content: EmptyByteBufBE)
GET /session/5d233f0d-0053-4ad5-a577-5178c3cbe0e9/cookie HTTP/1.1
Cache-Control: no-cache
User-Agent: appium/8.3.0 (selenium/4.8.3 (java mac))
Content-Type: application/json; charset=utf-8
host: 127.0.0.1:4723
accept: */*

Response DefaultHttpResponse(decodeResult: success, version: HTTP/1.1)
HTTP/1.1 200 OK
X-Powered-By: Express
Content-Type: application/json; charset=utf-8
Content-Length: 4090
ETag: W/"ffa-S37OvVECjQ/hgLOBEv9+oAHJepY"
Date: Sun, 06 Apr 2025 13:54:08 GMT
Connection: keep-alive
Keep-Alive: timeout=600

21:54:08.860 [AsyncHttpClient-1-2] DEBUG org.asynchttpclient.netty.channel.ChannelManager -- Adding key: http://127.0.0.1:4723 for channel [id: 0xd850032e, L:/127.0.0.1:49363 - R:/127.0.0.1:4723]
*********Cookie: citrix_ns_id = AAU7e4fyZzv5qkUHAAAAADvLSubBRkGc__LEOzVhuXsGFPjKXiRtWZ6HF_PA0YeQOw==BIvyZw==ipIiQvgcVN4eOwdaBOEgPT075iw=
*********Cookie: ASP.NET_SessionId = 0lqzacdpmrgomjbhhbgw2ab5
*********Cookie: _ss_pp_id = a9370777fea150c18051743918846336
*********Cookie: __lt__sid = dc0acf85-4cc6cea8
*********Cookie: _mg_ckp = eyJja1RrZERGIjoiIn0=
*********Cookie: cathaybk_new = 4bb3a3d8d4f078cfaa7badb04abb60df7ed08c3d037be7593e9c32d57ce56d7fc2c8d446
*********Cookie: __mguid_ = 2f780dd6b49f442084d4bea45d6640d0
*********Cookie: FingerprintCookie = a83734ca5c2401a34f4ad325dff7c9ff
*********Cookie: shell#lang = en
*********Cookie: mbox = session#93d6cb5439d148e383d50f1c81aeb907#1743949509|PC#93d6cb5439d148e383d50f1c81aeb907.32_0#1807192449
*********Cookie: _td = 3f0bb721-037c-4e16-b97b-8bb03cbbc34e
*********Cookie: _uetvid = 9b326e0012ee11f089c0c1609408c675
*********Cookie: usy46gabsosd = cubcsa_17439476450000.2d2bdc70280c6a390187a5399f185e36_7465
*********Cookie: _uetsid = 9b2f4a6012ee11f0add62b34ab510510
*********Cookie: _ga_T2T689XRGT = GS1.1.1743947646.1.1.1743947648.58.0.0
*********Cookie: AMCV_B877A5DB584931AC0A495EAA%40AdobeOrg = 1585540135%7CMCIDTS%7C20185%7CMCMID%7C88362948336773946641814822383189254539%7CMCAAMLH-1744552445%7C11%7CMCAAMB-1744552445%7C6G1ynYcLPuiQxYZrsz_pkqfLG9yMXBpb2zX5dvJdYQJzPXImdj0y%7CMCCIDH%7C1062709688%7CMCOPTOUT-1743954845s%7CNONE%7CMCSYNCSOP%7C411-20192%7CvVersion%7C4.4.0
*********Cookie: _ga = GA1.1.1762320842.1743947646
*********Cookie: _fbp = fb.2.1743947646239.840367034639901582
*********Cookie: at_check = true
*********Cookie: __lt__cid = a651afa6-cb23-44e2-93ce-64bd056a8437
*********Cookie: _gcl_au = 1.1.710759525.1743947645
*********Cookie: AMCVS_B877A5DB584931AC0A495EAA%40AdobeOrg = 1
21:54:08.862 [Forwarding getCurrentUrl on session 5d233f0d-0053-4ad5-a577-5178c3cbe0e9 to remote] DEBUG org.asynchttpclient.netty.request.NettyRequestSender -- Using pooled Channel '[id: 0xd850032e, L:/127.0.0.1:49363 - R:/127.0.0.1:4723]' for 'GET' to 'http://127.0.0.1:4723/session/5d233f0d-0053-4ad5-a577-5178c3cbe0e9/url'
21:54:08.862 [Forwarding getCurrentUrl on session 5d233f0d-0053-4ad5-a577-5178c3cbe0e9 to remote] DEBUG org.asynchttpclient.netty.request.NettyRequestSender -- Using open Channel [id: 0xd850032e, L:/127.0.0.1:49363 - R:/127.0.0.1:4723] for GET '/session/5d233f0d-0053-4ad5-a577-5178c3cbe0e9/url'
21:54:08.877 [AsyncHttpClient-1-2] DEBUG org.asynchttpclient.netty.handler.HttpHandler -- 

Request DefaultFullHttpRequest(decodeResult: success, version: HTTP/1.1, content: EmptyByteBufBE)
GET /session/5d233f0d-0053-4ad5-a577-5178c3cbe0e9/url HTTP/1.1
Cache-Control: no-cache
User-Agent: appium/8.3.0 (selenium/4.8.3 (java mac))
Content-Type: application/json; charset=utf-8
host: 127.0.0.1:4723
accept: */*

Response DefaultHttpResponse(decodeResult: success, version: HTTP/1.1)
HTTP/1.1 200 OK
X-Powered-By: Express
Content-Type: application/json; charset=utf-8
Content-Length: 90
ETag: W/"5a-SVzTdoqQsw2ztnbhgzn9TDJ+oVM"
Date: Sun, 06 Apr 2025 13:54:08 GMT
Connection: keep-alive
Keep-Alive: timeout=600

21:54:08.877 [AsyncHttpClient-1-2] DEBUG org.asynchttpclient.netty.channel.ChannelManager -- Adding key: http://127.0.0.1:4723 for channel [id: 0xd850032e, L:/127.0.0.1:49363 - R:/127.0.0.1:4723]
21:54:08.878 [Forwarding setTimeout on session 5d233f0d-0053-4ad5-a577-5178c3cbe0e9 to remote] DEBUG org.asynchttpclient.netty.request.NettyRequestSender -- Using pooled Channel '[id: 0xd850032e, L:/127.0.0.1:49363 - R:/127.0.0.1:4723]' for 'POST' to 'http://127.0.0.1:4723/session/5d233f0d-0053-4ad5-a577-5178c3cbe0e9/timeouts'
21:54:08.878 [Forwarding setTimeout on session 5d233f0d-0053-4ad5-a577-5178c3cbe0e9 to remote] DEBUG org.asynchttpclient.netty.request.NettyRequestSender -- Using open Channel [id: 0xd850032e, L:/127.0.0.1:49363 - R:/127.0.0.1:4723] for POST '/session/5d233f0d-0053-4ad5-a577-5178c3cbe0e9/timeouts'
21:54:08.881 [AsyncHttpClient-1-2] DEBUG org.asynchttpclient.netty.handler.HttpHandler -- 

Request DefaultHttpRequest(decodeResult: success, version: HTTP/1.1)
POST /session/5d233f0d-0053-4ad5-a577-5178c3cbe0e9/timeouts HTTP/1.1
User-Agent: appium/8.3.0 (selenium/4.8.3 (java mac))
Content-Length: 23
Content-Type: application/json; charset=utf-8
host: 127.0.0.1:4723
accept: */*

Response DefaultHttpResponse(decodeResult: success, version: HTTP/1.1)
HTTP/1.1 200 OK
X-Powered-By: Express
Vary: X-HTTP-Method-Override
Content-Type: application/json; charset=utf-8
Content-Length: 14
ETag: W/"e-9/1BuKMgFObM1mWJm+YjxtXJnUM"
Date: Sun, 06 Apr 2025 13:54:08 GMT
Connection: keep-alive
Keep-Alive: timeout=600

21:54:08.881 [AsyncHttpClient-1-2] DEBUG org.asynchttpclient.netty.channel.ChannelManager -- Adding key: http://127.0.0.1:4723 for channel [id: 0xd850032e, L:/127.0.0.1:49363 - R:/127.0.0.1:4723]
21:54:08.882 [Forwarding setTimeout on session 5d233f0d-0053-4ad5-a577-5178c3cbe0e9 to remote] DEBUG org.asynchttpclient.netty.request.NettyRequestSender -- Using pooled Channel '[id: 0xd850032e, L:/127.0.0.1:49363 - R:/127.0.0.1:4723]' for 'POST' to 'http://127.0.0.1:4723/session/5d233f0d-0053-4ad5-a577-5178c3cbe0e9/timeouts'
21:54:08.882 [Forwarding setTimeout on session 5d233f0d-0053-4ad5-a577-5178c3cbe0e9 to remote] DEBUG org.asynchttpclient.netty.request.NettyRequestSender -- Using open Channel [id: 0xd850032e, L:/127.0.0.1:49363 - R:/127.0.0.1:4723] for POST '/session/5d233f0d-0053-4ad5-a577-5178c3cbe0e9/timeouts'
21:54:08.884 [AsyncHttpClient-1-2] DEBUG org.asynchttpclient.netty.handler.HttpHandler -- 

Request DefaultHttpRequest(decodeResult: success, version: HTTP/1.1)
POST /session/5d233f0d-0053-4ad5-a577-5178c3cbe0e9/timeouts HTTP/1.1
User-Agent: appium/8.3.0 (selenium/4.8.3 (java mac))
Content-Length: 23
Content-Type: application/json; charset=utf-8
host: 127.0.0.1:4723
accept: */*

Response DefaultHttpResponse(decodeResult: success, version: HTTP/1.1)
HTTP/1.1 200 OK
X-Powered-By: Express
Vary: X-HTTP-Method-Override
Content-Type: application/json; charset=utf-8
Content-Length: 14
ETag: W/"e-9/1BuKMgFObM1mWJm+YjxtXJnUM"
Date: Sun, 06 Apr 2025 13:54:08 GMT
Connection: keep-alive
Keep-Alive: timeout=600

21:54:08.884 [AsyncHttpClient-1-2] DEBUG org.asynchttpclient.netty.channel.ChannelManager -- Adding key: http://127.0.0.1:4723 for channel [id: 0xd850032e, L:/127.0.0.1:49363 - R:/127.0.0.1:4723]
21:54:08.885 [Forwarding setTimeout on session 5d233f0d-0053-4ad5-a577-5178c3cbe0e9 to remote] DEBUG org.asynchttpclient.netty.request.NettyRequestSender -- Using pooled Channel '[id: 0xd850032e, L:/127.0.0.1:49363 - R:/127.0.0.1:4723]' for 'POST' to 'http://127.0.0.1:4723/session/5d233f0d-0053-4ad5-a577-5178c3cbe0e9/timeouts'
21:54:08.885 [Forwarding setTimeout on session 5d233f0d-0053-4ad5-a577-5178c3cbe0e9 to remote] DEBUG org.asynchttpclient.netty.request.NettyRequestSender -- Using open Channel [id: 0xd850032e, L:/127.0.0.1:49363 - R:/127.0.0.1:4723] for POST '/session/5d233f0d-0053-4ad5-a577-5178c3cbe0e9/timeouts'
21:54:08.887 [AsyncHttpClient-1-2] DEBUG org.asynchttpclient.netty.handler.HttpHandler -- 

Request DefaultHttpRequest(decodeResult: success, version: HTTP/1.1)
POST /session/5d233f0d-0053-4ad5-a577-5178c3cbe0e9/timeouts HTTP/1.1
User-Agent: appium/8.3.0 (selenium/4.8.3 (java mac))
Content-Length: 21
Content-Type: application/json; charset=utf-8
host: 127.0.0.1:4723
accept: */*

Response DefaultHttpResponse(decodeResult: success, version: HTTP/1.1)
HTTP/1.1 200 OK
X-Powered-By: Express
Vary: X-HTTP-Method-Override
Content-Type: application/json; charset=utf-8
Content-Length: 14
ETag: W/"e-9/1BuKMgFObM1mWJm+YjxtXJnUM"
Date: Sun, 06 Apr 2025 13:54:08 GMT
Connection: keep-alive
Keep-Alive: timeout=600

21:54:08.887 [AsyncHttpClient-1-2] DEBUG org.asynchttpclient.netty.channel.ChannelManager -- Adding key: http://127.0.0.1:4723 for channel [id: 0xd850032e, L:/127.0.0.1:49363 - R:/127.0.0.1:4723]
21:54:08.888 [main] INFO com.cathay.test.tests.MortgageCalculatorTest -- MortgageCalculatorTest 驗證完成
房貸試算功能測試 - 房屋座落區域皆未選擇
21:54:08.888 [main] INFO com.cathay.test.tests.MortgageCalculatorTest -- 開始執行：testErrorHandlingLocationSelectionAll
21:54:08.888 [Forwarding get on session 5d233f0d-0053-4ad5-a577-5178c3cbe0e9 to remote] DEBUG org.asynchttpclient.netty.request.NettyRequestSender -- Using pooled Channel '[id: 0xd850032e, L:/127.0.0.1:49363 - R:/127.0.0.1:4723]' for 'POST' to 'http://127.0.0.1:4723/session/5d233f0d-0053-4ad5-a577-5178c3cbe0e9/url'
21:54:08.888 [Forwarding get on session 5d233f0d-0053-4ad5-a577-5178c3cbe0e9 to remote] DEBUG org.asynchttpclient.netty.request.NettyRequestSender -- Using open Channel [id: 0xd850032e, L:/127.0.0.1:49363 - R:/127.0.0.1:4723] for POST '/session/5d233f0d-0053-4ad5-a577-5178c3cbe0e9/url'
21:54:10.237 [AsyncHttpClient-1-2] DEBUG org.asynchttpclient.netty.handler.HttpHandler -- 

Request DefaultHttpRequest(decodeResult: success, version: HTTP/1.1)
POST /session/5d233f0d-0053-4ad5-a577-5178c3cbe0e9/url HTTP/1.1
User-Agent: appium/8.3.0 (selenium/4.8.3 (java mac))
Content-Length: 133
Content-Type: application/json; charset=utf-8
host: 127.0.0.1:4723
accept: */*

Response DefaultHttpResponse(decodeResult: success, version: HTTP/1.1)
HTTP/1.1 200 OK
X-Powered-By: Express
Vary: X-HTTP-Method-Override
Content-Type: application/json; charset=utf-8
Content-Length: 14
ETag: W/"e-9/1BuKMgFObM1mWJm+YjxtXJnUM"
Date: Sun, 06 Apr 2025 13:54:10 GMT
Connection: keep-alive
Keep-Alive: timeout=600

21:54:10.237 [AsyncHttpClient-1-2] DEBUG org.asynchttpclient.netty.channel.ChannelManager -- Adding key: http://127.0.0.1:4723 for channel [id: 0xd850032e, L:/127.0.0.1:49363 - R:/127.0.0.1:4723]
21:54:10.238 [Forwarding getCurrentUrl on session 5d233f0d-0053-4ad5-a577-5178c3cbe0e9 to remote] DEBUG org.asynchttpclient.netty.request.NettyRequestSender -- Using pooled Channel '[id: 0xd850032e, L:/127.0.0.1:49363 - R:/127.0.0.1:4723]' for 'GET' to 'http://127.0.0.1:4723/session/5d233f0d-0053-4ad5-a577-5178c3cbe0e9/url'
21:54:10.238 [Forwarding getCurrentUrl on session 5d233f0d-0053-4ad5-a577-5178c3cbe0e9 to remote] DEBUG org.asynchttpclient.netty.request.NettyRequestSender -- Using open Channel [id: 0xd850032e, L:/127.0.0.1:49363 - R:/127.0.0.1:4723] for GET '/session/5d233f0d-0053-4ad5-a577-5178c3cbe0e9/url'
21:54:10.304 [AsyncHttpClient-1-2] DEBUG org.asynchttpclient.netty.handler.HttpHandler -- 

Request DefaultFullHttpRequest(decodeResult: success, version: HTTP/1.1, content: EmptyByteBufBE)
GET /session/5d233f0d-0053-4ad5-a577-5178c3cbe0e9/url HTTP/1.1
Cache-Control: no-cache
User-Agent: appium/8.3.0 (selenium/4.8.3 (java mac))
Content-Type: application/json; charset=utf-8
host: 127.0.0.1:4723
accept: */*

Response DefaultHttpResponse(decodeResult: success, version: HTTP/1.1)
HTTP/1.1 200 OK
X-Powered-By: Express
Content-Type: application/json; charset=utf-8
Content-Length: 90
ETag: W/"5a-SVzTdoqQsw2ztnbhgzn9TDJ+oVM"
Date: Sun, 06 Apr 2025 13:54:10 GMT
Connection: keep-alive
Keep-Alive: timeout=600

21:54:10.304 [AsyncHttpClient-1-2] DEBUG org.asynchttpclient.netty.channel.ChannelManager -- Adding key: http://127.0.0.1:4723 for channel [id: 0xd850032e, L:/127.0.0.1:49363 - R:/127.0.0.1:4723]
*********3rd party cookie Current URL: https://www.cathaybk.com.tw/cathaybk/personal/loan/calculator/mortgage-budget/
21:54:10.305 [Forwarding getCookies on session 5d233f0d-0053-4ad5-a577-5178c3cbe0e9 to remote] DEBUG org.asynchttpclient.netty.request.NettyRequestSender -- Using pooled Channel '[id: 0xd850032e, L:/127.0.0.1:49363 - R:/127.0.0.1:4723]' for 'GET' to 'http://127.0.0.1:4723/session/5d233f0d-0053-4ad5-a577-5178c3cbe0e9/cookie'
21:54:10.305 [Forwarding getCookies on session 5d233f0d-0053-4ad5-a577-5178c3cbe0e9 to remote] DEBUG org.asynchttpclient.netty.request.NettyRequestSender -- Using open Channel [id: 0xd850032e, L:/127.0.0.1:49363 - R:/127.0.0.1:4723] for GET '/session/5d233f0d-0053-4ad5-a577-5178c3cbe0e9/cookie'
21:54:10.336 [AsyncHttpClient-1-2] DEBUG org.asynchttpclient.netty.handler.HttpHandler -- 

Request DefaultFullHttpRequest(decodeResult: success, version: HTTP/1.1, content: EmptyByteBufBE)
GET /session/5d233f0d-0053-4ad5-a577-5178c3cbe0e9/cookie HTTP/1.1
Cache-Control: no-cache
User-Agent: appium/8.3.0 (selenium/4.8.3 (java mac))
Content-Type: application/json; charset=utf-8
host: 127.0.0.1:4723
accept: */*

Response DefaultHttpResponse(decodeResult: success, version: HTTP/1.1)
HTTP/1.1 200 OK
X-Powered-By: Express
Content-Type: application/json; charset=utf-8
Content-Length: 6088
ETag: W/"17c8-5O2mdh5+xwN08iDJEWl/xIgnydM"
Date: Sun, 06 Apr 2025 13:54:10 GMT
Connection: keep-alive
Keep-Alive: timeout=600

21:54:10.336 [AsyncHttpClient-1-2] DEBUG org.asynchttpclient.netty.channel.ChannelManager -- Adding key: http://127.0.0.1:4723 for channel [id: 0xd850032e, L:/127.0.0.1:49363 - R:/127.0.0.1:4723]
*********Cookie: citrix_ns_id = AAU7e4fyZzv5qkUHAAAAADvLSubBRkGc__LEOzVhuXsGFPjKXiRtWZ6HF_PA0YeQOw==BYvyZw==3O2zvMn00-MEFiTgaBLVZqorWSo=
*********Cookie: ASP.NET_SessionId = 0lqzacdpmrgomjbhhbgw2ab5
*********Cookie: _ss_pp_id = a9370777fea150c18051743918846336
*********Cookie: _mg_ckp = eyJja1RrZERGIjoiIn0=
*********Cookie: dv0qai26lg6v2y6kl7yyc36brextdit41nzo1cc8 = h87wq4x9wmp
*********Cookie: shell#lang = en
*********Cookie: mbox = session#93d6cb5439d148e383d50f1c81aeb907#1743949511|PC#93d6cb5439d148e383d50f1c81aeb907.32_0#1807192451
*********Cookie: _td = 3f0bb721-037c-4e16-b97b-8bb03cbbc34e
*********Cookie: _uetvid = 9b326e0012ee11f089c0c1609408c675
*********Cookie: dv0qai26lg6v2y6kl7yyc36brextde3q1uintrwi = wcyz0u7cbfk
*********Cookie: dv0qai26lg6v2y6kl7yyc36brextdrbksigvkr0a = pxbs99qubhr
*********Cookie: _uetsid = 9b2f4a6012ee11f0add62b34ab510510
*********Cookie: _ga_T2T689XRGT = GS1.1.1743947646.1.1.1743947650.56.0.0
*********Cookie: AMCV_B877A5DB584931AC0A495EAA%40AdobeOrg = 1585540135%7CMCIDTS%7C20185%7CMCMID%7C88362948336773946641814822383189254539%7CMCAAMLH-1744552445%7C11%7CMCAAMB-1744552445%7C6G1ynYcLPuiQxYZrsz_pkqfLG9yMXBpb2zX5dvJdYQJzPXImdj0y%7CMCCIDH%7C1062709688%7CMCOPTOUT-1743954845s%7CNONE%7CMCSYNCSOP%7C411-20192%7CvVersion%7C4.4.0
*********Cookie: at_check = true
*********Cookie: _fbp = fb.2.1743947646239.840367034639901582
*********Cookie: __lt__cid = a651afa6-cb23-44e2-93ce-64bd056a8437
*********Cookie: dv0qai26lg6v2y6kl7yyc36brextdorl84gi4tu = 6e2j2xk5m5v
*********Cookie: dv0qai26lg6v2y6kl7yyc36brextdbps4mian58 = mxbcutrsl4k
*********Cookie: dv0qai26lg6v2y6kl7yyc36brextdffe0ezl5cxp = sw6xl8cjsp8
*********Cookie: dv0qai26lg6v2y6kl7yyc36brextdhz0iub5j3a8 = b4mbw0r9e4
*********Cookie: __lt__sid = dc0acf85-4cc6cea8
*********Cookie: cathaybk_new = 4bb3a3d8d4f078cfaa7badb04abb60df7ed08c3d037be7593e9c32d57ce56d7fc2c8d446
*********Cookie: __mguid_ = 2f780dd6b49f442084d4bea45d6640d0
*********Cookie: FingerprintCookie = a83734ca5c2401a34f4ad325dff7c9ff
*********Cookie: dv0qai26lg6v2y6kl7yyc36brextdn343xg6drfb = kvxx9113sng
*********Cookie: dv0qai26lg6v2y6kl7yyc36brextdmzyqvx4iysh = wko7ut1e1s
*********Cookie: usy46gabsosd = cubcsa_17439476450000.2d2bdc70280c6a390187a5399f185e36_7465
*********Cookie: _ga = GA1.1.1762320842.1743947646
*********Cookie: dv0qai26lg6v2y6kl7yyc36brextdbpyveihtyus = 9txvrcvyzjp
*********Cookie: _gcl_au = 1.1.710759525.1743947645
*********Cookie: AMCVS_B877A5DB584931AC0A495EAA%40AdobeOrg = 1
*********Cookie: dv0qai26lg6v2y6kl7yyc36brextdb9t5ijilu8h = 9hpw57lv9bt
21:54:10.338 [Forwarding getCurrentUrl on session 5d233f0d-0053-4ad5-a577-5178c3cbe0e9 to remote] DEBUG org.asynchttpclient.netty.request.NettyRequestSender -- Using pooled Channel '[id: 0xd850032e, L:/127.0.0.1:49363 - R:/127.0.0.1:4723]' for 'GET' to 'http://127.0.0.1:4723/session/5d233f0d-0053-4ad5-a577-5178c3cbe0e9/url'
21:54:10.339 [Forwarding getCurrentUrl on session 5d233f0d-0053-4ad5-a577-5178c3cbe0e9 to remote] DEBUG org.asynchttpclient.netty.request.NettyRequestSender -- Using open Channel [id: 0xd850032e, L:/127.0.0.1:49363 - R:/127.0.0.1:4723] for GET '/session/5d233f0d-0053-4ad5-a577-5178c3cbe0e9/url'
21:54:10.364 [AsyncHttpClient-1-2] DEBUG org.asynchttpclient.netty.handler.HttpHandler -- 

Request DefaultFullHttpRequest(decodeResult: success, version: HTTP/1.1, content: EmptyByteBufBE)
GET /session/5d233f0d-0053-4ad5-a577-5178c3cbe0e9/url HTTP/1.1
Cache-Control: no-cache
User-Agent: appium/8.3.0 (selenium/4.8.3 (java mac))
Content-Type: application/json; charset=utf-8
host: 127.0.0.1:4723
accept: */*

Response DefaultHttpResponse(decodeResult: success, version: HTTP/1.1)
HTTP/1.1 200 OK
X-Powered-By: Express
Content-Type: application/json; charset=utf-8
Content-Length: 90
ETag: W/"5a-SVzTdoqQsw2ztnbhgzn9TDJ+oVM"
Date: Sun, 06 Apr 2025 13:54:10 GMT
Connection: keep-alive
Keep-Alive: timeout=600

21:54:10.365 [AsyncHttpClient-1-2] DEBUG org.asynchttpclient.netty.channel.ChannelManager -- Adding key: http://127.0.0.1:4723 for channel [id: 0xd850032e, L:/127.0.0.1:49363 - R:/127.0.0.1:4723]
21:54:10.366 [main] INFO com.cathay.test.tests.MortgageCalculatorTest -- 已開啟房貸試算頁面: https://www.cathaybk.com.tw/cathaybk/personal/loan/calculator/mortgage-budget/
21:54:10.366 [Forwarding findElement on session 5d233f0d-0053-4ad5-a577-5178c3cbe0e9 to remote] DEBUG org.asynchttpclient.netty.request.NettyRequestSender -- Using pooled Channel '[id: 0xd850032e, L:/127.0.0.1:49363 - R:/127.0.0.1:4723]' for 'POST' to 'http://127.0.0.1:4723/session/5d233f0d-0053-4ad5-a577-5178c3cbe0e9/element'
21:54:10.367 [Forwarding findElement on session 5d233f0d-0053-4ad5-a577-5178c3cbe0e9 to remote] DEBUG org.asynchttpclient.netty.request.NettyRequestSender -- Using open Channel [id: 0xd850032e, L:/127.0.0.1:49363 - R:/127.0.0.1:4723] for POST '/session/5d233f0d-0053-4ad5-a577-5178c3cbe0e9/element'
21:54:10.398 [AsyncHttpClient-1-2] DEBUG org.asynchttpclient.netty.handler.HttpHandler -- 

Request DefaultHttpRequest(decodeResult: success, version: HTTP/1.1)
POST /session/5d233f0d-0053-4ad5-a577-5178c3cbe0e9/element HTTP/1.1
User-Agent: appium/8.3.0 (selenium/4.8.3 (java mac))
Content-Length: 65
Content-Type: application/json; charset=utf-8
host: 127.0.0.1:4723
accept: */*

Response DefaultHttpResponse(decodeResult: success, version: HTTP/1.1)
HTTP/1.1 200 OK
X-Powered-By: Express
Vary: X-HTTP-Method-Override
Content-Type: application/json; charset=utf-8
Content-Length: 215
ETag: W/"d7-Q4btHGBMQjRg3DUhfDzuUB2IRLg"
Date: Sun, 06 Apr 2025 13:54:10 GMT
Connection: keep-alive
Keep-Alive: timeout=600

21:54:10.398 [AsyncHttpClient-1-2] DEBUG org.asynchttpclient.netty.channel.ChannelManager -- Adding key: http://127.0.0.1:4723 for channel [id: 0xd850032e, L:/127.0.0.1:49363 - R:/127.0.0.1:4723]
21:54:10.400 [Forwarding clearElement on session 5d233f0d-0053-4ad5-a577-5178c3cbe0e9 to remote] DEBUG org.asynchttpclient.netty.request.NettyRequestSender -- Using pooled Channel '[id: 0xd850032e, L:/127.0.0.1:49363 - R:/127.0.0.1:4723]' for 'POST' to 'http://127.0.0.1:4723/session/5d233f0d-0053-4ad5-a577-5178c3cbe0e9/element/f.76987EC330307C7D300361F24A6C9766.d.A14511FBA0DF8A63B2FA797C311937A9.e.379/clear'
21:54:10.400 [Forwarding clearElement on session 5d233f0d-0053-4ad5-a577-5178c3cbe0e9 to remote] DEBUG org.asynchttpclient.netty.request.NettyRequestSender -- Using open Channel [id: 0xd850032e, L:/127.0.0.1:49363 - R:/127.0.0.1:4723] for POST '/session/5d233f0d-0053-4ad5-a577-5178c3cbe0e9/element/f.76987EC330307C7D300361F24A6C9766.d.A14511FBA0DF8A63B2FA797C311937A9.e.379/clear'
21:54:10.568 [AsyncHttpClient-1-2] DEBUG org.asynchttpclient.netty.handler.HttpHandler -- 

Request DefaultHttpRequest(decodeResult: success, version: HTTP/1.1)
POST /session/5d233f0d-0053-4ad5-a577-5178c3cbe0e9/element/f.76987EC330307C7D300361F24A6C9766.d.A14511FBA0DF8A63B2FA797C311937A9.e.379/clear HTTP/1.1
User-Agent: appium/8.3.0 (selenium/4.8.3 (java mac))
Content-Length: 89
Content-Type: application/json; charset=utf-8
host: 127.0.0.1:4723
accept: */*

Response DefaultHttpResponse(decodeResult: success, version: HTTP/1.1)
HTTP/1.1 200 OK
X-Powered-By: Express
Vary: X-HTTP-Method-Override
Content-Type: application/json; charset=utf-8
Content-Length: 14
ETag: W/"e-9/1BuKMgFObM1mWJm+YjxtXJnUM"
Date: Sun, 06 Apr 2025 13:54:10 GMT
Connection: keep-alive
Keep-Alive: timeout=600

21:54:10.569 [AsyncHttpClient-1-2] DEBUG org.asynchttpclient.netty.channel.ChannelManager -- Adding key: http://127.0.0.1:4723 for channel [id: 0xd850032e, L:/127.0.0.1:49363 - R:/127.0.0.1:4723]
21:54:10.570 [Forwarding sendKeysToElement on session 5d233f0d-0053-4ad5-a577-5178c3cbe0e9 to remote] DEBUG org.asynchttpclient.netty.request.NettyRequestSender -- Using pooled Channel '[id: 0xd850032e, L:/127.0.0.1:49363 - R:/127.0.0.1:4723]' for 'POST' to 'http://127.0.0.1:4723/session/5d233f0d-0053-4ad5-a577-5178c3cbe0e9/element/f.76987EC330307C7D300361F24A6C9766.d.A14511FBA0DF8A63B2FA797C311937A9.e.379/value'
21:54:10.570 [Forwarding sendKeysToElement on session 5d233f0d-0053-4ad5-a577-5178c3cbe0e9 to remote] DEBUG org.asynchttpclient.netty.request.NettyRequestSender -- Using open Channel [id: 0xd850032e, L:/127.0.0.1:49363 - R:/127.0.0.1:4723] for POST '/session/5d233f0d-0053-4ad5-a577-5178c3cbe0e9/element/f.76987EC330307C7D300361F24A6C9766.d.A14511FBA0DF8A63B2FA797C311937A9.e.379/value'
21:54:10.924 [AsyncHttpClient-1-2] DEBUG org.asynchttpclient.netty.handler.HttpHandler -- 

Request DefaultHttpRequest(decodeResult: success, version: HTTP/1.1)
POST /session/5d233f0d-0053-4ad5-a577-5178c3cbe0e9/element/f.76987EC330307C7D300361F24A6C9766.d.A14511FBA0DF8A63B2FA797C311937A9.e.379/value HTTP/1.1
User-Agent: appium/8.3.0 (selenium/4.8.3 (java mac))
Content-Length: 130
Content-Type: application/json; charset=utf-8
host: 127.0.0.1:4723
accept: */*

Response DefaultHttpResponse(decodeResult: success, version: HTTP/1.1)
HTTP/1.1 200 OK
X-Powered-By: Express
Vary: X-HTTP-Method-Override
Content-Type: application/json; charset=utf-8
Content-Length: 14
ETag: W/"e-9/1BuKMgFObM1mWJm+YjxtXJnUM"
Date: Sun, 06 Apr 2025 13:54:10 GMT
Connection: keep-alive
Keep-Alive: timeout=600

21:54:10.925 [AsyncHttpClient-1-2] DEBUG org.asynchttpclient.netty.channel.ChannelManager -- Adding key: http://127.0.0.1:4723 for channel [id: 0xd850032e, L:/127.0.0.1:49363 - R:/127.0.0.1:4723]
21:54:10.926 [Forwarding findElement on session 5d233f0d-0053-4ad5-a577-5178c3cbe0e9 to remote] DEBUG org.asynchttpclient.netty.request.NettyRequestSender -- Using pooled Channel '[id: 0xd850032e, L:/127.0.0.1:49363 - R:/127.0.0.1:4723]' for 'POST' to 'http://127.0.0.1:4723/session/5d233f0d-0053-4ad5-a577-5178c3cbe0e9/element'
21:54:10.926 [Forwarding findElement on session 5d233f0d-0053-4ad5-a577-5178c3cbe0e9 to remote] DEBUG org.asynchttpclient.netty.request.NettyRequestSender -- Using open Channel [id: 0xd850032e, L:/127.0.0.1:49363 - R:/127.0.0.1:4723] for POST '/session/5d233f0d-0053-4ad5-a577-5178c3cbe0e9/element'
21:54:10.949 [AsyncHttpClient-1-2] DEBUG org.asynchttpclient.netty.handler.HttpHandler -- 

Request DefaultHttpRequest(decodeResult: success, version: HTTP/1.1)
POST /session/5d233f0d-0053-4ad5-a577-5178c3cbe0e9/element HTTP/1.1
User-Agent: appium/8.3.0 (selenium/4.8.3 (java mac))
Content-Length: 60
Content-Type: application/json; charset=utf-8
host: 127.0.0.1:4723
accept: */*

Response DefaultHttpResponse(decodeResult: success, version: HTTP/1.1)
HTTP/1.1 200 OK
X-Powered-By: Express
Vary: X-HTTP-Method-Override
Content-Type: application/json; charset=utf-8
Content-Length: 215
ETag: W/"d7-j/fDJHbRIRYAQx0hdyYvitAz/dk"
Date: Sun, 06 Apr 2025 13:54:10 GMT
Connection: keep-alive
Keep-Alive: timeout=600

21:54:10.950 [AsyncHttpClient-1-2] DEBUG org.asynchttpclient.netty.channel.ChannelManager -- Adding key: http://127.0.0.1:4723 for channel [id: 0xd850032e, L:/127.0.0.1:49363 - R:/127.0.0.1:4723]
21:54:10.951 [Forwarding isElementDisplayed on session 5d233f0d-0053-4ad5-a577-5178c3cbe0e9 to remote] DEBUG org.asynchttpclient.netty.request.NettyRequestSender -- Using pooled Channel '[id: 0xd850032e, L:/127.0.0.1:49363 - R:/127.0.0.1:4723]' for 'GET' to 'http://127.0.0.1:4723/session/5d233f0d-0053-4ad5-a577-5178c3cbe0e9/element/f.76987EC330307C7D300361F24A6C9766.d.A14511FBA0DF8A63B2FA797C311937A9.e.384/displayed'
21:54:10.951 [Forwarding isElementDisplayed on session 5d233f0d-0053-4ad5-a577-5178c3cbe0e9 to remote] DEBUG org.asynchttpclient.netty.request.NettyRequestSender -- Using open Channel [id: 0xd850032e, L:/127.0.0.1:49363 - R:/127.0.0.1:4723] for GET '/session/5d233f0d-0053-4ad5-a577-5178c3cbe0e9/element/f.76987EC330307C7D300361F24A6C9766.d.A14511FBA0DF8A63B2FA797C311937A9.e.384/displayed'
21:54:10.975 [AsyncHttpClient-1-2] DEBUG org.asynchttpclient.netty.handler.HttpHandler -- 

Request DefaultFullHttpRequest(decodeResult: success, version: HTTP/1.1, content: EmptyByteBufBE)
GET /session/5d233f0d-0053-4ad5-a577-5178c3cbe0e9/element/f.76987EC330307C7D300361F24A6C9766.d.A14511FBA0DF8A63B2FA797C311937A9.e.384/displayed HTTP/1.1
Cache-Control: no-cache
User-Agent: appium/8.3.0 (selenium/4.8.3 (java mac))
Content-Type: application/json; charset=utf-8
host: 127.0.0.1:4723
accept: */*

Response DefaultHttpResponse(decodeResult: success, version: HTTP/1.1)
HTTP/1.1 200 OK
X-Powered-By: Express
Content-Type: application/json; charset=utf-8
Content-Length: 14
ETag: W/"e-2ZHvAWebNQpyjGZTg6uyV8/spTo"
Date: Sun, 06 Apr 2025 13:54:10 GMT
Connection: keep-alive
Keep-Alive: timeout=600

21:54:10.975 [AsyncHttpClient-1-2] DEBUG org.asynchttpclient.netty.channel.ChannelManager -- Adding key: http://127.0.0.1:4723 for channel [id: 0xd850032e, L:/127.0.0.1:49363 - R:/127.0.0.1:4723]
21:54:10.976 [Forwarding isElementEnabled on session 5d233f0d-0053-4ad5-a577-5178c3cbe0e9 to remote] DEBUG org.asynchttpclient.netty.request.NettyRequestSender -- Using pooled Channel '[id: 0xd850032e, L:/127.0.0.1:49363 - R:/127.0.0.1:4723]' for 'GET' to 'http://127.0.0.1:4723/session/5d233f0d-0053-4ad5-a577-5178c3cbe0e9/element/f.76987EC330307C7D300361F24A6C9766.d.A14511FBA0DF8A63B2FA797C311937A9.e.384/enabled'
21:54:10.976 [Forwarding isElementEnabled on session 5d233f0d-0053-4ad5-a577-5178c3cbe0e9 to remote] DEBUG org.asynchttpclient.netty.request.NettyRequestSender -- Using open Channel [id: 0xd850032e, L:/127.0.0.1:49363 - R:/127.0.0.1:4723] for GET '/session/5d233f0d-0053-4ad5-a577-5178c3cbe0e9/element/f.76987EC330307C7D300361F24A6C9766.d.A14511FBA0DF8A63B2FA797C311937A9.e.384/enabled'
21:54:10.995 [AsyncHttpClient-1-2] DEBUG org.asynchttpclient.netty.handler.HttpHandler -- 

Request DefaultFullHttpRequest(decodeResult: success, version: HTTP/1.1, content: EmptyByteBufBE)
GET /session/5d233f0d-0053-4ad5-a577-5178c3cbe0e9/element/f.76987EC330307C7D300361F24A6C9766.d.A14511FBA0DF8A63B2FA797C311937A9.e.384/enabled HTTP/1.1
Cache-Control: no-cache
User-Agent: appium/8.3.0 (selenium/4.8.3 (java mac))
Content-Type: application/json; charset=utf-8
host: 127.0.0.1:4723
accept: */*

Response DefaultHttpResponse(decodeResult: success, version: HTTP/1.1)
HTTP/1.1 200 OK
X-Powered-By: Express
Content-Type: application/json; charset=utf-8
Content-Length: 14
ETag: W/"e-2ZHvAWebNQpyjGZTg6uyV8/spTo"
Date: Sun, 06 Apr 2025 13:54:10 GMT
Connection: keep-alive
Keep-Alive: timeout=600

21:54:10.996 [AsyncHttpClient-1-2] DEBUG org.asynchttpclient.netty.channel.ChannelManager -- Adding key: http://127.0.0.1:4723 for channel [id: 0xd850032e, L:/127.0.0.1:49363 - R:/127.0.0.1:4723]
21:54:10.996 [Forwarding clearElement on session 5d233f0d-0053-4ad5-a577-5178c3cbe0e9 to remote] DEBUG org.asynchttpclient.netty.request.NettyRequestSender -- Using pooled Channel '[id: 0xd850032e, L:/127.0.0.1:49363 - R:/127.0.0.1:4723]' for 'POST' to 'http://127.0.0.1:4723/session/5d233f0d-0053-4ad5-a577-5178c3cbe0e9/element/f.76987EC330307C7D300361F24A6C9766.d.A14511FBA0DF8A63B2FA797C311937A9.e.384/clear'
21:54:10.996 [Forwarding clearElement on session 5d233f0d-0053-4ad5-a577-5178c3cbe0e9 to remote] DEBUG org.asynchttpclient.netty.request.NettyRequestSender -- Using open Channel [id: 0xd850032e, L:/127.0.0.1:49363 - R:/127.0.0.1:4723] for POST '/session/5d233f0d-0053-4ad5-a577-5178c3cbe0e9/element/f.76987EC330307C7D300361F24A6C9766.d.A14511FBA0DF8A63B2FA797C311937A9.e.384/clear'
21:54:11.065 [AsyncHttpClient-1-2] DEBUG org.asynchttpclient.netty.handler.HttpHandler -- 

Request DefaultHttpRequest(decodeResult: success, version: HTTP/1.1)
POST /session/5d233f0d-0053-4ad5-a577-5178c3cbe0e9/element/f.76987EC330307C7D300361F24A6C9766.d.A14511FBA0DF8A63B2FA797C311937A9.e.384/clear HTTP/1.1
User-Agent: appium/8.3.0 (selenium/4.8.3 (java mac))
Content-Length: 89
Content-Type: application/json; charset=utf-8
host: 127.0.0.1:4723
accept: */*

Response DefaultHttpResponse(decodeResult: success, version: HTTP/1.1)
HTTP/1.1 200 OK
X-Powered-By: Express
Vary: X-HTTP-Method-Override
Content-Type: application/json; charset=utf-8
Content-Length: 14
ETag: W/"e-9/1BuKMgFObM1mWJm+YjxtXJnUM"
Date: Sun, 06 Apr 2025 13:54:11 GMT
Connection: keep-alive
Keep-Alive: timeout=600

21:54:11.065 [AsyncHttpClient-1-2] DEBUG org.asynchttpclient.netty.channel.ChannelManager -- Adding key: http://127.0.0.1:4723 for channel [id: 0xd850032e, L:/127.0.0.1:49363 - R:/127.0.0.1:4723]
21:54:11.066 [Forwarding sendKeysToElement on session 5d233f0d-0053-4ad5-a577-5178c3cbe0e9 to remote] DEBUG org.asynchttpclient.netty.request.NettyRequestSender -- Using pooled Channel '[id: 0xd850032e, L:/127.0.0.1:49363 - R:/127.0.0.1:4723]' for 'POST' to 'http://127.0.0.1:4723/session/5d233f0d-0053-4ad5-a577-5178c3cbe0e9/element/f.76987EC330307C7D300361F24A6C9766.d.A14511FBA0DF8A63B2FA797C311937A9.e.384/value'
21:54:11.066 [Forwarding sendKeysToElement on session 5d233f0d-0053-4ad5-a577-5178c3cbe0e9 to remote] DEBUG org.asynchttpclient.netty.request.NettyRequestSender -- Using open Channel [id: 0xd850032e, L:/127.0.0.1:49363 - R:/127.0.0.1:4723] for POST '/session/5d233f0d-0053-4ad5-a577-5178c3cbe0e9/element/f.76987EC330307C7D300361F24A6C9766.d.A14511FBA0DF8A63B2FA797C311937A9.e.384/value'
21:54:11.287 [AsyncHttpClient-1-2] DEBUG org.asynchttpclient.netty.handler.HttpHandler -- 

Request DefaultHttpRequest(decodeResult: success, version: HTTP/1.1)
POST /session/5d233f0d-0053-4ad5-a577-5178c3cbe0e9/element/f.76987EC330307C7D300361F24A6C9766.d.A14511FBA0DF8A63B2FA797C311937A9.e.384/value HTTP/1.1
User-Agent: appium/8.3.0 (selenium/4.8.3 (java mac))
Content-Length: 150
Content-Type: application/json; charset=utf-8
host: 127.0.0.1:4723
accept: */*

Response DefaultHttpResponse(decodeResult: success, version: HTTP/1.1)
HTTP/1.1 200 OK
X-Powered-By: Express
Vary: X-HTTP-Method-Override
Content-Type: application/json; charset=utf-8
Content-Length: 14
ETag: W/"e-9/1BuKMgFObM1mWJm+YjxtXJnUM"
Date: Sun, 06 Apr 2025 13:54:11 GMT
Connection: keep-alive
Keep-Alive: timeout=600

21:54:11.288 [AsyncHttpClient-1-2] DEBUG org.asynchttpclient.netty.channel.ChannelManager -- Adding key: http://127.0.0.1:4723 for channel [id: 0xd850032e, L:/127.0.0.1:49363 - R:/127.0.0.1:4723]
21:54:11.289 [Forwarding findElement on session 5d233f0d-0053-4ad5-a577-5178c3cbe0e9 to remote] DEBUG org.asynchttpclient.netty.request.NettyRequestSender -- Using pooled Channel '[id: 0xd850032e, L:/127.0.0.1:49363 - R:/127.0.0.1:4723]' for 'POST' to 'http://127.0.0.1:4723/session/5d233f0d-0053-4ad5-a577-5178c3cbe0e9/element'
21:54:11.289 [Forwarding findElement on session 5d233f0d-0053-4ad5-a577-5178c3cbe0e9 to remote] DEBUG org.asynchttpclient.netty.request.NettyRequestSender -- Using open Channel [id: 0xd850032e, L:/127.0.0.1:49363 - R:/127.0.0.1:4723] for POST '/session/5d233f0d-0053-4ad5-a577-5178c3cbe0e9/element'
21:54:11.324 [AsyncHttpClient-1-2] DEBUG org.asynchttpclient.netty.handler.HttpHandler -- 

Request DefaultHttpRequest(decodeResult: success, version: HTTP/1.1)
POST /session/5d233f0d-0053-4ad5-a577-5178c3cbe0e9/element HTTP/1.1
User-Agent: appium/8.3.0 (selenium/4.8.3 (java mac))
Content-Length: 57
Content-Type: application/json; charset=utf-8
host: 127.0.0.1:4723
accept: */*

Response DefaultHttpResponse(decodeResult: success, version: HTTP/1.1)
HTTP/1.1 200 OK
X-Powered-By: Express
Vary: X-HTTP-Method-Override
Content-Type: application/json; charset=utf-8
Content-Length: 215
ETag: W/"d7-THA+EheOln68zjr7MUL1M7l7AFw"
Date: Sun, 06 Apr 2025 13:54:11 GMT
Connection: keep-alive
Keep-Alive: timeout=600

21:54:11.325 [AsyncHttpClient-1-2] DEBUG org.asynchttpclient.netty.channel.ChannelManager -- Adding key: http://127.0.0.1:4723 for channel [id: 0xd850032e, L:/127.0.0.1:49363 - R:/127.0.0.1:4723]
21:54:11.326 [Forwarding isElementDisplayed on session 5d233f0d-0053-4ad5-a577-5178c3cbe0e9 to remote] DEBUG org.asynchttpclient.netty.request.NettyRequestSender -- Using pooled Channel '[id: 0xd850032e, L:/127.0.0.1:49363 - R:/127.0.0.1:4723]' for 'GET' to 'http://127.0.0.1:4723/session/5d233f0d-0053-4ad5-a577-5178c3cbe0e9/element/f.76987EC330307C7D300361F24A6C9766.d.A14511FBA0DF8A63B2FA797C311937A9.e.392/displayed'
21:54:11.326 [Forwarding isElementDisplayed on session 5d233f0d-0053-4ad5-a577-5178c3cbe0e9 to remote] DEBUG org.asynchttpclient.netty.request.NettyRequestSender -- Using open Channel [id: 0xd850032e, L:/127.0.0.1:49363 - R:/127.0.0.1:4723] for GET '/session/5d233f0d-0053-4ad5-a577-5178c3cbe0e9/element/f.76987EC330307C7D300361F24A6C9766.d.A14511FBA0DF8A63B2FA797C311937A9.e.392/displayed'
21:54:11.356 [AsyncHttpClient-1-2] DEBUG org.asynchttpclient.netty.handler.HttpHandler -- 

Request DefaultFullHttpRequest(decodeResult: success, version: HTTP/1.1, content: EmptyByteBufBE)
GET /session/5d233f0d-0053-4ad5-a577-5178c3cbe0e9/element/f.76987EC330307C7D300361F24A6C9766.d.A14511FBA0DF8A63B2FA797C311937A9.e.392/displayed HTTP/1.1
Cache-Control: no-cache
User-Agent: appium/8.3.0 (selenium/4.8.3 (java mac))
Content-Type: application/json; charset=utf-8
host: 127.0.0.1:4723
accept: */*

Response DefaultHttpResponse(decodeResult: success, version: HTTP/1.1)
HTTP/1.1 200 OK
X-Powered-By: Express
Content-Type: application/json; charset=utf-8
Content-Length: 14
ETag: W/"e-2ZHvAWebNQpyjGZTg6uyV8/spTo"
Date: Sun, 06 Apr 2025 13:54:11 GMT
Connection: keep-alive
Keep-Alive: timeout=600

21:54:11.356 [AsyncHttpClient-1-2] DEBUG org.asynchttpclient.netty.channel.ChannelManager -- Adding key: http://127.0.0.1:4723 for channel [id: 0xd850032e, L:/127.0.0.1:49363 - R:/127.0.0.1:4723]
21:54:11.357 [Forwarding isElementEnabled on session 5d233f0d-0053-4ad5-a577-5178c3cbe0e9 to remote] DEBUG org.asynchttpclient.netty.request.NettyRequestSender -- Using pooled Channel '[id: 0xd850032e, L:/127.0.0.1:49363 - R:/127.0.0.1:4723]' for 'GET' to 'http://127.0.0.1:4723/session/5d233f0d-0053-4ad5-a577-5178c3cbe0e9/element/f.76987EC330307C7D300361F24A6C9766.d.A14511FBA0DF8A63B2FA797C311937A9.e.392/enabled'
21:54:11.357 [Forwarding isElementEnabled on session 5d233f0d-0053-4ad5-a577-5178c3cbe0e9 to remote] DEBUG org.asynchttpclient.netty.request.NettyRequestSender -- Using open Channel [id: 0xd850032e, L:/127.0.0.1:49363 - R:/127.0.0.1:4723] for GET '/session/5d233f0d-0053-4ad5-a577-5178c3cbe0e9/element/f.76987EC330307C7D300361F24A6C9766.d.A14511FBA0DF8A63B2FA797C311937A9.e.392/enabled'
21:54:11.386 [AsyncHttpClient-1-2] DEBUG org.asynchttpclient.netty.handler.HttpHandler -- 

Request DefaultFullHttpRequest(decodeResult: success, version: HTTP/1.1, content: EmptyByteBufBE)
GET /session/5d233f0d-0053-4ad5-a577-5178c3cbe0e9/element/f.76987EC330307C7D300361F24A6C9766.d.A14511FBA0DF8A63B2FA797C311937A9.e.392/enabled HTTP/1.1
Cache-Control: no-cache
User-Agent: appium/8.3.0 (selenium/4.8.3 (java mac))
Content-Type: application/json; charset=utf-8
host: 127.0.0.1:4723
accept: */*

Response DefaultHttpResponse(decodeResult: success, version: HTTP/1.1)
HTTP/1.1 200 OK
X-Powered-By: Express
Content-Type: application/json; charset=utf-8
Content-Length: 14
ETag: W/"e-2ZHvAWebNQpyjGZTg6uyV8/spTo"
Date: Sun, 06 Apr 2025 13:54:11 GMT
Connection: keep-alive
Keep-Alive: timeout=600

21:54:11.386 [AsyncHttpClient-1-2] DEBUG org.asynchttpclient.netty.channel.ChannelManager -- Adding key: http://127.0.0.1:4723 for channel [id: 0xd850032e, L:/127.0.0.1:49363 - R:/127.0.0.1:4723]
21:54:11.387 [Forwarding clickElement on session 5d233f0d-0053-4ad5-a577-5178c3cbe0e9 to remote] DEBUG org.asynchttpclient.netty.request.NettyRequestSender -- Using pooled Channel '[id: 0xd850032e, L:/127.0.0.1:49363 - R:/127.0.0.1:4723]' for 'POST' to 'http://127.0.0.1:4723/session/5d233f0d-0053-4ad5-a577-5178c3cbe0e9/element/f.76987EC330307C7D300361F24A6C9766.d.A14511FBA0DF8A63B2FA797C311937A9.e.392/click'
21:54:11.387 [Forwarding clickElement on session 5d233f0d-0053-4ad5-a577-5178c3cbe0e9 to remote] DEBUG org.asynchttpclient.netty.request.NettyRequestSender -- Using open Channel [id: 0xd850032e, L:/127.0.0.1:49363 - R:/127.0.0.1:4723] for POST '/session/5d233f0d-0053-4ad5-a577-5178c3cbe0e9/element/f.76987EC330307C7D300361F24A6C9766.d.A14511FBA0DF8A63B2FA797C311937A9.e.392/click'
21:54:11.631 [AsyncHttpClient-1-2] DEBUG org.asynchttpclient.netty.handler.HttpHandler -- 

Request DefaultHttpRequest(decodeResult: success, version: HTTP/1.1)
POST /session/5d233f0d-0053-4ad5-a577-5178c3cbe0e9/element/f.76987EC330307C7D300361F24A6C9766.d.A14511FBA0DF8A63B2FA797C311937A9.e.392/click HTTP/1.1
User-Agent: appium/8.3.0 (selenium/4.8.3 (java mac))
Content-Length: 89
Content-Type: application/json; charset=utf-8
host: 127.0.0.1:4723
accept: */*

Response DefaultHttpResponse(decodeResult: success, version: HTTP/1.1)
HTTP/1.1 200 OK
X-Powered-By: Express
Vary: X-HTTP-Method-Override
Content-Type: application/json; charset=utf-8
Content-Length: 14
ETag: W/"e-9/1BuKMgFObM1mWJm+YjxtXJnUM"
Date: Sun, 06 Apr 2025 13:54:11 GMT
Connection: keep-alive
Keep-Alive: timeout=600

21:54:11.632 [AsyncHttpClient-1-2] DEBUG org.asynchttpclient.netty.channel.ChannelManager -- Adding key: http://127.0.0.1:4723 for channel [id: 0xd850032e, L:/127.0.0.1:49363 - R:/127.0.0.1:4723]
21:54:11.900 [AsyncHttpClient-1-1] DEBUG org.asynchttpclient.netty.channel.DefaultChannelPool -- Entry count for : http://127.0.0.1:4723 : 1
21:54:11.935 [Forwarding findElement on session 5d233f0d-0053-4ad5-a577-5178c3cbe0e9 to remote] DEBUG org.asynchttpclient.netty.request.NettyRequestSender -- Using pooled Channel '[id: 0xd850032e, L:/127.0.0.1:49363 - R:/127.0.0.1:4723]' for 'POST' to 'http://127.0.0.1:4723/session/5d233f0d-0053-4ad5-a577-5178c3cbe0e9/element'
21:54:11.935 [Forwarding findElement on session 5d233f0d-0053-4ad5-a577-5178c3cbe0e9 to remote] DEBUG org.asynchttpclient.netty.request.NettyRequestSender -- Using open Channel [id: 0xd850032e, L:/127.0.0.1:49363 - R:/127.0.0.1:4723] for POST '/session/5d233f0d-0053-4ad5-a577-5178c3cbe0e9/element'
21:54:11.959 [AsyncHttpClient-1-2] DEBUG org.asynchttpclient.netty.handler.HttpHandler -- 

Request DefaultHttpRequest(decodeResult: success, version: HTTP/1.1)
POST /session/5d233f0d-0053-4ad5-a577-5178c3cbe0e9/element HTTP/1.1
User-Agent: appium/8.3.0 (selenium/4.8.3 (java mac))
Content-Length: 147
Content-Type: application/json; charset=utf-8
host: 127.0.0.1:4723
accept: */*

Response DefaultHttpResponse(decodeResult: success, version: HTTP/1.1)
HTTP/1.1 200 OK
X-Powered-By: Express
Vary: X-HTTP-Method-Override
Content-Type: application/json; charset=utf-8
Content-Length: 215
ETag: W/"d7-c6SVSEfYSrjg5MkOGCV6+6ab0CE"
Date: Sun, 06 Apr 2025 13:54:11 GMT
Connection: keep-alive
Keep-Alive: timeout=600

21:54:11.959 [AsyncHttpClient-1-2] DEBUG org.asynchttpclient.netty.channel.ChannelManager -- Adding key: http://127.0.0.1:4723 for channel [id: 0xd850032e, L:/127.0.0.1:49363 - R:/127.0.0.1:4723]
21:54:11.961 [Forwarding isElementDisplayed on session 5d233f0d-0053-4ad5-a577-5178c3cbe0e9 to remote] DEBUG org.asynchttpclient.netty.request.NettyRequestSender -- Using pooled Channel '[id: 0xd850032e, L:/127.0.0.1:49363 - R:/127.0.0.1:4723]' for 'GET' to 'http://127.0.0.1:4723/session/5d233f0d-0053-4ad5-a577-5178c3cbe0e9/element/f.76987EC330307C7D300361F24A6C9766.d.A14511FBA0DF8A63B2FA797C311937A9.e.405/displayed'
21:54:11.961 [Forwarding isElementDisplayed on session 5d233f0d-0053-4ad5-a577-5178c3cbe0e9 to remote] DEBUG org.asynchttpclient.netty.request.NettyRequestSender -- Using open Channel [id: 0xd850032e, L:/127.0.0.1:49363 - R:/127.0.0.1:4723] for GET '/session/5d233f0d-0053-4ad5-a577-5178c3cbe0e9/element/f.76987EC330307C7D300361F24A6C9766.d.A14511FBA0DF8A63B2FA797C311937A9.e.405/displayed'
21:54:11.983 [AsyncHttpClient-1-2] DEBUG org.asynchttpclient.netty.handler.HttpHandler -- 

Request DefaultFullHttpRequest(decodeResult: success, version: HTTP/1.1, content: EmptyByteBufBE)
GET /session/5d233f0d-0053-4ad5-a577-5178c3cbe0e9/element/f.76987EC330307C7D300361F24A6C9766.d.A14511FBA0DF8A63B2FA797C311937A9.e.405/displayed HTTP/1.1
Cache-Control: no-cache
User-Agent: appium/8.3.0 (selenium/4.8.3 (java mac))
Content-Type: application/json; charset=utf-8
host: 127.0.0.1:4723
accept: */*

Response DefaultHttpResponse(decodeResult: success, version: HTTP/1.1)
HTTP/1.1 200 OK
X-Powered-By: Express
Content-Type: application/json; charset=utf-8
Content-Length: 14
ETag: W/"e-2ZHvAWebNQpyjGZTg6uyV8/spTo"
Date: Sun, 06 Apr 2025 13:54:11 GMT
Connection: keep-alive
Keep-Alive: timeout=600

21:54:11.983 [AsyncHttpClient-1-2] DEBUG org.asynchttpclient.netty.channel.ChannelManager -- Adding key: http://127.0.0.1:4723 for channel [id: 0xd850032e, L:/127.0.0.1:49363 - R:/127.0.0.1:4723]
21:54:11.985 [Forwarding findElement on session 5d233f0d-0053-4ad5-a577-5178c3cbe0e9 to remote] DEBUG org.asynchttpclient.netty.request.NettyRequestSender -- Using pooled Channel '[id: 0xd850032e, L:/127.0.0.1:49363 - R:/127.0.0.1:4723]' for 'POST' to 'http://127.0.0.1:4723/session/5d233f0d-0053-4ad5-a577-5178c3cbe0e9/element'
21:54:11.985 [Forwarding findElement on session 5d233f0d-0053-4ad5-a577-5178c3cbe0e9 to remote] DEBUG org.asynchttpclient.netty.request.NettyRequestSender -- Using open Channel [id: 0xd850032e, L:/127.0.0.1:49363 - R:/127.0.0.1:4723] for POST '/session/5d233f0d-0053-4ad5-a577-5178c3cbe0e9/element'
21:54:12.007 [AsyncHttpClient-1-2] DEBUG org.asynchttpclient.netty.handler.HttpHandler -- 

Request DefaultHttpRequest(decodeResult: success, version: HTTP/1.1)
POST /session/5d233f0d-0053-4ad5-a577-5178c3cbe0e9/element HTTP/1.1
User-Agent: appium/8.3.0 (selenium/4.8.3 (java mac))
Content-Length: 150
Content-Type: application/json; charset=utf-8
host: 127.0.0.1:4723
accept: */*

Response DefaultHttpResponse(decodeResult: success, version: HTTP/1.1)
HTTP/1.1 200 OK
X-Powered-By: Express
Vary: X-HTTP-Method-Override
Content-Type: application/json; charset=utf-8
Content-Length: 215
ETag: W/"d7-IPVj6gauxIZeKYt+2IEvn89GJYQ"
Date: Sun, 06 Apr 2025 13:54:12 GMT
Connection: keep-alive
Keep-Alive: timeout=600

21:54:12.008 [AsyncHttpClient-1-2] DEBUG org.asynchttpclient.netty.channel.ChannelManager -- Adding key: http://127.0.0.1:4723 for channel [id: 0xd850032e, L:/127.0.0.1:49363 - R:/127.0.0.1:4723]
21:54:12.009 [Forwarding isElementDisplayed on session 5d233f0d-0053-4ad5-a577-5178c3cbe0e9 to remote] DEBUG org.asynchttpclient.netty.request.NettyRequestSender -- Using pooled Channel '[id: 0xd850032e, L:/127.0.0.1:49363 - R:/127.0.0.1:4723]' for 'GET' to 'http://127.0.0.1:4723/session/5d233f0d-0053-4ad5-a577-5178c3cbe0e9/element/f.76987EC330307C7D300361F24A6C9766.d.A14511FBA0DF8A63B2FA797C311937A9.e.406/displayed'
21:54:12.009 [Forwarding isElementDisplayed on session 5d233f0d-0053-4ad5-a577-5178c3cbe0e9 to remote] DEBUG org.asynchttpclient.netty.request.NettyRequestSender -- Using open Channel [id: 0xd850032e, L:/127.0.0.1:49363 - R:/127.0.0.1:4723] for GET '/session/5d233f0d-0053-4ad5-a577-5178c3cbe0e9/element/f.76987EC330307C7D300361F24A6C9766.d.A14511FBA0DF8A63B2FA797C311937A9.e.406/displayed'
21:54:12.031 [AsyncHttpClient-1-2] DEBUG org.asynchttpclient.netty.handler.HttpHandler -- 

Request DefaultFullHttpRequest(decodeResult: success, version: HTTP/1.1, content: EmptyByteBufBE)
GET /session/5d233f0d-0053-4ad5-a577-5178c3cbe0e9/element/f.76987EC330307C7D300361F24A6C9766.d.A14511FBA0DF8A63B2FA797C311937A9.e.406/displayed HTTP/1.1
Cache-Control: no-cache
User-Agent: appium/8.3.0 (selenium/4.8.3 (java mac))
Content-Type: application/json; charset=utf-8
host: 127.0.0.1:4723
accept: */*

Response DefaultHttpResponse(decodeResult: success, version: HTTP/1.1)
HTTP/1.1 200 OK
X-Powered-By: Express
Content-Type: application/json; charset=utf-8
Content-Length: 14
ETag: W/"e-2ZHvAWebNQpyjGZTg6uyV8/spTo"
Date: Sun, 06 Apr 2025 13:54:12 GMT
Connection: keep-alive
Keep-Alive: timeout=600

21:54:12.031 [AsyncHttpClient-1-2] DEBUG org.asynchttpclient.netty.channel.ChannelManager -- Adding key: http://127.0.0.1:4723 for channel [id: 0xd850032e, L:/127.0.0.1:49363 - R:/127.0.0.1:4723]
房屋座落區域ErrorHandling驗證通過！
21:54:12.033 [Forwarding switchToFrame on session 5d233f0d-0053-4ad5-a577-5178c3cbe0e9 to remote] DEBUG org.asynchttpclient.netty.request.NettyRequestSender -- Using pooled Channel '[id: 0xd850032e, L:/127.0.0.1:49363 - R:/127.0.0.1:4723]' for 'POST' to 'http://127.0.0.1:4723/session/5d233f0d-0053-4ad5-a577-5178c3cbe0e9/frame'
21:54:12.033 [Forwarding switchToFrame on session 5d233f0d-0053-4ad5-a577-5178c3cbe0e9 to remote] DEBUG org.asynchttpclient.netty.request.NettyRequestSender -- Using open Channel [id: 0xd850032e, L:/127.0.0.1:49363 - R:/127.0.0.1:4723] for POST '/session/5d233f0d-0053-4ad5-a577-5178c3cbe0e9/frame'
21:54:12.039 [AsyncHttpClient-1-2] DEBUG org.asynchttpclient.netty.handler.HttpHandler -- 

Request DefaultHttpRequest(decodeResult: success, version: HTTP/1.1)
POST /session/5d233f0d-0053-4ad5-a577-5178c3cbe0e9/frame HTTP/1.1
User-Agent: appium/8.3.0 (selenium/4.8.3 (java mac))
Content-Length: 16
Content-Type: application/json; charset=utf-8
host: 127.0.0.1:4723
accept: */*

Response DefaultHttpResponse(decodeResult: success, version: HTTP/1.1)
HTTP/1.1 200 OK
X-Powered-By: Express
Vary: X-HTTP-Method-Override
Content-Type: application/json; charset=utf-8
Content-Length: 14
ETag: W/"e-9/1BuKMgFObM1mWJm+YjxtXJnUM"
Date: Sun, 06 Apr 2025 13:54:12 GMT
Connection: keep-alive
Keep-Alive: timeout=600

21:54:12.039 [AsyncHttpClient-1-2] DEBUG org.asynchttpclient.netty.channel.ChannelManager -- Adding key: http://127.0.0.1:4723 for channel [id: 0xd850032e, L:/127.0.0.1:49363 - R:/127.0.0.1:4723]
]]></system-out>
  </testcase>
  <testcase name="testErrorHandlingLocationSelectionOne" classname="com.cathay.test.tests.MortgageCalculatorTest" time="3.379">
    <system-out><![CDATA[21:54:12.040 [main] INFO com.cathay.test.tests.MortgageCalculatorTest -- 正在清理 driver session: 5d233f0d-0053-4ad5-a577-5178c3cbe0e9
21:54:12.040 [main] INFO  com.cathay.test.config.AppiumConfig - 正在關閉 Driver...
21:54:12.040 [Forwarding quit on session 5d233f0d-0053-4ad5-a577-5178c3cbe0e9 to remote] DEBUG org.asynchttpclient.netty.request.NettyRequestSender -- Using pooled Channel '[id: 0xd850032e, L:/127.0.0.1:49363 - R:/127.0.0.1:4723]' for 'DELETE' to 'http://127.0.0.1:4723/session/5d233f0d-0053-4ad5-a577-5178c3cbe0e9'
21:54:12.040 [Forwarding quit on session 5d233f0d-0053-4ad5-a577-5178c3cbe0e9 to remote] DEBUG org.asynchttpclient.netty.request.NettyRequestSender -- Using open Channel [id: 0xd850032e, L:/127.0.0.1:49363 - R:/127.0.0.1:4723] for DELETE '/session/5d233f0d-0053-4ad5-a577-5178c3cbe0e9'
21:54:12.426 [AsyncHttpClient-1-2] DEBUG org.asynchttpclient.netty.handler.HttpHandler -- 

Request DefaultFullHttpRequest(decodeResult: success, version: HTTP/1.1, content: EmptyByteBufBE)
DELETE /session/5d233f0d-0053-4ad5-a577-5178c3cbe0e9 HTTP/1.1
User-Agent: appium/8.3.0 (selenium/4.8.3 (java mac))
Content-Type: application/json; charset=utf-8
host: 127.0.0.1:4723
accept: */*

Response DefaultHttpResponse(decodeResult: success, version: HTTP/1.1)
HTTP/1.1 200 OK
X-Powered-By: Express
Content-Type: application/json; charset=utf-8
Content-Length: 14
ETag: W/"e-9/1BuKMgFObM1mWJm+YjxtXJnUM"
Date: Sun, 06 Apr 2025 13:54:12 GMT
Connection: keep-alive
Keep-Alive: timeout=600

21:54:12.426 [AsyncHttpClient-1-2] DEBUG org.asynchttpclient.netty.channel.ChannelManager -- Adding key: http://127.0.0.1:4723 for channel [id: 0xd850032e, L:/127.0.0.1:49363 - R:/127.0.0.1:4723]
21:54:12.427 [main] INFO  com.cathay.test.config.AppiumConfig - Driver 已成功關閉
21:54:12.427 [main] INFO com.cathay.test.tests.MortgageCalculatorTest -- MortgageCalculatorTest 清理完成
*******MortgageCalculatorTest.setUp() 執行！
21:54:12.428 [main] INFO  com.cathay.test.config.AppiumConfig - 開始初始化 MortgageCalculatorTest (嘗試 1/3)
21:54:12.428 [main] INFO  com.cathay.test.config.AppiumConfig - Appium 服務器可用
21:54:12.449 [main] INFO  com.cathay.test.config.AppiumConfig - Android 模擬器可用
21:54:12.452 [Forwarding newSession on session null to remote] DEBUG org.asynchttpclient.netty.request.NettyRequestSender -- Using pooled Channel '[id: 0xd850032e, L:/127.0.0.1:49363 - R:/127.0.0.1:4723]' for 'POST' to 'http://127.0.0.1:4723/session'
21:54:12.452 [Forwarding newSession on session null to remote] DEBUG org.asynchttpclient.netty.request.NettyRequestSender -- Using open Channel [id: 0xd850032e, L:/127.0.0.1:49363 - R:/127.0.0.1:4723] for POST '/session'
21:54:15.566 [AsyncHttpClient-1-2] DEBUG org.asynchttpclient.netty.handler.HttpHandler -- 

Request DefaultHttpRequest(decodeResult: success, version: HTTP/1.1)
POST /session HTTP/1.1
X-Idempotency-Key: 47ca1c13-6d3c-4343-9b1c-20609f926317
User-Agent: appium/8.3.0 (selenium/4.8.3 (java mac))
Content-Length: 952
Content-Type: application/json; charset=utf-8
host: 127.0.0.1:4723
accept: */*

Response DefaultHttpResponse(decodeResult: success, version: HTTP/1.1)
HTTP/1.1 200 OK
X-Powered-By: Express
Vary: X-HTTP-Method-Override
Content-Type: application/json; charset=utf-8
Content-Length: 1816
ETag: W/"718-QLgexrFmUUQQYo5oaanA7CcmT/k"
Date: Sun, 06 Apr 2025 13:54:15 GMT
Connection: keep-alive
Keep-Alive: timeout=600

21:54:15.566 [AsyncHttpClient-1-2] DEBUG org.asynchttpclient.netty.channel.ChannelManager -- Adding key: http://127.0.0.1:4723 for channel [id: 0xd850032e, L:/127.0.0.1:49363 - R:/127.0.0.1:4723]
21:54:15.570 [Forwarding executeCdp on session 3e01b2ee-b6b2-453f-a3af-2cebaa3dd82a to remote] DEBUG org.asynchttpclient.netty.request.NettyRequestSender -- Using pooled Channel '[id: 0xd850032e, L:/127.0.0.1:49363 - R:/127.0.0.1:4723]' for 'POST' to 'http://127.0.0.1:4723/session/3e01b2ee-b6b2-453f-a3af-2cebaa3dd82a/goog/cdp/execute'
21:54:15.570 [Forwarding executeCdp on session 3e01b2ee-b6b2-453f-a3af-2cebaa3dd82a to remote] DEBUG org.asynchttpclient.netty.request.NettyRequestSender -- Using open Channel [id: 0xd850032e, L:/127.0.0.1:49363 - R:/127.0.0.1:4723] for POST '/session/3e01b2ee-b6b2-453f-a3af-2cebaa3dd82a/goog/cdp/execute'
21:54:15.600 [AsyncHttpClient-1-2] DEBUG org.asynchttpclient.netty.handler.HttpHandler -- 

Request DefaultHttpRequest(decodeResult: success, version: HTTP/1.1)
POST /session/3e01b2ee-b6b2-453f-a3af-2cebaa3dd82a/goog/cdp/execute HTTP/1.1
User-Agent: appium/8.3.0 (selenium/4.8.3 (java mac))
Content-Length: 87
Content-Type: application/json; charset=utf-8
host: 127.0.0.1:4723
accept: */*

Response DefaultHttpResponse(decodeResult: success, version: HTTP/1.1)
HTTP/1.1 404 Not Found
X-Powered-By: Express
Vary: X-HTTP-Method-Override
Content-Type: application/json; charset=utf-8
Content-Length: 1990
ETag: W/"7c6-0kWfWRVU6AOJV9e36pVsM44J8x0"
Date: Sun, 06 Apr 2025 13:54:15 GMT
Connection: keep-alive
Keep-Alive: timeout=600

21:54:15.600 [AsyncHttpClient-1-2] DEBUG org.asynchttpclient.netty.channel.ChannelManager -- Adding key: http://127.0.0.1:4723 for channel [id: 0xd850032e, L:/127.0.0.1:49363 - R:/127.0.0.1:4723]
21:54:15.601 [main] WARN  com.cathay.test.config.AppiumConfig - ⚠️ 設定第三方 Cookie 支援時發生例外: unknown command: 'Network.setCookieBlockingEnabled' wasn't found
  (Session info: chrome=128.0.6613.88)
Build info: version: '4.8.3', revision: 'e5e76298c3'
System info: os.name: 'Mac OS X', os.arch: 'aarch64', os.version: '13.4', java.version: '23.0.2'
Driver info: io.appium.java_client.android.AndroidDriver
Command: [3e01b2ee-b6b2-453f-a3af-2cebaa3dd82a, executeCdp {cmd=Network.setCookieBlockingEnabled, params={enabled=false}}]
Capabilities {appium:autoAcceptAlerts: true, appium:autoGrantPermissions: true, appium:automationName: UiAutomator2, appium:chromedriverExecutable: /opt/homebrew/bin/chromedriver, appium:databaseEnabled: false, appium:desired: {appActivity: com.android.chrome/com.goog..., appPackage: com.android.chrome, autoAcceptAlerts: true, autoGrantPermissions: true, automationName: UiAutomator2, browserName: chrome, chromedriverExecutable: /opt/homebrew/bin/chromedriver, deviceName: Pixel_3a_API_34_extension_l..., goog:chromeOptions: {args: [--no-sandbox, --disable-dev-shm-usage, --ignore-certificate-errors, --remote-allow-origins=*, --disable-features=SameSite..., --enable-features=NetworkSe...], w3c: true}, newCommandTimeout: 120, noReset: true, platformName: android, platformVersion: 16.0}, appium:deviceApiLevel: 36, appium:deviceManufacturer: Google, appium:deviceModel: sdk_gphone64_arm64, appium:deviceName: emulator-5554, appium:deviceScreenDensity: 420, appium:deviceScreenSize: 1080x2424, appium:deviceUDID: emulator-5554, appium:javascriptEnabled: true, appium:locationContextEnabled: false, appium:networkConnectionEnabled: true, appium:newCommandTimeout: 120, appium:noReset: true, appium:pixelRatio: 2.625, appium:platformVersion: 16, appium:statBarHeight: 137, appium:takesScreenshot: true, appium:viewportRect: {height: 2287, left: 0, top: 137, width: 1080}, appium:warnings: {}, appium:webStorageEnabled: false, browserName: chrome, goog:chromeOptions: {args: [--no-sandbox, --disable-dev-shm-usage, --ignore-certificate-errors, --remote-allow-origins=*, --disable-features=SameSite..., --enable-features=NetworkSe...], w3c: true}, platformName: ANDROID}
Session ID: 3e01b2ee-b6b2-453f-a3af-2cebaa3dd82a
21:54:16.303 [AsyncHttpClient-1-1] DEBUG org.asynchttpclient.netty.channel.DefaultChannelPool -- Entry count for : http://127.0.0.1:4723 : 1
21:54:17.404 [AsyncHttpClient-1-1] DEBUG org.asynchttpclient.netty.channel.DefaultChannelPool -- Entry count for : http://127.0.0.1:4723 : 1
21:54:18.503 [AsyncHttpClient-1-1] DEBUG org.asynchttpclient.netty.channel.DefaultChannelPool -- Entry count for : http://127.0.0.1:4723 : 1
21:54:18.607 [main] INFO  com.cathay.test.config.AppiumConfig - Driver session ID: 3e01b2ee-b6b2-453f-a3af-2cebaa3dd82a
21:54:18.609 [Forwarding get on session 3e01b2ee-b6b2-453f-a3af-2cebaa3dd82a to remote] DEBUG org.asynchttpclient.netty.request.NettyRequestSender -- Using pooled Channel '[id: 0xd850032e, L:/127.0.0.1:49363 - R:/127.0.0.1:4723]' for 'POST' to 'http://127.0.0.1:4723/session/3e01b2ee-b6b2-453f-a3af-2cebaa3dd82a/url'
21:54:18.609 [Forwarding get on session 3e01b2ee-b6b2-453f-a3af-2cebaa3dd82a to remote] DEBUG org.asynchttpclient.netty.request.NettyRequestSender -- Using open Channel [id: 0xd850032e, L:/127.0.0.1:49363 - R:/127.0.0.1:4723] for POST '/session/3e01b2ee-b6b2-453f-a3af-2cebaa3dd82a/url'
21:54:22.412 [AsyncHttpClient-1-2] DEBUG org.asynchttpclient.netty.handler.HttpHandler -- 

Request DefaultHttpRequest(decodeResult: success, version: HTTP/1.1)
POST /session/3e01b2ee-b6b2-453f-a3af-2cebaa3dd82a/url HTTP/1.1
User-Agent: appium/8.3.0 (selenium/4.8.3 (java mac))
Content-Length: 133
Content-Type: application/json; charset=utf-8
host: 127.0.0.1:4723
accept: */*

Response DefaultHttpResponse(decodeResult: success, version: HTTP/1.1)
HTTP/1.1 200 OK
X-Powered-By: Express
Vary: X-HTTP-Method-Override
Content-Type: application/json; charset=utf-8
Content-Length: 14
ETag: W/"e-9/1BuKMgFObM1mWJm+YjxtXJnUM"
Date: Sun, 06 Apr 2025 13:54:22 GMT
Connection: keep-alive
Keep-Alive: timeout=600

21:54:22.413 [AsyncHttpClient-1-2] DEBUG org.asynchttpclient.netty.channel.ChannelManager -- Adding key: http://127.0.0.1:4723 for channel [id: 0xd850032e, L:/127.0.0.1:49363 - R:/127.0.0.1:4723]
21:54:22.413 [Forwarding getCurrentUrl on session 3e01b2ee-b6b2-453f-a3af-2cebaa3dd82a to remote] DEBUG org.asynchttpclient.netty.request.NettyRequestSender -- Using pooled Channel '[id: 0xd850032e, L:/127.0.0.1:49363 - R:/127.0.0.1:4723]' for 'GET' to 'http://127.0.0.1:4723/session/3e01b2ee-b6b2-453f-a3af-2cebaa3dd82a/url'
21:54:22.413 [Forwarding getCurrentUrl on session 3e01b2ee-b6b2-453f-a3af-2cebaa3dd82a to remote] DEBUG org.asynchttpclient.netty.request.NettyRequestSender -- Using open Channel [id: 0xd850032e, L:/127.0.0.1:49363 - R:/127.0.0.1:4723] for GET '/session/3e01b2ee-b6b2-453f-a3af-2cebaa3dd82a/url'
21:54:22.460 [AsyncHttpClient-1-2] DEBUG org.asynchttpclient.netty.handler.HttpHandler -- 

Request DefaultFullHttpRequest(decodeResult: success, version: HTTP/1.1, content: EmptyByteBufBE)
GET /session/3e01b2ee-b6b2-453f-a3af-2cebaa3dd82a/url HTTP/1.1
Cache-Control: no-cache
User-Agent: appium/8.3.0 (selenium/4.8.3 (java mac))
Content-Type: application/json; charset=utf-8
host: 127.0.0.1:4723
accept: */*

Response DefaultHttpResponse(decodeResult: success, version: HTTP/1.1)
HTTP/1.1 200 OK
X-Powered-By: Express
Content-Type: application/json; charset=utf-8
Content-Length: 90
ETag: W/"5a-SVzTdoqQsw2ztnbhgzn9TDJ+oVM"
Date: Sun, 06 Apr 2025 13:54:22 GMT
Connection: keep-alive
Keep-Alive: timeout=600

21:54:22.460 [AsyncHttpClient-1-2] DEBUG org.asynchttpclient.netty.channel.ChannelManager -- Adding key: http://127.0.0.1:4723 for channel [id: 0xd850032e, L:/127.0.0.1:49363 - R:/127.0.0.1:4723]
*********3rd party cookie Current URL: https://www.cathaybk.com.tw/cathaybk/personal/loan/calculator/mortgage-budget/
21:54:22.461 [Forwarding getCookies on session 3e01b2ee-b6b2-453f-a3af-2cebaa3dd82a to remote] DEBUG org.asynchttpclient.netty.request.NettyRequestSender -- Using pooled Channel '[id: 0xd850032e, L:/127.0.0.1:49363 - R:/127.0.0.1:4723]' for 'GET' to 'http://127.0.0.1:4723/session/3e01b2ee-b6b2-453f-a3af-2cebaa3dd82a/cookie'
21:54:22.461 [Forwarding getCookies on session 3e01b2ee-b6b2-453f-a3af-2cebaa3dd82a to remote] DEBUG org.asynchttpclient.netty.request.NettyRequestSender -- Using open Channel [id: 0xd850032e, L:/127.0.0.1:49363 - R:/127.0.0.1:4723] for GET '/session/3e01b2ee-b6b2-453f-a3af-2cebaa3dd82a/cookie'
21:54:22.502 [AsyncHttpClient-1-2] DEBUG org.asynchttpclient.netty.handler.HttpHandler -- 

Request DefaultFullHttpRequest(decodeResult: success, version: HTTP/1.1, content: EmptyByteBufBE)
GET /session/3e01b2ee-b6b2-453f-a3af-2cebaa3dd82a/cookie HTTP/1.1
Cache-Control: no-cache
User-Agent: appium/8.3.0 (selenium/4.8.3 (java mac))
Content-Type: application/json; charset=utf-8
host: 127.0.0.1:4723
accept: */*

Response DefaultHttpResponse(decodeResult: success, version: HTTP/1.1)
HTTP/1.1 200 OK
X-Powered-By: Express
Content-Type: application/json; charset=utf-8
Content-Length: 4089
ETag: W/"ff9-b/DATlcMQlbZDyilrGP6VlueYEA"
Date: Sun, 06 Apr 2025 13:54:22 GMT
Connection: keep-alive
Keep-Alive: timeout=600

21:54:22.502 [AsyncHttpClient-1-2] DEBUG org.asynchttpclient.netty.channel.ChannelManager -- Adding key: http://127.0.0.1:4723 for channel [id: 0xd850032e, L:/127.0.0.1:49363 - R:/127.0.0.1:4723]
*********Cookie: citrix_ns_id = AAE7iofyZztngVcHAAAAADvLSubBRkGc__LEO6ELGaG0bRrxaUs5VJvomfRtXIpqOw==EYvyZw==ki7tGtQTETrnrWmScCcTvwo3L0w=
*********Cookie: ASP.NET_SessionId = eomlqjshk4micznwltkhcb3c
*********Cookie: _ss_pp_id = 7606ebc5593b77daa131743918861339
*********Cookie: __lt__sid = 8ec7ace7-e39fb234
*********Cookie: cathaybk_new = 4bb3a3d8d4f078cfaa7badb04abb60df7ed08c3d037be7593e9c32d57ce56d7fc2c8d446
*********Cookie: _mg_ckp = eyJja1RrZERGIjoiIn0=
*********Cookie: __mguid_ = f9b1b1b30ef144aa9314c8172b798e35
*********Cookie: FingerprintCookie = a83734ca5c2401a34f4ad325dff7c9ff
*********Cookie: shell#lang = en
*********Cookie: mbox = session#ff25e9da6daa43908ed8a0fda6ad7cc4#1743949522|PC#ff25e9da6daa43908ed8a0fda6ad7cc4.32_0#1807192462
*********Cookie: _td = f64d31ec-d628-4912-ad27-d029cc19e7e7
*********Cookie: _uetvid = a41e89a012ee11f0ba3b71b2d885f210
*********Cookie: usy46gabsosd = cubcsa_17439476602850.c61e9f2e006aa419bca68bef1c5acbe4_4526
*********Cookie: _uetsid = a41e2cd012ee11f089fb1716e84dac2b
*********Cookie: AMCV_B877A5DB584931AC0A495EAA%40AdobeOrg = 1585540135%7CMCIDTS%7C20185%7CMCMID%7C00339145890461715490536452344804239227%7CMCAAMLH-1744552461%7C11%7CMCAAMB-1744552461%7C6G1ynYcLPuiQxYZrsz_pkqfLG9yMXBpb2zX5dvJdYQJzPXImdj0y%7CMCCIDH%7C1062709688%7CMCOPTOUT-1743954861s%7CNONE%7CMCSYNCSOP%7C411-20192%7CvVersion%7C4.4.0
*********Cookie: _ga_T2T689XRGT = GS1.1.1743947660.1.0.1743947660.60.0.0
*********Cookie: _ga = GA1.1.693350265.1743947661
*********Cookie: _fbp = fb.2.1743947661288.146339374910081223
*********Cookie: at_check = true
*********Cookie: __lt__cid = 6a2e710e-b485-4d18-871c-82ebb7cbb39c
*********Cookie: _gcl_au = 1.1.380327540.1743947660
*********Cookie: AMCVS_B877A5DB584931AC0A495EAA%40AdobeOrg = 1
21:54:22.503 [Forwarding getCurrentUrl on session 3e01b2ee-b6b2-453f-a3af-2cebaa3dd82a to remote] DEBUG org.asynchttpclient.netty.request.NettyRequestSender -- Using pooled Channel '[id: 0xd850032e, L:/127.0.0.1:49363 - R:/127.0.0.1:4723]' for 'GET' to 'http://127.0.0.1:4723/session/3e01b2ee-b6b2-453f-a3af-2cebaa3dd82a/url'
21:54:22.504 [Forwarding getCurrentUrl on session 3e01b2ee-b6b2-453f-a3af-2cebaa3dd82a to remote] DEBUG org.asynchttpclient.netty.request.NettyRequestSender -- Using open Channel [id: 0xd850032e, L:/127.0.0.1:49363 - R:/127.0.0.1:4723] for GET '/session/3e01b2ee-b6b2-453f-a3af-2cebaa3dd82a/url'
21:54:22.517 [AsyncHttpClient-1-2] DEBUG org.asynchttpclient.netty.handler.HttpHandler -- 

Request DefaultFullHttpRequest(decodeResult: success, version: HTTP/1.1, content: EmptyByteBufBE)
GET /session/3e01b2ee-b6b2-453f-a3af-2cebaa3dd82a/url HTTP/1.1
Cache-Control: no-cache
User-Agent: appium/8.3.0 (selenium/4.8.3 (java mac))
Content-Type: application/json; charset=utf-8
host: 127.0.0.1:4723
accept: */*

Response DefaultHttpResponse(decodeResult: success, version: HTTP/1.1)
HTTP/1.1 200 OK
X-Powered-By: Express
Content-Type: application/json; charset=utf-8
Content-Length: 90
ETag: W/"5a-SVzTdoqQsw2ztnbhgzn9TDJ+oVM"
Date: Sun, 06 Apr 2025 13:54:22 GMT
Connection: keep-alive
Keep-Alive: timeout=600

21:54:22.518 [AsyncHttpClient-1-2] DEBUG org.asynchttpclient.netty.channel.ChannelManager -- Adding key: http://127.0.0.1:4723 for channel [id: 0xd850032e, L:/127.0.0.1:49363 - R:/127.0.0.1:4723]
21:54:22.518 [Forwarding setTimeout on session 3e01b2ee-b6b2-453f-a3af-2cebaa3dd82a to remote] DEBUG org.asynchttpclient.netty.request.NettyRequestSender -- Using pooled Channel '[id: 0xd850032e, L:/127.0.0.1:49363 - R:/127.0.0.1:4723]' for 'POST' to 'http://127.0.0.1:4723/session/3e01b2ee-b6b2-453f-a3af-2cebaa3dd82a/timeouts'
21:54:22.518 [Forwarding setTimeout on session 3e01b2ee-b6b2-453f-a3af-2cebaa3dd82a to remote] DEBUG org.asynchttpclient.netty.request.NettyRequestSender -- Using open Channel [id: 0xd850032e, L:/127.0.0.1:49363 - R:/127.0.0.1:4723] for POST '/session/3e01b2ee-b6b2-453f-a3af-2cebaa3dd82a/timeouts'
21:54:22.521 [AsyncHttpClient-1-2] DEBUG org.asynchttpclient.netty.handler.HttpHandler -- 

Request DefaultHttpRequest(decodeResult: success, version: HTTP/1.1)
POST /session/3e01b2ee-b6b2-453f-a3af-2cebaa3dd82a/timeouts HTTP/1.1
User-Agent: appium/8.3.0 (selenium/4.8.3 (java mac))
Content-Length: 23
Content-Type: application/json; charset=utf-8
host: 127.0.0.1:4723
accept: */*

Response DefaultHttpResponse(decodeResult: success, version: HTTP/1.1)
HTTP/1.1 200 OK
X-Powered-By: Express
Vary: X-HTTP-Method-Override
Content-Type: application/json; charset=utf-8
Content-Length: 14
ETag: W/"e-9/1BuKMgFObM1mWJm+YjxtXJnUM"
Date: Sun, 06 Apr 2025 13:54:22 GMT
Connection: keep-alive
Keep-Alive: timeout=600

21:54:22.521 [AsyncHttpClient-1-2] DEBUG org.asynchttpclient.netty.channel.ChannelManager -- Adding key: http://127.0.0.1:4723 for channel [id: 0xd850032e, L:/127.0.0.1:49363 - R:/127.0.0.1:4723]
21:54:22.521 [Forwarding setTimeout on session 3e01b2ee-b6b2-453f-a3af-2cebaa3dd82a to remote] DEBUG org.asynchttpclient.netty.request.NettyRequestSender -- Using pooled Channel '[id: 0xd850032e, L:/127.0.0.1:49363 - R:/127.0.0.1:4723]' for 'POST' to 'http://127.0.0.1:4723/session/3e01b2ee-b6b2-453f-a3af-2cebaa3dd82a/timeouts'
21:54:22.521 [Forwarding setTimeout on session 3e01b2ee-b6b2-453f-a3af-2cebaa3dd82a to remote] DEBUG org.asynchttpclient.netty.request.NettyRequestSender -- Using open Channel [id: 0xd850032e, L:/127.0.0.1:49363 - R:/127.0.0.1:4723] for POST '/session/3e01b2ee-b6b2-453f-a3af-2cebaa3dd82a/timeouts'
21:54:22.524 [AsyncHttpClient-1-2] DEBUG org.asynchttpclient.netty.handler.HttpHandler -- 

Request DefaultHttpRequest(decodeResult: success, version: HTTP/1.1)
POST /session/3e01b2ee-b6b2-453f-a3af-2cebaa3dd82a/timeouts HTTP/1.1
User-Agent: appium/8.3.0 (selenium/4.8.3 (java mac))
Content-Length: 23
Content-Type: application/json; charset=utf-8
host: 127.0.0.1:4723
accept: */*

Response DefaultHttpResponse(decodeResult: success, version: HTTP/1.1)
HTTP/1.1 200 OK
X-Powered-By: Express
Vary: X-HTTP-Method-Override
Content-Type: application/json; charset=utf-8
Content-Length: 14
ETag: W/"e-9/1BuKMgFObM1mWJm+YjxtXJnUM"
Date: Sun, 06 Apr 2025 13:54:22 GMT
Connection: keep-alive
Keep-Alive: timeout=600

21:54:22.524 [AsyncHttpClient-1-2] DEBUG org.asynchttpclient.netty.channel.ChannelManager -- Adding key: http://127.0.0.1:4723 for channel [id: 0xd850032e, L:/127.0.0.1:49363 - R:/127.0.0.1:4723]
21:54:22.524 [Forwarding setTimeout on session 3e01b2ee-b6b2-453f-a3af-2cebaa3dd82a to remote] DEBUG org.asynchttpclient.netty.request.NettyRequestSender -- Using pooled Channel '[id: 0xd850032e, L:/127.0.0.1:49363 - R:/127.0.0.1:4723]' for 'POST' to 'http://127.0.0.1:4723/session/3e01b2ee-b6b2-453f-a3af-2cebaa3dd82a/timeouts'
21:54:22.525 [Forwarding setTimeout on session 3e01b2ee-b6b2-453f-a3af-2cebaa3dd82a to remote] DEBUG org.asynchttpclient.netty.request.NettyRequestSender -- Using open Channel [id: 0xd850032e, L:/127.0.0.1:49363 - R:/127.0.0.1:4723] for POST '/session/3e01b2ee-b6b2-453f-a3af-2cebaa3dd82a/timeouts'
21:54:22.527 [AsyncHttpClient-1-2] DEBUG org.asynchttpclient.netty.handler.HttpHandler -- 

Request DefaultHttpRequest(decodeResult: success, version: HTTP/1.1)
POST /session/3e01b2ee-b6b2-453f-a3af-2cebaa3dd82a/timeouts HTTP/1.1
User-Agent: appium/8.3.0 (selenium/4.8.3 (java mac))
Content-Length: 21
Content-Type: application/json; charset=utf-8
host: 127.0.0.1:4723
accept: */*

Response DefaultHttpResponse(decodeResult: success, version: HTTP/1.1)
HTTP/1.1 200 OK
X-Powered-By: Express
Vary: X-HTTP-Method-Override
Content-Type: application/json; charset=utf-8
Content-Length: 14
ETag: W/"e-9/1BuKMgFObM1mWJm+YjxtXJnUM"
Date: Sun, 06 Apr 2025 13:54:22 GMT
Connection: keep-alive
Keep-Alive: timeout=600

21:54:22.527 [AsyncHttpClient-1-2] DEBUG org.asynchttpclient.netty.channel.ChannelManager -- Adding key: http://127.0.0.1:4723 for channel [id: 0xd850032e, L:/127.0.0.1:49363 - R:/127.0.0.1:4723]
21:54:22.527 [main] INFO  com.cathay.test.config.AppiumConfig - MortgageCalculatorTest 初始化完成
21:54:22.527 [main] INFO com.cathay.test.tests.MortgageCalculatorTest -- 驗證 driver session 與重新導頁...
21:54:22.528 [Forwarding get on session 3e01b2ee-b6b2-453f-a3af-2cebaa3dd82a to remote] DEBUG org.asynchttpclient.netty.request.NettyRequestSender -- Using pooled Channel '[id: 0xd850032e, L:/127.0.0.1:49363 - R:/127.0.0.1:4723]' for 'POST' to 'http://127.0.0.1:4723/session/3e01b2ee-b6b2-453f-a3af-2cebaa3dd82a/url'
21:54:22.528 [Forwarding get on session 3e01b2ee-b6b2-453f-a3af-2cebaa3dd82a to remote] DEBUG org.asynchttpclient.netty.request.NettyRequestSender -- Using open Channel [id: 0xd850032e, L:/127.0.0.1:49363 - R:/127.0.0.1:4723] for POST '/session/3e01b2ee-b6b2-453f-a3af-2cebaa3dd82a/url'
21:54:23.952 [AsyncHttpClient-1-2] DEBUG org.asynchttpclient.netty.handler.HttpHandler -- 

Request DefaultHttpRequest(decodeResult: success, version: HTTP/1.1)
POST /session/3e01b2ee-b6b2-453f-a3af-2cebaa3dd82a/url HTTP/1.1
User-Agent: appium/8.3.0 (selenium/4.8.3 (java mac))
Content-Length: 133
Content-Type: application/json; charset=utf-8
host: 127.0.0.1:4723
accept: */*

Response DefaultHttpResponse(decodeResult: success, version: HTTP/1.1)
HTTP/1.1 200 OK
X-Powered-By: Express
Vary: X-HTTP-Method-Override
Content-Type: application/json; charset=utf-8
Content-Length: 14
ETag: W/"e-9/1BuKMgFObM1mWJm+YjxtXJnUM"
Date: Sun, 06 Apr 2025 13:54:23 GMT
Connection: keep-alive
Keep-Alive: timeout=600

21:54:23.953 [AsyncHttpClient-1-2] DEBUG org.asynchttpclient.netty.channel.ChannelManager -- Adding key: http://127.0.0.1:4723 for channel [id: 0xd850032e, L:/127.0.0.1:49363 - R:/127.0.0.1:4723]
21:54:23.954 [Forwarding getCurrentUrl on session 3e01b2ee-b6b2-453f-a3af-2cebaa3dd82a to remote] DEBUG org.asynchttpclient.netty.request.NettyRequestSender -- Using pooled Channel '[id: 0xd850032e, L:/127.0.0.1:49363 - R:/127.0.0.1:4723]' for 'GET' to 'http://127.0.0.1:4723/session/3e01b2ee-b6b2-453f-a3af-2cebaa3dd82a/url'
21:54:23.954 [Forwarding getCurrentUrl on session 3e01b2ee-b6b2-453f-a3af-2cebaa3dd82a to remote] DEBUG org.asynchttpclient.netty.request.NettyRequestSender -- Using open Channel [id: 0xd850032e, L:/127.0.0.1:49363 - R:/127.0.0.1:4723] for GET '/session/3e01b2ee-b6b2-453f-a3af-2cebaa3dd82a/url'
21:54:24.037 [AsyncHttpClient-1-2] DEBUG org.asynchttpclient.netty.handler.HttpHandler -- 

Request DefaultFullHttpRequest(decodeResult: success, version: HTTP/1.1, content: EmptyByteBufBE)
GET /session/3e01b2ee-b6b2-453f-a3af-2cebaa3dd82a/url HTTP/1.1
Cache-Control: no-cache
User-Agent: appium/8.3.0 (selenium/4.8.3 (java mac))
Content-Type: application/json; charset=utf-8
host: 127.0.0.1:4723
accept: */*

Response DefaultHttpResponse(decodeResult: success, version: HTTP/1.1)
HTTP/1.1 200 OK
X-Powered-By: Express
Content-Type: application/json; charset=utf-8
Content-Length: 90
ETag: W/"5a-SVzTdoqQsw2ztnbhgzn9TDJ+oVM"
Date: Sun, 06 Apr 2025 13:54:24 GMT
Connection: keep-alive
Keep-Alive: timeout=600

21:54:24.038 [AsyncHttpClient-1-2] DEBUG org.asynchttpclient.netty.channel.ChannelManager -- Adding key: http://127.0.0.1:4723 for channel [id: 0xd850032e, L:/127.0.0.1:49363 - R:/127.0.0.1:4723]
*********3rd party cookie Current URL: https://www.cathaybk.com.tw/cathaybk/personal/loan/calculator/mortgage-budget/
21:54:24.039 [Forwarding getCookies on session 3e01b2ee-b6b2-453f-a3af-2cebaa3dd82a to remote] DEBUG org.asynchttpclient.netty.request.NettyRequestSender -- Using pooled Channel '[id: 0xd850032e, L:/127.0.0.1:49363 - R:/127.0.0.1:4723]' for 'GET' to 'http://127.0.0.1:4723/session/3e01b2ee-b6b2-453f-a3af-2cebaa3dd82a/cookie'
21:54:24.039 [Forwarding getCookies on session 3e01b2ee-b6b2-453f-a3af-2cebaa3dd82a to remote] DEBUG org.asynchttpclient.netty.request.NettyRequestSender -- Using open Channel [id: 0xd850032e, L:/127.0.0.1:49363 - R:/127.0.0.1:4723] for GET '/session/3e01b2ee-b6b2-453f-a3af-2cebaa3dd82a/cookie'
21:54:24.060 [AsyncHttpClient-1-2] DEBUG org.asynchttpclient.netty.handler.HttpHandler -- 

Request DefaultFullHttpRequest(decodeResult: success, version: HTTP/1.1, content: EmptyByteBufBE)
GET /session/3e01b2ee-b6b2-453f-a3af-2cebaa3dd82a/cookie HTTP/1.1
Cache-Control: no-cache
User-Agent: appium/8.3.0 (selenium/4.8.3 (java mac))
Content-Type: application/json; charset=utf-8
host: 127.0.0.1:4723
accept: */*

Response DefaultHttpResponse(decodeResult: success, version: HTTP/1.1)
HTTP/1.1 200 OK
X-Powered-By: Express
Content-Type: application/json; charset=utf-8
Content-Length: 8444
ETag: W/"20fc-bt+MOMsBYqz2yT/7uGu2aV0CnuM"
Date: Sun, 06 Apr 2025 13:54:24 GMT
Connection: keep-alive
Keep-Alive: timeout=600

21:54:24.060 [AsyncHttpClient-1-2] DEBUG org.asynchttpclient.netty.channel.ChannelManager -- Adding key: http://127.0.0.1:4723 for channel [id: 0xd850032e, L:/127.0.0.1:49363 - R:/127.0.0.1:4723]
*********Cookie: citrix_ns_id = AAE7iofyZztngVcHAAAAADvLSubBRkGc__LEO6ELGaG0bRrxaUs5VJvomfRtXIpqOw==E4vyZw==PTpV62hkYWK_VYqVTLKgtz6V2vE=
*********Cookie: dv0qai26lg6v2y6kl7yyc36brextdtcn3m6k469n = cn43s09qher
*********Cookie: dv0qai26lg6v2y6kl7yyc36brextd350rljp9uwe = e0dml074igr
*********Cookie: ASP.NET_SessionId = eomlqjshk4micznwltkhcb3c
*********Cookie: dv0qai26lg6v2y6kl7yyc36brextdzyo3mce2gza = 8wihqidvhw3
*********Cookie: dv0qai26lg6v2y6kl7yyc36brextd1lh8r2av92h = 271h5dtfav8
*********Cookie: dv0qai26lg6v2y6kl7yyc36brextd1zn8irsuylq = xesjr8o13k
*********Cookie: dv0qai26lg6v2y6kl7yyc36brextdixokfdglq7f = yzpsjb5h0e
*********Cookie: _ss_pp_id = 7606ebc5593b77daa131743918861339
*********Cookie: _mg_ckp = eyJja1RrZERGIjoiIn0=
*********Cookie: dv0qai26lg6v2y6kl7yyc36brextdgj5t3elnix = m5gim13l0ar
*********Cookie: shell#lang = en
*********Cookie: mbox = session#ff25e9da6daa43908ed8a0fda6ad7cc4#1743949524|PC#ff25e9da6daa43908ed8a0fda6ad7cc4.32_0#1807192464
*********Cookie: dv0qai26lg6v2y6kl7yyc36brextdtp8r5phvx1h = n1yvg8gth4i
*********Cookie: dv0qai26lg6v2y6kl7yyc36brextd47z1mam4k98 = 8v07o4k334p
*********Cookie: _td = f64d31ec-d628-4912-ad27-d029cc19e7e7
*********Cookie: _uetvid = a41e89a012ee11f0ba3b71b2d885f210
*********Cookie: _uetsid = a41e2cd012ee11f089fb1716e84dac2b
*********Cookie: dv0qai26lg6v2y6kl7yyc36brextdrq928dglqx = wtyneeipnm
*********Cookie: dv0qai26lg6v2y6kl7yyc36brextdtqcabztc0ap = shkwmaje9ss
*********Cookie: _ga_T2T689XRGT = GS1.1.1743947660.1.1.1743947663.57.0.0
*********Cookie: AMCV_B877A5DB584931AC0A495EAA%40AdobeOrg = 1585540135%7CMCIDTS%7C20185%7CMCMID%7C00339145890461715490536452344804239227%7CMCAAMLH-1744552461%7C11%7CMCAAMB-1744552461%7C6G1ynYcLPuiQxYZrsz_pkqfLG9yMXBpb2zX5dvJdYQJzPXImdj0y%7CMCCIDH%7C1062709688%7CMCOPTOUT-1743954861s%7CNONE%7CMCSYNCSOP%7C411-20192%7CvVersion%7C4.4.0
*********Cookie: dv0qai26lg6v2y6kl7yyc36brextdgbmqhofhy14 = 8ibosl9i2uc
*********Cookie: at_check = true
*********Cookie: _fbp = fb.2.1743947661288.146339374910081223
*********Cookie: __lt__cid = 6a2e710e-b485-4d18-871c-82ebb7cbb39c
*********Cookie: dv0qai26lg6v2y6kl7yyc36brextdks4z59jjz9b = kyx2bxfc9rf
*********Cookie: dv0qai26lg6v2y6kl7yyc36brextdcf69p0c6nrk = ekfe52y44av
*********Cookie: dv0qai26lg6v2y6kl7yyc36brextdgq65vns8jdj = ekn74gfitos
*********Cookie: dv0qai26lg6v2y6kl7yyc36brextdowv838a7ge = 35y3arm7pb
*********Cookie: __lt__sid = 8ec7ace7-e39fb234
*********Cookie: cathaybk_new = 4bb3a3d8d4f078cfaa7badb04abb60df7ed08c3d037be7593e9c32d57ce56d7fc2c8d446
*********Cookie: __mguid_ = f9b1b1b30ef144aa9314c8172b798e35
*********Cookie: FingerprintCookie = a83734ca5c2401a34f4ad325dff7c9ff
*********Cookie: dv0qai26lg6v2y6kl7yyc36brextdi7l3a29rcvh = wc5c9vi9m
*********Cookie: dv0qai26lg6v2y6kl7yyc36brextdoy1ima1o24 = fq7qspcva8k
*********Cookie: dv0qai26lg6v2y6kl7yyc36brextd6vn1mfwsr62 = pzs45w31vjo
*********Cookie: usy46gabsosd = cubcsa_17439476602850.c61e9f2e006aa419bca68bef1c5acbe4_4526
*********Cookie: dv0qai26lg6v2y6kl7yyc36brextd7fx3nc4qo8g = 2zalpx4o8o
*********Cookie: _ga = GA1.1.693350265.1743947661
*********Cookie: _gcl_au = 1.1.380327540.1743947660
*********Cookie: dv0qai26lg6v2y6kl7yyc36brextdx4e0yak8mgc = 3z5oxvzknjc
*********Cookie: dv0qai26lg6v2y6kl7yyc36brextdihbvy44oaio = b9ka8t2vu1w
*********Cookie: AMCVS_B877A5DB584931AC0A495EAA%40AdobeOrg = 1
*********Cookie: dv0qai26lg6v2y6kl7yyc36brextde2vbsz7wz9r = ayfgq5m1bq
*********Cookie: dv0qai26lg6v2y6kl7yyc36brextdcj6mvek6jbm = scnqcw3pd4
21:54:24.063 [Forwarding getCurrentUrl on session 3e01b2ee-b6b2-453f-a3af-2cebaa3dd82a to remote] DEBUG org.asynchttpclient.netty.request.NettyRequestSender -- Using pooled Channel '[id: 0xd850032e, L:/127.0.0.1:49363 - R:/127.0.0.1:4723]' for 'GET' to 'http://127.0.0.1:4723/session/3e01b2ee-b6b2-453f-a3af-2cebaa3dd82a/url'
21:54:24.063 [Forwarding getCurrentUrl on session 3e01b2ee-b6b2-453f-a3af-2cebaa3dd82a to remote] DEBUG org.asynchttpclient.netty.request.NettyRequestSender -- Using open Channel [id: 0xd850032e, L:/127.0.0.1:49363 - R:/127.0.0.1:4723] for GET '/session/3e01b2ee-b6b2-453f-a3af-2cebaa3dd82a/url'
21:54:24.078 [AsyncHttpClient-1-2] DEBUG org.asynchttpclient.netty.handler.HttpHandler -- 

Request DefaultFullHttpRequest(decodeResult: success, version: HTTP/1.1, content: EmptyByteBufBE)
GET /session/3e01b2ee-b6b2-453f-a3af-2cebaa3dd82a/url HTTP/1.1
Cache-Control: no-cache
User-Agent: appium/8.3.0 (selenium/4.8.3 (java mac))
Content-Type: application/json; charset=utf-8
host: 127.0.0.1:4723
accept: */*

Response DefaultHttpResponse(decodeResult: success, version: HTTP/1.1)
HTTP/1.1 200 OK
X-Powered-By: Express
Content-Type: application/json; charset=utf-8
Content-Length: 90
ETag: W/"5a-SVzTdoqQsw2ztnbhgzn9TDJ+oVM"
Date: Sun, 06 Apr 2025 13:54:24 GMT
Connection: keep-alive
Keep-Alive: timeout=600

21:54:24.078 [AsyncHttpClient-1-2] DEBUG org.asynchttpclient.netty.channel.ChannelManager -- Adding key: http://127.0.0.1:4723 for channel [id: 0xd850032e, L:/127.0.0.1:49363 - R:/127.0.0.1:4723]
21:54:24.079 [Forwarding setTimeout on session 3e01b2ee-b6b2-453f-a3af-2cebaa3dd82a to remote] DEBUG org.asynchttpclient.netty.request.NettyRequestSender -- Using pooled Channel '[id: 0xd850032e, L:/127.0.0.1:49363 - R:/127.0.0.1:4723]' for 'POST' to 'http://127.0.0.1:4723/session/3e01b2ee-b6b2-453f-a3af-2cebaa3dd82a/timeouts'
21:54:24.080 [Forwarding setTimeout on session 3e01b2ee-b6b2-453f-a3af-2cebaa3dd82a to remote] DEBUG org.asynchttpclient.netty.request.NettyRequestSender -- Using open Channel [id: 0xd850032e, L:/127.0.0.1:49363 - R:/127.0.0.1:4723] for POST '/session/3e01b2ee-b6b2-453f-a3af-2cebaa3dd82a/timeouts'
21:54:24.083 [AsyncHttpClient-1-2] DEBUG org.asynchttpclient.netty.handler.HttpHandler -- 

Request DefaultHttpRequest(decodeResult: success, version: HTTP/1.1)
POST /session/3e01b2ee-b6b2-453f-a3af-2cebaa3dd82a/timeouts HTTP/1.1
User-Agent: appium/8.3.0 (selenium/4.8.3 (java mac))
Content-Length: 23
Content-Type: application/json; charset=utf-8
host: 127.0.0.1:4723
accept: */*

Response DefaultHttpResponse(decodeResult: success, version: HTTP/1.1)
HTTP/1.1 200 OK
X-Powered-By: Express
Vary: X-HTTP-Method-Override
Content-Type: application/json; charset=utf-8
Content-Length: 14
ETag: W/"e-9/1BuKMgFObM1mWJm+YjxtXJnUM"
Date: Sun, 06 Apr 2025 13:54:24 GMT
Connection: keep-alive
Keep-Alive: timeout=600

21:54:24.083 [AsyncHttpClient-1-2] DEBUG org.asynchttpclient.netty.channel.ChannelManager -- Adding key: http://127.0.0.1:4723 for channel [id: 0xd850032e, L:/127.0.0.1:49363 - R:/127.0.0.1:4723]
21:54:24.083 [Forwarding setTimeout on session 3e01b2ee-b6b2-453f-a3af-2cebaa3dd82a to remote] DEBUG org.asynchttpclient.netty.request.NettyRequestSender -- Using pooled Channel '[id: 0xd850032e, L:/127.0.0.1:49363 - R:/127.0.0.1:4723]' for 'POST' to 'http://127.0.0.1:4723/session/3e01b2ee-b6b2-453f-a3af-2cebaa3dd82a/timeouts'
21:54:24.083 [Forwarding setTimeout on session 3e01b2ee-b6b2-453f-a3af-2cebaa3dd82a to remote] DEBUG org.asynchttpclient.netty.request.NettyRequestSender -- Using open Channel [id: 0xd850032e, L:/127.0.0.1:49363 - R:/127.0.0.1:4723] for POST '/session/3e01b2ee-b6b2-453f-a3af-2cebaa3dd82a/timeouts'
21:54:24.085 [AsyncHttpClient-1-2] DEBUG org.asynchttpclient.netty.handler.HttpHandler -- 

Request DefaultHttpRequest(decodeResult: success, version: HTTP/1.1)
POST /session/3e01b2ee-b6b2-453f-a3af-2cebaa3dd82a/timeouts HTTP/1.1
User-Agent: appium/8.3.0 (selenium/4.8.3 (java mac))
Content-Length: 23
Content-Type: application/json; charset=utf-8
host: 127.0.0.1:4723
accept: */*

Response DefaultHttpResponse(decodeResult: success, version: HTTP/1.1)
HTTP/1.1 200 OK
X-Powered-By: Express
Vary: X-HTTP-Method-Override
Content-Type: application/json; charset=utf-8
Content-Length: 14
ETag: W/"e-9/1BuKMgFObM1mWJm+YjxtXJnUM"
Date: Sun, 06 Apr 2025 13:54:24 GMT
Connection: keep-alive
Keep-Alive: timeout=600

21:54:24.085 [AsyncHttpClient-1-2] DEBUG org.asynchttpclient.netty.channel.ChannelManager -- Adding key: http://127.0.0.1:4723 for channel [id: 0xd850032e, L:/127.0.0.1:49363 - R:/127.0.0.1:4723]
21:54:24.086 [Forwarding setTimeout on session 3e01b2ee-b6b2-453f-a3af-2cebaa3dd82a to remote] DEBUG org.asynchttpclient.netty.request.NettyRequestSender -- Using pooled Channel '[id: 0xd850032e, L:/127.0.0.1:49363 - R:/127.0.0.1:4723]' for 'POST' to 'http://127.0.0.1:4723/session/3e01b2ee-b6b2-453f-a3af-2cebaa3dd82a/timeouts'
21:54:24.086 [Forwarding setTimeout on session 3e01b2ee-b6b2-453f-a3af-2cebaa3dd82a to remote] DEBUG org.asynchttpclient.netty.request.NettyRequestSender -- Using open Channel [id: 0xd850032e, L:/127.0.0.1:49363 - R:/127.0.0.1:4723] for POST '/session/3e01b2ee-b6b2-453f-a3af-2cebaa3dd82a/timeouts'
21:54:24.087 [AsyncHttpClient-1-2] DEBUG org.asynchttpclient.netty.handler.HttpHandler -- 

Request DefaultHttpRequest(decodeResult: success, version: HTTP/1.1)
POST /session/3e01b2ee-b6b2-453f-a3af-2cebaa3dd82a/timeouts HTTP/1.1
User-Agent: appium/8.3.0 (selenium/4.8.3 (java mac))
Content-Length: 21
Content-Type: application/json; charset=utf-8
host: 127.0.0.1:4723
accept: */*

Response DefaultHttpResponse(decodeResult: success, version: HTTP/1.1)
HTTP/1.1 200 OK
X-Powered-By: Express
Vary: X-HTTP-Method-Override
Content-Type: application/json; charset=utf-8
Content-Length: 14
ETag: W/"e-9/1BuKMgFObM1mWJm+YjxtXJnUM"
Date: Sun, 06 Apr 2025 13:54:24 GMT
Connection: keep-alive
Keep-Alive: timeout=600

21:54:24.087 [AsyncHttpClient-1-2] DEBUG org.asynchttpclient.netty.channel.ChannelManager -- Adding key: http://127.0.0.1:4723 for channel [id: 0xd850032e, L:/127.0.0.1:49363 - R:/127.0.0.1:4723]
21:54:24.087 [main] INFO com.cathay.test.tests.MortgageCalculatorTest -- MortgageCalculatorTest 驗證完成
房貸試算功能測試 - 房屋座落區域擇一未選擇
21:54:24.088 [main] INFO com.cathay.test.tests.MortgageCalculatorTest -- 開始執行：testErrorHandlingLocationSelectionOne
21:54:24.088 [Forwarding get on session 3e01b2ee-b6b2-453f-a3af-2cebaa3dd82a to remote] DEBUG org.asynchttpclient.netty.request.NettyRequestSender -- Using pooled Channel '[id: 0xd850032e, L:/127.0.0.1:49363 - R:/127.0.0.1:4723]' for 'POST' to 'http://127.0.0.1:4723/session/3e01b2ee-b6b2-453f-a3af-2cebaa3dd82a/url'
21:54:24.088 [Forwarding get on session 3e01b2ee-b6b2-453f-a3af-2cebaa3dd82a to remote] DEBUG org.asynchttpclient.netty.request.NettyRequestSender -- Using open Channel [id: 0xd850032e, L:/127.0.0.1:49363 - R:/127.0.0.1:4723] for POST '/session/3e01b2ee-b6b2-453f-a3af-2cebaa3dd82a/url'
21:54:25.468 [AsyncHttpClient-1-2] DEBUG org.asynchttpclient.netty.handler.HttpHandler -- 

Request DefaultHttpRequest(decodeResult: success, version: HTTP/1.1)
POST /session/3e01b2ee-b6b2-453f-a3af-2cebaa3dd82a/url HTTP/1.1
User-Agent: appium/8.3.0 (selenium/4.8.3 (java mac))
Content-Length: 133
Content-Type: application/json; charset=utf-8
host: 127.0.0.1:4723
accept: */*

Response DefaultHttpResponse(decodeResult: success, version: HTTP/1.1)
HTTP/1.1 200 OK
X-Powered-By: Express
Vary: X-HTTP-Method-Override
Content-Type: application/json; charset=utf-8
Content-Length: 14
ETag: W/"e-9/1BuKMgFObM1mWJm+YjxtXJnUM"
Date: Sun, 06 Apr 2025 13:54:25 GMT
Connection: keep-alive
Keep-Alive: timeout=600

21:54:25.468 [AsyncHttpClient-1-2] DEBUG org.asynchttpclient.netty.channel.ChannelManager -- Adding key: http://127.0.0.1:4723 for channel [id: 0xd850032e, L:/127.0.0.1:49363 - R:/127.0.0.1:4723]
21:54:25.469 [Forwarding getCurrentUrl on session 3e01b2ee-b6b2-453f-a3af-2cebaa3dd82a to remote] DEBUG org.asynchttpclient.netty.request.NettyRequestSender -- Using pooled Channel '[id: 0xd850032e, L:/127.0.0.1:49363 - R:/127.0.0.1:4723]' for 'GET' to 'http://127.0.0.1:4723/session/3e01b2ee-b6b2-453f-a3af-2cebaa3dd82a/url'
21:54:25.469 [Forwarding getCurrentUrl on session 3e01b2ee-b6b2-453f-a3af-2cebaa3dd82a to remote] DEBUG org.asynchttpclient.netty.request.NettyRequestSender -- Using open Channel [id: 0xd850032e, L:/127.0.0.1:49363 - R:/127.0.0.1:4723] for GET '/session/3e01b2ee-b6b2-453f-a3af-2cebaa3dd82a/url'
21:54:25.555 [AsyncHttpClient-1-2] DEBUG org.asynchttpclient.netty.handler.HttpHandler -- 

Request DefaultFullHttpRequest(decodeResult: success, version: HTTP/1.1, content: EmptyByteBufBE)
GET /session/3e01b2ee-b6b2-453f-a3af-2cebaa3dd82a/url HTTP/1.1
Cache-Control: no-cache
User-Agent: appium/8.3.0 (selenium/4.8.3 (java mac))
Content-Type: application/json; charset=utf-8
host: 127.0.0.1:4723
accept: */*

Response DefaultHttpResponse(decodeResult: success, version: HTTP/1.1)
HTTP/1.1 200 OK
X-Powered-By: Express
Content-Type: application/json; charset=utf-8
Content-Length: 90
ETag: W/"5a-SVzTdoqQsw2ztnbhgzn9TDJ+oVM"
Date: Sun, 06 Apr 2025 13:54:25 GMT
Connection: keep-alive
Keep-Alive: timeout=600

21:54:25.555 [AsyncHttpClient-1-2] DEBUG org.asynchttpclient.netty.channel.ChannelManager -- Adding key: http://127.0.0.1:4723 for channel [id: 0xd850032e, L:/127.0.0.1:49363 - R:/127.0.0.1:4723]
*********3rd party cookie Current URL: https://www.cathaybk.com.tw/cathaybk/personal/loan/calculator/mortgage-budget/
21:54:25.556 [Forwarding getCookies on session 3e01b2ee-b6b2-453f-a3af-2cebaa3dd82a to remote] DEBUG org.asynchttpclient.netty.request.NettyRequestSender -- Using pooled Channel '[id: 0xd850032e, L:/127.0.0.1:49363 - R:/127.0.0.1:4723]' for 'GET' to 'http://127.0.0.1:4723/session/3e01b2ee-b6b2-453f-a3af-2cebaa3dd82a/cookie'
21:54:25.556 [Forwarding getCookies on session 3e01b2ee-b6b2-453f-a3af-2cebaa3dd82a to remote] DEBUG org.asynchttpclient.netty.request.NettyRequestSender -- Using open Channel [id: 0xd850032e, L:/127.0.0.1:49363 - R:/127.0.0.1:4723] for GET '/session/3e01b2ee-b6b2-453f-a3af-2cebaa3dd82a/cookie'
21:54:25.585 [AsyncHttpClient-1-2] DEBUG org.asynchttpclient.netty.handler.HttpHandler -- 

Request DefaultFullHttpRequest(decodeResult: success, version: HTTP/1.1, content: EmptyByteBufBE)
GET /session/3e01b2ee-b6b2-453f-a3af-2cebaa3dd82a/cookie HTTP/1.1
Cache-Control: no-cache
User-Agent: appium/8.3.0 (selenium/4.8.3 (java mac))
Content-Type: application/json; charset=utf-8
host: 127.0.0.1:4723
accept: */*

Response DefaultHttpResponse(decodeResult: success, version: HTTP/1.1)
HTTP/1.1 200 OK
X-Powered-By: Express
Content-Type: application/json; charset=utf-8
Content-Length: 6082
ETag: W/"17c2-CtrGK0PHFXCLTeN1+1LmS52Ihl0"
Date: Sun, 06 Apr 2025 13:54:25 GMT
Connection: keep-alive
Keep-Alive: timeout=600

21:54:25.586 [AsyncHttpClient-1-2] DEBUG org.asynchttpclient.netty.channel.ChannelManager -- Adding key: http://127.0.0.1:4723 for channel [id: 0xd850032e, L:/127.0.0.1:49363 - R:/127.0.0.1:4723]
*********Cookie: citrix_ns_id = AAE7iofyZztngVcHAAAAADvLSubBRkGc__LEO6ELGaG0bRrxaUs5VJvomfRtXIpqOw==FIvyZw==Z21D-VTi9GcpGJiYFQ0REJVd7nc=
*********Cookie: ASP.NET_SessionId = eomlqjshk4micznwltkhcb3c
*********Cookie: dv0qai26lg6v2y6kl7yyc36brextdtkv66ywz4z = b2g8m3jic4
*********Cookie: _ss_pp_id = 7606ebc5593b77daa131743918861339
*********Cookie: _mg_ckp = eyJja1RrZERGIjoiIn0=
*********Cookie: shell#lang = en
*********Cookie: mbox = session#ff25e9da6daa43908ed8a0fda6ad7cc4#1743949526|PC#ff25e9da6daa43908ed8a0fda6ad7cc4.32_0#1807192466
*********Cookie: dv0qai26lg6v2y6kl7yyc36brextdp5pn6nl4pf = jbxi4p66jw9
*********Cookie: _td = f64d31ec-d628-4912-ad27-d029cc19e7e7
*********Cookie: dv0qai26lg6v2y6kl7yyc36brextdd76auudqgt = 2g4ps0elxup
*********Cookie: dv0qai26lg6v2y6kl7yyc36brextdpftwcpw1ujd = e0kx19yg9d
*********Cookie: _uetvid = a41e89a012ee11f0ba3b71b2d885f210
*********Cookie: dv0qai26lg6v2y6kl7yyc36brextdbx5k4lmjdts = 4iubr5yftqk
*********Cookie: _uetsid = a41e2cd012ee11f089fb1716e84dac2b
*********Cookie: dv0qai26lg6v2y6kl7yyc36brextdj6f2w2zjn = mtm8f6131b
*********Cookie: _ga_T2T689XRGT = GS1.1.1743947660.1.1.1743947665.55.0.0
*********Cookie: AMCV_B877A5DB584931AC0A495EAA%40AdobeOrg = 1585540135%7CMCIDTS%7C20185%7CMCMID%7C00339145890461715490536452344804239227%7CMCAAMLH-1744552461%7C11%7CMCAAMB-1744552461%7C6G1ynYcLPuiQxYZrsz_pkqfLG9yMXBpb2zX5dvJdYQJzPXImdj0y%7CMCCIDH%7C1062709688%7CMCOPTOUT-1743954861s%7CNONE%7CMCSYNCSOP%7C411-20192%7CvVersion%7C4.4.0
*********Cookie: at_check = true
*********Cookie: _fbp = fb.2.1743947661288.146339374910081223
*********Cookie: __lt__cid = 6a2e710e-b485-4d18-871c-82ebb7cbb39c
*********Cookie: dv0qai26lg6v2y6kl7yyc36brextdnlgqr51iatn = wt7wostfqib
*********Cookie: dv0qai26lg6v2y6kl7yyc36brextd7jpqjdai53e = 3h1pvl981ce
*********Cookie: dv0qai26lg6v2y6kl7yyc36brextda29yznyqv6k = mkyuozpmt8
*********Cookie: __lt__sid = 8ec7ace7-e39fb234
*********Cookie: cathaybk_new = 4bb3a3d8d4f078cfaa7badb04abb60df7ed08c3d037be7593e9c32d57ce56d7fc2c8d446
*********Cookie: __mguid_ = f9b1b1b30ef144aa9314c8172b798e35
*********Cookie: FingerprintCookie = a83734ca5c2401a34f4ad325dff7c9ff
*********Cookie: dv0qai26lg6v2y6kl7yyc36brextdpg6f4luusl = p5cs40m8z8o
*********Cookie: usy46gabsosd = cubcsa_17439476602850.c61e9f2e006aa419bca68bef1c5acbe4_4526
*********Cookie: dv0qai26lg6v2y6kl7yyc36brextd28t216rbu0t = 07iku4b0p8s4
*********Cookie: _ga = GA1.1.693350265.1743947661
*********Cookie: _gcl_au = 1.1.380327540.1743947660
*********Cookie: AMCVS_B877A5DB584931AC0A495EAA%40AdobeOrg = 1
21:54:25.587 [Forwarding getCurrentUrl on session 3e01b2ee-b6b2-453f-a3af-2cebaa3dd82a to remote] DEBUG org.asynchttpclient.netty.request.NettyRequestSender -- Using pooled Channel '[id: 0xd850032e, L:/127.0.0.1:49363 - R:/127.0.0.1:4723]' for 'GET' to 'http://127.0.0.1:4723/session/3e01b2ee-b6b2-453f-a3af-2cebaa3dd82a/url'
21:54:25.587 [Forwarding getCurrentUrl on session 3e01b2ee-b6b2-453f-a3af-2cebaa3dd82a to remote] DEBUG org.asynchttpclient.netty.request.NettyRequestSender -- Using open Channel [id: 0xd850032e, L:/127.0.0.1:49363 - R:/127.0.0.1:4723] for GET '/session/3e01b2ee-b6b2-453f-a3af-2cebaa3dd82a/url'
21:54:25.613 [AsyncHttpClient-1-2] DEBUG org.asynchttpclient.netty.handler.HttpHandler -- 

Request DefaultFullHttpRequest(decodeResult: success, version: HTTP/1.1, content: EmptyByteBufBE)
GET /session/3e01b2ee-b6b2-453f-a3af-2cebaa3dd82a/url HTTP/1.1
Cache-Control: no-cache
User-Agent: appium/8.3.0 (selenium/4.8.3 (java mac))
Content-Type: application/json; charset=utf-8
host: 127.0.0.1:4723
accept: */*

Response DefaultHttpResponse(decodeResult: success, version: HTTP/1.1)
HTTP/1.1 200 OK
X-Powered-By: Express
Content-Type: application/json; charset=utf-8
Content-Length: 90
ETag: W/"5a-SVzTdoqQsw2ztnbhgzn9TDJ+oVM"
Date: Sun, 06 Apr 2025 13:54:25 GMT
Connection: keep-alive
Keep-Alive: timeout=600

21:54:25.613 [AsyncHttpClient-1-2] DEBUG org.asynchttpclient.netty.channel.ChannelManager -- Adding key: http://127.0.0.1:4723 for channel [id: 0xd850032e, L:/127.0.0.1:49363 - R:/127.0.0.1:4723]
21:54:25.614 [main] INFO com.cathay.test.tests.MortgageCalculatorTest -- 已開啟房貸試算頁面: https://www.cathaybk.com.tw/cathaybk/personal/loan/calculator/mortgage-budget/
21:54:25.615 [Forwarding findElement on session 3e01b2ee-b6b2-453f-a3af-2cebaa3dd82a to remote] DEBUG org.asynchttpclient.netty.request.NettyRequestSender -- Using pooled Channel '[id: 0xd850032e, L:/127.0.0.1:49363 - R:/127.0.0.1:4723]' for 'POST' to 'http://127.0.0.1:4723/session/3e01b2ee-b6b2-453f-a3af-2cebaa3dd82a/element'
21:54:25.615 [Forwarding findElement on session 3e01b2ee-b6b2-453f-a3af-2cebaa3dd82a to remote] DEBUG org.asynchttpclient.netty.request.NettyRequestSender -- Using open Channel [id: 0xd850032e, L:/127.0.0.1:49363 - R:/127.0.0.1:4723] for POST '/session/3e01b2ee-b6b2-453f-a3af-2cebaa3dd82a/element'
21:54:25.647 [AsyncHttpClient-1-2] DEBUG org.asynchttpclient.netty.handler.HttpHandler -- 

Request DefaultHttpRequest(decodeResult: success, version: HTTP/1.1)
POST /session/3e01b2ee-b6b2-453f-a3af-2cebaa3dd82a/element HTTP/1.1
User-Agent: appium/8.3.0 (selenium/4.8.3 (java mac))
Content-Length: 64
Content-Type: application/json; charset=utf-8
host: 127.0.0.1:4723
accept: */*

Response DefaultHttpResponse(decodeResult: success, version: HTTP/1.1)
HTTP/1.1 200 OK
X-Powered-By: Express
Vary: X-HTTP-Method-Override
Content-Type: application/json; charset=utf-8
Content-Length: 215
ETag: W/"d7-wod+huRE17S08EnYUlrKSMU3cGg"
Date: Sun, 06 Apr 2025 13:54:25 GMT
Connection: keep-alive
Keep-Alive: timeout=600

21:54:25.647 [AsyncHttpClient-1-2] DEBUG org.asynchttpclient.netty.channel.ChannelManager -- Adding key: http://127.0.0.1:4723 for channel [id: 0xd850032e, L:/127.0.0.1:49363 - R:/127.0.0.1:4723]
21:54:25.650 [Forwarding executeScript on session 3e01b2ee-b6b2-453f-a3af-2cebaa3dd82a to remote] DEBUG org.asynchttpclient.netty.request.NettyRequestSender -- Using pooled Channel '[id: 0xd850032e, L:/127.0.0.1:49363 - R:/127.0.0.1:4723]' for 'POST' to 'http://127.0.0.1:4723/session/3e01b2ee-b6b2-453f-a3af-2cebaa3dd82a/execute/sync'
21:54:25.650 [Forwarding executeScript on session 3e01b2ee-b6b2-453f-a3af-2cebaa3dd82a to remote] DEBUG org.asynchttpclient.netty.request.NettyRequestSender -- Using open Channel [id: 0xd850032e, L:/127.0.0.1:49363 - R:/127.0.0.1:4723] for POST '/session/3e01b2ee-b6b2-453f-a3af-2cebaa3dd82a/execute/sync'
21:54:25.699 [AsyncHttpClient-1-2] DEBUG org.asynchttpclient.netty.handler.HttpHandler -- 

Request DefaultHttpRequest(decodeResult: success, version: HTTP/1.1)
POST /session/3e01b2ee-b6b2-453f-a3af-2cebaa3dd82a/execute/sync HTTP/1.1
User-Agent: appium/8.3.0 (selenium/4.8.3 (java mac))
Content-Length: 347
Content-Type: application/json; charset=utf-8
host: 127.0.0.1:4723
accept: */*

Response DefaultHttpResponse(decodeResult: success, version: HTTP/1.1)
HTTP/1.1 200 OK
X-Powered-By: Express
Vary: X-HTTP-Method-Override
Content-Type: application/json; charset=utf-8
Content-Length: 14
ETag: W/"e-9/1BuKMgFObM1mWJm+YjxtXJnUM"
Date: Sun, 06 Apr 2025 13:54:25 GMT
Connection: keep-alive
Keep-Alive: timeout=600

21:54:25.699 [AsyncHttpClient-1-2] DEBUG org.asynchttpclient.netty.channel.ChannelManager -- Adding key: http://127.0.0.1:4723 for channel [id: 0xd850032e, L:/127.0.0.1:49363 - R:/127.0.0.1:4723]
21:54:25.701 [Forwarding findElement on session 3e01b2ee-b6b2-453f-a3af-2cebaa3dd82a to remote] DEBUG org.asynchttpclient.netty.request.NettyRequestSender -- Using pooled Channel '[id: 0xd850032e, L:/127.0.0.1:49363 - R:/127.0.0.1:4723]' for 'POST' to 'http://127.0.0.1:4723/session/3e01b2ee-b6b2-453f-a3af-2cebaa3dd82a/element'
21:54:25.701 [Forwarding findElement on session 3e01b2ee-b6b2-453f-a3af-2cebaa3dd82a to remote] DEBUG org.asynchttpclient.netty.request.NettyRequestSender -- Using open Channel [id: 0xd850032e, L:/127.0.0.1:49363 - R:/127.0.0.1:4723] for POST '/session/3e01b2ee-b6b2-453f-a3af-2cebaa3dd82a/element'
21:54:25.755 [AsyncHttpClient-1-2] DEBUG org.asynchttpclient.netty.handler.HttpHandler -- 

Request DefaultHttpRequest(decodeResult: success, version: HTTP/1.1)
POST /session/3e01b2ee-b6b2-453f-a3af-2cebaa3dd82a/element HTTP/1.1
User-Agent: appium/8.3.0 (selenium/4.8.3 (java mac))
Content-Length: 65
Content-Type: application/json; charset=utf-8
host: 127.0.0.1:4723
accept: */*

Response DefaultHttpResponse(decodeResult: success, version: HTTP/1.1)
HTTP/1.1 200 OK
X-Powered-By: Express
Vary: X-HTTP-Method-Override
Content-Type: application/json; charset=utf-8
Content-Length: 215
ETag: W/"d7-DAYPJ1dMdgxda9XxVk3UpioedXA"
Date: Sun, 06 Apr 2025 13:54:25 GMT
Connection: keep-alive
Keep-Alive: timeout=600

21:54:25.755 [AsyncHttpClient-1-2] DEBUG org.asynchttpclient.netty.channel.ChannelManager -- Adding key: http://127.0.0.1:4723 for channel [id: 0xd850032e, L:/127.0.0.1:49363 - R:/127.0.0.1:4723]
21:54:25.756 [Forwarding clearElement on session 3e01b2ee-b6b2-453f-a3af-2cebaa3dd82a to remote] DEBUG org.asynchttpclient.netty.request.NettyRequestSender -- Using pooled Channel '[id: 0xd850032e, L:/127.0.0.1:49363 - R:/127.0.0.1:4723]' for 'POST' to 'http://127.0.0.1:4723/session/3e01b2ee-b6b2-453f-a3af-2cebaa3dd82a/element/f.20CE102FD2CE4F451396C5AD7BFAF934.d.093E1AF423215F50995C883BE63999BD.e.380/clear'
21:54:25.756 [Forwarding clearElement on session 3e01b2ee-b6b2-453f-a3af-2cebaa3dd82a to remote] DEBUG org.asynchttpclient.netty.request.NettyRequestSender -- Using open Channel [id: 0xd850032e, L:/127.0.0.1:49363 - R:/127.0.0.1:4723] for POST '/session/3e01b2ee-b6b2-453f-a3af-2cebaa3dd82a/element/f.20CE102FD2CE4F451396C5AD7BFAF934.d.093E1AF423215F50995C883BE63999BD.e.380/clear'
21:54:25.934 [AsyncHttpClient-1-2] DEBUG org.asynchttpclient.netty.handler.HttpHandler -- 

Request DefaultHttpRequest(decodeResult: success, version: HTTP/1.1)
POST /session/3e01b2ee-b6b2-453f-a3af-2cebaa3dd82a/element/f.20CE102FD2CE4F451396C5AD7BFAF934.d.093E1AF423215F50995C883BE63999BD.e.380/clear HTTP/1.1
User-Agent: appium/8.3.0 (selenium/4.8.3 (java mac))
Content-Length: 89
Content-Type: application/json; charset=utf-8
host: 127.0.0.1:4723
accept: */*

Response DefaultHttpResponse(decodeResult: success, version: HTTP/1.1)
HTTP/1.1 200 OK
X-Powered-By: Express
Vary: X-HTTP-Method-Override
Content-Type: application/json; charset=utf-8
Content-Length: 14
ETag: W/"e-9/1BuKMgFObM1mWJm+YjxtXJnUM"
Date: Sun, 06 Apr 2025 13:54:25 GMT
Connection: keep-alive
Keep-Alive: timeout=600

21:54:25.934 [AsyncHttpClient-1-2] DEBUG org.asynchttpclient.netty.channel.ChannelManager -- Adding key: http://127.0.0.1:4723 for channel [id: 0xd850032e, L:/127.0.0.1:49363 - R:/127.0.0.1:4723]
21:54:25.936 [Forwarding sendKeysToElement on session 3e01b2ee-b6b2-453f-a3af-2cebaa3dd82a to remote] DEBUG org.asynchttpclient.netty.request.NettyRequestSender -- Using pooled Channel '[id: 0xd850032e, L:/127.0.0.1:49363 - R:/127.0.0.1:4723]' for 'POST' to 'http://127.0.0.1:4723/session/3e01b2ee-b6b2-453f-a3af-2cebaa3dd82a/element/f.20CE102FD2CE4F451396C5AD7BFAF934.d.093E1AF423215F50995C883BE63999BD.e.380/value'
21:54:25.936 [Forwarding sendKeysToElement on session 3e01b2ee-b6b2-453f-a3af-2cebaa3dd82a to remote] DEBUG org.asynchttpclient.netty.request.NettyRequestSender -- Using open Channel [id: 0xd850032e, L:/127.0.0.1:49363 - R:/127.0.0.1:4723] for POST '/session/3e01b2ee-b6b2-453f-a3af-2cebaa3dd82a/element/f.20CE102FD2CE4F451396C5AD7BFAF934.d.093E1AF423215F50995C883BE63999BD.e.380/value'
21:54:26.290 [AsyncHttpClient-1-2] DEBUG org.asynchttpclient.netty.handler.HttpHandler -- 

Request DefaultHttpRequest(decodeResult: success, version: HTTP/1.1)
POST /session/3e01b2ee-b6b2-453f-a3af-2cebaa3dd82a/element/f.20CE102FD2CE4F451396C5AD7BFAF934.d.093E1AF423215F50995C883BE63999BD.e.380/value HTTP/1.1
User-Agent: appium/8.3.0 (selenium/4.8.3 (java mac))
Content-Length: 130
Content-Type: application/json; charset=utf-8
host: 127.0.0.1:4723
accept: */*

Response DefaultHttpResponse(decodeResult: success, version: HTTP/1.1)
HTTP/1.1 200 OK
X-Powered-By: Express
Vary: X-HTTP-Method-Override
Content-Type: application/json; charset=utf-8
Content-Length: 14
ETag: W/"e-9/1BuKMgFObM1mWJm+YjxtXJnUM"
Date: Sun, 06 Apr 2025 13:54:26 GMT
Connection: keep-alive
Keep-Alive: timeout=600

21:54:26.290 [AsyncHttpClient-1-2] DEBUG org.asynchttpclient.netty.channel.ChannelManager -- Adding key: http://127.0.0.1:4723 for channel [id: 0xd850032e, L:/127.0.0.1:49363 - R:/127.0.0.1:4723]
21:54:26.291 [Forwarding findElement on session 3e01b2ee-b6b2-453f-a3af-2cebaa3dd82a to remote] DEBUG org.asynchttpclient.netty.request.NettyRequestSender -- Using pooled Channel '[id: 0xd850032e, L:/127.0.0.1:49363 - R:/127.0.0.1:4723]' for 'POST' to 'http://127.0.0.1:4723/session/3e01b2ee-b6b2-453f-a3af-2cebaa3dd82a/element'
21:54:26.291 [Forwarding findElement on session 3e01b2ee-b6b2-453f-a3af-2cebaa3dd82a to remote] DEBUG org.asynchttpclient.netty.request.NettyRequestSender -- Using open Channel [id: 0xd850032e, L:/127.0.0.1:49363 - R:/127.0.0.1:4723] for POST '/session/3e01b2ee-b6b2-453f-a3af-2cebaa3dd82a/element'
21:54:26.354 [AsyncHttpClient-1-2] DEBUG org.asynchttpclient.netty.handler.HttpHandler -- 

Request DefaultHttpRequest(decodeResult: success, version: HTTP/1.1)
POST /session/3e01b2ee-b6b2-453f-a3af-2cebaa3dd82a/element HTTP/1.1
User-Agent: appium/8.3.0 (selenium/4.8.3 (java mac))
Content-Length: 60
Content-Type: application/json; charset=utf-8
host: 127.0.0.1:4723
accept: */*

Response DefaultHttpResponse(decodeResult: success, version: HTTP/1.1)
HTTP/1.1 200 OK
X-Powered-By: Express
Vary: X-HTTP-Method-Override
Content-Type: application/json; charset=utf-8
Content-Length: 215
ETag: W/"d7-eFgOzcAmrVb1arBBkKeUVknrJzA"
Date: Sun, 06 Apr 2025 13:54:26 GMT
Connection: keep-alive
Keep-Alive: timeout=600

21:54:26.355 [AsyncHttpClient-1-2] DEBUG org.asynchttpclient.netty.channel.ChannelManager -- Adding key: http://127.0.0.1:4723 for channel [id: 0xd850032e, L:/127.0.0.1:49363 - R:/127.0.0.1:4723]
21:54:26.355 [Forwarding isElementDisplayed on session 3e01b2ee-b6b2-453f-a3af-2cebaa3dd82a to remote] DEBUG org.asynchttpclient.netty.request.NettyRequestSender -- Using pooled Channel '[id: 0xd850032e, L:/127.0.0.1:49363 - R:/127.0.0.1:4723]' for 'GET' to 'http://127.0.0.1:4723/session/3e01b2ee-b6b2-453f-a3af-2cebaa3dd82a/element/f.20CE102FD2CE4F451396C5AD7BFAF934.d.093E1AF423215F50995C883BE63999BD.e.385/displayed'
21:54:26.355 [Forwarding isElementDisplayed on session 3e01b2ee-b6b2-453f-a3af-2cebaa3dd82a to remote] DEBUG org.asynchttpclient.netty.request.NettyRequestSender -- Using open Channel [id: 0xd850032e, L:/127.0.0.1:49363 - R:/127.0.0.1:4723] for GET '/session/3e01b2ee-b6b2-453f-a3af-2cebaa3dd82a/element/f.20CE102FD2CE4F451396C5AD7BFAF934.d.093E1AF423215F50995C883BE63999BD.e.385/displayed'
21:54:26.394 [AsyncHttpClient-1-2] DEBUG org.asynchttpclient.netty.handler.HttpHandler -- 

Request DefaultFullHttpRequest(decodeResult: success, version: HTTP/1.1, content: EmptyByteBufBE)
GET /session/3e01b2ee-b6b2-453f-a3af-2cebaa3dd82a/element/f.20CE102FD2CE4F451396C5AD7BFAF934.d.093E1AF423215F50995C883BE63999BD.e.385/displayed HTTP/1.1
Cache-Control: no-cache
User-Agent: appium/8.3.0 (selenium/4.8.3 (java mac))
Content-Type: application/json; charset=utf-8
host: 127.0.0.1:4723
accept: */*

Response DefaultHttpResponse(decodeResult: success, version: HTTP/1.1)
HTTP/1.1 200 OK
X-Powered-By: Express
Content-Type: application/json; charset=utf-8
Content-Length: 14
ETag: W/"e-2ZHvAWebNQpyjGZTg6uyV8/spTo"
Date: Sun, 06 Apr 2025 13:54:26 GMT
Connection: keep-alive
Keep-Alive: timeout=600

21:54:26.395 [AsyncHttpClient-1-2] DEBUG org.asynchttpclient.netty.channel.ChannelManager -- Adding key: http://127.0.0.1:4723 for channel [id: 0xd850032e, L:/127.0.0.1:49363 - R:/127.0.0.1:4723]
21:54:26.396 [Forwarding isElementEnabled on session 3e01b2ee-b6b2-453f-a3af-2cebaa3dd82a to remote] DEBUG org.asynchttpclient.netty.request.NettyRequestSender -- Using pooled Channel '[id: 0xd850032e, L:/127.0.0.1:49363 - R:/127.0.0.1:4723]' for 'GET' to 'http://127.0.0.1:4723/session/3e01b2ee-b6b2-453f-a3af-2cebaa3dd82a/element/f.20CE102FD2CE4F451396C5AD7BFAF934.d.093E1AF423215F50995C883BE63999BD.e.385/enabled'
21:54:26.396 [Forwarding isElementEnabled on session 3e01b2ee-b6b2-453f-a3af-2cebaa3dd82a to remote] DEBUG org.asynchttpclient.netty.request.NettyRequestSender -- Using open Channel [id: 0xd850032e, L:/127.0.0.1:49363 - R:/127.0.0.1:4723] for GET '/session/3e01b2ee-b6b2-453f-a3af-2cebaa3dd82a/element/f.20CE102FD2CE4F451396C5AD7BFAF934.d.093E1AF423215F50995C883BE63999BD.e.385/enabled'
21:54:26.428 [AsyncHttpClient-1-2] DEBUG org.asynchttpclient.netty.handler.HttpHandler -- 

Request DefaultFullHttpRequest(decodeResult: success, version: HTTP/1.1, content: EmptyByteBufBE)
GET /session/3e01b2ee-b6b2-453f-a3af-2cebaa3dd82a/element/f.20CE102FD2CE4F451396C5AD7BFAF934.d.093E1AF423215F50995C883BE63999BD.e.385/enabled HTTP/1.1
Cache-Control: no-cache
User-Agent: appium/8.3.0 (selenium/4.8.3 (java mac))
Content-Type: application/json; charset=utf-8
host: 127.0.0.1:4723
accept: */*

Response DefaultHttpResponse(decodeResult: success, version: HTTP/1.1)
HTTP/1.1 200 OK
X-Powered-By: Express
Content-Type: application/json; charset=utf-8
Content-Length: 14
ETag: W/"e-2ZHvAWebNQpyjGZTg6uyV8/spTo"
Date: Sun, 06 Apr 2025 13:54:26 GMT
Connection: keep-alive
Keep-Alive: timeout=600

21:54:26.428 [AsyncHttpClient-1-2] DEBUG org.asynchttpclient.netty.channel.ChannelManager -- Adding key: http://127.0.0.1:4723 for channel [id: 0xd850032e, L:/127.0.0.1:49363 - R:/127.0.0.1:4723]
21:54:26.429 [Forwarding clearElement on session 3e01b2ee-b6b2-453f-a3af-2cebaa3dd82a to remote] DEBUG org.asynchttpclient.netty.request.NettyRequestSender -- Using pooled Channel '[id: 0xd850032e, L:/127.0.0.1:49363 - R:/127.0.0.1:4723]' for 'POST' to 'http://127.0.0.1:4723/session/3e01b2ee-b6b2-453f-a3af-2cebaa3dd82a/element/f.20CE102FD2CE4F451396C5AD7BFAF934.d.093E1AF423215F50995C883BE63999BD.e.385/clear'
21:54:26.429 [Forwarding clearElement on session 3e01b2ee-b6b2-453f-a3af-2cebaa3dd82a to remote] DEBUG org.asynchttpclient.netty.request.NettyRequestSender -- Using open Channel [id: 0xd850032e, L:/127.0.0.1:49363 - R:/127.0.0.1:4723] for POST '/session/3e01b2ee-b6b2-453f-a3af-2cebaa3dd82a/element/f.20CE102FD2CE4F451396C5AD7BFAF934.d.093E1AF423215F50995C883BE63999BD.e.385/clear'
21:54:26.520 [AsyncHttpClient-1-2] DEBUG org.asynchttpclient.netty.handler.HttpHandler -- 

Request DefaultHttpRequest(decodeResult: success, version: HTTP/1.1)
POST /session/3e01b2ee-b6b2-453f-a3af-2cebaa3dd82a/element/f.20CE102FD2CE4F451396C5AD7BFAF934.d.093E1AF423215F50995C883BE63999BD.e.385/clear HTTP/1.1
User-Agent: appium/8.3.0 (selenium/4.8.3 (java mac))
Content-Length: 89
Content-Type: application/json; charset=utf-8
host: 127.0.0.1:4723
accept: */*

Response DefaultHttpResponse(decodeResult: success, version: HTTP/1.1)
HTTP/1.1 200 OK
X-Powered-By: Express
Vary: X-HTTP-Method-Override
Content-Type: application/json; charset=utf-8
Content-Length: 14
ETag: W/"e-9/1BuKMgFObM1mWJm+YjxtXJnUM"
Date: Sun, 06 Apr 2025 13:54:26 GMT
Connection: keep-alive
Keep-Alive: timeout=600

21:54:26.521 [AsyncHttpClient-1-2] DEBUG org.asynchttpclient.netty.channel.ChannelManager -- Adding key: http://127.0.0.1:4723 for channel [id: 0xd850032e, L:/127.0.0.1:49363 - R:/127.0.0.1:4723]
21:54:26.522 [Forwarding sendKeysToElement on session 3e01b2ee-b6b2-453f-a3af-2cebaa3dd82a to remote] DEBUG org.asynchttpclient.netty.request.NettyRequestSender -- Using pooled Channel '[id: 0xd850032e, L:/127.0.0.1:49363 - R:/127.0.0.1:4723]' for 'POST' to 'http://127.0.0.1:4723/session/3e01b2ee-b6b2-453f-a3af-2cebaa3dd82a/element/f.20CE102FD2CE4F451396C5AD7BFAF934.d.093E1AF423215F50995C883BE63999BD.e.385/value'
21:54:26.522 [Forwarding sendKeysToElement on session 3e01b2ee-b6b2-453f-a3af-2cebaa3dd82a to remote] DEBUG org.asynchttpclient.netty.request.NettyRequestSender -- Using open Channel [id: 0xd850032e, L:/127.0.0.1:49363 - R:/127.0.0.1:4723] for POST '/session/3e01b2ee-b6b2-453f-a3af-2cebaa3dd82a/element/f.20CE102FD2CE4F451396C5AD7BFAF934.d.093E1AF423215F50995C883BE63999BD.e.385/value'
21:54:26.741 [AsyncHttpClient-1-2] DEBUG org.asynchttpclient.netty.handler.HttpHandler -- 

Request DefaultHttpRequest(decodeResult: success, version: HTTP/1.1)
POST /session/3e01b2ee-b6b2-453f-a3af-2cebaa3dd82a/element/f.20CE102FD2CE4F451396C5AD7BFAF934.d.093E1AF423215F50995C883BE63999BD.e.385/value HTTP/1.1
User-Agent: appium/8.3.0 (selenium/4.8.3 (java mac))
Content-Length: 150
Content-Type: application/json; charset=utf-8
host: 127.0.0.1:4723
accept: */*

Response DefaultHttpResponse(decodeResult: success, version: HTTP/1.1)
HTTP/1.1 200 OK
X-Powered-By: Express
Vary: X-HTTP-Method-Override
Content-Type: application/json; charset=utf-8
Content-Length: 14
ETag: W/"e-9/1BuKMgFObM1mWJm+YjxtXJnUM"
Date: Sun, 06 Apr 2025 13:54:26 GMT
Connection: keep-alive
Keep-Alive: timeout=600

21:54:26.741 [AsyncHttpClient-1-2] DEBUG org.asynchttpclient.netty.channel.ChannelManager -- Adding key: http://127.0.0.1:4723 for channel [id: 0xd850032e, L:/127.0.0.1:49363 - R:/127.0.0.1:4723]
21:54:26.742 [Forwarding findElement on session 3e01b2ee-b6b2-453f-a3af-2cebaa3dd82a to remote] DEBUG org.asynchttpclient.netty.request.NettyRequestSender -- Using pooled Channel '[id: 0xd850032e, L:/127.0.0.1:49363 - R:/127.0.0.1:4723]' for 'POST' to 'http://127.0.0.1:4723/session/3e01b2ee-b6b2-453f-a3af-2cebaa3dd82a/element'
21:54:26.742 [Forwarding findElement on session 3e01b2ee-b6b2-453f-a3af-2cebaa3dd82a to remote] DEBUG org.asynchttpclient.netty.request.NettyRequestSender -- Using open Channel [id: 0xd850032e, L:/127.0.0.1:49363 - R:/127.0.0.1:4723] for POST '/session/3e01b2ee-b6b2-453f-a3af-2cebaa3dd82a/element'
21:54:26.787 [AsyncHttpClient-1-2] DEBUG org.asynchttpclient.netty.handler.HttpHandler -- 

Request DefaultHttpRequest(decodeResult: success, version: HTTP/1.1)
POST /session/3e01b2ee-b6b2-453f-a3af-2cebaa3dd82a/element HTTP/1.1
User-Agent: appium/8.3.0 (selenium/4.8.3 (java mac))
Content-Length: 57
Content-Type: application/json; charset=utf-8
host: 127.0.0.1:4723
accept: */*

Response DefaultHttpResponse(decodeResult: success, version: HTTP/1.1)
HTTP/1.1 200 OK
X-Powered-By: Express
Vary: X-HTTP-Method-Override
Content-Type: application/json; charset=utf-8
Content-Length: 215
ETag: W/"d7-8roC5BgXaGgZWKwGn3TgTQSL4ZU"
Date: Sun, 06 Apr 2025 13:54:26 GMT
Connection: keep-alive
Keep-Alive: timeout=600

21:54:26.788 [AsyncHttpClient-1-2] DEBUG org.asynchttpclient.netty.channel.ChannelManager -- Adding key: http://127.0.0.1:4723 for channel [id: 0xd850032e, L:/127.0.0.1:49363 - R:/127.0.0.1:4723]
21:54:26.788 [Forwarding isElementDisplayed on session 3e01b2ee-b6b2-453f-a3af-2cebaa3dd82a to remote] DEBUG org.asynchttpclient.netty.request.NettyRequestSender -- Using pooled Channel '[id: 0xd850032e, L:/127.0.0.1:49363 - R:/127.0.0.1:4723]' for 'GET' to 'http://127.0.0.1:4723/session/3e01b2ee-b6b2-453f-a3af-2cebaa3dd82a/element/f.20CE102FD2CE4F451396C5AD7BFAF934.d.093E1AF423215F50995C883BE63999BD.e.374/displayed'
21:54:26.788 [Forwarding isElementDisplayed on session 3e01b2ee-b6b2-453f-a3af-2cebaa3dd82a to remote] DEBUG org.asynchttpclient.netty.request.NettyRequestSender -- Using open Channel [id: 0xd850032e, L:/127.0.0.1:49363 - R:/127.0.0.1:4723] for GET '/session/3e01b2ee-b6b2-453f-a3af-2cebaa3dd82a/element/f.20CE102FD2CE4F451396C5AD7BFAF934.d.093E1AF423215F50995C883BE63999BD.e.374/displayed'
21:54:26.828 [AsyncHttpClient-1-2] DEBUG org.asynchttpclient.netty.handler.HttpHandler -- 

Request DefaultFullHttpRequest(decodeResult: success, version: HTTP/1.1, content: EmptyByteBufBE)
GET /session/3e01b2ee-b6b2-453f-a3af-2cebaa3dd82a/element/f.20CE102FD2CE4F451396C5AD7BFAF934.d.093E1AF423215F50995C883BE63999BD.e.374/displayed HTTP/1.1
Cache-Control: no-cache
User-Agent: appium/8.3.0 (selenium/4.8.3 (java mac))
Content-Type: application/json; charset=utf-8
host: 127.0.0.1:4723
accept: */*

Response DefaultHttpResponse(decodeResult: success, version: HTTP/1.1)
HTTP/1.1 200 OK
X-Powered-By: Express
Content-Type: application/json; charset=utf-8
Content-Length: 14
ETag: W/"e-2ZHvAWebNQpyjGZTg6uyV8/spTo"
Date: Sun, 06 Apr 2025 13:54:26 GMT
Connection: keep-alive
Keep-Alive: timeout=600

21:54:26.828 [AsyncHttpClient-1-2] DEBUG org.asynchttpclient.netty.channel.ChannelManager -- Adding key: http://127.0.0.1:4723 for channel [id: 0xd850032e, L:/127.0.0.1:49363 - R:/127.0.0.1:4723]
21:54:26.829 [Forwarding isElementEnabled on session 3e01b2ee-b6b2-453f-a3af-2cebaa3dd82a to remote] DEBUG org.asynchttpclient.netty.request.NettyRequestSender -- Using pooled Channel '[id: 0xd850032e, L:/127.0.0.1:49363 - R:/127.0.0.1:4723]' for 'GET' to 'http://127.0.0.1:4723/session/3e01b2ee-b6b2-453f-a3af-2cebaa3dd82a/element/f.20CE102FD2CE4F451396C5AD7BFAF934.d.093E1AF423215F50995C883BE63999BD.e.374/enabled'
21:54:26.829 [Forwarding isElementEnabled on session 3e01b2ee-b6b2-453f-a3af-2cebaa3dd82a to remote] DEBUG org.asynchttpclient.netty.request.NettyRequestSender -- Using open Channel [id: 0xd850032e, L:/127.0.0.1:49363 - R:/127.0.0.1:4723] for GET '/session/3e01b2ee-b6b2-453f-a3af-2cebaa3dd82a/element/f.20CE102FD2CE4F451396C5AD7BFAF934.d.093E1AF423215F50995C883BE63999BD.e.374/enabled'
21:54:26.860 [AsyncHttpClient-1-2] DEBUG org.asynchttpclient.netty.handler.HttpHandler -- 

Request DefaultFullHttpRequest(decodeResult: success, version: HTTP/1.1, content: EmptyByteBufBE)
GET /session/3e01b2ee-b6b2-453f-a3af-2cebaa3dd82a/element/f.20CE102FD2CE4F451396C5AD7BFAF934.d.093E1AF423215F50995C883BE63999BD.e.374/enabled HTTP/1.1
Cache-Control: no-cache
User-Agent: appium/8.3.0 (selenium/4.8.3 (java mac))
Content-Type: application/json; charset=utf-8
host: 127.0.0.1:4723
accept: */*

Response DefaultHttpResponse(decodeResult: success, version: HTTP/1.1)
HTTP/1.1 200 OK
X-Powered-By: Express
Content-Type: application/json; charset=utf-8
Content-Length: 14
ETag: W/"e-2ZHvAWebNQpyjGZTg6uyV8/spTo"
Date: Sun, 06 Apr 2025 13:54:26 GMT
Connection: keep-alive
Keep-Alive: timeout=600

21:54:26.860 [AsyncHttpClient-1-2] DEBUG org.asynchttpclient.netty.channel.ChannelManager -- Adding key: http://127.0.0.1:4723 for channel [id: 0xd850032e, L:/127.0.0.1:49363 - R:/127.0.0.1:4723]
21:54:26.862 [Forwarding clickElement on session 3e01b2ee-b6b2-453f-a3af-2cebaa3dd82a to remote] DEBUG org.asynchttpclient.netty.request.NettyRequestSender -- Using pooled Channel '[id: 0xd850032e, L:/127.0.0.1:49363 - R:/127.0.0.1:4723]' for 'POST' to 'http://127.0.0.1:4723/session/3e01b2ee-b6b2-453f-a3af-2cebaa3dd82a/element/f.20CE102FD2CE4F451396C5AD7BFAF934.d.093E1AF423215F50995C883BE63999BD.e.374/click'
21:54:26.862 [Forwarding clickElement on session 3e01b2ee-b6b2-453f-a3af-2cebaa3dd82a to remote] DEBUG org.asynchttpclient.netty.request.NettyRequestSender -- Using open Channel [id: 0xd850032e, L:/127.0.0.1:49363 - R:/127.0.0.1:4723] for POST '/session/3e01b2ee-b6b2-453f-a3af-2cebaa3dd82a/element/f.20CE102FD2CE4F451396C5AD7BFAF934.d.093E1AF423215F50995C883BE63999BD.e.374/click'
21:54:27.095 [AsyncHttpClient-1-2] DEBUG org.asynchttpclient.netty.handler.HttpHandler -- 

Request DefaultHttpRequest(decodeResult: success, version: HTTP/1.1)
POST /session/3e01b2ee-b6b2-453f-a3af-2cebaa3dd82a/element/f.20CE102FD2CE4F451396C5AD7BFAF934.d.093E1AF423215F50995C883BE63999BD.e.374/click HTTP/1.1
User-Agent: appium/8.3.0 (selenium/4.8.3 (java mac))
Content-Length: 89
Content-Type: application/json; charset=utf-8
host: 127.0.0.1:4723
accept: */*

Response DefaultHttpResponse(decodeResult: success, version: HTTP/1.1)
HTTP/1.1 200 OK
X-Powered-By: Express
Vary: X-HTTP-Method-Override
Content-Type: application/json; charset=utf-8
Content-Length: 14
ETag: W/"e-9/1BuKMgFObM1mWJm+YjxtXJnUM"
Date: Sun, 06 Apr 2025 13:54:27 GMT
Connection: keep-alive
Keep-Alive: timeout=600

21:54:27.095 [AsyncHttpClient-1-2] DEBUG org.asynchttpclient.netty.channel.ChannelManager -- Adding key: http://127.0.0.1:4723 for channel [id: 0xd850032e, L:/127.0.0.1:49363 - R:/127.0.0.1:4723]
21:54:27.300 [AsyncHttpClient-1-1] DEBUG org.asynchttpclient.netty.channel.DefaultChannelPool -- Entry count for : http://127.0.0.1:4723 : 1
21:54:27.403 [Forwarding findElement on session 3e01b2ee-b6b2-453f-a3af-2cebaa3dd82a to remote] DEBUG org.asynchttpclient.netty.request.NettyRequestSender -- Using pooled Channel '[id: 0xd850032e, L:/127.0.0.1:49363 - R:/127.0.0.1:4723]' for 'POST' to 'http://127.0.0.1:4723/session/3e01b2ee-b6b2-453f-a3af-2cebaa3dd82a/element'
21:54:27.403 [Forwarding findElement on session 3e01b2ee-b6b2-453f-a3af-2cebaa3dd82a to remote] DEBUG org.asynchttpclient.netty.request.NettyRequestSender -- Using open Channel [id: 0xd850032e, L:/127.0.0.1:49363 - R:/127.0.0.1:4723] for POST '/session/3e01b2ee-b6b2-453f-a3af-2cebaa3dd82a/element'
21:54:27.431 [AsyncHttpClient-1-2] DEBUG org.asynchttpclient.netty.handler.HttpHandler -- 

Request DefaultHttpRequest(decodeResult: success, version: HTTP/1.1)
POST /session/3e01b2ee-b6b2-453f-a3af-2cebaa3dd82a/element HTTP/1.1
User-Agent: appium/8.3.0 (selenium/4.8.3 (java mac))
Content-Length: 150
Content-Type: application/json; charset=utf-8
host: 127.0.0.1:4723
accept: */*

Response DefaultHttpResponse(decodeResult: success, version: HTTP/1.1)
HTTP/1.1 200 OK
X-Powered-By: Express
Vary: X-HTTP-Method-Override
Content-Type: application/json; charset=utf-8
Content-Length: 215
ETag: W/"d7-RxNCNaKb0mlkN/L+HYyaOOzccHc"
Date: Sun, 06 Apr 2025 13:54:27 GMT
Connection: keep-alive
Keep-Alive: timeout=600

21:54:27.431 [AsyncHttpClient-1-2] DEBUG org.asynchttpclient.netty.channel.ChannelManager -- Adding key: http://127.0.0.1:4723 for channel [id: 0xd850032e, L:/127.0.0.1:49363 - R:/127.0.0.1:4723]
21:54:27.433 [Forwarding isElementDisplayed on session 3e01b2ee-b6b2-453f-a3af-2cebaa3dd82a to remote] DEBUG org.asynchttpclient.netty.request.NettyRequestSender -- Using pooled Channel '[id: 0xd850032e, L:/127.0.0.1:49363 - R:/127.0.0.1:4723]' for 'GET' to 'http://127.0.0.1:4723/session/3e01b2ee-b6b2-453f-a3af-2cebaa3dd82a/element/f.20CE102FD2CE4F451396C5AD7BFAF934.d.093E1AF423215F50995C883BE63999BD.e.407/displayed'
21:54:27.433 [Forwarding isElementDisplayed on session 3e01b2ee-b6b2-453f-a3af-2cebaa3dd82a to remote] DEBUG org.asynchttpclient.netty.request.NettyRequestSender -- Using open Channel [id: 0xd850032e, L:/127.0.0.1:49363 - R:/127.0.0.1:4723] for GET '/session/3e01b2ee-b6b2-453f-a3af-2cebaa3dd82a/element/f.20CE102FD2CE4F451396C5AD7BFAF934.d.093E1AF423215F50995C883BE63999BD.e.407/displayed'
21:54:27.455 [AsyncHttpClient-1-2] DEBUG org.asynchttpclient.netty.handler.HttpHandler -- 

Request DefaultFullHttpRequest(decodeResult: success, version: HTTP/1.1, content: EmptyByteBufBE)
GET /session/3e01b2ee-b6b2-453f-a3af-2cebaa3dd82a/element/f.20CE102FD2CE4F451396C5AD7BFAF934.d.093E1AF423215F50995C883BE63999BD.e.407/displayed HTTP/1.1
Cache-Control: no-cache
User-Agent: appium/8.3.0 (selenium/4.8.3 (java mac))
Content-Type: application/json; charset=utf-8
host: 127.0.0.1:4723
accept: */*

Response DefaultHttpResponse(decodeResult: success, version: HTTP/1.1)
HTTP/1.1 200 OK
X-Powered-By: Express
Content-Type: application/json; charset=utf-8
Content-Length: 14
ETag: W/"e-2ZHvAWebNQpyjGZTg6uyV8/spTo"
Date: Sun, 06 Apr 2025 13:54:27 GMT
Connection: keep-alive
Keep-Alive: timeout=600

21:54:27.456 [AsyncHttpClient-1-2] DEBUG org.asynchttpclient.netty.channel.ChannelManager -- Adding key: http://127.0.0.1:4723 for channel [id: 0xd850032e, L:/127.0.0.1:49363 - R:/127.0.0.1:4723]
房屋座落區域ErrorHandling驗證通過！
21:54:27.457 [Forwarding switchToFrame on session 3e01b2ee-b6b2-453f-a3af-2cebaa3dd82a to remote] DEBUG org.asynchttpclient.netty.request.NettyRequestSender -- Using pooled Channel '[id: 0xd850032e, L:/127.0.0.1:49363 - R:/127.0.0.1:4723]' for 'POST' to 'http://127.0.0.1:4723/session/3e01b2ee-b6b2-453f-a3af-2cebaa3dd82a/frame'
21:54:27.458 [Forwarding switchToFrame on session 3e01b2ee-b6b2-453f-a3af-2cebaa3dd82a to remote] DEBUG org.asynchttpclient.netty.request.NettyRequestSender -- Using open Channel [id: 0xd850032e, L:/127.0.0.1:49363 - R:/127.0.0.1:4723] for POST '/session/3e01b2ee-b6b2-453f-a3af-2cebaa3dd82a/frame'
21:54:27.466 [AsyncHttpClient-1-2] DEBUG org.asynchttpclient.netty.handler.HttpHandler -- 

Request DefaultHttpRequest(decodeResult: success, version: HTTP/1.1)
POST /session/3e01b2ee-b6b2-453f-a3af-2cebaa3dd82a/frame HTTP/1.1
User-Agent: appium/8.3.0 (selenium/4.8.3 (java mac))
Content-Length: 16
Content-Type: application/json; charset=utf-8
host: 127.0.0.1:4723
accept: */*

Response DefaultHttpResponse(decodeResult: success, version: HTTP/1.1)
HTTP/1.1 200 OK
X-Powered-By: Express
Vary: X-HTTP-Method-Override
Content-Type: application/json; charset=utf-8
Content-Length: 14
ETag: W/"e-9/1BuKMgFObM1mWJm+YjxtXJnUM"
Date: Sun, 06 Apr 2025 13:54:27 GMT
Connection: keep-alive
Keep-Alive: timeout=600

21:54:27.466 [AsyncHttpClient-1-2] DEBUG org.asynchttpclient.netty.channel.ChannelManager -- Adding key: http://127.0.0.1:4723 for channel [id: 0xd850032e, L:/127.0.0.1:49363 - R:/127.0.0.1:4723]
]]></system-out>
  </testcase>
  <testcase name="testLocationSelection" classname="com.cathay.test.tests.MortgageCalculatorTest" time="12.84">
    <system-out><![CDATA[21:54:27.468 [main] INFO com.cathay.test.tests.MortgageCalculatorTest -- 正在清理 driver session: 3e01b2ee-b6b2-453f-a3af-2cebaa3dd82a
21:54:27.468 [main] INFO  com.cathay.test.config.AppiumConfig - 正在關閉 Driver...
21:54:27.468 [Forwarding quit on session 3e01b2ee-b6b2-453f-a3af-2cebaa3dd82a to remote] DEBUG org.asynchttpclient.netty.request.NettyRequestSender -- Using pooled Channel '[id: 0xd850032e, L:/127.0.0.1:49363 - R:/127.0.0.1:4723]' for 'DELETE' to 'http://127.0.0.1:4723/session/3e01b2ee-b6b2-453f-a3af-2cebaa3dd82a'
21:54:27.468 [Forwarding quit on session 3e01b2ee-b6b2-453f-a3af-2cebaa3dd82a to remote] DEBUG org.asynchttpclient.netty.request.NettyRequestSender -- Using open Channel [id: 0xd850032e, L:/127.0.0.1:49363 - R:/127.0.0.1:4723] for DELETE '/session/3e01b2ee-b6b2-453f-a3af-2cebaa3dd82a'
21:54:27.790 [AsyncHttpClient-1-2] DEBUG org.asynchttpclient.netty.handler.HttpHandler -- 

Request DefaultFullHttpRequest(decodeResult: success, version: HTTP/1.1, content: EmptyByteBufBE)
DELETE /session/3e01b2ee-b6b2-453f-a3af-2cebaa3dd82a HTTP/1.1
User-Agent: appium/8.3.0 (selenium/4.8.3 (java mac))
Content-Type: application/json; charset=utf-8
host: 127.0.0.1:4723
accept: */*

Response DefaultHttpResponse(decodeResult: success, version: HTTP/1.1)
HTTP/1.1 200 OK
X-Powered-By: Express
Content-Type: application/json; charset=utf-8
Content-Length: 14
ETag: W/"e-9/1BuKMgFObM1mWJm+YjxtXJnUM"
Date: Sun, 06 Apr 2025 13:54:27 GMT
Connection: keep-alive
Keep-Alive: timeout=600

21:54:27.790 [AsyncHttpClient-1-2] DEBUG org.asynchttpclient.netty.channel.ChannelManager -- Adding key: http://127.0.0.1:4723 for channel [id: 0xd850032e, L:/127.0.0.1:49363 - R:/127.0.0.1:4723]
21:54:27.790 [main] INFO  com.cathay.test.config.AppiumConfig - Driver 已成功關閉
21:54:27.791 [main] INFO com.cathay.test.tests.MortgageCalculatorTest -- MortgageCalculatorTest 清理完成
*******MortgageCalculatorTest.setUp() 執行！
21:54:27.791 [main] INFO  com.cathay.test.config.AppiumConfig - 開始初始化 MortgageCalculatorTest (嘗試 1/3)
21:54:27.792 [main] INFO  com.cathay.test.config.AppiumConfig - Appium 服務器可用
21:54:27.812 [main] INFO  com.cathay.test.config.AppiumConfig - Android 模擬器可用
21:54:27.816 [Forwarding newSession on session null to remote] DEBUG org.asynchttpclient.netty.request.NettyRequestSender -- Using pooled Channel '[id: 0xd850032e, L:/127.0.0.1:49363 - R:/127.0.0.1:4723]' for 'POST' to 'http://127.0.0.1:4723/session'
21:54:27.816 [Forwarding newSession on session null to remote] DEBUG org.asynchttpclient.netty.request.NettyRequestSender -- Using open Channel [id: 0xd850032e, L:/127.0.0.1:49363 - R:/127.0.0.1:4723] for POST '/session'
21:54:31.911 [AsyncHttpClient-1-2] DEBUG org.asynchttpclient.netty.handler.HttpHandler -- 

Request DefaultHttpRequest(decodeResult: success, version: HTTP/1.1)
POST /session HTTP/1.1
X-Idempotency-Key: aed43dba-a2c2-4df0-99f5-406af68d7d62
User-Agent: appium/8.3.0 (selenium/4.8.3 (java mac))
Content-Length: 952
Content-Type: application/json; charset=utf-8
host: 127.0.0.1:4723
accept: */*

Response DefaultHttpResponse(decodeResult: success, version: HTTP/1.1)
HTTP/1.1 200 OK
X-Powered-By: Express
Vary: X-HTTP-Method-Override
Content-Type: application/json; charset=utf-8
Content-Length: 1816
ETag: W/"718-gP6cFSul6/86fvefuaJCiHtXs3U"
Date: Sun, 06 Apr 2025 13:54:31 GMT
Connection: keep-alive
Keep-Alive: timeout=600

21:54:31.912 [AsyncHttpClient-1-2] DEBUG org.asynchttpclient.netty.channel.ChannelManager -- Adding key: http://127.0.0.1:4723 for channel [id: 0xd850032e, L:/127.0.0.1:49363 - R:/127.0.0.1:4723]
21:54:31.919 [Forwarding executeCdp on session 9d505292-1662-4e03-b7da-959f22fa1c1e to remote] DEBUG org.asynchttpclient.netty.request.NettyRequestSender -- Using pooled Channel '[id: 0xd850032e, L:/127.0.0.1:49363 - R:/127.0.0.1:4723]' for 'POST' to 'http://127.0.0.1:4723/session/9d505292-1662-4e03-b7da-959f22fa1c1e/goog/cdp/execute'
21:54:31.919 [Forwarding executeCdp on session 9d505292-1662-4e03-b7da-959f22fa1c1e to remote] DEBUG org.asynchttpclient.netty.request.NettyRequestSender -- Using open Channel [id: 0xd850032e, L:/127.0.0.1:49363 - R:/127.0.0.1:4723] for POST '/session/9d505292-1662-4e03-b7da-959f22fa1c1e/goog/cdp/execute'
21:54:31.947 [AsyncHttpClient-1-2] DEBUG org.asynchttpclient.netty.handler.HttpHandler -- 

Request DefaultHttpRequest(decodeResult: success, version: HTTP/1.1)
POST /session/9d505292-1662-4e03-b7da-959f22fa1c1e/goog/cdp/execute HTTP/1.1
User-Agent: appium/8.3.0 (selenium/4.8.3 (java mac))
Content-Length: 87
Content-Type: application/json; charset=utf-8
host: 127.0.0.1:4723
accept: */*

Response DefaultHttpResponse(decodeResult: success, version: HTTP/1.1)
HTTP/1.1 404 Not Found
X-Powered-By: Express
Vary: X-HTTP-Method-Override
Content-Type: application/json; charset=utf-8
Content-Length: 1990
ETag: W/"7c6-J8de4cKa96AGtUeInBvWJc//uj4"
Date: Sun, 06 Apr 2025 13:54:31 GMT
Connection: keep-alive
Keep-Alive: timeout=600

21:54:31.947 [AsyncHttpClient-1-2] DEBUG org.asynchttpclient.netty.channel.ChannelManager -- Adding key: http://127.0.0.1:4723 for channel [id: 0xd850032e, L:/127.0.0.1:49363 - R:/127.0.0.1:4723]
21:54:31.951 [main] WARN  com.cathay.test.config.AppiumConfig - ⚠️ 設定第三方 Cookie 支援時發生例外: unknown command: 'Network.setCookieBlockingEnabled' wasn't found
  (Session info: chrome=128.0.6613.88)
Build info: version: '4.8.3', revision: 'e5e76298c3'
System info: os.name: 'Mac OS X', os.arch: 'aarch64', os.version: '13.4', java.version: '23.0.2'
Driver info: io.appium.java_client.android.AndroidDriver
Command: [9d505292-1662-4e03-b7da-959f22fa1c1e, executeCdp {cmd=Network.setCookieBlockingEnabled, params={enabled=false}}]
Capabilities {appium:autoAcceptAlerts: true, appium:autoGrantPermissions: true, appium:automationName: UiAutomator2, appium:chromedriverExecutable: /opt/homebrew/bin/chromedriver, appium:databaseEnabled: false, appium:desired: {appActivity: com.android.chrome/com.goog..., appPackage: com.android.chrome, autoAcceptAlerts: true, autoGrantPermissions: true, automationName: UiAutomator2, browserName: chrome, chromedriverExecutable: /opt/homebrew/bin/chromedriver, deviceName: Pixel_3a_API_34_extension_l..., goog:chromeOptions: {args: [--no-sandbox, --disable-dev-shm-usage, --ignore-certificate-errors, --remote-allow-origins=*, --disable-features=SameSite..., --enable-features=NetworkSe...], w3c: true}, newCommandTimeout: 120, noReset: true, platformName: android, platformVersion: 16.0}, appium:deviceApiLevel: 36, appium:deviceManufacturer: Google, appium:deviceModel: sdk_gphone64_arm64, appium:deviceName: emulator-5554, appium:deviceScreenDensity: 420, appium:deviceScreenSize: 1080x2424, appium:deviceUDID: emulator-5554, appium:javascriptEnabled: true, appium:locationContextEnabled: false, appium:networkConnectionEnabled: true, appium:newCommandTimeout: 120, appium:noReset: true, appium:pixelRatio: 2.625, appium:platformVersion: 16, appium:statBarHeight: 137, appium:takesScreenshot: true, appium:viewportRect: {height: 2287, left: 0, top: 137, width: 1080}, appium:warnings: {}, appium:webStorageEnabled: false, browserName: chrome, goog:chromeOptions: {args: [--no-sandbox, --disable-dev-shm-usage, --ignore-certificate-errors, --remote-allow-origins=*, --disable-features=SameSite..., --enable-features=NetworkSe...], w3c: true}, platformName: ANDROID}
Session ID: 9d505292-1662-4e03-b7da-959f22fa1c1e
21:54:32.801 [AsyncHttpClient-1-1] DEBUG org.asynchttpclient.netty.channel.DefaultChannelPool -- Entry count for : http://127.0.0.1:4723 : 1
21:54:33.904 [AsyncHttpClient-1-1] DEBUG org.asynchttpclient.netty.channel.DefaultChannelPool -- Entry count for : http://127.0.0.1:4723 : 1
21:54:34.952 [main] INFO  com.cathay.test.config.AppiumConfig - Driver session ID: 9d505292-1662-4e03-b7da-959f22fa1c1e
21:54:34.954 [Forwarding get on session 9d505292-1662-4e03-b7da-959f22fa1c1e to remote] DEBUG org.asynchttpclient.netty.request.NettyRequestSender -- Using pooled Channel '[id: 0xd850032e, L:/127.0.0.1:49363 - R:/127.0.0.1:4723]' for 'POST' to 'http://127.0.0.1:4723/session/9d505292-1662-4e03-b7da-959f22fa1c1e/url'
21:54:34.954 [Forwarding get on session 9d505292-1662-4e03-b7da-959f22fa1c1e to remote] DEBUG org.asynchttpclient.netty.request.NettyRequestSender -- Using open Channel [id: 0xd850032e, L:/127.0.0.1:49363 - R:/127.0.0.1:4723] for POST '/session/9d505292-1662-4e03-b7da-959f22fa1c1e/url'
21:54:39.424 [AsyncHttpClient-1-2] DEBUG org.asynchttpclient.netty.handler.HttpHandler -- 

Request DefaultHttpRequest(decodeResult: success, version: HTTP/1.1)
POST /session/9d505292-1662-4e03-b7da-959f22fa1c1e/url HTTP/1.1
User-Agent: appium/8.3.0 (selenium/4.8.3 (java mac))
Content-Length: 133
Content-Type: application/json; charset=utf-8
host: 127.0.0.1:4723
accept: */*

Response DefaultHttpResponse(decodeResult: success, version: HTTP/1.1)
HTTP/1.1 200 OK
X-Powered-By: Express
Vary: X-HTTP-Method-Override
Content-Type: application/json; charset=utf-8
Content-Length: 14
ETag: W/"e-9/1BuKMgFObM1mWJm+YjxtXJnUM"
Date: Sun, 06 Apr 2025 13:54:39 GMT
Connection: keep-alive
Keep-Alive: timeout=600

21:54:39.424 [AsyncHttpClient-1-2] DEBUG org.asynchttpclient.netty.channel.ChannelManager -- Adding key: http://127.0.0.1:4723 for channel [id: 0xd850032e, L:/127.0.0.1:49363 - R:/127.0.0.1:4723]
21:54:39.425 [Forwarding getCurrentUrl on session 9d505292-1662-4e03-b7da-959f22fa1c1e to remote] DEBUG org.asynchttpclient.netty.request.NettyRequestSender -- Using pooled Channel '[id: 0xd850032e, L:/127.0.0.1:49363 - R:/127.0.0.1:4723]' for 'GET' to 'http://127.0.0.1:4723/session/9d505292-1662-4e03-b7da-959f22fa1c1e/url'
21:54:39.425 [Forwarding getCurrentUrl on session 9d505292-1662-4e03-b7da-959f22fa1c1e to remote] DEBUG org.asynchttpclient.netty.request.NettyRequestSender -- Using open Channel [id: 0xd850032e, L:/127.0.0.1:49363 - R:/127.0.0.1:4723] for GET '/session/9d505292-1662-4e03-b7da-959f22fa1c1e/url'
21:54:39.486 [AsyncHttpClient-1-2] DEBUG org.asynchttpclient.netty.handler.HttpHandler -- 

Request DefaultFullHttpRequest(decodeResult: success, version: HTTP/1.1, content: EmptyByteBufBE)
GET /session/9d505292-1662-4e03-b7da-959f22fa1c1e/url HTTP/1.1
Cache-Control: no-cache
User-Agent: appium/8.3.0 (selenium/4.8.3 (java mac))
Content-Type: application/json; charset=utf-8
host: 127.0.0.1:4723
accept: */*

Response DefaultHttpResponse(decodeResult: success, version: HTTP/1.1)
HTTP/1.1 200 OK
X-Powered-By: Express
Content-Type: application/json; charset=utf-8
Content-Length: 90
ETag: W/"5a-SVzTdoqQsw2ztnbhgzn9TDJ+oVM"
Date: Sun, 06 Apr 2025 13:54:39 GMT
Connection: keep-alive
Keep-Alive: timeout=600

21:54:39.486 [AsyncHttpClient-1-2] DEBUG org.asynchttpclient.netty.channel.ChannelManager -- Adding key: http://127.0.0.1:4723 for channel [id: 0xd850032e, L:/127.0.0.1:49363 - R:/127.0.0.1:4723]
*********3rd party cookie Current URL: https://www.cathaybk.com.tw/cathaybk/personal/loan/calculator/mortgage-budget/
21:54:39.486 [Forwarding getCookies on session 9d505292-1662-4e03-b7da-959f22fa1c1e to remote] DEBUG org.asynchttpclient.netty.request.NettyRequestSender -- Using pooled Channel '[id: 0xd850032e, L:/127.0.0.1:49363 - R:/127.0.0.1:4723]' for 'GET' to 'http://127.0.0.1:4723/session/9d505292-1662-4e03-b7da-959f22fa1c1e/cookie'
21:54:39.486 [Forwarding getCookies on session 9d505292-1662-4e03-b7da-959f22fa1c1e to remote] DEBUG org.asynchttpclient.netty.request.NettyRequestSender -- Using open Channel [id: 0xd850032e, L:/127.0.0.1:49363 - R:/127.0.0.1:4723] for GET '/session/9d505292-1662-4e03-b7da-959f22fa1c1e/cookie'
21:54:39.511 [AsyncHttpClient-1-2] DEBUG org.asynchttpclient.netty.handler.HttpHandler -- 

Request DefaultFullHttpRequest(decodeResult: success, version: HTTP/1.1, content: EmptyByteBufBE)
GET /session/9d505292-1662-4e03-b7da-959f22fa1c1e/cookie HTTP/1.1
Cache-Control: no-cache
User-Agent: appium/8.3.0 (selenium/4.8.3 (java mac))
Content-Type: application/json; charset=utf-8
host: 127.0.0.1:4723
accept: */*

Response DefaultHttpResponse(decodeResult: success, version: HTTP/1.1)
HTTP/1.1 200 OK
X-Powered-By: Express
Content-Type: application/json; charset=utf-8
Content-Length: 4091
ETag: W/"ffb-2CmCIy4vnpvEd8xiHHlbzXYVoVI"
Date: Sun, 06 Apr 2025 13:54:39 GMT
Connection: keep-alive
Keep-Alive: timeout=600

21:54:39.511 [AsyncHttpClient-1-2] DEBUG org.asynchttpclient.netty.channel.ChannelManager -- Adding key: http://127.0.0.1:4723 for channel [id: 0xd850032e, L:/127.0.0.1:49363 - R:/127.0.0.1:4723]
*********Cookie: citrix_ns_id = AAE7m4fyZztsglcHAAAAADvLSubBRkGc__LEO6ELGaG0bRrxaUs5VJvomfRtXIpqOw==IovyZw==NPLxRFpOg7fc4nPW4zwsEftBmQo=
*********Cookie: ASP.NET_SessionId = ypoctomn0evgo4xa4jtdsva4
*********Cookie: _ss_pp_id = a9e1296750a490073fc1743918877891
*********Cookie: __lt__sid = 86b78904-2e8cb4ce
*********Cookie: _mg_ckp = eyJja1RrZERGIjoiIn0=
*********Cookie: cathaybk_new = 4bb3a3d8d4f078cfaa7badb04abb60df7ed08c3d037be7593e9c32d57ce56d7fc2c8d446
*********Cookie: __mguid_ = 1a0af19ea20345d4a0991d09e7901029
*********Cookie: FingerprintCookie = a83734ca5c2401a34f4ad325dff7c9ff
*********Cookie: shell#lang = en
*********Cookie: mbox = session#2dd730e66af24476aec9280964a22025#1743949539|PC#2dd730e66af24476aec9280964a22025.32_0#1807192479
*********Cookie: _td = 8b7160f2-98bf-4559-9c32-7606f97ccc8c
*********Cookie: _uetvid = adfc5f3012ee11f0b64ded9b0a0b037c
*********Cookie: usy46gabsosd = cubcsa_17439476767270.d12b2c34b803ffa2d5361113cf58e43e_7905
*********Cookie: _uetsid = adfc02b012ee11f09697439c5dd96b71
*********Cookie: AMCV_B877A5DB584931AC0A495EAA%40AdobeOrg = 1585540135%7CMCIDTS%7C20185%7CMCMID%7C76634984881607744481813236912097045278%7CMCAAMLH-1744552477%7C11%7CMCAAMB-1744552477%7C6G1ynYcLPuiQxYZrsz_pkqfLG9yMXBpb2zX5dvJdYQJzPXImdj0y%7CMCCIDH%7C1062709688%7CMCOPTOUT-1743954877s%7CNONE%7CMCSYNCSOP%7C411-20192%7CvVersion%7C4.4.0
*********Cookie: _ga_T2T689XRGT = GS1.1.1743947677.1.0.1743947677.60.0.0
*********Cookie: _ga = GA1.1.2044881319.1743947677
*********Cookie: _fbp = fb.2.1743947677865.602464792796249871
*********Cookie: at_check = true
*********Cookie: __lt__cid = 96be75fd-6f1d-49d6-9fbb-d35488450c2b
*********Cookie: _gcl_au = 1.1.1762103777.1743947677
*********Cookie: AMCVS_B877A5DB584931AC0A495EAA%40AdobeOrg = 1
21:54:39.512 [Forwarding getCurrentUrl on session 9d505292-1662-4e03-b7da-959f22fa1c1e to remote] DEBUG org.asynchttpclient.netty.request.NettyRequestSender -- Using pooled Channel '[id: 0xd850032e, L:/127.0.0.1:49363 - R:/127.0.0.1:4723]' for 'GET' to 'http://127.0.0.1:4723/session/9d505292-1662-4e03-b7da-959f22fa1c1e/url'
21:54:39.512 [Forwarding getCurrentUrl on session 9d505292-1662-4e03-b7da-959f22fa1c1e to remote] DEBUG org.asynchttpclient.netty.request.NettyRequestSender -- Using open Channel [id: 0xd850032e, L:/127.0.0.1:49363 - R:/127.0.0.1:4723] for GET '/session/9d505292-1662-4e03-b7da-959f22fa1c1e/url'
21:54:39.529 [AsyncHttpClient-1-2] DEBUG org.asynchttpclient.netty.handler.HttpHandler -- 

Request DefaultFullHttpRequest(decodeResult: success, version: HTTP/1.1, content: EmptyByteBufBE)
GET /session/9d505292-1662-4e03-b7da-959f22fa1c1e/url HTTP/1.1
Cache-Control: no-cache
User-Agent: appium/8.3.0 (selenium/4.8.3 (java mac))
Content-Type: application/json; charset=utf-8
host: 127.0.0.1:4723
accept: */*

Response DefaultHttpResponse(decodeResult: success, version: HTTP/1.1)
HTTP/1.1 200 OK
X-Powered-By: Express
Content-Type: application/json; charset=utf-8
Content-Length: 90
ETag: W/"5a-SVzTdoqQsw2ztnbhgzn9TDJ+oVM"
Date: Sun, 06 Apr 2025 13:54:39 GMT
Connection: keep-alive
Keep-Alive: timeout=600

21:54:39.529 [AsyncHttpClient-1-2] DEBUG org.asynchttpclient.netty.channel.ChannelManager -- Adding key: http://127.0.0.1:4723 for channel [id: 0xd850032e, L:/127.0.0.1:49363 - R:/127.0.0.1:4723]
21:54:39.530 [Forwarding setTimeout on session 9d505292-1662-4e03-b7da-959f22fa1c1e to remote] DEBUG org.asynchttpclient.netty.request.NettyRequestSender -- Using pooled Channel '[id: 0xd850032e, L:/127.0.0.1:49363 - R:/127.0.0.1:4723]' for 'POST' to 'http://127.0.0.1:4723/session/9d505292-1662-4e03-b7da-959f22fa1c1e/timeouts'
21:54:39.530 [Forwarding setTimeout on session 9d505292-1662-4e03-b7da-959f22fa1c1e to remote] DEBUG org.asynchttpclient.netty.request.NettyRequestSender -- Using open Channel [id: 0xd850032e, L:/127.0.0.1:49363 - R:/127.0.0.1:4723] for POST '/session/9d505292-1662-4e03-b7da-959f22fa1c1e/timeouts'
21:54:39.534 [AsyncHttpClient-1-2] DEBUG org.asynchttpclient.netty.handler.HttpHandler -- 

Request DefaultHttpRequest(decodeResult: success, version: HTTP/1.1)
POST /session/9d505292-1662-4e03-b7da-959f22fa1c1e/timeouts HTTP/1.1
User-Agent: appium/8.3.0 (selenium/4.8.3 (java mac))
Content-Length: 23
Content-Type: application/json; charset=utf-8
host: 127.0.0.1:4723
accept: */*

Response DefaultHttpResponse(decodeResult: success, version: HTTP/1.1)
HTTP/1.1 200 OK
X-Powered-By: Express
Vary: X-HTTP-Method-Override
Content-Type: application/json; charset=utf-8
Content-Length: 14
ETag: W/"e-9/1BuKMgFObM1mWJm+YjxtXJnUM"
Date: Sun, 06 Apr 2025 13:54:39 GMT
Connection: keep-alive
Keep-Alive: timeout=600

21:54:39.534 [AsyncHttpClient-1-2] DEBUG org.asynchttpclient.netty.channel.ChannelManager -- Adding key: http://127.0.0.1:4723 for channel [id: 0xd850032e, L:/127.0.0.1:49363 - R:/127.0.0.1:4723]
21:54:39.535 [Forwarding setTimeout on session 9d505292-1662-4e03-b7da-959f22fa1c1e to remote] DEBUG org.asynchttpclient.netty.request.NettyRequestSender -- Using pooled Channel '[id: 0xd850032e, L:/127.0.0.1:49363 - R:/127.0.0.1:4723]' for 'POST' to 'http://127.0.0.1:4723/session/9d505292-1662-4e03-b7da-959f22fa1c1e/timeouts'
21:54:39.535 [Forwarding setTimeout on session 9d505292-1662-4e03-b7da-959f22fa1c1e to remote] DEBUG org.asynchttpclient.netty.request.NettyRequestSender -- Using open Channel [id: 0xd850032e, L:/127.0.0.1:49363 - R:/127.0.0.1:4723] for POST '/session/9d505292-1662-4e03-b7da-959f22fa1c1e/timeouts'
21:54:39.538 [AsyncHttpClient-1-2] DEBUG org.asynchttpclient.netty.handler.HttpHandler -- 

Request DefaultHttpRequest(decodeResult: success, version: HTTP/1.1)
POST /session/9d505292-1662-4e03-b7da-959f22fa1c1e/timeouts HTTP/1.1
User-Agent: appium/8.3.0 (selenium/4.8.3 (java mac))
Content-Length: 23
Content-Type: application/json; charset=utf-8
host: 127.0.0.1:4723
accept: */*

Response DefaultHttpResponse(decodeResult: success, version: HTTP/1.1)
HTTP/1.1 200 OK
X-Powered-By: Express
Vary: X-HTTP-Method-Override
Content-Type: application/json; charset=utf-8
Content-Length: 14
ETag: W/"e-9/1BuKMgFObM1mWJm+YjxtXJnUM"
Date: Sun, 06 Apr 2025 13:54:39 GMT
Connection: keep-alive
Keep-Alive: timeout=600

21:54:39.538 [AsyncHttpClient-1-2] DEBUG org.asynchttpclient.netty.channel.ChannelManager -- Adding key: http://127.0.0.1:4723 for channel [id: 0xd850032e, L:/127.0.0.1:49363 - R:/127.0.0.1:4723]
21:54:39.539 [Forwarding setTimeout on session 9d505292-1662-4e03-b7da-959f22fa1c1e to remote] DEBUG org.asynchttpclient.netty.request.NettyRequestSender -- Using pooled Channel '[id: 0xd850032e, L:/127.0.0.1:49363 - R:/127.0.0.1:4723]' for 'POST' to 'http://127.0.0.1:4723/session/9d505292-1662-4e03-b7da-959f22fa1c1e/timeouts'
21:54:39.539 [Forwarding setTimeout on session 9d505292-1662-4e03-b7da-959f22fa1c1e to remote] DEBUG org.asynchttpclient.netty.request.NettyRequestSender -- Using open Channel [id: 0xd850032e, L:/127.0.0.1:49363 - R:/127.0.0.1:4723] for POST '/session/9d505292-1662-4e03-b7da-959f22fa1c1e/timeouts'
21:54:39.541 [AsyncHttpClient-1-2] DEBUG org.asynchttpclient.netty.handler.HttpHandler -- 

Request DefaultHttpRequest(decodeResult: success, version: HTTP/1.1)
POST /session/9d505292-1662-4e03-b7da-959f22fa1c1e/timeouts HTTP/1.1
User-Agent: appium/8.3.0 (selenium/4.8.3 (java mac))
Content-Length: 21
Content-Type: application/json; charset=utf-8
host: 127.0.0.1:4723
accept: */*

Response DefaultHttpResponse(decodeResult: success, version: HTTP/1.1)
HTTP/1.1 200 OK
X-Powered-By: Express
Vary: X-HTTP-Method-Override
Content-Type: application/json; charset=utf-8
Content-Length: 14
ETag: W/"e-9/1BuKMgFObM1mWJm+YjxtXJnUM"
Date: Sun, 06 Apr 2025 13:54:39 GMT
Connection: keep-alive
Keep-Alive: timeout=600

21:54:39.541 [AsyncHttpClient-1-2] DEBUG org.asynchttpclient.netty.channel.ChannelManager -- Adding key: http://127.0.0.1:4723 for channel [id: 0xd850032e, L:/127.0.0.1:49363 - R:/127.0.0.1:4723]
21:54:39.541 [main] INFO  com.cathay.test.config.AppiumConfig - MortgageCalculatorTest 初始化完成
21:54:39.541 [main] INFO com.cathay.test.tests.MortgageCalculatorTest -- 驗證 driver session 與重新導頁...
21:54:39.542 [Forwarding get on session 9d505292-1662-4e03-b7da-959f22fa1c1e to remote] DEBUG org.asynchttpclient.netty.request.NettyRequestSender -- Using pooled Channel '[id: 0xd850032e, L:/127.0.0.1:49363 - R:/127.0.0.1:4723]' for 'POST' to 'http://127.0.0.1:4723/session/9d505292-1662-4e03-b7da-959f22fa1c1e/url'
21:54:39.542 [Forwarding get on session 9d505292-1662-4e03-b7da-959f22fa1c1e to remote] DEBUG org.asynchttpclient.netty.request.NettyRequestSender -- Using open Channel [id: 0xd850032e, L:/127.0.0.1:49363 - R:/127.0.0.1:4723] for POST '/session/9d505292-1662-4e03-b7da-959f22fa1c1e/url'
21:54:41.190 [AsyncHttpClient-1-2] DEBUG org.asynchttpclient.netty.handler.HttpHandler -- 

Request DefaultHttpRequest(decodeResult: success, version: HTTP/1.1)
POST /session/9d505292-1662-4e03-b7da-959f22fa1c1e/url HTTP/1.1
User-Agent: appium/8.3.0 (selenium/4.8.3 (java mac))
Content-Length: 133
Content-Type: application/json; charset=utf-8
host: 127.0.0.1:4723
accept: */*

Response DefaultHttpResponse(decodeResult: success, version: HTTP/1.1)
HTTP/1.1 200 OK
X-Powered-By: Express
Vary: X-HTTP-Method-Override
Content-Type: application/json; charset=utf-8
Content-Length: 14
ETag: W/"e-9/1BuKMgFObM1mWJm+YjxtXJnUM"
Date: Sun, 06 Apr 2025 13:54:41 GMT
Connection: keep-alive
Keep-Alive: timeout=600

21:54:41.190 [AsyncHttpClient-1-2] DEBUG org.asynchttpclient.netty.channel.ChannelManager -- Adding key: http://127.0.0.1:4723 for channel [id: 0xd850032e, L:/127.0.0.1:49363 - R:/127.0.0.1:4723]
21:54:41.191 [Forwarding getCurrentUrl on session 9d505292-1662-4e03-b7da-959f22fa1c1e to remote] DEBUG org.asynchttpclient.netty.request.NettyRequestSender -- Using pooled Channel '[id: 0xd850032e, L:/127.0.0.1:49363 - R:/127.0.0.1:4723]' for 'GET' to 'http://127.0.0.1:4723/session/9d505292-1662-4e03-b7da-959f22fa1c1e/url'
21:54:41.191 [Forwarding getCurrentUrl on session 9d505292-1662-4e03-b7da-959f22fa1c1e to remote] DEBUG org.asynchttpclient.netty.request.NettyRequestSender -- Using open Channel [id: 0xd850032e, L:/127.0.0.1:49363 - R:/127.0.0.1:4723] for GET '/session/9d505292-1662-4e03-b7da-959f22fa1c1e/url'
21:54:41.218 [AsyncHttpClient-1-2] DEBUG org.asynchttpclient.netty.handler.HttpHandler -- 

Request DefaultFullHttpRequest(decodeResult: success, version: HTTP/1.1, content: EmptyByteBufBE)
GET /session/9d505292-1662-4e03-b7da-959f22fa1c1e/url HTTP/1.1
Cache-Control: no-cache
User-Agent: appium/8.3.0 (selenium/4.8.3 (java mac))
Content-Type: application/json; charset=utf-8
host: 127.0.0.1:4723
accept: */*

Response DefaultHttpResponse(decodeResult: success, version: HTTP/1.1)
HTTP/1.1 200 OK
X-Powered-By: Express
Content-Type: application/json; charset=utf-8
Content-Length: 90
ETag: W/"5a-SVzTdoqQsw2ztnbhgzn9TDJ+oVM"
Date: Sun, 06 Apr 2025 13:54:41 GMT
Connection: keep-alive
Keep-Alive: timeout=600

21:54:41.219 [AsyncHttpClient-1-2] DEBUG org.asynchttpclient.netty.channel.ChannelManager -- Adding key: http://127.0.0.1:4723 for channel [id: 0xd850032e, L:/127.0.0.1:49363 - R:/127.0.0.1:4723]
*********3rd party cookie Current URL: https://www.cathaybk.com.tw/cathaybk/personal/loan/calculator/mortgage-budget/
21:54:41.220 [Forwarding getCookies on session 9d505292-1662-4e03-b7da-959f22fa1c1e to remote] DEBUG org.asynchttpclient.netty.request.NettyRequestSender -- Using pooled Channel '[id: 0xd850032e, L:/127.0.0.1:49363 - R:/127.0.0.1:4723]' for 'GET' to 'http://127.0.0.1:4723/session/9d505292-1662-4e03-b7da-959f22fa1c1e/cookie'
21:54:41.220 [Forwarding getCookies on session 9d505292-1662-4e03-b7da-959f22fa1c1e to remote] DEBUG org.asynchttpclient.netty.request.NettyRequestSender -- Using open Channel [id: 0xd850032e, L:/127.0.0.1:49363 - R:/127.0.0.1:4723] for GET '/session/9d505292-1662-4e03-b7da-959f22fa1c1e/cookie'
21:54:41.240 [AsyncHttpClient-1-2] DEBUG org.asynchttpclient.netty.handler.HttpHandler -- 

Request DefaultFullHttpRequest(decodeResult: success, version: HTTP/1.1, content: EmptyByteBufBE)
GET /session/9d505292-1662-4e03-b7da-959f22fa1c1e/cookie HTTP/1.1
Cache-Control: no-cache
User-Agent: appium/8.3.0 (selenium/4.8.3 (java mac))
Content-Type: application/json; charset=utf-8
host: 127.0.0.1:4723
accept: */*

Response DefaultHttpResponse(decodeResult: success, version: HTTP/1.1)
HTTP/1.1 200 OK
X-Powered-By: Express
Content-Type: application/json; charset=utf-8
Content-Length: 8450
ETag: W/"2102-zwROF/MdNVSRt3IqKB457D+R2Zg"
Date: Sun, 06 Apr 2025 13:54:41 GMT
Connection: keep-alive
Keep-Alive: timeout=600

21:54:41.241 [AsyncHttpClient-1-2] DEBUG org.asynchttpclient.netty.channel.ChannelManager -- Adding key: http://127.0.0.1:4723 for channel [id: 0xd850032e, L:/127.0.0.1:49363 - R:/127.0.0.1:4723]
*********Cookie: dv0qai26lg6v2y6kl7yyc36brextdtsycrc8vxt = xqr4l3opuvh
*********Cookie: citrix_ns_id = AAE7m4fyZztsglcHAAAAADvLSubBRkGc__LEO6ELGaG0bRrxaUs5VJvomfRtXIpqOw==JIvyZw==yLLr0m_Xn8JEjNmtockXKB4UIB0=
*********Cookie: dv0qai26lg6v2y6kl7yyc36brextdcz3a1u55b2p = vji1pma0kxo
*********Cookie: ASP.NET_SessionId = ypoctomn0evgo4xa4jtdsva4
*********Cookie: dv0qai26lg6v2y6kl7yyc36brextdjn894csqe3i = z43gpddw8xn
*********Cookie: _ss_pp_id = a9e1296750a490073fc1743918877891
*********Cookie: _mg_ckp = eyJja1RrZERGIjoiIn0=
*********Cookie: shell#lang = en
*********Cookie: dv0qai26lg6v2y6kl7yyc36brextdlplr5fg4f6g = m7x0pnx8thm
*********Cookie: mbox = session#2dd730e66af24476aec9280964a22025#1743949541|PC#2dd730e66af24476aec9280964a22025.32_0#1807192481
*********Cookie: _td = 8b7160f2-98bf-4559-9c32-7606f97ccc8c
*********Cookie: dv0qai26lg6v2y6kl7yyc36brextdmrfe58eyog = j1p1ujdxvaa
*********Cookie: dv0qai26lg6v2y6kl7yyc36brextdytbdcz7b3b = jqpf2z21s8f
*********Cookie: _uetvid = adfc5f3012ee11f0b64ded9b0a0b037c
*********Cookie: dv0qai26lg6v2y6kl7yyc36brextd9z87wb9mg3i = h8m10dxiz8q
*********Cookie: dv0qai26lg6v2y6kl7yyc36brextdbaz65ks4927 = g8ept6ivdlr
*********Cookie: dv0qai26lg6v2y6kl7yyc36brextdxxugpjo0kkc = y34214dfrzd
*********Cookie: _uetsid = adfc02b012ee11f09697439c5dd96b71
*********Cookie: _ga_T2T689XRGT = GS1.1.1743947677.1.1.1743947681.56.0.0
*********Cookie: AMCV_B877A5DB584931AC0A495EAA%40AdobeOrg = 1585540135%7CMCIDTS%7C20185%7CMCMID%7C76634984881607744481813236912097045278%7CMCAAMLH-1744552477%7C11%7CMCAAMB-1744552477%7C6G1ynYcLPuiQxYZrsz_pkqfLG9yMXBpb2zX5dvJdYQJzPXImdj0y%7CMCCIDH%7C1062709688%7CMCOPTOUT-1743954877s%7CNONE%7CMCSYNCSOP%7C411-20192%7CvVersion%7C4.4.0
*********Cookie: dv0qai26lg6v2y6kl7yyc36brextda3wy1phezqb = 0r5v3gv1oube
*********Cookie: at_check = true
*********Cookie: _fbp = fb.2.1743947677865.602464792796249871
*********Cookie: __lt__cid = 96be75fd-6f1d-49d6-9fbb-d35488450c2b
*********Cookie: dv0qai26lg6v2y6kl7yyc36brextdg4009lbi5wf = pt29zawtg38
*********Cookie: dv0qai26lg6v2y6kl7yyc36brextdl4nn3u3kk1s = 9trkjt0395q
*********Cookie: dv0qai26lg6v2y6kl7yyc36brextdhq2scxvibki = zkxkacvwc5d
*********Cookie: dv0qai26lg6v2y6kl7yyc36brextdblj1z5bvnah = ecqu0xwij06
*********Cookie: dv0qai26lg6v2y6kl7yyc36brextdtwb6u58m25k = frxp7pn2gk
*********Cookie: dv0qai26lg6v2y6kl7yyc36brextdi4cds0hrar = e8lrlt00gcf
*********Cookie: __lt__sid = 86b78904-2e8cb4ce
*********Cookie: cathaybk_new = 4bb3a3d8d4f078cfaa7badb04abb60df7ed08c3d037be7593e9c32d57ce56d7fc2c8d446
*********Cookie: __mguid_ = 1a0af19ea20345d4a0991d09e7901029
*********Cookie: FingerprintCookie = a83734ca5c2401a34f4ad325dff7c9ff
*********Cookie: dv0qai26lg6v2y6kl7yyc36brextdyaq3g779qg = r2etlcpwr79
*********Cookie: dv0qai26lg6v2y6kl7yyc36brextdoytbb3i9u7e = s6obprhjzs
*********Cookie: dv0qai26lg6v2y6kl7yyc36brextdsys5uq6g2z = 5l5undosptn
*********Cookie: dv0qai26lg6v2y6kl7yyc36brextd8h2fzb4oeu = 2olgkt0crws
*********Cookie: usy46gabsosd = cubcsa_17439476767270.d12b2c34b803ffa2d5361113cf58e43e_7905
*********Cookie: dv0qai26lg6v2y6kl7yyc36brextdww3xm2ecc6 = lrpiz6r2tk
*********Cookie: dv0qai26lg6v2y6kl7yyc36brextd18s9rcvemm4 = twjj1iq55uh
*********Cookie: _ga = GA1.1.2044881319.1743947677
*********Cookie: _gcl_au = 1.1.1762103777.1743947677
*********Cookie: AMCVS_B877A5DB584931AC0A495EAA%40AdobeOrg = 1
*********Cookie: dv0qai26lg6v2y6kl7yyc36brextd07urrzalj6lc = 5waffrn2btx
*********Cookie: dv0qai26lg6v2y6kl7yyc36brextd9qxzx7463cr = cdujjzsbj8o
21:54:41.242 [Forwarding getCurrentUrl on session 9d505292-1662-4e03-b7da-959f22fa1c1e to remote] DEBUG org.asynchttpclient.netty.request.NettyRequestSender -- Using pooled Channel '[id: 0xd850032e, L:/127.0.0.1:49363 - R:/127.0.0.1:4723]' for 'GET' to 'http://127.0.0.1:4723/session/9d505292-1662-4e03-b7da-959f22fa1c1e/url'
21:54:41.242 [Forwarding getCurrentUrl on session 9d505292-1662-4e03-b7da-959f22fa1c1e to remote] DEBUG org.asynchttpclient.netty.request.NettyRequestSender -- Using open Channel [id: 0xd850032e, L:/127.0.0.1:49363 - R:/127.0.0.1:4723] for GET '/session/9d505292-1662-4e03-b7da-959f22fa1c1e/url'
21:54:41.259 [AsyncHttpClient-1-2] DEBUG org.asynchttpclient.netty.handler.HttpHandler -- 

Request DefaultFullHttpRequest(decodeResult: success, version: HTTP/1.1, content: EmptyByteBufBE)
GET /session/9d505292-1662-4e03-b7da-959f22fa1c1e/url HTTP/1.1
Cache-Control: no-cache
User-Agent: appium/8.3.0 (selenium/4.8.3 (java mac))
Content-Type: application/json; charset=utf-8
host: 127.0.0.1:4723
accept: */*

Response DefaultHttpResponse(decodeResult: success, version: HTTP/1.1)
HTTP/1.1 200 OK
X-Powered-By: Express
Content-Type: application/json; charset=utf-8
Content-Length: 90
ETag: W/"5a-SVzTdoqQsw2ztnbhgzn9TDJ+oVM"
Date: Sun, 06 Apr 2025 13:54:41 GMT
Connection: keep-alive
Keep-Alive: timeout=600

21:54:41.259 [AsyncHttpClient-1-2] DEBUG org.asynchttpclient.netty.channel.ChannelManager -- Adding key: http://127.0.0.1:4723 for channel [id: 0xd850032e, L:/127.0.0.1:49363 - R:/127.0.0.1:4723]
21:54:41.260 [Forwarding setTimeout on session 9d505292-1662-4e03-b7da-959f22fa1c1e to remote] DEBUG org.asynchttpclient.netty.request.NettyRequestSender -- Using pooled Channel '[id: 0xd850032e, L:/127.0.0.1:49363 - R:/127.0.0.1:4723]' for 'POST' to 'http://127.0.0.1:4723/session/9d505292-1662-4e03-b7da-959f22fa1c1e/timeouts'
21:54:41.260 [Forwarding setTimeout on session 9d505292-1662-4e03-b7da-959f22fa1c1e to remote] DEBUG org.asynchttpclient.netty.request.NettyRequestSender -- Using open Channel [id: 0xd850032e, L:/127.0.0.1:49363 - R:/127.0.0.1:4723] for POST '/session/9d505292-1662-4e03-b7da-959f22fa1c1e/timeouts'
21:54:41.263 [AsyncHttpClient-1-2] DEBUG org.asynchttpclient.netty.handler.HttpHandler -- 

Request DefaultHttpRequest(decodeResult: success, version: HTTP/1.1)
POST /session/9d505292-1662-4e03-b7da-959f22fa1c1e/timeouts HTTP/1.1
User-Agent: appium/8.3.0 (selenium/4.8.3 (java mac))
Content-Length: 23
Content-Type: application/json; charset=utf-8
host: 127.0.0.1:4723
accept: */*

Response DefaultHttpResponse(decodeResult: success, version: HTTP/1.1)
HTTP/1.1 200 OK
X-Powered-By: Express
Vary: X-HTTP-Method-Override
Content-Type: application/json; charset=utf-8
Content-Length: 14
ETag: W/"e-9/1BuKMgFObM1mWJm+YjxtXJnUM"
Date: Sun, 06 Apr 2025 13:54:41 GMT
Connection: keep-alive
Keep-Alive: timeout=600

21:54:41.263 [AsyncHttpClient-1-2] DEBUG org.asynchttpclient.netty.channel.ChannelManager -- Adding key: http://127.0.0.1:4723 for channel [id: 0xd850032e, L:/127.0.0.1:49363 - R:/127.0.0.1:4723]
21:54:41.264 [Forwarding setTimeout on session 9d505292-1662-4e03-b7da-959f22fa1c1e to remote] DEBUG org.asynchttpclient.netty.request.NettyRequestSender -- Using pooled Channel '[id: 0xd850032e, L:/127.0.0.1:49363 - R:/127.0.0.1:4723]' for 'POST' to 'http://127.0.0.1:4723/session/9d505292-1662-4e03-b7da-959f22fa1c1e/timeouts'
21:54:41.264 [Forwarding setTimeout on session 9d505292-1662-4e03-b7da-959f22fa1c1e to remote] DEBUG org.asynchttpclient.netty.request.NettyRequestSender -- Using open Channel [id: 0xd850032e, L:/127.0.0.1:49363 - R:/127.0.0.1:4723] for POST '/session/9d505292-1662-4e03-b7da-959f22fa1c1e/timeouts'
21:54:41.268 [AsyncHttpClient-1-2] DEBUG org.asynchttpclient.netty.handler.HttpHandler -- 

Request DefaultHttpRequest(decodeResult: success, version: HTTP/1.1)
POST /session/9d505292-1662-4e03-b7da-959f22fa1c1e/timeouts HTTP/1.1
User-Agent: appium/8.3.0 (selenium/4.8.3 (java mac))
Content-Length: 23
Content-Type: application/json; charset=utf-8
host: 127.0.0.1:4723
accept: */*

Response DefaultHttpResponse(decodeResult: success, version: HTTP/1.1)
HTTP/1.1 200 OK
X-Powered-By: Express
Vary: X-HTTP-Method-Override
Content-Type: application/json; charset=utf-8
Content-Length: 14
ETag: W/"e-9/1BuKMgFObM1mWJm+YjxtXJnUM"
Date: Sun, 06 Apr 2025 13:54:41 GMT
Connection: keep-alive
Keep-Alive: timeout=600

21:54:41.268 [AsyncHttpClient-1-2] DEBUG org.asynchttpclient.netty.channel.ChannelManager -- Adding key: http://127.0.0.1:4723 for channel [id: 0xd850032e, L:/127.0.0.1:49363 - R:/127.0.0.1:4723]
21:54:41.269 [Forwarding setTimeout on session 9d505292-1662-4e03-b7da-959f22fa1c1e to remote] DEBUG org.asynchttpclient.netty.request.NettyRequestSender -- Using pooled Channel '[id: 0xd850032e, L:/127.0.0.1:49363 - R:/127.0.0.1:4723]' for 'POST' to 'http://127.0.0.1:4723/session/9d505292-1662-4e03-b7da-959f22fa1c1e/timeouts'
21:54:41.269 [Forwarding setTimeout on session 9d505292-1662-4e03-b7da-959f22fa1c1e to remote] DEBUG org.asynchttpclient.netty.request.NettyRequestSender -- Using open Channel [id: 0xd850032e, L:/127.0.0.1:49363 - R:/127.0.0.1:4723] for POST '/session/9d505292-1662-4e03-b7da-959f22fa1c1e/timeouts'
21:54:41.271 [AsyncHttpClient-1-2] DEBUG org.asynchttpclient.netty.handler.HttpHandler -- 

Request DefaultHttpRequest(decodeResult: success, version: HTTP/1.1)
POST /session/9d505292-1662-4e03-b7da-959f22fa1c1e/timeouts HTTP/1.1
User-Agent: appium/8.3.0 (selenium/4.8.3 (java mac))
Content-Length: 21
Content-Type: application/json; charset=utf-8
host: 127.0.0.1:4723
accept: */*

Response DefaultHttpResponse(decodeResult: success, version: HTTP/1.1)
HTTP/1.1 200 OK
X-Powered-By: Express
Vary: X-HTTP-Method-Override
Content-Type: application/json; charset=utf-8
Content-Length: 14
ETag: W/"e-9/1BuKMgFObM1mWJm+YjxtXJnUM"
Date: Sun, 06 Apr 2025 13:54:41 GMT
Connection: keep-alive
Keep-Alive: timeout=600

21:54:41.271 [AsyncHttpClient-1-2] DEBUG org.asynchttpclient.netty.channel.ChannelManager -- Adding key: http://127.0.0.1:4723 for channel [id: 0xd850032e, L:/127.0.0.1:49363 - R:/127.0.0.1:4723]
21:54:41.272 [main] INFO com.cathay.test.tests.MortgageCalculatorTest -- MortgageCalculatorTest 驗證完成
UI驗證 - 房屋座落區域欄位檢查
21:54:41.273 [main] INFO com.cathay.test.tests.MortgageCalculatorTest -- 開始執行：testLocationSelection
21:54:41.273 [Forwarding get on session 9d505292-1662-4e03-b7da-959f22fa1c1e to remote] DEBUG org.asynchttpclient.netty.request.NettyRequestSender -- Using pooled Channel '[id: 0xd850032e, L:/127.0.0.1:49363 - R:/127.0.0.1:4723]' for 'POST' to 'http://127.0.0.1:4723/session/9d505292-1662-4e03-b7da-959f22fa1c1e/url'
21:54:41.273 [Forwarding get on session 9d505292-1662-4e03-b7da-959f22fa1c1e to remote] DEBUG org.asynchttpclient.netty.request.NettyRequestSender -- Using open Channel [id: 0xd850032e, L:/127.0.0.1:49363 - R:/127.0.0.1:4723] for POST '/session/9d505292-1662-4e03-b7da-959f22fa1c1e/url'
21:54:43.045 [AsyncHttpClient-1-2] DEBUG org.asynchttpclient.netty.handler.HttpHandler -- 

Request DefaultHttpRequest(decodeResult: success, version: HTTP/1.1)
POST /session/9d505292-1662-4e03-b7da-959f22fa1c1e/url HTTP/1.1
User-Agent: appium/8.3.0 (selenium/4.8.3 (java mac))
Content-Length: 133
Content-Type: application/json; charset=utf-8
host: 127.0.0.1:4723
accept: */*

Response DefaultHttpResponse(decodeResult: success, version: HTTP/1.1)
HTTP/1.1 200 OK
X-Powered-By: Express
Vary: X-HTTP-Method-Override
Content-Type: application/json; charset=utf-8
Content-Length: 14
ETag: W/"e-9/1BuKMgFObM1mWJm+YjxtXJnUM"
Date: Sun, 06 Apr 2025 13:54:43 GMT
Connection: keep-alive
Keep-Alive: timeout=600

21:54:43.045 [AsyncHttpClient-1-2] DEBUG org.asynchttpclient.netty.channel.ChannelManager -- Adding key: http://127.0.0.1:4723 for channel [id: 0xd850032e, L:/127.0.0.1:49363 - R:/127.0.0.1:4723]
21:54:43.046 [Forwarding getCurrentUrl on session 9d505292-1662-4e03-b7da-959f22fa1c1e to remote] DEBUG org.asynchttpclient.netty.request.NettyRequestSender -- Using pooled Channel '[id: 0xd850032e, L:/127.0.0.1:49363 - R:/127.0.0.1:4723]' for 'GET' to 'http://127.0.0.1:4723/session/9d505292-1662-4e03-b7da-959f22fa1c1e/url'
21:54:43.046 [Forwarding getCurrentUrl on session 9d505292-1662-4e03-b7da-959f22fa1c1e to remote] DEBUG org.asynchttpclient.netty.request.NettyRequestSender -- Using open Channel [id: 0xd850032e, L:/127.0.0.1:49363 - R:/127.0.0.1:4723] for GET '/session/9d505292-1662-4e03-b7da-959f22fa1c1e/url'
21:54:43.075 [AsyncHttpClient-1-2] DEBUG org.asynchttpclient.netty.handler.HttpHandler -- 

Request DefaultFullHttpRequest(decodeResult: success, version: HTTP/1.1, content: EmptyByteBufBE)
GET /session/9d505292-1662-4e03-b7da-959f22fa1c1e/url HTTP/1.1
Cache-Control: no-cache
User-Agent: appium/8.3.0 (selenium/4.8.3 (java mac))
Content-Type: application/json; charset=utf-8
host: 127.0.0.1:4723
accept: */*

Response DefaultHttpResponse(decodeResult: success, version: HTTP/1.1)
HTTP/1.1 200 OK
X-Powered-By: Express
Content-Type: application/json; charset=utf-8
Content-Length: 90
ETag: W/"5a-SVzTdoqQsw2ztnbhgzn9TDJ+oVM"
Date: Sun, 06 Apr 2025 13:54:43 GMT
Connection: keep-alive
Keep-Alive: timeout=600

21:54:43.075 [AsyncHttpClient-1-2] DEBUG org.asynchttpclient.netty.channel.ChannelManager -- Adding key: http://127.0.0.1:4723 for channel [id: 0xd850032e, L:/127.0.0.1:49363 - R:/127.0.0.1:4723]
*********3rd party cookie Current URL: https://www.cathaybk.com.tw/cathaybk/personal/loan/calculator/mortgage-budget/
21:54:43.076 [Forwarding getCookies on session 9d505292-1662-4e03-b7da-959f22fa1c1e to remote] DEBUG org.asynchttpclient.netty.request.NettyRequestSender -- Using pooled Channel '[id: 0xd850032e, L:/127.0.0.1:49363 - R:/127.0.0.1:4723]' for 'GET' to 'http://127.0.0.1:4723/session/9d505292-1662-4e03-b7da-959f22fa1c1e/cookie'
21:54:43.076 [Forwarding getCookies on session 9d505292-1662-4e03-b7da-959f22fa1c1e to remote] DEBUG org.asynchttpclient.netty.request.NettyRequestSender -- Using open Channel [id: 0xd850032e, L:/127.0.0.1:49363 - R:/127.0.0.1:4723] for GET '/session/9d505292-1662-4e03-b7da-959f22fa1c1e/cookie'
21:54:43.094 [AsyncHttpClient-1-2] DEBUG org.asynchttpclient.netty.handler.HttpHandler -- 

Request DefaultFullHttpRequest(decodeResult: success, version: HTTP/1.1, content: EmptyByteBufBE)
GET /session/9d505292-1662-4e03-b7da-959f22fa1c1e/cookie HTTP/1.1
Cache-Control: no-cache
User-Agent: appium/8.3.0 (selenium/4.8.3 (java mac))
Content-Type: application/json; charset=utf-8
host: 127.0.0.1:4723
accept: */*

Response DefaultHttpResponse(decodeResult: success, version: HTTP/1.1)
HTTP/1.1 200 OK
X-Powered-By: Express
Content-Type: application/json; charset=utf-8
Content-Length: 4272
ETag: W/"10b0-g4UrFgJre8v5jP5jwcoRCzgPYbQ"
Date: Sun, 06 Apr 2025 13:54:43 GMT
Connection: keep-alive
Keep-Alive: timeout=600

21:54:43.094 [AsyncHttpClient-1-2] DEBUG org.asynchttpclient.netty.channel.ChannelManager -- Adding key: http://127.0.0.1:4723 for channel [id: 0xd850032e, L:/127.0.0.1:49363 - R:/127.0.0.1:4723]
*********Cookie: citrix_ns_id = AAE7m4fyZztsglcHAAAAADvLSubBRkGc__LEO6ELGaG0bRrxaUs5VJvomfRtXIpqOw==JYvyZw==G6KeacuxtGF5RnDaAuO-zisCvIo=
*********Cookie: ASP.NET_SessionId = ypoctomn0evgo4xa4jtdsva4
*********Cookie: _ss_pp_id = a9e1296750a490073fc1743918877891
*********Cookie: __lt__sid = 86b78904-2e8cb4ce
*********Cookie: _mg_ckp = eyJja1RrZERGIjoiIn0=
*********Cookie: cathaybk_new = 4bb3a3d8d4f078cfaa7badb04abb60df7ed08c3d037be7593e9c32d57ce56d7fc2c8d446
*********Cookie: __mguid_ = 1a0af19ea20345d4a0991d09e7901029
*********Cookie: FingerprintCookie = a83734ca5c2401a34f4ad325dff7c9ff
*********Cookie: shell#lang = en
*********Cookie: mbox = session#2dd730e66af24476aec9280964a22025#1743949543|PC#2dd730e66af24476aec9280964a22025.32_0#1807192483
*********Cookie: _td = 8b7160f2-98bf-4559-9c32-7606f97ccc8c
*********Cookie: _uetvid = adfc5f3012ee11f0b64ded9b0a0b037c
*********Cookie: usy46gabsosd = cubcsa_17439476767270.d12b2c34b803ffa2d5361113cf58e43e_7905
*********Cookie: _uetsid = adfc02b012ee11f09697439c5dd96b71
*********Cookie: _ga_T2T689XRGT = GS1.1.1743947677.1.1.1743947683.54.0.0
*********Cookie: AMCV_B877A5DB584931AC0A495EAA%40AdobeOrg = 1585540135%7CMCIDTS%7C20185%7CMCMID%7C76634984881607744481813236912097045278%7CMCAAMLH-1744552477%7C11%7CMCAAMB-1744552477%7C6G1ynYcLPuiQxYZrsz_pkqfLG9yMXBpb2zX5dvJdYQJzPXImdj0y%7CMCCIDH%7C1062709688%7CMCOPTOUT-1743954877s%7CNONE%7CMCSYNCSOP%7C411-20192%7CvVersion%7C4.4.0
*********Cookie: _ga = GA1.1.2044881319.1743947677
*********Cookie: _fbp = fb.2.1743947677865.602464792796249871
*********Cookie: at_check = true
*********Cookie: __lt__cid = 96be75fd-6f1d-49d6-9fbb-d35488450c2b
*********Cookie: _gcl_au = 1.1.1762103777.1743947677
*********Cookie: dv0qai26lg6v2y6kl7yyc36brextdp0ziap99v4n = rk7jdj5vas
*********Cookie: AMCVS_B877A5DB584931AC0A495EAA%40AdobeOrg = 1
21:54:43.095 [Forwarding getCurrentUrl on session 9d505292-1662-4e03-b7da-959f22fa1c1e to remote] DEBUG org.asynchttpclient.netty.request.NettyRequestSender -- Using pooled Channel '[id: 0xd850032e, L:/127.0.0.1:49363 - R:/127.0.0.1:4723]' for 'GET' to 'http://127.0.0.1:4723/session/9d505292-1662-4e03-b7da-959f22fa1c1e/url'
21:54:43.095 [Forwarding getCurrentUrl on session 9d505292-1662-4e03-b7da-959f22fa1c1e to remote] DEBUG org.asynchttpclient.netty.request.NettyRequestSender -- Using open Channel [id: 0xd850032e, L:/127.0.0.1:49363 - R:/127.0.0.1:4723] for GET '/session/9d505292-1662-4e03-b7da-959f22fa1c1e/url'
21:54:43.107 [AsyncHttpClient-1-2] DEBUG org.asynchttpclient.netty.handler.HttpHandler -- 

Request DefaultFullHttpRequest(decodeResult: success, version: HTTP/1.1, content: EmptyByteBufBE)
GET /session/9d505292-1662-4e03-b7da-959f22fa1c1e/url HTTP/1.1
Cache-Control: no-cache
User-Agent: appium/8.3.0 (selenium/4.8.3 (java mac))
Content-Type: application/json; charset=utf-8
host: 127.0.0.1:4723
accept: */*

Response DefaultHttpResponse(decodeResult: success, version: HTTP/1.1)
HTTP/1.1 200 OK
X-Powered-By: Express
Content-Type: application/json; charset=utf-8
Content-Length: 90
ETag: W/"5a-SVzTdoqQsw2ztnbhgzn9TDJ+oVM"
Date: Sun, 06 Apr 2025 13:54:43 GMT
Connection: keep-alive
Keep-Alive: timeout=600

21:54:43.108 [AsyncHttpClient-1-2] DEBUG org.asynchttpclient.netty.channel.ChannelManager -- Adding key: http://127.0.0.1:4723 for channel [id: 0xd850032e, L:/127.0.0.1:49363 - R:/127.0.0.1:4723]
21:54:43.108 [main] INFO com.cathay.test.tests.MortgageCalculatorTest -- 已開啟房貸試算頁面: https://www.cathaybk.com.tw/cathaybk/personal/loan/calculator/mortgage-budget/
21:54:43.108 [Forwarding findElement on session 9d505292-1662-4e03-b7da-959f22fa1c1e to remote] DEBUG org.asynchttpclient.netty.request.NettyRequestSender -- Using pooled Channel '[id: 0xd850032e, L:/127.0.0.1:49363 - R:/127.0.0.1:4723]' for 'POST' to 'http://127.0.0.1:4723/session/9d505292-1662-4e03-b7da-959f22fa1c1e/element'
21:54:43.108 [Forwarding findElement on session 9d505292-1662-4e03-b7da-959f22fa1c1e to remote] DEBUG org.asynchttpclient.netty.request.NettyRequestSender -- Using open Channel [id: 0xd850032e, L:/127.0.0.1:49363 - R:/127.0.0.1:4723] for POST '/session/9d505292-1662-4e03-b7da-959f22fa1c1e/element'
21:54:43.188 [AsyncHttpClient-1-2] DEBUG org.asynchttpclient.netty.handler.HttpHandler -- 

Request DefaultHttpRequest(decodeResult: success, version: HTTP/1.1)
POST /session/9d505292-1662-4e03-b7da-959f22fa1c1e/element HTTP/1.1
User-Agent: appium/8.3.0 (selenium/4.8.3 (java mac))
Content-Length: 64
Content-Type: application/json; charset=utf-8
host: 127.0.0.1:4723
accept: */*

Response DefaultHttpResponse(decodeResult: success, version: HTTP/1.1)
HTTP/1.1 200 OK
X-Powered-By: Express
Vary: X-HTTP-Method-Override
Content-Type: application/json; charset=utf-8
Content-Length: 215
ETag: W/"d7-LNSC3c09+vqLA2xLnZQeT0uKrU8"
Date: Sun, 06 Apr 2025 13:54:43 GMT
Connection: keep-alive
Keep-Alive: timeout=600

21:54:43.189 [AsyncHttpClient-1-2] DEBUG org.asynchttpclient.netty.channel.ChannelManager -- Adding key: http://127.0.0.1:4723 for channel [id: 0xd850032e, L:/127.0.0.1:49363 - R:/127.0.0.1:4723]
21:54:43.190 [Forwarding findChildElements on session 9d505292-1662-4e03-b7da-959f22fa1c1e to remote] DEBUG org.asynchttpclient.netty.request.NettyRequestSender -- Using pooled Channel '[id: 0xd850032e, L:/127.0.0.1:49363 - R:/127.0.0.1:4723]' for 'POST' to 'http://127.0.0.1:4723/session/9d505292-1662-4e03-b7da-959f22fa1c1e/element/f.09BF641F5805ED6A5007B9E87D61469D.d.777EDFA98D7557D72B5B8D92AD5D4E58.e.376/elements'
21:54:43.191 [Forwarding findChildElements on session 9d505292-1662-4e03-b7da-959f22fa1c1e to remote] DEBUG org.asynchttpclient.netty.request.NettyRequestSender -- Using open Channel [id: 0xd850032e, L:/127.0.0.1:49363 - R:/127.0.0.1:4723] for POST '/session/9d505292-1662-4e03-b7da-959f22fa1c1e/element/f.09BF641F5805ED6A5007B9E87D61469D.d.777EDFA98D7557D72B5B8D92AD5D4E58.e.376/elements'
21:54:43.219 [AsyncHttpClient-1-2] DEBUG org.asynchttpclient.netty.handler.HttpHandler -- 

Request DefaultHttpRequest(decodeResult: success, version: HTTP/1.1)
POST /session/9d505292-1662-4e03-b7da-959f22fa1c1e/element/f.09BF641F5805ED6A5007B9E87D61469D.d.777EDFA98D7557D72B5B8D92AD5D4E58.e.376/elements HTTP/1.1
User-Agent: appium/8.3.0 (selenium/4.8.3 (java mac))
Content-Length: 133
Content-Type: application/json; charset=utf-8
host: 127.0.0.1:4723
accept: */*

Response DefaultHttpResponse(decodeResult: success, version: HTTP/1.1)
HTTP/1.1 200 OK
X-Powered-By: Express
Vary: X-HTTP-Method-Override
Content-Type: application/json; charset=utf-8
Content-Length: 4543
ETag: W/"11bf-jnB15NfhJA8sR0PocnJV1ey5oYc"
Date: Sun, 06 Apr 2025 13:54:43 GMT
Connection: keep-alive
Keep-Alive: timeout=600

21:54:43.220 [AsyncHttpClient-1-2] DEBUG org.asynchttpclient.netty.channel.ChannelManager -- Adding key: http://127.0.0.1:4723 for channel [id: 0xd850032e, L:/127.0.0.1:49363 - R:/127.0.0.1:4723]
21:54:43.222 [Forwarding getElementText on session 9d505292-1662-4e03-b7da-959f22fa1c1e to remote] DEBUG org.asynchttpclient.netty.request.NettyRequestSender -- Using pooled Channel '[id: 0xd850032e, L:/127.0.0.1:49363 - R:/127.0.0.1:4723]' for 'GET' to 'http://127.0.0.1:4723/session/9d505292-1662-4e03-b7da-959f22fa1c1e/element/f.09BF641F5805ED6A5007B9E87D61469D.d.777EDFA98D7557D72B5B8D92AD5D4E58.e.397/text'
21:54:43.222 [Forwarding getElementText on session 9d505292-1662-4e03-b7da-959f22fa1c1e to remote] DEBUG org.asynchttpclient.netty.request.NettyRequestSender -- Using open Channel [id: 0xd850032e, L:/127.0.0.1:49363 - R:/127.0.0.1:4723] for GET '/session/9d505292-1662-4e03-b7da-959f22fa1c1e/element/f.09BF641F5805ED6A5007B9E87D61469D.d.777EDFA98D7557D72B5B8D92AD5D4E58.e.397/text'
21:54:43.254 [AsyncHttpClient-1-2] DEBUG org.asynchttpclient.netty.handler.HttpHandler -- 

Request DefaultFullHttpRequest(decodeResult: success, version: HTTP/1.1, content: EmptyByteBufBE)
GET /session/9d505292-1662-4e03-b7da-959f22fa1c1e/element/f.09BF641F5805ED6A5007B9E87D61469D.d.777EDFA98D7557D72B5B8D92AD5D4E58.e.397/text HTTP/1.1
Cache-Control: no-cache
User-Agent: appium/8.3.0 (selenium/4.8.3 (java mac))
Content-Type: application/json; charset=utf-8
host: 127.0.0.1:4723
accept: */*

Response DefaultHttpResponse(decodeResult: success, version: HTTP/1.1)
HTTP/1.1 200 OK
X-Powered-By: Express
Content-Type: application/json; charset=utf-8
Content-Length: 24
ETag: W/"18-34B2ApjykviQmAEdVkZ0RR0kj4A"
Date: Sun, 06 Apr 2025 13:54:43 GMT
Connection: keep-alive
Keep-Alive: timeout=600

21:54:43.255 [AsyncHttpClient-1-2] DEBUG org.asynchttpclient.netty.channel.ChannelManager -- Adding key: http://127.0.0.1:4723 for channel [id: 0xd850032e, L:/127.0.0.1:49363 - R:/127.0.0.1:4723]
21:54:43.256 [Forwarding getElementText on session 9d505292-1662-4e03-b7da-959f22fa1c1e to remote] DEBUG org.asynchttpclient.netty.request.NettyRequestSender -- Using pooled Channel '[id: 0xd850032e, L:/127.0.0.1:49363 - R:/127.0.0.1:4723]' for 'GET' to 'http://127.0.0.1:4723/session/9d505292-1662-4e03-b7da-959f22fa1c1e/element/f.09BF641F5805ED6A5007B9E87D61469D.d.777EDFA98D7557D72B5B8D92AD5D4E58.e.399/text'
21:54:43.256 [Forwarding getElementText on session 9d505292-1662-4e03-b7da-959f22fa1c1e to remote] DEBUG org.asynchttpclient.netty.request.NettyRequestSender -- Using open Channel [id: 0xd850032e, L:/127.0.0.1:49363 - R:/127.0.0.1:4723] for GET '/session/9d505292-1662-4e03-b7da-959f22fa1c1e/element/f.09BF641F5805ED6A5007B9E87D61469D.d.777EDFA98D7557D72B5B8D92AD5D4E58.e.399/text'
21:54:43.277 [AsyncHttpClient-1-2] DEBUG org.asynchttpclient.netty.handler.HttpHandler -- 

Request DefaultFullHttpRequest(decodeResult: success, version: HTTP/1.1, content: EmptyByteBufBE)
GET /session/9d505292-1662-4e03-b7da-959f22fa1c1e/element/f.09BF641F5805ED6A5007B9E87D61469D.d.777EDFA98D7557D72B5B8D92AD5D4E58.e.399/text HTTP/1.1
Cache-Control: no-cache
User-Agent: appium/8.3.0 (selenium/4.8.3 (java mac))
Content-Type: application/json; charset=utf-8
host: 127.0.0.1:4723
accept: */*

Response DefaultHttpResponse(decodeResult: success, version: HTTP/1.1)
HTTP/1.1 200 OK
X-Powered-By: Express
Content-Type: application/json; charset=utf-8
Content-Length: 21
ETag: W/"15-gdOUSt0v2le1jm9bsvhDrJxpQXg"
Date: Sun, 06 Apr 2025 13:54:43 GMT
Connection: keep-alive
Keep-Alive: timeout=600

21:54:43.277 [AsyncHttpClient-1-2] DEBUG org.asynchttpclient.netty.channel.ChannelManager -- Adding key: http://127.0.0.1:4723 for channel [id: 0xd850032e, L:/127.0.0.1:49363 - R:/127.0.0.1:4723]
21:54:43.278 [Forwarding getElementText on session 9d505292-1662-4e03-b7da-959f22fa1c1e to remote] DEBUG org.asynchttpclient.netty.request.NettyRequestSender -- Using pooled Channel '[id: 0xd850032e, L:/127.0.0.1:49363 - R:/127.0.0.1:4723]' for 'GET' to 'http://127.0.0.1:4723/session/9d505292-1662-4e03-b7da-959f22fa1c1e/element/f.09BF641F5805ED6A5007B9E87D61469D.d.777EDFA98D7557D72B5B8D92AD5D4E58.e.401/text'
21:54:43.278 [Forwarding getElementText on session 9d505292-1662-4e03-b7da-959f22fa1c1e to remote] DEBUG org.asynchttpclient.netty.request.NettyRequestSender -- Using open Channel [id: 0xd850032e, L:/127.0.0.1:49363 - R:/127.0.0.1:4723] for GET '/session/9d505292-1662-4e03-b7da-959f22fa1c1e/element/f.09BF641F5805ED6A5007B9E87D61469D.d.777EDFA98D7557D72B5B8D92AD5D4E58.e.401/text'
21:54:43.299 [AsyncHttpClient-1-2] DEBUG org.asynchttpclient.netty.handler.HttpHandler -- 

Request DefaultFullHttpRequest(decodeResult: success, version: HTTP/1.1, content: EmptyByteBufBE)
GET /session/9d505292-1662-4e03-b7da-959f22fa1c1e/element/f.09BF641F5805ED6A5007B9E87D61469D.d.777EDFA98D7557D72B5B8D92AD5D4E58.e.401/text HTTP/1.1
Cache-Control: no-cache
User-Agent: appium/8.3.0 (selenium/4.8.3 (java mac))
Content-Type: application/json; charset=utf-8
host: 127.0.0.1:4723
accept: */*

Response DefaultHttpResponse(decodeResult: success, version: HTTP/1.1)
HTTP/1.1 200 OK
X-Powered-By: Express
Content-Type: application/json; charset=utf-8
Content-Length: 21
ETag: W/"15-/cR/FBEelP/iUakxqnxrJBpmmmY"
Date: Sun, 06 Apr 2025 13:54:43 GMT
Connection: keep-alive
Keep-Alive: timeout=600

21:54:43.299 [AsyncHttpClient-1-2] DEBUG org.asynchttpclient.netty.channel.ChannelManager -- Adding key: http://127.0.0.1:4723 for channel [id: 0xd850032e, L:/127.0.0.1:49363 - R:/127.0.0.1:4723]
21:54:43.300 [Forwarding getElementText on session 9d505292-1662-4e03-b7da-959f22fa1c1e to remote] DEBUG org.asynchttpclient.netty.request.NettyRequestSender -- Using pooled Channel '[id: 0xd850032e, L:/127.0.0.1:49363 - R:/127.0.0.1:4723]' for 'GET' to 'http://127.0.0.1:4723/session/9d505292-1662-4e03-b7da-959f22fa1c1e/element/f.09BF641F5805ED6A5007B9E87D61469D.d.777EDFA98D7557D72B5B8D92AD5D4E58.e.403/text'
21:54:43.300 [Forwarding getElementText on session 9d505292-1662-4e03-b7da-959f22fa1c1e to remote] DEBUG org.asynchttpclient.netty.request.NettyRequestSender -- Using open Channel [id: 0xd850032e, L:/127.0.0.1:49363 - R:/127.0.0.1:4723] for GET '/session/9d505292-1662-4e03-b7da-959f22fa1c1e/element/f.09BF641F5805ED6A5007B9E87D61469D.d.777EDFA98D7557D72B5B8D92AD5D4E58.e.403/text'
21:54:43.320 [AsyncHttpClient-1-2] DEBUG org.asynchttpclient.netty.handler.HttpHandler -- 

Request DefaultFullHttpRequest(decodeResult: success, version: HTTP/1.1, content: EmptyByteBufBE)
GET /session/9d505292-1662-4e03-b7da-959f22fa1c1e/element/f.09BF641F5805ED6A5007B9E87D61469D.d.777EDFA98D7557D72B5B8D92AD5D4E58.e.403/text HTTP/1.1
Cache-Control: no-cache
User-Agent: appium/8.3.0 (selenium/4.8.3 (java mac))
Content-Type: application/json; charset=utf-8
host: 127.0.0.1:4723
accept: */*

Response DefaultHttpResponse(decodeResult: success, version: HTTP/1.1)
HTTP/1.1 200 OK
X-Powered-By: Express
Content-Type: application/json; charset=utf-8
Content-Length: 21
ETag: W/"15-JmIPFasGZx12eTVmEimFqkvPHwQ"
Date: Sun, 06 Apr 2025 13:54:43 GMT
Connection: keep-alive
Keep-Alive: timeout=600

21:54:43.320 [AsyncHttpClient-1-2] DEBUG org.asynchttpclient.netty.channel.ChannelManager -- Adding key: http://127.0.0.1:4723 for channel [id: 0xd850032e, L:/127.0.0.1:49363 - R:/127.0.0.1:4723]
21:54:43.321 [Forwarding getElementText on session 9d505292-1662-4e03-b7da-959f22fa1c1e to remote] DEBUG org.asynchttpclient.netty.request.NettyRequestSender -- Using pooled Channel '[id: 0xd850032e, L:/127.0.0.1:49363 - R:/127.0.0.1:4723]' for 'GET' to 'http://127.0.0.1:4723/session/9d505292-1662-4e03-b7da-959f22fa1c1e/element/f.09BF641F5805ED6A5007B9E87D61469D.d.777EDFA98D7557D72B5B8D92AD5D4E58.e.405/text'
21:54:43.321 [Forwarding getElementText on session 9d505292-1662-4e03-b7da-959f22fa1c1e to remote] DEBUG org.asynchttpclient.netty.request.NettyRequestSender -- Using open Channel [id: 0xd850032e, L:/127.0.0.1:49363 - R:/127.0.0.1:4723] for GET '/session/9d505292-1662-4e03-b7da-959f22fa1c1e/element/f.09BF641F5805ED6A5007B9E87D61469D.d.777EDFA98D7557D72B5B8D92AD5D4E58.e.405/text'
21:54:43.343 [AsyncHttpClient-1-2] DEBUG org.asynchttpclient.netty.handler.HttpHandler -- 

Request DefaultFullHttpRequest(decodeResult: success, version: HTTP/1.1, content: EmptyByteBufBE)
GET /session/9d505292-1662-4e03-b7da-959f22fa1c1e/element/f.09BF641F5805ED6A5007B9E87D61469D.d.777EDFA98D7557D72B5B8D92AD5D4E58.e.405/text HTTP/1.1
Cache-Control: no-cache
User-Agent: appium/8.3.0 (selenium/4.8.3 (java mac))
Content-Type: application/json; charset=utf-8
host: 127.0.0.1:4723
accept: */*

Response DefaultHttpResponse(decodeResult: success, version: HTTP/1.1)
HTTP/1.1 200 OK
X-Powered-By: Express
Content-Type: application/json; charset=utf-8
Content-Length: 21
ETag: W/"15-7v0ZGkFDhvmSePtq+NMLn9HKFZ0"
Date: Sun, 06 Apr 2025 13:54:43 GMT
Connection: keep-alive
Keep-Alive: timeout=600

21:54:43.343 [AsyncHttpClient-1-2] DEBUG org.asynchttpclient.netty.channel.ChannelManager -- Adding key: http://127.0.0.1:4723 for channel [id: 0xd850032e, L:/127.0.0.1:49363 - R:/127.0.0.1:4723]
21:54:43.344 [Forwarding getElementText on session 9d505292-1662-4e03-b7da-959f22fa1c1e to remote] DEBUG org.asynchttpclient.netty.request.NettyRequestSender -- Using pooled Channel '[id: 0xd850032e, L:/127.0.0.1:49363 - R:/127.0.0.1:4723]' for 'GET' to 'http://127.0.0.1:4723/session/9d505292-1662-4e03-b7da-959f22fa1c1e/element/f.09BF641F5805ED6A5007B9E87D61469D.d.777EDFA98D7557D72B5B8D92AD5D4E58.e.407/text'
21:54:43.344 [Forwarding getElementText on session 9d505292-1662-4e03-b7da-959f22fa1c1e to remote] DEBUG org.asynchttpclient.netty.request.NettyRequestSender -- Using open Channel [id: 0xd850032e, L:/127.0.0.1:49363 - R:/127.0.0.1:4723] for GET '/session/9d505292-1662-4e03-b7da-959f22fa1c1e/element/f.09BF641F5805ED6A5007B9E87D61469D.d.777EDFA98D7557D72B5B8D92AD5D4E58.e.407/text'
21:54:43.364 [AsyncHttpClient-1-2] DEBUG org.asynchttpclient.netty.handler.HttpHandler -- 

Request DefaultFullHttpRequest(decodeResult: success, version: HTTP/1.1, content: EmptyByteBufBE)
GET /session/9d505292-1662-4e03-b7da-959f22fa1c1e/element/f.09BF641F5805ED6A5007B9E87D61469D.d.777EDFA98D7557D72B5B8D92AD5D4E58.e.407/text HTTP/1.1
Cache-Control: no-cache
User-Agent: appium/8.3.0 (selenium/4.8.3 (java mac))
Content-Type: application/json; charset=utf-8
host: 127.0.0.1:4723
accept: */*

Response DefaultHttpResponse(decodeResult: success, version: HTTP/1.1)
HTTP/1.1 200 OK
X-Powered-By: Express
Content-Type: application/json; charset=utf-8
Content-Length: 21
ETag: W/"15-5TeNTaKxhMTVqWfdZoPDr1mXrUI"
Date: Sun, 06 Apr 2025 13:54:43 GMT
Connection: keep-alive
Keep-Alive: timeout=600

21:54:43.364 [AsyncHttpClient-1-2] DEBUG org.asynchttpclient.netty.channel.ChannelManager -- Adding key: http://127.0.0.1:4723 for channel [id: 0xd850032e, L:/127.0.0.1:49363 - R:/127.0.0.1:4723]
21:54:43.366 [Forwarding getElementText on session 9d505292-1662-4e03-b7da-959f22fa1c1e to remote] DEBUG org.asynchttpclient.netty.request.NettyRequestSender -- Using pooled Channel '[id: 0xd850032e, L:/127.0.0.1:49363 - R:/127.0.0.1:4723]' for 'GET' to 'http://127.0.0.1:4723/session/9d505292-1662-4e03-b7da-959f22fa1c1e/element/f.09BF641F5805ED6A5007B9E87D61469D.d.777EDFA98D7557D72B5B8D92AD5D4E58.e.409/text'
21:54:43.366 [Forwarding getElementText on session 9d505292-1662-4e03-b7da-959f22fa1c1e to remote] DEBUG org.asynchttpclient.netty.request.NettyRequestSender -- Using open Channel [id: 0xd850032e, L:/127.0.0.1:49363 - R:/127.0.0.1:4723] for GET '/session/9d505292-1662-4e03-b7da-959f22fa1c1e/element/f.09BF641F5805ED6A5007B9E87D61469D.d.777EDFA98D7557D72B5B8D92AD5D4E58.e.409/text'
21:54:43.386 [AsyncHttpClient-1-2] DEBUG org.asynchttpclient.netty.handler.HttpHandler -- 

Request DefaultFullHttpRequest(decodeResult: success, version: HTTP/1.1, content: EmptyByteBufBE)
GET /session/9d505292-1662-4e03-b7da-959f22fa1c1e/element/f.09BF641F5805ED6A5007B9E87D61469D.d.777EDFA98D7557D72B5B8D92AD5D4E58.e.409/text HTTP/1.1
Cache-Control: no-cache
User-Agent: appium/8.3.0 (selenium/4.8.3 (java mac))
Content-Type: application/json; charset=utf-8
host: 127.0.0.1:4723
accept: */*

Response DefaultHttpResponse(decodeResult: success, version: HTTP/1.1)
HTTP/1.1 200 OK
X-Powered-By: Express
Content-Type: application/json; charset=utf-8
Content-Length: 21
ETag: W/"15-u6XB9XUm79qJcxE1TzDfDPRujrQ"
Date: Sun, 06 Apr 2025 13:54:43 GMT
Connection: keep-alive
Keep-Alive: timeout=600

21:54:43.386 [AsyncHttpClient-1-2] DEBUG org.asynchttpclient.netty.channel.ChannelManager -- Adding key: http://127.0.0.1:4723 for channel [id: 0xd850032e, L:/127.0.0.1:49363 - R:/127.0.0.1:4723]
21:54:43.387 [Forwarding getElementText on session 9d505292-1662-4e03-b7da-959f22fa1c1e to remote] DEBUG org.asynchttpclient.netty.request.NettyRequestSender -- Using pooled Channel '[id: 0xd850032e, L:/127.0.0.1:49363 - R:/127.0.0.1:4723]' for 'GET' to 'http://127.0.0.1:4723/session/9d505292-1662-4e03-b7da-959f22fa1c1e/element/f.09BF641F5805ED6A5007B9E87D61469D.d.777EDFA98D7557D72B5B8D92AD5D4E58.e.411/text'
21:54:43.387 [Forwarding getElementText on session 9d505292-1662-4e03-b7da-959f22fa1c1e to remote] DEBUG org.asynchttpclient.netty.request.NettyRequestSender -- Using open Channel [id: 0xd850032e, L:/127.0.0.1:49363 - R:/127.0.0.1:4723] for GET '/session/9d505292-1662-4e03-b7da-959f22fa1c1e/element/f.09BF641F5805ED6A5007B9E87D61469D.d.777EDFA98D7557D72B5B8D92AD5D4E58.e.411/text'
21:54:43.406 [AsyncHttpClient-1-2] DEBUG org.asynchttpclient.netty.handler.HttpHandler -- 

Request DefaultFullHttpRequest(decodeResult: success, version: HTTP/1.1, content: EmptyByteBufBE)
GET /session/9d505292-1662-4e03-b7da-959f22fa1c1e/element/f.09BF641F5805ED6A5007B9E87D61469D.d.777EDFA98D7557D72B5B8D92AD5D4E58.e.411/text HTTP/1.1
Cache-Control: no-cache
User-Agent: appium/8.3.0 (selenium/4.8.3 (java mac))
Content-Type: application/json; charset=utf-8
host: 127.0.0.1:4723
accept: */*

Response DefaultHttpResponse(decodeResult: success, version: HTTP/1.1)
HTTP/1.1 200 OK
X-Powered-By: Express
Content-Type: application/json; charset=utf-8
Content-Length: 21
ETag: W/"15-CGEsJamu+qjO7IpOVn91sAHJjIM"
Date: Sun, 06 Apr 2025 13:54:43 GMT
Connection: keep-alive
Keep-Alive: timeout=600

21:54:43.407 [AsyncHttpClient-1-2] DEBUG org.asynchttpclient.netty.channel.ChannelManager -- Adding key: http://127.0.0.1:4723 for channel [id: 0xd850032e, L:/127.0.0.1:49363 - R:/127.0.0.1:4723]
21:54:43.407 [Forwarding getElementText on session 9d505292-1662-4e03-b7da-959f22fa1c1e to remote] DEBUG org.asynchttpclient.netty.request.NettyRequestSender -- Using pooled Channel '[id: 0xd850032e, L:/127.0.0.1:49363 - R:/127.0.0.1:4723]' for 'GET' to 'http://127.0.0.1:4723/session/9d505292-1662-4e03-b7da-959f22fa1c1e/element/f.09BF641F5805ED6A5007B9E87D61469D.d.777EDFA98D7557D72B5B8D92AD5D4E58.e.413/text'
21:54:43.407 [Forwarding getElementText on session 9d505292-1662-4e03-b7da-959f22fa1c1e to remote] DEBUG org.asynchttpclient.netty.request.NettyRequestSender -- Using open Channel [id: 0xd850032e, L:/127.0.0.1:49363 - R:/127.0.0.1:4723] for GET '/session/9d505292-1662-4e03-b7da-959f22fa1c1e/element/f.09BF641F5805ED6A5007B9E87D61469D.d.777EDFA98D7557D72B5B8D92AD5D4E58.e.413/text'
21:54:43.428 [AsyncHttpClient-1-2] DEBUG org.asynchttpclient.netty.handler.HttpHandler -- 

Request DefaultFullHttpRequest(decodeResult: success, version: HTTP/1.1, content: EmptyByteBufBE)
GET /session/9d505292-1662-4e03-b7da-959f22fa1c1e/element/f.09BF641F5805ED6A5007B9E87D61469D.d.777EDFA98D7557D72B5B8D92AD5D4E58.e.413/text HTTP/1.1
Cache-Control: no-cache
User-Agent: appium/8.3.0 (selenium/4.8.3 (java mac))
Content-Type: application/json; charset=utf-8
host: 127.0.0.1:4723
accept: */*

Response DefaultHttpResponse(decodeResult: success, version: HTTP/1.1)
HTTP/1.1 200 OK
X-Powered-By: Express
Content-Type: application/json; charset=utf-8
Content-Length: 21
ETag: W/"15-tlSn6cBB9Dr+iGr/jDCMA2vPXSU"
Date: Sun, 06 Apr 2025 13:54:43 GMT
Connection: keep-alive
Keep-Alive: timeout=600

21:54:43.428 [AsyncHttpClient-1-2] DEBUG org.asynchttpclient.netty.channel.ChannelManager -- Adding key: http://127.0.0.1:4723 for channel [id: 0xd850032e, L:/127.0.0.1:49363 - R:/127.0.0.1:4723]
21:54:43.429 [Forwarding getElementText on session 9d505292-1662-4e03-b7da-959f22fa1c1e to remote] DEBUG org.asynchttpclient.netty.request.NettyRequestSender -- Using pooled Channel '[id: 0xd850032e, L:/127.0.0.1:49363 - R:/127.0.0.1:4723]' for 'GET' to 'http://127.0.0.1:4723/session/9d505292-1662-4e03-b7da-959f22fa1c1e/element/f.09BF641F5805ED6A5007B9E87D61469D.d.777EDFA98D7557D72B5B8D92AD5D4E58.e.415/text'
21:54:43.429 [Forwarding getElementText on session 9d505292-1662-4e03-b7da-959f22fa1c1e to remote] DEBUG org.asynchttpclient.netty.request.NettyRequestSender -- Using open Channel [id: 0xd850032e, L:/127.0.0.1:49363 - R:/127.0.0.1:4723] for GET '/session/9d505292-1662-4e03-b7da-959f22fa1c1e/element/f.09BF641F5805ED6A5007B9E87D61469D.d.777EDFA98D7557D72B5B8D92AD5D4E58.e.415/text'
21:54:43.450 [AsyncHttpClient-1-2] DEBUG org.asynchttpclient.netty.handler.HttpHandler -- 

Request DefaultFullHttpRequest(decodeResult: success, version: HTTP/1.1, content: EmptyByteBufBE)
GET /session/9d505292-1662-4e03-b7da-959f22fa1c1e/element/f.09BF641F5805ED6A5007B9E87D61469D.d.777EDFA98D7557D72B5B8D92AD5D4E58.e.415/text HTTP/1.1
Cache-Control: no-cache
User-Agent: appium/8.3.0 (selenium/4.8.3 (java mac))
Content-Type: application/json; charset=utf-8
host: 127.0.0.1:4723
accept: */*

Response DefaultHttpResponse(decodeResult: success, version: HTTP/1.1)
HTTP/1.1 200 OK
X-Powered-By: Express
Content-Type: application/json; charset=utf-8
Content-Length: 21
ETag: W/"15-fB52n+5TkUdRc8P7pA+tpPSfMk8"
Date: Sun, 06 Apr 2025 13:54:43 GMT
Connection: keep-alive
Keep-Alive: timeout=600

21:54:43.450 [AsyncHttpClient-1-2] DEBUG org.asynchttpclient.netty.channel.ChannelManager -- Adding key: http://127.0.0.1:4723 for channel [id: 0xd850032e, L:/127.0.0.1:49363 - R:/127.0.0.1:4723]
21:54:43.451 [Forwarding getElementText on session 9d505292-1662-4e03-b7da-959f22fa1c1e to remote] DEBUG org.asynchttpclient.netty.request.NettyRequestSender -- Using pooled Channel '[id: 0xd850032e, L:/127.0.0.1:49363 - R:/127.0.0.1:4723]' for 'GET' to 'http://127.0.0.1:4723/session/9d505292-1662-4e03-b7da-959f22fa1c1e/element/f.09BF641F5805ED6A5007B9E87D61469D.d.777EDFA98D7557D72B5B8D92AD5D4E58.e.417/text'
21:54:43.451 [Forwarding getElementText on session 9d505292-1662-4e03-b7da-959f22fa1c1e to remote] DEBUG org.asynchttpclient.netty.request.NettyRequestSender -- Using open Channel [id: 0xd850032e, L:/127.0.0.1:49363 - R:/127.0.0.1:4723] for GET '/session/9d505292-1662-4e03-b7da-959f22fa1c1e/element/f.09BF641F5805ED6A5007B9E87D61469D.d.777EDFA98D7557D72B5B8D92AD5D4E58.e.417/text'
21:54:43.471 [AsyncHttpClient-1-2] DEBUG org.asynchttpclient.netty.handler.HttpHandler -- 

Request DefaultFullHttpRequest(decodeResult: success, version: HTTP/1.1, content: EmptyByteBufBE)
GET /session/9d505292-1662-4e03-b7da-959f22fa1c1e/element/f.09BF641F5805ED6A5007B9E87D61469D.d.777EDFA98D7557D72B5B8D92AD5D4E58.e.417/text HTTP/1.1
Cache-Control: no-cache
User-Agent: appium/8.3.0 (selenium/4.8.3 (java mac))
Content-Type: application/json; charset=utf-8
host: 127.0.0.1:4723
accept: */*

Response DefaultHttpResponse(decodeResult: success, version: HTTP/1.1)
HTTP/1.1 200 OK
X-Powered-By: Express
Content-Type: application/json; charset=utf-8
Content-Length: 21
ETag: W/"15-nDQaAVTrCWvamZknlDlIWP2WWH0"
Date: Sun, 06 Apr 2025 13:54:43 GMT
Connection: keep-alive
Keep-Alive: timeout=600

21:54:43.471 [AsyncHttpClient-1-2] DEBUG org.asynchttpclient.netty.channel.ChannelManager -- Adding key: http://127.0.0.1:4723 for channel [id: 0xd850032e, L:/127.0.0.1:49363 - R:/127.0.0.1:4723]
21:54:43.472 [Forwarding getElementText on session 9d505292-1662-4e03-b7da-959f22fa1c1e to remote] DEBUG org.asynchttpclient.netty.request.NettyRequestSender -- Using pooled Channel '[id: 0xd850032e, L:/127.0.0.1:49363 - R:/127.0.0.1:4723]' for 'GET' to 'http://127.0.0.1:4723/session/9d505292-1662-4e03-b7da-959f22fa1c1e/element/f.09BF641F5805ED6A5007B9E87D61469D.d.777EDFA98D7557D72B5B8D92AD5D4E58.e.419/text'
21:54:43.472 [Forwarding getElementText on session 9d505292-1662-4e03-b7da-959f22fa1c1e to remote] DEBUG org.asynchttpclient.netty.request.NettyRequestSender -- Using open Channel [id: 0xd850032e, L:/127.0.0.1:49363 - R:/127.0.0.1:4723] for GET '/session/9d505292-1662-4e03-b7da-959f22fa1c1e/element/f.09BF641F5805ED6A5007B9E87D61469D.d.777EDFA98D7557D72B5B8D92AD5D4E58.e.419/text'
21:54:43.490 [AsyncHttpClient-1-2] DEBUG org.asynchttpclient.netty.handler.HttpHandler -- 

Request DefaultFullHttpRequest(decodeResult: success, version: HTTP/1.1, content: EmptyByteBufBE)
GET /session/9d505292-1662-4e03-b7da-959f22fa1c1e/element/f.09BF641F5805ED6A5007B9E87D61469D.d.777EDFA98D7557D72B5B8D92AD5D4E58.e.419/text HTTP/1.1
Cache-Control: no-cache
User-Agent: appium/8.3.0 (selenium/4.8.3 (java mac))
Content-Type: application/json; charset=utf-8
host: 127.0.0.1:4723
accept: */*

Response DefaultHttpResponse(decodeResult: success, version: HTTP/1.1)
HTTP/1.1 200 OK
X-Powered-By: Express
Content-Type: application/json; charset=utf-8
Content-Length: 21
ETag: W/"15-4wRbiuXXJRdlHVRkVV/HPriaRTo"
Date: Sun, 06 Apr 2025 13:54:43 GMT
Connection: keep-alive
Keep-Alive: timeout=600

21:54:43.491 [AsyncHttpClient-1-2] DEBUG org.asynchttpclient.netty.channel.ChannelManager -- Adding key: http://127.0.0.1:4723 for channel [id: 0xd850032e, L:/127.0.0.1:49363 - R:/127.0.0.1:4723]
21:54:43.491 [Forwarding getElementText on session 9d505292-1662-4e03-b7da-959f22fa1c1e to remote] DEBUG org.asynchttpclient.netty.request.NettyRequestSender -- Using pooled Channel '[id: 0xd850032e, L:/127.0.0.1:49363 - R:/127.0.0.1:4723]' for 'GET' to 'http://127.0.0.1:4723/session/9d505292-1662-4e03-b7da-959f22fa1c1e/element/f.09BF641F5805ED6A5007B9E87D61469D.d.777EDFA98D7557D72B5B8D92AD5D4E58.e.421/text'
21:54:43.491 [Forwarding getElementText on session 9d505292-1662-4e03-b7da-959f22fa1c1e to remote] DEBUG org.asynchttpclient.netty.request.NettyRequestSender -- Using open Channel [id: 0xd850032e, L:/127.0.0.1:49363 - R:/127.0.0.1:4723] for GET '/session/9d505292-1662-4e03-b7da-959f22fa1c1e/element/f.09BF641F5805ED6A5007B9E87D61469D.d.777EDFA98D7557D72B5B8D92AD5D4E58.e.421/text'
21:54:43.511 [AsyncHttpClient-1-2] DEBUG org.asynchttpclient.netty.handler.HttpHandler -- 

Request DefaultFullHttpRequest(decodeResult: success, version: HTTP/1.1, content: EmptyByteBufBE)
GET /session/9d505292-1662-4e03-b7da-959f22fa1c1e/element/f.09BF641F5805ED6A5007B9E87D61469D.d.777EDFA98D7557D72B5B8D92AD5D4E58.e.421/text HTTP/1.1
Cache-Control: no-cache
User-Agent: appium/8.3.0 (selenium/4.8.3 (java mac))
Content-Type: application/json; charset=utf-8
host: 127.0.0.1:4723
accept: */*

Response DefaultHttpResponse(decodeResult: success, version: HTTP/1.1)
HTTP/1.1 200 OK
X-Powered-By: Express
Content-Type: application/json; charset=utf-8
Content-Length: 21
ETag: W/"15-pO0U1S0V/PtFXyvX/10MDgq/W6Q"
Date: Sun, 06 Apr 2025 13:54:43 GMT
Connection: keep-alive
Keep-Alive: timeout=600

21:54:43.511 [AsyncHttpClient-1-2] DEBUG org.asynchttpclient.netty.channel.ChannelManager -- Adding key: http://127.0.0.1:4723 for channel [id: 0xd850032e, L:/127.0.0.1:49363 - R:/127.0.0.1:4723]
21:54:43.511 [Forwarding getElementText on session 9d505292-1662-4e03-b7da-959f22fa1c1e to remote] DEBUG org.asynchttpclient.netty.request.NettyRequestSender -- Using pooled Channel '[id: 0xd850032e, L:/127.0.0.1:49363 - R:/127.0.0.1:4723]' for 'GET' to 'http://127.0.0.1:4723/session/9d505292-1662-4e03-b7da-959f22fa1c1e/element/f.09BF641F5805ED6A5007B9E87D61469D.d.777EDFA98D7557D72B5B8D92AD5D4E58.e.423/text'
21:54:43.511 [Forwarding getElementText on session 9d505292-1662-4e03-b7da-959f22fa1c1e to remote] DEBUG org.asynchttpclient.netty.request.NettyRequestSender -- Using open Channel [id: 0xd850032e, L:/127.0.0.1:49363 - R:/127.0.0.1:4723] for GET '/session/9d505292-1662-4e03-b7da-959f22fa1c1e/element/f.09BF641F5805ED6A5007B9E87D61469D.d.777EDFA98D7557D72B5B8D92AD5D4E58.e.423/text'
21:54:43.530 [AsyncHttpClient-1-2] DEBUG org.asynchttpclient.netty.handler.HttpHandler -- 

Request DefaultFullHttpRequest(decodeResult: success, version: HTTP/1.1, content: EmptyByteBufBE)
GET /session/9d505292-1662-4e03-b7da-959f22fa1c1e/element/f.09BF641F5805ED6A5007B9E87D61469D.d.777EDFA98D7557D72B5B8D92AD5D4E58.e.423/text HTTP/1.1
Cache-Control: no-cache
User-Agent: appium/8.3.0 (selenium/4.8.3 (java mac))
Content-Type: application/json; charset=utf-8
host: 127.0.0.1:4723
accept: */*

Response DefaultHttpResponse(decodeResult: success, version: HTTP/1.1)
HTTP/1.1 200 OK
X-Powered-By: Express
Content-Type: application/json; charset=utf-8
Content-Length: 21
ETag: W/"15-5+E7HtmhfuduBL7kN8ZhHluyoqI"
Date: Sun, 06 Apr 2025 13:54:43 GMT
Connection: keep-alive
Keep-Alive: timeout=600

21:54:43.531 [AsyncHttpClient-1-2] DEBUG org.asynchttpclient.netty.channel.ChannelManager -- Adding key: http://127.0.0.1:4723 for channel [id: 0xd850032e, L:/127.0.0.1:49363 - R:/127.0.0.1:4723]
21:54:43.531 [Forwarding getElementText on session 9d505292-1662-4e03-b7da-959f22fa1c1e to remote] DEBUG org.asynchttpclient.netty.request.NettyRequestSender -- Using pooled Channel '[id: 0xd850032e, L:/127.0.0.1:49363 - R:/127.0.0.1:4723]' for 'GET' to 'http://127.0.0.1:4723/session/9d505292-1662-4e03-b7da-959f22fa1c1e/element/f.09BF641F5805ED6A5007B9E87D61469D.d.777EDFA98D7557D72B5B8D92AD5D4E58.e.425/text'
21:54:43.531 [Forwarding getElementText on session 9d505292-1662-4e03-b7da-959f22fa1c1e to remote] DEBUG org.asynchttpclient.netty.request.NettyRequestSender -- Using open Channel [id: 0xd850032e, L:/127.0.0.1:49363 - R:/127.0.0.1:4723] for GET '/session/9d505292-1662-4e03-b7da-959f22fa1c1e/element/f.09BF641F5805ED6A5007B9E87D61469D.d.777EDFA98D7557D72B5B8D92AD5D4E58.e.425/text'
21:54:43.551 [AsyncHttpClient-1-2] DEBUG org.asynchttpclient.netty.handler.HttpHandler -- 

Request DefaultFullHttpRequest(decodeResult: success, version: HTTP/1.1, content: EmptyByteBufBE)
GET /session/9d505292-1662-4e03-b7da-959f22fa1c1e/element/f.09BF641F5805ED6A5007B9E87D61469D.d.777EDFA98D7557D72B5B8D92AD5D4E58.e.425/text HTTP/1.1
Cache-Control: no-cache
User-Agent: appium/8.3.0 (selenium/4.8.3 (java mac))
Content-Type: application/json; charset=utf-8
host: 127.0.0.1:4723
accept: */*

Response DefaultHttpResponse(decodeResult: success, version: HTTP/1.1)
HTTP/1.1 200 OK
X-Powered-By: Express
Content-Type: application/json; charset=utf-8
Content-Length: 21
ETag: W/"15-9ErFL0ratj4DaMEawo4+sgVTcE0"
Date: Sun, 06 Apr 2025 13:54:43 GMT
Connection: keep-alive
Keep-Alive: timeout=600

21:54:43.551 [AsyncHttpClient-1-2] DEBUG org.asynchttpclient.netty.channel.ChannelManager -- Adding key: http://127.0.0.1:4723 for channel [id: 0xd850032e, L:/127.0.0.1:49363 - R:/127.0.0.1:4723]
21:54:43.551 [Forwarding getElementText on session 9d505292-1662-4e03-b7da-959f22fa1c1e to remote] DEBUG org.asynchttpclient.netty.request.NettyRequestSender -- Using pooled Channel '[id: 0xd850032e, L:/127.0.0.1:49363 - R:/127.0.0.1:4723]' for 'GET' to 'http://127.0.0.1:4723/session/9d505292-1662-4e03-b7da-959f22fa1c1e/element/f.09BF641F5805ED6A5007B9E87D61469D.d.777EDFA98D7557D72B5B8D92AD5D4E58.e.427/text'
21:54:43.551 [Forwarding getElementText on session 9d505292-1662-4e03-b7da-959f22fa1c1e to remote] DEBUG org.asynchttpclient.netty.request.NettyRequestSender -- Using open Channel [id: 0xd850032e, L:/127.0.0.1:49363 - R:/127.0.0.1:4723] for GET '/session/9d505292-1662-4e03-b7da-959f22fa1c1e/element/f.09BF641F5805ED6A5007B9E87D61469D.d.777EDFA98D7557D72B5B8D92AD5D4E58.e.427/text'
21:54:43.572 [AsyncHttpClient-1-2] DEBUG org.asynchttpclient.netty.handler.HttpHandler -- 

Request DefaultFullHttpRequest(decodeResult: success, version: HTTP/1.1, content: EmptyByteBufBE)
GET /session/9d505292-1662-4e03-b7da-959f22fa1c1e/element/f.09BF641F5805ED6A5007B9E87D61469D.d.777EDFA98D7557D72B5B8D92AD5D4E58.e.427/text HTTP/1.1
Cache-Control: no-cache
User-Agent: appium/8.3.0 (selenium/4.8.3 (java mac))
Content-Type: application/json; charset=utf-8
host: 127.0.0.1:4723
accept: */*

Response DefaultHttpResponse(decodeResult: success, version: HTTP/1.1)
HTTP/1.1 200 OK
X-Powered-By: Express
Content-Type: application/json; charset=utf-8
Content-Length: 21
ETag: W/"15-dD7r66kpXV2zrQd9q+FuVJjG5JQ"
Date: Sun, 06 Apr 2025 13:54:43 GMT
Connection: keep-alive
Keep-Alive: timeout=600

21:54:43.572 [AsyncHttpClient-1-2] DEBUG org.asynchttpclient.netty.channel.ChannelManager -- Adding key: http://127.0.0.1:4723 for channel [id: 0xd850032e, L:/127.0.0.1:49363 - R:/127.0.0.1:4723]
21:54:43.573 [Forwarding getElementText on session 9d505292-1662-4e03-b7da-959f22fa1c1e to remote] DEBUG org.asynchttpclient.netty.request.NettyRequestSender -- Using pooled Channel '[id: 0xd850032e, L:/127.0.0.1:49363 - R:/127.0.0.1:4723]' for 'GET' to 'http://127.0.0.1:4723/session/9d505292-1662-4e03-b7da-959f22fa1c1e/element/f.09BF641F5805ED6A5007B9E87D61469D.d.777EDFA98D7557D72B5B8D92AD5D4E58.e.429/text'
21:54:43.573 [Forwarding getElementText on session 9d505292-1662-4e03-b7da-959f22fa1c1e to remote] DEBUG org.asynchttpclient.netty.request.NettyRequestSender -- Using open Channel [id: 0xd850032e, L:/127.0.0.1:49363 - R:/127.0.0.1:4723] for GET '/session/9d505292-1662-4e03-b7da-959f22fa1c1e/element/f.09BF641F5805ED6A5007B9E87D61469D.d.777EDFA98D7557D72B5B8D92AD5D4E58.e.429/text'
21:54:43.593 [AsyncHttpClient-1-2] DEBUG org.asynchttpclient.netty.handler.HttpHandler -- 

Request DefaultFullHttpRequest(decodeResult: success, version: HTTP/1.1, content: EmptyByteBufBE)
GET /session/9d505292-1662-4e03-b7da-959f22fa1c1e/element/f.09BF641F5805ED6A5007B9E87D61469D.d.777EDFA98D7557D72B5B8D92AD5D4E58.e.429/text HTTP/1.1
Cache-Control: no-cache
User-Agent: appium/8.3.0 (selenium/4.8.3 (java mac))
Content-Type: application/json; charset=utf-8
host: 127.0.0.1:4723
accept: */*

Response DefaultHttpResponse(decodeResult: success, version: HTTP/1.1)
HTTP/1.1 200 OK
X-Powered-By: Express
Content-Type: application/json; charset=utf-8
Content-Length: 21
ETag: W/"15-oFZ9K7Ns7xOl6VJOVx1JqeoRaAI"
Date: Sun, 06 Apr 2025 13:54:43 GMT
Connection: keep-alive
Keep-Alive: timeout=600

21:54:43.593 [AsyncHttpClient-1-2] DEBUG org.asynchttpclient.netty.channel.ChannelManager -- Adding key: http://127.0.0.1:4723 for channel [id: 0xd850032e, L:/127.0.0.1:49363 - R:/127.0.0.1:4723]
21:54:43.594 [Forwarding getElementText on session 9d505292-1662-4e03-b7da-959f22fa1c1e to remote] DEBUG org.asynchttpclient.netty.request.NettyRequestSender -- Using pooled Channel '[id: 0xd850032e, L:/127.0.0.1:49363 - R:/127.0.0.1:4723]' for 'GET' to 'http://127.0.0.1:4723/session/9d505292-1662-4e03-b7da-959f22fa1c1e/element/f.09BF641F5805ED6A5007B9E87D61469D.d.777EDFA98D7557D72B5B8D92AD5D4E58.e.431/text'
21:54:43.594 [Forwarding getElementText on session 9d505292-1662-4e03-b7da-959f22fa1c1e to remote] DEBUG org.asynchttpclient.netty.request.NettyRequestSender -- Using open Channel [id: 0xd850032e, L:/127.0.0.1:49363 - R:/127.0.0.1:4723] for GET '/session/9d505292-1662-4e03-b7da-959f22fa1c1e/element/f.09BF641F5805ED6A5007B9E87D61469D.d.777EDFA98D7557D72B5B8D92AD5D4E58.e.431/text'
21:54:43.612 [AsyncHttpClient-1-2] DEBUG org.asynchttpclient.netty.handler.HttpHandler -- 

Request DefaultFullHttpRequest(decodeResult: success, version: HTTP/1.1, content: EmptyByteBufBE)
GET /session/9d505292-1662-4e03-b7da-959f22fa1c1e/element/f.09BF641F5805ED6A5007B9E87D61469D.d.777EDFA98D7557D72B5B8D92AD5D4E58.e.431/text HTTP/1.1
Cache-Control: no-cache
User-Agent: appium/8.3.0 (selenium/4.8.3 (java mac))
Content-Type: application/json; charset=utf-8
host: 127.0.0.1:4723
accept: */*

Response DefaultHttpResponse(decodeResult: success, version: HTTP/1.1)
HTTP/1.1 200 OK
X-Powered-By: Express
Content-Type: application/json; charset=utf-8
Content-Length: 21
ETag: W/"15-1VWs9WuSRy5GWWmLvC5NVSOJjnk"
Date: Sun, 06 Apr 2025 13:54:43 GMT
Connection: keep-alive
Keep-Alive: timeout=600

21:54:43.612 [AsyncHttpClient-1-2] DEBUG org.asynchttpclient.netty.channel.ChannelManager -- Adding key: http://127.0.0.1:4723 for channel [id: 0xd850032e, L:/127.0.0.1:49363 - R:/127.0.0.1:4723]
21:54:43.613 [Forwarding getElementText on session 9d505292-1662-4e03-b7da-959f22fa1c1e to remote] DEBUG org.asynchttpclient.netty.request.NettyRequestSender -- Using pooled Channel '[id: 0xd850032e, L:/127.0.0.1:49363 - R:/127.0.0.1:4723]' for 'GET' to 'http://127.0.0.1:4723/session/9d505292-1662-4e03-b7da-959f22fa1c1e/element/f.09BF641F5805ED6A5007B9E87D61469D.d.777EDFA98D7557D72B5B8D92AD5D4E58.e.433/text'
21:54:43.613 [Forwarding getElementText on session 9d505292-1662-4e03-b7da-959f22fa1c1e to remote] DEBUG org.asynchttpclient.netty.request.NettyRequestSender -- Using open Channel [id: 0xd850032e, L:/127.0.0.1:49363 - R:/127.0.0.1:4723] for GET '/session/9d505292-1662-4e03-b7da-959f22fa1c1e/element/f.09BF641F5805ED6A5007B9E87D61469D.d.777EDFA98D7557D72B5B8D92AD5D4E58.e.433/text'
21:54:43.633 [AsyncHttpClient-1-2] DEBUG org.asynchttpclient.netty.handler.HttpHandler -- 

Request DefaultFullHttpRequest(decodeResult: success, version: HTTP/1.1, content: EmptyByteBufBE)
GET /session/9d505292-1662-4e03-b7da-959f22fa1c1e/element/f.09BF641F5805ED6A5007B9E87D61469D.d.777EDFA98D7557D72B5B8D92AD5D4E58.e.433/text HTTP/1.1
Cache-Control: no-cache
User-Agent: appium/8.3.0 (selenium/4.8.3 (java mac))
Content-Type: application/json; charset=utf-8
host: 127.0.0.1:4723
accept: */*

Response DefaultHttpResponse(decodeResult: success, version: HTTP/1.1)
HTTP/1.1 200 OK
X-Powered-By: Express
Content-Type: application/json; charset=utf-8
Content-Length: 21
ETag: W/"15-YVh2Lvh0lgl1qmWkO1hZHQsSDmU"
Date: Sun, 06 Apr 2025 13:54:43 GMT
Connection: keep-alive
Keep-Alive: timeout=600

21:54:43.633 [AsyncHttpClient-1-2] DEBUG org.asynchttpclient.netty.channel.ChannelManager -- Adding key: http://127.0.0.1:4723 for channel [id: 0xd850032e, L:/127.0.0.1:49363 - R:/127.0.0.1:4723]
21:54:43.634 [Forwarding getElementText on session 9d505292-1662-4e03-b7da-959f22fa1c1e to remote] DEBUG org.asynchttpclient.netty.request.NettyRequestSender -- Using pooled Channel '[id: 0xd850032e, L:/127.0.0.1:49363 - R:/127.0.0.1:4723]' for 'GET' to 'http://127.0.0.1:4723/session/9d505292-1662-4e03-b7da-959f22fa1c1e/element/f.09BF641F5805ED6A5007B9E87D61469D.d.777EDFA98D7557D72B5B8D92AD5D4E58.e.435/text'
21:54:43.634 [Forwarding getElementText on session 9d505292-1662-4e03-b7da-959f22fa1c1e to remote] DEBUG org.asynchttpclient.netty.request.NettyRequestSender -- Using open Channel [id: 0xd850032e, L:/127.0.0.1:49363 - R:/127.0.0.1:4723] for GET '/session/9d505292-1662-4e03-b7da-959f22fa1c1e/element/f.09BF641F5805ED6A5007B9E87D61469D.d.777EDFA98D7557D72B5B8D92AD5D4E58.e.435/text'
21:54:43.654 [AsyncHttpClient-1-2] DEBUG org.asynchttpclient.netty.handler.HttpHandler -- 

Request DefaultFullHttpRequest(decodeResult: success, version: HTTP/1.1, content: EmptyByteBufBE)
GET /session/9d505292-1662-4e03-b7da-959f22fa1c1e/element/f.09BF641F5805ED6A5007B9E87D61469D.d.777EDFA98D7557D72B5B8D92AD5D4E58.e.435/text HTTP/1.1
Cache-Control: no-cache
User-Agent: appium/8.3.0 (selenium/4.8.3 (java mac))
Content-Type: application/json; charset=utf-8
host: 127.0.0.1:4723
accept: */*

Response DefaultHttpResponse(decodeResult: success, version: HTTP/1.1)
HTTP/1.1 200 OK
X-Powered-By: Express
Content-Type: application/json; charset=utf-8
Content-Length: 21
ETag: W/"15-uE2+rUgyqyXsz9lfhU4NVCwUnbo"
Date: Sun, 06 Apr 2025 13:54:43 GMT
Connection: keep-alive
Keep-Alive: timeout=600

21:54:43.654 [AsyncHttpClient-1-2] DEBUG org.asynchttpclient.netty.channel.ChannelManager -- Adding key: http://127.0.0.1:4723 for channel [id: 0xd850032e, L:/127.0.0.1:49363 - R:/127.0.0.1:4723]
21:54:43.654 [Forwarding getElementText on session 9d505292-1662-4e03-b7da-959f22fa1c1e to remote] DEBUG org.asynchttpclient.netty.request.NettyRequestSender -- Using pooled Channel '[id: 0xd850032e, L:/127.0.0.1:49363 - R:/127.0.0.1:4723]' for 'GET' to 'http://127.0.0.1:4723/session/9d505292-1662-4e03-b7da-959f22fa1c1e/element/f.09BF641F5805ED6A5007B9E87D61469D.d.777EDFA98D7557D72B5B8D92AD5D4E58.e.437/text'
21:54:43.654 [Forwarding getElementText on session 9d505292-1662-4e03-b7da-959f22fa1c1e to remote] DEBUG org.asynchttpclient.netty.request.NettyRequestSender -- Using open Channel [id: 0xd850032e, L:/127.0.0.1:49363 - R:/127.0.0.1:4723] for GET '/session/9d505292-1662-4e03-b7da-959f22fa1c1e/element/f.09BF641F5805ED6A5007B9E87D61469D.d.777EDFA98D7557D72B5B8D92AD5D4E58.e.437/text'
21:54:43.674 [AsyncHttpClient-1-2] DEBUG org.asynchttpclient.netty.handler.HttpHandler -- 

Request DefaultFullHttpRequest(decodeResult: success, version: HTTP/1.1, content: EmptyByteBufBE)
GET /session/9d505292-1662-4e03-b7da-959f22fa1c1e/element/f.09BF641F5805ED6A5007B9E87D61469D.d.777EDFA98D7557D72B5B8D92AD5D4E58.e.437/text HTTP/1.1
Cache-Control: no-cache
User-Agent: appium/8.3.0 (selenium/4.8.3 (java mac))
Content-Type: application/json; charset=utf-8
host: 127.0.0.1:4723
accept: */*

Response DefaultHttpResponse(decodeResult: success, version: HTTP/1.1)
HTTP/1.1 200 OK
X-Powered-By: Express
Content-Type: application/json; charset=utf-8
Content-Length: 21
ETag: W/"15-HnOPlMzfhcrBhW+Q4rQ6awDFBco"
Date: Sun, 06 Apr 2025 13:54:43 GMT
Connection: keep-alive
Keep-Alive: timeout=600

21:54:43.674 [AsyncHttpClient-1-2] DEBUG org.asynchttpclient.netty.channel.ChannelManager -- Adding key: http://127.0.0.1:4723 for channel [id: 0xd850032e, L:/127.0.0.1:49363 - R:/127.0.0.1:4723]
21:54:43.675 [Forwarding getElementText on session 9d505292-1662-4e03-b7da-959f22fa1c1e to remote] DEBUG org.asynchttpclient.netty.request.NettyRequestSender -- Using pooled Channel '[id: 0xd850032e, L:/127.0.0.1:49363 - R:/127.0.0.1:4723]' for 'GET' to 'http://127.0.0.1:4723/session/9d505292-1662-4e03-b7da-959f22fa1c1e/element/f.09BF641F5805ED6A5007B9E87D61469D.d.777EDFA98D7557D72B5B8D92AD5D4E58.e.439/text'
21:54:43.675 [Forwarding getElementText on session 9d505292-1662-4e03-b7da-959f22fa1c1e to remote] DEBUG org.asynchttpclient.netty.request.NettyRequestSender -- Using open Channel [id: 0xd850032e, L:/127.0.0.1:49363 - R:/127.0.0.1:4723] for GET '/session/9d505292-1662-4e03-b7da-959f22fa1c1e/element/f.09BF641F5805ED6A5007B9E87D61469D.d.777EDFA98D7557D72B5B8D92AD5D4E58.e.439/text'
21:54:43.698 [AsyncHttpClient-1-2] DEBUG org.asynchttpclient.netty.handler.HttpHandler -- 

Request DefaultFullHttpRequest(decodeResult: success, version: HTTP/1.1, content: EmptyByteBufBE)
GET /session/9d505292-1662-4e03-b7da-959f22fa1c1e/element/f.09BF641F5805ED6A5007B9E87D61469D.d.777EDFA98D7557D72B5B8D92AD5D4E58.e.439/text HTTP/1.1
Cache-Control: no-cache
User-Agent: appium/8.3.0 (selenium/4.8.3 (java mac))
Content-Type: application/json; charset=utf-8
host: 127.0.0.1:4723
accept: */*

Response DefaultHttpResponse(decodeResult: success, version: HTTP/1.1)
HTTP/1.1 200 OK
X-Powered-By: Express
Content-Type: application/json; charset=utf-8
Content-Length: 21
ETag: W/"15-/p3sqF4zeD6IdoB2LEbchipXWWM"
Date: Sun, 06 Apr 2025 13:54:43 GMT
Connection: keep-alive
Keep-Alive: timeout=600

21:54:43.699 [AsyncHttpClient-1-2] DEBUG org.asynchttpclient.netty.channel.ChannelManager -- Adding key: http://127.0.0.1:4723 for channel [id: 0xd850032e, L:/127.0.0.1:49363 - R:/127.0.0.1:4723]
21:54:43.701 [Forwarding executeScript on session 9d505292-1662-4e03-b7da-959f22fa1c1e to remote] DEBUG org.asynchttpclient.netty.request.NettyRequestSender -- Using pooled Channel '[id: 0xd850032e, L:/127.0.0.1:49363 - R:/127.0.0.1:4723]' for 'POST' to 'http://127.0.0.1:4723/session/9d505292-1662-4e03-b7da-959f22fa1c1e/execute/sync'
21:54:43.701 [Forwarding executeScript on session 9d505292-1662-4e03-b7da-959f22fa1c1e to remote] DEBUG org.asynchttpclient.netty.request.NettyRequestSender -- Using open Channel [id: 0xd850032e, L:/127.0.0.1:49363 - R:/127.0.0.1:4723] for POST '/session/9d505292-1662-4e03-b7da-959f22fa1c1e/execute/sync'
21:54:43.723 [AsyncHttpClient-1-2] DEBUG org.asynchttpclient.netty.handler.HttpHandler -- 

Request DefaultHttpRequest(decodeResult: success, version: HTTP/1.1)
POST /session/9d505292-1662-4e03-b7da-959f22fa1c1e/execute/sync HTTP/1.1
User-Agent: appium/8.3.0 (selenium/4.8.3 (java mac))
Content-Length: 347
Content-Type: application/json; charset=utf-8
host: 127.0.0.1:4723
accept: */*

Response DefaultHttpResponse(decodeResult: success, version: HTTP/1.1)
HTTP/1.1 200 OK
X-Powered-By: Express
Vary: X-HTTP-Method-Override
Content-Type: application/json; charset=utf-8
Content-Length: 14
ETag: W/"e-9/1BuKMgFObM1mWJm+YjxtXJnUM"
Date: Sun, 06 Apr 2025 13:54:43 GMT
Connection: keep-alive
Keep-Alive: timeout=600

21:54:43.723 [AsyncHttpClient-1-2] DEBUG org.asynchttpclient.netty.channel.ChannelManager -- Adding key: http://127.0.0.1:4723 for channel [id: 0xd850032e, L:/127.0.0.1:49363 - R:/127.0.0.1:4723]
21:54:43.724 [Forwarding findElement on session 9d505292-1662-4e03-b7da-959f22fa1c1e to remote] DEBUG org.asynchttpclient.netty.request.NettyRequestSender -- Using pooled Channel '[id: 0xd850032e, L:/127.0.0.1:49363 - R:/127.0.0.1:4723]' for 'POST' to 'http://127.0.0.1:4723/session/9d505292-1662-4e03-b7da-959f22fa1c1e/element'
21:54:43.724 [Forwarding findElement on session 9d505292-1662-4e03-b7da-959f22fa1c1e to remote] DEBUG org.asynchttpclient.netty.request.NettyRequestSender -- Using open Channel [id: 0xd850032e, L:/127.0.0.1:49363 - R:/127.0.0.1:4723] for POST '/session/9d505292-1662-4e03-b7da-959f22fa1c1e/element'
21:54:43.752 [AsyncHttpClient-1-2] DEBUG org.asynchttpclient.netty.handler.HttpHandler -- 

Request DefaultHttpRequest(decodeResult: success, version: HTTP/1.1)
POST /session/9d505292-1662-4e03-b7da-959f22fa1c1e/element HTTP/1.1
User-Agent: appium/8.3.0 (selenium/4.8.3 (java mac))
Content-Length: 64
Content-Type: application/json; charset=utf-8
host: 127.0.0.1:4723
accept: */*

Response DefaultHttpResponse(decodeResult: success, version: HTTP/1.1)
HTTP/1.1 200 OK
X-Powered-By: Express
Vary: X-HTTP-Method-Override
Content-Type: application/json; charset=utf-8
Content-Length: 215
ETag: W/"d7-hLLmI8sXBhj61n8KQz/SSgPhJ+w"
Date: Sun, 06 Apr 2025 13:54:43 GMT
Connection: keep-alive
Keep-Alive: timeout=600

21:54:43.752 [AsyncHttpClient-1-2] DEBUG org.asynchttpclient.netty.channel.ChannelManager -- Adding key: http://127.0.0.1:4723 for channel [id: 0xd850032e, L:/127.0.0.1:49363 - R:/127.0.0.1:4723]
21:54:43.804 [AsyncHttpClient-1-1] DEBUG org.asynchttpclient.netty.channel.DefaultChannelPool -- Entry count for : http://127.0.0.1:4723 : 1
21:54:43.854 [Forwarding findChildElements on session 9d505292-1662-4e03-b7da-959f22fa1c1e to remote] DEBUG org.asynchttpclient.netty.request.NettyRequestSender -- Using pooled Channel '[id: 0xd850032e, L:/127.0.0.1:49363 - R:/127.0.0.1:4723]' for 'POST' to 'http://127.0.0.1:4723/session/9d505292-1662-4e03-b7da-959f22fa1c1e/element/f.09BF641F5805ED6A5007B9E87D61469D.d.777EDFA98D7557D72B5B8D92AD5D4E58.e.377/elements'
21:54:43.854 [Forwarding findChildElements on session 9d505292-1662-4e03-b7da-959f22fa1c1e to remote] DEBUG org.asynchttpclient.netty.request.NettyRequestSender -- Using open Channel [id: 0xd850032e, L:/127.0.0.1:49363 - R:/127.0.0.1:4723] for POST '/session/9d505292-1662-4e03-b7da-959f22fa1c1e/element/f.09BF641F5805ED6A5007B9E87D61469D.d.777EDFA98D7557D72B5B8D92AD5D4E58.e.377/elements'
21:54:43.878 [AsyncHttpClient-1-2] DEBUG org.asynchttpclient.netty.handler.HttpHandler -- 

Request DefaultHttpRequest(decodeResult: success, version: HTTP/1.1)
POST /session/9d505292-1662-4e03-b7da-959f22fa1c1e/element/f.09BF641F5805ED6A5007B9E87D61469D.d.777EDFA98D7557D72B5B8D92AD5D4E58.e.377/elements HTTP/1.1
User-Agent: appium/8.3.0 (selenium/4.8.3 (java mac))
Content-Length: 133
Content-Type: application/json; charset=utf-8
host: 127.0.0.1:4723
accept: */*

Response DefaultHttpResponse(decodeResult: success, version: HTTP/1.1)
HTTP/1.1 200 OK
X-Powered-By: Express
Vary: X-HTTP-Method-Override
Content-Type: application/json; charset=utf-8
Content-Length: 423
ETag: W/"1a7-K6FkmM/A282/ivfg1neyx3aBQDs"
Date: Sun, 06 Apr 2025 13:54:43 GMT
Connection: keep-alive
Keep-Alive: timeout=600

21:54:43.878 [AsyncHttpClient-1-2] DEBUG org.asynchttpclient.netty.channel.ChannelManager -- Adding key: http://127.0.0.1:4723 for channel [id: 0xd850032e, L:/127.0.0.1:49363 - R:/127.0.0.1:4723]
21:54:43.879 [Forwarding getElementText on session 9d505292-1662-4e03-b7da-959f22fa1c1e to remote] DEBUG org.asynchttpclient.netty.request.NettyRequestSender -- Using pooled Channel '[id: 0xd850032e, L:/127.0.0.1:49363 - R:/127.0.0.1:4723]' for 'GET' to 'http://127.0.0.1:4723/session/9d505292-1662-4e03-b7da-959f22fa1c1e/element/f.09BF641F5805ED6A5007B9E87D61469D.d.777EDFA98D7557D72B5B8D92AD5D4E58.e.445/text'
21:54:43.879 [Forwarding getElementText on session 9d505292-1662-4e03-b7da-959f22fa1c1e to remote] DEBUG org.asynchttpclient.netty.request.NettyRequestSender -- Using open Channel [id: 0xd850032e, L:/127.0.0.1:49363 - R:/127.0.0.1:4723] for GET '/session/9d505292-1662-4e03-b7da-959f22fa1c1e/element/f.09BF641F5805ED6A5007B9E87D61469D.d.777EDFA98D7557D72B5B8D92AD5D4E58.e.445/text'
21:54:43.902 [AsyncHttpClient-1-2] DEBUG org.asynchttpclient.netty.handler.HttpHandler -- 

Request DefaultFullHttpRequest(decodeResult: success, version: HTTP/1.1, content: EmptyByteBufBE)
GET /session/9d505292-1662-4e03-b7da-959f22fa1c1e/element/f.09BF641F5805ED6A5007B9E87D61469D.d.777EDFA98D7557D72B5B8D92AD5D4E58.e.445/text HTTP/1.1
Cache-Control: no-cache
User-Agent: appium/8.3.0 (selenium/4.8.3 (java mac))
Content-Type: application/json; charset=utf-8
host: 127.0.0.1:4723
accept: */*

Response DefaultHttpResponse(decodeResult: success, version: HTTP/1.1)
HTTP/1.1 200 OK
X-Powered-By: Express
Content-Type: application/json; charset=utf-8
Content-Length: 27
ETag: W/"1b-WszMrTDLUBhetLFWttbtrso7fzY"
Date: Sun, 06 Apr 2025 13:54:43 GMT
Connection: keep-alive
Keep-Alive: timeout=600

21:54:43.902 [AsyncHttpClient-1-2] DEBUG org.asynchttpclient.netty.channel.ChannelManager -- Adding key: http://127.0.0.1:4723 for channel [id: 0xd850032e, L:/127.0.0.1:49363 - R:/127.0.0.1:4723]
21:54:43.903 [Forwarding getElementText on session 9d505292-1662-4e03-b7da-959f22fa1c1e to remote] DEBUG org.asynchttpclient.netty.request.NettyRequestSender -- Using pooled Channel '[id: 0xd850032e, L:/127.0.0.1:49363 - R:/127.0.0.1:4723]' for 'GET' to 'http://127.0.0.1:4723/session/9d505292-1662-4e03-b7da-959f22fa1c1e/element/f.09BF641F5805ED6A5007B9E87D61469D.d.777EDFA98D7557D72B5B8D92AD5D4E58.e.447/text'
21:54:43.903 [Forwarding getElementText on session 9d505292-1662-4e03-b7da-959f22fa1c1e to remote] DEBUG org.asynchttpclient.netty.request.NettyRequestSender -- Using open Channel [id: 0xd850032e, L:/127.0.0.1:49363 - R:/127.0.0.1:4723] for GET '/session/9d505292-1662-4e03-b7da-959f22fa1c1e/element/f.09BF641F5805ED6A5007B9E87D61469D.d.777EDFA98D7557D72B5B8D92AD5D4E58.e.447/text'
21:54:43.922 [AsyncHttpClient-1-2] DEBUG org.asynchttpclient.netty.handler.HttpHandler -- 

Request DefaultFullHttpRequest(decodeResult: success, version: HTTP/1.1, content: EmptyByteBufBE)
GET /session/9d505292-1662-4e03-b7da-959f22fa1c1e/element/f.09BF641F5805ED6A5007B9E87D61469D.d.777EDFA98D7557D72B5B8D92AD5D4E58.e.447/text HTTP/1.1
Cache-Control: no-cache
User-Agent: appium/8.3.0 (selenium/4.8.3 (java mac))
Content-Type: application/json; charset=utf-8
host: 127.0.0.1:4723
accept: */*

Response DefaultHttpResponse(decodeResult: success, version: HTTP/1.1)
HTTP/1.1 200 OK
X-Powered-By: Express
Content-Type: application/json; charset=utf-8
Content-Length: 21
ETag: W/"15-iTQ7RAg0Fom/tLn9f2fEqBqG52I"
Date: Sun, 06 Apr 2025 13:54:43 GMT
Connection: keep-alive
Keep-Alive: timeout=600

21:54:43.923 [AsyncHttpClient-1-2] DEBUG org.asynchttpclient.netty.channel.ChannelManager -- Adding key: http://127.0.0.1:4723 for channel [id: 0xd850032e, L:/127.0.0.1:49363 - R:/127.0.0.1:4723]
驗證縣市「基隆市」與其行政區成功！
21:54:43.925 [Forwarding executeScript on session 9d505292-1662-4e03-b7da-959f22fa1c1e to remote] DEBUG org.asynchttpclient.netty.request.NettyRequestSender -- Using pooled Channel '[id: 0xd850032e, L:/127.0.0.1:49363 - R:/127.0.0.1:4723]' for 'POST' to 'http://127.0.0.1:4723/session/9d505292-1662-4e03-b7da-959f22fa1c1e/execute/sync'
21:54:43.925 [Forwarding executeScript on session 9d505292-1662-4e03-b7da-959f22fa1c1e to remote] DEBUG org.asynchttpclient.netty.request.NettyRequestSender -- Using open Channel [id: 0xd850032e, L:/127.0.0.1:49363 - R:/127.0.0.1:4723] for POST '/session/9d505292-1662-4e03-b7da-959f22fa1c1e/execute/sync'
21:54:43.947 [AsyncHttpClient-1-2] DEBUG org.asynchttpclient.netty.handler.HttpHandler -- 

Request DefaultHttpRequest(decodeResult: success, version: HTTP/1.1)
POST /session/9d505292-1662-4e03-b7da-959f22fa1c1e/execute/sync HTTP/1.1
User-Agent: appium/8.3.0 (selenium/4.8.3 (java mac))
Content-Length: 347
Content-Type: application/json; charset=utf-8
host: 127.0.0.1:4723
accept: */*

Response DefaultHttpResponse(decodeResult: success, version: HTTP/1.1)
HTTP/1.1 200 OK
X-Powered-By: Express
Vary: X-HTTP-Method-Override
Content-Type: application/json; charset=utf-8
Content-Length: 14
ETag: W/"e-9/1BuKMgFObM1mWJm+YjxtXJnUM"
Date: Sun, 06 Apr 2025 13:54:43 GMT
Connection: keep-alive
Keep-Alive: timeout=600

21:54:43.947 [AsyncHttpClient-1-2] DEBUG org.asynchttpclient.netty.channel.ChannelManager -- Adding key: http://127.0.0.1:4723 for channel [id: 0xd850032e, L:/127.0.0.1:49363 - R:/127.0.0.1:4723]
21:54:43.948 [Forwarding findElement on session 9d505292-1662-4e03-b7da-959f22fa1c1e to remote] DEBUG org.asynchttpclient.netty.request.NettyRequestSender -- Using pooled Channel '[id: 0xd850032e, L:/127.0.0.1:49363 - R:/127.0.0.1:4723]' for 'POST' to 'http://127.0.0.1:4723/session/9d505292-1662-4e03-b7da-959f22fa1c1e/element'
21:54:43.948 [Forwarding findElement on session 9d505292-1662-4e03-b7da-959f22fa1c1e to remote] DEBUG org.asynchttpclient.netty.request.NettyRequestSender -- Using open Channel [id: 0xd850032e, L:/127.0.0.1:49363 - R:/127.0.0.1:4723] for POST '/session/9d505292-1662-4e03-b7da-959f22fa1c1e/element'
21:54:43.968 [AsyncHttpClient-1-2] DEBUG org.asynchttpclient.netty.handler.HttpHandler -- 

Request DefaultHttpRequest(decodeResult: success, version: HTTP/1.1)
POST /session/9d505292-1662-4e03-b7da-959f22fa1c1e/element HTTP/1.1
User-Agent: appium/8.3.0 (selenium/4.8.3 (java mac))
Content-Length: 64
Content-Type: application/json; charset=utf-8
host: 127.0.0.1:4723
accept: */*

Response DefaultHttpResponse(decodeResult: success, version: HTTP/1.1)
HTTP/1.1 200 OK
X-Powered-By: Express
Vary: X-HTTP-Method-Override
Content-Type: application/json; charset=utf-8
Content-Length: 215
ETag: W/"d7-hLLmI8sXBhj61n8KQz/SSgPhJ+w"
Date: Sun, 06 Apr 2025 13:54:43 GMT
Connection: keep-alive
Keep-Alive: timeout=600

21:54:43.968 [AsyncHttpClient-1-2] DEBUG org.asynchttpclient.netty.channel.ChannelManager -- Adding key: http://127.0.0.1:4723 for channel [id: 0xd850032e, L:/127.0.0.1:49363 - R:/127.0.0.1:4723]
21:54:44.071 [Forwarding findChildElements on session 9d505292-1662-4e03-b7da-959f22fa1c1e to remote] DEBUG org.asynchttpclient.netty.request.NettyRequestSender -- Using pooled Channel '[id: 0xd850032e, L:/127.0.0.1:49363 - R:/127.0.0.1:4723]' for 'POST' to 'http://127.0.0.1:4723/session/9d505292-1662-4e03-b7da-959f22fa1c1e/element/f.09BF641F5805ED6A5007B9E87D61469D.d.777EDFA98D7557D72B5B8D92AD5D4E58.e.377/elements'
21:54:44.071 [Forwarding findChildElements on session 9d505292-1662-4e03-b7da-959f22fa1c1e to remote] DEBUG org.asynchttpclient.netty.request.NettyRequestSender -- Using open Channel [id: 0xd850032e, L:/127.0.0.1:49363 - R:/127.0.0.1:4723] for POST '/session/9d505292-1662-4e03-b7da-959f22fa1c1e/element/f.09BF641F5805ED6A5007B9E87D61469D.d.777EDFA98D7557D72B5B8D92AD5D4E58.e.377/elements'
21:54:44.094 [AsyncHttpClient-1-2] DEBUG org.asynchttpclient.netty.handler.HttpHandler -- 

Request DefaultHttpRequest(decodeResult: success, version: HTTP/1.1)
POST /session/9d505292-1662-4e03-b7da-959f22fa1c1e/element/f.09BF641F5805ED6A5007B9E87D61469D.d.777EDFA98D7557D72B5B8D92AD5D4E58.e.377/elements HTTP/1.1
User-Agent: appium/8.3.0 (selenium/4.8.3 (java mac))
Content-Length: 133
Content-Type: application/json; charset=utf-8
host: 127.0.0.1:4723
accept: */*

Response DefaultHttpResponse(decodeResult: success, version: HTTP/1.1)
HTTP/1.1 200 OK
X-Powered-By: Express
Vary: X-HTTP-Method-Override
Content-Type: application/json; charset=utf-8
Content-Length: 2689
ETag: W/"a81-Cjof99F9kaJ4I0In1sMH8SWOMh8"
Date: Sun, 06 Apr 2025 13:54:44 GMT
Connection: keep-alive
Keep-Alive: timeout=600

21:54:44.094 [AsyncHttpClient-1-2] DEBUG org.asynchttpclient.netty.channel.ChannelManager -- Adding key: http://127.0.0.1:4723 for channel [id: 0xd850032e, L:/127.0.0.1:49363 - R:/127.0.0.1:4723]
21:54:44.096 [Forwarding getElementText on session 9d505292-1662-4e03-b7da-959f22fa1c1e to remote] DEBUG org.asynchttpclient.netty.request.NettyRequestSender -- Using pooled Channel '[id: 0xd850032e, L:/127.0.0.1:49363 - R:/127.0.0.1:4723]' for 'GET' to 'http://127.0.0.1:4723/session/9d505292-1662-4e03-b7da-959f22fa1c1e/element/f.09BF641F5805ED6A5007B9E87D61469D.d.777EDFA98D7557D72B5B8D92AD5D4E58.e.451/text'
21:54:44.096 [Forwarding getElementText on session 9d505292-1662-4e03-b7da-959f22fa1c1e to remote] DEBUG org.asynchttpclient.netty.request.NettyRequestSender -- Using open Channel [id: 0xd850032e, L:/127.0.0.1:49363 - R:/127.0.0.1:4723] for GET '/session/9d505292-1662-4e03-b7da-959f22fa1c1e/element/f.09BF641F5805ED6A5007B9E87D61469D.d.777EDFA98D7557D72B5B8D92AD5D4E58.e.451/text'
21:54:44.118 [AsyncHttpClient-1-2] DEBUG org.asynchttpclient.netty.handler.HttpHandler -- 

Request DefaultFullHttpRequest(decodeResult: success, version: HTTP/1.1, content: EmptyByteBufBE)
GET /session/9d505292-1662-4e03-b7da-959f22fa1c1e/element/f.09BF641F5805ED6A5007B9E87D61469D.d.777EDFA98D7557D72B5B8D92AD5D4E58.e.451/text HTTP/1.1
Cache-Control: no-cache
User-Agent: appium/8.3.0 (selenium/4.8.3 (java mac))
Content-Type: application/json; charset=utf-8
host: 127.0.0.1:4723
accept: */*

Response DefaultHttpResponse(decodeResult: success, version: HTTP/1.1)
HTTP/1.1 200 OK
X-Powered-By: Express
Content-Type: application/json; charset=utf-8
Content-Length: 27
ETag: W/"1b-WszMrTDLUBhetLFWttbtrso7fzY"
Date: Sun, 06 Apr 2025 13:54:44 GMT
Connection: keep-alive
Keep-Alive: timeout=600

21:54:44.118 [AsyncHttpClient-1-2] DEBUG org.asynchttpclient.netty.channel.ChannelManager -- Adding key: http://127.0.0.1:4723 for channel [id: 0xd850032e, L:/127.0.0.1:49363 - R:/127.0.0.1:4723]
21:54:44.119 [Forwarding getElementText on session 9d505292-1662-4e03-b7da-959f22fa1c1e to remote] DEBUG org.asynchttpclient.netty.request.NettyRequestSender -- Using pooled Channel '[id: 0xd850032e, L:/127.0.0.1:49363 - R:/127.0.0.1:4723]' for 'GET' to 'http://127.0.0.1:4723/session/9d505292-1662-4e03-b7da-959f22fa1c1e/element/f.09BF641F5805ED6A5007B9E87D61469D.d.777EDFA98D7557D72B5B8D92AD5D4E58.e.453/text'
21:54:44.119 [Forwarding getElementText on session 9d505292-1662-4e03-b7da-959f22fa1c1e to remote] DEBUG org.asynchttpclient.netty.request.NettyRequestSender -- Using open Channel [id: 0xd850032e, L:/127.0.0.1:49363 - R:/127.0.0.1:4723] for GET '/session/9d505292-1662-4e03-b7da-959f22fa1c1e/element/f.09BF641F5805ED6A5007B9E87D61469D.d.777EDFA98D7557D72B5B8D92AD5D4E58.e.453/text'
21:54:44.138 [AsyncHttpClient-1-2] DEBUG org.asynchttpclient.netty.handler.HttpHandler -- 

Request DefaultFullHttpRequest(decodeResult: success, version: HTTP/1.1, content: EmptyByteBufBE)
GET /session/9d505292-1662-4e03-b7da-959f22fa1c1e/element/f.09BF641F5805ED6A5007B9E87D61469D.d.777EDFA98D7557D72B5B8D92AD5D4E58.e.453/text HTTP/1.1
Cache-Control: no-cache
User-Agent: appium/8.3.0 (selenium/4.8.3 (java mac))
Content-Type: application/json; charset=utf-8
host: 127.0.0.1:4723
accept: */*

Response DefaultHttpResponse(decodeResult: success, version: HTTP/1.1)
HTTP/1.1 200 OK
X-Powered-By: Express
Content-Type: application/json; charset=utf-8
Content-Length: 21
ETag: W/"15-IynsBIdig6XCIcAGR8BmV930w4I"
Date: Sun, 06 Apr 2025 13:54:44 GMT
Connection: keep-alive
Keep-Alive: timeout=600

21:54:44.138 [AsyncHttpClient-1-2] DEBUG org.asynchttpclient.netty.channel.ChannelManager -- Adding key: http://127.0.0.1:4723 for channel [id: 0xd850032e, L:/127.0.0.1:49363 - R:/127.0.0.1:4723]
21:54:44.139 [Forwarding getElementText on session 9d505292-1662-4e03-b7da-959f22fa1c1e to remote] DEBUG org.asynchttpclient.netty.request.NettyRequestSender -- Using pooled Channel '[id: 0xd850032e, L:/127.0.0.1:49363 - R:/127.0.0.1:4723]' for 'GET' to 'http://127.0.0.1:4723/session/9d505292-1662-4e03-b7da-959f22fa1c1e/element/f.09BF641F5805ED6A5007B9E87D61469D.d.777EDFA98D7557D72B5B8D92AD5D4E58.e.455/text'
21:54:44.139 [Forwarding getElementText on session 9d505292-1662-4e03-b7da-959f22fa1c1e to remote] DEBUG org.asynchttpclient.netty.request.NettyRequestSender -- Using open Channel [id: 0xd850032e, L:/127.0.0.1:49363 - R:/127.0.0.1:4723] for GET '/session/9d505292-1662-4e03-b7da-959f22fa1c1e/element/f.09BF641F5805ED6A5007B9E87D61469D.d.777EDFA98D7557D72B5B8D92AD5D4E58.e.455/text'
21:54:44.158 [AsyncHttpClient-1-2] DEBUG org.asynchttpclient.netty.handler.HttpHandler -- 

Request DefaultFullHttpRequest(decodeResult: success, version: HTTP/1.1, content: EmptyByteBufBE)
GET /session/9d505292-1662-4e03-b7da-959f22fa1c1e/element/f.09BF641F5805ED6A5007B9E87D61469D.d.777EDFA98D7557D72B5B8D92AD5D4E58.e.455/text HTTP/1.1
Cache-Control: no-cache
User-Agent: appium/8.3.0 (selenium/4.8.3 (java mac))
Content-Type: application/json; charset=utf-8
host: 127.0.0.1:4723
accept: */*

Response DefaultHttpResponse(decodeResult: success, version: HTTP/1.1)
HTTP/1.1 200 OK
X-Powered-By: Express
Content-Type: application/json; charset=utf-8
Content-Length: 21
ETag: W/"15-Rvyo5A9CIup4bptQgivxariwz54"
Date: Sun, 06 Apr 2025 13:54:44 GMT
Connection: keep-alive
Keep-Alive: timeout=600

21:54:44.158 [AsyncHttpClient-1-2] DEBUG org.asynchttpclient.netty.channel.ChannelManager -- Adding key: http://127.0.0.1:4723 for channel [id: 0xd850032e, L:/127.0.0.1:49363 - R:/127.0.0.1:4723]
21:54:44.159 [Forwarding getElementText on session 9d505292-1662-4e03-b7da-959f22fa1c1e to remote] DEBUG org.asynchttpclient.netty.request.NettyRequestSender -- Using pooled Channel '[id: 0xd850032e, L:/127.0.0.1:49363 - R:/127.0.0.1:4723]' for 'GET' to 'http://127.0.0.1:4723/session/9d505292-1662-4e03-b7da-959f22fa1c1e/element/f.09BF641F5805ED6A5007B9E87D61469D.d.777EDFA98D7557D72B5B8D92AD5D4E58.e.457/text'
21:54:44.159 [Forwarding getElementText on session 9d505292-1662-4e03-b7da-959f22fa1c1e to remote] DEBUG org.asynchttpclient.netty.request.NettyRequestSender -- Using open Channel [id: 0xd850032e, L:/127.0.0.1:49363 - R:/127.0.0.1:4723] for GET '/session/9d505292-1662-4e03-b7da-959f22fa1c1e/element/f.09BF641F5805ED6A5007B9E87D61469D.d.777EDFA98D7557D72B5B8D92AD5D4E58.e.457/text'
21:54:44.178 [AsyncHttpClient-1-2] DEBUG org.asynchttpclient.netty.handler.HttpHandler -- 

Request DefaultFullHttpRequest(decodeResult: success, version: HTTP/1.1, content: EmptyByteBufBE)
GET /session/9d505292-1662-4e03-b7da-959f22fa1c1e/element/f.09BF641F5805ED6A5007B9E87D61469D.d.777EDFA98D7557D72B5B8D92AD5D4E58.e.457/text HTTP/1.1
Cache-Control: no-cache
User-Agent: appium/8.3.0 (selenium/4.8.3 (java mac))
Content-Type: application/json; charset=utf-8
host: 127.0.0.1:4723
accept: */*

Response DefaultHttpResponse(decodeResult: success, version: HTTP/1.1)
HTTP/1.1 200 OK
X-Powered-By: Express
Content-Type: application/json; charset=utf-8
Content-Length: 21
ETag: W/"15-yb27O3LuRMvDsLsh/6f7XBAj+yM"
Date: Sun, 06 Apr 2025 13:54:44 GMT
Connection: keep-alive
Keep-Alive: timeout=600

21:54:44.178 [AsyncHttpClient-1-2] DEBUG org.asynchttpclient.netty.channel.ChannelManager -- Adding key: http://127.0.0.1:4723 for channel [id: 0xd850032e, L:/127.0.0.1:49363 - R:/127.0.0.1:4723]
21:54:44.178 [Forwarding getElementText on session 9d505292-1662-4e03-b7da-959f22fa1c1e to remote] DEBUG org.asynchttpclient.netty.request.NettyRequestSender -- Using pooled Channel '[id: 0xd850032e, L:/127.0.0.1:49363 - R:/127.0.0.1:4723]' for 'GET' to 'http://127.0.0.1:4723/session/9d505292-1662-4e03-b7da-959f22fa1c1e/element/f.09BF641F5805ED6A5007B9E87D61469D.d.777EDFA98D7557D72B5B8D92AD5D4E58.e.459/text'
21:54:44.178 [Forwarding getElementText on session 9d505292-1662-4e03-b7da-959f22fa1c1e to remote] DEBUG org.asynchttpclient.netty.request.NettyRequestSender -- Using open Channel [id: 0xd850032e, L:/127.0.0.1:49363 - R:/127.0.0.1:4723] for GET '/session/9d505292-1662-4e03-b7da-959f22fa1c1e/element/f.09BF641F5805ED6A5007B9E87D61469D.d.777EDFA98D7557D72B5B8D92AD5D4E58.e.459/text'
21:54:44.198 [AsyncHttpClient-1-2] DEBUG org.asynchttpclient.netty.handler.HttpHandler -- 

Request DefaultFullHttpRequest(decodeResult: success, version: HTTP/1.1, content: EmptyByteBufBE)
GET /session/9d505292-1662-4e03-b7da-959f22fa1c1e/element/f.09BF641F5805ED6A5007B9E87D61469D.d.777EDFA98D7557D72B5B8D92AD5D4E58.e.459/text HTTP/1.1
Cache-Control: no-cache
User-Agent: appium/8.3.0 (selenium/4.8.3 (java mac))
Content-Type: application/json; charset=utf-8
host: 127.0.0.1:4723
accept: */*

Response DefaultHttpResponse(decodeResult: success, version: HTTP/1.1)
HTTP/1.1 200 OK
X-Powered-By: Express
Content-Type: application/json; charset=utf-8
Content-Length: 21
ETag: W/"15-7+xTwbSN9YX2VbEJsiULx1WfOfE"
Date: Sun, 06 Apr 2025 13:54:44 GMT
Connection: keep-alive
Keep-Alive: timeout=600

21:54:44.198 [AsyncHttpClient-1-2] DEBUG org.asynchttpclient.netty.channel.ChannelManager -- Adding key: http://127.0.0.1:4723 for channel [id: 0xd850032e, L:/127.0.0.1:49363 - R:/127.0.0.1:4723]
21:54:44.199 [Forwarding getElementText on session 9d505292-1662-4e03-b7da-959f22fa1c1e to remote] DEBUG org.asynchttpclient.netty.request.NettyRequestSender -- Using pooled Channel '[id: 0xd850032e, L:/127.0.0.1:49363 - R:/127.0.0.1:4723]' for 'GET' to 'http://127.0.0.1:4723/session/9d505292-1662-4e03-b7da-959f22fa1c1e/element/f.09BF641F5805ED6A5007B9E87D61469D.d.777EDFA98D7557D72B5B8D92AD5D4E58.e.461/text'
21:54:44.199 [Forwarding getElementText on session 9d505292-1662-4e03-b7da-959f22fa1c1e to remote] DEBUG org.asynchttpclient.netty.request.NettyRequestSender -- Using open Channel [id: 0xd850032e, L:/127.0.0.1:49363 - R:/127.0.0.1:4723] for GET '/session/9d505292-1662-4e03-b7da-959f22fa1c1e/element/f.09BF641F5805ED6A5007B9E87D61469D.d.777EDFA98D7557D72B5B8D92AD5D4E58.e.461/text'
21:54:44.219 [AsyncHttpClient-1-2] DEBUG org.asynchttpclient.netty.handler.HttpHandler -- 

Request DefaultFullHttpRequest(decodeResult: success, version: HTTP/1.1, content: EmptyByteBufBE)
GET /session/9d505292-1662-4e03-b7da-959f22fa1c1e/element/f.09BF641F5805ED6A5007B9E87D61469D.d.777EDFA98D7557D72B5B8D92AD5D4E58.e.461/text HTTP/1.1
Cache-Control: no-cache
User-Agent: appium/8.3.0 (selenium/4.8.3 (java mac))
Content-Type: application/json; charset=utf-8
host: 127.0.0.1:4723
accept: */*

Response DefaultHttpResponse(decodeResult: success, version: HTTP/1.1)
HTTP/1.1 200 OK
X-Powered-By: Express
Content-Type: application/json; charset=utf-8
Content-Length: 21
ETag: W/"15-sy6wG1ZMc1llo7Ghfo5WR6XdNW8"
Date: Sun, 06 Apr 2025 13:54:44 GMT
Connection: keep-alive
Keep-Alive: timeout=600

21:54:44.219 [AsyncHttpClient-1-2] DEBUG org.asynchttpclient.netty.channel.ChannelManager -- Adding key: http://127.0.0.1:4723 for channel [id: 0xd850032e, L:/127.0.0.1:49363 - R:/127.0.0.1:4723]
21:54:44.219 [Forwarding getElementText on session 9d505292-1662-4e03-b7da-959f22fa1c1e to remote] DEBUG org.asynchttpclient.netty.request.NettyRequestSender -- Using pooled Channel '[id: 0xd850032e, L:/127.0.0.1:49363 - R:/127.0.0.1:4723]' for 'GET' to 'http://127.0.0.1:4723/session/9d505292-1662-4e03-b7da-959f22fa1c1e/element/f.09BF641F5805ED6A5007B9E87D61469D.d.777EDFA98D7557D72B5B8D92AD5D4E58.e.463/text'
21:54:44.220 [Forwarding getElementText on session 9d505292-1662-4e03-b7da-959f22fa1c1e to remote] DEBUG org.asynchttpclient.netty.request.NettyRequestSender -- Using open Channel [id: 0xd850032e, L:/127.0.0.1:49363 - R:/127.0.0.1:4723] for GET '/session/9d505292-1662-4e03-b7da-959f22fa1c1e/element/f.09BF641F5805ED6A5007B9E87D61469D.d.777EDFA98D7557D72B5B8D92AD5D4E58.e.463/text'
21:54:44.238 [AsyncHttpClient-1-2] DEBUG org.asynchttpclient.netty.handler.HttpHandler -- 

Request DefaultFullHttpRequest(decodeResult: success, version: HTTP/1.1, content: EmptyByteBufBE)
GET /session/9d505292-1662-4e03-b7da-959f22fa1c1e/element/f.09BF641F5805ED6A5007B9E87D61469D.d.777EDFA98D7557D72B5B8D92AD5D4E58.e.463/text HTTP/1.1
Cache-Control: no-cache
User-Agent: appium/8.3.0 (selenium/4.8.3 (java mac))
Content-Type: application/json; charset=utf-8
host: 127.0.0.1:4723
accept: */*

Response DefaultHttpResponse(decodeResult: success, version: HTTP/1.1)
HTTP/1.1 200 OK
X-Powered-By: Express
Content-Type: application/json; charset=utf-8
Content-Length: 21
ETag: W/"15-InZYDGb9AhXLB/cDKFhVgYC/aZI"
Date: Sun, 06 Apr 2025 13:54:44 GMT
Connection: keep-alive
Keep-Alive: timeout=600

21:54:44.238 [AsyncHttpClient-1-2] DEBUG org.asynchttpclient.netty.channel.ChannelManager -- Adding key: http://127.0.0.1:4723 for channel [id: 0xd850032e, L:/127.0.0.1:49363 - R:/127.0.0.1:4723]
21:54:44.239 [Forwarding getElementText on session 9d505292-1662-4e03-b7da-959f22fa1c1e to remote] DEBUG org.asynchttpclient.netty.request.NettyRequestSender -- Using pooled Channel '[id: 0xd850032e, L:/127.0.0.1:49363 - R:/127.0.0.1:4723]' for 'GET' to 'http://127.0.0.1:4723/session/9d505292-1662-4e03-b7da-959f22fa1c1e/element/f.09BF641F5805ED6A5007B9E87D61469D.d.777EDFA98D7557D72B5B8D92AD5D4E58.e.465/text'
21:54:44.239 [Forwarding getElementText on session 9d505292-1662-4e03-b7da-959f22fa1c1e to remote] DEBUG org.asynchttpclient.netty.request.NettyRequestSender -- Using open Channel [id: 0xd850032e, L:/127.0.0.1:49363 - R:/127.0.0.1:4723] for GET '/session/9d505292-1662-4e03-b7da-959f22fa1c1e/element/f.09BF641F5805ED6A5007B9E87D61469D.d.777EDFA98D7557D72B5B8D92AD5D4E58.e.465/text'
21:54:44.259 [AsyncHttpClient-1-2] DEBUG org.asynchttpclient.netty.handler.HttpHandler -- 

Request DefaultFullHttpRequest(decodeResult: success, version: HTTP/1.1, content: EmptyByteBufBE)
GET /session/9d505292-1662-4e03-b7da-959f22fa1c1e/element/f.09BF641F5805ED6A5007B9E87D61469D.d.777EDFA98D7557D72B5B8D92AD5D4E58.e.465/text HTTP/1.1
Cache-Control: no-cache
User-Agent: appium/8.3.0 (selenium/4.8.3 (java mac))
Content-Type: application/json; charset=utf-8
host: 127.0.0.1:4723
accept: */*

Response DefaultHttpResponse(decodeResult: success, version: HTTP/1.1)
HTTP/1.1 200 OK
X-Powered-By: Express
Content-Type: application/json; charset=utf-8
Content-Length: 21
ETag: W/"15-ZFBIjXT9TyfAdYrZ0ohCC1H+oAw"
Date: Sun, 06 Apr 2025 13:54:44 GMT
Connection: keep-alive
Keep-Alive: timeout=600

21:54:44.259 [AsyncHttpClient-1-2] DEBUG org.asynchttpclient.netty.channel.ChannelManager -- Adding key: http://127.0.0.1:4723 for channel [id: 0xd850032e, L:/127.0.0.1:49363 - R:/127.0.0.1:4723]
21:54:44.260 [Forwarding getElementText on session 9d505292-1662-4e03-b7da-959f22fa1c1e to remote] DEBUG org.asynchttpclient.netty.request.NettyRequestSender -- Using pooled Channel '[id: 0xd850032e, L:/127.0.0.1:49363 - R:/127.0.0.1:4723]' for 'GET' to 'http://127.0.0.1:4723/session/9d505292-1662-4e03-b7da-959f22fa1c1e/element/f.09BF641F5805ED6A5007B9E87D61469D.d.777EDFA98D7557D72B5B8D92AD5D4E58.e.467/text'
21:54:44.260 [Forwarding getElementText on session 9d505292-1662-4e03-b7da-959f22fa1c1e to remote] DEBUG org.asynchttpclient.netty.request.NettyRequestSender -- Using open Channel [id: 0xd850032e, L:/127.0.0.1:49363 - R:/127.0.0.1:4723] for GET '/session/9d505292-1662-4e03-b7da-959f22fa1c1e/element/f.09BF641F5805ED6A5007B9E87D61469D.d.777EDFA98D7557D72B5B8D92AD5D4E58.e.467/text'
21:54:44.279 [AsyncHttpClient-1-2] DEBUG org.asynchttpclient.netty.handler.HttpHandler -- 

Request DefaultFullHttpRequest(decodeResult: success, version: HTTP/1.1, content: EmptyByteBufBE)
GET /session/9d505292-1662-4e03-b7da-959f22fa1c1e/element/f.09BF641F5805ED6A5007B9E87D61469D.d.777EDFA98D7557D72B5B8D92AD5D4E58.e.467/text HTTP/1.1
Cache-Control: no-cache
User-Agent: appium/8.3.0 (selenium/4.8.3 (java mac))
Content-Type: application/json; charset=utf-8
host: 127.0.0.1:4723
accept: */*

Response DefaultHttpResponse(decodeResult: success, version: HTTP/1.1)
HTTP/1.1 200 OK
X-Powered-By: Express
Content-Type: application/json; charset=utf-8
Content-Length: 21
ETag: W/"15-XhDPVOhMhsTvyO7tj/w8rMzHdhA"
Date: Sun, 06 Apr 2025 13:54:44 GMT
Connection: keep-alive
Keep-Alive: timeout=600

21:54:44.280 [AsyncHttpClient-1-2] DEBUG org.asynchttpclient.netty.channel.ChannelManager -- Adding key: http://127.0.0.1:4723 for channel [id: 0xd850032e, L:/127.0.0.1:49363 - R:/127.0.0.1:4723]
21:54:44.280 [Forwarding getElementText on session 9d505292-1662-4e03-b7da-959f22fa1c1e to remote] DEBUG org.asynchttpclient.netty.request.NettyRequestSender -- Using pooled Channel '[id: 0xd850032e, L:/127.0.0.1:49363 - R:/127.0.0.1:4723]' for 'GET' to 'http://127.0.0.1:4723/session/9d505292-1662-4e03-b7da-959f22fa1c1e/element/f.09BF641F5805ED6A5007B9E87D61469D.d.777EDFA98D7557D72B5B8D92AD5D4E58.e.469/text'
21:54:44.280 [Forwarding getElementText on session 9d505292-1662-4e03-b7da-959f22fa1c1e to remote] DEBUG org.asynchttpclient.netty.request.NettyRequestSender -- Using open Channel [id: 0xd850032e, L:/127.0.0.1:49363 - R:/127.0.0.1:4723] for GET '/session/9d505292-1662-4e03-b7da-959f22fa1c1e/element/f.09BF641F5805ED6A5007B9E87D61469D.d.777EDFA98D7557D72B5B8D92AD5D4E58.e.469/text'
21:54:44.299 [AsyncHttpClient-1-2] DEBUG org.asynchttpclient.netty.handler.HttpHandler -- 

Request DefaultFullHttpRequest(decodeResult: success, version: HTTP/1.1, content: EmptyByteBufBE)
GET /session/9d505292-1662-4e03-b7da-959f22fa1c1e/element/f.09BF641F5805ED6A5007B9E87D61469D.d.777EDFA98D7557D72B5B8D92AD5D4E58.e.469/text HTTP/1.1
Cache-Control: no-cache
User-Agent: appium/8.3.0 (selenium/4.8.3 (java mac))
Content-Type: application/json; charset=utf-8
host: 127.0.0.1:4723
accept: */*

Response DefaultHttpResponse(decodeResult: success, version: HTTP/1.1)
HTTP/1.1 200 OK
X-Powered-By: Express
Content-Type: application/json; charset=utf-8
Content-Length: 21
ETag: W/"15-N2kzJwF9mDxQxzX5WUUsxqoBSEM"
Date: Sun, 06 Apr 2025 13:54:44 GMT
Connection: keep-alive
Keep-Alive: timeout=600

21:54:44.299 [AsyncHttpClient-1-2] DEBUG org.asynchttpclient.netty.channel.ChannelManager -- Adding key: http://127.0.0.1:4723 for channel [id: 0xd850032e, L:/127.0.0.1:49363 - R:/127.0.0.1:4723]
21:54:44.300 [Forwarding getElementText on session 9d505292-1662-4e03-b7da-959f22fa1c1e to remote] DEBUG org.asynchttpclient.netty.request.NettyRequestSender -- Using pooled Channel '[id: 0xd850032e, L:/127.0.0.1:49363 - R:/127.0.0.1:4723]' for 'GET' to 'http://127.0.0.1:4723/session/9d505292-1662-4e03-b7da-959f22fa1c1e/element/f.09BF641F5805ED6A5007B9E87D61469D.d.777EDFA98D7557D72B5B8D92AD5D4E58.e.471/text'
21:54:44.300 [Forwarding getElementText on session 9d505292-1662-4e03-b7da-959f22fa1c1e to remote] DEBUG org.asynchttpclient.netty.request.NettyRequestSender -- Using open Channel [id: 0xd850032e, L:/127.0.0.1:49363 - R:/127.0.0.1:4723] for GET '/session/9d505292-1662-4e03-b7da-959f22fa1c1e/element/f.09BF641F5805ED6A5007B9E87D61469D.d.777EDFA98D7557D72B5B8D92AD5D4E58.e.471/text'
21:54:44.320 [AsyncHttpClient-1-2] DEBUG org.asynchttpclient.netty.handler.HttpHandler -- 

Request DefaultFullHttpRequest(decodeResult: success, version: HTTP/1.1, content: EmptyByteBufBE)
GET /session/9d505292-1662-4e03-b7da-959f22fa1c1e/element/f.09BF641F5805ED6A5007B9E87D61469D.d.777EDFA98D7557D72B5B8D92AD5D4E58.e.471/text HTTP/1.1
Cache-Control: no-cache
User-Agent: appium/8.3.0 (selenium/4.8.3 (java mac))
Content-Type: application/json; charset=utf-8
host: 127.0.0.1:4723
accept: */*

Response DefaultHttpResponse(decodeResult: success, version: HTTP/1.1)
HTTP/1.1 200 OK
X-Powered-By: Express
Content-Type: application/json; charset=utf-8
Content-Length: 21
ETag: W/"15-QhVWC8i9jHW3jtWPPsAgNYpfCOk"
Date: Sun, 06 Apr 2025 13:54:44 GMT
Connection: keep-alive
Keep-Alive: timeout=600

21:54:44.320 [AsyncHttpClient-1-2] DEBUG org.asynchttpclient.netty.channel.ChannelManager -- Adding key: http://127.0.0.1:4723 for channel [id: 0xd850032e, L:/127.0.0.1:49363 - R:/127.0.0.1:4723]
21:54:44.321 [Forwarding getElementText on session 9d505292-1662-4e03-b7da-959f22fa1c1e to remote] DEBUG org.asynchttpclient.netty.request.NettyRequestSender -- Using pooled Channel '[id: 0xd850032e, L:/127.0.0.1:49363 - R:/127.0.0.1:4723]' for 'GET' to 'http://127.0.0.1:4723/session/9d505292-1662-4e03-b7da-959f22fa1c1e/element/f.09BF641F5805ED6A5007B9E87D61469D.d.777EDFA98D7557D72B5B8D92AD5D4E58.e.473/text'
21:54:44.321 [Forwarding getElementText on session 9d505292-1662-4e03-b7da-959f22fa1c1e to remote] DEBUG org.asynchttpclient.netty.request.NettyRequestSender -- Using open Channel [id: 0xd850032e, L:/127.0.0.1:49363 - R:/127.0.0.1:4723] for GET '/session/9d505292-1662-4e03-b7da-959f22fa1c1e/element/f.09BF641F5805ED6A5007B9E87D61469D.d.777EDFA98D7557D72B5B8D92AD5D4E58.e.473/text'
21:54:44.343 [AsyncHttpClient-1-2] DEBUG org.asynchttpclient.netty.handler.HttpHandler -- 

Request DefaultFullHttpRequest(decodeResult: success, version: HTTP/1.1, content: EmptyByteBufBE)
GET /session/9d505292-1662-4e03-b7da-959f22fa1c1e/element/f.09BF641F5805ED6A5007B9E87D61469D.d.777EDFA98D7557D72B5B8D92AD5D4E58.e.473/text HTTP/1.1
Cache-Control: no-cache
User-Agent: appium/8.3.0 (selenium/4.8.3 (java mac))
Content-Type: application/json; charset=utf-8
host: 127.0.0.1:4723
accept: */*

Response DefaultHttpResponse(decodeResult: success, version: HTTP/1.1)
HTTP/1.1 200 OK
X-Powered-By: Express
Content-Type: application/json; charset=utf-8
Content-Length: 21
ETag: W/"15-6RbaTcXN2WEWHeLXI5fL+gCyD7Q"
Date: Sun, 06 Apr 2025 13:54:44 GMT
Connection: keep-alive
Keep-Alive: timeout=600

21:54:44.343 [AsyncHttpClient-1-2] DEBUG org.asynchttpclient.netty.channel.ChannelManager -- Adding key: http://127.0.0.1:4723 for channel [id: 0xd850032e, L:/127.0.0.1:49363 - R:/127.0.0.1:4723]
21:54:44.344 [Forwarding getElementText on session 9d505292-1662-4e03-b7da-959f22fa1c1e to remote] DEBUG org.asynchttpclient.netty.request.NettyRequestSender -- Using pooled Channel '[id: 0xd850032e, L:/127.0.0.1:49363 - R:/127.0.0.1:4723]' for 'GET' to 'http://127.0.0.1:4723/session/9d505292-1662-4e03-b7da-959f22fa1c1e/element/f.09BF641F5805ED6A5007B9E87D61469D.d.777EDFA98D7557D72B5B8D92AD5D4E58.e.475/text'
21:54:44.344 [Forwarding getElementText on session 9d505292-1662-4e03-b7da-959f22fa1c1e to remote] DEBUG org.asynchttpclient.netty.request.NettyRequestSender -- Using open Channel [id: 0xd850032e, L:/127.0.0.1:49363 - R:/127.0.0.1:4723] for GET '/session/9d505292-1662-4e03-b7da-959f22fa1c1e/element/f.09BF641F5805ED6A5007B9E87D61469D.d.777EDFA98D7557D72B5B8D92AD5D4E58.e.475/text'
21:54:44.366 [AsyncHttpClient-1-2] DEBUG org.asynchttpclient.netty.handler.HttpHandler -- 

Request DefaultFullHttpRequest(decodeResult: success, version: HTTP/1.1, content: EmptyByteBufBE)
GET /session/9d505292-1662-4e03-b7da-959f22fa1c1e/element/f.09BF641F5805ED6A5007B9E87D61469D.d.777EDFA98D7557D72B5B8D92AD5D4E58.e.475/text HTTP/1.1
Cache-Control: no-cache
User-Agent: appium/8.3.0 (selenium/4.8.3 (java mac))
Content-Type: application/json; charset=utf-8
host: 127.0.0.1:4723
accept: */*

Response DefaultHttpResponse(decodeResult: success, version: HTTP/1.1)
HTTP/1.1 200 OK
X-Powered-By: Express
Content-Type: application/json; charset=utf-8
Content-Length: 21
ETag: W/"15-ssPelLn325Zyu4HJS2Mi+OGBJIk"
Date: Sun, 06 Apr 2025 13:54:44 GMT
Connection: keep-alive
Keep-Alive: timeout=600

21:54:44.366 [AsyncHttpClient-1-2] DEBUG org.asynchttpclient.netty.channel.ChannelManager -- Adding key: http://127.0.0.1:4723 for channel [id: 0xd850032e, L:/127.0.0.1:49363 - R:/127.0.0.1:4723]
驗證縣市「台北市」與其行政區成功！
21:54:44.367 [Forwarding executeScript on session 9d505292-1662-4e03-b7da-959f22fa1c1e to remote] DEBUG org.asynchttpclient.netty.request.NettyRequestSender -- Using pooled Channel '[id: 0xd850032e, L:/127.0.0.1:49363 - R:/127.0.0.1:4723]' for 'POST' to 'http://127.0.0.1:4723/session/9d505292-1662-4e03-b7da-959f22fa1c1e/execute/sync'
21:54:44.367 [Forwarding executeScript on session 9d505292-1662-4e03-b7da-959f22fa1c1e to remote] DEBUG org.asynchttpclient.netty.request.NettyRequestSender -- Using open Channel [id: 0xd850032e, L:/127.0.0.1:49363 - R:/127.0.0.1:4723] for POST '/session/9d505292-1662-4e03-b7da-959f22fa1c1e/execute/sync'
21:54:44.394 [AsyncHttpClient-1-2] DEBUG org.asynchttpclient.netty.handler.HttpHandler -- 

Request DefaultHttpRequest(decodeResult: success, version: HTTP/1.1)
POST /session/9d505292-1662-4e03-b7da-959f22fa1c1e/execute/sync HTTP/1.1
User-Agent: appium/8.3.0 (selenium/4.8.3 (java mac))
Content-Length: 347
Content-Type: application/json; charset=utf-8
host: 127.0.0.1:4723
accept: */*

Response DefaultHttpResponse(decodeResult: success, version: HTTP/1.1)
HTTP/1.1 200 OK
X-Powered-By: Express
Vary: X-HTTP-Method-Override
Content-Type: application/json; charset=utf-8
Content-Length: 14
ETag: W/"e-9/1BuKMgFObM1mWJm+YjxtXJnUM"
Date: Sun, 06 Apr 2025 13:54:44 GMT
Connection: keep-alive
Keep-Alive: timeout=600

21:54:44.394 [AsyncHttpClient-1-2] DEBUG org.asynchttpclient.netty.channel.ChannelManager -- Adding key: http://127.0.0.1:4723 for channel [id: 0xd850032e, L:/127.0.0.1:49363 - R:/127.0.0.1:4723]
21:54:44.395 [Forwarding findElement on session 9d505292-1662-4e03-b7da-959f22fa1c1e to remote] DEBUG org.asynchttpclient.netty.request.NettyRequestSender -- Using pooled Channel '[id: 0xd850032e, L:/127.0.0.1:49363 - R:/127.0.0.1:4723]' for 'POST' to 'http://127.0.0.1:4723/session/9d505292-1662-4e03-b7da-959f22fa1c1e/element'
21:54:44.395 [Forwarding findElement on session 9d505292-1662-4e03-b7da-959f22fa1c1e to remote] DEBUG org.asynchttpclient.netty.request.NettyRequestSender -- Using open Channel [id: 0xd850032e, L:/127.0.0.1:49363 - R:/127.0.0.1:4723] for POST '/session/9d505292-1662-4e03-b7da-959f22fa1c1e/element'
21:54:44.416 [AsyncHttpClient-1-2] DEBUG org.asynchttpclient.netty.handler.HttpHandler -- 

Request DefaultHttpRequest(decodeResult: success, version: HTTP/1.1)
POST /session/9d505292-1662-4e03-b7da-959f22fa1c1e/element HTTP/1.1
User-Agent: appium/8.3.0 (selenium/4.8.3 (java mac))
Content-Length: 64
Content-Type: application/json; charset=utf-8
host: 127.0.0.1:4723
accept: */*

Response DefaultHttpResponse(decodeResult: success, version: HTTP/1.1)
HTTP/1.1 200 OK
X-Powered-By: Express
Vary: X-HTTP-Method-Override
Content-Type: application/json; charset=utf-8
Content-Length: 215
ETag: W/"d7-hLLmI8sXBhj61n8KQz/SSgPhJ+w"
Date: Sun, 06 Apr 2025 13:54:44 GMT
Connection: keep-alive
Keep-Alive: timeout=600

21:54:44.416 [AsyncHttpClient-1-2] DEBUG org.asynchttpclient.netty.channel.ChannelManager -- Adding key: http://127.0.0.1:4723 for channel [id: 0xd850032e, L:/127.0.0.1:49363 - R:/127.0.0.1:4723]
21:54:44.523 [Forwarding findChildElements on session 9d505292-1662-4e03-b7da-959f22fa1c1e to remote] DEBUG org.asynchttpclient.netty.request.NettyRequestSender -- Using pooled Channel '[id: 0xd850032e, L:/127.0.0.1:49363 - R:/127.0.0.1:4723]' for 'POST' to 'http://127.0.0.1:4723/session/9d505292-1662-4e03-b7da-959f22fa1c1e/element/f.09BF641F5805ED6A5007B9E87D61469D.d.777EDFA98D7557D72B5B8D92AD5D4E58.e.377/elements'
21:54:44.523 [Forwarding findChildElements on session 9d505292-1662-4e03-b7da-959f22fa1c1e to remote] DEBUG org.asynchttpclient.netty.request.NettyRequestSender -- Using open Channel [id: 0xd850032e, L:/127.0.0.1:49363 - R:/127.0.0.1:4723] for POST '/session/9d505292-1662-4e03-b7da-959f22fa1c1e/element/f.09BF641F5805ED6A5007B9E87D61469D.d.777EDFA98D7557D72B5B8D92AD5D4E58.e.377/elements'
21:54:44.550 [AsyncHttpClient-1-2] DEBUG org.asynchttpclient.netty.handler.HttpHandler -- 

Request DefaultHttpRequest(decodeResult: success, version: HTTP/1.1)
POST /session/9d505292-1662-4e03-b7da-959f22fa1c1e/element/f.09BF641F5805ED6A5007B9E87D61469D.d.777EDFA98D7557D72B5B8D92AD5D4E58.e.377/elements HTTP/1.1
User-Agent: appium/8.3.0 (selenium/4.8.3 (java mac))
Content-Length: 133
Content-Type: application/json; charset=utf-8
host: 127.0.0.1:4723
accept: */*

Response DefaultHttpResponse(decodeResult: success, version: HTTP/1.1)
HTTP/1.1 200 OK
X-Powered-By: Express
Vary: X-HTTP-Method-Override
Content-Type: application/json; charset=utf-8
Content-Length: 6191
ETag: W/"182f-Aeap/QcEM4Yyk6Ra1nE5S9vwb/Y"
Date: Sun, 06 Apr 2025 13:54:44 GMT
Connection: keep-alive
Keep-Alive: timeout=600

21:54:44.550 [AsyncHttpClient-1-2] DEBUG org.asynchttpclient.netty.channel.ChannelManager -- Adding key: http://127.0.0.1:4723 for channel [id: 0xd850032e, L:/127.0.0.1:49363 - R:/127.0.0.1:4723]
21:54:44.551 [Forwarding getElementText on session 9d505292-1662-4e03-b7da-959f22fa1c1e to remote] DEBUG org.asynchttpclient.netty.request.NettyRequestSender -- Using pooled Channel '[id: 0xd850032e, L:/127.0.0.1:49363 - R:/127.0.0.1:4723]' for 'GET' to 'http://127.0.0.1:4723/session/9d505292-1662-4e03-b7da-959f22fa1c1e/element/f.09BF641F5805ED6A5007B9E87D61469D.d.777EDFA98D7557D72B5B8D92AD5D4E58.e.479/text'
21:54:44.551 [Forwarding getElementText on session 9d505292-1662-4e03-b7da-959f22fa1c1e to remote] DEBUG org.asynchttpclient.netty.request.NettyRequestSender -- Using open Channel [id: 0xd850032e, L:/127.0.0.1:49363 - R:/127.0.0.1:4723] for GET '/session/9d505292-1662-4e03-b7da-959f22fa1c1e/element/f.09BF641F5805ED6A5007B9E87D61469D.d.777EDFA98D7557D72B5B8D92AD5D4E58.e.479/text'
21:54:44.574 [AsyncHttpClient-1-2] DEBUG org.asynchttpclient.netty.handler.HttpHandler -- 

Request DefaultFullHttpRequest(decodeResult: success, version: HTTP/1.1, content: EmptyByteBufBE)
GET /session/9d505292-1662-4e03-b7da-959f22fa1c1e/element/f.09BF641F5805ED6A5007B9E87D61469D.d.777EDFA98D7557D72B5B8D92AD5D4E58.e.479/text HTTP/1.1
Cache-Control: no-cache
User-Agent: appium/8.3.0 (selenium/4.8.3 (java mac))
Content-Type: application/json; charset=utf-8
host: 127.0.0.1:4723
accept: */*

Response DefaultHttpResponse(decodeResult: success, version: HTTP/1.1)
HTTP/1.1 200 OK
X-Powered-By: Express
Content-Type: application/json; charset=utf-8
Content-Length: 27
ETag: W/"1b-WszMrTDLUBhetLFWttbtrso7fzY"
Date: Sun, 06 Apr 2025 13:54:44 GMT
Connection: keep-alive
Keep-Alive: timeout=600

21:54:44.574 [AsyncHttpClient-1-2] DEBUG org.asynchttpclient.netty.channel.ChannelManager -- Adding key: http://127.0.0.1:4723 for channel [id: 0xd850032e, L:/127.0.0.1:49363 - R:/127.0.0.1:4723]
21:54:44.575 [Forwarding getElementText on session 9d505292-1662-4e03-b7da-959f22fa1c1e to remote] DEBUG org.asynchttpclient.netty.request.NettyRequestSender -- Using pooled Channel '[id: 0xd850032e, L:/127.0.0.1:49363 - R:/127.0.0.1:4723]' for 'GET' to 'http://127.0.0.1:4723/session/9d505292-1662-4e03-b7da-959f22fa1c1e/element/f.09BF641F5805ED6A5007B9E87D61469D.d.777EDFA98D7557D72B5B8D92AD5D4E58.e.481/text'
21:54:44.575 [Forwarding getElementText on session 9d505292-1662-4e03-b7da-959f22fa1c1e to remote] DEBUG org.asynchttpclient.netty.request.NettyRequestSender -- Using open Channel [id: 0xd850032e, L:/127.0.0.1:49363 - R:/127.0.0.1:4723] for GET '/session/9d505292-1662-4e03-b7da-959f22fa1c1e/element/f.09BF641F5805ED6A5007B9E87D61469D.d.777EDFA98D7557D72B5B8D92AD5D4E58.e.481/text'
21:54:44.595 [AsyncHttpClient-1-2] DEBUG org.asynchttpclient.netty.handler.HttpHandler -- 

Request DefaultFullHttpRequest(decodeResult: success, version: HTTP/1.1, content: EmptyByteBufBE)
GET /session/9d505292-1662-4e03-b7da-959f22fa1c1e/element/f.09BF641F5805ED6A5007B9E87D61469D.d.777EDFA98D7557D72B5B8D92AD5D4E58.e.481/text HTTP/1.1
Cache-Control: no-cache
User-Agent: appium/8.3.0 (selenium/4.8.3 (java mac))
Content-Type: application/json; charset=utf-8
host: 127.0.0.1:4723
accept: */*

Response DefaultHttpResponse(decodeResult: success, version: HTTP/1.1)
HTTP/1.1 200 OK
X-Powered-By: Express
Content-Type: application/json; charset=utf-8
Content-Length: 21
ETag: W/"15-xt4bqa8aG5u75hj/fsjXiNgjAFg"
Date: Sun, 06 Apr 2025 13:54:44 GMT
Connection: keep-alive
Keep-Alive: timeout=600

21:54:44.595 [AsyncHttpClient-1-2] DEBUG org.asynchttpclient.netty.channel.ChannelManager -- Adding key: http://127.0.0.1:4723 for channel [id: 0xd850032e, L:/127.0.0.1:49363 - R:/127.0.0.1:4723]
21:54:44.596 [Forwarding getElementText on session 9d505292-1662-4e03-b7da-959f22fa1c1e to remote] DEBUG org.asynchttpclient.netty.request.NettyRequestSender -- Using pooled Channel '[id: 0xd850032e, L:/127.0.0.1:49363 - R:/127.0.0.1:4723]' for 'GET' to 'http://127.0.0.1:4723/session/9d505292-1662-4e03-b7da-959f22fa1c1e/element/f.09BF641F5805ED6A5007B9E87D61469D.d.777EDFA98D7557D72B5B8D92AD5D4E58.e.483/text'
21:54:44.596 [Forwarding getElementText on session 9d505292-1662-4e03-b7da-959f22fa1c1e to remote] DEBUG org.asynchttpclient.netty.request.NettyRequestSender -- Using open Channel [id: 0xd850032e, L:/127.0.0.1:49363 - R:/127.0.0.1:4723] for GET '/session/9d505292-1662-4e03-b7da-959f22fa1c1e/element/f.09BF641F5805ED6A5007B9E87D61469D.d.777EDFA98D7557D72B5B8D92AD5D4E58.e.483/text'
21:54:44.617 [AsyncHttpClient-1-2] DEBUG org.asynchttpclient.netty.handler.HttpHandler -- 

Request DefaultFullHttpRequest(decodeResult: success, version: HTTP/1.1, content: EmptyByteBufBE)
GET /session/9d505292-1662-4e03-b7da-959f22fa1c1e/element/f.09BF641F5805ED6A5007B9E87D61469D.d.777EDFA98D7557D72B5B8D92AD5D4E58.e.483/text HTTP/1.1
Cache-Control: no-cache
User-Agent: appium/8.3.0 (selenium/4.8.3 (java mac))
Content-Type: application/json; charset=utf-8
host: 127.0.0.1:4723
accept: */*

Response DefaultHttpResponse(decodeResult: success, version: HTTP/1.1)
HTTP/1.1 200 OK
X-Powered-By: Express
Content-Type: application/json; charset=utf-8
Content-Length: 21
ETag: W/"15-qAXSvQw2lSJ+moAcSR9Fhr3amoI"
Date: Sun, 06 Apr 2025 13:54:44 GMT
Connection: keep-alive
Keep-Alive: timeout=600

21:54:44.617 [AsyncHttpClient-1-2] DEBUG org.asynchttpclient.netty.channel.ChannelManager -- Adding key: http://127.0.0.1:4723 for channel [id: 0xd850032e, L:/127.0.0.1:49363 - R:/127.0.0.1:4723]
21:54:44.618 [Forwarding getElementText on session 9d505292-1662-4e03-b7da-959f22fa1c1e to remote] DEBUG org.asynchttpclient.netty.request.NettyRequestSender -- Using pooled Channel '[id: 0xd850032e, L:/127.0.0.1:49363 - R:/127.0.0.1:4723]' for 'GET' to 'http://127.0.0.1:4723/session/9d505292-1662-4e03-b7da-959f22fa1c1e/element/f.09BF641F5805ED6A5007B9E87D61469D.d.777EDFA98D7557D72B5B8D92AD5D4E58.e.485/text'
21:54:44.618 [Forwarding getElementText on session 9d505292-1662-4e03-b7da-959f22fa1c1e to remote] DEBUG org.asynchttpclient.netty.request.NettyRequestSender -- Using open Channel [id: 0xd850032e, L:/127.0.0.1:49363 - R:/127.0.0.1:4723] for GET '/session/9d505292-1662-4e03-b7da-959f22fa1c1e/element/f.09BF641F5805ED6A5007B9E87D61469D.d.777EDFA98D7557D72B5B8D92AD5D4E58.e.485/text'
21:54:44.638 [AsyncHttpClient-1-2] DEBUG org.asynchttpclient.netty.handler.HttpHandler -- 

Request DefaultFullHttpRequest(decodeResult: success, version: HTTP/1.1, content: EmptyByteBufBE)
GET /session/9d505292-1662-4e03-b7da-959f22fa1c1e/element/f.09BF641F5805ED6A5007B9E87D61469D.d.777EDFA98D7557D72B5B8D92AD5D4E58.e.485/text HTTP/1.1
Cache-Control: no-cache
User-Agent: appium/8.3.0 (selenium/4.8.3 (java mac))
Content-Type: application/json; charset=utf-8
host: 127.0.0.1:4723
accept: */*

Response DefaultHttpResponse(decodeResult: success, version: HTTP/1.1)
HTTP/1.1 200 OK
X-Powered-By: Express
Content-Type: application/json; charset=utf-8
Content-Length: 21
ETag: W/"15-3V255ocjirkUE09pnvPObL0Pxhk"
Date: Sun, 06 Apr 2025 13:54:44 GMT
Connection: keep-alive
Keep-Alive: timeout=600

21:54:44.638 [AsyncHttpClient-1-2] DEBUG org.asynchttpclient.netty.channel.ChannelManager -- Adding key: http://127.0.0.1:4723 for channel [id: 0xd850032e, L:/127.0.0.1:49363 - R:/127.0.0.1:4723]
21:54:44.638 [Forwarding getElementText on session 9d505292-1662-4e03-b7da-959f22fa1c1e to remote] DEBUG org.asynchttpclient.netty.request.NettyRequestSender -- Using pooled Channel '[id: 0xd850032e, L:/127.0.0.1:49363 - R:/127.0.0.1:4723]' for 'GET' to 'http://127.0.0.1:4723/session/9d505292-1662-4e03-b7da-959f22fa1c1e/element/f.09BF641F5805ED6A5007B9E87D61469D.d.777EDFA98D7557D72B5B8D92AD5D4E58.e.487/text'
21:54:44.638 [Forwarding getElementText on session 9d505292-1662-4e03-b7da-959f22fa1c1e to remote] DEBUG org.asynchttpclient.netty.request.NettyRequestSender -- Using open Channel [id: 0xd850032e, L:/127.0.0.1:49363 - R:/127.0.0.1:4723] for GET '/session/9d505292-1662-4e03-b7da-959f22fa1c1e/element/f.09BF641F5805ED6A5007B9E87D61469D.d.777EDFA98D7557D72B5B8D92AD5D4E58.e.487/text'
21:54:44.662 [AsyncHttpClient-1-2] DEBUG org.asynchttpclient.netty.handler.HttpHandler -- 

Request DefaultFullHttpRequest(decodeResult: success, version: HTTP/1.1, content: EmptyByteBufBE)
GET /session/9d505292-1662-4e03-b7da-959f22fa1c1e/element/f.09BF641F5805ED6A5007B9E87D61469D.d.777EDFA98D7557D72B5B8D92AD5D4E58.e.487/text HTTP/1.1
Cache-Control: no-cache
User-Agent: appium/8.3.0 (selenium/4.8.3 (java mac))
Content-Type: application/json; charset=utf-8
host: 127.0.0.1:4723
accept: */*

Response DefaultHttpResponse(decodeResult: success, version: HTTP/1.1)
HTTP/1.1 200 OK
X-Powered-By: Express
Content-Type: application/json; charset=utf-8
Content-Length: 21
ETag: W/"15-l9Q5M/xxJvWSxqqD7gKqQxs9r7A"
Date: Sun, 06 Apr 2025 13:54:44 GMT
Connection: keep-alive
Keep-Alive: timeout=600

21:54:44.662 [AsyncHttpClient-1-2] DEBUG org.asynchttpclient.netty.channel.ChannelManager -- Adding key: http://127.0.0.1:4723 for channel [id: 0xd850032e, L:/127.0.0.1:49363 - R:/127.0.0.1:4723]
21:54:44.663 [Forwarding getElementText on session 9d505292-1662-4e03-b7da-959f22fa1c1e to remote] DEBUG org.asynchttpclient.netty.request.NettyRequestSender -- Using pooled Channel '[id: 0xd850032e, L:/127.0.0.1:49363 - R:/127.0.0.1:4723]' for 'GET' to 'http://127.0.0.1:4723/session/9d505292-1662-4e03-b7da-959f22fa1c1e/element/f.09BF641F5805ED6A5007B9E87D61469D.d.777EDFA98D7557D72B5B8D92AD5D4E58.e.489/text'
21:54:44.663 [Forwarding getElementText on session 9d505292-1662-4e03-b7da-959f22fa1c1e to remote] DEBUG org.asynchttpclient.netty.request.NettyRequestSender -- Using open Channel [id: 0xd850032e, L:/127.0.0.1:49363 - R:/127.0.0.1:4723] for GET '/session/9d505292-1662-4e03-b7da-959f22fa1c1e/element/f.09BF641F5805ED6A5007B9E87D61469D.d.777EDFA98D7557D72B5B8D92AD5D4E58.e.489/text'
21:54:44.682 [AsyncHttpClient-1-2] DEBUG org.asynchttpclient.netty.handler.HttpHandler -- 

Request DefaultFullHttpRequest(decodeResult: success, version: HTTP/1.1, content: EmptyByteBufBE)
GET /session/9d505292-1662-4e03-b7da-959f22fa1c1e/element/f.09BF641F5805ED6A5007B9E87D61469D.d.777EDFA98D7557D72B5B8D92AD5D4E58.e.489/text HTTP/1.1
Cache-Control: no-cache
User-Agent: appium/8.3.0 (selenium/4.8.3 (java mac))
Content-Type: application/json; charset=utf-8
host: 127.0.0.1:4723
accept: */*

Response DefaultHttpResponse(decodeResult: success, version: HTTP/1.1)
HTTP/1.1 200 OK
X-Powered-By: Express
Content-Type: application/json; charset=utf-8
Content-Length: 21
ETag: W/"15-uHzwtsLi6HHXqsd468qZBWva1Vk"
Date: Sun, 06 Apr 2025 13:54:44 GMT
Connection: keep-alive
Keep-Alive: timeout=600

21:54:44.683 [AsyncHttpClient-1-2] DEBUG org.asynchttpclient.netty.channel.ChannelManager -- Adding key: http://127.0.0.1:4723 for channel [id: 0xd850032e, L:/127.0.0.1:49363 - R:/127.0.0.1:4723]
21:54:44.683 [Forwarding getElementText on session 9d505292-1662-4e03-b7da-959f22fa1c1e to remote] DEBUG org.asynchttpclient.netty.request.NettyRequestSender -- Using pooled Channel '[id: 0xd850032e, L:/127.0.0.1:49363 - R:/127.0.0.1:4723]' for 'GET' to 'http://127.0.0.1:4723/session/9d505292-1662-4e03-b7da-959f22fa1c1e/element/f.09BF641F5805ED6A5007B9E87D61469D.d.777EDFA98D7557D72B5B8D92AD5D4E58.e.491/text'
21:54:44.683 [Forwarding getElementText on session 9d505292-1662-4e03-b7da-959f22fa1c1e to remote] DEBUG org.asynchttpclient.netty.request.NettyRequestSender -- Using open Channel [id: 0xd850032e, L:/127.0.0.1:49363 - R:/127.0.0.1:4723] for GET '/session/9d505292-1662-4e03-b7da-959f22fa1c1e/element/f.09BF641F5805ED6A5007B9E87D61469D.d.777EDFA98D7557D72B5B8D92AD5D4E58.e.491/text'
21:54:44.703 [AsyncHttpClient-1-2] DEBUG org.asynchttpclient.netty.handler.HttpHandler -- 

Request DefaultFullHttpRequest(decodeResult: success, version: HTTP/1.1, content: EmptyByteBufBE)
GET /session/9d505292-1662-4e03-b7da-959f22fa1c1e/element/f.09BF641F5805ED6A5007B9E87D61469D.d.777EDFA98D7557D72B5B8D92AD5D4E58.e.491/text HTTP/1.1
Cache-Control: no-cache
User-Agent: appium/8.3.0 (selenium/4.8.3 (java mac))
Content-Type: application/json; charset=utf-8
host: 127.0.0.1:4723
accept: */*

Response DefaultHttpResponse(decodeResult: success, version: HTTP/1.1)
HTTP/1.1 200 OK
X-Powered-By: Express
Content-Type: application/json; charset=utf-8
Content-Length: 21
ETag: W/"15-ULInUibR8z10c6ag+x5MYeDyrL8"
Date: Sun, 06 Apr 2025 13:54:44 GMT
Connection: keep-alive
Keep-Alive: timeout=600

21:54:44.703 [AsyncHttpClient-1-2] DEBUG org.asynchttpclient.netty.channel.ChannelManager -- Adding key: http://127.0.0.1:4723 for channel [id: 0xd850032e, L:/127.0.0.1:49363 - R:/127.0.0.1:4723]
21:54:44.704 [Forwarding getElementText on session 9d505292-1662-4e03-b7da-959f22fa1c1e to remote] DEBUG org.asynchttpclient.netty.request.NettyRequestSender -- Using pooled Channel '[id: 0xd850032e, L:/127.0.0.1:49363 - R:/127.0.0.1:4723]' for 'GET' to 'http://127.0.0.1:4723/session/9d505292-1662-4e03-b7da-959f22fa1c1e/element/f.09BF641F5805ED6A5007B9E87D61469D.d.777EDFA98D7557D72B5B8D92AD5D4E58.e.493/text'
21:54:44.704 [Forwarding getElementText on session 9d505292-1662-4e03-b7da-959f22fa1c1e to remote] DEBUG org.asynchttpclient.netty.request.NettyRequestSender -- Using open Channel [id: 0xd850032e, L:/127.0.0.1:49363 - R:/127.0.0.1:4723] for GET '/session/9d505292-1662-4e03-b7da-959f22fa1c1e/element/f.09BF641F5805ED6A5007B9E87D61469D.d.777EDFA98D7557D72B5B8D92AD5D4E58.e.493/text'
21:54:44.724 [AsyncHttpClient-1-2] DEBUG org.asynchttpclient.netty.handler.HttpHandler -- 

Request DefaultFullHttpRequest(decodeResult: success, version: HTTP/1.1, content: EmptyByteBufBE)
GET /session/9d505292-1662-4e03-b7da-959f22fa1c1e/element/f.09BF641F5805ED6A5007B9E87D61469D.d.777EDFA98D7557D72B5B8D92AD5D4E58.e.493/text HTTP/1.1
Cache-Control: no-cache
User-Agent: appium/8.3.0 (selenium/4.8.3 (java mac))
Content-Type: application/json; charset=utf-8
host: 127.0.0.1:4723
accept: */*

Response DefaultHttpResponse(decodeResult: success, version: HTTP/1.1)
HTTP/1.1 200 OK
X-Powered-By: Express
Content-Type: application/json; charset=utf-8
Content-Length: 21
ETag: W/"15-iEFtydTKdU5pofU23DHZTqTAbgw"
Date: Sun, 06 Apr 2025 13:54:44 GMT
Connection: keep-alive
Keep-Alive: timeout=600

21:54:44.724 [AsyncHttpClient-1-2] DEBUG org.asynchttpclient.netty.channel.ChannelManager -- Adding key: http://127.0.0.1:4723 for channel [id: 0xd850032e, L:/127.0.0.1:49363 - R:/127.0.0.1:4723]
21:54:44.725 [Forwarding getElementText on session 9d505292-1662-4e03-b7da-959f22fa1c1e to remote] DEBUG org.asynchttpclient.netty.request.NettyRequestSender -- Using pooled Channel '[id: 0xd850032e, L:/127.0.0.1:49363 - R:/127.0.0.1:4723]' for 'GET' to 'http://127.0.0.1:4723/session/9d505292-1662-4e03-b7da-959f22fa1c1e/element/f.09BF641F5805ED6A5007B9E87D61469D.d.777EDFA98D7557D72B5B8D92AD5D4E58.e.495/text'
21:54:44.725 [Forwarding getElementText on session 9d505292-1662-4e03-b7da-959f22fa1c1e to remote] DEBUG org.asynchttpclient.netty.request.NettyRequestSender -- Using open Channel [id: 0xd850032e, L:/127.0.0.1:49363 - R:/127.0.0.1:4723] for GET '/session/9d505292-1662-4e03-b7da-959f22fa1c1e/element/f.09BF641F5805ED6A5007B9E87D61469D.d.777EDFA98D7557D72B5B8D92AD5D4E58.e.495/text'
21:54:44.745 [AsyncHttpClient-1-2] DEBUG org.asynchttpclient.netty.handler.HttpHandler -- 

Request DefaultFullHttpRequest(decodeResult: success, version: HTTP/1.1, content: EmptyByteBufBE)
GET /session/9d505292-1662-4e03-b7da-959f22fa1c1e/element/f.09BF641F5805ED6A5007B9E87D61469D.d.777EDFA98D7557D72B5B8D92AD5D4E58.e.495/text HTTP/1.1
Cache-Control: no-cache
User-Agent: appium/8.3.0 (selenium/4.8.3 (java mac))
Content-Type: application/json; charset=utf-8
host: 127.0.0.1:4723
accept: */*

Response DefaultHttpResponse(decodeResult: success, version: HTTP/1.1)
HTTP/1.1 200 OK
X-Powered-By: Express
Content-Type: application/json; charset=utf-8
Content-Length: 21
ETag: W/"15-D3F8ftetO4qaZyeCYXfsrDTga5c"
Date: Sun, 06 Apr 2025 13:54:44 GMT
Connection: keep-alive
Keep-Alive: timeout=600

21:54:44.745 [AsyncHttpClient-1-2] DEBUG org.asynchttpclient.netty.channel.ChannelManager -- Adding key: http://127.0.0.1:4723 for channel [id: 0xd850032e, L:/127.0.0.1:49363 - R:/127.0.0.1:4723]
21:54:44.746 [Forwarding getElementText on session 9d505292-1662-4e03-b7da-959f22fa1c1e to remote] DEBUG org.asynchttpclient.netty.request.NettyRequestSender -- Using pooled Channel '[id: 0xd850032e, L:/127.0.0.1:49363 - R:/127.0.0.1:4723]' for 'GET' to 'http://127.0.0.1:4723/session/9d505292-1662-4e03-b7da-959f22fa1c1e/element/f.09BF641F5805ED6A5007B9E87D61469D.d.777EDFA98D7557D72B5B8D92AD5D4E58.e.497/text'
21:54:44.746 [Forwarding getElementText on session 9d505292-1662-4e03-b7da-959f22fa1c1e to remote] DEBUG org.asynchttpclient.netty.request.NettyRequestSender -- Using open Channel [id: 0xd850032e, L:/127.0.0.1:49363 - R:/127.0.0.1:4723] for GET '/session/9d505292-1662-4e03-b7da-959f22fa1c1e/element/f.09BF641F5805ED6A5007B9E87D61469D.d.777EDFA98D7557D72B5B8D92AD5D4E58.e.497/text'
21:54:44.766 [AsyncHttpClient-1-2] DEBUG org.asynchttpclient.netty.handler.HttpHandler -- 

Request DefaultFullHttpRequest(decodeResult: success, version: HTTP/1.1, content: EmptyByteBufBE)
GET /session/9d505292-1662-4e03-b7da-959f22fa1c1e/element/f.09BF641F5805ED6A5007B9E87D61469D.d.777EDFA98D7557D72B5B8D92AD5D4E58.e.497/text HTTP/1.1
Cache-Control: no-cache
User-Agent: appium/8.3.0 (selenium/4.8.3 (java mac))
Content-Type: application/json; charset=utf-8
host: 127.0.0.1:4723
accept: */*

Response DefaultHttpResponse(decodeResult: success, version: HTTP/1.1)
HTTP/1.1 200 OK
X-Powered-By: Express
Content-Type: application/json; charset=utf-8
Content-Length: 21
ETag: W/"15-7jgceaI+G2Ub0ZaD+RvpVLaHQBw"
Date: Sun, 06 Apr 2025 13:54:44 GMT
Connection: keep-alive
Keep-Alive: timeout=600

21:54:44.766 [AsyncHttpClient-1-2] DEBUG org.asynchttpclient.netty.channel.ChannelManager -- Adding key: http://127.0.0.1:4723 for channel [id: 0xd850032e, L:/127.0.0.1:49363 - R:/127.0.0.1:4723]
21:54:44.766 [Forwarding getElementText on session 9d505292-1662-4e03-b7da-959f22fa1c1e to remote] DEBUG org.asynchttpclient.netty.request.NettyRequestSender -- Using pooled Channel '[id: 0xd850032e, L:/127.0.0.1:49363 - R:/127.0.0.1:4723]' for 'GET' to 'http://127.0.0.1:4723/session/9d505292-1662-4e03-b7da-959f22fa1c1e/element/f.09BF641F5805ED6A5007B9E87D61469D.d.777EDFA98D7557D72B5B8D92AD5D4E58.e.499/text'
21:54:44.766 [Forwarding getElementText on session 9d505292-1662-4e03-b7da-959f22fa1c1e to remote] DEBUG org.asynchttpclient.netty.request.NettyRequestSender -- Using open Channel [id: 0xd850032e, L:/127.0.0.1:49363 - R:/127.0.0.1:4723] for GET '/session/9d505292-1662-4e03-b7da-959f22fa1c1e/element/f.09BF641F5805ED6A5007B9E87D61469D.d.777EDFA98D7557D72B5B8D92AD5D4E58.e.499/text'
21:54:44.785 [AsyncHttpClient-1-2] DEBUG org.asynchttpclient.netty.handler.HttpHandler -- 

Request DefaultFullHttpRequest(decodeResult: success, version: HTTP/1.1, content: EmptyByteBufBE)
GET /session/9d505292-1662-4e03-b7da-959f22fa1c1e/element/f.09BF641F5805ED6A5007B9E87D61469D.d.777EDFA98D7557D72B5B8D92AD5D4E58.e.499/text HTTP/1.1
Cache-Control: no-cache
User-Agent: appium/8.3.0 (selenium/4.8.3 (java mac))
Content-Type: application/json; charset=utf-8
host: 127.0.0.1:4723
accept: */*

Response DefaultHttpResponse(decodeResult: success, version: HTTP/1.1)
HTTP/1.1 200 OK
X-Powered-By: Express
Content-Type: application/json; charset=utf-8
Content-Length: 21
ETag: W/"15-T3obdf7vzcvlk8CcYgBMBEzMRs0"
Date: Sun, 06 Apr 2025 13:54:44 GMT
Connection: keep-alive
Keep-Alive: timeout=600

21:54:44.785 [AsyncHttpClient-1-2] DEBUG org.asynchttpclient.netty.channel.ChannelManager -- Adding key: http://127.0.0.1:4723 for channel [id: 0xd850032e, L:/127.0.0.1:49363 - R:/127.0.0.1:4723]
21:54:44.785 [Forwarding getElementText on session 9d505292-1662-4e03-b7da-959f22fa1c1e to remote] DEBUG org.asynchttpclient.netty.request.NettyRequestSender -- Using pooled Channel '[id: 0xd850032e, L:/127.0.0.1:49363 - R:/127.0.0.1:4723]' for 'GET' to 'http://127.0.0.1:4723/session/9d505292-1662-4e03-b7da-959f22fa1c1e/element/f.09BF641F5805ED6A5007B9E87D61469D.d.777EDFA98D7557D72B5B8D92AD5D4E58.e.501/text'
21:54:44.785 [Forwarding getElementText on session 9d505292-1662-4e03-b7da-959f22fa1c1e to remote] DEBUG org.asynchttpclient.netty.request.NettyRequestSender -- Using open Channel [id: 0xd850032e, L:/127.0.0.1:49363 - R:/127.0.0.1:4723] for GET '/session/9d505292-1662-4e03-b7da-959f22fa1c1e/element/f.09BF641F5805ED6A5007B9E87D61469D.d.777EDFA98D7557D72B5B8D92AD5D4E58.e.501/text'
21:54:44.804 [AsyncHttpClient-1-2] DEBUG org.asynchttpclient.netty.handler.HttpHandler -- 

Request DefaultFullHttpRequest(decodeResult: success, version: HTTP/1.1, content: EmptyByteBufBE)
GET /session/9d505292-1662-4e03-b7da-959f22fa1c1e/element/f.09BF641F5805ED6A5007B9E87D61469D.d.777EDFA98D7557D72B5B8D92AD5D4E58.e.501/text HTTP/1.1
Cache-Control: no-cache
User-Agent: appium/8.3.0 (selenium/4.8.3 (java mac))
Content-Type: application/json; charset=utf-8
host: 127.0.0.1:4723
accept: */*

Response DefaultHttpResponse(decodeResult: success, version: HTTP/1.1)
HTTP/1.1 200 OK
X-Powered-By: Express
Content-Type: application/json; charset=utf-8
Content-Length: 21
ETag: W/"15-YLQyIGCwY9rPMRoAGO5OHxuNmWs"
Date: Sun, 06 Apr 2025 13:54:44 GMT
Connection: keep-alive
Keep-Alive: timeout=600

21:54:44.804 [AsyncHttpClient-1-2] DEBUG org.asynchttpclient.netty.channel.ChannelManager -- Adding key: http://127.0.0.1:4723 for channel [id: 0xd850032e, L:/127.0.0.1:49363 - R:/127.0.0.1:4723]
21:54:44.805 [Forwarding getElementText on session 9d505292-1662-4e03-b7da-959f22fa1c1e to remote] DEBUG org.asynchttpclient.netty.request.NettyRequestSender -- Using pooled Channel '[id: 0xd850032e, L:/127.0.0.1:49363 - R:/127.0.0.1:4723]' for 'GET' to 'http://127.0.0.1:4723/session/9d505292-1662-4e03-b7da-959f22fa1c1e/element/f.09BF641F5805ED6A5007B9E87D61469D.d.777EDFA98D7557D72B5B8D92AD5D4E58.e.503/text'
21:54:44.805 [Forwarding getElementText on session 9d505292-1662-4e03-b7da-959f22fa1c1e to remote] DEBUG org.asynchttpclient.netty.request.NettyRequestSender -- Using open Channel [id: 0xd850032e, L:/127.0.0.1:49363 - R:/127.0.0.1:4723] for GET '/session/9d505292-1662-4e03-b7da-959f22fa1c1e/element/f.09BF641F5805ED6A5007B9E87D61469D.d.777EDFA98D7557D72B5B8D92AD5D4E58.e.503/text'
21:54:44.824 [AsyncHttpClient-1-2] DEBUG org.asynchttpclient.netty.handler.HttpHandler -- 

Request DefaultFullHttpRequest(decodeResult: success, version: HTTP/1.1, content: EmptyByteBufBE)
GET /session/9d505292-1662-4e03-b7da-959f22fa1c1e/element/f.09BF641F5805ED6A5007B9E87D61469D.d.777EDFA98D7557D72B5B8D92AD5D4E58.e.503/text HTTP/1.1
Cache-Control: no-cache
User-Agent: appium/8.3.0 (selenium/4.8.3 (java mac))
Content-Type: application/json; charset=utf-8
host: 127.0.0.1:4723
accept: */*

Response DefaultHttpResponse(decodeResult: success, version: HTTP/1.1)
HTTP/1.1 200 OK
X-Powered-By: Express
Content-Type: application/json; charset=utf-8
Content-Length: 21
ETag: W/"15-vHz6aLd/XvD7rIQtG2Zbr8PKCJQ"
Date: Sun, 06 Apr 2025 13:54:44 GMT
Connection: keep-alive
Keep-Alive: timeout=600

21:54:44.824 [AsyncHttpClient-1-2] DEBUG org.asynchttpclient.netty.channel.ChannelManager -- Adding key: http://127.0.0.1:4723 for channel [id: 0xd850032e, L:/127.0.0.1:49363 - R:/127.0.0.1:4723]
21:54:44.824 [Forwarding getElementText on session 9d505292-1662-4e03-b7da-959f22fa1c1e to remote] DEBUG org.asynchttpclient.netty.request.NettyRequestSender -- Using pooled Channel '[id: 0xd850032e, L:/127.0.0.1:49363 - R:/127.0.0.1:4723]' for 'GET' to 'http://127.0.0.1:4723/session/9d505292-1662-4e03-b7da-959f22fa1c1e/element/f.09BF641F5805ED6A5007B9E87D61469D.d.777EDFA98D7557D72B5B8D92AD5D4E58.e.505/text'
21:54:44.824 [Forwarding getElementText on session 9d505292-1662-4e03-b7da-959f22fa1c1e to remote] DEBUG org.asynchttpclient.netty.request.NettyRequestSender -- Using open Channel [id: 0xd850032e, L:/127.0.0.1:49363 - R:/127.0.0.1:4723] for GET '/session/9d505292-1662-4e03-b7da-959f22fa1c1e/element/f.09BF641F5805ED6A5007B9E87D61469D.d.777EDFA98D7557D72B5B8D92AD5D4E58.e.505/text'
21:54:44.843 [AsyncHttpClient-1-2] DEBUG org.asynchttpclient.netty.handler.HttpHandler -- 

Request DefaultFullHttpRequest(decodeResult: success, version: HTTP/1.1, content: EmptyByteBufBE)
GET /session/9d505292-1662-4e03-b7da-959f22fa1c1e/element/f.09BF641F5805ED6A5007B9E87D61469D.d.777EDFA98D7557D72B5B8D92AD5D4E58.e.505/text HTTP/1.1
Cache-Control: no-cache
User-Agent: appium/8.3.0 (selenium/4.8.3 (java mac))
Content-Type: application/json; charset=utf-8
host: 127.0.0.1:4723
accept: */*

Response DefaultHttpResponse(decodeResult: success, version: HTTP/1.1)
HTTP/1.1 200 OK
X-Powered-By: Express
Content-Type: application/json; charset=utf-8
Content-Length: 21
ETag: W/"15-C5ymzrjbpbJR0QIoPUAd3iZXJDo"
Date: Sun, 06 Apr 2025 13:54:44 GMT
Connection: keep-alive
Keep-Alive: timeout=600

21:54:44.843 [AsyncHttpClient-1-2] DEBUG org.asynchttpclient.netty.channel.ChannelManager -- Adding key: http://127.0.0.1:4723 for channel [id: 0xd850032e, L:/127.0.0.1:49363 - R:/127.0.0.1:4723]
21:54:44.843 [Forwarding getElementText on session 9d505292-1662-4e03-b7da-959f22fa1c1e to remote] DEBUG org.asynchttpclient.netty.request.NettyRequestSender -- Using pooled Channel '[id: 0xd850032e, L:/127.0.0.1:49363 - R:/127.0.0.1:4723]' for 'GET' to 'http://127.0.0.1:4723/session/9d505292-1662-4e03-b7da-959f22fa1c1e/element/f.09BF641F5805ED6A5007B9E87D61469D.d.777EDFA98D7557D72B5B8D92AD5D4E58.e.507/text'
21:54:44.843 [Forwarding getElementText on session 9d505292-1662-4e03-b7da-959f22fa1c1e to remote] DEBUG org.asynchttpclient.netty.request.NettyRequestSender -- Using open Channel [id: 0xd850032e, L:/127.0.0.1:49363 - R:/127.0.0.1:4723] for GET '/session/9d505292-1662-4e03-b7da-959f22fa1c1e/element/f.09BF641F5805ED6A5007B9E87D61469D.d.777EDFA98D7557D72B5B8D92AD5D4E58.e.507/text'
21:54:44.861 [AsyncHttpClient-1-2] DEBUG org.asynchttpclient.netty.handler.HttpHandler -- 

Request DefaultFullHttpRequest(decodeResult: success, version: HTTP/1.1, content: EmptyByteBufBE)
GET /session/9d505292-1662-4e03-b7da-959f22fa1c1e/element/f.09BF641F5805ED6A5007B9E87D61469D.d.777EDFA98D7557D72B5B8D92AD5D4E58.e.507/text HTTP/1.1
Cache-Control: no-cache
User-Agent: appium/8.3.0 (selenium/4.8.3 (java mac))
Content-Type: application/json; charset=utf-8
host: 127.0.0.1:4723
accept: */*

Response DefaultHttpResponse(decodeResult: success, version: HTTP/1.1)
HTTP/1.1 200 OK
X-Powered-By: Express
Content-Type: application/json; charset=utf-8
Content-Length: 21
ETag: W/"15-ptb5YdZlXI/2EXBgrNK3pXRQckU"
Date: Sun, 06 Apr 2025 13:54:44 GMT
Connection: keep-alive
Keep-Alive: timeout=600

21:54:44.862 [AsyncHttpClient-1-2] DEBUG org.asynchttpclient.netty.channel.ChannelManager -- Adding key: http://127.0.0.1:4723 for channel [id: 0xd850032e, L:/127.0.0.1:49363 - R:/127.0.0.1:4723]
21:54:44.862 [Forwarding getElementText on session 9d505292-1662-4e03-b7da-959f22fa1c1e to remote] DEBUG org.asynchttpclient.netty.request.NettyRequestSender -- Using pooled Channel '[id: 0xd850032e, L:/127.0.0.1:49363 - R:/127.0.0.1:4723]' for 'GET' to 'http://127.0.0.1:4723/session/9d505292-1662-4e03-b7da-959f22fa1c1e/element/f.09BF641F5805ED6A5007B9E87D61469D.d.777EDFA98D7557D72B5B8D92AD5D4E58.e.509/text'
21:54:44.862 [Forwarding getElementText on session 9d505292-1662-4e03-b7da-959f22fa1c1e to remote] DEBUG org.asynchttpclient.netty.request.NettyRequestSender -- Using open Channel [id: 0xd850032e, L:/127.0.0.1:49363 - R:/127.0.0.1:4723] for GET '/session/9d505292-1662-4e03-b7da-959f22fa1c1e/element/f.09BF641F5805ED6A5007B9E87D61469D.d.777EDFA98D7557D72B5B8D92AD5D4E58.e.509/text'
21:54:44.881 [AsyncHttpClient-1-2] DEBUG org.asynchttpclient.netty.handler.HttpHandler -- 

Request DefaultFullHttpRequest(decodeResult: success, version: HTTP/1.1, content: EmptyByteBufBE)
GET /session/9d505292-1662-4e03-b7da-959f22fa1c1e/element/f.09BF641F5805ED6A5007B9E87D61469D.d.777EDFA98D7557D72B5B8D92AD5D4E58.e.509/text HTTP/1.1
Cache-Control: no-cache
User-Agent: appium/8.3.0 (selenium/4.8.3 (java mac))
Content-Type: application/json; charset=utf-8
host: 127.0.0.1:4723
accept: */*

Response DefaultHttpResponse(decodeResult: success, version: HTTP/1.1)
HTTP/1.1 200 OK
X-Powered-By: Express
Content-Type: application/json; charset=utf-8
Content-Length: 21
ETag: W/"15-sMtaZI+iriljgVIb2ceXFl6LOKM"
Date: Sun, 06 Apr 2025 13:54:44 GMT
Connection: keep-alive
Keep-Alive: timeout=600

21:54:44.881 [AsyncHttpClient-1-2] DEBUG org.asynchttpclient.netty.channel.ChannelManager -- Adding key: http://127.0.0.1:4723 for channel [id: 0xd850032e, L:/127.0.0.1:49363 - R:/127.0.0.1:4723]
21:54:44.882 [Forwarding getElementText on session 9d505292-1662-4e03-b7da-959f22fa1c1e to remote] DEBUG org.asynchttpclient.netty.request.NettyRequestSender -- Using pooled Channel '[id: 0xd850032e, L:/127.0.0.1:49363 - R:/127.0.0.1:4723]' for 'GET' to 'http://127.0.0.1:4723/session/9d505292-1662-4e03-b7da-959f22fa1c1e/element/f.09BF641F5805ED6A5007B9E87D61469D.d.777EDFA98D7557D72B5B8D92AD5D4E58.e.511/text'
21:54:44.882 [Forwarding getElementText on session 9d505292-1662-4e03-b7da-959f22fa1c1e to remote] DEBUG org.asynchttpclient.netty.request.NettyRequestSender -- Using open Channel [id: 0xd850032e, L:/127.0.0.1:49363 - R:/127.0.0.1:4723] for GET '/session/9d505292-1662-4e03-b7da-959f22fa1c1e/element/f.09BF641F5805ED6A5007B9E87D61469D.d.777EDFA98D7557D72B5B8D92AD5D4E58.e.511/text'
21:54:44.902 [AsyncHttpClient-1-2] DEBUG org.asynchttpclient.netty.handler.HttpHandler -- 

Request DefaultFullHttpRequest(decodeResult: success, version: HTTP/1.1, content: EmptyByteBufBE)
GET /session/9d505292-1662-4e03-b7da-959f22fa1c1e/element/f.09BF641F5805ED6A5007B9E87D61469D.d.777EDFA98D7557D72B5B8D92AD5D4E58.e.511/text HTTP/1.1
Cache-Control: no-cache
User-Agent: appium/8.3.0 (selenium/4.8.3 (java mac))
Content-Type: application/json; charset=utf-8
host: 127.0.0.1:4723
accept: */*

Response DefaultHttpResponse(decodeResult: success, version: HTTP/1.1)
HTTP/1.1 200 OK
X-Powered-By: Express
Content-Type: application/json; charset=utf-8
Content-Length: 21
ETag: W/"15-Zq+xVhCIQzhLYQ/EQn3MZFJ1Szs"
Date: Sun, 06 Apr 2025 13:54:44 GMT
Connection: keep-alive
Keep-Alive: timeout=600

21:54:44.902 [AsyncHttpClient-1-2] DEBUG org.asynchttpclient.netty.channel.ChannelManager -- Adding key: http://127.0.0.1:4723 for channel [id: 0xd850032e, L:/127.0.0.1:49363 - R:/127.0.0.1:4723]
21:54:44.903 [Forwarding getElementText on session 9d505292-1662-4e03-b7da-959f22fa1c1e to remote] DEBUG org.asynchttpclient.netty.request.NettyRequestSender -- Using pooled Channel '[id: 0xd850032e, L:/127.0.0.1:49363 - R:/127.0.0.1:4723]' for 'GET' to 'http://127.0.0.1:4723/session/9d505292-1662-4e03-b7da-959f22fa1c1e/element/f.09BF641F5805ED6A5007B9E87D61469D.d.777EDFA98D7557D72B5B8D92AD5D4E58.e.513/text'
21:54:44.903 [Forwarding getElementText on session 9d505292-1662-4e03-b7da-959f22fa1c1e to remote] DEBUG org.asynchttpclient.netty.request.NettyRequestSender -- Using open Channel [id: 0xd850032e, L:/127.0.0.1:49363 - R:/127.0.0.1:4723] for GET '/session/9d505292-1662-4e03-b7da-959f22fa1c1e/element/f.09BF641F5805ED6A5007B9E87D61469D.d.777EDFA98D7557D72B5B8D92AD5D4E58.e.513/text'
21:54:44.923 [AsyncHttpClient-1-2] DEBUG org.asynchttpclient.netty.handler.HttpHandler -- 

Request DefaultFullHttpRequest(decodeResult: success, version: HTTP/1.1, content: EmptyByteBufBE)
GET /session/9d505292-1662-4e03-b7da-959f22fa1c1e/element/f.09BF641F5805ED6A5007B9E87D61469D.d.777EDFA98D7557D72B5B8D92AD5D4E58.e.513/text HTTP/1.1
Cache-Control: no-cache
User-Agent: appium/8.3.0 (selenium/4.8.3 (java mac))
Content-Type: application/json; charset=utf-8
host: 127.0.0.1:4723
accept: */*

Response DefaultHttpResponse(decodeResult: success, version: HTTP/1.1)
HTTP/1.1 200 OK
X-Powered-By: Express
Content-Type: application/json; charset=utf-8
Content-Length: 21
ETag: W/"15-afVAJ0TMdFqsXnzYljImp/WQlJY"
Date: Sun, 06 Apr 2025 13:54:44 GMT
Connection: keep-alive
Keep-Alive: timeout=600

21:54:44.923 [AsyncHttpClient-1-2] DEBUG org.asynchttpclient.netty.channel.ChannelManager -- Adding key: http://127.0.0.1:4723 for channel [id: 0xd850032e, L:/127.0.0.1:49363 - R:/127.0.0.1:4723]
21:54:44.923 [Forwarding getElementText on session 9d505292-1662-4e03-b7da-959f22fa1c1e to remote] DEBUG org.asynchttpclient.netty.request.NettyRequestSender -- Using pooled Channel '[id: 0xd850032e, L:/127.0.0.1:49363 - R:/127.0.0.1:4723]' for 'GET' to 'http://127.0.0.1:4723/session/9d505292-1662-4e03-b7da-959f22fa1c1e/element/f.09BF641F5805ED6A5007B9E87D61469D.d.777EDFA98D7557D72B5B8D92AD5D4E58.e.515/text'
21:54:44.923 [Forwarding getElementText on session 9d505292-1662-4e03-b7da-959f22fa1c1e to remote] DEBUG org.asynchttpclient.netty.request.NettyRequestSender -- Using open Channel [id: 0xd850032e, L:/127.0.0.1:49363 - R:/127.0.0.1:4723] for GET '/session/9d505292-1662-4e03-b7da-959f22fa1c1e/element/f.09BF641F5805ED6A5007B9E87D61469D.d.777EDFA98D7557D72B5B8D92AD5D4E58.e.515/text'
21:54:44.944 [AsyncHttpClient-1-2] DEBUG org.asynchttpclient.netty.handler.HttpHandler -- 

Request DefaultFullHttpRequest(decodeResult: success, version: HTTP/1.1, content: EmptyByteBufBE)
GET /session/9d505292-1662-4e03-b7da-959f22fa1c1e/element/f.09BF641F5805ED6A5007B9E87D61469D.d.777EDFA98D7557D72B5B8D92AD5D4E58.e.515/text HTTP/1.1
Cache-Control: no-cache
User-Agent: appium/8.3.0 (selenium/4.8.3 (java mac))
Content-Type: application/json; charset=utf-8
host: 127.0.0.1:4723
accept: */*

Response DefaultHttpResponse(decodeResult: success, version: HTTP/1.1)
HTTP/1.1 200 OK
X-Powered-By: Express
Content-Type: application/json; charset=utf-8
Content-Length: 21
ETag: W/"15-vrf4SorkI/M9wPhoZa47uiK/ZlM"
Date: Sun, 06 Apr 2025 13:54:44 GMT
Connection: keep-alive
Keep-Alive: timeout=600

21:54:44.945 [AsyncHttpClient-1-2] DEBUG org.asynchttpclient.netty.channel.ChannelManager -- Adding key: http://127.0.0.1:4723 for channel [id: 0xd850032e, L:/127.0.0.1:49363 - R:/127.0.0.1:4723]
21:54:44.946 [Forwarding getElementText on session 9d505292-1662-4e03-b7da-959f22fa1c1e to remote] DEBUG org.asynchttpclient.netty.request.NettyRequestSender -- Using pooled Channel '[id: 0xd850032e, L:/127.0.0.1:49363 - R:/127.0.0.1:4723]' for 'GET' to 'http://127.0.0.1:4723/session/9d505292-1662-4e03-b7da-959f22fa1c1e/element/f.09BF641F5805ED6A5007B9E87D61469D.d.777EDFA98D7557D72B5B8D92AD5D4E58.e.517/text'
21:54:44.946 [Forwarding getElementText on session 9d505292-1662-4e03-b7da-959f22fa1c1e to remote] DEBUG org.asynchttpclient.netty.request.NettyRequestSender -- Using open Channel [id: 0xd850032e, L:/127.0.0.1:49363 - R:/127.0.0.1:4723] for GET '/session/9d505292-1662-4e03-b7da-959f22fa1c1e/element/f.09BF641F5805ED6A5007B9E87D61469D.d.777EDFA98D7557D72B5B8D92AD5D4E58.e.517/text'
21:54:44.969 [AsyncHttpClient-1-2] DEBUG org.asynchttpclient.netty.handler.HttpHandler -- 

Request DefaultFullHttpRequest(decodeResult: success, version: HTTP/1.1, content: EmptyByteBufBE)
GET /session/9d505292-1662-4e03-b7da-959f22fa1c1e/element/f.09BF641F5805ED6A5007B9E87D61469D.d.777EDFA98D7557D72B5B8D92AD5D4E58.e.517/text HTTP/1.1
Cache-Control: no-cache
User-Agent: appium/8.3.0 (selenium/4.8.3 (java mac))
Content-Type: application/json; charset=utf-8
host: 127.0.0.1:4723
accept: */*

Response DefaultHttpResponse(decodeResult: success, version: HTTP/1.1)
HTTP/1.1 200 OK
X-Powered-By: Express
Content-Type: application/json; charset=utf-8
Content-Length: 21
ETag: W/"15-2lJZvprGQnzHsbZBPrPweg6j8JI"
Date: Sun, 06 Apr 2025 13:54:44 GMT
Connection: keep-alive
Keep-Alive: timeout=600

21:54:44.969 [AsyncHttpClient-1-2] DEBUG org.asynchttpclient.netty.channel.ChannelManager -- Adding key: http://127.0.0.1:4723 for channel [id: 0xd850032e, L:/127.0.0.1:49363 - R:/127.0.0.1:4723]
21:54:44.970 [Forwarding getElementText on session 9d505292-1662-4e03-b7da-959f22fa1c1e to remote] DEBUG org.asynchttpclient.netty.request.NettyRequestSender -- Using pooled Channel '[id: 0xd850032e, L:/127.0.0.1:49363 - R:/127.0.0.1:4723]' for 'GET' to 'http://127.0.0.1:4723/session/9d505292-1662-4e03-b7da-959f22fa1c1e/element/f.09BF641F5805ED6A5007B9E87D61469D.d.777EDFA98D7557D72B5B8D92AD5D4E58.e.519/text'
21:54:44.970 [Forwarding getElementText on session 9d505292-1662-4e03-b7da-959f22fa1c1e to remote] DEBUG org.asynchttpclient.netty.request.NettyRequestSender -- Using open Channel [id: 0xd850032e, L:/127.0.0.1:49363 - R:/127.0.0.1:4723] for GET '/session/9d505292-1662-4e03-b7da-959f22fa1c1e/element/f.09BF641F5805ED6A5007B9E87D61469D.d.777EDFA98D7557D72B5B8D92AD5D4E58.e.519/text'
21:54:44.989 [AsyncHttpClient-1-2] DEBUG org.asynchttpclient.netty.handler.HttpHandler -- 

Request DefaultFullHttpRequest(decodeResult: success, version: HTTP/1.1, content: EmptyByteBufBE)
GET /session/9d505292-1662-4e03-b7da-959f22fa1c1e/element/f.09BF641F5805ED6A5007B9E87D61469D.d.777EDFA98D7557D72B5B8D92AD5D4E58.e.519/text HTTP/1.1
Cache-Control: no-cache
User-Agent: appium/8.3.0 (selenium/4.8.3 (java mac))
Content-Type: application/json; charset=utf-8
host: 127.0.0.1:4723
accept: */*

Response DefaultHttpResponse(decodeResult: success, version: HTTP/1.1)
HTTP/1.1 200 OK
X-Powered-By: Express
Content-Type: application/json; charset=utf-8
Content-Length: 21
ETag: W/"15-69I+CkN4WWWCV7+z97rRGOvAjlM"
Date: Sun, 06 Apr 2025 13:54:44 GMT
Connection: keep-alive
Keep-Alive: timeout=600

21:54:44.989 [AsyncHttpClient-1-2] DEBUG org.asynchttpclient.netty.channel.ChannelManager -- Adding key: http://127.0.0.1:4723 for channel [id: 0xd850032e, L:/127.0.0.1:49363 - R:/127.0.0.1:4723]
21:54:44.989 [Forwarding getElementText on session 9d505292-1662-4e03-b7da-959f22fa1c1e to remote] DEBUG org.asynchttpclient.netty.request.NettyRequestSender -- Using pooled Channel '[id: 0xd850032e, L:/127.0.0.1:49363 - R:/127.0.0.1:4723]' for 'GET' to 'http://127.0.0.1:4723/session/9d505292-1662-4e03-b7da-959f22fa1c1e/element/f.09BF641F5805ED6A5007B9E87D61469D.d.777EDFA98D7557D72B5B8D92AD5D4E58.e.521/text'
21:54:44.989 [Forwarding getElementText on session 9d505292-1662-4e03-b7da-959f22fa1c1e to remote] DEBUG org.asynchttpclient.netty.request.NettyRequestSender -- Using open Channel [id: 0xd850032e, L:/127.0.0.1:49363 - R:/127.0.0.1:4723] for GET '/session/9d505292-1662-4e03-b7da-959f22fa1c1e/element/f.09BF641F5805ED6A5007B9E87D61469D.d.777EDFA98D7557D72B5B8D92AD5D4E58.e.521/text'
21:54:45.007 [AsyncHttpClient-1-2] DEBUG org.asynchttpclient.netty.handler.HttpHandler -- 

Request DefaultFullHttpRequest(decodeResult: success, version: HTTP/1.1, content: EmptyByteBufBE)
GET /session/9d505292-1662-4e03-b7da-959f22fa1c1e/element/f.09BF641F5805ED6A5007B9E87D61469D.d.777EDFA98D7557D72B5B8D92AD5D4E58.e.521/text HTTP/1.1
Cache-Control: no-cache
User-Agent: appium/8.3.0 (selenium/4.8.3 (java mac))
Content-Type: application/json; charset=utf-8
host: 127.0.0.1:4723
accept: */*

Response DefaultHttpResponse(decodeResult: success, version: HTTP/1.1)
HTTP/1.1 200 OK
X-Powered-By: Express
Content-Type: application/json; charset=utf-8
Content-Length: 21
ETag: W/"15-GxuP2lwu6p4gmEHTEwA6QiC0/pg"
Date: Sun, 06 Apr 2025 13:54:45 GMT
Connection: keep-alive
Keep-Alive: timeout=600

21:54:45.007 [AsyncHttpClient-1-2] DEBUG org.asynchttpclient.netty.channel.ChannelManager -- Adding key: http://127.0.0.1:4723 for channel [id: 0xd850032e, L:/127.0.0.1:49363 - R:/127.0.0.1:4723]
21:54:45.007 [Forwarding getElementText on session 9d505292-1662-4e03-b7da-959f22fa1c1e to remote] DEBUG org.asynchttpclient.netty.request.NettyRequestSender -- Using pooled Channel '[id: 0xd850032e, L:/127.0.0.1:49363 - R:/127.0.0.1:4723]' for 'GET' to 'http://127.0.0.1:4723/session/9d505292-1662-4e03-b7da-959f22fa1c1e/element/f.09BF641F5805ED6A5007B9E87D61469D.d.777EDFA98D7557D72B5B8D92AD5D4E58.e.523/text'
21:54:45.007 [Forwarding getElementText on session 9d505292-1662-4e03-b7da-959f22fa1c1e to remote] DEBUG org.asynchttpclient.netty.request.NettyRequestSender -- Using open Channel [id: 0xd850032e, L:/127.0.0.1:49363 - R:/127.0.0.1:4723] for GET '/session/9d505292-1662-4e03-b7da-959f22fa1c1e/element/f.09BF641F5805ED6A5007B9E87D61469D.d.777EDFA98D7557D72B5B8D92AD5D4E58.e.523/text'
21:54:45.025 [AsyncHttpClient-1-2] DEBUG org.asynchttpclient.netty.handler.HttpHandler -- 

Request DefaultFullHttpRequest(decodeResult: success, version: HTTP/1.1, content: EmptyByteBufBE)
GET /session/9d505292-1662-4e03-b7da-959f22fa1c1e/element/f.09BF641F5805ED6A5007B9E87D61469D.d.777EDFA98D7557D72B5B8D92AD5D4E58.e.523/text HTTP/1.1
Cache-Control: no-cache
User-Agent: appium/8.3.0 (selenium/4.8.3 (java mac))
Content-Type: application/json; charset=utf-8
host: 127.0.0.1:4723
accept: */*

Response DefaultHttpResponse(decodeResult: success, version: HTTP/1.1)
HTTP/1.1 200 OK
X-Powered-By: Express
Content-Type: application/json; charset=utf-8
Content-Length: 21
ETag: W/"15-SrjS+0SzRrHjiElxGs5nSgDk9ls"
Date: Sun, 06 Apr 2025 13:54:45 GMT
Connection: keep-alive
Keep-Alive: timeout=600

21:54:45.025 [AsyncHttpClient-1-2] DEBUG org.asynchttpclient.netty.channel.ChannelManager -- Adding key: http://127.0.0.1:4723 for channel [id: 0xd850032e, L:/127.0.0.1:49363 - R:/127.0.0.1:4723]
21:54:45.026 [Forwarding getElementText on session 9d505292-1662-4e03-b7da-959f22fa1c1e to remote] DEBUG org.asynchttpclient.netty.request.NettyRequestSender -- Using pooled Channel '[id: 0xd850032e, L:/127.0.0.1:49363 - R:/127.0.0.1:4723]' for 'GET' to 'http://127.0.0.1:4723/session/9d505292-1662-4e03-b7da-959f22fa1c1e/element/f.09BF641F5805ED6A5007B9E87D61469D.d.777EDFA98D7557D72B5B8D92AD5D4E58.e.525/text'
21:54:45.026 [Forwarding getElementText on session 9d505292-1662-4e03-b7da-959f22fa1c1e to remote] DEBUG org.asynchttpclient.netty.request.NettyRequestSender -- Using open Channel [id: 0xd850032e, L:/127.0.0.1:49363 - R:/127.0.0.1:4723] for GET '/session/9d505292-1662-4e03-b7da-959f22fa1c1e/element/f.09BF641F5805ED6A5007B9E87D61469D.d.777EDFA98D7557D72B5B8D92AD5D4E58.e.525/text'
21:54:45.046 [AsyncHttpClient-1-2] DEBUG org.asynchttpclient.netty.handler.HttpHandler -- 

Request DefaultFullHttpRequest(decodeResult: success, version: HTTP/1.1, content: EmptyByteBufBE)
GET /session/9d505292-1662-4e03-b7da-959f22fa1c1e/element/f.09BF641F5805ED6A5007B9E87D61469D.d.777EDFA98D7557D72B5B8D92AD5D4E58.e.525/text HTTP/1.1
Cache-Control: no-cache
User-Agent: appium/8.3.0 (selenium/4.8.3 (java mac))
Content-Type: application/json; charset=utf-8
host: 127.0.0.1:4723
accept: */*

Response DefaultHttpResponse(decodeResult: success, version: HTTP/1.1)
HTTP/1.1 200 OK
X-Powered-By: Express
Content-Type: application/json; charset=utf-8
Content-Length: 21
ETag: W/"15-RPtComu2k6MVwMQvUC4n2RLsRCw"
Date: Sun, 06 Apr 2025 13:54:45 GMT
Connection: keep-alive
Keep-Alive: timeout=600

21:54:45.047 [AsyncHttpClient-1-2] DEBUG org.asynchttpclient.netty.channel.ChannelManager -- Adding key: http://127.0.0.1:4723 for channel [id: 0xd850032e, L:/127.0.0.1:49363 - R:/127.0.0.1:4723]
21:54:45.047 [Forwarding getElementText on session 9d505292-1662-4e03-b7da-959f22fa1c1e to remote] DEBUG org.asynchttpclient.netty.request.NettyRequestSender -- Using pooled Channel '[id: 0xd850032e, L:/127.0.0.1:49363 - R:/127.0.0.1:4723]' for 'GET' to 'http://127.0.0.1:4723/session/9d505292-1662-4e03-b7da-959f22fa1c1e/element/f.09BF641F5805ED6A5007B9E87D61469D.d.777EDFA98D7557D72B5B8D92AD5D4E58.e.527/text'
21:54:45.047 [Forwarding getElementText on session 9d505292-1662-4e03-b7da-959f22fa1c1e to remote] DEBUG org.asynchttpclient.netty.request.NettyRequestSender -- Using open Channel [id: 0xd850032e, L:/127.0.0.1:49363 - R:/127.0.0.1:4723] for GET '/session/9d505292-1662-4e03-b7da-959f22fa1c1e/element/f.09BF641F5805ED6A5007B9E87D61469D.d.777EDFA98D7557D72B5B8D92AD5D4E58.e.527/text'
21:54:45.067 [AsyncHttpClient-1-2] DEBUG org.asynchttpclient.netty.handler.HttpHandler -- 

Request DefaultFullHttpRequest(decodeResult: success, version: HTTP/1.1, content: EmptyByteBufBE)
GET /session/9d505292-1662-4e03-b7da-959f22fa1c1e/element/f.09BF641F5805ED6A5007B9E87D61469D.d.777EDFA98D7557D72B5B8D92AD5D4E58.e.527/text HTTP/1.1
Cache-Control: no-cache
User-Agent: appium/8.3.0 (selenium/4.8.3 (java mac))
Content-Type: application/json; charset=utf-8
host: 127.0.0.1:4723
accept: */*

Response DefaultHttpResponse(decodeResult: success, version: HTTP/1.1)
HTTP/1.1 200 OK
X-Powered-By: Express
Content-Type: application/json; charset=utf-8
Content-Length: 21
ETag: W/"15-TaG0FUErobHHXl170orD8C4u44s"
Date: Sun, 06 Apr 2025 13:54:45 GMT
Connection: keep-alive
Keep-Alive: timeout=600

21:54:45.067 [AsyncHttpClient-1-2] DEBUG org.asynchttpclient.netty.channel.ChannelManager -- Adding key: http://127.0.0.1:4723 for channel [id: 0xd850032e, L:/127.0.0.1:49363 - R:/127.0.0.1:4723]
21:54:45.068 [Forwarding getElementText on session 9d505292-1662-4e03-b7da-959f22fa1c1e to remote] DEBUG org.asynchttpclient.netty.request.NettyRequestSender -- Using pooled Channel '[id: 0xd850032e, L:/127.0.0.1:49363 - R:/127.0.0.1:4723]' for 'GET' to 'http://127.0.0.1:4723/session/9d505292-1662-4e03-b7da-959f22fa1c1e/element/f.09BF641F5805ED6A5007B9E87D61469D.d.777EDFA98D7557D72B5B8D92AD5D4E58.e.529/text'
21:54:45.068 [Forwarding getElementText on session 9d505292-1662-4e03-b7da-959f22fa1c1e to remote] DEBUG org.asynchttpclient.netty.request.NettyRequestSender -- Using open Channel [id: 0xd850032e, L:/127.0.0.1:49363 - R:/127.0.0.1:4723] for GET '/session/9d505292-1662-4e03-b7da-959f22fa1c1e/element/f.09BF641F5805ED6A5007B9E87D61469D.d.777EDFA98D7557D72B5B8D92AD5D4E58.e.529/text'
21:54:45.087 [AsyncHttpClient-1-2] DEBUG org.asynchttpclient.netty.handler.HttpHandler -- 

Request DefaultFullHttpRequest(decodeResult: success, version: HTTP/1.1, content: EmptyByteBufBE)
GET /session/9d505292-1662-4e03-b7da-959f22fa1c1e/element/f.09BF641F5805ED6A5007B9E87D61469D.d.777EDFA98D7557D72B5B8D92AD5D4E58.e.529/text HTTP/1.1
Cache-Control: no-cache
User-Agent: appium/8.3.0 (selenium/4.8.3 (java mac))
Content-Type: application/json; charset=utf-8
host: 127.0.0.1:4723
accept: */*

Response DefaultHttpResponse(decodeResult: success, version: HTTP/1.1)
HTTP/1.1 200 OK
X-Powered-By: Express
Content-Type: application/json; charset=utf-8
Content-Length: 21
ETag: W/"15-tivik3ctFXYDPhNvLHF/CbI8B4c"
Date: Sun, 06 Apr 2025 13:54:45 GMT
Connection: keep-alive
Keep-Alive: timeout=600

21:54:45.087 [AsyncHttpClient-1-2] DEBUG org.asynchttpclient.netty.channel.ChannelManager -- Adding key: http://127.0.0.1:4723 for channel [id: 0xd850032e, L:/127.0.0.1:49363 - R:/127.0.0.1:4723]
21:54:45.088 [Forwarding getElementText on session 9d505292-1662-4e03-b7da-959f22fa1c1e to remote] DEBUG org.asynchttpclient.netty.request.NettyRequestSender -- Using pooled Channel '[id: 0xd850032e, L:/127.0.0.1:49363 - R:/127.0.0.1:4723]' for 'GET' to 'http://127.0.0.1:4723/session/9d505292-1662-4e03-b7da-959f22fa1c1e/element/f.09BF641F5805ED6A5007B9E87D61469D.d.777EDFA98D7557D72B5B8D92AD5D4E58.e.531/text'
21:54:45.088 [Forwarding getElementText on session 9d505292-1662-4e03-b7da-959f22fa1c1e to remote] DEBUG org.asynchttpclient.netty.request.NettyRequestSender -- Using open Channel [id: 0xd850032e, L:/127.0.0.1:49363 - R:/127.0.0.1:4723] for GET '/session/9d505292-1662-4e03-b7da-959f22fa1c1e/element/f.09BF641F5805ED6A5007B9E87D61469D.d.777EDFA98D7557D72B5B8D92AD5D4E58.e.531/text'
21:54:45.107 [AsyncHttpClient-1-2] DEBUG org.asynchttpclient.netty.handler.HttpHandler -- 

Request DefaultFullHttpRequest(decodeResult: success, version: HTTP/1.1, content: EmptyByteBufBE)
GET /session/9d505292-1662-4e03-b7da-959f22fa1c1e/element/f.09BF641F5805ED6A5007B9E87D61469D.d.777EDFA98D7557D72B5B8D92AD5D4E58.e.531/text HTTP/1.1
Cache-Control: no-cache
User-Agent: appium/8.3.0 (selenium/4.8.3 (java mac))
Content-Type: application/json; charset=utf-8
host: 127.0.0.1:4723
accept: */*

Response DefaultHttpResponse(decodeResult: success, version: HTTP/1.1)
HTTP/1.1 200 OK
X-Powered-By: Express
Content-Type: application/json; charset=utf-8
Content-Length: 21
ETag: W/"15-TO3sWlSDOWugYk4PupF88IEQYAA"
Date: Sun, 06 Apr 2025 13:54:45 GMT
Connection: keep-alive
Keep-Alive: timeout=600

21:54:45.107 [AsyncHttpClient-1-2] DEBUG org.asynchttpclient.netty.channel.ChannelManager -- Adding key: http://127.0.0.1:4723 for channel [id: 0xd850032e, L:/127.0.0.1:49363 - R:/127.0.0.1:4723]
21:54:45.107 [Forwarding getElementText on session 9d505292-1662-4e03-b7da-959f22fa1c1e to remote] DEBUG org.asynchttpclient.netty.request.NettyRequestSender -- Using pooled Channel '[id: 0xd850032e, L:/127.0.0.1:49363 - R:/127.0.0.1:4723]' for 'GET' to 'http://127.0.0.1:4723/session/9d505292-1662-4e03-b7da-959f22fa1c1e/element/f.09BF641F5805ED6A5007B9E87D61469D.d.777EDFA98D7557D72B5B8D92AD5D4E58.e.533/text'
21:54:45.107 [Forwarding getElementText on session 9d505292-1662-4e03-b7da-959f22fa1c1e to remote] DEBUG org.asynchttpclient.netty.request.NettyRequestSender -- Using open Channel [id: 0xd850032e, L:/127.0.0.1:49363 - R:/127.0.0.1:4723] for GET '/session/9d505292-1662-4e03-b7da-959f22fa1c1e/element/f.09BF641F5805ED6A5007B9E87D61469D.d.777EDFA98D7557D72B5B8D92AD5D4E58.e.533/text'
21:54:45.126 [AsyncHttpClient-1-2] DEBUG org.asynchttpclient.netty.handler.HttpHandler -- 

Request DefaultFullHttpRequest(decodeResult: success, version: HTTP/1.1, content: EmptyByteBufBE)
GET /session/9d505292-1662-4e03-b7da-959f22fa1c1e/element/f.09BF641F5805ED6A5007B9E87D61469D.d.777EDFA98D7557D72B5B8D92AD5D4E58.e.533/text HTTP/1.1
Cache-Control: no-cache
User-Agent: appium/8.3.0 (selenium/4.8.3 (java mac))
Content-Type: application/json; charset=utf-8
host: 127.0.0.1:4723
accept: */*

Response DefaultHttpResponse(decodeResult: success, version: HTTP/1.1)
HTTP/1.1 200 OK
X-Powered-By: Express
Content-Type: application/json; charset=utf-8
Content-Length: 21
ETag: W/"15-Q2I8q6ayGYlR2KYGycYe+mLSRyA"
Date: Sun, 06 Apr 2025 13:54:45 GMT
Connection: keep-alive
Keep-Alive: timeout=600

21:54:45.127 [AsyncHttpClient-1-2] DEBUG org.asynchttpclient.netty.channel.ChannelManager -- Adding key: http://127.0.0.1:4723 for channel [id: 0xd850032e, L:/127.0.0.1:49363 - R:/127.0.0.1:4723]
21:54:45.128 [Forwarding getElementText on session 9d505292-1662-4e03-b7da-959f22fa1c1e to remote] DEBUG org.asynchttpclient.netty.request.NettyRequestSender -- Using pooled Channel '[id: 0xd850032e, L:/127.0.0.1:49363 - R:/127.0.0.1:4723]' for 'GET' to 'http://127.0.0.1:4723/session/9d505292-1662-4e03-b7da-959f22fa1c1e/element/f.09BF641F5805ED6A5007B9E87D61469D.d.777EDFA98D7557D72B5B8D92AD5D4E58.e.535/text'
21:54:45.128 [Forwarding getElementText on session 9d505292-1662-4e03-b7da-959f22fa1c1e to remote] DEBUG org.asynchttpclient.netty.request.NettyRequestSender -- Using open Channel [id: 0xd850032e, L:/127.0.0.1:49363 - R:/127.0.0.1:4723] for GET '/session/9d505292-1662-4e03-b7da-959f22fa1c1e/element/f.09BF641F5805ED6A5007B9E87D61469D.d.777EDFA98D7557D72B5B8D92AD5D4E58.e.535/text'
21:54:45.146 [AsyncHttpClient-1-2] DEBUG org.asynchttpclient.netty.handler.HttpHandler -- 

Request DefaultFullHttpRequest(decodeResult: success, version: HTTP/1.1, content: EmptyByteBufBE)
GET /session/9d505292-1662-4e03-b7da-959f22fa1c1e/element/f.09BF641F5805ED6A5007B9E87D61469D.d.777EDFA98D7557D72B5B8D92AD5D4E58.e.535/text HTTP/1.1
Cache-Control: no-cache
User-Agent: appium/8.3.0 (selenium/4.8.3 (java mac))
Content-Type: application/json; charset=utf-8
host: 127.0.0.1:4723
accept: */*

Response DefaultHttpResponse(decodeResult: success, version: HTTP/1.1)
HTTP/1.1 200 OK
X-Powered-By: Express
Content-Type: application/json; charset=utf-8
Content-Length: 21
ETag: W/"15-+7q39sx1Dj7ya6aPfh3StEIFduU"
Date: Sun, 06 Apr 2025 13:54:45 GMT
Connection: keep-alive
Keep-Alive: timeout=600

21:54:45.146 [AsyncHttpClient-1-2] DEBUG org.asynchttpclient.netty.channel.ChannelManager -- Adding key: http://127.0.0.1:4723 for channel [id: 0xd850032e, L:/127.0.0.1:49363 - R:/127.0.0.1:4723]
21:54:45.147 [Forwarding getElementText on session 9d505292-1662-4e03-b7da-959f22fa1c1e to remote] DEBUG org.asynchttpclient.netty.request.NettyRequestSender -- Using pooled Channel '[id: 0xd850032e, L:/127.0.0.1:49363 - R:/127.0.0.1:4723]' for 'GET' to 'http://127.0.0.1:4723/session/9d505292-1662-4e03-b7da-959f22fa1c1e/element/f.09BF641F5805ED6A5007B9E87D61469D.d.777EDFA98D7557D72B5B8D92AD5D4E58.e.537/text'
21:54:45.147 [Forwarding getElementText on session 9d505292-1662-4e03-b7da-959f22fa1c1e to remote] DEBUG org.asynchttpclient.netty.request.NettyRequestSender -- Using open Channel [id: 0xd850032e, L:/127.0.0.1:49363 - R:/127.0.0.1:4723] for GET '/session/9d505292-1662-4e03-b7da-959f22fa1c1e/element/f.09BF641F5805ED6A5007B9E87D61469D.d.777EDFA98D7557D72B5B8D92AD5D4E58.e.537/text'
21:54:45.165 [AsyncHttpClient-1-2] DEBUG org.asynchttpclient.netty.handler.HttpHandler -- 

Request DefaultFullHttpRequest(decodeResult: success, version: HTTP/1.1, content: EmptyByteBufBE)
GET /session/9d505292-1662-4e03-b7da-959f22fa1c1e/element/f.09BF641F5805ED6A5007B9E87D61469D.d.777EDFA98D7557D72B5B8D92AD5D4E58.e.537/text HTTP/1.1
Cache-Control: no-cache
User-Agent: appium/8.3.0 (selenium/4.8.3 (java mac))
Content-Type: application/json; charset=utf-8
host: 127.0.0.1:4723
accept: */*

Response DefaultHttpResponse(decodeResult: success, version: HTTP/1.1)
HTTP/1.1 200 OK
X-Powered-By: Express
Content-Type: application/json; charset=utf-8
Content-Length: 21
ETag: W/"15-w4un6JEos2NEYPlBBFnuF3wO59U"
Date: Sun, 06 Apr 2025 13:54:45 GMT
Connection: keep-alive
Keep-Alive: timeout=600

21:54:45.166 [AsyncHttpClient-1-2] DEBUG org.asynchttpclient.netty.channel.ChannelManager -- Adding key: http://127.0.0.1:4723 for channel [id: 0xd850032e, L:/127.0.0.1:49363 - R:/127.0.0.1:4723]
驗證縣市「新北市」與其行政區成功！
21:54:45.167 [Forwarding executeScript on session 9d505292-1662-4e03-b7da-959f22fa1c1e to remote] DEBUG org.asynchttpclient.netty.request.NettyRequestSender -- Using pooled Channel '[id: 0xd850032e, L:/127.0.0.1:49363 - R:/127.0.0.1:4723]' for 'POST' to 'http://127.0.0.1:4723/session/9d505292-1662-4e03-b7da-959f22fa1c1e/execute/sync'
21:54:45.167 [Forwarding executeScript on session 9d505292-1662-4e03-b7da-959f22fa1c1e to remote] DEBUG org.asynchttpclient.netty.request.NettyRequestSender -- Using open Channel [id: 0xd850032e, L:/127.0.0.1:49363 - R:/127.0.0.1:4723] for POST '/session/9d505292-1662-4e03-b7da-959f22fa1c1e/execute/sync'
21:54:45.189 [AsyncHttpClient-1-2] DEBUG org.asynchttpclient.netty.handler.HttpHandler -- 

Request DefaultHttpRequest(decodeResult: success, version: HTTP/1.1)
POST /session/9d505292-1662-4e03-b7da-959f22fa1c1e/execute/sync HTTP/1.1
User-Agent: appium/8.3.0 (selenium/4.8.3 (java mac))
Content-Length: 347
Content-Type: application/json; charset=utf-8
host: 127.0.0.1:4723
accept: */*

Response DefaultHttpResponse(decodeResult: success, version: HTTP/1.1)
HTTP/1.1 200 OK
X-Powered-By: Express
Vary: X-HTTP-Method-Override
Content-Type: application/json; charset=utf-8
Content-Length: 14
ETag: W/"e-9/1BuKMgFObM1mWJm+YjxtXJnUM"
Date: Sun, 06 Apr 2025 13:54:45 GMT
Connection: keep-alive
Keep-Alive: timeout=600

21:54:45.189 [AsyncHttpClient-1-2] DEBUG org.asynchttpclient.netty.channel.ChannelManager -- Adding key: http://127.0.0.1:4723 for channel [id: 0xd850032e, L:/127.0.0.1:49363 - R:/127.0.0.1:4723]
21:54:45.190 [Forwarding findElement on session 9d505292-1662-4e03-b7da-959f22fa1c1e to remote] DEBUG org.asynchttpclient.netty.request.NettyRequestSender -- Using pooled Channel '[id: 0xd850032e, L:/127.0.0.1:49363 - R:/127.0.0.1:4723]' for 'POST' to 'http://127.0.0.1:4723/session/9d505292-1662-4e03-b7da-959f22fa1c1e/element'
21:54:45.190 [Forwarding findElement on session 9d505292-1662-4e03-b7da-959f22fa1c1e to remote] DEBUG org.asynchttpclient.netty.request.NettyRequestSender -- Using open Channel [id: 0xd850032e, L:/127.0.0.1:49363 - R:/127.0.0.1:4723] for POST '/session/9d505292-1662-4e03-b7da-959f22fa1c1e/element'
21:54:45.207 [AsyncHttpClient-1-2] DEBUG org.asynchttpclient.netty.handler.HttpHandler -- 

Request DefaultHttpRequest(decodeResult: success, version: HTTP/1.1)
POST /session/9d505292-1662-4e03-b7da-959f22fa1c1e/element HTTP/1.1
User-Agent: appium/8.3.0 (selenium/4.8.3 (java mac))
Content-Length: 64
Content-Type: application/json; charset=utf-8
host: 127.0.0.1:4723
accept: */*

Response DefaultHttpResponse(decodeResult: success, version: HTTP/1.1)
HTTP/1.1 200 OK
X-Powered-By: Express
Vary: X-HTTP-Method-Override
Content-Type: application/json; charset=utf-8
Content-Length: 215
ETag: W/"d7-hLLmI8sXBhj61n8KQz/SSgPhJ+w"
Date: Sun, 06 Apr 2025 13:54:45 GMT
Connection: keep-alive
Keep-Alive: timeout=600

21:54:45.207 [AsyncHttpClient-1-2] DEBUG org.asynchttpclient.netty.channel.ChannelManager -- Adding key: http://127.0.0.1:4723 for channel [id: 0xd850032e, L:/127.0.0.1:49363 - R:/127.0.0.1:4723]
21:54:45.313 [Forwarding findChildElements on session 9d505292-1662-4e03-b7da-959f22fa1c1e to remote] DEBUG org.asynchttpclient.netty.request.NettyRequestSender -- Using pooled Channel '[id: 0xd850032e, L:/127.0.0.1:49363 - R:/127.0.0.1:4723]' for 'POST' to 'http://127.0.0.1:4723/session/9d505292-1662-4e03-b7da-959f22fa1c1e/element/f.09BF641F5805ED6A5007B9E87D61469D.d.777EDFA98D7557D72B5B8D92AD5D4E58.e.377/elements'
21:54:45.314 [Forwarding findChildElements on session 9d505292-1662-4e03-b7da-959f22fa1c1e to remote] DEBUG org.asynchttpclient.netty.request.NettyRequestSender -- Using open Channel [id: 0xd850032e, L:/127.0.0.1:49363 - R:/127.0.0.1:4723] for POST '/session/9d505292-1662-4e03-b7da-959f22fa1c1e/element/f.09BF641F5805ED6A5007B9E87D61469D.d.777EDFA98D7557D72B5B8D92AD5D4E58.e.377/elements'
21:54:45.338 [AsyncHttpClient-1-2] DEBUG org.asynchttpclient.netty.handler.HttpHandler -- 

Request DefaultHttpRequest(decodeResult: success, version: HTTP/1.1)
POST /session/9d505292-1662-4e03-b7da-959f22fa1c1e/element/f.09BF641F5805ED6A5007B9E87D61469D.d.777EDFA98D7557D72B5B8D92AD5D4E58.e.377/elements HTTP/1.1
User-Agent: appium/8.3.0 (selenium/4.8.3 (java mac))
Content-Length: 133
Content-Type: application/json; charset=utf-8
host: 127.0.0.1:4723
accept: */*

Response DefaultHttpResponse(decodeResult: success, version: HTTP/1.1)
HTTP/1.1 200 OK
X-Powered-By: Express
Vary: X-HTTP-Method-Override
Content-Type: application/json; charset=utf-8
Content-Length: 2895
ETag: W/"b4f-caa95FUHMqwBnPjLyD+HnuhXs7E"
Date: Sun, 06 Apr 2025 13:54:45 GMT
Connection: keep-alive
Keep-Alive: timeout=600

21:54:45.339 [AsyncHttpClient-1-2] DEBUG org.asynchttpclient.netty.channel.ChannelManager -- Adding key: http://127.0.0.1:4723 for channel [id: 0xd850032e, L:/127.0.0.1:49363 - R:/127.0.0.1:4723]
21:54:45.340 [Forwarding getElementText on session 9d505292-1662-4e03-b7da-959f22fa1c1e to remote] DEBUG org.asynchttpclient.netty.request.NettyRequestSender -- Using pooled Channel '[id: 0xd850032e, L:/127.0.0.1:49363 - R:/127.0.0.1:4723]' for 'GET' to 'http://127.0.0.1:4723/session/9d505292-1662-4e03-b7da-959f22fa1c1e/element/f.09BF641F5805ED6A5007B9E87D61469D.d.777EDFA98D7557D72B5B8D92AD5D4E58.e.541/text'
21:54:45.341 [Forwarding getElementText on session 9d505292-1662-4e03-b7da-959f22fa1c1e to remote] DEBUG org.asynchttpclient.netty.request.NettyRequestSender -- Using open Channel [id: 0xd850032e, L:/127.0.0.1:49363 - R:/127.0.0.1:4723] for GET '/session/9d505292-1662-4e03-b7da-959f22fa1c1e/element/f.09BF641F5805ED6A5007B9E87D61469D.d.777EDFA98D7557D72B5B8D92AD5D4E58.e.541/text'
21:54:45.362 [AsyncHttpClient-1-2] DEBUG org.asynchttpclient.netty.handler.HttpHandler -- 

Request DefaultFullHttpRequest(decodeResult: success, version: HTTP/1.1, content: EmptyByteBufBE)
GET /session/9d505292-1662-4e03-b7da-959f22fa1c1e/element/f.09BF641F5805ED6A5007B9E87D61469D.d.777EDFA98D7557D72B5B8D92AD5D4E58.e.541/text HTTP/1.1
Cache-Control: no-cache
User-Agent: appium/8.3.0 (selenium/4.8.3 (java mac))
Content-Type: application/json; charset=utf-8
host: 127.0.0.1:4723
accept: */*

Response DefaultHttpResponse(decodeResult: success, version: HTTP/1.1)
HTTP/1.1 200 OK
X-Powered-By: Express
Content-Type: application/json; charset=utf-8
Content-Length: 27
ETag: W/"1b-WszMrTDLUBhetLFWttbtrso7fzY"
Date: Sun, 06 Apr 2025 13:54:45 GMT
Connection: keep-alive
Keep-Alive: timeout=600

21:54:45.363 [AsyncHttpClient-1-2] DEBUG org.asynchttpclient.netty.channel.ChannelManager -- Adding key: http://127.0.0.1:4723 for channel [id: 0xd850032e, L:/127.0.0.1:49363 - R:/127.0.0.1:4723]
21:54:45.364 [Forwarding getElementText on session 9d505292-1662-4e03-b7da-959f22fa1c1e to remote] DEBUG org.asynchttpclient.netty.request.NettyRequestSender -- Using pooled Channel '[id: 0xd850032e, L:/127.0.0.1:49363 - R:/127.0.0.1:4723]' for 'GET' to 'http://127.0.0.1:4723/session/9d505292-1662-4e03-b7da-959f22fa1c1e/element/f.09BF641F5805ED6A5007B9E87D61469D.d.777EDFA98D7557D72B5B8D92AD5D4E58.e.543/text'
21:54:45.364 [Forwarding getElementText on session 9d505292-1662-4e03-b7da-959f22fa1c1e to remote] DEBUG org.asynchttpclient.netty.request.NettyRequestSender -- Using open Channel [id: 0xd850032e, L:/127.0.0.1:49363 - R:/127.0.0.1:4723] for GET '/session/9d505292-1662-4e03-b7da-959f22fa1c1e/element/f.09BF641F5805ED6A5007B9E87D61469D.d.777EDFA98D7557D72B5B8D92AD5D4E58.e.543/text'
21:54:45.384 [AsyncHttpClient-1-2] DEBUG org.asynchttpclient.netty.handler.HttpHandler -- 

Request DefaultFullHttpRequest(decodeResult: success, version: HTTP/1.1, content: EmptyByteBufBE)
GET /session/9d505292-1662-4e03-b7da-959f22fa1c1e/element/f.09BF641F5805ED6A5007B9E87D61469D.d.777EDFA98D7557D72B5B8D92AD5D4E58.e.543/text HTTP/1.1
Cache-Control: no-cache
User-Agent: appium/8.3.0 (selenium/4.8.3 (java mac))
Content-Type: application/json; charset=utf-8
host: 127.0.0.1:4723
accept: */*

Response DefaultHttpResponse(decodeResult: success, version: HTTP/1.1)
HTTP/1.1 200 OK
X-Powered-By: Express
Content-Type: application/json; charset=utf-8
Content-Length: 21
ETag: W/"15-/7g9nDCBZEz1M7sCFJ6ACFcXUGw"
Date: Sun, 06 Apr 2025 13:54:45 GMT
Connection: keep-alive
Keep-Alive: timeout=600

21:54:45.384 [AsyncHttpClient-1-2] DEBUG org.asynchttpclient.netty.channel.ChannelManager -- Adding key: http://127.0.0.1:4723 for channel [id: 0xd850032e, L:/127.0.0.1:49363 - R:/127.0.0.1:4723]
21:54:45.385 [Forwarding getElementText on session 9d505292-1662-4e03-b7da-959f22fa1c1e to remote] DEBUG org.asynchttpclient.netty.request.NettyRequestSender -- Using pooled Channel '[id: 0xd850032e, L:/127.0.0.1:49363 - R:/127.0.0.1:4723]' for 'GET' to 'http://127.0.0.1:4723/session/9d505292-1662-4e03-b7da-959f22fa1c1e/element/f.09BF641F5805ED6A5007B9E87D61469D.d.777EDFA98D7557D72B5B8D92AD5D4E58.e.545/text'
21:54:45.385 [Forwarding getElementText on session 9d505292-1662-4e03-b7da-959f22fa1c1e to remote] DEBUG org.asynchttpclient.netty.request.NettyRequestSender -- Using open Channel [id: 0xd850032e, L:/127.0.0.1:49363 - R:/127.0.0.1:4723] for GET '/session/9d505292-1662-4e03-b7da-959f22fa1c1e/element/f.09BF641F5805ED6A5007B9E87D61469D.d.777EDFA98D7557D72B5B8D92AD5D4E58.e.545/text'
21:54:45.406 [AsyncHttpClient-1-2] DEBUG org.asynchttpclient.netty.handler.HttpHandler -- 

Request DefaultFullHttpRequest(decodeResult: success, version: HTTP/1.1, content: EmptyByteBufBE)
GET /session/9d505292-1662-4e03-b7da-959f22fa1c1e/element/f.09BF641F5805ED6A5007B9E87D61469D.d.777EDFA98D7557D72B5B8D92AD5D4E58.e.545/text HTTP/1.1
Cache-Control: no-cache
User-Agent: appium/8.3.0 (selenium/4.8.3 (java mac))
Content-Type: application/json; charset=utf-8
host: 127.0.0.1:4723
accept: */*

Response DefaultHttpResponse(decodeResult: success, version: HTTP/1.1)
HTTP/1.1 200 OK
X-Powered-By: Express
Content-Type: application/json; charset=utf-8
Content-Length: 21
ETag: W/"15-cEPkTfLDerKabmMHqY/pO3kSs60"
Date: Sun, 06 Apr 2025 13:54:45 GMT
Connection: keep-alive
Keep-Alive: timeout=600

21:54:45.406 [AsyncHttpClient-1-2] DEBUG org.asynchttpclient.netty.channel.ChannelManager -- Adding key: http://127.0.0.1:4723 for channel [id: 0xd850032e, L:/127.0.0.1:49363 - R:/127.0.0.1:4723]
21:54:45.407 [Forwarding getElementText on session 9d505292-1662-4e03-b7da-959f22fa1c1e to remote] DEBUG org.asynchttpclient.netty.request.NettyRequestSender -- Using pooled Channel '[id: 0xd850032e, L:/127.0.0.1:49363 - R:/127.0.0.1:4723]' for 'GET' to 'http://127.0.0.1:4723/session/9d505292-1662-4e03-b7da-959f22fa1c1e/element/f.09BF641F5805ED6A5007B9E87D61469D.d.777EDFA98D7557D72B5B8D92AD5D4E58.e.547/text'
21:54:45.407 [Forwarding getElementText on session 9d505292-1662-4e03-b7da-959f22fa1c1e to remote] DEBUG org.asynchttpclient.netty.request.NettyRequestSender -- Using open Channel [id: 0xd850032e, L:/127.0.0.1:49363 - R:/127.0.0.1:4723] for GET '/session/9d505292-1662-4e03-b7da-959f22fa1c1e/element/f.09BF641F5805ED6A5007B9E87D61469D.d.777EDFA98D7557D72B5B8D92AD5D4E58.e.547/text'
21:54:45.429 [AsyncHttpClient-1-2] DEBUG org.asynchttpclient.netty.handler.HttpHandler -- 

Request DefaultFullHttpRequest(decodeResult: success, version: HTTP/1.1, content: EmptyByteBufBE)
GET /session/9d505292-1662-4e03-b7da-959f22fa1c1e/element/f.09BF641F5805ED6A5007B9E87D61469D.d.777EDFA98D7557D72B5B8D92AD5D4E58.e.547/text HTTP/1.1
Cache-Control: no-cache
User-Agent: appium/8.3.0 (selenium/4.8.3 (java mac))
Content-Type: application/json; charset=utf-8
host: 127.0.0.1:4723
accept: */*

Response DefaultHttpResponse(decodeResult: success, version: HTTP/1.1)
HTTP/1.1 200 OK
X-Powered-By: Express
Content-Type: application/json; charset=utf-8
Content-Length: 21
ETag: W/"15-9+r7Wat1YtrXkbUOsBsiIzod7sQ"
Date: Sun, 06 Apr 2025 13:54:45 GMT
Connection: keep-alive
Keep-Alive: timeout=600

21:54:45.430 [AsyncHttpClient-1-2] DEBUG org.asynchttpclient.netty.channel.ChannelManager -- Adding key: http://127.0.0.1:4723 for channel [id: 0xd850032e, L:/127.0.0.1:49363 - R:/127.0.0.1:4723]
21:54:45.430 [Forwarding getElementText on session 9d505292-1662-4e03-b7da-959f22fa1c1e to remote] DEBUG org.asynchttpclient.netty.request.NettyRequestSender -- Using pooled Channel '[id: 0xd850032e, L:/127.0.0.1:49363 - R:/127.0.0.1:4723]' for 'GET' to 'http://127.0.0.1:4723/session/9d505292-1662-4e03-b7da-959f22fa1c1e/element/f.09BF641F5805ED6A5007B9E87D61469D.d.777EDFA98D7557D72B5B8D92AD5D4E58.e.549/text'
21:54:45.430 [Forwarding getElementText on session 9d505292-1662-4e03-b7da-959f22fa1c1e to remote] DEBUG org.asynchttpclient.netty.request.NettyRequestSender -- Using open Channel [id: 0xd850032e, L:/127.0.0.1:49363 - R:/127.0.0.1:4723] for GET '/session/9d505292-1662-4e03-b7da-959f22fa1c1e/element/f.09BF641F5805ED6A5007B9E87D61469D.d.777EDFA98D7557D72B5B8D92AD5D4E58.e.549/text'
21:54:45.452 [AsyncHttpClient-1-2] DEBUG org.asynchttpclient.netty.handler.HttpHandler -- 

Request DefaultFullHttpRequest(decodeResult: success, version: HTTP/1.1, content: EmptyByteBufBE)
GET /session/9d505292-1662-4e03-b7da-959f22fa1c1e/element/f.09BF641F5805ED6A5007B9E87D61469D.d.777EDFA98D7557D72B5B8D92AD5D4E58.e.549/text HTTP/1.1
Cache-Control: no-cache
User-Agent: appium/8.3.0 (selenium/4.8.3 (java mac))
Content-Type: application/json; charset=utf-8
host: 127.0.0.1:4723
accept: */*

Response DefaultHttpResponse(decodeResult: success, version: HTTP/1.1)
HTTP/1.1 200 OK
X-Powered-By: Express
Content-Type: application/json; charset=utf-8
Content-Length: 21
ETag: W/"15-NTWQUaRC4VE9TO8lfKFYiQRg4gM"
Date: Sun, 06 Apr 2025 13:54:45 GMT
Connection: keep-alive
Keep-Alive: timeout=600

21:54:45.452 [AsyncHttpClient-1-2] DEBUG org.asynchttpclient.netty.channel.ChannelManager -- Adding key: http://127.0.0.1:4723 for channel [id: 0xd850032e, L:/127.0.0.1:49363 - R:/127.0.0.1:4723]
21:54:45.453 [Forwarding getElementText on session 9d505292-1662-4e03-b7da-959f22fa1c1e to remote] DEBUG org.asynchttpclient.netty.request.NettyRequestSender -- Using pooled Channel '[id: 0xd850032e, L:/127.0.0.1:49363 - R:/127.0.0.1:4723]' for 'GET' to 'http://127.0.0.1:4723/session/9d505292-1662-4e03-b7da-959f22fa1c1e/element/f.09BF641F5805ED6A5007B9E87D61469D.d.777EDFA98D7557D72B5B8D92AD5D4E58.e.551/text'
21:54:45.453 [Forwarding getElementText on session 9d505292-1662-4e03-b7da-959f22fa1c1e to remote] DEBUG org.asynchttpclient.netty.request.NettyRequestSender -- Using open Channel [id: 0xd850032e, L:/127.0.0.1:49363 - R:/127.0.0.1:4723] for GET '/session/9d505292-1662-4e03-b7da-959f22fa1c1e/element/f.09BF641F5805ED6A5007B9E87D61469D.d.777EDFA98D7557D72B5B8D92AD5D4E58.e.551/text'
21:54:45.474 [AsyncHttpClient-1-2] DEBUG org.asynchttpclient.netty.handler.HttpHandler -- 

Request DefaultFullHttpRequest(decodeResult: success, version: HTTP/1.1, content: EmptyByteBufBE)
GET /session/9d505292-1662-4e03-b7da-959f22fa1c1e/element/f.09BF641F5805ED6A5007B9E87D61469D.d.777EDFA98D7557D72B5B8D92AD5D4E58.e.551/text HTTP/1.1
Cache-Control: no-cache
User-Agent: appium/8.3.0 (selenium/4.8.3 (java mac))
Content-Type: application/json; charset=utf-8
host: 127.0.0.1:4723
accept: */*

Response DefaultHttpResponse(decodeResult: success, version: HTTP/1.1)
HTTP/1.1 200 OK
X-Powered-By: Express
Content-Type: application/json; charset=utf-8
Content-Length: 21
ETag: W/"15-UIwwS6RuLpSK43EJf/x1hi3OGKM"
Date: Sun, 06 Apr 2025 13:54:45 GMT
Connection: keep-alive
Keep-Alive: timeout=600

21:54:45.475 [AsyncHttpClient-1-2] DEBUG org.asynchttpclient.netty.channel.ChannelManager -- Adding key: http://127.0.0.1:4723 for channel [id: 0xd850032e, L:/127.0.0.1:49363 - R:/127.0.0.1:4723]
21:54:45.475 [Forwarding getElementText on session 9d505292-1662-4e03-b7da-959f22fa1c1e to remote] DEBUG org.asynchttpclient.netty.request.NettyRequestSender -- Using pooled Channel '[id: 0xd850032e, L:/127.0.0.1:49363 - R:/127.0.0.1:4723]' for 'GET' to 'http://127.0.0.1:4723/session/9d505292-1662-4e03-b7da-959f22fa1c1e/element/f.09BF641F5805ED6A5007B9E87D61469D.d.777EDFA98D7557D72B5B8D92AD5D4E58.e.553/text'
21:54:45.475 [Forwarding getElementText on session 9d505292-1662-4e03-b7da-959f22fa1c1e to remote] DEBUG org.asynchttpclient.netty.request.NettyRequestSender -- Using open Channel [id: 0xd850032e, L:/127.0.0.1:49363 - R:/127.0.0.1:4723] for GET '/session/9d505292-1662-4e03-b7da-959f22fa1c1e/element/f.09BF641F5805ED6A5007B9E87D61469D.d.777EDFA98D7557D72B5B8D92AD5D4E58.e.553/text'
21:54:45.494 [AsyncHttpClient-1-2] DEBUG org.asynchttpclient.netty.handler.HttpHandler -- 

Request DefaultFullHttpRequest(decodeResult: success, version: HTTP/1.1, content: EmptyByteBufBE)
GET /session/9d505292-1662-4e03-b7da-959f22fa1c1e/element/f.09BF641F5805ED6A5007B9E87D61469D.d.777EDFA98D7557D72B5B8D92AD5D4E58.e.553/text HTTP/1.1
Cache-Control: no-cache
User-Agent: appium/8.3.0 (selenium/4.8.3 (java mac))
Content-Type: application/json; charset=utf-8
host: 127.0.0.1:4723
accept: */*

Response DefaultHttpResponse(decodeResult: success, version: HTTP/1.1)
HTTP/1.1 200 OK
X-Powered-By: Express
Content-Type: application/json; charset=utf-8
Content-Length: 21
ETag: W/"15-VLGAL7GEpZdL3VQMe1naMrIhm5Q"
Date: Sun, 06 Apr 2025 13:54:45 GMT
Connection: keep-alive
Keep-Alive: timeout=600

21:54:45.494 [AsyncHttpClient-1-2] DEBUG org.asynchttpclient.netty.channel.ChannelManager -- Adding key: http://127.0.0.1:4723 for channel [id: 0xd850032e, L:/127.0.0.1:49363 - R:/127.0.0.1:4723]
21:54:45.495 [Forwarding getElementText on session 9d505292-1662-4e03-b7da-959f22fa1c1e to remote] DEBUG org.asynchttpclient.netty.request.NettyRequestSender -- Using pooled Channel '[id: 0xd850032e, L:/127.0.0.1:49363 - R:/127.0.0.1:4723]' for 'GET' to 'http://127.0.0.1:4723/session/9d505292-1662-4e03-b7da-959f22fa1c1e/element/f.09BF641F5805ED6A5007B9E87D61469D.d.777EDFA98D7557D72B5B8D92AD5D4E58.e.555/text'
21:54:45.495 [Forwarding getElementText on session 9d505292-1662-4e03-b7da-959f22fa1c1e to remote] DEBUG org.asynchttpclient.netty.request.NettyRequestSender -- Using open Channel [id: 0xd850032e, L:/127.0.0.1:49363 - R:/127.0.0.1:4723] for GET '/session/9d505292-1662-4e03-b7da-959f22fa1c1e/element/f.09BF641F5805ED6A5007B9E87D61469D.d.777EDFA98D7557D72B5B8D92AD5D4E58.e.555/text'
21:54:45.513 [AsyncHttpClient-1-2] DEBUG org.asynchttpclient.netty.handler.HttpHandler -- 

Request DefaultFullHttpRequest(decodeResult: success, version: HTTP/1.1, content: EmptyByteBufBE)
GET /session/9d505292-1662-4e03-b7da-959f22fa1c1e/element/f.09BF641F5805ED6A5007B9E87D61469D.d.777EDFA98D7557D72B5B8D92AD5D4E58.e.555/text HTTP/1.1
Cache-Control: no-cache
User-Agent: appium/8.3.0 (selenium/4.8.3 (java mac))
Content-Type: application/json; charset=utf-8
host: 127.0.0.1:4723
accept: */*

Response DefaultHttpResponse(decodeResult: success, version: HTTP/1.1)
HTTP/1.1 200 OK
X-Powered-By: Express
Content-Type: application/json; charset=utf-8
Content-Length: 21
ETag: W/"15-v9bogtBoLQSpjnW02q7XCbMKyjg"
Date: Sun, 06 Apr 2025 13:54:45 GMT
Connection: keep-alive
Keep-Alive: timeout=600

21:54:45.513 [AsyncHttpClient-1-2] DEBUG org.asynchttpclient.netty.channel.ChannelManager -- Adding key: http://127.0.0.1:4723 for channel [id: 0xd850032e, L:/127.0.0.1:49363 - R:/127.0.0.1:4723]
21:54:45.514 [Forwarding getElementText on session 9d505292-1662-4e03-b7da-959f22fa1c1e to remote] DEBUG org.asynchttpclient.netty.request.NettyRequestSender -- Using pooled Channel '[id: 0xd850032e, L:/127.0.0.1:49363 - R:/127.0.0.1:4723]' for 'GET' to 'http://127.0.0.1:4723/session/9d505292-1662-4e03-b7da-959f22fa1c1e/element/f.09BF641F5805ED6A5007B9E87D61469D.d.777EDFA98D7557D72B5B8D92AD5D4E58.e.557/text'
21:54:45.514 [Forwarding getElementText on session 9d505292-1662-4e03-b7da-959f22fa1c1e to remote] DEBUG org.asynchttpclient.netty.request.NettyRequestSender -- Using open Channel [id: 0xd850032e, L:/127.0.0.1:49363 - R:/127.0.0.1:4723] for GET '/session/9d505292-1662-4e03-b7da-959f22fa1c1e/element/f.09BF641F5805ED6A5007B9E87D61469D.d.777EDFA98D7557D72B5B8D92AD5D4E58.e.557/text'
21:54:45.533 [AsyncHttpClient-1-2] DEBUG org.asynchttpclient.netty.handler.HttpHandler -- 

Request DefaultFullHttpRequest(decodeResult: success, version: HTTP/1.1, content: EmptyByteBufBE)
GET /session/9d505292-1662-4e03-b7da-959f22fa1c1e/element/f.09BF641F5805ED6A5007B9E87D61469D.d.777EDFA98D7557D72B5B8D92AD5D4E58.e.557/text HTTP/1.1
Cache-Control: no-cache
User-Agent: appium/8.3.0 (selenium/4.8.3 (java mac))
Content-Type: application/json; charset=utf-8
host: 127.0.0.1:4723
accept: */*

Response DefaultHttpResponse(decodeResult: success, version: HTTP/1.1)
HTTP/1.1 200 OK
X-Powered-By: Express
Content-Type: application/json; charset=utf-8
Content-Length: 21
ETag: W/"15-kDzOBRYum5GNiNRt20huKAwhQBY"
Date: Sun, 06 Apr 2025 13:54:45 GMT
Connection: keep-alive
Keep-Alive: timeout=600

21:54:45.533 [AsyncHttpClient-1-2] DEBUG org.asynchttpclient.netty.channel.ChannelManager -- Adding key: http://127.0.0.1:4723 for channel [id: 0xd850032e, L:/127.0.0.1:49363 - R:/127.0.0.1:4723]
21:54:45.534 [Forwarding getElementText on session 9d505292-1662-4e03-b7da-959f22fa1c1e to remote] DEBUG org.asynchttpclient.netty.request.NettyRequestSender -- Using pooled Channel '[id: 0xd850032e, L:/127.0.0.1:49363 - R:/127.0.0.1:4723]' for 'GET' to 'http://127.0.0.1:4723/session/9d505292-1662-4e03-b7da-959f22fa1c1e/element/f.09BF641F5805ED6A5007B9E87D61469D.d.777EDFA98D7557D72B5B8D92AD5D4E58.e.559/text'
21:54:45.534 [Forwarding getElementText on session 9d505292-1662-4e03-b7da-959f22fa1c1e to remote] DEBUG org.asynchttpclient.netty.request.NettyRequestSender -- Using open Channel [id: 0xd850032e, L:/127.0.0.1:49363 - R:/127.0.0.1:4723] for GET '/session/9d505292-1662-4e03-b7da-959f22fa1c1e/element/f.09BF641F5805ED6A5007B9E87D61469D.d.777EDFA98D7557D72B5B8D92AD5D4E58.e.559/text'
21:54:45.555 [AsyncHttpClient-1-2] DEBUG org.asynchttpclient.netty.handler.HttpHandler -- 

Request DefaultFullHttpRequest(decodeResult: success, version: HTTP/1.1, content: EmptyByteBufBE)
GET /session/9d505292-1662-4e03-b7da-959f22fa1c1e/element/f.09BF641F5805ED6A5007B9E87D61469D.d.777EDFA98D7557D72B5B8D92AD5D4E58.e.559/text HTTP/1.1
Cache-Control: no-cache
User-Agent: appium/8.3.0 (selenium/4.8.3 (java mac))
Content-Type: application/json; charset=utf-8
host: 127.0.0.1:4723
accept: */*

Response DefaultHttpResponse(decodeResult: success, version: HTTP/1.1)
HTTP/1.1 200 OK
X-Powered-By: Express
Content-Type: application/json; charset=utf-8
Content-Length: 21
ETag: W/"15-CxOlrGhoj/dZIJseafYWWM0IAoc"
Date: Sun, 06 Apr 2025 13:54:45 GMT
Connection: keep-alive
Keep-Alive: timeout=600

21:54:45.555 [AsyncHttpClient-1-2] DEBUG org.asynchttpclient.netty.channel.ChannelManager -- Adding key: http://127.0.0.1:4723 for channel [id: 0xd850032e, L:/127.0.0.1:49363 - R:/127.0.0.1:4723]
21:54:45.558 [Forwarding getElementText on session 9d505292-1662-4e03-b7da-959f22fa1c1e to remote] DEBUG org.asynchttpclient.netty.request.NettyRequestSender -- Using pooled Channel '[id: 0xd850032e, L:/127.0.0.1:49363 - R:/127.0.0.1:4723]' for 'GET' to 'http://127.0.0.1:4723/session/9d505292-1662-4e03-b7da-959f22fa1c1e/element/f.09BF641F5805ED6A5007B9E87D61469D.d.777EDFA98D7557D72B5B8D92AD5D4E58.e.561/text'
21:54:45.558 [Forwarding getElementText on session 9d505292-1662-4e03-b7da-959f22fa1c1e to remote] DEBUG org.asynchttpclient.netty.request.NettyRequestSender -- Using open Channel [id: 0xd850032e, L:/127.0.0.1:49363 - R:/127.0.0.1:4723] for GET '/session/9d505292-1662-4e03-b7da-959f22fa1c1e/element/f.09BF641F5805ED6A5007B9E87D61469D.d.777EDFA98D7557D72B5B8D92AD5D4E58.e.561/text'
21:54:45.578 [AsyncHttpClient-1-2] DEBUG org.asynchttpclient.netty.handler.HttpHandler -- 

Request DefaultFullHttpRequest(decodeResult: success, version: HTTP/1.1, content: EmptyByteBufBE)
GET /session/9d505292-1662-4e03-b7da-959f22fa1c1e/element/f.09BF641F5805ED6A5007B9E87D61469D.d.777EDFA98D7557D72B5B8D92AD5D4E58.e.561/text HTTP/1.1
Cache-Control: no-cache
User-Agent: appium/8.3.0 (selenium/4.8.3 (java mac))
Content-Type: application/json; charset=utf-8
host: 127.0.0.1:4723
accept: */*

Response DefaultHttpResponse(decodeResult: success, version: HTTP/1.1)
HTTP/1.1 200 OK
X-Powered-By: Express
Content-Type: application/json; charset=utf-8
Content-Length: 21
ETag: W/"15-1NZ9OF91CdZWdfb2xRS7ZxBNLE4"
Date: Sun, 06 Apr 2025 13:54:45 GMT
Connection: keep-alive
Keep-Alive: timeout=600

21:54:45.578 [AsyncHttpClient-1-2] DEBUG org.asynchttpclient.netty.channel.ChannelManager -- Adding key: http://127.0.0.1:4723 for channel [id: 0xd850032e, L:/127.0.0.1:49363 - R:/127.0.0.1:4723]
21:54:45.578 [Forwarding getElementText on session 9d505292-1662-4e03-b7da-959f22fa1c1e to remote] DEBUG org.asynchttpclient.netty.request.NettyRequestSender -- Using pooled Channel '[id: 0xd850032e, L:/127.0.0.1:49363 - R:/127.0.0.1:4723]' for 'GET' to 'http://127.0.0.1:4723/session/9d505292-1662-4e03-b7da-959f22fa1c1e/element/f.09BF641F5805ED6A5007B9E87D61469D.d.777EDFA98D7557D72B5B8D92AD5D4E58.e.563/text'
21:54:45.578 [Forwarding getElementText on session 9d505292-1662-4e03-b7da-959f22fa1c1e to remote] DEBUG org.asynchttpclient.netty.request.NettyRequestSender -- Using open Channel [id: 0xd850032e, L:/127.0.0.1:49363 - R:/127.0.0.1:4723] for GET '/session/9d505292-1662-4e03-b7da-959f22fa1c1e/element/f.09BF641F5805ED6A5007B9E87D61469D.d.777EDFA98D7557D72B5B8D92AD5D4E58.e.563/text'
21:54:45.598 [AsyncHttpClient-1-2] DEBUG org.asynchttpclient.netty.handler.HttpHandler -- 

Request DefaultFullHttpRequest(decodeResult: success, version: HTTP/1.1, content: EmptyByteBufBE)
GET /session/9d505292-1662-4e03-b7da-959f22fa1c1e/element/f.09BF641F5805ED6A5007B9E87D61469D.d.777EDFA98D7557D72B5B8D92AD5D4E58.e.563/text HTTP/1.1
Cache-Control: no-cache
User-Agent: appium/8.3.0 (selenium/4.8.3 (java mac))
Content-Type: application/json; charset=utf-8
host: 127.0.0.1:4723
accept: */*

Response DefaultHttpResponse(decodeResult: success, version: HTTP/1.1)
HTTP/1.1 200 OK
X-Powered-By: Express
Content-Type: application/json; charset=utf-8
Content-Length: 21
ETag: W/"15-QbHKL3BfGHWtMNrExV72eHFhGZM"
Date: Sun, 06 Apr 2025 13:54:45 GMT
Connection: keep-alive
Keep-Alive: timeout=600

21:54:45.598 [AsyncHttpClient-1-2] DEBUG org.asynchttpclient.netty.channel.ChannelManager -- Adding key: http://127.0.0.1:4723 for channel [id: 0xd850032e, L:/127.0.0.1:49363 - R:/127.0.0.1:4723]
21:54:45.598 [Forwarding getElementText on session 9d505292-1662-4e03-b7da-959f22fa1c1e to remote] DEBUG org.asynchttpclient.netty.request.NettyRequestSender -- Using pooled Channel '[id: 0xd850032e, L:/127.0.0.1:49363 - R:/127.0.0.1:4723]' for 'GET' to 'http://127.0.0.1:4723/session/9d505292-1662-4e03-b7da-959f22fa1c1e/element/f.09BF641F5805ED6A5007B9E87D61469D.d.777EDFA98D7557D72B5B8D92AD5D4E58.e.565/text'
21:54:45.598 [Forwarding getElementText on session 9d505292-1662-4e03-b7da-959f22fa1c1e to remote] DEBUG org.asynchttpclient.netty.request.NettyRequestSender -- Using open Channel [id: 0xd850032e, L:/127.0.0.1:49363 - R:/127.0.0.1:4723] for GET '/session/9d505292-1662-4e03-b7da-959f22fa1c1e/element/f.09BF641F5805ED6A5007B9E87D61469D.d.777EDFA98D7557D72B5B8D92AD5D4E58.e.565/text'
21:54:45.618 [AsyncHttpClient-1-2] DEBUG org.asynchttpclient.netty.handler.HttpHandler -- 

Request DefaultFullHttpRequest(decodeResult: success, version: HTTP/1.1, content: EmptyByteBufBE)
GET /session/9d505292-1662-4e03-b7da-959f22fa1c1e/element/f.09BF641F5805ED6A5007B9E87D61469D.d.777EDFA98D7557D72B5B8D92AD5D4E58.e.565/text HTTP/1.1
Cache-Control: no-cache
User-Agent: appium/8.3.0 (selenium/4.8.3 (java mac))
Content-Type: application/json; charset=utf-8
host: 127.0.0.1:4723
accept: */*

Response DefaultHttpResponse(decodeResult: success, version: HTTP/1.1)
HTTP/1.1 200 OK
X-Powered-By: Express
Content-Type: application/json; charset=utf-8
Content-Length: 21
ETag: W/"15-GyGIt8Y90Jp2EnV0SUbZXsRezco"
Date: Sun, 06 Apr 2025 13:54:45 GMT
Connection: keep-alive
Keep-Alive: timeout=600

21:54:45.618 [AsyncHttpClient-1-2] DEBUG org.asynchttpclient.netty.channel.ChannelManager -- Adding key: http://127.0.0.1:4723 for channel [id: 0xd850032e, L:/127.0.0.1:49363 - R:/127.0.0.1:4723]
21:54:45.618 [Forwarding getElementText on session 9d505292-1662-4e03-b7da-959f22fa1c1e to remote] DEBUG org.asynchttpclient.netty.request.NettyRequestSender -- Using pooled Channel '[id: 0xd850032e, L:/127.0.0.1:49363 - R:/127.0.0.1:4723]' for 'GET' to 'http://127.0.0.1:4723/session/9d505292-1662-4e03-b7da-959f22fa1c1e/element/f.09BF641F5805ED6A5007B9E87D61469D.d.777EDFA98D7557D72B5B8D92AD5D4E58.e.567/text'
21:54:45.619 [Forwarding getElementText on session 9d505292-1662-4e03-b7da-959f22fa1c1e to remote] DEBUG org.asynchttpclient.netty.request.NettyRequestSender -- Using open Channel [id: 0xd850032e, L:/127.0.0.1:49363 - R:/127.0.0.1:4723] for GET '/session/9d505292-1662-4e03-b7da-959f22fa1c1e/element/f.09BF641F5805ED6A5007B9E87D61469D.d.777EDFA98D7557D72B5B8D92AD5D4E58.e.567/text'
21:54:45.637 [AsyncHttpClient-1-2] DEBUG org.asynchttpclient.netty.handler.HttpHandler -- 

Request DefaultFullHttpRequest(decodeResult: success, version: HTTP/1.1, content: EmptyByteBufBE)
GET /session/9d505292-1662-4e03-b7da-959f22fa1c1e/element/f.09BF641F5805ED6A5007B9E87D61469D.d.777EDFA98D7557D72B5B8D92AD5D4E58.e.567/text HTTP/1.1
Cache-Control: no-cache
User-Agent: appium/8.3.0 (selenium/4.8.3 (java mac))
Content-Type: application/json; charset=utf-8
host: 127.0.0.1:4723
accept: */*

Response DefaultHttpResponse(decodeResult: success, version: HTTP/1.1)
HTTP/1.1 200 OK
X-Powered-By: Express
Content-Type: application/json; charset=utf-8
Content-Length: 21
ETag: W/"15-PL+j/SNI4vvn2ogQJKIQs/0HW34"
Date: Sun, 06 Apr 2025 13:54:45 GMT
Connection: keep-alive
Keep-Alive: timeout=600

21:54:45.637 [AsyncHttpClient-1-2] DEBUG org.asynchttpclient.netty.channel.ChannelManager -- Adding key: http://127.0.0.1:4723 for channel [id: 0xd850032e, L:/127.0.0.1:49363 - R:/127.0.0.1:4723]
驗證縣市「桃園縣」與其行政區成功！
21:54:45.638 [Forwarding executeScript on session 9d505292-1662-4e03-b7da-959f22fa1c1e to remote] DEBUG org.asynchttpclient.netty.request.NettyRequestSender -- Using pooled Channel '[id: 0xd850032e, L:/127.0.0.1:49363 - R:/127.0.0.1:4723]' for 'POST' to 'http://127.0.0.1:4723/session/9d505292-1662-4e03-b7da-959f22fa1c1e/execute/sync'
21:54:45.639 [Forwarding executeScript on session 9d505292-1662-4e03-b7da-959f22fa1c1e to remote] DEBUG org.asynchttpclient.netty.request.NettyRequestSender -- Using open Channel [id: 0xd850032e, L:/127.0.0.1:49363 - R:/127.0.0.1:4723] for POST '/session/9d505292-1662-4e03-b7da-959f22fa1c1e/execute/sync'
21:54:45.657 [AsyncHttpClient-1-2] DEBUG org.asynchttpclient.netty.handler.HttpHandler -- 

Request DefaultHttpRequest(decodeResult: success, version: HTTP/1.1)
POST /session/9d505292-1662-4e03-b7da-959f22fa1c1e/execute/sync HTTP/1.1
User-Agent: appium/8.3.0 (selenium/4.8.3 (java mac))
Content-Length: 347
Content-Type: application/json; charset=utf-8
host: 127.0.0.1:4723
accept: */*

Response DefaultHttpResponse(decodeResult: success, version: HTTP/1.1)
HTTP/1.1 200 OK
X-Powered-By: Express
Vary: X-HTTP-Method-Override
Content-Type: application/json; charset=utf-8
Content-Length: 14
ETag: W/"e-9/1BuKMgFObM1mWJm+YjxtXJnUM"
Date: Sun, 06 Apr 2025 13:54:45 GMT
Connection: keep-alive
Keep-Alive: timeout=600

21:54:45.657 [AsyncHttpClient-1-2] DEBUG org.asynchttpclient.netty.channel.ChannelManager -- Adding key: http://127.0.0.1:4723 for channel [id: 0xd850032e, L:/127.0.0.1:49363 - R:/127.0.0.1:4723]
21:54:45.658 [Forwarding findElement on session 9d505292-1662-4e03-b7da-959f22fa1c1e to remote] DEBUG org.asynchttpclient.netty.request.NettyRequestSender -- Using pooled Channel '[id: 0xd850032e, L:/127.0.0.1:49363 - R:/127.0.0.1:4723]' for 'POST' to 'http://127.0.0.1:4723/session/9d505292-1662-4e03-b7da-959f22fa1c1e/element'
21:54:45.658 [Forwarding findElement on session 9d505292-1662-4e03-b7da-959f22fa1c1e to remote] DEBUG org.asynchttpclient.netty.request.NettyRequestSender -- Using open Channel [id: 0xd850032e, L:/127.0.0.1:49363 - R:/127.0.0.1:4723] for POST '/session/9d505292-1662-4e03-b7da-959f22fa1c1e/element'
21:54:45.678 [AsyncHttpClient-1-2] DEBUG org.asynchttpclient.netty.handler.HttpHandler -- 

Request DefaultHttpRequest(decodeResult: success, version: HTTP/1.1)
POST /session/9d505292-1662-4e03-b7da-959f22fa1c1e/element HTTP/1.1
User-Agent: appium/8.3.0 (selenium/4.8.3 (java mac))
Content-Length: 64
Content-Type: application/json; charset=utf-8
host: 127.0.0.1:4723
accept: */*

Response DefaultHttpResponse(decodeResult: success, version: HTTP/1.1)
HTTP/1.1 200 OK
X-Powered-By: Express
Vary: X-HTTP-Method-Override
Content-Type: application/json; charset=utf-8
Content-Length: 215
ETag: W/"d7-hLLmI8sXBhj61n8KQz/SSgPhJ+w"
Date: Sun, 06 Apr 2025 13:54:45 GMT
Connection: keep-alive
Keep-Alive: timeout=600

21:54:45.678 [AsyncHttpClient-1-2] DEBUG org.asynchttpclient.netty.channel.ChannelManager -- Adding key: http://127.0.0.1:4723 for channel [id: 0xd850032e, L:/127.0.0.1:49363 - R:/127.0.0.1:4723]
21:54:45.779 [Forwarding findChildElements on session 9d505292-1662-4e03-b7da-959f22fa1c1e to remote] DEBUG org.asynchttpclient.netty.request.NettyRequestSender -- Using pooled Channel '[id: 0xd850032e, L:/127.0.0.1:49363 - R:/127.0.0.1:4723]' for 'POST' to 'http://127.0.0.1:4723/session/9d505292-1662-4e03-b7da-959f22fa1c1e/element/f.09BF641F5805ED6A5007B9E87D61469D.d.777EDFA98D7557D72B5B8D92AD5D4E58.e.377/elements'
21:54:45.779 [Forwarding findChildElements on session 9d505292-1662-4e03-b7da-959f22fa1c1e to remote] DEBUG org.asynchttpclient.netty.request.NettyRequestSender -- Using open Channel [id: 0xd850032e, L:/127.0.0.1:49363 - R:/127.0.0.1:4723] for POST '/session/9d505292-1662-4e03-b7da-959f22fa1c1e/element/f.09BF641F5805ED6A5007B9E87D61469D.d.777EDFA98D7557D72B5B8D92AD5D4E58.e.377/elements'
21:54:45.805 [AsyncHttpClient-1-2] DEBUG org.asynchttpclient.netty.handler.HttpHandler -- 

Request DefaultHttpRequest(decodeResult: success, version: HTTP/1.1)
POST /session/9d505292-1662-4e03-b7da-959f22fa1c1e/element/f.09BF641F5805ED6A5007B9E87D61469D.d.777EDFA98D7557D72B5B8D92AD5D4E58.e.377/elements HTTP/1.1
User-Agent: appium/8.3.0 (selenium/4.8.3 (java mac))
Content-Length: 133
Content-Type: application/json; charset=utf-8
host: 127.0.0.1:4723
accept: */*

Response DefaultHttpResponse(decodeResult: success, version: HTTP/1.1)
HTTP/1.1 200 OK
X-Powered-By: Express
Vary: X-HTTP-Method-Override
Content-Type: application/json; charset=utf-8
Content-Length: 423
ETag: W/"1a7-Pk6IKwBEDzZvxNfIX1ac/F8Gze0"
Date: Sun, 06 Apr 2025 13:54:45 GMT
Connection: keep-alive
Keep-Alive: timeout=600

21:54:45.806 [AsyncHttpClient-1-2] DEBUG org.asynchttpclient.netty.channel.ChannelManager -- Adding key: http://127.0.0.1:4723 for channel [id: 0xd850032e, L:/127.0.0.1:49363 - R:/127.0.0.1:4723]
21:54:45.806 [Forwarding getElementText on session 9d505292-1662-4e03-b7da-959f22fa1c1e to remote] DEBUG org.asynchttpclient.netty.request.NettyRequestSender -- Using pooled Channel '[id: 0xd850032e, L:/127.0.0.1:49363 - R:/127.0.0.1:4723]' for 'GET' to 'http://127.0.0.1:4723/session/9d505292-1662-4e03-b7da-959f22fa1c1e/element/f.09BF641F5805ED6A5007B9E87D61469D.d.777EDFA98D7557D72B5B8D92AD5D4E58.e.571/text'
21:54:45.806 [Forwarding getElementText on session 9d505292-1662-4e03-b7da-959f22fa1c1e to remote] DEBUG org.asynchttpclient.netty.request.NettyRequestSender -- Using open Channel [id: 0xd850032e, L:/127.0.0.1:49363 - R:/127.0.0.1:4723] for GET '/session/9d505292-1662-4e03-b7da-959f22fa1c1e/element/f.09BF641F5805ED6A5007B9E87D61469D.d.777EDFA98D7557D72B5B8D92AD5D4E58.e.571/text'
21:54:45.828 [AsyncHttpClient-1-2] DEBUG org.asynchttpclient.netty.handler.HttpHandler -- 

Request DefaultFullHttpRequest(decodeResult: success, version: HTTP/1.1, content: EmptyByteBufBE)
GET /session/9d505292-1662-4e03-b7da-959f22fa1c1e/element/f.09BF641F5805ED6A5007B9E87D61469D.d.777EDFA98D7557D72B5B8D92AD5D4E58.e.571/text HTTP/1.1
Cache-Control: no-cache
User-Agent: appium/8.3.0 (selenium/4.8.3 (java mac))
Content-Type: application/json; charset=utf-8
host: 127.0.0.1:4723
accept: */*

Response DefaultHttpResponse(decodeResult: success, version: HTTP/1.1)
HTTP/1.1 200 OK
X-Powered-By: Express
Content-Type: application/json; charset=utf-8
Content-Length: 27
ETag: W/"1b-WszMrTDLUBhetLFWttbtrso7fzY"
Date: Sun, 06 Apr 2025 13:54:45 GMT
Connection: keep-alive
Keep-Alive: timeout=600

21:54:45.829 [AsyncHttpClient-1-2] DEBUG org.asynchttpclient.netty.channel.ChannelManager -- Adding key: http://127.0.0.1:4723 for channel [id: 0xd850032e, L:/127.0.0.1:49363 - R:/127.0.0.1:4723]
21:54:45.829 [Forwarding getElementText on session 9d505292-1662-4e03-b7da-959f22fa1c1e to remote] DEBUG org.asynchttpclient.netty.request.NettyRequestSender -- Using pooled Channel '[id: 0xd850032e, L:/127.0.0.1:49363 - R:/127.0.0.1:4723]' for 'GET' to 'http://127.0.0.1:4723/session/9d505292-1662-4e03-b7da-959f22fa1c1e/element/f.09BF641F5805ED6A5007B9E87D61469D.d.777EDFA98D7557D72B5B8D92AD5D4E58.e.573/text'
21:54:45.829 [Forwarding getElementText on session 9d505292-1662-4e03-b7da-959f22fa1c1e to remote] DEBUG org.asynchttpclient.netty.request.NettyRequestSender -- Using open Channel [id: 0xd850032e, L:/127.0.0.1:49363 - R:/127.0.0.1:4723] for GET '/session/9d505292-1662-4e03-b7da-959f22fa1c1e/element/f.09BF641F5805ED6A5007B9E87D61469D.d.777EDFA98D7557D72B5B8D92AD5D4E58.e.573/text'
21:54:45.850 [AsyncHttpClient-1-2] DEBUG org.asynchttpclient.netty.handler.HttpHandler -- 

Request DefaultFullHttpRequest(decodeResult: success, version: HTTP/1.1, content: EmptyByteBufBE)
GET /session/9d505292-1662-4e03-b7da-959f22fa1c1e/element/f.09BF641F5805ED6A5007B9E87D61469D.d.777EDFA98D7557D72B5B8D92AD5D4E58.e.573/text HTTP/1.1
Cache-Control: no-cache
User-Agent: appium/8.3.0 (selenium/4.8.3 (java mac))
Content-Type: application/json; charset=utf-8
host: 127.0.0.1:4723
accept: */*

Response DefaultHttpResponse(decodeResult: success, version: HTTP/1.1)
HTTP/1.1 200 OK
X-Powered-By: Express
Content-Type: application/json; charset=utf-8
Content-Length: 21
ETag: W/"15-iTQ7RAg0Fom/tLn9f2fEqBqG52I"
Date: Sun, 06 Apr 2025 13:54:45 GMT
Connection: keep-alive
Keep-Alive: timeout=600

21:54:45.850 [AsyncHttpClient-1-2] DEBUG org.asynchttpclient.netty.channel.ChannelManager -- Adding key: http://127.0.0.1:4723 for channel [id: 0xd850032e, L:/127.0.0.1:49363 - R:/127.0.0.1:4723]
驗證縣市「新竹市」與其行政區成功！
21:54:45.851 [Forwarding executeScript on session 9d505292-1662-4e03-b7da-959f22fa1c1e to remote] DEBUG org.asynchttpclient.netty.request.NettyRequestSender -- Using pooled Channel '[id: 0xd850032e, L:/127.0.0.1:49363 - R:/127.0.0.1:4723]' for 'POST' to 'http://127.0.0.1:4723/session/9d505292-1662-4e03-b7da-959f22fa1c1e/execute/sync'
21:54:45.851 [Forwarding executeScript on session 9d505292-1662-4e03-b7da-959f22fa1c1e to remote] DEBUG org.asynchttpclient.netty.request.NettyRequestSender -- Using open Channel [id: 0xd850032e, L:/127.0.0.1:49363 - R:/127.0.0.1:4723] for POST '/session/9d505292-1662-4e03-b7da-959f22fa1c1e/execute/sync'
21:54:45.874 [AsyncHttpClient-1-2] DEBUG org.asynchttpclient.netty.handler.HttpHandler -- 

Request DefaultHttpRequest(decodeResult: success, version: HTTP/1.1)
POST /session/9d505292-1662-4e03-b7da-959f22fa1c1e/execute/sync HTTP/1.1
User-Agent: appium/8.3.0 (selenium/4.8.3 (java mac))
Content-Length: 347
Content-Type: application/json; charset=utf-8
host: 127.0.0.1:4723
accept: */*

Response DefaultHttpResponse(decodeResult: success, version: HTTP/1.1)
HTTP/1.1 200 OK
X-Powered-By: Express
Vary: X-HTTP-Method-Override
Content-Type: application/json; charset=utf-8
Content-Length: 14
ETag: W/"e-9/1BuKMgFObM1mWJm+YjxtXJnUM"
Date: Sun, 06 Apr 2025 13:54:45 GMT
Connection: keep-alive
Keep-Alive: timeout=600

21:54:45.874 [AsyncHttpClient-1-2] DEBUG org.asynchttpclient.netty.channel.ChannelManager -- Adding key: http://127.0.0.1:4723 for channel [id: 0xd850032e, L:/127.0.0.1:49363 - R:/127.0.0.1:4723]
21:54:45.875 [Forwarding findElement on session 9d505292-1662-4e03-b7da-959f22fa1c1e to remote] DEBUG org.asynchttpclient.netty.request.NettyRequestSender -- Using pooled Channel '[id: 0xd850032e, L:/127.0.0.1:49363 - R:/127.0.0.1:4723]' for 'POST' to 'http://127.0.0.1:4723/session/9d505292-1662-4e03-b7da-959f22fa1c1e/element'
21:54:45.875 [Forwarding findElement on session 9d505292-1662-4e03-b7da-959f22fa1c1e to remote] DEBUG org.asynchttpclient.netty.request.NettyRequestSender -- Using open Channel [id: 0xd850032e, L:/127.0.0.1:49363 - R:/127.0.0.1:4723] for POST '/session/9d505292-1662-4e03-b7da-959f22fa1c1e/element'
21:54:45.896 [AsyncHttpClient-1-2] DEBUG org.asynchttpclient.netty.handler.HttpHandler -- 

Request DefaultHttpRequest(decodeResult: success, version: HTTP/1.1)
POST /session/9d505292-1662-4e03-b7da-959f22fa1c1e/element HTTP/1.1
User-Agent: appium/8.3.0 (selenium/4.8.3 (java mac))
Content-Length: 64
Content-Type: application/json; charset=utf-8
host: 127.0.0.1:4723
accept: */*

Response DefaultHttpResponse(decodeResult: success, version: HTTP/1.1)
HTTP/1.1 200 OK
X-Powered-By: Express
Vary: X-HTTP-Method-Override
Content-Type: application/json; charset=utf-8
Content-Length: 215
ETag: W/"d7-hLLmI8sXBhj61n8KQz/SSgPhJ+w"
Date: Sun, 06 Apr 2025 13:54:45 GMT
Connection: keep-alive
Keep-Alive: timeout=600

21:54:45.896 [AsyncHttpClient-1-2] DEBUG org.asynchttpclient.netty.channel.ChannelManager -- Adding key: http://127.0.0.1:4723 for channel [id: 0xd850032e, L:/127.0.0.1:49363 - R:/127.0.0.1:4723]
21:54:46.003 [Forwarding findChildElements on session 9d505292-1662-4e03-b7da-959f22fa1c1e to remote] DEBUG org.asynchttpclient.netty.request.NettyRequestSender -- Using pooled Channel '[id: 0xd850032e, L:/127.0.0.1:49363 - R:/127.0.0.1:4723]' for 'POST' to 'http://127.0.0.1:4723/session/9d505292-1662-4e03-b7da-959f22fa1c1e/element/f.09BF641F5805ED6A5007B9E87D61469D.d.777EDFA98D7557D72B5B8D92AD5D4E58.e.377/elements'
21:54:46.003 [Forwarding findChildElements on session 9d505292-1662-4e03-b7da-959f22fa1c1e to remote] DEBUG org.asynchttpclient.netty.request.NettyRequestSender -- Using open Channel [id: 0xd850032e, L:/127.0.0.1:49363 - R:/127.0.0.1:4723] for POST '/session/9d505292-1662-4e03-b7da-959f22fa1c1e/element/f.09BF641F5805ED6A5007B9E87D61469D.d.777EDFA98D7557D72B5B8D92AD5D4E58.e.377/elements'
21:54:46.030 [AsyncHttpClient-1-2] DEBUG org.asynchttpclient.netty.handler.HttpHandler -- 

Request DefaultHttpRequest(decodeResult: success, version: HTTP/1.1)
POST /session/9d505292-1662-4e03-b7da-959f22fa1c1e/element/f.09BF641F5805ED6A5007B9E87D61469D.d.777EDFA98D7557D72B5B8D92AD5D4E58.e.377/elements HTTP/1.1
User-Agent: appium/8.3.0 (selenium/4.8.3 (java mac))
Content-Length: 133
Content-Type: application/json; charset=utf-8
host: 127.0.0.1:4723
accept: */*

Response DefaultHttpResponse(decodeResult: success, version: HTTP/1.1)
HTTP/1.1 200 OK
X-Powered-By: Express
Vary: X-HTTP-Method-Override
Content-Type: application/json; charset=utf-8
Content-Length: 2895
ETag: W/"b4f-FUF2zrDvdNdduQlPiYX+AniwWKI"
Date: Sun, 06 Apr 2025 13:54:46 GMT
Connection: keep-alive
Keep-Alive: timeout=600

21:54:46.031 [AsyncHttpClient-1-2] DEBUG org.asynchttpclient.netty.channel.ChannelManager -- Adding key: http://127.0.0.1:4723 for channel [id: 0xd850032e, L:/127.0.0.1:49363 - R:/127.0.0.1:4723]
21:54:46.033 [Forwarding getElementText on session 9d505292-1662-4e03-b7da-959f22fa1c1e to remote] DEBUG org.asynchttpclient.netty.request.NettyRequestSender -- Using pooled Channel '[id: 0xd850032e, L:/127.0.0.1:49363 - R:/127.0.0.1:4723]' for 'GET' to 'http://127.0.0.1:4723/session/9d505292-1662-4e03-b7da-959f22fa1c1e/element/f.09BF641F5805ED6A5007B9E87D61469D.d.777EDFA98D7557D72B5B8D92AD5D4E58.e.577/text'
21:54:46.033 [Forwarding getElementText on session 9d505292-1662-4e03-b7da-959f22fa1c1e to remote] DEBUG org.asynchttpclient.netty.request.NettyRequestSender -- Using open Channel [id: 0xd850032e, L:/127.0.0.1:49363 - R:/127.0.0.1:4723] for GET '/session/9d505292-1662-4e03-b7da-959f22fa1c1e/element/f.09BF641F5805ED6A5007B9E87D61469D.d.777EDFA98D7557D72B5B8D92AD5D4E58.e.577/text'
21:54:46.054 [AsyncHttpClient-1-2] DEBUG org.asynchttpclient.netty.handler.HttpHandler -- 

Request DefaultFullHttpRequest(decodeResult: success, version: HTTP/1.1, content: EmptyByteBufBE)
GET /session/9d505292-1662-4e03-b7da-959f22fa1c1e/element/f.09BF641F5805ED6A5007B9E87D61469D.d.777EDFA98D7557D72B5B8D92AD5D4E58.e.577/text HTTP/1.1
Cache-Control: no-cache
User-Agent: appium/8.3.0 (selenium/4.8.3 (java mac))
Content-Type: application/json; charset=utf-8
host: 127.0.0.1:4723
accept: */*

Response DefaultHttpResponse(decodeResult: success, version: HTTP/1.1)
HTTP/1.1 200 OK
X-Powered-By: Express
Content-Type: application/json; charset=utf-8
Content-Length: 27
ETag: W/"1b-WszMrTDLUBhetLFWttbtrso7fzY"
Date: Sun, 06 Apr 2025 13:54:46 GMT
Connection: keep-alive
Keep-Alive: timeout=600

21:54:46.055 [AsyncHttpClient-1-2] DEBUG org.asynchttpclient.netty.channel.ChannelManager -- Adding key: http://127.0.0.1:4723 for channel [id: 0xd850032e, L:/127.0.0.1:49363 - R:/127.0.0.1:4723]
21:54:46.055 [Forwarding getElementText on session 9d505292-1662-4e03-b7da-959f22fa1c1e to remote] DEBUG org.asynchttpclient.netty.request.NettyRequestSender -- Using pooled Channel '[id: 0xd850032e, L:/127.0.0.1:49363 - R:/127.0.0.1:4723]' for 'GET' to 'http://127.0.0.1:4723/session/9d505292-1662-4e03-b7da-959f22fa1c1e/element/f.09BF641F5805ED6A5007B9E87D61469D.d.777EDFA98D7557D72B5B8D92AD5D4E58.e.579/text'
21:54:46.055 [Forwarding getElementText on session 9d505292-1662-4e03-b7da-959f22fa1c1e to remote] DEBUG org.asynchttpclient.netty.request.NettyRequestSender -- Using open Channel [id: 0xd850032e, L:/127.0.0.1:49363 - R:/127.0.0.1:4723] for GET '/session/9d505292-1662-4e03-b7da-959f22fa1c1e/element/f.09BF641F5805ED6A5007B9E87D61469D.d.777EDFA98D7557D72B5B8D92AD5D4E58.e.579/text'
21:54:46.075 [AsyncHttpClient-1-2] DEBUG org.asynchttpclient.netty.handler.HttpHandler -- 

Request DefaultFullHttpRequest(decodeResult: success, version: HTTP/1.1, content: EmptyByteBufBE)
GET /session/9d505292-1662-4e03-b7da-959f22fa1c1e/element/f.09BF641F5805ED6A5007B9E87D61469D.d.777EDFA98D7557D72B5B8D92AD5D4E58.e.579/text HTTP/1.1
Cache-Control: no-cache
User-Agent: appium/8.3.0 (selenium/4.8.3 (java mac))
Content-Type: application/json; charset=utf-8
host: 127.0.0.1:4723
accept: */*

Response DefaultHttpResponse(decodeResult: success, version: HTTP/1.1)
HTTP/1.1 200 OK
X-Powered-By: Express
Content-Type: application/json; charset=utf-8
Content-Length: 21
ETag: W/"15-LSS+hWaYe3qBlXh6i8P98m0AREc"
Date: Sun, 06 Apr 2025 13:54:46 GMT
Connection: keep-alive
Keep-Alive: timeout=600

21:54:46.076 [AsyncHttpClient-1-2] DEBUG org.asynchttpclient.netty.channel.ChannelManager -- Adding key: http://127.0.0.1:4723 for channel [id: 0xd850032e, L:/127.0.0.1:49363 - R:/127.0.0.1:4723]
21:54:46.077 [Forwarding getElementText on session 9d505292-1662-4e03-b7da-959f22fa1c1e to remote] DEBUG org.asynchttpclient.netty.request.NettyRequestSender -- Using pooled Channel '[id: 0xd850032e, L:/127.0.0.1:49363 - R:/127.0.0.1:4723]' for 'GET' to 'http://127.0.0.1:4723/session/9d505292-1662-4e03-b7da-959f22fa1c1e/element/f.09BF641F5805ED6A5007B9E87D61469D.d.777EDFA98D7557D72B5B8D92AD5D4E58.e.581/text'
21:54:46.077 [Forwarding getElementText on session 9d505292-1662-4e03-b7da-959f22fa1c1e to remote] DEBUG org.asynchttpclient.netty.request.NettyRequestSender -- Using open Channel [id: 0xd850032e, L:/127.0.0.1:49363 - R:/127.0.0.1:4723] for GET '/session/9d505292-1662-4e03-b7da-959f22fa1c1e/element/f.09BF641F5805ED6A5007B9E87D61469D.d.777EDFA98D7557D72B5B8D92AD5D4E58.e.581/text'
21:54:46.096 [AsyncHttpClient-1-2] DEBUG org.asynchttpclient.netty.handler.HttpHandler -- 

Request DefaultFullHttpRequest(decodeResult: success, version: HTTP/1.1, content: EmptyByteBufBE)
GET /session/9d505292-1662-4e03-b7da-959f22fa1c1e/element/f.09BF641F5805ED6A5007B9E87D61469D.d.777EDFA98D7557D72B5B8D92AD5D4E58.e.581/text HTTP/1.1
Cache-Control: no-cache
User-Agent: appium/8.3.0 (selenium/4.8.3 (java mac))
Content-Type: application/json; charset=utf-8
host: 127.0.0.1:4723
accept: */*

Response DefaultHttpResponse(decodeResult: success, version: HTTP/1.1)
HTTP/1.1 200 OK
X-Powered-By: Express
Content-Type: application/json; charset=utf-8
Content-Length: 21
ETag: W/"15-q6hY5MoQUT1KgEjRdteTyzveiuQ"
Date: Sun, 06 Apr 2025 13:54:46 GMT
Connection: keep-alive
Keep-Alive: timeout=600

21:54:46.096 [AsyncHttpClient-1-2] DEBUG org.asynchttpclient.netty.channel.ChannelManager -- Adding key: http://127.0.0.1:4723 for channel [id: 0xd850032e, L:/127.0.0.1:49363 - R:/127.0.0.1:4723]
21:54:46.097 [Forwarding getElementText on session 9d505292-1662-4e03-b7da-959f22fa1c1e to remote] DEBUG org.asynchttpclient.netty.request.NettyRequestSender -- Using pooled Channel '[id: 0xd850032e, L:/127.0.0.1:49363 - R:/127.0.0.1:4723]' for 'GET' to 'http://127.0.0.1:4723/session/9d505292-1662-4e03-b7da-959f22fa1c1e/element/f.09BF641F5805ED6A5007B9E87D61469D.d.777EDFA98D7557D72B5B8D92AD5D4E58.e.583/text'
21:54:46.097 [Forwarding getElementText on session 9d505292-1662-4e03-b7da-959f22fa1c1e to remote] DEBUG org.asynchttpclient.netty.request.NettyRequestSender -- Using open Channel [id: 0xd850032e, L:/127.0.0.1:49363 - R:/127.0.0.1:4723] for GET '/session/9d505292-1662-4e03-b7da-959f22fa1c1e/element/f.09BF641F5805ED6A5007B9E87D61469D.d.777EDFA98D7557D72B5B8D92AD5D4E58.e.583/text'
21:54:46.116 [AsyncHttpClient-1-2] DEBUG org.asynchttpclient.netty.handler.HttpHandler -- 

Request DefaultFullHttpRequest(decodeResult: success, version: HTTP/1.1, content: EmptyByteBufBE)
GET /session/9d505292-1662-4e03-b7da-959f22fa1c1e/element/f.09BF641F5805ED6A5007B9E87D61469D.d.777EDFA98D7557D72B5B8D92AD5D4E58.e.583/text HTTP/1.1
Cache-Control: no-cache
User-Agent: appium/8.3.0 (selenium/4.8.3 (java mac))
Content-Type: application/json; charset=utf-8
host: 127.0.0.1:4723
accept: */*

Response DefaultHttpResponse(decodeResult: success, version: HTTP/1.1)
HTTP/1.1 200 OK
X-Powered-By: Express
Content-Type: application/json; charset=utf-8
Content-Length: 21
ETag: W/"15-xFOMTDTcW9kXjIsROdc0r3rZhVw"
Date: Sun, 06 Apr 2025 13:54:46 GMT
Connection: keep-alive
Keep-Alive: timeout=600

21:54:46.117 [AsyncHttpClient-1-2] DEBUG org.asynchttpclient.netty.channel.ChannelManager -- Adding key: http://127.0.0.1:4723 for channel [id: 0xd850032e, L:/127.0.0.1:49363 - R:/127.0.0.1:4723]
21:54:46.117 [Forwarding getElementText on session 9d505292-1662-4e03-b7da-959f22fa1c1e to remote] DEBUG org.asynchttpclient.netty.request.NettyRequestSender -- Using pooled Channel '[id: 0xd850032e, L:/127.0.0.1:49363 - R:/127.0.0.1:4723]' for 'GET' to 'http://127.0.0.1:4723/session/9d505292-1662-4e03-b7da-959f22fa1c1e/element/f.09BF641F5805ED6A5007B9E87D61469D.d.777EDFA98D7557D72B5B8D92AD5D4E58.e.585/text'
21:54:46.117 [Forwarding getElementText on session 9d505292-1662-4e03-b7da-959f22fa1c1e to remote] DEBUG org.asynchttpclient.netty.request.NettyRequestSender -- Using open Channel [id: 0xd850032e, L:/127.0.0.1:49363 - R:/127.0.0.1:4723] for GET '/session/9d505292-1662-4e03-b7da-959f22fa1c1e/element/f.09BF641F5805ED6A5007B9E87D61469D.d.777EDFA98D7557D72B5B8D92AD5D4E58.e.585/text'
21:54:46.137 [AsyncHttpClient-1-2] DEBUG org.asynchttpclient.netty.handler.HttpHandler -- 

Request DefaultFullHttpRequest(decodeResult: success, version: HTTP/1.1, content: EmptyByteBufBE)
GET /session/9d505292-1662-4e03-b7da-959f22fa1c1e/element/f.09BF641F5805ED6A5007B9E87D61469D.d.777EDFA98D7557D72B5B8D92AD5D4E58.e.585/text HTTP/1.1
Cache-Control: no-cache
User-Agent: appium/8.3.0 (selenium/4.8.3 (java mac))
Content-Type: application/json; charset=utf-8
host: 127.0.0.1:4723
accept: */*

Response DefaultHttpResponse(decodeResult: success, version: HTTP/1.1)
HTTP/1.1 200 OK
X-Powered-By: Express
Content-Type: application/json; charset=utf-8
Content-Length: 21
ETag: W/"15-r0ueUUSqkJkXTbRyfShVJ2ghkqM"
Date: Sun, 06 Apr 2025 13:54:46 GMT
Connection: keep-alive
Keep-Alive: timeout=600

21:54:46.137 [AsyncHttpClient-1-2] DEBUG org.asynchttpclient.netty.channel.ChannelManager -- Adding key: http://127.0.0.1:4723 for channel [id: 0xd850032e, L:/127.0.0.1:49363 - R:/127.0.0.1:4723]
21:54:46.139 [Forwarding getElementText on session 9d505292-1662-4e03-b7da-959f22fa1c1e to remote] DEBUG org.asynchttpclient.netty.request.NettyRequestSender -- Using pooled Channel '[id: 0xd850032e, L:/127.0.0.1:49363 - R:/127.0.0.1:4723]' for 'GET' to 'http://127.0.0.1:4723/session/9d505292-1662-4e03-b7da-959f22fa1c1e/element/f.09BF641F5805ED6A5007B9E87D61469D.d.777EDFA98D7557D72B5B8D92AD5D4E58.e.587/text'
21:54:46.139 [Forwarding getElementText on session 9d505292-1662-4e03-b7da-959f22fa1c1e to remote] DEBUG org.asynchttpclient.netty.request.NettyRequestSender -- Using open Channel [id: 0xd850032e, L:/127.0.0.1:49363 - R:/127.0.0.1:4723] for GET '/session/9d505292-1662-4e03-b7da-959f22fa1c1e/element/f.09BF641F5805ED6A5007B9E87D61469D.d.777EDFA98D7557D72B5B8D92AD5D4E58.e.587/text'
21:54:46.159 [AsyncHttpClient-1-2] DEBUG org.asynchttpclient.netty.handler.HttpHandler -- 

Request DefaultFullHttpRequest(decodeResult: success, version: HTTP/1.1, content: EmptyByteBufBE)
GET /session/9d505292-1662-4e03-b7da-959f22fa1c1e/element/f.09BF641F5805ED6A5007B9E87D61469D.d.777EDFA98D7557D72B5B8D92AD5D4E58.e.587/text HTTP/1.1
Cache-Control: no-cache
User-Agent: appium/8.3.0 (selenium/4.8.3 (java mac))
Content-Type: application/json; charset=utf-8
host: 127.0.0.1:4723
accept: */*

Response DefaultHttpResponse(decodeResult: success, version: HTTP/1.1)
HTTP/1.1 200 OK
X-Powered-By: Express
Content-Type: application/json; charset=utf-8
Content-Length: 21
ETag: W/"15-khjGLrhRnJLug+VW7kMKHnr8aLI"
Date: Sun, 06 Apr 2025 13:54:46 GMT
Connection: keep-alive
Keep-Alive: timeout=600

21:54:46.159 [AsyncHttpClient-1-2] DEBUG org.asynchttpclient.netty.channel.ChannelManager -- Adding key: http://127.0.0.1:4723 for channel [id: 0xd850032e, L:/127.0.0.1:49363 - R:/127.0.0.1:4723]
21:54:46.160 [Forwarding getElementText on session 9d505292-1662-4e03-b7da-959f22fa1c1e to remote] DEBUG org.asynchttpclient.netty.request.NettyRequestSender -- Using pooled Channel '[id: 0xd850032e, L:/127.0.0.1:49363 - R:/127.0.0.1:4723]' for 'GET' to 'http://127.0.0.1:4723/session/9d505292-1662-4e03-b7da-959f22fa1c1e/element/f.09BF641F5805ED6A5007B9E87D61469D.d.777EDFA98D7557D72B5B8D92AD5D4E58.e.589/text'
21:54:46.160 [Forwarding getElementText on session 9d505292-1662-4e03-b7da-959f22fa1c1e to remote] DEBUG org.asynchttpclient.netty.request.NettyRequestSender -- Using open Channel [id: 0xd850032e, L:/127.0.0.1:49363 - R:/127.0.0.1:4723] for GET '/session/9d505292-1662-4e03-b7da-959f22fa1c1e/element/f.09BF641F5805ED6A5007B9E87D61469D.d.777EDFA98D7557D72B5B8D92AD5D4E58.e.589/text'
21:54:46.182 [AsyncHttpClient-1-2] DEBUG org.asynchttpclient.netty.handler.HttpHandler -- 

Request DefaultFullHttpRequest(decodeResult: success, version: HTTP/1.1, content: EmptyByteBufBE)
GET /session/9d505292-1662-4e03-b7da-959f22fa1c1e/element/f.09BF641F5805ED6A5007B9E87D61469D.d.777EDFA98D7557D72B5B8D92AD5D4E58.e.589/text HTTP/1.1
Cache-Control: no-cache
User-Agent: appium/8.3.0 (selenium/4.8.3 (java mac))
Content-Type: application/json; charset=utf-8
host: 127.0.0.1:4723
accept: */*

Response DefaultHttpResponse(decodeResult: success, version: HTTP/1.1)
HTTP/1.1 200 OK
X-Powered-By: Express
Content-Type: application/json; charset=utf-8
Content-Length: 21
ETag: W/"15-tsCysb+6qJGJHqhmGX6j5v8ywik"
Date: Sun, 06 Apr 2025 13:54:46 GMT
Connection: keep-alive
Keep-Alive: timeout=600

21:54:46.183 [AsyncHttpClient-1-2] DEBUG org.asynchttpclient.netty.channel.ChannelManager -- Adding key: http://127.0.0.1:4723 for channel [id: 0xd850032e, L:/127.0.0.1:49363 - R:/127.0.0.1:4723]
21:54:46.183 [Forwarding getElementText on session 9d505292-1662-4e03-b7da-959f22fa1c1e to remote] DEBUG org.asynchttpclient.netty.request.NettyRequestSender -- Using pooled Channel '[id: 0xd850032e, L:/127.0.0.1:49363 - R:/127.0.0.1:4723]' for 'GET' to 'http://127.0.0.1:4723/session/9d505292-1662-4e03-b7da-959f22fa1c1e/element/f.09BF641F5805ED6A5007B9E87D61469D.d.777EDFA98D7557D72B5B8D92AD5D4E58.e.591/text'
21:54:46.183 [Forwarding getElementText on session 9d505292-1662-4e03-b7da-959f22fa1c1e to remote] DEBUG org.asynchttpclient.netty.request.NettyRequestSender -- Using open Channel [id: 0xd850032e, L:/127.0.0.1:49363 - R:/127.0.0.1:4723] for GET '/session/9d505292-1662-4e03-b7da-959f22fa1c1e/element/f.09BF641F5805ED6A5007B9E87D61469D.d.777EDFA98D7557D72B5B8D92AD5D4E58.e.591/text'
21:54:46.204 [AsyncHttpClient-1-2] DEBUG org.asynchttpclient.netty.handler.HttpHandler -- 

Request DefaultFullHttpRequest(decodeResult: success, version: HTTP/1.1, content: EmptyByteBufBE)
GET /session/9d505292-1662-4e03-b7da-959f22fa1c1e/element/f.09BF641F5805ED6A5007B9E87D61469D.d.777EDFA98D7557D72B5B8D92AD5D4E58.e.591/text HTTP/1.1
Cache-Control: no-cache
User-Agent: appium/8.3.0 (selenium/4.8.3 (java mac))
Content-Type: application/json; charset=utf-8
host: 127.0.0.1:4723
accept: */*

Response DefaultHttpResponse(decodeResult: success, version: HTTP/1.1)
HTTP/1.1 200 OK
X-Powered-By: Express
Content-Type: application/json; charset=utf-8
Content-Length: 21
ETag: W/"15-eQRTo3l9y418Qn3m1sfbS+p8ogA"
Date: Sun, 06 Apr 2025 13:54:46 GMT
Connection: keep-alive
Keep-Alive: timeout=600

21:54:46.204 [AsyncHttpClient-1-2] DEBUG org.asynchttpclient.netty.channel.ChannelManager -- Adding key: http://127.0.0.1:4723 for channel [id: 0xd850032e, L:/127.0.0.1:49363 - R:/127.0.0.1:4723]
21:54:46.204 [Forwarding getElementText on session 9d505292-1662-4e03-b7da-959f22fa1c1e to remote] DEBUG org.asynchttpclient.netty.request.NettyRequestSender -- Using pooled Channel '[id: 0xd850032e, L:/127.0.0.1:49363 - R:/127.0.0.1:4723]' for 'GET' to 'http://127.0.0.1:4723/session/9d505292-1662-4e03-b7da-959f22fa1c1e/element/f.09BF641F5805ED6A5007B9E87D61469D.d.777EDFA98D7557D72B5B8D92AD5D4E58.e.593/text'
21:54:46.205 [Forwarding getElementText on session 9d505292-1662-4e03-b7da-959f22fa1c1e to remote] DEBUG org.asynchttpclient.netty.request.NettyRequestSender -- Using open Channel [id: 0xd850032e, L:/127.0.0.1:49363 - R:/127.0.0.1:4723] for GET '/session/9d505292-1662-4e03-b7da-959f22fa1c1e/element/f.09BF641F5805ED6A5007B9E87D61469D.d.777EDFA98D7557D72B5B8D92AD5D4E58.e.593/text'
21:54:46.225 [AsyncHttpClient-1-2] DEBUG org.asynchttpclient.netty.handler.HttpHandler -- 

Request DefaultFullHttpRequest(decodeResult: success, version: HTTP/1.1, content: EmptyByteBufBE)
GET /session/9d505292-1662-4e03-b7da-959f22fa1c1e/element/f.09BF641F5805ED6A5007B9E87D61469D.d.777EDFA98D7557D72B5B8D92AD5D4E58.e.593/text HTTP/1.1
Cache-Control: no-cache
User-Agent: appium/8.3.0 (selenium/4.8.3 (java mac))
Content-Type: application/json; charset=utf-8
host: 127.0.0.1:4723
accept: */*

Response DefaultHttpResponse(decodeResult: success, version: HTTP/1.1)
HTTP/1.1 200 OK
X-Powered-By: Express
Content-Type: application/json; charset=utf-8
Content-Length: 21
ETag: W/"15-HFs+Qv1qVKdNxts8oUS820vaRHQ"
Date: Sun, 06 Apr 2025 13:54:46 GMT
Connection: keep-alive
Keep-Alive: timeout=600

21:54:46.225 [AsyncHttpClient-1-2] DEBUG org.asynchttpclient.netty.channel.ChannelManager -- Adding key: http://127.0.0.1:4723 for channel [id: 0xd850032e, L:/127.0.0.1:49363 - R:/127.0.0.1:4723]
21:54:46.226 [Forwarding getElementText on session 9d505292-1662-4e03-b7da-959f22fa1c1e to remote] DEBUG org.asynchttpclient.netty.request.NettyRequestSender -- Using pooled Channel '[id: 0xd850032e, L:/127.0.0.1:49363 - R:/127.0.0.1:4723]' for 'GET' to 'http://127.0.0.1:4723/session/9d505292-1662-4e03-b7da-959f22fa1c1e/element/f.09BF641F5805ED6A5007B9E87D61469D.d.777EDFA98D7557D72B5B8D92AD5D4E58.e.595/text'
21:54:46.226 [Forwarding getElementText on session 9d505292-1662-4e03-b7da-959f22fa1c1e to remote] DEBUG org.asynchttpclient.netty.request.NettyRequestSender -- Using open Channel [id: 0xd850032e, L:/127.0.0.1:49363 - R:/127.0.0.1:4723] for GET '/session/9d505292-1662-4e03-b7da-959f22fa1c1e/element/f.09BF641F5805ED6A5007B9E87D61469D.d.777EDFA98D7557D72B5B8D92AD5D4E58.e.595/text'
21:54:46.249 [AsyncHttpClient-1-2] DEBUG org.asynchttpclient.netty.handler.HttpHandler -- 

Request DefaultFullHttpRequest(decodeResult: success, version: HTTP/1.1, content: EmptyByteBufBE)
GET /session/9d505292-1662-4e03-b7da-959f22fa1c1e/element/f.09BF641F5805ED6A5007B9E87D61469D.d.777EDFA98D7557D72B5B8D92AD5D4E58.e.595/text HTTP/1.1
Cache-Control: no-cache
User-Agent: appium/8.3.0 (selenium/4.8.3 (java mac))
Content-Type: application/json; charset=utf-8
host: 127.0.0.1:4723
accept: */*

Response DefaultHttpResponse(decodeResult: success, version: HTTP/1.1)
HTTP/1.1 200 OK
X-Powered-By: Express
Content-Type: application/json; charset=utf-8
Content-Length: 21
ETag: W/"15-mdYvrL08y0H/oFeqPnEn+tecxTc"
Date: Sun, 06 Apr 2025 13:54:46 GMT
Connection: keep-alive
Keep-Alive: timeout=600

21:54:46.249 [AsyncHttpClient-1-2] DEBUG org.asynchttpclient.netty.channel.ChannelManager -- Adding key: http://127.0.0.1:4723 for channel [id: 0xd850032e, L:/127.0.0.1:49363 - R:/127.0.0.1:4723]
21:54:46.249 [Forwarding getElementText on session 9d505292-1662-4e03-b7da-959f22fa1c1e to remote] DEBUG org.asynchttpclient.netty.request.NettyRequestSender -- Using pooled Channel '[id: 0xd850032e, L:/127.0.0.1:49363 - R:/127.0.0.1:4723]' for 'GET' to 'http://127.0.0.1:4723/session/9d505292-1662-4e03-b7da-959f22fa1c1e/element/f.09BF641F5805ED6A5007B9E87D61469D.d.777EDFA98D7557D72B5B8D92AD5D4E58.e.597/text'
21:54:46.249 [Forwarding getElementText on session 9d505292-1662-4e03-b7da-959f22fa1c1e to remote] DEBUG org.asynchttpclient.netty.request.NettyRequestSender -- Using open Channel [id: 0xd850032e, L:/127.0.0.1:49363 - R:/127.0.0.1:4723] for GET '/session/9d505292-1662-4e03-b7da-959f22fa1c1e/element/f.09BF641F5805ED6A5007B9E87D61469D.d.777EDFA98D7557D72B5B8D92AD5D4E58.e.597/text'
21:54:46.269 [AsyncHttpClient-1-2] DEBUG org.asynchttpclient.netty.handler.HttpHandler -- 

Request DefaultFullHttpRequest(decodeResult: success, version: HTTP/1.1, content: EmptyByteBufBE)
GET /session/9d505292-1662-4e03-b7da-959f22fa1c1e/element/f.09BF641F5805ED6A5007B9E87D61469D.d.777EDFA98D7557D72B5B8D92AD5D4E58.e.597/text HTTP/1.1
Cache-Control: no-cache
User-Agent: appium/8.3.0 (selenium/4.8.3 (java mac))
Content-Type: application/json; charset=utf-8
host: 127.0.0.1:4723
accept: */*

Response DefaultHttpResponse(decodeResult: success, version: HTTP/1.1)
HTTP/1.1 200 OK
X-Powered-By: Express
Content-Type: application/json; charset=utf-8
Content-Length: 21
ETag: W/"15-wFeO9McJr1O+saKV8WNJTISM140"
Date: Sun, 06 Apr 2025 13:54:46 GMT
Connection: keep-alive
Keep-Alive: timeout=600

21:54:46.269 [AsyncHttpClient-1-2] DEBUG org.asynchttpclient.netty.channel.ChannelManager -- Adding key: http://127.0.0.1:4723 for channel [id: 0xd850032e, L:/127.0.0.1:49363 - R:/127.0.0.1:4723]
21:54:46.270 [Forwarding getElementText on session 9d505292-1662-4e03-b7da-959f22fa1c1e to remote] DEBUG org.asynchttpclient.netty.request.NettyRequestSender -- Using pooled Channel '[id: 0xd850032e, L:/127.0.0.1:49363 - R:/127.0.0.1:4723]' for 'GET' to 'http://127.0.0.1:4723/session/9d505292-1662-4e03-b7da-959f22fa1c1e/element/f.09BF641F5805ED6A5007B9E87D61469D.d.777EDFA98D7557D72B5B8D92AD5D4E58.e.599/text'
21:54:46.270 [Forwarding getElementText on session 9d505292-1662-4e03-b7da-959f22fa1c1e to remote] DEBUG org.asynchttpclient.netty.request.NettyRequestSender -- Using open Channel [id: 0xd850032e, L:/127.0.0.1:49363 - R:/127.0.0.1:4723] for GET '/session/9d505292-1662-4e03-b7da-959f22fa1c1e/element/f.09BF641F5805ED6A5007B9E87D61469D.d.777EDFA98D7557D72B5B8D92AD5D4E58.e.599/text'
21:54:46.288 [AsyncHttpClient-1-2] DEBUG org.asynchttpclient.netty.handler.HttpHandler -- 

Request DefaultFullHttpRequest(decodeResult: success, version: HTTP/1.1, content: EmptyByteBufBE)
GET /session/9d505292-1662-4e03-b7da-959f22fa1c1e/element/f.09BF641F5805ED6A5007B9E87D61469D.d.777EDFA98D7557D72B5B8D92AD5D4E58.e.599/text HTTP/1.1
Cache-Control: no-cache
User-Agent: appium/8.3.0 (selenium/4.8.3 (java mac))
Content-Type: application/json; charset=utf-8
host: 127.0.0.1:4723
accept: */*

Response DefaultHttpResponse(decodeResult: success, version: HTTP/1.1)
HTTP/1.1 200 OK
X-Powered-By: Express
Content-Type: application/json; charset=utf-8
Content-Length: 21
ETag: W/"15-Y121FOubzCG5855XUz7E5wCtMOQ"
Date: Sun, 06 Apr 2025 13:54:46 GMT
Connection: keep-alive
Keep-Alive: timeout=600

21:54:46.289 [AsyncHttpClient-1-2] DEBUG org.asynchttpclient.netty.channel.ChannelManager -- Adding key: http://127.0.0.1:4723 for channel [id: 0xd850032e, L:/127.0.0.1:49363 - R:/127.0.0.1:4723]
21:54:46.289 [Forwarding getElementText on session 9d505292-1662-4e03-b7da-959f22fa1c1e to remote] DEBUG org.asynchttpclient.netty.request.NettyRequestSender -- Using pooled Channel '[id: 0xd850032e, L:/127.0.0.1:49363 - R:/127.0.0.1:4723]' for 'GET' to 'http://127.0.0.1:4723/session/9d505292-1662-4e03-b7da-959f22fa1c1e/element/f.09BF641F5805ED6A5007B9E87D61469D.d.777EDFA98D7557D72B5B8D92AD5D4E58.e.601/text'
21:54:46.289 [Forwarding getElementText on session 9d505292-1662-4e03-b7da-959f22fa1c1e to remote] DEBUG org.asynchttpclient.netty.request.NettyRequestSender -- Using open Channel [id: 0xd850032e, L:/127.0.0.1:49363 - R:/127.0.0.1:4723] for GET '/session/9d505292-1662-4e03-b7da-959f22fa1c1e/element/f.09BF641F5805ED6A5007B9E87D61469D.d.777EDFA98D7557D72B5B8D92AD5D4E58.e.601/text'
21:54:46.308 [AsyncHttpClient-1-2] DEBUG org.asynchttpclient.netty.handler.HttpHandler -- 

Request DefaultFullHttpRequest(decodeResult: success, version: HTTP/1.1, content: EmptyByteBufBE)
GET /session/9d505292-1662-4e03-b7da-959f22fa1c1e/element/f.09BF641F5805ED6A5007B9E87D61469D.d.777EDFA98D7557D72B5B8D92AD5D4E58.e.601/text HTTP/1.1
Cache-Control: no-cache
User-Agent: appium/8.3.0 (selenium/4.8.3 (java mac))
Content-Type: application/json; charset=utf-8
host: 127.0.0.1:4723
accept: */*

Response DefaultHttpResponse(decodeResult: success, version: HTTP/1.1)
HTTP/1.1 200 OK
X-Powered-By: Express
Content-Type: application/json; charset=utf-8
Content-Length: 21
ETag: W/"15-PzIGhWnfauvvTZUXGPFJbD/NkYU"
Date: Sun, 06 Apr 2025 13:54:46 GMT
Connection: keep-alive
Keep-Alive: timeout=600

21:54:46.308 [AsyncHttpClient-1-2] DEBUG org.asynchttpclient.netty.channel.ChannelManager -- Adding key: http://127.0.0.1:4723 for channel [id: 0xd850032e, L:/127.0.0.1:49363 - R:/127.0.0.1:4723]
21:54:46.308 [Forwarding getElementText on session 9d505292-1662-4e03-b7da-959f22fa1c1e to remote] DEBUG org.asynchttpclient.netty.request.NettyRequestSender -- Using pooled Channel '[id: 0xd850032e, L:/127.0.0.1:49363 - R:/127.0.0.1:4723]' for 'GET' to 'http://127.0.0.1:4723/session/9d505292-1662-4e03-b7da-959f22fa1c1e/element/f.09BF641F5805ED6A5007B9E87D61469D.d.777EDFA98D7557D72B5B8D92AD5D4E58.e.603/text'
21:54:46.308 [Forwarding getElementText on session 9d505292-1662-4e03-b7da-959f22fa1c1e to remote] DEBUG org.asynchttpclient.netty.request.NettyRequestSender -- Using open Channel [id: 0xd850032e, L:/127.0.0.1:49363 - R:/127.0.0.1:4723] for GET '/session/9d505292-1662-4e03-b7da-959f22fa1c1e/element/f.09BF641F5805ED6A5007B9E87D61469D.d.777EDFA98D7557D72B5B8D92AD5D4E58.e.603/text'
21:54:46.328 [AsyncHttpClient-1-2] DEBUG org.asynchttpclient.netty.handler.HttpHandler -- 

Request DefaultFullHttpRequest(decodeResult: success, version: HTTP/1.1, content: EmptyByteBufBE)
GET /session/9d505292-1662-4e03-b7da-959f22fa1c1e/element/f.09BF641F5805ED6A5007B9E87D61469D.d.777EDFA98D7557D72B5B8D92AD5D4E58.e.603/text HTTP/1.1
Cache-Control: no-cache
User-Agent: appium/8.3.0 (selenium/4.8.3 (java mac))
Content-Type: application/json; charset=utf-8
host: 127.0.0.1:4723
accept: */*

Response DefaultHttpResponse(decodeResult: success, version: HTTP/1.1)
HTTP/1.1 200 OK
X-Powered-By: Express
Content-Type: application/json; charset=utf-8
Content-Length: 21
ETag: W/"15-DE6DXWMH0yjRTJpBCjSvdw2+NEE"
Date: Sun, 06 Apr 2025 13:54:46 GMT
Connection: keep-alive
Keep-Alive: timeout=600

21:54:46.328 [AsyncHttpClient-1-2] DEBUG org.asynchttpclient.netty.channel.ChannelManager -- Adding key: http://127.0.0.1:4723 for channel [id: 0xd850032e, L:/127.0.0.1:49363 - R:/127.0.0.1:4723]
驗證縣市「新竹縣」與其行政區成功！
21:54:46.329 [Forwarding executeScript on session 9d505292-1662-4e03-b7da-959f22fa1c1e to remote] DEBUG org.asynchttpclient.netty.request.NettyRequestSender -- Using pooled Channel '[id: 0xd850032e, L:/127.0.0.1:49363 - R:/127.0.0.1:4723]' for 'POST' to 'http://127.0.0.1:4723/session/9d505292-1662-4e03-b7da-959f22fa1c1e/execute/sync'
21:54:46.329 [Forwarding executeScript on session 9d505292-1662-4e03-b7da-959f22fa1c1e to remote] DEBUG org.asynchttpclient.netty.request.NettyRequestSender -- Using open Channel [id: 0xd850032e, L:/127.0.0.1:49363 - R:/127.0.0.1:4723] for POST '/session/9d505292-1662-4e03-b7da-959f22fa1c1e/execute/sync'
21:54:46.352 [AsyncHttpClient-1-2] DEBUG org.asynchttpclient.netty.handler.HttpHandler -- 

Request DefaultHttpRequest(decodeResult: success, version: HTTP/1.1)
POST /session/9d505292-1662-4e03-b7da-959f22fa1c1e/execute/sync HTTP/1.1
User-Agent: appium/8.3.0 (selenium/4.8.3 (java mac))
Content-Length: 347
Content-Type: application/json; charset=utf-8
host: 127.0.0.1:4723
accept: */*

Response DefaultHttpResponse(decodeResult: success, version: HTTP/1.1)
HTTP/1.1 200 OK
X-Powered-By: Express
Vary: X-HTTP-Method-Override
Content-Type: application/json; charset=utf-8
Content-Length: 14
ETag: W/"e-9/1BuKMgFObM1mWJm+YjxtXJnUM"
Date: Sun, 06 Apr 2025 13:54:46 GMT
Connection: keep-alive
Keep-Alive: timeout=600

21:54:46.352 [AsyncHttpClient-1-2] DEBUG org.asynchttpclient.netty.channel.ChannelManager -- Adding key: http://127.0.0.1:4723 for channel [id: 0xd850032e, L:/127.0.0.1:49363 - R:/127.0.0.1:4723]
21:54:46.353 [Forwarding findElement on session 9d505292-1662-4e03-b7da-959f22fa1c1e to remote] DEBUG org.asynchttpclient.netty.request.NettyRequestSender -- Using pooled Channel '[id: 0xd850032e, L:/127.0.0.1:49363 - R:/127.0.0.1:4723]' for 'POST' to 'http://127.0.0.1:4723/session/9d505292-1662-4e03-b7da-959f22fa1c1e/element'
21:54:46.353 [Forwarding findElement on session 9d505292-1662-4e03-b7da-959f22fa1c1e to remote] DEBUG org.asynchttpclient.netty.request.NettyRequestSender -- Using open Channel [id: 0xd850032e, L:/127.0.0.1:49363 - R:/127.0.0.1:4723] for POST '/session/9d505292-1662-4e03-b7da-959f22fa1c1e/element'
21:54:46.371 [AsyncHttpClient-1-2] DEBUG org.asynchttpclient.netty.handler.HttpHandler -- 

Request DefaultHttpRequest(decodeResult: success, version: HTTP/1.1)
POST /session/9d505292-1662-4e03-b7da-959f22fa1c1e/element HTTP/1.1
User-Agent: appium/8.3.0 (selenium/4.8.3 (java mac))
Content-Length: 64
Content-Type: application/json; charset=utf-8
host: 127.0.0.1:4723
accept: */*

Response DefaultHttpResponse(decodeResult: success, version: HTTP/1.1)
HTTP/1.1 200 OK
X-Powered-By: Express
Vary: X-HTTP-Method-Override
Content-Type: application/json; charset=utf-8
Content-Length: 215
ETag: W/"d7-hLLmI8sXBhj61n8KQz/SSgPhJ+w"
Date: Sun, 06 Apr 2025 13:54:46 GMT
Connection: keep-alive
Keep-Alive: timeout=600

21:54:46.371 [AsyncHttpClient-1-2] DEBUG org.asynchttpclient.netty.channel.ChannelManager -- Adding key: http://127.0.0.1:4723 for channel [id: 0xd850032e, L:/127.0.0.1:49363 - R:/127.0.0.1:4723]
21:54:46.476 [Forwarding findChildElements on session 9d505292-1662-4e03-b7da-959f22fa1c1e to remote] DEBUG org.asynchttpclient.netty.request.NettyRequestSender -- Using pooled Channel '[id: 0xd850032e, L:/127.0.0.1:49363 - R:/127.0.0.1:4723]' for 'POST' to 'http://127.0.0.1:4723/session/9d505292-1662-4e03-b7da-959f22fa1c1e/element/f.09BF641F5805ED6A5007B9E87D61469D.d.777EDFA98D7557D72B5B8D92AD5D4E58.e.377/elements'
21:54:46.476 [Forwarding findChildElements on session 9d505292-1662-4e03-b7da-959f22fa1c1e to remote] DEBUG org.asynchttpclient.netty.request.NettyRequestSender -- Using open Channel [id: 0xd850032e, L:/127.0.0.1:49363 - R:/127.0.0.1:4723] for POST '/session/9d505292-1662-4e03-b7da-959f22fa1c1e/element/f.09BF641F5805ED6A5007B9E87D61469D.d.777EDFA98D7557D72B5B8D92AD5D4E58.e.377/elements'
21:54:46.500 [AsyncHttpClient-1-2] DEBUG org.asynchttpclient.netty.handler.HttpHandler -- 

Request DefaultHttpRequest(decodeResult: success, version: HTTP/1.1)
POST /session/9d505292-1662-4e03-b7da-959f22fa1c1e/element/f.09BF641F5805ED6A5007B9E87D61469D.d.777EDFA98D7557D72B5B8D92AD5D4E58.e.377/elements HTTP/1.1
User-Agent: appium/8.3.0 (selenium/4.8.3 (java mac))
Content-Length: 133
Content-Type: application/json; charset=utf-8
host: 127.0.0.1:4723
accept: */*

Response DefaultHttpResponse(decodeResult: success, version: HTTP/1.1)
HTTP/1.1 200 OK
X-Powered-By: Express
Vary: X-HTTP-Method-Override
Content-Type: application/json; charset=utf-8
Content-Length: 3925
ETag: W/"f55-qY7WZuPcGe9wBqueYUdRPLNQm48"
Date: Sun, 06 Apr 2025 13:54:46 GMT
Connection: keep-alive
Keep-Alive: timeout=600

21:54:46.501 [AsyncHttpClient-1-2] DEBUG org.asynchttpclient.netty.channel.ChannelManager -- Adding key: http://127.0.0.1:4723 for channel [id: 0xd850032e, L:/127.0.0.1:49363 - R:/127.0.0.1:4723]
21:54:46.502 [Forwarding getElementText on session 9d505292-1662-4e03-b7da-959f22fa1c1e to remote] DEBUG org.asynchttpclient.netty.request.NettyRequestSender -- Using pooled Channel '[id: 0xd850032e, L:/127.0.0.1:49363 - R:/127.0.0.1:4723]' for 'GET' to 'http://127.0.0.1:4723/session/9d505292-1662-4e03-b7da-959f22fa1c1e/element/f.09BF641F5805ED6A5007B9E87D61469D.d.777EDFA98D7557D72B5B8D92AD5D4E58.e.607/text'
21:54:46.502 [Forwarding getElementText on session 9d505292-1662-4e03-b7da-959f22fa1c1e to remote] DEBUG org.asynchttpclient.netty.request.NettyRequestSender -- Using open Channel [id: 0xd850032e, L:/127.0.0.1:49363 - R:/127.0.0.1:4723] for GET '/session/9d505292-1662-4e03-b7da-959f22fa1c1e/element/f.09BF641F5805ED6A5007B9E87D61469D.d.777EDFA98D7557D72B5B8D92AD5D4E58.e.607/text'
21:54:46.523 [AsyncHttpClient-1-2] DEBUG org.asynchttpclient.netty.handler.HttpHandler -- 

Request DefaultFullHttpRequest(decodeResult: success, version: HTTP/1.1, content: EmptyByteBufBE)
GET /session/9d505292-1662-4e03-b7da-959f22fa1c1e/element/f.09BF641F5805ED6A5007B9E87D61469D.d.777EDFA98D7557D72B5B8D92AD5D4E58.e.607/text HTTP/1.1
Cache-Control: no-cache
User-Agent: appium/8.3.0 (selenium/4.8.3 (java mac))
Content-Type: application/json; charset=utf-8
host: 127.0.0.1:4723
accept: */*

Response DefaultHttpResponse(decodeResult: success, version: HTTP/1.1)
HTTP/1.1 200 OK
X-Powered-By: Express
Content-Type: application/json; charset=utf-8
Content-Length: 27
ETag: W/"1b-WszMrTDLUBhetLFWttbtrso7fzY"
Date: Sun, 06 Apr 2025 13:54:46 GMT
Connection: keep-alive
Keep-Alive: timeout=600

21:54:46.523 [AsyncHttpClient-1-2] DEBUG org.asynchttpclient.netty.channel.ChannelManager -- Adding key: http://127.0.0.1:4723 for channel [id: 0xd850032e, L:/127.0.0.1:49363 - R:/127.0.0.1:4723]
21:54:46.524 [Forwarding getElementText on session 9d505292-1662-4e03-b7da-959f22fa1c1e to remote] DEBUG org.asynchttpclient.netty.request.NettyRequestSender -- Using pooled Channel '[id: 0xd850032e, L:/127.0.0.1:49363 - R:/127.0.0.1:4723]' for 'GET' to 'http://127.0.0.1:4723/session/9d505292-1662-4e03-b7da-959f22fa1c1e/element/f.09BF641F5805ED6A5007B9E87D61469D.d.777EDFA98D7557D72B5B8D92AD5D4E58.e.609/text'
21:54:46.524 [Forwarding getElementText on session 9d505292-1662-4e03-b7da-959f22fa1c1e to remote] DEBUG org.asynchttpclient.netty.request.NettyRequestSender -- Using open Channel [id: 0xd850032e, L:/127.0.0.1:49363 - R:/127.0.0.1:4723] for GET '/session/9d505292-1662-4e03-b7da-959f22fa1c1e/element/f.09BF641F5805ED6A5007B9E87D61469D.d.777EDFA98D7557D72B5B8D92AD5D4E58.e.609/text'
21:54:46.546 [AsyncHttpClient-1-2] DEBUG org.asynchttpclient.netty.handler.HttpHandler -- 

Request DefaultFullHttpRequest(decodeResult: success, version: HTTP/1.1, content: EmptyByteBufBE)
GET /session/9d505292-1662-4e03-b7da-959f22fa1c1e/element/f.09BF641F5805ED6A5007B9E87D61469D.d.777EDFA98D7557D72B5B8D92AD5D4E58.e.609/text HTTP/1.1
Cache-Control: no-cache
User-Agent: appium/8.3.0 (selenium/4.8.3 (java mac))
Content-Type: application/json; charset=utf-8
host: 127.0.0.1:4723
accept: */*

Response DefaultHttpResponse(decodeResult: success, version: HTTP/1.1)
HTTP/1.1 200 OK
X-Powered-By: Express
Content-Type: application/json; charset=utf-8
Content-Length: 21
ETag: W/"15-FdzvEXr9AhzoucIEvOHce69zdHk"
Date: Sun, 06 Apr 2025 13:54:46 GMT
Connection: keep-alive
Keep-Alive: timeout=600

21:54:46.546 [AsyncHttpClient-1-2] DEBUG org.asynchttpclient.netty.channel.ChannelManager -- Adding key: http://127.0.0.1:4723 for channel [id: 0xd850032e, L:/127.0.0.1:49363 - R:/127.0.0.1:4723]
21:54:46.546 [Forwarding getElementText on session 9d505292-1662-4e03-b7da-959f22fa1c1e to remote] DEBUG org.asynchttpclient.netty.request.NettyRequestSender -- Using pooled Channel '[id: 0xd850032e, L:/127.0.0.1:49363 - R:/127.0.0.1:4723]' for 'GET' to 'http://127.0.0.1:4723/session/9d505292-1662-4e03-b7da-959f22fa1c1e/element/f.09BF641F5805ED6A5007B9E87D61469D.d.777EDFA98D7557D72B5B8D92AD5D4E58.e.611/text'
21:54:46.547 [Forwarding getElementText on session 9d505292-1662-4e03-b7da-959f22fa1c1e to remote] DEBUG org.asynchttpclient.netty.request.NettyRequestSender -- Using open Channel [id: 0xd850032e, L:/127.0.0.1:49363 - R:/127.0.0.1:4723] for GET '/session/9d505292-1662-4e03-b7da-959f22fa1c1e/element/f.09BF641F5805ED6A5007B9E87D61469D.d.777EDFA98D7557D72B5B8D92AD5D4E58.e.611/text'
21:54:46.566 [AsyncHttpClient-1-2] DEBUG org.asynchttpclient.netty.handler.HttpHandler -- 

Request DefaultFullHttpRequest(decodeResult: success, version: HTTP/1.1, content: EmptyByteBufBE)
GET /session/9d505292-1662-4e03-b7da-959f22fa1c1e/element/f.09BF641F5805ED6A5007B9E87D61469D.d.777EDFA98D7557D72B5B8D92AD5D4E58.e.611/text HTTP/1.1
Cache-Control: no-cache
User-Agent: appium/8.3.0 (selenium/4.8.3 (java mac))
Content-Type: application/json; charset=utf-8
host: 127.0.0.1:4723
accept: */*

Response DefaultHttpResponse(decodeResult: success, version: HTTP/1.1)
HTTP/1.1 200 OK
X-Powered-By: Express
Content-Type: application/json; charset=utf-8
Content-Length: 21
ETag: W/"15-fn0ucoxJEuPfiZ+pS3sTpx95Nqc"
Date: Sun, 06 Apr 2025 13:54:46 GMT
Connection: keep-alive
Keep-Alive: timeout=600

21:54:46.566 [AsyncHttpClient-1-2] DEBUG org.asynchttpclient.netty.channel.ChannelManager -- Adding key: http://127.0.0.1:4723 for channel [id: 0xd850032e, L:/127.0.0.1:49363 - R:/127.0.0.1:4723]
21:54:46.567 [Forwarding getElementText on session 9d505292-1662-4e03-b7da-959f22fa1c1e to remote] DEBUG org.asynchttpclient.netty.request.NettyRequestSender -- Using pooled Channel '[id: 0xd850032e, L:/127.0.0.1:49363 - R:/127.0.0.1:4723]' for 'GET' to 'http://127.0.0.1:4723/session/9d505292-1662-4e03-b7da-959f22fa1c1e/element/f.09BF641F5805ED6A5007B9E87D61469D.d.777EDFA98D7557D72B5B8D92AD5D4E58.e.613/text'
21:54:46.567 [Forwarding getElementText on session 9d505292-1662-4e03-b7da-959f22fa1c1e to remote] DEBUG org.asynchttpclient.netty.request.NettyRequestSender -- Using open Channel [id: 0xd850032e, L:/127.0.0.1:49363 - R:/127.0.0.1:4723] for GET '/session/9d505292-1662-4e03-b7da-959f22fa1c1e/element/f.09BF641F5805ED6A5007B9E87D61469D.d.777EDFA98D7557D72B5B8D92AD5D4E58.e.613/text'
21:54:46.587 [AsyncHttpClient-1-2] DEBUG org.asynchttpclient.netty.handler.HttpHandler -- 

Request DefaultFullHttpRequest(decodeResult: success, version: HTTP/1.1, content: EmptyByteBufBE)
GET /session/9d505292-1662-4e03-b7da-959f22fa1c1e/element/f.09BF641F5805ED6A5007B9E87D61469D.d.777EDFA98D7557D72B5B8D92AD5D4E58.e.613/text HTTP/1.1
Cache-Control: no-cache
User-Agent: appium/8.3.0 (selenium/4.8.3 (java mac))
Content-Type: application/json; charset=utf-8
host: 127.0.0.1:4723
accept: */*

Response DefaultHttpResponse(decodeResult: success, version: HTTP/1.1)
HTTP/1.1 200 OK
X-Powered-By: Express
Content-Type: application/json; charset=utf-8
Content-Length: 21
ETag: W/"15-bCuxtQstK0Z5bJT0UI6jb9McE+k"
Date: Sun, 06 Apr 2025 13:54:46 GMT
Connection: keep-alive
Keep-Alive: timeout=600

21:54:46.587 [AsyncHttpClient-1-2] DEBUG org.asynchttpclient.netty.channel.ChannelManager -- Adding key: http://127.0.0.1:4723 for channel [id: 0xd850032e, L:/127.0.0.1:49363 - R:/127.0.0.1:4723]
21:54:46.587 [Forwarding getElementText on session 9d505292-1662-4e03-b7da-959f22fa1c1e to remote] DEBUG org.asynchttpclient.netty.request.NettyRequestSender -- Using pooled Channel '[id: 0xd850032e, L:/127.0.0.1:49363 - R:/127.0.0.1:4723]' for 'GET' to 'http://127.0.0.1:4723/session/9d505292-1662-4e03-b7da-959f22fa1c1e/element/f.09BF641F5805ED6A5007B9E87D61469D.d.777EDFA98D7557D72B5B8D92AD5D4E58.e.615/text'
21:54:46.587 [Forwarding getElementText on session 9d505292-1662-4e03-b7da-959f22fa1c1e to remote] DEBUG org.asynchttpclient.netty.request.NettyRequestSender -- Using open Channel [id: 0xd850032e, L:/127.0.0.1:49363 - R:/127.0.0.1:4723] for GET '/session/9d505292-1662-4e03-b7da-959f22fa1c1e/element/f.09BF641F5805ED6A5007B9E87D61469D.d.777EDFA98D7557D72B5B8D92AD5D4E58.e.615/text'
21:54:46.607 [AsyncHttpClient-1-2] DEBUG org.asynchttpclient.netty.handler.HttpHandler -- 

Request DefaultFullHttpRequest(decodeResult: success, version: HTTP/1.1, content: EmptyByteBufBE)
GET /session/9d505292-1662-4e03-b7da-959f22fa1c1e/element/f.09BF641F5805ED6A5007B9E87D61469D.d.777EDFA98D7557D72B5B8D92AD5D4E58.e.615/text HTTP/1.1
Cache-Control: no-cache
User-Agent: appium/8.3.0 (selenium/4.8.3 (java mac))
Content-Type: application/json; charset=utf-8
host: 127.0.0.1:4723
accept: */*

Response DefaultHttpResponse(decodeResult: success, version: HTTP/1.1)
HTTP/1.1 200 OK
X-Powered-By: Express
Content-Type: application/json; charset=utf-8
Content-Length: 21
ETag: W/"15-aYVNuYQEO4Nu+/zQHLn3cO7FB+I"
Date: Sun, 06 Apr 2025 13:54:46 GMT
Connection: keep-alive
Keep-Alive: timeout=600

21:54:46.607 [AsyncHttpClient-1-2] DEBUG org.asynchttpclient.netty.channel.ChannelManager -- Adding key: http://127.0.0.1:4723 for channel [id: 0xd850032e, L:/127.0.0.1:49363 - R:/127.0.0.1:4723]
21:54:46.607 [Forwarding getElementText on session 9d505292-1662-4e03-b7da-959f22fa1c1e to remote] DEBUG org.asynchttpclient.netty.request.NettyRequestSender -- Using pooled Channel '[id: 0xd850032e, L:/127.0.0.1:49363 - R:/127.0.0.1:4723]' for 'GET' to 'http://127.0.0.1:4723/session/9d505292-1662-4e03-b7da-959f22fa1c1e/element/f.09BF641F5805ED6A5007B9E87D61469D.d.777EDFA98D7557D72B5B8D92AD5D4E58.e.617/text'
21:54:46.607 [Forwarding getElementText on session 9d505292-1662-4e03-b7da-959f22fa1c1e to remote] DEBUG org.asynchttpclient.netty.request.NettyRequestSender -- Using open Channel [id: 0xd850032e, L:/127.0.0.1:49363 - R:/127.0.0.1:4723] for GET '/session/9d505292-1662-4e03-b7da-959f22fa1c1e/element/f.09BF641F5805ED6A5007B9E87D61469D.d.777EDFA98D7557D72B5B8D92AD5D4E58.e.617/text'
21:54:46.625 [AsyncHttpClient-1-2] DEBUG org.asynchttpclient.netty.handler.HttpHandler -- 

Request DefaultFullHttpRequest(decodeResult: success, version: HTTP/1.1, content: EmptyByteBufBE)
GET /session/9d505292-1662-4e03-b7da-959f22fa1c1e/element/f.09BF641F5805ED6A5007B9E87D61469D.d.777EDFA98D7557D72B5B8D92AD5D4E58.e.617/text HTTP/1.1
Cache-Control: no-cache
User-Agent: appium/8.3.0 (selenium/4.8.3 (java mac))
Content-Type: application/json; charset=utf-8
host: 127.0.0.1:4723
accept: */*

Response DefaultHttpResponse(decodeResult: success, version: HTTP/1.1)
HTTP/1.1 200 OK
X-Powered-By: Express
Content-Type: application/json; charset=utf-8
Content-Length: 21
ETag: W/"15-nxrMVQm/dakilZcR9JEwxbAW9Vk"
Date: Sun, 06 Apr 2025 13:54:46 GMT
Connection: keep-alive
Keep-Alive: timeout=600

21:54:46.625 [AsyncHttpClient-1-2] DEBUG org.asynchttpclient.netty.channel.ChannelManager -- Adding key: http://127.0.0.1:4723 for channel [id: 0xd850032e, L:/127.0.0.1:49363 - R:/127.0.0.1:4723]
21:54:46.626 [Forwarding getElementText on session 9d505292-1662-4e03-b7da-959f22fa1c1e to remote] DEBUG org.asynchttpclient.netty.request.NettyRequestSender -- Using pooled Channel '[id: 0xd850032e, L:/127.0.0.1:49363 - R:/127.0.0.1:4723]' for 'GET' to 'http://127.0.0.1:4723/session/9d505292-1662-4e03-b7da-959f22fa1c1e/element/f.09BF641F5805ED6A5007B9E87D61469D.d.777EDFA98D7557D72B5B8D92AD5D4E58.e.619/text'
21:54:46.626 [Forwarding getElementText on session 9d505292-1662-4e03-b7da-959f22fa1c1e to remote] DEBUG org.asynchttpclient.netty.request.NettyRequestSender -- Using open Channel [id: 0xd850032e, L:/127.0.0.1:49363 - R:/127.0.0.1:4723] for GET '/session/9d505292-1662-4e03-b7da-959f22fa1c1e/element/f.09BF641F5805ED6A5007B9E87D61469D.d.777EDFA98D7557D72B5B8D92AD5D4E58.e.619/text'
21:54:46.644 [AsyncHttpClient-1-2] DEBUG org.asynchttpclient.netty.handler.HttpHandler -- 

Request DefaultFullHttpRequest(decodeResult: success, version: HTTP/1.1, content: EmptyByteBufBE)
GET /session/9d505292-1662-4e03-b7da-959f22fa1c1e/element/f.09BF641F5805ED6A5007B9E87D61469D.d.777EDFA98D7557D72B5B8D92AD5D4E58.e.619/text HTTP/1.1
Cache-Control: no-cache
User-Agent: appium/8.3.0 (selenium/4.8.3 (java mac))
Content-Type: application/json; charset=utf-8
host: 127.0.0.1:4723
accept: */*

Response DefaultHttpResponse(decodeResult: success, version: HTTP/1.1)
HTTP/1.1 200 OK
X-Powered-By: Express
Content-Type: application/json; charset=utf-8
Content-Length: 21
ETag: W/"15-RzlBwrDmx6b8zIbEUbXhLXzyS7s"
Date: Sun, 06 Apr 2025 13:54:46 GMT
Connection: keep-alive
Keep-Alive: timeout=600

21:54:46.644 [AsyncHttpClient-1-2] DEBUG org.asynchttpclient.netty.channel.ChannelManager -- Adding key: http://127.0.0.1:4723 for channel [id: 0xd850032e, L:/127.0.0.1:49363 - R:/127.0.0.1:4723]
21:54:46.645 [Forwarding getElementText on session 9d505292-1662-4e03-b7da-959f22fa1c1e to remote] DEBUG org.asynchttpclient.netty.request.NettyRequestSender -- Using pooled Channel '[id: 0xd850032e, L:/127.0.0.1:49363 - R:/127.0.0.1:4723]' for 'GET' to 'http://127.0.0.1:4723/session/9d505292-1662-4e03-b7da-959f22fa1c1e/element/f.09BF641F5805ED6A5007B9E87D61469D.d.777EDFA98D7557D72B5B8D92AD5D4E58.e.621/text'
21:54:46.645 [Forwarding getElementText on session 9d505292-1662-4e03-b7da-959f22fa1c1e to remote] DEBUG org.asynchttpclient.netty.request.NettyRequestSender -- Using open Channel [id: 0xd850032e, L:/127.0.0.1:49363 - R:/127.0.0.1:4723] for GET '/session/9d505292-1662-4e03-b7da-959f22fa1c1e/element/f.09BF641F5805ED6A5007B9E87D61469D.d.777EDFA98D7557D72B5B8D92AD5D4E58.e.621/text'
21:54:46.665 [AsyncHttpClient-1-2] DEBUG org.asynchttpclient.netty.handler.HttpHandler -- 

Request DefaultFullHttpRequest(decodeResult: success, version: HTTP/1.1, content: EmptyByteBufBE)
GET /session/9d505292-1662-4e03-b7da-959f22fa1c1e/element/f.09BF641F5805ED6A5007B9E87D61469D.d.777EDFA98D7557D72B5B8D92AD5D4E58.e.621/text HTTP/1.1
Cache-Control: no-cache
User-Agent: appium/8.3.0 (selenium/4.8.3 (java mac))
Content-Type: application/json; charset=utf-8
host: 127.0.0.1:4723
accept: */*

Response DefaultHttpResponse(decodeResult: success, version: HTTP/1.1)
HTTP/1.1 200 OK
X-Powered-By: Express
Content-Type: application/json; charset=utf-8
Content-Length: 21
ETag: W/"15-26KcnrqgLOMfX6QH3CLKBvowG3E"
Date: Sun, 06 Apr 2025 13:54:46 GMT
Connection: keep-alive
Keep-Alive: timeout=600

21:54:46.665 [AsyncHttpClient-1-2] DEBUG org.asynchttpclient.netty.channel.ChannelManager -- Adding key: http://127.0.0.1:4723 for channel [id: 0xd850032e, L:/127.0.0.1:49363 - R:/127.0.0.1:4723]
21:54:46.665 [Forwarding getElementText on session 9d505292-1662-4e03-b7da-959f22fa1c1e to remote] DEBUG org.asynchttpclient.netty.request.NettyRequestSender -- Using pooled Channel '[id: 0xd850032e, L:/127.0.0.1:49363 - R:/127.0.0.1:4723]' for 'GET' to 'http://127.0.0.1:4723/session/9d505292-1662-4e03-b7da-959f22fa1c1e/element/f.09BF641F5805ED6A5007B9E87D61469D.d.777EDFA98D7557D72B5B8D92AD5D4E58.e.623/text'
21:54:46.665 [Forwarding getElementText on session 9d505292-1662-4e03-b7da-959f22fa1c1e to remote] DEBUG org.asynchttpclient.netty.request.NettyRequestSender -- Using open Channel [id: 0xd850032e, L:/127.0.0.1:49363 - R:/127.0.0.1:4723] for GET '/session/9d505292-1662-4e03-b7da-959f22fa1c1e/element/f.09BF641F5805ED6A5007B9E87D61469D.d.777EDFA98D7557D72B5B8D92AD5D4E58.e.623/text'
21:54:46.681 [AsyncHttpClient-1-2] DEBUG org.asynchttpclient.netty.handler.HttpHandler -- 

Request DefaultFullHttpRequest(decodeResult: success, version: HTTP/1.1, content: EmptyByteBufBE)
GET /session/9d505292-1662-4e03-b7da-959f22fa1c1e/element/f.09BF641F5805ED6A5007B9E87D61469D.d.777EDFA98D7557D72B5B8D92AD5D4E58.e.623/text HTTP/1.1
Cache-Control: no-cache
User-Agent: appium/8.3.0 (selenium/4.8.3 (java mac))
Content-Type: application/json; charset=utf-8
host: 127.0.0.1:4723
accept: */*

Response DefaultHttpResponse(decodeResult: success, version: HTTP/1.1)
HTTP/1.1 200 OK
X-Powered-By: Express
Content-Type: application/json; charset=utf-8
Content-Length: 21
ETag: W/"15-BruTZT6OG6qOAKU4ZjIvbO9MSKM"
Date: Sun, 06 Apr 2025 13:54:46 GMT
Connection: keep-alive
Keep-Alive: timeout=600

21:54:46.682 [AsyncHttpClient-1-2] DEBUG org.asynchttpclient.netty.channel.ChannelManager -- Adding key: http://127.0.0.1:4723 for channel [id: 0xd850032e, L:/127.0.0.1:49363 - R:/127.0.0.1:4723]
21:54:46.682 [Forwarding getElementText on session 9d505292-1662-4e03-b7da-959f22fa1c1e to remote] DEBUG org.asynchttpclient.netty.request.NettyRequestSender -- Using pooled Channel '[id: 0xd850032e, L:/127.0.0.1:49363 - R:/127.0.0.1:4723]' for 'GET' to 'http://127.0.0.1:4723/session/9d505292-1662-4e03-b7da-959f22fa1c1e/element/f.09BF641F5805ED6A5007B9E87D61469D.d.777EDFA98D7557D72B5B8D92AD5D4E58.e.625/text'
21:54:46.682 [Forwarding getElementText on session 9d505292-1662-4e03-b7da-959f22fa1c1e to remote] DEBUG org.asynchttpclient.netty.request.NettyRequestSender -- Using open Channel [id: 0xd850032e, L:/127.0.0.1:49363 - R:/127.0.0.1:4723] for GET '/session/9d505292-1662-4e03-b7da-959f22fa1c1e/element/f.09BF641F5805ED6A5007B9E87D61469D.d.777EDFA98D7557D72B5B8D92AD5D4E58.e.625/text'
21:54:46.699 [AsyncHttpClient-1-2] DEBUG org.asynchttpclient.netty.handler.HttpHandler -- 

Request DefaultFullHttpRequest(decodeResult: success, version: HTTP/1.1, content: EmptyByteBufBE)
GET /session/9d505292-1662-4e03-b7da-959f22fa1c1e/element/f.09BF641F5805ED6A5007B9E87D61469D.d.777EDFA98D7557D72B5B8D92AD5D4E58.e.625/text HTTP/1.1
Cache-Control: no-cache
User-Agent: appium/8.3.0 (selenium/4.8.3 (java mac))
Content-Type: application/json; charset=utf-8
host: 127.0.0.1:4723
accept: */*

Response DefaultHttpResponse(decodeResult: success, version: HTTP/1.1)
HTTP/1.1 200 OK
X-Powered-By: Express
Content-Type: application/json; charset=utf-8
Content-Length: 21
ETag: W/"15-BTbdV4sC1BqBNVbSYN3OdOVtRXY"
Date: Sun, 06 Apr 2025 13:54:46 GMT
Connection: keep-alive
Keep-Alive: timeout=600

21:54:46.699 [AsyncHttpClient-1-2] DEBUG org.asynchttpclient.netty.channel.ChannelManager -- Adding key: http://127.0.0.1:4723 for channel [id: 0xd850032e, L:/127.0.0.1:49363 - R:/127.0.0.1:4723]
21:54:46.699 [Forwarding getElementText on session 9d505292-1662-4e03-b7da-959f22fa1c1e to remote] DEBUG org.asynchttpclient.netty.request.NettyRequestSender -- Using pooled Channel '[id: 0xd850032e, L:/127.0.0.1:49363 - R:/127.0.0.1:4723]' for 'GET' to 'http://127.0.0.1:4723/session/9d505292-1662-4e03-b7da-959f22fa1c1e/element/f.09BF641F5805ED6A5007B9E87D61469D.d.777EDFA98D7557D72B5B8D92AD5D4E58.e.627/text'
21:54:46.699 [Forwarding getElementText on session 9d505292-1662-4e03-b7da-959f22fa1c1e to remote] DEBUG org.asynchttpclient.netty.request.NettyRequestSender -- Using open Channel [id: 0xd850032e, L:/127.0.0.1:49363 - R:/127.0.0.1:4723] for GET '/session/9d505292-1662-4e03-b7da-959f22fa1c1e/element/f.09BF641F5805ED6A5007B9E87D61469D.d.777EDFA98D7557D72B5B8D92AD5D4E58.e.627/text'
21:54:46.717 [AsyncHttpClient-1-2] DEBUG org.asynchttpclient.netty.handler.HttpHandler -- 

Request DefaultFullHttpRequest(decodeResult: success, version: HTTP/1.1, content: EmptyByteBufBE)
GET /session/9d505292-1662-4e03-b7da-959f22fa1c1e/element/f.09BF641F5805ED6A5007B9E87D61469D.d.777EDFA98D7557D72B5B8D92AD5D4E58.e.627/text HTTP/1.1
Cache-Control: no-cache
User-Agent: appium/8.3.0 (selenium/4.8.3 (java mac))
Content-Type: application/json; charset=utf-8
host: 127.0.0.1:4723
accept: */*

Response DefaultHttpResponse(decodeResult: success, version: HTTP/1.1)
HTTP/1.1 200 OK
X-Powered-By: Express
Content-Type: application/json; charset=utf-8
Content-Length: 21
ETag: W/"15-hiWRGUENFAUxoFDLklG7BQ6nf0s"
Date: Sun, 06 Apr 2025 13:54:46 GMT
Connection: keep-alive
Keep-Alive: timeout=600

21:54:46.718 [AsyncHttpClient-1-2] DEBUG org.asynchttpclient.netty.channel.ChannelManager -- Adding key: http://127.0.0.1:4723 for channel [id: 0xd850032e, L:/127.0.0.1:49363 - R:/127.0.0.1:4723]
21:54:46.718 [Forwarding getElementText on session 9d505292-1662-4e03-b7da-959f22fa1c1e to remote] DEBUG org.asynchttpclient.netty.request.NettyRequestSender -- Using pooled Channel '[id: 0xd850032e, L:/127.0.0.1:49363 - R:/127.0.0.1:4723]' for 'GET' to 'http://127.0.0.1:4723/session/9d505292-1662-4e03-b7da-959f22fa1c1e/element/f.09BF641F5805ED6A5007B9E87D61469D.d.777EDFA98D7557D72B5B8D92AD5D4E58.e.629/text'
21:54:46.718 [Forwarding getElementText on session 9d505292-1662-4e03-b7da-959f22fa1c1e to remote] DEBUG org.asynchttpclient.netty.request.NettyRequestSender -- Using open Channel [id: 0xd850032e, L:/127.0.0.1:49363 - R:/127.0.0.1:4723] for GET '/session/9d505292-1662-4e03-b7da-959f22fa1c1e/element/f.09BF641F5805ED6A5007B9E87D61469D.d.777EDFA98D7557D72B5B8D92AD5D4E58.e.629/text'
21:54:46.737 [AsyncHttpClient-1-2] DEBUG org.asynchttpclient.netty.handler.HttpHandler -- 

Request DefaultFullHttpRequest(decodeResult: success, version: HTTP/1.1, content: EmptyByteBufBE)
GET /session/9d505292-1662-4e03-b7da-959f22fa1c1e/element/f.09BF641F5805ED6A5007B9E87D61469D.d.777EDFA98D7557D72B5B8D92AD5D4E58.e.629/text HTTP/1.1
Cache-Control: no-cache
User-Agent: appium/8.3.0 (selenium/4.8.3 (java mac))
Content-Type: application/json; charset=utf-8
host: 127.0.0.1:4723
accept: */*

Response DefaultHttpResponse(decodeResult: success, version: HTTP/1.1)
HTTP/1.1 200 OK
X-Powered-By: Express
Content-Type: application/json; charset=utf-8
Content-Length: 21
ETag: W/"15-DEGE3W7g8sPl5Lqj8UhoL0TvJL0"
Date: Sun, 06 Apr 2025 13:54:46 GMT
Connection: keep-alive
Keep-Alive: timeout=600

21:54:46.737 [AsyncHttpClient-1-2] DEBUG org.asynchttpclient.netty.channel.ChannelManager -- Adding key: http://127.0.0.1:4723 for channel [id: 0xd850032e, L:/127.0.0.1:49363 - R:/127.0.0.1:4723]
21:54:46.738 [Forwarding getElementText on session 9d505292-1662-4e03-b7da-959f22fa1c1e to remote] DEBUG org.asynchttpclient.netty.request.NettyRequestSender -- Using pooled Channel '[id: 0xd850032e, L:/127.0.0.1:49363 - R:/127.0.0.1:4723]' for 'GET' to 'http://127.0.0.1:4723/session/9d505292-1662-4e03-b7da-959f22fa1c1e/element/f.09BF641F5805ED6A5007B9E87D61469D.d.777EDFA98D7557D72B5B8D92AD5D4E58.e.631/text'
21:54:46.738 [Forwarding getElementText on session 9d505292-1662-4e03-b7da-959f22fa1c1e to remote] DEBUG org.asynchttpclient.netty.request.NettyRequestSender -- Using open Channel [id: 0xd850032e, L:/127.0.0.1:49363 - R:/127.0.0.1:4723] for GET '/session/9d505292-1662-4e03-b7da-959f22fa1c1e/element/f.09BF641F5805ED6A5007B9E87D61469D.d.777EDFA98D7557D72B5B8D92AD5D4E58.e.631/text'
21:54:46.758 [AsyncHttpClient-1-2] DEBUG org.asynchttpclient.netty.handler.HttpHandler -- 

Request DefaultFullHttpRequest(decodeResult: success, version: HTTP/1.1, content: EmptyByteBufBE)
GET /session/9d505292-1662-4e03-b7da-959f22fa1c1e/element/f.09BF641F5805ED6A5007B9E87D61469D.d.777EDFA98D7557D72B5B8D92AD5D4E58.e.631/text HTTP/1.1
Cache-Control: no-cache
User-Agent: appium/8.3.0 (selenium/4.8.3 (java mac))
Content-Type: application/json; charset=utf-8
host: 127.0.0.1:4723
accept: */*

Response DefaultHttpResponse(decodeResult: success, version: HTTP/1.1)
HTTP/1.1 200 OK
X-Powered-By: Express
Content-Type: application/json; charset=utf-8
Content-Length: 21
ETag: W/"15-vUKRV4HNUUraxvpMe0ixGyk4ocw"
Date: Sun, 06 Apr 2025 13:54:46 GMT
Connection: keep-alive
Keep-Alive: timeout=600

21:54:46.758 [AsyncHttpClient-1-2] DEBUG org.asynchttpclient.netty.channel.ChannelManager -- Adding key: http://127.0.0.1:4723 for channel [id: 0xd850032e, L:/127.0.0.1:49363 - R:/127.0.0.1:4723]
21:54:46.758 [Forwarding getElementText on session 9d505292-1662-4e03-b7da-959f22fa1c1e to remote] DEBUG org.asynchttpclient.netty.request.NettyRequestSender -- Using pooled Channel '[id: 0xd850032e, L:/127.0.0.1:49363 - R:/127.0.0.1:4723]' for 'GET' to 'http://127.0.0.1:4723/session/9d505292-1662-4e03-b7da-959f22fa1c1e/element/f.09BF641F5805ED6A5007B9E87D61469D.d.777EDFA98D7557D72B5B8D92AD5D4E58.e.633/text'
21:54:46.758 [Forwarding getElementText on session 9d505292-1662-4e03-b7da-959f22fa1c1e to remote] DEBUG org.asynchttpclient.netty.request.NettyRequestSender -- Using open Channel [id: 0xd850032e, L:/127.0.0.1:49363 - R:/127.0.0.1:4723] for GET '/session/9d505292-1662-4e03-b7da-959f22fa1c1e/element/f.09BF641F5805ED6A5007B9E87D61469D.d.777EDFA98D7557D72B5B8D92AD5D4E58.e.633/text'
21:54:46.779 [AsyncHttpClient-1-2] DEBUG org.asynchttpclient.netty.handler.HttpHandler -- 

Request DefaultFullHttpRequest(decodeResult: success, version: HTTP/1.1, content: EmptyByteBufBE)
GET /session/9d505292-1662-4e03-b7da-959f22fa1c1e/element/f.09BF641F5805ED6A5007B9E87D61469D.d.777EDFA98D7557D72B5B8D92AD5D4E58.e.633/text HTTP/1.1
Cache-Control: no-cache
User-Agent: appium/8.3.0 (selenium/4.8.3 (java mac))
Content-Type: application/json; charset=utf-8
host: 127.0.0.1:4723
accept: */*

Response DefaultHttpResponse(decodeResult: success, version: HTTP/1.1)
HTTP/1.1 200 OK
X-Powered-By: Express
Content-Type: application/json; charset=utf-8
Content-Length: 21
ETag: W/"15-9i13dOoAzegKLc3mU7/843o9gbM"
Date: Sun, 06 Apr 2025 13:54:46 GMT
Connection: keep-alive
Keep-Alive: timeout=600

21:54:46.779 [AsyncHttpClient-1-2] DEBUG org.asynchttpclient.netty.channel.ChannelManager -- Adding key: http://127.0.0.1:4723 for channel [id: 0xd850032e, L:/127.0.0.1:49363 - R:/127.0.0.1:4723]
21:54:46.780 [Forwarding getElementText on session 9d505292-1662-4e03-b7da-959f22fa1c1e to remote] DEBUG org.asynchttpclient.netty.request.NettyRequestSender -- Using pooled Channel '[id: 0xd850032e, L:/127.0.0.1:49363 - R:/127.0.0.1:4723]' for 'GET' to 'http://127.0.0.1:4723/session/9d505292-1662-4e03-b7da-959f22fa1c1e/element/f.09BF641F5805ED6A5007B9E87D61469D.d.777EDFA98D7557D72B5B8D92AD5D4E58.e.635/text'
21:54:46.780 [Forwarding getElementText on session 9d505292-1662-4e03-b7da-959f22fa1c1e to remote] DEBUG org.asynchttpclient.netty.request.NettyRequestSender -- Using open Channel [id: 0xd850032e, L:/127.0.0.1:49363 - R:/127.0.0.1:4723] for GET '/session/9d505292-1662-4e03-b7da-959f22fa1c1e/element/f.09BF641F5805ED6A5007B9E87D61469D.d.777EDFA98D7557D72B5B8D92AD5D4E58.e.635/text'
21:54:46.799 [AsyncHttpClient-1-2] DEBUG org.asynchttpclient.netty.handler.HttpHandler -- 

Request DefaultFullHttpRequest(decodeResult: success, version: HTTP/1.1, content: EmptyByteBufBE)
GET /session/9d505292-1662-4e03-b7da-959f22fa1c1e/element/f.09BF641F5805ED6A5007B9E87D61469D.d.777EDFA98D7557D72B5B8D92AD5D4E58.e.635/text HTTP/1.1
Cache-Control: no-cache
User-Agent: appium/8.3.0 (selenium/4.8.3 (java mac))
Content-Type: application/json; charset=utf-8
host: 127.0.0.1:4723
accept: */*

Response DefaultHttpResponse(decodeResult: success, version: HTTP/1.1)
HTTP/1.1 200 OK
X-Powered-By: Express
Content-Type: application/json; charset=utf-8
Content-Length: 21
ETag: W/"15-o9qr4wYOhDRBjwQMaUbyb8NyIY4"
Date: Sun, 06 Apr 2025 13:54:46 GMT
Connection: keep-alive
Keep-Alive: timeout=600

21:54:46.799 [AsyncHttpClient-1-2] DEBUG org.asynchttpclient.netty.channel.ChannelManager -- Adding key: http://127.0.0.1:4723 for channel [id: 0xd850032e, L:/127.0.0.1:49363 - R:/127.0.0.1:4723]
21:54:46.800 [Forwarding getElementText on session 9d505292-1662-4e03-b7da-959f22fa1c1e to remote] DEBUG org.asynchttpclient.netty.request.NettyRequestSender -- Using pooled Channel '[id: 0xd850032e, L:/127.0.0.1:49363 - R:/127.0.0.1:4723]' for 'GET' to 'http://127.0.0.1:4723/session/9d505292-1662-4e03-b7da-959f22fa1c1e/element/f.09BF641F5805ED6A5007B9E87D61469D.d.777EDFA98D7557D72B5B8D92AD5D4E58.e.637/text'
21:54:46.800 [Forwarding getElementText on session 9d505292-1662-4e03-b7da-959f22fa1c1e to remote] DEBUG org.asynchttpclient.netty.request.NettyRequestSender -- Using open Channel [id: 0xd850032e, L:/127.0.0.1:49363 - R:/127.0.0.1:4723] for GET '/session/9d505292-1662-4e03-b7da-959f22fa1c1e/element/f.09BF641F5805ED6A5007B9E87D61469D.d.777EDFA98D7557D72B5B8D92AD5D4E58.e.637/text'
21:54:46.819 [AsyncHttpClient-1-2] DEBUG org.asynchttpclient.netty.handler.HttpHandler -- 

Request DefaultFullHttpRequest(decodeResult: success, version: HTTP/1.1, content: EmptyByteBufBE)
GET /session/9d505292-1662-4e03-b7da-959f22fa1c1e/element/f.09BF641F5805ED6A5007B9E87D61469D.d.777EDFA98D7557D72B5B8D92AD5D4E58.e.637/text HTTP/1.1
Cache-Control: no-cache
User-Agent: appium/8.3.0 (selenium/4.8.3 (java mac))
Content-Type: application/json; charset=utf-8
host: 127.0.0.1:4723
accept: */*

Response DefaultHttpResponse(decodeResult: success, version: HTTP/1.1)
HTTP/1.1 200 OK
X-Powered-By: Express
Content-Type: application/json; charset=utf-8
Content-Length: 21
ETag: W/"15-R1soS7G7sxDY9Skgl+RwScgHr90"
Date: Sun, 06 Apr 2025 13:54:46 GMT
Connection: keep-alive
Keep-Alive: timeout=600

21:54:46.819 [AsyncHttpClient-1-2] DEBUG org.asynchttpclient.netty.channel.ChannelManager -- Adding key: http://127.0.0.1:4723 for channel [id: 0xd850032e, L:/127.0.0.1:49363 - R:/127.0.0.1:4723]
21:54:46.820 [Forwarding getElementText on session 9d505292-1662-4e03-b7da-959f22fa1c1e to remote] DEBUG org.asynchttpclient.netty.request.NettyRequestSender -- Using pooled Channel '[id: 0xd850032e, L:/127.0.0.1:49363 - R:/127.0.0.1:4723]' for 'GET' to 'http://127.0.0.1:4723/session/9d505292-1662-4e03-b7da-959f22fa1c1e/element/f.09BF641F5805ED6A5007B9E87D61469D.d.777EDFA98D7557D72B5B8D92AD5D4E58.e.639/text'
21:54:46.820 [Forwarding getElementText on session 9d505292-1662-4e03-b7da-959f22fa1c1e to remote] DEBUG org.asynchttpclient.netty.request.NettyRequestSender -- Using open Channel [id: 0xd850032e, L:/127.0.0.1:49363 - R:/127.0.0.1:4723] for GET '/session/9d505292-1662-4e03-b7da-959f22fa1c1e/element/f.09BF641F5805ED6A5007B9E87D61469D.d.777EDFA98D7557D72B5B8D92AD5D4E58.e.639/text'
21:54:46.839 [AsyncHttpClient-1-2] DEBUG org.asynchttpclient.netty.handler.HttpHandler -- 

Request DefaultFullHttpRequest(decodeResult: success, version: HTTP/1.1, content: EmptyByteBufBE)
GET /session/9d505292-1662-4e03-b7da-959f22fa1c1e/element/f.09BF641F5805ED6A5007B9E87D61469D.d.777EDFA98D7557D72B5B8D92AD5D4E58.e.639/text HTTP/1.1
Cache-Control: no-cache
User-Agent: appium/8.3.0 (selenium/4.8.3 (java mac))
Content-Type: application/json; charset=utf-8
host: 127.0.0.1:4723
accept: */*

Response DefaultHttpResponse(decodeResult: success, version: HTTP/1.1)
HTTP/1.1 200 OK
X-Powered-By: Express
Content-Type: application/json; charset=utf-8
Content-Length: 21
ETag: W/"15-UWjEbBADT1R5S2YdJC8JmT3g0Qc"
Date: Sun, 06 Apr 2025 13:54:46 GMT
Connection: keep-alive
Keep-Alive: timeout=600

21:54:46.839 [AsyncHttpClient-1-2] DEBUG org.asynchttpclient.netty.channel.ChannelManager -- Adding key: http://127.0.0.1:4723 for channel [id: 0xd850032e, L:/127.0.0.1:49363 - R:/127.0.0.1:4723]
21:54:46.840 [Forwarding getElementText on session 9d505292-1662-4e03-b7da-959f22fa1c1e to remote] DEBUG org.asynchttpclient.netty.request.NettyRequestSender -- Using pooled Channel '[id: 0xd850032e, L:/127.0.0.1:49363 - R:/127.0.0.1:4723]' for 'GET' to 'http://127.0.0.1:4723/session/9d505292-1662-4e03-b7da-959f22fa1c1e/element/f.09BF641F5805ED6A5007B9E87D61469D.d.777EDFA98D7557D72B5B8D92AD5D4E58.e.641/text'
21:54:46.840 [Forwarding getElementText on session 9d505292-1662-4e03-b7da-959f22fa1c1e to remote] DEBUG org.asynchttpclient.netty.request.NettyRequestSender -- Using open Channel [id: 0xd850032e, L:/127.0.0.1:49363 - R:/127.0.0.1:4723] for GET '/session/9d505292-1662-4e03-b7da-959f22fa1c1e/element/f.09BF641F5805ED6A5007B9E87D61469D.d.777EDFA98D7557D72B5B8D92AD5D4E58.e.641/text'
21:54:46.858 [AsyncHttpClient-1-2] DEBUG org.asynchttpclient.netty.handler.HttpHandler -- 

Request DefaultFullHttpRequest(decodeResult: success, version: HTTP/1.1, content: EmptyByteBufBE)
GET /session/9d505292-1662-4e03-b7da-959f22fa1c1e/element/f.09BF641F5805ED6A5007B9E87D61469D.d.777EDFA98D7557D72B5B8D92AD5D4E58.e.641/text HTTP/1.1
Cache-Control: no-cache
User-Agent: appium/8.3.0 (selenium/4.8.3 (java mac))
Content-Type: application/json; charset=utf-8
host: 127.0.0.1:4723
accept: */*

Response DefaultHttpResponse(decodeResult: success, version: HTTP/1.1)
HTTP/1.1 200 OK
X-Powered-By: Express
Content-Type: application/json; charset=utf-8
Content-Length: 21
ETag: W/"15-J3vF045A1PfOTpUvIlTntFZq+DA"
Date: Sun, 06 Apr 2025 13:54:46 GMT
Connection: keep-alive
Keep-Alive: timeout=600

21:54:46.859 [AsyncHttpClient-1-2] DEBUG org.asynchttpclient.netty.channel.ChannelManager -- Adding key: http://127.0.0.1:4723 for channel [id: 0xd850032e, L:/127.0.0.1:49363 - R:/127.0.0.1:4723]
21:54:46.859 [Forwarding getElementText on session 9d505292-1662-4e03-b7da-959f22fa1c1e to remote] DEBUG org.asynchttpclient.netty.request.NettyRequestSender -- Using pooled Channel '[id: 0xd850032e, L:/127.0.0.1:49363 - R:/127.0.0.1:4723]' for 'GET' to 'http://127.0.0.1:4723/session/9d505292-1662-4e03-b7da-959f22fa1c1e/element/f.09BF641F5805ED6A5007B9E87D61469D.d.777EDFA98D7557D72B5B8D92AD5D4E58.e.643/text'
21:54:46.859 [Forwarding getElementText on session 9d505292-1662-4e03-b7da-959f22fa1c1e to remote] DEBUG org.asynchttpclient.netty.request.NettyRequestSender -- Using open Channel [id: 0xd850032e, L:/127.0.0.1:49363 - R:/127.0.0.1:4723] for GET '/session/9d505292-1662-4e03-b7da-959f22fa1c1e/element/f.09BF641F5805ED6A5007B9E87D61469D.d.777EDFA98D7557D72B5B8D92AD5D4E58.e.643/text'
21:54:46.878 [AsyncHttpClient-1-2] DEBUG org.asynchttpclient.netty.handler.HttpHandler -- 

Request DefaultFullHttpRequest(decodeResult: success, version: HTTP/1.1, content: EmptyByteBufBE)
GET /session/9d505292-1662-4e03-b7da-959f22fa1c1e/element/f.09BF641F5805ED6A5007B9E87D61469D.d.777EDFA98D7557D72B5B8D92AD5D4E58.e.643/text HTTP/1.1
Cache-Control: no-cache
User-Agent: appium/8.3.0 (selenium/4.8.3 (java mac))
Content-Type: application/json; charset=utf-8
host: 127.0.0.1:4723
accept: */*

Response DefaultHttpResponse(decodeResult: success, version: HTTP/1.1)
HTTP/1.1 200 OK
X-Powered-By: Express
Content-Type: application/json; charset=utf-8
Content-Length: 21
ETag: W/"15-W/FVbDHCariKm9wDOI8vjYe8un0"
Date: Sun, 06 Apr 2025 13:54:46 GMT
Connection: keep-alive
Keep-Alive: timeout=600

21:54:46.878 [AsyncHttpClient-1-2] DEBUG org.asynchttpclient.netty.channel.ChannelManager -- Adding key: http://127.0.0.1:4723 for channel [id: 0xd850032e, L:/127.0.0.1:49363 - R:/127.0.0.1:4723]
驗證縣市「苗栗縣」與其行政區成功！
21:54:46.880 [Forwarding executeScript on session 9d505292-1662-4e03-b7da-959f22fa1c1e to remote] DEBUG org.asynchttpclient.netty.request.NettyRequestSender -- Using pooled Channel '[id: 0xd850032e, L:/127.0.0.1:49363 - R:/127.0.0.1:4723]' for 'POST' to 'http://127.0.0.1:4723/session/9d505292-1662-4e03-b7da-959f22fa1c1e/execute/sync'
21:54:46.880 [Forwarding executeScript on session 9d505292-1662-4e03-b7da-959f22fa1c1e to remote] DEBUG org.asynchttpclient.netty.request.NettyRequestSender -- Using open Channel [id: 0xd850032e, L:/127.0.0.1:49363 - R:/127.0.0.1:4723] for POST '/session/9d505292-1662-4e03-b7da-959f22fa1c1e/execute/sync'
21:54:46.903 [AsyncHttpClient-1-2] DEBUG org.asynchttpclient.netty.handler.HttpHandler -- 

Request DefaultHttpRequest(decodeResult: success, version: HTTP/1.1)
POST /session/9d505292-1662-4e03-b7da-959f22fa1c1e/execute/sync HTTP/1.1
User-Agent: appium/8.3.0 (selenium/4.8.3 (java mac))
Content-Length: 347
Content-Type: application/json; charset=utf-8
host: 127.0.0.1:4723
accept: */*

Response DefaultHttpResponse(decodeResult: success, version: HTTP/1.1)
HTTP/1.1 200 OK
X-Powered-By: Express
Vary: X-HTTP-Method-Override
Content-Type: application/json; charset=utf-8
Content-Length: 14
ETag: W/"e-9/1BuKMgFObM1mWJm+YjxtXJnUM"
Date: Sun, 06 Apr 2025 13:54:46 GMT
Connection: keep-alive
Keep-Alive: timeout=600

21:54:46.903 [AsyncHttpClient-1-2] DEBUG org.asynchttpclient.netty.channel.ChannelManager -- Adding key: http://127.0.0.1:4723 for channel [id: 0xd850032e, L:/127.0.0.1:49363 - R:/127.0.0.1:4723]
21:54:46.904 [Forwarding findElement on session 9d505292-1662-4e03-b7da-959f22fa1c1e to remote] DEBUG org.asynchttpclient.netty.request.NettyRequestSender -- Using pooled Channel '[id: 0xd850032e, L:/127.0.0.1:49363 - R:/127.0.0.1:4723]' for 'POST' to 'http://127.0.0.1:4723/session/9d505292-1662-4e03-b7da-959f22fa1c1e/element'
21:54:46.904 [Forwarding findElement on session 9d505292-1662-4e03-b7da-959f22fa1c1e to remote] DEBUG org.asynchttpclient.netty.request.NettyRequestSender -- Using open Channel [id: 0xd850032e, L:/127.0.0.1:49363 - R:/127.0.0.1:4723] for POST '/session/9d505292-1662-4e03-b7da-959f22fa1c1e/element'
21:54:46.922 [AsyncHttpClient-1-2] DEBUG org.asynchttpclient.netty.handler.HttpHandler -- 

Request DefaultHttpRequest(decodeResult: success, version: HTTP/1.1)
POST /session/9d505292-1662-4e03-b7da-959f22fa1c1e/element HTTP/1.1
User-Agent: appium/8.3.0 (selenium/4.8.3 (java mac))
Content-Length: 64
Content-Type: application/json; charset=utf-8
host: 127.0.0.1:4723
accept: */*

Response DefaultHttpResponse(decodeResult: success, version: HTTP/1.1)
HTTP/1.1 200 OK
X-Powered-By: Express
Vary: X-HTTP-Method-Override
Content-Type: application/json; charset=utf-8
Content-Length: 215
ETag: W/"d7-hLLmI8sXBhj61n8KQz/SSgPhJ+w"
Date: Sun, 06 Apr 2025 13:54:46 GMT
Connection: keep-alive
Keep-Alive: timeout=600

21:54:46.922 [AsyncHttpClient-1-2] DEBUG org.asynchttpclient.netty.channel.ChannelManager -- Adding key: http://127.0.0.1:4723 for channel [id: 0xd850032e, L:/127.0.0.1:49363 - R:/127.0.0.1:4723]
21:54:47.027 [Forwarding findChildElements on session 9d505292-1662-4e03-b7da-959f22fa1c1e to remote] DEBUG org.asynchttpclient.netty.request.NettyRequestSender -- Using pooled Channel '[id: 0xd850032e, L:/127.0.0.1:49363 - R:/127.0.0.1:4723]' for 'POST' to 'http://127.0.0.1:4723/session/9d505292-1662-4e03-b7da-959f22fa1c1e/element/f.09BF641F5805ED6A5007B9E87D61469D.d.777EDFA98D7557D72B5B8D92AD5D4E58.e.377/elements'
21:54:47.027 [Forwarding findChildElements on session 9d505292-1662-4e03-b7da-959f22fa1c1e to remote] DEBUG org.asynchttpclient.netty.request.NettyRequestSender -- Using open Channel [id: 0xd850032e, L:/127.0.0.1:49363 - R:/127.0.0.1:4723] for POST '/session/9d505292-1662-4e03-b7da-959f22fa1c1e/element/f.09BF641F5805ED6A5007B9E87D61469D.d.777EDFA98D7557D72B5B8D92AD5D4E58.e.377/elements'
21:54:47.059 [AsyncHttpClient-1-2] DEBUG org.asynchttpclient.netty.handler.HttpHandler -- 

Request DefaultHttpRequest(decodeResult: success, version: HTTP/1.1)
POST /session/9d505292-1662-4e03-b7da-959f22fa1c1e/element/f.09BF641F5805ED6A5007B9E87D61469D.d.777EDFA98D7557D72B5B8D92AD5D4E58.e.377/elements HTTP/1.1
User-Agent: appium/8.3.0 (selenium/4.8.3 (java mac))
Content-Length: 133
Content-Type: application/json; charset=utf-8
host: 127.0.0.1:4723
accept: */*

Response DefaultHttpResponse(decodeResult: success, version: HTTP/1.1)
HTTP/1.1 200 OK
X-Powered-By: Express
Vary: X-HTTP-Method-Override
Content-Type: application/json; charset=utf-8
Content-Length: 6191
ETag: W/"182f-DbqhoM7HkEmwss317vyPHEVQC4o"
Date: Sun, 06 Apr 2025 13:54:47 GMT
Connection: keep-alive
Keep-Alive: timeout=600

21:54:47.059 [AsyncHttpClient-1-2] DEBUG org.asynchttpclient.netty.channel.ChannelManager -- Adding key: http://127.0.0.1:4723 for channel [id: 0xd850032e, L:/127.0.0.1:49363 - R:/127.0.0.1:4723]
21:54:47.061 [Forwarding getElementText on session 9d505292-1662-4e03-b7da-959f22fa1c1e to remote] DEBUG org.asynchttpclient.netty.request.NettyRequestSender -- Using pooled Channel '[id: 0xd850032e, L:/127.0.0.1:49363 - R:/127.0.0.1:4723]' for 'GET' to 'http://127.0.0.1:4723/session/9d505292-1662-4e03-b7da-959f22fa1c1e/element/f.09BF641F5805ED6A5007B9E87D61469D.d.777EDFA98D7557D72B5B8D92AD5D4E58.e.647/text'
21:54:47.061 [Forwarding getElementText on session 9d505292-1662-4e03-b7da-959f22fa1c1e to remote] DEBUG org.asynchttpclient.netty.request.NettyRequestSender -- Using open Channel [id: 0xd850032e, L:/127.0.0.1:49363 - R:/127.0.0.1:4723] for GET '/session/9d505292-1662-4e03-b7da-959f22fa1c1e/element/f.09BF641F5805ED6A5007B9E87D61469D.d.777EDFA98D7557D72B5B8D92AD5D4E58.e.647/text'
21:54:47.082 [AsyncHttpClient-1-2] DEBUG org.asynchttpclient.netty.handler.HttpHandler -- 

Request DefaultFullHttpRequest(decodeResult: success, version: HTTP/1.1, content: EmptyByteBufBE)
GET /session/9d505292-1662-4e03-b7da-959f22fa1c1e/element/f.09BF641F5805ED6A5007B9E87D61469D.d.777EDFA98D7557D72B5B8D92AD5D4E58.e.647/text HTTP/1.1
Cache-Control: no-cache
User-Agent: appium/8.3.0 (selenium/4.8.3 (java mac))
Content-Type: application/json; charset=utf-8
host: 127.0.0.1:4723
accept: */*

Response DefaultHttpResponse(decodeResult: success, version: HTTP/1.1)
HTTP/1.1 200 OK
X-Powered-By: Express
Content-Type: application/json; charset=utf-8
Content-Length: 27
ETag: W/"1b-WszMrTDLUBhetLFWttbtrso7fzY"
Date: Sun, 06 Apr 2025 13:54:47 GMT
Connection: keep-alive
Keep-Alive: timeout=600

21:54:47.082 [AsyncHttpClient-1-2] DEBUG org.asynchttpclient.netty.channel.ChannelManager -- Adding key: http://127.0.0.1:4723 for channel [id: 0xd850032e, L:/127.0.0.1:49363 - R:/127.0.0.1:4723]
21:54:47.083 [Forwarding getElementText on session 9d505292-1662-4e03-b7da-959f22fa1c1e to remote] DEBUG org.asynchttpclient.netty.request.NettyRequestSender -- Using pooled Channel '[id: 0xd850032e, L:/127.0.0.1:49363 - R:/127.0.0.1:4723]' for 'GET' to 'http://127.0.0.1:4723/session/9d505292-1662-4e03-b7da-959f22fa1c1e/element/f.09BF641F5805ED6A5007B9E87D61469D.d.777EDFA98D7557D72B5B8D92AD5D4E58.e.649/text'
21:54:47.083 [Forwarding getElementText on session 9d505292-1662-4e03-b7da-959f22fa1c1e to remote] DEBUG org.asynchttpclient.netty.request.NettyRequestSender -- Using open Channel [id: 0xd850032e, L:/127.0.0.1:49363 - R:/127.0.0.1:4723] for GET '/session/9d505292-1662-4e03-b7da-959f22fa1c1e/element/f.09BF641F5805ED6A5007B9E87D61469D.d.777EDFA98D7557D72B5B8D92AD5D4E58.e.649/text'
21:54:47.102 [AsyncHttpClient-1-2] DEBUG org.asynchttpclient.netty.handler.HttpHandler -- 

Request DefaultFullHttpRequest(decodeResult: success, version: HTTP/1.1, content: EmptyByteBufBE)
GET /session/9d505292-1662-4e03-b7da-959f22fa1c1e/element/f.09BF641F5805ED6A5007B9E87D61469D.d.777EDFA98D7557D72B5B8D92AD5D4E58.e.649/text HTTP/1.1
Cache-Control: no-cache
User-Agent: appium/8.3.0 (selenium/4.8.3 (java mac))
Content-Type: application/json; charset=utf-8
host: 127.0.0.1:4723
accept: */*

Response DefaultHttpResponse(decodeResult: success, version: HTTP/1.1)
HTTP/1.1 200 OK
X-Powered-By: Express
Content-Type: application/json; charset=utf-8
Content-Length: 21
ETag: W/"15-IovkHljILfkDcSS1ASpiMc5nMtU"
Date: Sun, 06 Apr 2025 13:54:47 GMT
Connection: keep-alive
Keep-Alive: timeout=600

21:54:47.102 [AsyncHttpClient-1-2] DEBUG org.asynchttpclient.netty.channel.ChannelManager -- Adding key: http://127.0.0.1:4723 for channel [id: 0xd850032e, L:/127.0.0.1:49363 - R:/127.0.0.1:4723]
21:54:47.103 [Forwarding getElementText on session 9d505292-1662-4e03-b7da-959f22fa1c1e to remote] DEBUG org.asynchttpclient.netty.request.NettyRequestSender -- Using pooled Channel '[id: 0xd850032e, L:/127.0.0.1:49363 - R:/127.0.0.1:4723]' for 'GET' to 'http://127.0.0.1:4723/session/9d505292-1662-4e03-b7da-959f22fa1c1e/element/f.09BF641F5805ED6A5007B9E87D61469D.d.777EDFA98D7557D72B5B8D92AD5D4E58.e.651/text'
21:54:47.103 [Forwarding getElementText on session 9d505292-1662-4e03-b7da-959f22fa1c1e to remote] DEBUG org.asynchttpclient.netty.request.NettyRequestSender -- Using open Channel [id: 0xd850032e, L:/127.0.0.1:49363 - R:/127.0.0.1:4723] for GET '/session/9d505292-1662-4e03-b7da-959f22fa1c1e/element/f.09BF641F5805ED6A5007B9E87D61469D.d.777EDFA98D7557D72B5B8D92AD5D4E58.e.651/text'
21:54:47.124 [AsyncHttpClient-1-2] DEBUG org.asynchttpclient.netty.handler.HttpHandler -- 

Request DefaultFullHttpRequest(decodeResult: success, version: HTTP/1.1, content: EmptyByteBufBE)
GET /session/9d505292-1662-4e03-b7da-959f22fa1c1e/element/f.09BF641F5805ED6A5007B9E87D61469D.d.777EDFA98D7557D72B5B8D92AD5D4E58.e.651/text HTTP/1.1
Cache-Control: no-cache
User-Agent: appium/8.3.0 (selenium/4.8.3 (java mac))
Content-Type: application/json; charset=utf-8
host: 127.0.0.1:4723
accept: */*

Response DefaultHttpResponse(decodeResult: success, version: HTTP/1.1)
HTTP/1.1 200 OK
X-Powered-By: Express
Content-Type: application/json; charset=utf-8
Content-Length: 21
ETag: W/"15-yb27O3LuRMvDsLsh/6f7XBAj+yM"
Date: Sun, 06 Apr 2025 13:54:47 GMT
Connection: keep-alive
Keep-Alive: timeout=600

21:54:47.124 [AsyncHttpClient-1-2] DEBUG org.asynchttpclient.netty.channel.ChannelManager -- Adding key: http://127.0.0.1:4723 for channel [id: 0xd850032e, L:/127.0.0.1:49363 - R:/127.0.0.1:4723]
21:54:47.125 [Forwarding getElementText on session 9d505292-1662-4e03-b7da-959f22fa1c1e to remote] DEBUG org.asynchttpclient.netty.request.NettyRequestSender -- Using pooled Channel '[id: 0xd850032e, L:/127.0.0.1:49363 - R:/127.0.0.1:4723]' for 'GET' to 'http://127.0.0.1:4723/session/9d505292-1662-4e03-b7da-959f22fa1c1e/element/f.09BF641F5805ED6A5007B9E87D61469D.d.777EDFA98D7557D72B5B8D92AD5D4E58.e.653/text'
21:54:47.125 [Forwarding getElementText on session 9d505292-1662-4e03-b7da-959f22fa1c1e to remote] DEBUG org.asynchttpclient.netty.request.NettyRequestSender -- Using open Channel [id: 0xd850032e, L:/127.0.0.1:49363 - R:/127.0.0.1:4723] for GET '/session/9d505292-1662-4e03-b7da-959f22fa1c1e/element/f.09BF641F5805ED6A5007B9E87D61469D.d.777EDFA98D7557D72B5B8D92AD5D4E58.e.653/text'
21:54:47.144 [AsyncHttpClient-1-2] DEBUG org.asynchttpclient.netty.handler.HttpHandler -- 

Request DefaultFullHttpRequest(decodeResult: success, version: HTTP/1.1, content: EmptyByteBufBE)
GET /session/9d505292-1662-4e03-b7da-959f22fa1c1e/element/f.09BF641F5805ED6A5007B9E87D61469D.d.777EDFA98D7557D72B5B8D92AD5D4E58.e.653/text HTTP/1.1
Cache-Control: no-cache
User-Agent: appium/8.3.0 (selenium/4.8.3 (java mac))
Content-Type: application/json; charset=utf-8
host: 127.0.0.1:4723
accept: */*

Response DefaultHttpResponse(decodeResult: success, version: HTTP/1.1)
HTTP/1.1 200 OK
X-Powered-By: Express
Content-Type: application/json; charset=utf-8
Content-Length: 21
ETag: W/"15-ozA1T7hwok7d8dslvvEwISQ/fAg"
Date: Sun, 06 Apr 2025 13:54:47 GMT
Connection: keep-alive
Keep-Alive: timeout=600

21:54:47.144 [AsyncHttpClient-1-2] DEBUG org.asynchttpclient.netty.channel.ChannelManager -- Adding key: http://127.0.0.1:4723 for channel [id: 0xd850032e, L:/127.0.0.1:49363 - R:/127.0.0.1:4723]
21:54:47.145 [Forwarding getElementText on session 9d505292-1662-4e03-b7da-959f22fa1c1e to remote] DEBUG org.asynchttpclient.netty.request.NettyRequestSender -- Using pooled Channel '[id: 0xd850032e, L:/127.0.0.1:49363 - R:/127.0.0.1:4723]' for 'GET' to 'http://127.0.0.1:4723/session/9d505292-1662-4e03-b7da-959f22fa1c1e/element/f.09BF641F5805ED6A5007B9E87D61469D.d.777EDFA98D7557D72B5B8D92AD5D4E58.e.655/text'
21:54:47.145 [Forwarding getElementText on session 9d505292-1662-4e03-b7da-959f22fa1c1e to remote] DEBUG org.asynchttpclient.netty.request.NettyRequestSender -- Using open Channel [id: 0xd850032e, L:/127.0.0.1:49363 - R:/127.0.0.1:4723] for GET '/session/9d505292-1662-4e03-b7da-959f22fa1c1e/element/f.09BF641F5805ED6A5007B9E87D61469D.d.777EDFA98D7557D72B5B8D92AD5D4E58.e.655/text'
21:54:47.165 [AsyncHttpClient-1-2] DEBUG org.asynchttpclient.netty.handler.HttpHandler -- 

Request DefaultFullHttpRequest(decodeResult: success, version: HTTP/1.1, content: EmptyByteBufBE)
GET /session/9d505292-1662-4e03-b7da-959f22fa1c1e/element/f.09BF641F5805ED6A5007B9E87D61469D.d.777EDFA98D7557D72B5B8D92AD5D4E58.e.655/text HTTP/1.1
Cache-Control: no-cache
User-Agent: appium/8.3.0 (selenium/4.8.3 (java mac))
Content-Type: application/json; charset=utf-8
host: 127.0.0.1:4723
accept: */*

Response DefaultHttpResponse(decodeResult: success, version: HTTP/1.1)
HTTP/1.1 200 OK
X-Powered-By: Express
Content-Type: application/json; charset=utf-8
Content-Length: 21
ETag: W/"15-JyVIh/4RE4WX0rBsdNKDpBunV78"
Date: Sun, 06 Apr 2025 13:54:47 GMT
Connection: keep-alive
Keep-Alive: timeout=600

21:54:47.165 [AsyncHttpClient-1-2] DEBUG org.asynchttpclient.netty.channel.ChannelManager -- Adding key: http://127.0.0.1:4723 for channel [id: 0xd850032e, L:/127.0.0.1:49363 - R:/127.0.0.1:4723]
21:54:47.165 [Forwarding getElementText on session 9d505292-1662-4e03-b7da-959f22fa1c1e to remote] DEBUG org.asynchttpclient.netty.request.NettyRequestSender -- Using pooled Channel '[id: 0xd850032e, L:/127.0.0.1:49363 - R:/127.0.0.1:4723]' for 'GET' to 'http://127.0.0.1:4723/session/9d505292-1662-4e03-b7da-959f22fa1c1e/element/f.09BF641F5805ED6A5007B9E87D61469D.d.777EDFA98D7557D72B5B8D92AD5D4E58.e.657/text'
21:54:47.165 [Forwarding getElementText on session 9d505292-1662-4e03-b7da-959f22fa1c1e to remote] DEBUG org.asynchttpclient.netty.request.NettyRequestSender -- Using open Channel [id: 0xd850032e, L:/127.0.0.1:49363 - R:/127.0.0.1:4723] for GET '/session/9d505292-1662-4e03-b7da-959f22fa1c1e/element/f.09BF641F5805ED6A5007B9E87D61469D.d.777EDFA98D7557D72B5B8D92AD5D4E58.e.657/text'
21:54:47.185 [AsyncHttpClient-1-2] DEBUG org.asynchttpclient.netty.handler.HttpHandler -- 

Request DefaultFullHttpRequest(decodeResult: success, version: HTTP/1.1, content: EmptyByteBufBE)
GET /session/9d505292-1662-4e03-b7da-959f22fa1c1e/element/f.09BF641F5805ED6A5007B9E87D61469D.d.777EDFA98D7557D72B5B8D92AD5D4E58.e.657/text HTTP/1.1
Cache-Control: no-cache
User-Agent: appium/8.3.0 (selenium/4.8.3 (java mac))
Content-Type: application/json; charset=utf-8
host: 127.0.0.1:4723
accept: */*

Response DefaultHttpResponse(decodeResult: success, version: HTTP/1.1)
HTTP/1.1 200 OK
X-Powered-By: Express
Content-Type: application/json; charset=utf-8
Content-Length: 21
ETag: W/"15-btnW8hzafNAA598hLtwWZ4ppUkc"
Date: Sun, 06 Apr 2025 13:54:47 GMT
Connection: keep-alive
Keep-Alive: timeout=600

21:54:47.185 [AsyncHttpClient-1-2] DEBUG org.asynchttpclient.netty.channel.ChannelManager -- Adding key: http://127.0.0.1:4723 for channel [id: 0xd850032e, L:/127.0.0.1:49363 - R:/127.0.0.1:4723]
21:54:47.186 [Forwarding getElementText on session 9d505292-1662-4e03-b7da-959f22fa1c1e to remote] DEBUG org.asynchttpclient.netty.request.NettyRequestSender -- Using pooled Channel '[id: 0xd850032e, L:/127.0.0.1:49363 - R:/127.0.0.1:4723]' for 'GET' to 'http://127.0.0.1:4723/session/9d505292-1662-4e03-b7da-959f22fa1c1e/element/f.09BF641F5805ED6A5007B9E87D61469D.d.777EDFA98D7557D72B5B8D92AD5D4E58.e.659/text'
21:54:47.186 [Forwarding getElementText on session 9d505292-1662-4e03-b7da-959f22fa1c1e to remote] DEBUG org.asynchttpclient.netty.request.NettyRequestSender -- Using open Channel [id: 0xd850032e, L:/127.0.0.1:49363 - R:/127.0.0.1:4723] for GET '/session/9d505292-1662-4e03-b7da-959f22fa1c1e/element/f.09BF641F5805ED6A5007B9E87D61469D.d.777EDFA98D7557D72B5B8D92AD5D4E58.e.659/text'
21:54:47.207 [AsyncHttpClient-1-2] DEBUG org.asynchttpclient.netty.handler.HttpHandler -- 

Request DefaultFullHttpRequest(decodeResult: success, version: HTTP/1.1, content: EmptyByteBufBE)
GET /session/9d505292-1662-4e03-b7da-959f22fa1c1e/element/f.09BF641F5805ED6A5007B9E87D61469D.d.777EDFA98D7557D72B5B8D92AD5D4E58.e.659/text HTTP/1.1
Cache-Control: no-cache
User-Agent: appium/8.3.0 (selenium/4.8.3 (java mac))
Content-Type: application/json; charset=utf-8
host: 127.0.0.1:4723
accept: */*

Response DefaultHttpResponse(decodeResult: success, version: HTTP/1.1)
HTTP/1.1 200 OK
X-Powered-By: Express
Content-Type: application/json; charset=utf-8
Content-Length: 18
ETag: W/"12-3UPa+hsO1vUeWchnG1ahqTCiKPc"
Date: Sun, 06 Apr 2025 13:54:47 GMT
Connection: keep-alive
Keep-Alive: timeout=600

21:54:47.207 [AsyncHttpClient-1-2] DEBUG org.asynchttpclient.netty.channel.ChannelManager -- Adding key: http://127.0.0.1:4723 for channel [id: 0xd850032e, L:/127.0.0.1:49363 - R:/127.0.0.1:4723]
21:54:47.207 [Forwarding getElementText on session 9d505292-1662-4e03-b7da-959f22fa1c1e to remote] DEBUG org.asynchttpclient.netty.request.NettyRequestSender -- Using pooled Channel '[id: 0xd850032e, L:/127.0.0.1:49363 - R:/127.0.0.1:4723]' for 'GET' to 'http://127.0.0.1:4723/session/9d505292-1662-4e03-b7da-959f22fa1c1e/element/f.09BF641F5805ED6A5007B9E87D61469D.d.777EDFA98D7557D72B5B8D92AD5D4E58.e.661/text'
21:54:47.207 [Forwarding getElementText on session 9d505292-1662-4e03-b7da-959f22fa1c1e to remote] DEBUG org.asynchttpclient.netty.request.NettyRequestSender -- Using open Channel [id: 0xd850032e, L:/127.0.0.1:49363 - R:/127.0.0.1:4723] for GET '/session/9d505292-1662-4e03-b7da-959f22fa1c1e/element/f.09BF641F5805ED6A5007B9E87D61469D.d.777EDFA98D7557D72B5B8D92AD5D4E58.e.661/text'
21:54:47.226 [AsyncHttpClient-1-2] DEBUG org.asynchttpclient.netty.handler.HttpHandler -- 

Request DefaultFullHttpRequest(decodeResult: success, version: HTTP/1.1, content: EmptyByteBufBE)
GET /session/9d505292-1662-4e03-b7da-959f22fa1c1e/element/f.09BF641F5805ED6A5007B9E87D61469D.d.777EDFA98D7557D72B5B8D92AD5D4E58.e.661/text HTTP/1.1
Cache-Control: no-cache
User-Agent: appium/8.3.0 (selenium/4.8.3 (java mac))
Content-Type: application/json; charset=utf-8
host: 127.0.0.1:4723
accept: */*

Response DefaultHttpResponse(decodeResult: success, version: HTTP/1.1)
HTTP/1.1 200 OK
X-Powered-By: Express
Content-Type: application/json; charset=utf-8
Content-Length: 21
ETag: W/"15-Z8uPEeDt0f/VNV+TahK7GRl/P7c"
Date: Sun, 06 Apr 2025 13:54:47 GMT
Connection: keep-alive
Keep-Alive: timeout=600

21:54:47.226 [AsyncHttpClient-1-2] DEBUG org.asynchttpclient.netty.channel.ChannelManager -- Adding key: http://127.0.0.1:4723 for channel [id: 0xd850032e, L:/127.0.0.1:49363 - R:/127.0.0.1:4723]
21:54:47.226 [Forwarding getElementText on session 9d505292-1662-4e03-b7da-959f22fa1c1e to remote] DEBUG org.asynchttpclient.netty.request.NettyRequestSender -- Using pooled Channel '[id: 0xd850032e, L:/127.0.0.1:49363 - R:/127.0.0.1:4723]' for 'GET' to 'http://127.0.0.1:4723/session/9d505292-1662-4e03-b7da-959f22fa1c1e/element/f.09BF641F5805ED6A5007B9E87D61469D.d.777EDFA98D7557D72B5B8D92AD5D4E58.e.663/text'
21:54:47.226 [Forwarding getElementText on session 9d505292-1662-4e03-b7da-959f22fa1c1e to remote] DEBUG org.asynchttpclient.netty.request.NettyRequestSender -- Using open Channel [id: 0xd850032e, L:/127.0.0.1:49363 - R:/127.0.0.1:4723] for GET '/session/9d505292-1662-4e03-b7da-959f22fa1c1e/element/f.09BF641F5805ED6A5007B9E87D61469D.d.777EDFA98D7557D72B5B8D92AD5D4E58.e.663/text'
21:54:47.243 [AsyncHttpClient-1-2] DEBUG org.asynchttpclient.netty.handler.HttpHandler -- 

Request DefaultFullHttpRequest(decodeResult: success, version: HTTP/1.1, content: EmptyByteBufBE)
GET /session/9d505292-1662-4e03-b7da-959f22fa1c1e/element/f.09BF641F5805ED6A5007B9E87D61469D.d.777EDFA98D7557D72B5B8D92AD5D4E58.e.663/text HTTP/1.1
Cache-Control: no-cache
User-Agent: appium/8.3.0 (selenium/4.8.3 (java mac))
Content-Type: application/json; charset=utf-8
host: 127.0.0.1:4723
accept: */*

Response DefaultHttpResponse(decodeResult: success, version: HTTP/1.1)
HTTP/1.1 200 OK
X-Powered-By: Express
Content-Type: application/json; charset=utf-8
Content-Length: 21
ETag: W/"15-d5toa06AF6p/woml46GzVQaF7CY"
Date: Sun, 06 Apr 2025 13:54:47 GMT
Connection: keep-alive
Keep-Alive: timeout=600

21:54:47.243 [AsyncHttpClient-1-2] DEBUG org.asynchttpclient.netty.channel.ChannelManager -- Adding key: http://127.0.0.1:4723 for channel [id: 0xd850032e, L:/127.0.0.1:49363 - R:/127.0.0.1:4723]
21:54:47.244 [Forwarding getElementText on session 9d505292-1662-4e03-b7da-959f22fa1c1e to remote] DEBUG org.asynchttpclient.netty.request.NettyRequestSender -- Using pooled Channel '[id: 0xd850032e, L:/127.0.0.1:49363 - R:/127.0.0.1:4723]' for 'GET' to 'http://127.0.0.1:4723/session/9d505292-1662-4e03-b7da-959f22fa1c1e/element/f.09BF641F5805ED6A5007B9E87D61469D.d.777EDFA98D7557D72B5B8D92AD5D4E58.e.665/text'
21:54:47.244 [Forwarding getElementText on session 9d505292-1662-4e03-b7da-959f22fa1c1e to remote] DEBUG org.asynchttpclient.netty.request.NettyRequestSender -- Using open Channel [id: 0xd850032e, L:/127.0.0.1:49363 - R:/127.0.0.1:4723] for GET '/session/9d505292-1662-4e03-b7da-959f22fa1c1e/element/f.09BF641F5805ED6A5007B9E87D61469D.d.777EDFA98D7557D72B5B8D92AD5D4E58.e.665/text'
21:54:47.264 [AsyncHttpClient-1-2] DEBUG org.asynchttpclient.netty.handler.HttpHandler -- 

Request DefaultFullHttpRequest(decodeResult: success, version: HTTP/1.1, content: EmptyByteBufBE)
GET /session/9d505292-1662-4e03-b7da-959f22fa1c1e/element/f.09BF641F5805ED6A5007B9E87D61469D.d.777EDFA98D7557D72B5B8D92AD5D4E58.e.665/text HTTP/1.1
Cache-Control: no-cache
User-Agent: appium/8.3.0 (selenium/4.8.3 (java mac))
Content-Type: application/json; charset=utf-8
host: 127.0.0.1:4723
accept: */*

Response DefaultHttpResponse(decodeResult: success, version: HTTP/1.1)
HTTP/1.1 200 OK
X-Powered-By: Express
Content-Type: application/json; charset=utf-8
Content-Length: 18
ETag: W/"12-yRZk5NfCbeRcpRyAJGXrhQuzJ3w"
Date: Sun, 06 Apr 2025 13:54:47 GMT
Connection: keep-alive
Keep-Alive: timeout=600

21:54:47.264 [AsyncHttpClient-1-2] DEBUG org.asynchttpclient.netty.channel.ChannelManager -- Adding key: http://127.0.0.1:4723 for channel [id: 0xd850032e, L:/127.0.0.1:49363 - R:/127.0.0.1:4723]
21:54:47.264 [Forwarding getElementText on session 9d505292-1662-4e03-b7da-959f22fa1c1e to remote] DEBUG org.asynchttpclient.netty.request.NettyRequestSender -- Using pooled Channel '[id: 0xd850032e, L:/127.0.0.1:49363 - R:/127.0.0.1:4723]' for 'GET' to 'http://127.0.0.1:4723/session/9d505292-1662-4e03-b7da-959f22fa1c1e/element/f.09BF641F5805ED6A5007B9E87D61469D.d.777EDFA98D7557D72B5B8D92AD5D4E58.e.667/text'
21:54:47.264 [Forwarding getElementText on session 9d505292-1662-4e03-b7da-959f22fa1c1e to remote] DEBUG org.asynchttpclient.netty.request.NettyRequestSender -- Using open Channel [id: 0xd850032e, L:/127.0.0.1:49363 - R:/127.0.0.1:4723] for GET '/session/9d505292-1662-4e03-b7da-959f22fa1c1e/element/f.09BF641F5805ED6A5007B9E87D61469D.d.777EDFA98D7557D72B5B8D92AD5D4E58.e.667/text'
21:54:47.282 [AsyncHttpClient-1-2] DEBUG org.asynchttpclient.netty.handler.HttpHandler -- 

Request DefaultFullHttpRequest(decodeResult: success, version: HTTP/1.1, content: EmptyByteBufBE)
GET /session/9d505292-1662-4e03-b7da-959f22fa1c1e/element/f.09BF641F5805ED6A5007B9E87D61469D.d.777EDFA98D7557D72B5B8D92AD5D4E58.e.667/text HTTP/1.1
Cache-Control: no-cache
User-Agent: appium/8.3.0 (selenium/4.8.3 (java mac))
Content-Type: application/json; charset=utf-8
host: 127.0.0.1:4723
accept: */*

Response DefaultHttpResponse(decodeResult: success, version: HTTP/1.1)
HTTP/1.1 200 OK
X-Powered-By: Express
Content-Type: application/json; charset=utf-8
Content-Length: 21
ETag: W/"15-AeidCDONJCnS+0xW+0i4VuOOEL8"
Date: Sun, 06 Apr 2025 13:54:47 GMT
Connection: keep-alive
Keep-Alive: timeout=600

21:54:47.283 [AsyncHttpClient-1-2] DEBUG org.asynchttpclient.netty.channel.ChannelManager -- Adding key: http://127.0.0.1:4723 for channel [id: 0xd850032e, L:/127.0.0.1:49363 - R:/127.0.0.1:4723]
21:54:47.283 [Forwarding getElementText on session 9d505292-1662-4e03-b7da-959f22fa1c1e to remote] DEBUG org.asynchttpclient.netty.request.NettyRequestSender -- Using pooled Channel '[id: 0xd850032e, L:/127.0.0.1:49363 - R:/127.0.0.1:4723]' for 'GET' to 'http://127.0.0.1:4723/session/9d505292-1662-4e03-b7da-959f22fa1c1e/element/f.09BF641F5805ED6A5007B9E87D61469D.d.777EDFA98D7557D72B5B8D92AD5D4E58.e.669/text'
21:54:47.283 [Forwarding getElementText on session 9d505292-1662-4e03-b7da-959f22fa1c1e to remote] DEBUG org.asynchttpclient.netty.request.NettyRequestSender -- Using open Channel [id: 0xd850032e, L:/127.0.0.1:49363 - R:/127.0.0.1:4723] for GET '/session/9d505292-1662-4e03-b7da-959f22fa1c1e/element/f.09BF641F5805ED6A5007B9E87D61469D.d.777EDFA98D7557D72B5B8D92AD5D4E58.e.669/text'
21:54:47.302 [AsyncHttpClient-1-2] DEBUG org.asynchttpclient.netty.handler.HttpHandler -- 

Request DefaultFullHttpRequest(decodeResult: success, version: HTTP/1.1, content: EmptyByteBufBE)
GET /session/9d505292-1662-4e03-b7da-959f22fa1c1e/element/f.09BF641F5805ED6A5007B9E87D61469D.d.777EDFA98D7557D72B5B8D92AD5D4E58.e.669/text HTTP/1.1
Cache-Control: no-cache
User-Agent: appium/8.3.0 (selenium/4.8.3 (java mac))
Content-Type: application/json; charset=utf-8
host: 127.0.0.1:4723
accept: */*

Response DefaultHttpResponse(decodeResult: success, version: HTTP/1.1)
HTTP/1.1 200 OK
X-Powered-By: Express
Content-Type: application/json; charset=utf-8
Content-Length: 21
ETag: W/"15-2rcPj4F9evOaUsY6ViYncuJbyJQ"
Date: Sun, 06 Apr 2025 13:54:47 GMT
Connection: keep-alive
Keep-Alive: timeout=600

21:54:47.302 [AsyncHttpClient-1-2] DEBUG org.asynchttpclient.netty.channel.ChannelManager -- Adding key: http://127.0.0.1:4723 for channel [id: 0xd850032e, L:/127.0.0.1:49363 - R:/127.0.0.1:4723]
21:54:47.302 [Forwarding getElementText on session 9d505292-1662-4e03-b7da-959f22fa1c1e to remote] DEBUG org.asynchttpclient.netty.request.NettyRequestSender -- Using pooled Channel '[id: 0xd850032e, L:/127.0.0.1:49363 - R:/127.0.0.1:4723]' for 'GET' to 'http://127.0.0.1:4723/session/9d505292-1662-4e03-b7da-959f22fa1c1e/element/f.09BF641F5805ED6A5007B9E87D61469D.d.777EDFA98D7557D72B5B8D92AD5D4E58.e.671/text'
21:54:47.302 [Forwarding getElementText on session 9d505292-1662-4e03-b7da-959f22fa1c1e to remote] DEBUG org.asynchttpclient.netty.request.NettyRequestSender -- Using open Channel [id: 0xd850032e, L:/127.0.0.1:49363 - R:/127.0.0.1:4723] for GET '/session/9d505292-1662-4e03-b7da-959f22fa1c1e/element/f.09BF641F5805ED6A5007B9E87D61469D.d.777EDFA98D7557D72B5B8D92AD5D4E58.e.671/text'
21:54:47.318 [AsyncHttpClient-1-2] DEBUG org.asynchttpclient.netty.handler.HttpHandler -- 

Request DefaultFullHttpRequest(decodeResult: success, version: HTTP/1.1, content: EmptyByteBufBE)
GET /session/9d505292-1662-4e03-b7da-959f22fa1c1e/element/f.09BF641F5805ED6A5007B9E87D61469D.d.777EDFA98D7557D72B5B8D92AD5D4E58.e.671/text HTTP/1.1
Cache-Control: no-cache
User-Agent: appium/8.3.0 (selenium/4.8.3 (java mac))
Content-Type: application/json; charset=utf-8
host: 127.0.0.1:4723
accept: */*

Response DefaultHttpResponse(decodeResult: success, version: HTTP/1.1)
HTTP/1.1 200 OK
X-Powered-By: Express
Content-Type: application/json; charset=utf-8
Content-Length: 21
ETag: W/"15-iljCP+KbiRPwT++E2Z5ZZaPRxNM"
Date: Sun, 06 Apr 2025 13:54:47 GMT
Connection: keep-alive
Keep-Alive: timeout=600

21:54:47.318 [AsyncHttpClient-1-2] DEBUG org.asynchttpclient.netty.channel.ChannelManager -- Adding key: http://127.0.0.1:4723 for channel [id: 0xd850032e, L:/127.0.0.1:49363 - R:/127.0.0.1:4723]
21:54:47.319 [Forwarding getElementText on session 9d505292-1662-4e03-b7da-959f22fa1c1e to remote] DEBUG org.asynchttpclient.netty.request.NettyRequestSender -- Using pooled Channel '[id: 0xd850032e, L:/127.0.0.1:49363 - R:/127.0.0.1:4723]' for 'GET' to 'http://127.0.0.1:4723/session/9d505292-1662-4e03-b7da-959f22fa1c1e/element/f.09BF641F5805ED6A5007B9E87D61469D.d.777EDFA98D7557D72B5B8D92AD5D4E58.e.673/text'
21:54:47.319 [Forwarding getElementText on session 9d505292-1662-4e03-b7da-959f22fa1c1e to remote] DEBUG org.asynchttpclient.netty.request.NettyRequestSender -- Using open Channel [id: 0xd850032e, L:/127.0.0.1:49363 - R:/127.0.0.1:4723] for GET '/session/9d505292-1662-4e03-b7da-959f22fa1c1e/element/f.09BF641F5805ED6A5007B9E87D61469D.d.777EDFA98D7557D72B5B8D92AD5D4E58.e.673/text'
21:54:47.337 [AsyncHttpClient-1-2] DEBUG org.asynchttpclient.netty.handler.HttpHandler -- 

Request DefaultFullHttpRequest(decodeResult: success, version: HTTP/1.1, content: EmptyByteBufBE)
GET /session/9d505292-1662-4e03-b7da-959f22fa1c1e/element/f.09BF641F5805ED6A5007B9E87D61469D.d.777EDFA98D7557D72B5B8D92AD5D4E58.e.673/text HTTP/1.1
Cache-Control: no-cache
User-Agent: appium/8.3.0 (selenium/4.8.3 (java mac))
Content-Type: application/json; charset=utf-8
host: 127.0.0.1:4723
accept: */*

Response DefaultHttpResponse(decodeResult: success, version: HTTP/1.1)
HTTP/1.1 200 OK
X-Powered-By: Express
Content-Type: application/json; charset=utf-8
Content-Length: 21
ETag: W/"15-RVjT6efnE/D/txxe7WdFZ6QEmXk"
Date: Sun, 06 Apr 2025 13:54:47 GMT
Connection: keep-alive
Keep-Alive: timeout=600

21:54:47.337 [AsyncHttpClient-1-2] DEBUG org.asynchttpclient.netty.channel.ChannelManager -- Adding key: http://127.0.0.1:4723 for channel [id: 0xd850032e, L:/127.0.0.1:49363 - R:/127.0.0.1:4723]
21:54:47.338 [Forwarding getElementText on session 9d505292-1662-4e03-b7da-959f22fa1c1e to remote] DEBUG org.asynchttpclient.netty.request.NettyRequestSender -- Using pooled Channel '[id: 0xd850032e, L:/127.0.0.1:49363 - R:/127.0.0.1:4723]' for 'GET' to 'http://127.0.0.1:4723/session/9d505292-1662-4e03-b7da-959f22fa1c1e/element/f.09BF641F5805ED6A5007B9E87D61469D.d.777EDFA98D7557D72B5B8D92AD5D4E58.e.675/text'
21:54:47.338 [Forwarding getElementText on session 9d505292-1662-4e03-b7da-959f22fa1c1e to remote] DEBUG org.asynchttpclient.netty.request.NettyRequestSender -- Using open Channel [id: 0xd850032e, L:/127.0.0.1:49363 - R:/127.0.0.1:4723] for GET '/session/9d505292-1662-4e03-b7da-959f22fa1c1e/element/f.09BF641F5805ED6A5007B9E87D61469D.d.777EDFA98D7557D72B5B8D92AD5D4E58.e.675/text'
21:54:47.357 [AsyncHttpClient-1-2] DEBUG org.asynchttpclient.netty.handler.HttpHandler -- 

Request DefaultFullHttpRequest(decodeResult: success, version: HTTP/1.1, content: EmptyByteBufBE)
GET /session/9d505292-1662-4e03-b7da-959f22fa1c1e/element/f.09BF641F5805ED6A5007B9E87D61469D.d.777EDFA98D7557D72B5B8D92AD5D4E58.e.675/text HTTP/1.1
Cache-Control: no-cache
User-Agent: appium/8.3.0 (selenium/4.8.3 (java mac))
Content-Type: application/json; charset=utf-8
host: 127.0.0.1:4723
accept: */*

Response DefaultHttpResponse(decodeResult: success, version: HTTP/1.1)
HTTP/1.1 200 OK
X-Powered-By: Express
Content-Type: application/json; charset=utf-8
Content-Length: 18
ETag: W/"12-loHbZ8AgYbMu+NXceVP5bj6+kig"
Date: Sun, 06 Apr 2025 13:54:47 GMT
Connection: keep-alive
Keep-Alive: timeout=600

21:54:47.357 [AsyncHttpClient-1-2] DEBUG org.asynchttpclient.netty.channel.ChannelManager -- Adding key: http://127.0.0.1:4723 for channel [id: 0xd850032e, L:/127.0.0.1:49363 - R:/127.0.0.1:4723]
21:54:47.358 [Forwarding getElementText on session 9d505292-1662-4e03-b7da-959f22fa1c1e to remote] DEBUG org.asynchttpclient.netty.request.NettyRequestSender -- Using pooled Channel '[id: 0xd850032e, L:/127.0.0.1:49363 - R:/127.0.0.1:4723]' for 'GET' to 'http://127.0.0.1:4723/session/9d505292-1662-4e03-b7da-959f22fa1c1e/element/f.09BF641F5805ED6A5007B9E87D61469D.d.777EDFA98D7557D72B5B8D92AD5D4E58.e.677/text'
21:54:47.358 [Forwarding getElementText on session 9d505292-1662-4e03-b7da-959f22fa1c1e to remote] DEBUG org.asynchttpclient.netty.request.NettyRequestSender -- Using open Channel [id: 0xd850032e, L:/127.0.0.1:49363 - R:/127.0.0.1:4723] for GET '/session/9d505292-1662-4e03-b7da-959f22fa1c1e/element/f.09BF641F5805ED6A5007B9E87D61469D.d.777EDFA98D7557D72B5B8D92AD5D4E58.e.677/text'
21:54:47.378 [AsyncHttpClient-1-2] DEBUG org.asynchttpclient.netty.handler.HttpHandler -- 

Request DefaultFullHttpRequest(decodeResult: success, version: HTTP/1.1, content: EmptyByteBufBE)
GET /session/9d505292-1662-4e03-b7da-959f22fa1c1e/element/f.09BF641F5805ED6A5007B9E87D61469D.d.777EDFA98D7557D72B5B8D92AD5D4E58.e.677/text HTTP/1.1
Cache-Control: no-cache
User-Agent: appium/8.3.0 (selenium/4.8.3 (java mac))
Content-Type: application/json; charset=utf-8
host: 127.0.0.1:4723
accept: */*

Response DefaultHttpResponse(decodeResult: success, version: HTTP/1.1)
HTTP/1.1 200 OK
X-Powered-By: Express
Content-Type: application/json; charset=utf-8
Content-Length: 21
ETag: W/"15-uKswRaV/ATzzOLmeolk04ZRDF1w"
Date: Sun, 06 Apr 2025 13:54:47 GMT
Connection: keep-alive
Keep-Alive: timeout=600

21:54:47.378 [AsyncHttpClient-1-2] DEBUG org.asynchttpclient.netty.channel.ChannelManager -- Adding key: http://127.0.0.1:4723 for channel [id: 0xd850032e, L:/127.0.0.1:49363 - R:/127.0.0.1:4723]
21:54:47.379 [Forwarding getElementText on session 9d505292-1662-4e03-b7da-959f22fa1c1e to remote] DEBUG org.asynchttpclient.netty.request.NettyRequestSender -- Using pooled Channel '[id: 0xd850032e, L:/127.0.0.1:49363 - R:/127.0.0.1:4723]' for 'GET' to 'http://127.0.0.1:4723/session/9d505292-1662-4e03-b7da-959f22fa1c1e/element/f.09BF641F5805ED6A5007B9E87D61469D.d.777EDFA98D7557D72B5B8D92AD5D4E58.e.679/text'
21:54:47.379 [Forwarding getElementText on session 9d505292-1662-4e03-b7da-959f22fa1c1e to remote] DEBUG org.asynchttpclient.netty.request.NettyRequestSender -- Using open Channel [id: 0xd850032e, L:/127.0.0.1:49363 - R:/127.0.0.1:4723] for GET '/session/9d505292-1662-4e03-b7da-959f22fa1c1e/element/f.09BF641F5805ED6A5007B9E87D61469D.d.777EDFA98D7557D72B5B8D92AD5D4E58.e.679/text'
21:54:47.398 [AsyncHttpClient-1-2] DEBUG org.asynchttpclient.netty.handler.HttpHandler -- 

Request DefaultFullHttpRequest(decodeResult: success, version: HTTP/1.1, content: EmptyByteBufBE)
GET /session/9d505292-1662-4e03-b7da-959f22fa1c1e/element/f.09BF641F5805ED6A5007B9E87D61469D.d.777EDFA98D7557D72B5B8D92AD5D4E58.e.679/text HTTP/1.1
Cache-Control: no-cache
User-Agent: appium/8.3.0 (selenium/4.8.3 (java mac))
Content-Type: application/json; charset=utf-8
host: 127.0.0.1:4723
accept: */*

Response DefaultHttpResponse(decodeResult: success, version: HTTP/1.1)
HTTP/1.1 200 OK
X-Powered-By: Express
Content-Type: application/json; charset=utf-8
Content-Length: 21
ETag: W/"15-hUiczbMSkOwvLgjvHiSMmvonxWI"
Date: Sun, 06 Apr 2025 13:54:47 GMT
Connection: keep-alive
Keep-Alive: timeout=600

21:54:47.399 [AsyncHttpClient-1-2] DEBUG org.asynchttpclient.netty.channel.ChannelManager -- Adding key: http://127.0.0.1:4723 for channel [id: 0xd850032e, L:/127.0.0.1:49363 - R:/127.0.0.1:4723]
21:54:47.399 [Forwarding getElementText on session 9d505292-1662-4e03-b7da-959f22fa1c1e to remote] DEBUG org.asynchttpclient.netty.request.NettyRequestSender -- Using pooled Channel '[id: 0xd850032e, L:/127.0.0.1:49363 - R:/127.0.0.1:4723]' for 'GET' to 'http://127.0.0.1:4723/session/9d505292-1662-4e03-b7da-959f22fa1c1e/element/f.09BF641F5805ED6A5007B9E87D61469D.d.777EDFA98D7557D72B5B8D92AD5D4E58.e.681/text'
21:54:47.399 [Forwarding getElementText on session 9d505292-1662-4e03-b7da-959f22fa1c1e to remote] DEBUG org.asynchttpclient.netty.request.NettyRequestSender -- Using open Channel [id: 0xd850032e, L:/127.0.0.1:49363 - R:/127.0.0.1:4723] for GET '/session/9d505292-1662-4e03-b7da-959f22fa1c1e/element/f.09BF641F5805ED6A5007B9E87D61469D.d.777EDFA98D7557D72B5B8D92AD5D4E58.e.681/text'
21:54:47.418 [AsyncHttpClient-1-2] DEBUG org.asynchttpclient.netty.handler.HttpHandler -- 

Request DefaultFullHttpRequest(decodeResult: success, version: HTTP/1.1, content: EmptyByteBufBE)
GET /session/9d505292-1662-4e03-b7da-959f22fa1c1e/element/f.09BF641F5805ED6A5007B9E87D61469D.d.777EDFA98D7557D72B5B8D92AD5D4E58.e.681/text HTTP/1.1
Cache-Control: no-cache
User-Agent: appium/8.3.0 (selenium/4.8.3 (java mac))
Content-Type: application/json; charset=utf-8
host: 127.0.0.1:4723
accept: */*

Response DefaultHttpResponse(decodeResult: success, version: HTTP/1.1)
HTTP/1.1 200 OK
X-Powered-By: Express
Content-Type: application/json; charset=utf-8
Content-Length: 18
ETag: W/"12-9X6w8tps0gYtba5Abp6nmmnviIs"
Date: Sun, 06 Apr 2025 13:54:47 GMT
Connection: keep-alive
Keep-Alive: timeout=600

21:54:47.419 [AsyncHttpClient-1-2] DEBUG org.asynchttpclient.netty.channel.ChannelManager -- Adding key: http://127.0.0.1:4723 for channel [id: 0xd850032e, L:/127.0.0.1:49363 - R:/127.0.0.1:4723]
21:54:47.419 [Forwarding getElementText on session 9d505292-1662-4e03-b7da-959f22fa1c1e to remote] DEBUG org.asynchttpclient.netty.request.NettyRequestSender -- Using pooled Channel '[id: 0xd850032e, L:/127.0.0.1:49363 - R:/127.0.0.1:4723]' for 'GET' to 'http://127.0.0.1:4723/session/9d505292-1662-4e03-b7da-959f22fa1c1e/element/f.09BF641F5805ED6A5007B9E87D61469D.d.777EDFA98D7557D72B5B8D92AD5D4E58.e.683/text'
21:54:47.419 [Forwarding getElementText on session 9d505292-1662-4e03-b7da-959f22fa1c1e to remote] DEBUG org.asynchttpclient.netty.request.NettyRequestSender -- Using open Channel [id: 0xd850032e, L:/127.0.0.1:49363 - R:/127.0.0.1:4723] for GET '/session/9d505292-1662-4e03-b7da-959f22fa1c1e/element/f.09BF641F5805ED6A5007B9E87D61469D.d.777EDFA98D7557D72B5B8D92AD5D4E58.e.683/text'
21:54:47.437 [AsyncHttpClient-1-2] DEBUG org.asynchttpclient.netty.handler.HttpHandler -- 

Request DefaultFullHttpRequest(decodeResult: success, version: HTTP/1.1, content: EmptyByteBufBE)
GET /session/9d505292-1662-4e03-b7da-959f22fa1c1e/element/f.09BF641F5805ED6A5007B9E87D61469D.d.777EDFA98D7557D72B5B8D92AD5D4E58.e.683/text HTTP/1.1
Cache-Control: no-cache
User-Agent: appium/8.3.0 (selenium/4.8.3 (java mac))
Content-Type: application/json; charset=utf-8
host: 127.0.0.1:4723
accept: */*

Response DefaultHttpResponse(decodeResult: success, version: HTTP/1.1)
HTTP/1.1 200 OK
X-Powered-By: Express
Content-Type: application/json; charset=utf-8
Content-Length: 21
ETag: W/"15-6/G3si82Oo/hDK+7IMyz5gd3kA0"
Date: Sun, 06 Apr 2025 13:54:47 GMT
Connection: keep-alive
Keep-Alive: timeout=600

21:54:47.437 [AsyncHttpClient-1-2] DEBUG org.asynchttpclient.netty.channel.ChannelManager -- Adding key: http://127.0.0.1:4723 for channel [id: 0xd850032e, L:/127.0.0.1:49363 - R:/127.0.0.1:4723]
21:54:47.437 [Forwarding getElementText on session 9d505292-1662-4e03-b7da-959f22fa1c1e to remote] DEBUG org.asynchttpclient.netty.request.NettyRequestSender -- Using pooled Channel '[id: 0xd850032e, L:/127.0.0.1:49363 - R:/127.0.0.1:4723]' for 'GET' to 'http://127.0.0.1:4723/session/9d505292-1662-4e03-b7da-959f22fa1c1e/element/f.09BF641F5805ED6A5007B9E87D61469D.d.777EDFA98D7557D72B5B8D92AD5D4E58.e.685/text'
21:54:47.437 [Forwarding getElementText on session 9d505292-1662-4e03-b7da-959f22fa1c1e to remote] DEBUG org.asynchttpclient.netty.request.NettyRequestSender -- Using open Channel [id: 0xd850032e, L:/127.0.0.1:49363 - R:/127.0.0.1:4723] for GET '/session/9d505292-1662-4e03-b7da-959f22fa1c1e/element/f.09BF641F5805ED6A5007B9E87D61469D.d.777EDFA98D7557D72B5B8D92AD5D4E58.e.685/text'
21:54:47.455 [AsyncHttpClient-1-2] DEBUG org.asynchttpclient.netty.handler.HttpHandler -- 

Request DefaultFullHttpRequest(decodeResult: success, version: HTTP/1.1, content: EmptyByteBufBE)
GET /session/9d505292-1662-4e03-b7da-959f22fa1c1e/element/f.09BF641F5805ED6A5007B9E87D61469D.d.777EDFA98D7557D72B5B8D92AD5D4E58.e.685/text HTTP/1.1
Cache-Control: no-cache
User-Agent: appium/8.3.0 (selenium/4.8.3 (java mac))
Content-Type: application/json; charset=utf-8
host: 127.0.0.1:4723
accept: */*

Response DefaultHttpResponse(decodeResult: success, version: HTTP/1.1)
HTTP/1.1 200 OK
X-Powered-By: Express
Content-Type: application/json; charset=utf-8
Content-Length: 21
ETag: W/"15-p2Fiyu879cz9KZdAICY67irTSAM"
Date: Sun, 06 Apr 2025 13:54:47 GMT
Connection: keep-alive
Keep-Alive: timeout=600

21:54:47.455 [AsyncHttpClient-1-2] DEBUG org.asynchttpclient.netty.channel.ChannelManager -- Adding key: http://127.0.0.1:4723 for channel [id: 0xd850032e, L:/127.0.0.1:49363 - R:/127.0.0.1:4723]
21:54:47.456 [Forwarding getElementText on session 9d505292-1662-4e03-b7da-959f22fa1c1e to remote] DEBUG org.asynchttpclient.netty.request.NettyRequestSender -- Using pooled Channel '[id: 0xd850032e, L:/127.0.0.1:49363 - R:/127.0.0.1:4723]' for 'GET' to 'http://127.0.0.1:4723/session/9d505292-1662-4e03-b7da-959f22fa1c1e/element/f.09BF641F5805ED6A5007B9E87D61469D.d.777EDFA98D7557D72B5B8D92AD5D4E58.e.687/text'
21:54:47.456 [Forwarding getElementText on session 9d505292-1662-4e03-b7da-959f22fa1c1e to remote] DEBUG org.asynchttpclient.netty.request.NettyRequestSender -- Using open Channel [id: 0xd850032e, L:/127.0.0.1:49363 - R:/127.0.0.1:4723] for GET '/session/9d505292-1662-4e03-b7da-959f22fa1c1e/element/f.09BF641F5805ED6A5007B9E87D61469D.d.777EDFA98D7557D72B5B8D92AD5D4E58.e.687/text'
21:54:47.474 [AsyncHttpClient-1-2] DEBUG org.asynchttpclient.netty.handler.HttpHandler -- 

Request DefaultFullHttpRequest(decodeResult: success, version: HTTP/1.1, content: EmptyByteBufBE)
GET /session/9d505292-1662-4e03-b7da-959f22fa1c1e/element/f.09BF641F5805ED6A5007B9E87D61469D.d.777EDFA98D7557D72B5B8D92AD5D4E58.e.687/text HTTP/1.1
Cache-Control: no-cache
User-Agent: appium/8.3.0 (selenium/4.8.3 (java mac))
Content-Type: application/json; charset=utf-8
host: 127.0.0.1:4723
accept: */*

Response DefaultHttpResponse(decodeResult: success, version: HTTP/1.1)
HTTP/1.1 200 OK
X-Powered-By: Express
Content-Type: application/json; charset=utf-8
Content-Length: 18
ETag: W/"12-TJ09x1hXg4Q+1OB9tvzl1roT9Vw"
Date: Sun, 06 Apr 2025 13:54:47 GMT
Connection: keep-alive
Keep-Alive: timeout=600

21:54:47.475 [AsyncHttpClient-1-2] DEBUG org.asynchttpclient.netty.channel.ChannelManager -- Adding key: http://127.0.0.1:4723 for channel [id: 0xd850032e, L:/127.0.0.1:49363 - R:/127.0.0.1:4723]
21:54:47.475 [Forwarding getElementText on session 9d505292-1662-4e03-b7da-959f22fa1c1e to remote] DEBUG org.asynchttpclient.netty.request.NettyRequestSender -- Using pooled Channel '[id: 0xd850032e, L:/127.0.0.1:49363 - R:/127.0.0.1:4723]' for 'GET' to 'http://127.0.0.1:4723/session/9d505292-1662-4e03-b7da-959f22fa1c1e/element/f.09BF641F5805ED6A5007B9E87D61469D.d.777EDFA98D7557D72B5B8D92AD5D4E58.e.689/text'
21:54:47.475 [Forwarding getElementText on session 9d505292-1662-4e03-b7da-959f22fa1c1e to remote] DEBUG org.asynchttpclient.netty.request.NettyRequestSender -- Using open Channel [id: 0xd850032e, L:/127.0.0.1:49363 - R:/127.0.0.1:4723] for GET '/session/9d505292-1662-4e03-b7da-959f22fa1c1e/element/f.09BF641F5805ED6A5007B9E87D61469D.d.777EDFA98D7557D72B5B8D92AD5D4E58.e.689/text'
21:54:47.494 [AsyncHttpClient-1-2] DEBUG org.asynchttpclient.netty.handler.HttpHandler -- 

Request DefaultFullHttpRequest(decodeResult: success, version: HTTP/1.1, content: EmptyByteBufBE)
GET /session/9d505292-1662-4e03-b7da-959f22fa1c1e/element/f.09BF641F5805ED6A5007B9E87D61469D.d.777EDFA98D7557D72B5B8D92AD5D4E58.e.689/text HTTP/1.1
Cache-Control: no-cache
User-Agent: appium/8.3.0 (selenium/4.8.3 (java mac))
Content-Type: application/json; charset=utf-8
host: 127.0.0.1:4723
accept: */*

Response DefaultHttpResponse(decodeResult: success, version: HTTP/1.1)
HTTP/1.1 200 OK
X-Powered-By: Express
Content-Type: application/json; charset=utf-8
Content-Length: 21
ETag: W/"15-18sJbaCChKcua6uoPc771b6uB5o"
Date: Sun, 06 Apr 2025 13:54:47 GMT
Connection: keep-alive
Keep-Alive: timeout=600

21:54:47.494 [AsyncHttpClient-1-2] DEBUG org.asynchttpclient.netty.channel.ChannelManager -- Adding key: http://127.0.0.1:4723 for channel [id: 0xd850032e, L:/127.0.0.1:49363 - R:/127.0.0.1:4723]
21:54:47.494 [Forwarding getElementText on session 9d505292-1662-4e03-b7da-959f22fa1c1e to remote] DEBUG org.asynchttpclient.netty.request.NettyRequestSender -- Using pooled Channel '[id: 0xd850032e, L:/127.0.0.1:49363 - R:/127.0.0.1:4723]' for 'GET' to 'http://127.0.0.1:4723/session/9d505292-1662-4e03-b7da-959f22fa1c1e/element/f.09BF641F5805ED6A5007B9E87D61469D.d.777EDFA98D7557D72B5B8D92AD5D4E58.e.691/text'
21:54:47.494 [Forwarding getElementText on session 9d505292-1662-4e03-b7da-959f22fa1c1e to remote] DEBUG org.asynchttpclient.netty.request.NettyRequestSender -- Using open Channel [id: 0xd850032e, L:/127.0.0.1:49363 - R:/127.0.0.1:4723] for GET '/session/9d505292-1662-4e03-b7da-959f22fa1c1e/element/f.09BF641F5805ED6A5007B9E87D61469D.d.777EDFA98D7557D72B5B8D92AD5D4E58.e.691/text'
21:54:47.513 [AsyncHttpClient-1-2] DEBUG org.asynchttpclient.netty.handler.HttpHandler -- 

Request DefaultFullHttpRequest(decodeResult: success, version: HTTP/1.1, content: EmptyByteBufBE)
GET /session/9d505292-1662-4e03-b7da-959f22fa1c1e/element/f.09BF641F5805ED6A5007B9E87D61469D.d.777EDFA98D7557D72B5B8D92AD5D4E58.e.691/text HTTP/1.1
Cache-Control: no-cache
User-Agent: appium/8.3.0 (selenium/4.8.3 (java mac))
Content-Type: application/json; charset=utf-8
host: 127.0.0.1:4723
accept: */*

Response DefaultHttpResponse(decodeResult: success, version: HTTP/1.1)
HTTP/1.1 200 OK
X-Powered-By: Express
Content-Type: application/json; charset=utf-8
Content-Length: 21
ETag: W/"15-0D+5wYDTIoBmv61LWK4I+NgTrgw"
Date: Sun, 06 Apr 2025 13:54:47 GMT
Connection: keep-alive
Keep-Alive: timeout=600

21:54:47.513 [AsyncHttpClient-1-2] DEBUG org.asynchttpclient.netty.channel.ChannelManager -- Adding key: http://127.0.0.1:4723 for channel [id: 0xd850032e, L:/127.0.0.1:49363 - R:/127.0.0.1:4723]
21:54:47.514 [Forwarding getElementText on session 9d505292-1662-4e03-b7da-959f22fa1c1e to remote] DEBUG org.asynchttpclient.netty.request.NettyRequestSender -- Using pooled Channel '[id: 0xd850032e, L:/127.0.0.1:49363 - R:/127.0.0.1:4723]' for 'GET' to 'http://127.0.0.1:4723/session/9d505292-1662-4e03-b7da-959f22fa1c1e/element/f.09BF641F5805ED6A5007B9E87D61469D.d.777EDFA98D7557D72B5B8D92AD5D4E58.e.693/text'
21:54:47.514 [Forwarding getElementText on session 9d505292-1662-4e03-b7da-959f22fa1c1e to remote] DEBUG org.asynchttpclient.netty.request.NettyRequestSender -- Using open Channel [id: 0xd850032e, L:/127.0.0.1:49363 - R:/127.0.0.1:4723] for GET '/session/9d505292-1662-4e03-b7da-959f22fa1c1e/element/f.09BF641F5805ED6A5007B9E87D61469D.d.777EDFA98D7557D72B5B8D92AD5D4E58.e.693/text'
21:54:47.535 [AsyncHttpClient-1-2] DEBUG org.asynchttpclient.netty.handler.HttpHandler -- 

Request DefaultFullHttpRequest(decodeResult: success, version: HTTP/1.1, content: EmptyByteBufBE)
GET /session/9d505292-1662-4e03-b7da-959f22fa1c1e/element/f.09BF641F5805ED6A5007B9E87D61469D.d.777EDFA98D7557D72B5B8D92AD5D4E58.e.693/text HTTP/1.1
Cache-Control: no-cache
User-Agent: appium/8.3.0 (selenium/4.8.3 (java mac))
Content-Type: application/json; charset=utf-8
host: 127.0.0.1:4723
accept: */*

Response DefaultHttpResponse(decodeResult: success, version: HTTP/1.1)
HTTP/1.1 200 OK
X-Powered-By: Express
Content-Type: application/json; charset=utf-8
Content-Length: 21
ETag: W/"15-DEDtjw6IxZfPq8yv8zPFK6z7Wlc"
Date: Sun, 06 Apr 2025 13:54:47 GMT
Connection: keep-alive
Keep-Alive: timeout=600

21:54:47.535 [AsyncHttpClient-1-2] DEBUG org.asynchttpclient.netty.channel.ChannelManager -- Adding key: http://127.0.0.1:4723 for channel [id: 0xd850032e, L:/127.0.0.1:49363 - R:/127.0.0.1:4723]
21:54:47.536 [Forwarding getElementText on session 9d505292-1662-4e03-b7da-959f22fa1c1e to remote] DEBUG org.asynchttpclient.netty.request.NettyRequestSender -- Using pooled Channel '[id: 0xd850032e, L:/127.0.0.1:49363 - R:/127.0.0.1:4723]' for 'GET' to 'http://127.0.0.1:4723/session/9d505292-1662-4e03-b7da-959f22fa1c1e/element/f.09BF641F5805ED6A5007B9E87D61469D.d.777EDFA98D7557D72B5B8D92AD5D4E58.e.695/text'
21:54:47.537 [Forwarding getElementText on session 9d505292-1662-4e03-b7da-959f22fa1c1e to remote] DEBUG org.asynchttpclient.netty.request.NettyRequestSender -- Using open Channel [id: 0xd850032e, L:/127.0.0.1:49363 - R:/127.0.0.1:4723] for GET '/session/9d505292-1662-4e03-b7da-959f22fa1c1e/element/f.09BF641F5805ED6A5007B9E87D61469D.d.777EDFA98D7557D72B5B8D92AD5D4E58.e.695/text'
21:54:47.555 [AsyncHttpClient-1-2] DEBUG org.asynchttpclient.netty.handler.HttpHandler -- 

Request DefaultFullHttpRequest(decodeResult: success, version: HTTP/1.1, content: EmptyByteBufBE)
GET /session/9d505292-1662-4e03-b7da-959f22fa1c1e/element/f.09BF641F5805ED6A5007B9E87D61469D.d.777EDFA98D7557D72B5B8D92AD5D4E58.e.695/text HTTP/1.1
Cache-Control: no-cache
User-Agent: appium/8.3.0 (selenium/4.8.3 (java mac))
Content-Type: application/json; charset=utf-8
host: 127.0.0.1:4723
accept: */*

Response DefaultHttpResponse(decodeResult: success, version: HTTP/1.1)
HTTP/1.1 200 OK
X-Powered-By: Express
Content-Type: application/json; charset=utf-8
Content-Length: 21
ETag: W/"15-BBk1nVWY52ijSCepgbrDytiS4Ak"
Date: Sun, 06 Apr 2025 13:54:47 GMT
Connection: keep-alive
Keep-Alive: timeout=600

21:54:47.556 [AsyncHttpClient-1-2] DEBUG org.asynchttpclient.netty.channel.ChannelManager -- Adding key: http://127.0.0.1:4723 for channel [id: 0xd850032e, L:/127.0.0.1:49363 - R:/127.0.0.1:4723]
21:54:47.557 [Forwarding getElementText on session 9d505292-1662-4e03-b7da-959f22fa1c1e to remote] DEBUG org.asynchttpclient.netty.request.NettyRequestSender -- Using pooled Channel '[id: 0xd850032e, L:/127.0.0.1:49363 - R:/127.0.0.1:4723]' for 'GET' to 'http://127.0.0.1:4723/session/9d505292-1662-4e03-b7da-959f22fa1c1e/element/f.09BF641F5805ED6A5007B9E87D61469D.d.777EDFA98D7557D72B5B8D92AD5D4E58.e.697/text'
21:54:47.557 [Forwarding getElementText on session 9d505292-1662-4e03-b7da-959f22fa1c1e to remote] DEBUG org.asynchttpclient.netty.request.NettyRequestSender -- Using open Channel [id: 0xd850032e, L:/127.0.0.1:49363 - R:/127.0.0.1:4723] for GET '/session/9d505292-1662-4e03-b7da-959f22fa1c1e/element/f.09BF641F5805ED6A5007B9E87D61469D.d.777EDFA98D7557D72B5B8D92AD5D4E58.e.697/text'
21:54:47.577 [AsyncHttpClient-1-2] DEBUG org.asynchttpclient.netty.handler.HttpHandler -- 

Request DefaultFullHttpRequest(decodeResult: success, version: HTTP/1.1, content: EmptyByteBufBE)
GET /session/9d505292-1662-4e03-b7da-959f22fa1c1e/element/f.09BF641F5805ED6A5007B9E87D61469D.d.777EDFA98D7557D72B5B8D92AD5D4E58.e.697/text HTTP/1.1
Cache-Control: no-cache
User-Agent: appium/8.3.0 (selenium/4.8.3 (java mac))
Content-Type: application/json; charset=utf-8
host: 127.0.0.1:4723
accept: */*

Response DefaultHttpResponse(decodeResult: success, version: HTTP/1.1)
HTTP/1.1 200 OK
X-Powered-By: Express
Content-Type: application/json; charset=utf-8
Content-Length: 21
ETag: W/"15-loTaU7lSDHmWqtPMp6DtEkiiso0"
Date: Sun, 06 Apr 2025 13:54:47 GMT
Connection: keep-alive
Keep-Alive: timeout=600

21:54:47.577 [AsyncHttpClient-1-2] DEBUG org.asynchttpclient.netty.channel.ChannelManager -- Adding key: http://127.0.0.1:4723 for channel [id: 0xd850032e, L:/127.0.0.1:49363 - R:/127.0.0.1:4723]
21:54:47.577 [Forwarding getElementText on session 9d505292-1662-4e03-b7da-959f22fa1c1e to remote] DEBUG org.asynchttpclient.netty.request.NettyRequestSender -- Using pooled Channel '[id: 0xd850032e, L:/127.0.0.1:49363 - R:/127.0.0.1:4723]' for 'GET' to 'http://127.0.0.1:4723/session/9d505292-1662-4e03-b7da-959f22fa1c1e/element/f.09BF641F5805ED6A5007B9E87D61469D.d.777EDFA98D7557D72B5B8D92AD5D4E58.e.699/text'
21:54:47.577 [Forwarding getElementText on session 9d505292-1662-4e03-b7da-959f22fa1c1e to remote] DEBUG org.asynchttpclient.netty.request.NettyRequestSender -- Using open Channel [id: 0xd850032e, L:/127.0.0.1:49363 - R:/127.0.0.1:4723] for GET '/session/9d505292-1662-4e03-b7da-959f22fa1c1e/element/f.09BF641F5805ED6A5007B9E87D61469D.d.777EDFA98D7557D72B5B8D92AD5D4E58.e.699/text'
21:54:47.595 [AsyncHttpClient-1-2] DEBUG org.asynchttpclient.netty.handler.HttpHandler -- 

Request DefaultFullHttpRequest(decodeResult: success, version: HTTP/1.1, content: EmptyByteBufBE)
GET /session/9d505292-1662-4e03-b7da-959f22fa1c1e/element/f.09BF641F5805ED6A5007B9E87D61469D.d.777EDFA98D7557D72B5B8D92AD5D4E58.e.699/text HTTP/1.1
Cache-Control: no-cache
User-Agent: appium/8.3.0 (selenium/4.8.3 (java mac))
Content-Type: application/json; charset=utf-8
host: 127.0.0.1:4723
accept: */*

Response DefaultHttpResponse(decodeResult: success, version: HTTP/1.1)
HTTP/1.1 200 OK
X-Powered-By: Express
Content-Type: application/json; charset=utf-8
Content-Length: 21
ETag: W/"15-rMvFwflsHikP9ZXVqAqHTeYKEiA"
Date: Sun, 06 Apr 2025 13:54:47 GMT
Connection: keep-alive
Keep-Alive: timeout=600

21:54:47.595 [AsyncHttpClient-1-2] DEBUG org.asynchttpclient.netty.channel.ChannelManager -- Adding key: http://127.0.0.1:4723 for channel [id: 0xd850032e, L:/127.0.0.1:49363 - R:/127.0.0.1:4723]
21:54:47.596 [Forwarding getElementText on session 9d505292-1662-4e03-b7da-959f22fa1c1e to remote] DEBUG org.asynchttpclient.netty.request.NettyRequestSender -- Using pooled Channel '[id: 0xd850032e, L:/127.0.0.1:49363 - R:/127.0.0.1:4723]' for 'GET' to 'http://127.0.0.1:4723/session/9d505292-1662-4e03-b7da-959f22fa1c1e/element/f.09BF641F5805ED6A5007B9E87D61469D.d.777EDFA98D7557D72B5B8D92AD5D4E58.e.701/text'
21:54:47.596 [Forwarding getElementText on session 9d505292-1662-4e03-b7da-959f22fa1c1e to remote] DEBUG org.asynchttpclient.netty.request.NettyRequestSender -- Using open Channel [id: 0xd850032e, L:/127.0.0.1:49363 - R:/127.0.0.1:4723] for GET '/session/9d505292-1662-4e03-b7da-959f22fa1c1e/element/f.09BF641F5805ED6A5007B9E87D61469D.d.777EDFA98D7557D72B5B8D92AD5D4E58.e.701/text'
21:54:47.616 [AsyncHttpClient-1-2] DEBUG org.asynchttpclient.netty.handler.HttpHandler -- 

Request DefaultFullHttpRequest(decodeResult: success, version: HTTP/1.1, content: EmptyByteBufBE)
GET /session/9d505292-1662-4e03-b7da-959f22fa1c1e/element/f.09BF641F5805ED6A5007B9E87D61469D.d.777EDFA98D7557D72B5B8D92AD5D4E58.e.701/text HTTP/1.1
Cache-Control: no-cache
User-Agent: appium/8.3.0 (selenium/4.8.3 (java mac))
Content-Type: application/json; charset=utf-8
host: 127.0.0.1:4723
accept: */*

Response DefaultHttpResponse(decodeResult: success, version: HTTP/1.1)
HTTP/1.1 200 OK
X-Powered-By: Express
Content-Type: application/json; charset=utf-8
Content-Length: 21
ETag: W/"15-uKS13fwXfi1tcY/wo1beyeVeuY8"
Date: Sun, 06 Apr 2025 13:54:47 GMT
Connection: keep-alive
Keep-Alive: timeout=600

21:54:47.616 [AsyncHttpClient-1-2] DEBUG org.asynchttpclient.netty.channel.ChannelManager -- Adding key: http://127.0.0.1:4723 for channel [id: 0xd850032e, L:/127.0.0.1:49363 - R:/127.0.0.1:4723]
21:54:47.616 [Forwarding getElementText on session 9d505292-1662-4e03-b7da-959f22fa1c1e to remote] DEBUG org.asynchttpclient.netty.request.NettyRequestSender -- Using pooled Channel '[id: 0xd850032e, L:/127.0.0.1:49363 - R:/127.0.0.1:4723]' for 'GET' to 'http://127.0.0.1:4723/session/9d505292-1662-4e03-b7da-959f22fa1c1e/element/f.09BF641F5805ED6A5007B9E87D61469D.d.777EDFA98D7557D72B5B8D92AD5D4E58.e.703/text'
21:54:47.616 [Forwarding getElementText on session 9d505292-1662-4e03-b7da-959f22fa1c1e to remote] DEBUG org.asynchttpclient.netty.request.NettyRequestSender -- Using open Channel [id: 0xd850032e, L:/127.0.0.1:49363 - R:/127.0.0.1:4723] for GET '/session/9d505292-1662-4e03-b7da-959f22fa1c1e/element/f.09BF641F5805ED6A5007B9E87D61469D.d.777EDFA98D7557D72B5B8D92AD5D4E58.e.703/text'
21:54:47.635 [AsyncHttpClient-1-2] DEBUG org.asynchttpclient.netty.handler.HttpHandler -- 

Request DefaultFullHttpRequest(decodeResult: success, version: HTTP/1.1, content: EmptyByteBufBE)
GET /session/9d505292-1662-4e03-b7da-959f22fa1c1e/element/f.09BF641F5805ED6A5007B9E87D61469D.d.777EDFA98D7557D72B5B8D92AD5D4E58.e.703/text HTTP/1.1
Cache-Control: no-cache
User-Agent: appium/8.3.0 (selenium/4.8.3 (java mac))
Content-Type: application/json; charset=utf-8
host: 127.0.0.1:4723
accept: */*

Response DefaultHttpResponse(decodeResult: success, version: HTTP/1.1)
HTTP/1.1 200 OK
X-Powered-By: Express
Content-Type: application/json; charset=utf-8
Content-Length: 21
ETag: W/"15-kLCNE3Odt8JMaYwJHnuMAbmnu6Y"
Date: Sun, 06 Apr 2025 13:54:47 GMT
Connection: keep-alive
Keep-Alive: timeout=600

21:54:47.635 [AsyncHttpClient-1-2] DEBUG org.asynchttpclient.netty.channel.ChannelManager -- Adding key: http://127.0.0.1:4723 for channel [id: 0xd850032e, L:/127.0.0.1:49363 - R:/127.0.0.1:4723]
21:54:47.635 [Forwarding getElementText on session 9d505292-1662-4e03-b7da-959f22fa1c1e to remote] DEBUG org.asynchttpclient.netty.request.NettyRequestSender -- Using pooled Channel '[id: 0xd850032e, L:/127.0.0.1:49363 - R:/127.0.0.1:4723]' for 'GET' to 'http://127.0.0.1:4723/session/9d505292-1662-4e03-b7da-959f22fa1c1e/element/f.09BF641F5805ED6A5007B9E87D61469D.d.777EDFA98D7557D72B5B8D92AD5D4E58.e.705/text'
21:54:47.635 [Forwarding getElementText on session 9d505292-1662-4e03-b7da-959f22fa1c1e to remote] DEBUG org.asynchttpclient.netty.request.NettyRequestSender -- Using open Channel [id: 0xd850032e, L:/127.0.0.1:49363 - R:/127.0.0.1:4723] for GET '/session/9d505292-1662-4e03-b7da-959f22fa1c1e/element/f.09BF641F5805ED6A5007B9E87D61469D.d.777EDFA98D7557D72B5B8D92AD5D4E58.e.705/text'
21:54:47.657 [AsyncHttpClient-1-2] DEBUG org.asynchttpclient.netty.handler.HttpHandler -- 

Request DefaultFullHttpRequest(decodeResult: success, version: HTTP/1.1, content: EmptyByteBufBE)
GET /session/9d505292-1662-4e03-b7da-959f22fa1c1e/element/f.09BF641F5805ED6A5007B9E87D61469D.d.777EDFA98D7557D72B5B8D92AD5D4E58.e.705/text HTTP/1.1
Cache-Control: no-cache
User-Agent: appium/8.3.0 (selenium/4.8.3 (java mac))
Content-Type: application/json; charset=utf-8
host: 127.0.0.1:4723
accept: */*

Response DefaultHttpResponse(decodeResult: success, version: HTTP/1.1)
HTTP/1.1 200 OK
X-Powered-By: Express
Content-Type: application/json; charset=utf-8
Content-Length: 21
ETag: W/"15-wy9ysTDNfQKvIhkTFC7tgsoDk5c"
Date: Sun, 06 Apr 2025 13:54:47 GMT
Connection: keep-alive
Keep-Alive: timeout=600

21:54:47.657 [AsyncHttpClient-1-2] DEBUG org.asynchttpclient.netty.channel.ChannelManager -- Adding key: http://127.0.0.1:4723 for channel [id: 0xd850032e, L:/127.0.0.1:49363 - R:/127.0.0.1:4723]
驗證縣市「台中市」與其行政區成功！
21:54:47.658 [Forwarding executeScript on session 9d505292-1662-4e03-b7da-959f22fa1c1e to remote] DEBUG org.asynchttpclient.netty.request.NettyRequestSender -- Using pooled Channel '[id: 0xd850032e, L:/127.0.0.1:49363 - R:/127.0.0.1:4723]' for 'POST' to 'http://127.0.0.1:4723/session/9d505292-1662-4e03-b7da-959f22fa1c1e/execute/sync'
21:54:47.658 [Forwarding executeScript on session 9d505292-1662-4e03-b7da-959f22fa1c1e to remote] DEBUG org.asynchttpclient.netty.request.NettyRequestSender -- Using open Channel [id: 0xd850032e, L:/127.0.0.1:49363 - R:/127.0.0.1:4723] for POST '/session/9d505292-1662-4e03-b7da-959f22fa1c1e/execute/sync'
21:54:47.682 [AsyncHttpClient-1-2] DEBUG org.asynchttpclient.netty.handler.HttpHandler -- 

Request DefaultHttpRequest(decodeResult: success, version: HTTP/1.1)
POST /session/9d505292-1662-4e03-b7da-959f22fa1c1e/execute/sync HTTP/1.1
User-Agent: appium/8.3.0 (selenium/4.8.3 (java mac))
Content-Length: 347
Content-Type: application/json; charset=utf-8
host: 127.0.0.1:4723
accept: */*

Response DefaultHttpResponse(decodeResult: success, version: HTTP/1.1)
HTTP/1.1 200 OK
X-Powered-By: Express
Vary: X-HTTP-Method-Override
Content-Type: application/json; charset=utf-8
Content-Length: 14
ETag: W/"e-9/1BuKMgFObM1mWJm+YjxtXJnUM"
Date: Sun, 06 Apr 2025 13:54:47 GMT
Connection: keep-alive
Keep-Alive: timeout=600

21:54:47.682 [AsyncHttpClient-1-2] DEBUG org.asynchttpclient.netty.channel.ChannelManager -- Adding key: http://127.0.0.1:4723 for channel [id: 0xd850032e, L:/127.0.0.1:49363 - R:/127.0.0.1:4723]
21:54:47.682 [Forwarding findElement on session 9d505292-1662-4e03-b7da-959f22fa1c1e to remote] DEBUG org.asynchttpclient.netty.request.NettyRequestSender -- Using pooled Channel '[id: 0xd850032e, L:/127.0.0.1:49363 - R:/127.0.0.1:4723]' for 'POST' to 'http://127.0.0.1:4723/session/9d505292-1662-4e03-b7da-959f22fa1c1e/element'
21:54:47.682 [Forwarding findElement on session 9d505292-1662-4e03-b7da-959f22fa1c1e to remote] DEBUG org.asynchttpclient.netty.request.NettyRequestSender -- Using open Channel [id: 0xd850032e, L:/127.0.0.1:49363 - R:/127.0.0.1:4723] for POST '/session/9d505292-1662-4e03-b7da-959f22fa1c1e/element'
21:54:47.706 [AsyncHttpClient-1-2] DEBUG org.asynchttpclient.netty.handler.HttpHandler -- 

Request DefaultHttpRequest(decodeResult: success, version: HTTP/1.1)
POST /session/9d505292-1662-4e03-b7da-959f22fa1c1e/element HTTP/1.1
User-Agent: appium/8.3.0 (selenium/4.8.3 (java mac))
Content-Length: 64
Content-Type: application/json; charset=utf-8
host: 127.0.0.1:4723
accept: */*

Response DefaultHttpResponse(decodeResult: success, version: HTTP/1.1)
HTTP/1.1 200 OK
X-Powered-By: Express
Vary: X-HTTP-Method-Override
Content-Type: application/json; charset=utf-8
Content-Length: 215
ETag: W/"d7-hLLmI8sXBhj61n8KQz/SSgPhJ+w"
Date: Sun, 06 Apr 2025 13:54:47 GMT
Connection: keep-alive
Keep-Alive: timeout=600

21:54:47.706 [AsyncHttpClient-1-2] DEBUG org.asynchttpclient.netty.channel.ChannelManager -- Adding key: http://127.0.0.1:4723 for channel [id: 0xd850032e, L:/127.0.0.1:49363 - R:/127.0.0.1:4723]
21:54:47.809 [Forwarding findChildElements on session 9d505292-1662-4e03-b7da-959f22fa1c1e to remote] DEBUG org.asynchttpclient.netty.request.NettyRequestSender -- Using pooled Channel '[id: 0xd850032e, L:/127.0.0.1:49363 - R:/127.0.0.1:4723]' for 'POST' to 'http://127.0.0.1:4723/session/9d505292-1662-4e03-b7da-959f22fa1c1e/element/f.09BF641F5805ED6A5007B9E87D61469D.d.777EDFA98D7557D72B5B8D92AD5D4E58.e.377/elements'
21:54:47.809 [Forwarding findChildElements on session 9d505292-1662-4e03-b7da-959f22fa1c1e to remote] DEBUG org.asynchttpclient.netty.request.NettyRequestSender -- Using open Channel [id: 0xd850032e, L:/127.0.0.1:49363 - R:/127.0.0.1:4723] for POST '/session/9d505292-1662-4e03-b7da-959f22fa1c1e/element/f.09BF641F5805ED6A5007B9E87D61469D.d.777EDFA98D7557D72B5B8D92AD5D4E58.e.377/elements'
21:54:47.829 [AsyncHttpClient-1-2] DEBUG org.asynchttpclient.netty.handler.HttpHandler -- 

Request DefaultHttpRequest(decodeResult: success, version: HTTP/1.1)
POST /session/9d505292-1662-4e03-b7da-959f22fa1c1e/element/f.09BF641F5805ED6A5007B9E87D61469D.d.777EDFA98D7557D72B5B8D92AD5D4E58.e.377/elements HTTP/1.1
User-Agent: appium/8.3.0 (selenium/4.8.3 (java mac))
Content-Length: 133
Content-Type: application/json; charset=utf-8
host: 127.0.0.1:4723
accept: */*

Response DefaultHttpResponse(decodeResult: success, version: HTTP/1.1)
HTTP/1.1 200 OK
X-Powered-By: Express
Vary: X-HTTP-Method-Override
Content-Type: application/json; charset=utf-8
Content-Length: 5573
ETag: W/"15c5-CMkpCU3maaMfn/sx5lAuwEFEguY"
Date: Sun, 06 Apr 2025 13:54:47 GMT
Connection: keep-alive
Keep-Alive: timeout=600

21:54:47.830 [AsyncHttpClient-1-2] DEBUG org.asynchttpclient.netty.channel.ChannelManager -- Adding key: http://127.0.0.1:4723 for channel [id: 0xd850032e, L:/127.0.0.1:49363 - R:/127.0.0.1:4723]
21:54:47.831 [Forwarding getElementText on session 9d505292-1662-4e03-b7da-959f22fa1c1e to remote] DEBUG org.asynchttpclient.netty.request.NettyRequestSender -- Using pooled Channel '[id: 0xd850032e, L:/127.0.0.1:49363 - R:/127.0.0.1:4723]' for 'GET' to 'http://127.0.0.1:4723/session/9d505292-1662-4e03-b7da-959f22fa1c1e/element/f.09BF641F5805ED6A5007B9E87D61469D.d.777EDFA98D7557D72B5B8D92AD5D4E58.e.709/text'
21:54:47.831 [Forwarding getElementText on session 9d505292-1662-4e03-b7da-959f22fa1c1e to remote] DEBUG org.asynchttpclient.netty.request.NettyRequestSender -- Using open Channel [id: 0xd850032e, L:/127.0.0.1:49363 - R:/127.0.0.1:4723] for GET '/session/9d505292-1662-4e03-b7da-959f22fa1c1e/element/f.09BF641F5805ED6A5007B9E87D61469D.d.777EDFA98D7557D72B5B8D92AD5D4E58.e.709/text'
21:54:47.849 [AsyncHttpClient-1-2] DEBUG org.asynchttpclient.netty.handler.HttpHandler -- 

Request DefaultFullHttpRequest(decodeResult: success, version: HTTP/1.1, content: EmptyByteBufBE)
GET /session/9d505292-1662-4e03-b7da-959f22fa1c1e/element/f.09BF641F5805ED6A5007B9E87D61469D.d.777EDFA98D7557D72B5B8D92AD5D4E58.e.709/text HTTP/1.1
Cache-Control: no-cache
User-Agent: appium/8.3.0 (selenium/4.8.3 (java mac))
Content-Type: application/json; charset=utf-8
host: 127.0.0.1:4723
accept: */*

Response DefaultHttpResponse(decodeResult: success, version: HTTP/1.1)
HTTP/1.1 200 OK
X-Powered-By: Express
Content-Type: application/json; charset=utf-8
Content-Length: 27
ETag: W/"1b-WszMrTDLUBhetLFWttbtrso7fzY"
Date: Sun, 06 Apr 2025 13:54:47 GMT
Connection: keep-alive
Keep-Alive: timeout=600

21:54:47.849 [AsyncHttpClient-1-2] DEBUG org.asynchttpclient.netty.channel.ChannelManager -- Adding key: http://127.0.0.1:4723 for channel [id: 0xd850032e, L:/127.0.0.1:49363 - R:/127.0.0.1:4723]
21:54:47.850 [Forwarding getElementText on session 9d505292-1662-4e03-b7da-959f22fa1c1e to remote] DEBUG org.asynchttpclient.netty.request.NettyRequestSender -- Using pooled Channel '[id: 0xd850032e, L:/127.0.0.1:49363 - R:/127.0.0.1:4723]' for 'GET' to 'http://127.0.0.1:4723/session/9d505292-1662-4e03-b7da-959f22fa1c1e/element/f.09BF641F5805ED6A5007B9E87D61469D.d.777EDFA98D7557D72B5B8D92AD5D4E58.e.711/text'
21:54:47.850 [Forwarding getElementText on session 9d505292-1662-4e03-b7da-959f22fa1c1e to remote] DEBUG org.asynchttpclient.netty.request.NettyRequestSender -- Using open Channel [id: 0xd850032e, L:/127.0.0.1:49363 - R:/127.0.0.1:4723] for GET '/session/9d505292-1662-4e03-b7da-959f22fa1c1e/element/f.09BF641F5805ED6A5007B9E87D61469D.d.777EDFA98D7557D72B5B8D92AD5D4E58.e.711/text'
21:54:47.868 [AsyncHttpClient-1-2] DEBUG org.asynchttpclient.netty.handler.HttpHandler -- 

Request DefaultFullHttpRequest(decodeResult: success, version: HTTP/1.1, content: EmptyByteBufBE)
GET /session/9d505292-1662-4e03-b7da-959f22fa1c1e/element/f.09BF641F5805ED6A5007B9E87D61469D.d.777EDFA98D7557D72B5B8D92AD5D4E58.e.711/text HTTP/1.1
Cache-Control: no-cache
User-Agent: appium/8.3.0 (selenium/4.8.3 (java mac))
Content-Type: application/json; charset=utf-8
host: 127.0.0.1:4723
accept: */*

Response DefaultHttpResponse(decodeResult: success, version: HTTP/1.1)
HTTP/1.1 200 OK
X-Powered-By: Express
Content-Type: application/json; charset=utf-8
Content-Length: 21
ETag: W/"15-TIZcS2tQ3BE4LC6qUEB8JaBqCz4"
Date: Sun, 06 Apr 2025 13:54:47 GMT
Connection: keep-alive
Keep-Alive: timeout=600

21:54:47.868 [AsyncHttpClient-1-2] DEBUG org.asynchttpclient.netty.channel.ChannelManager -- Adding key: http://127.0.0.1:4723 for channel [id: 0xd850032e, L:/127.0.0.1:49363 - R:/127.0.0.1:4723]
21:54:47.869 [Forwarding getElementText on session 9d505292-1662-4e03-b7da-959f22fa1c1e to remote] DEBUG org.asynchttpclient.netty.request.NettyRequestSender -- Using pooled Channel '[id: 0xd850032e, L:/127.0.0.1:49363 - R:/127.0.0.1:4723]' for 'GET' to 'http://127.0.0.1:4723/session/9d505292-1662-4e03-b7da-959f22fa1c1e/element/f.09BF641F5805ED6A5007B9E87D61469D.d.777EDFA98D7557D72B5B8D92AD5D4E58.e.713/text'
21:54:47.869 [Forwarding getElementText on session 9d505292-1662-4e03-b7da-959f22fa1c1e to remote] DEBUG org.asynchttpclient.netty.request.NettyRequestSender -- Using open Channel [id: 0xd850032e, L:/127.0.0.1:49363 - R:/127.0.0.1:4723] for GET '/session/9d505292-1662-4e03-b7da-959f22fa1c1e/element/f.09BF641F5805ED6A5007B9E87D61469D.d.777EDFA98D7557D72B5B8D92AD5D4E58.e.713/text'
21:54:47.888 [AsyncHttpClient-1-2] DEBUG org.asynchttpclient.netty.handler.HttpHandler -- 

Request DefaultFullHttpRequest(decodeResult: success, version: HTTP/1.1, content: EmptyByteBufBE)
GET /session/9d505292-1662-4e03-b7da-959f22fa1c1e/element/f.09BF641F5805ED6A5007B9E87D61469D.d.777EDFA98D7557D72B5B8D92AD5D4E58.e.713/text HTTP/1.1
Cache-Control: no-cache
User-Agent: appium/8.3.0 (selenium/4.8.3 (java mac))
Content-Type: application/json; charset=utf-8
host: 127.0.0.1:4723
accept: */*

Response DefaultHttpResponse(decodeResult: success, version: HTTP/1.1)
HTTP/1.1 200 OK
X-Powered-By: Express
Content-Type: application/json; charset=utf-8
Content-Length: 21
ETag: W/"15-N44SIbd2Nn/ZMQl13ZKuGtNJoxY"
Date: Sun, 06 Apr 2025 13:54:47 GMT
Connection: keep-alive
Keep-Alive: timeout=600

21:54:47.888 [AsyncHttpClient-1-2] DEBUG org.asynchttpclient.netty.channel.ChannelManager -- Adding key: http://127.0.0.1:4723 for channel [id: 0xd850032e, L:/127.0.0.1:49363 - R:/127.0.0.1:4723]
21:54:47.888 [Forwarding getElementText on session 9d505292-1662-4e03-b7da-959f22fa1c1e to remote] DEBUG org.asynchttpclient.netty.request.NettyRequestSender -- Using pooled Channel '[id: 0xd850032e, L:/127.0.0.1:49363 - R:/127.0.0.1:4723]' for 'GET' to 'http://127.0.0.1:4723/session/9d505292-1662-4e03-b7da-959f22fa1c1e/element/f.09BF641F5805ED6A5007B9E87D61469D.d.777EDFA98D7557D72B5B8D92AD5D4E58.e.715/text'
21:54:47.889 [Forwarding getElementText on session 9d505292-1662-4e03-b7da-959f22fa1c1e to remote] DEBUG org.asynchttpclient.netty.request.NettyRequestSender -- Using open Channel [id: 0xd850032e, L:/127.0.0.1:49363 - R:/127.0.0.1:4723] for GET '/session/9d505292-1662-4e03-b7da-959f22fa1c1e/element/f.09BF641F5805ED6A5007B9E87D61469D.d.777EDFA98D7557D72B5B8D92AD5D4E58.e.715/text'
21:54:47.906 [AsyncHttpClient-1-2] DEBUG org.asynchttpclient.netty.handler.HttpHandler -- 

Request DefaultFullHttpRequest(decodeResult: success, version: HTTP/1.1, content: EmptyByteBufBE)
GET /session/9d505292-1662-4e03-b7da-959f22fa1c1e/element/f.09BF641F5805ED6A5007B9E87D61469D.d.777EDFA98D7557D72B5B8D92AD5D4E58.e.715/text HTTP/1.1
Cache-Control: no-cache
User-Agent: appium/8.3.0 (selenium/4.8.3 (java mac))
Content-Type: application/json; charset=utf-8
host: 127.0.0.1:4723
accept: */*

Response DefaultHttpResponse(decodeResult: success, version: HTTP/1.1)
HTTP/1.1 200 OK
X-Powered-By: Express
Content-Type: application/json; charset=utf-8
Content-Length: 21
ETag: W/"15-DyLOhwmkCreWDdQ765WkQOIwbCc"
Date: Sun, 06 Apr 2025 13:54:47 GMT
Connection: keep-alive
Keep-Alive: timeout=600

21:54:47.906 [AsyncHttpClient-1-2] DEBUG org.asynchttpclient.netty.channel.ChannelManager -- Adding key: http://127.0.0.1:4723 for channel [id: 0xd850032e, L:/127.0.0.1:49363 - R:/127.0.0.1:4723]
21:54:47.907 [Forwarding getElementText on session 9d505292-1662-4e03-b7da-959f22fa1c1e to remote] DEBUG org.asynchttpclient.netty.request.NettyRequestSender -- Using pooled Channel '[id: 0xd850032e, L:/127.0.0.1:49363 - R:/127.0.0.1:4723]' for 'GET' to 'http://127.0.0.1:4723/session/9d505292-1662-4e03-b7da-959f22fa1c1e/element/f.09BF641F5805ED6A5007B9E87D61469D.d.777EDFA98D7557D72B5B8D92AD5D4E58.e.717/text'
21:54:47.907 [Forwarding getElementText on session 9d505292-1662-4e03-b7da-959f22fa1c1e to remote] DEBUG org.asynchttpclient.netty.request.NettyRequestSender -- Using open Channel [id: 0xd850032e, L:/127.0.0.1:49363 - R:/127.0.0.1:4723] for GET '/session/9d505292-1662-4e03-b7da-959f22fa1c1e/element/f.09BF641F5805ED6A5007B9E87D61469D.d.777EDFA98D7557D72B5B8D92AD5D4E58.e.717/text'
21:54:47.925 [AsyncHttpClient-1-2] DEBUG org.asynchttpclient.netty.handler.HttpHandler -- 

Request DefaultFullHttpRequest(decodeResult: success, version: HTTP/1.1, content: EmptyByteBufBE)
GET /session/9d505292-1662-4e03-b7da-959f22fa1c1e/element/f.09BF641F5805ED6A5007B9E87D61469D.d.777EDFA98D7557D72B5B8D92AD5D4E58.e.717/text HTTP/1.1
Cache-Control: no-cache
User-Agent: appium/8.3.0 (selenium/4.8.3 (java mac))
Content-Type: application/json; charset=utf-8
host: 127.0.0.1:4723
accept: */*

Response DefaultHttpResponse(decodeResult: success, version: HTTP/1.1)
HTTP/1.1 200 OK
X-Powered-By: Express
Content-Type: application/json; charset=utf-8
Content-Length: 21
ETag: W/"15-8QwPYxEj+oUFlTpUSHPVr4AlqSU"
Date: Sun, 06 Apr 2025 13:54:47 GMT
Connection: keep-alive
Keep-Alive: timeout=600

21:54:47.925 [AsyncHttpClient-1-2] DEBUG org.asynchttpclient.netty.channel.ChannelManager -- Adding key: http://127.0.0.1:4723 for channel [id: 0xd850032e, L:/127.0.0.1:49363 - R:/127.0.0.1:4723]
21:54:47.926 [Forwarding getElementText on session 9d505292-1662-4e03-b7da-959f22fa1c1e to remote] DEBUG org.asynchttpclient.netty.request.NettyRequestSender -- Using pooled Channel '[id: 0xd850032e, L:/127.0.0.1:49363 - R:/127.0.0.1:4723]' for 'GET' to 'http://127.0.0.1:4723/session/9d505292-1662-4e03-b7da-959f22fa1c1e/element/f.09BF641F5805ED6A5007B9E87D61469D.d.777EDFA98D7557D72B5B8D92AD5D4E58.e.719/text'
21:54:47.926 [Forwarding getElementText on session 9d505292-1662-4e03-b7da-959f22fa1c1e to remote] DEBUG org.asynchttpclient.netty.request.NettyRequestSender -- Using open Channel [id: 0xd850032e, L:/127.0.0.1:49363 - R:/127.0.0.1:4723] for GET '/session/9d505292-1662-4e03-b7da-959f22fa1c1e/element/f.09BF641F5805ED6A5007B9E87D61469D.d.777EDFA98D7557D72B5B8D92AD5D4E58.e.719/text'
21:54:47.949 [AsyncHttpClient-1-2] DEBUG org.asynchttpclient.netty.handler.HttpHandler -- 

Request DefaultFullHttpRequest(decodeResult: success, version: HTTP/1.1, content: EmptyByteBufBE)
GET /session/9d505292-1662-4e03-b7da-959f22fa1c1e/element/f.09BF641F5805ED6A5007B9E87D61469D.d.777EDFA98D7557D72B5B8D92AD5D4E58.e.719/text HTTP/1.1
Cache-Control: no-cache
User-Agent: appium/8.3.0 (selenium/4.8.3 (java mac))
Content-Type: application/json; charset=utf-8
host: 127.0.0.1:4723
accept: */*

Response DefaultHttpResponse(decodeResult: success, version: HTTP/1.1)
HTTP/1.1 200 OK
X-Powered-By: Express
Content-Type: application/json; charset=utf-8
Content-Length: 21
ETag: W/"15-38DdiqV+AykPlq7LNk5u1vDjH44"
Date: Sun, 06 Apr 2025 13:54:47 GMT
Connection: keep-alive
Keep-Alive: timeout=600

21:54:47.949 [AsyncHttpClient-1-2] DEBUG org.asynchttpclient.netty.channel.ChannelManager -- Adding key: http://127.0.0.1:4723 for channel [id: 0xd850032e, L:/127.0.0.1:49363 - R:/127.0.0.1:4723]
21:54:47.950 [Forwarding getElementText on session 9d505292-1662-4e03-b7da-959f22fa1c1e to remote] DEBUG org.asynchttpclient.netty.request.NettyRequestSender -- Using pooled Channel '[id: 0xd850032e, L:/127.0.0.1:49363 - R:/127.0.0.1:4723]' for 'GET' to 'http://127.0.0.1:4723/session/9d505292-1662-4e03-b7da-959f22fa1c1e/element/f.09BF641F5805ED6A5007B9E87D61469D.d.777EDFA98D7557D72B5B8D92AD5D4E58.e.721/text'
21:54:47.950 [Forwarding getElementText on session 9d505292-1662-4e03-b7da-959f22fa1c1e to remote] DEBUG org.asynchttpclient.netty.request.NettyRequestSender -- Using open Channel [id: 0xd850032e, L:/127.0.0.1:49363 - R:/127.0.0.1:4723] for GET '/session/9d505292-1662-4e03-b7da-959f22fa1c1e/element/f.09BF641F5805ED6A5007B9E87D61469D.d.777EDFA98D7557D72B5B8D92AD5D4E58.e.721/text'
21:54:47.970 [AsyncHttpClient-1-2] DEBUG org.asynchttpclient.netty.handler.HttpHandler -- 

Request DefaultFullHttpRequest(decodeResult: success, version: HTTP/1.1, content: EmptyByteBufBE)
GET /session/9d505292-1662-4e03-b7da-959f22fa1c1e/element/f.09BF641F5805ED6A5007B9E87D61469D.d.777EDFA98D7557D72B5B8D92AD5D4E58.e.721/text HTTP/1.1
Cache-Control: no-cache
User-Agent: appium/8.3.0 (selenium/4.8.3 (java mac))
Content-Type: application/json; charset=utf-8
host: 127.0.0.1:4723
accept: */*

Response DefaultHttpResponse(decodeResult: success, version: HTTP/1.1)
HTTP/1.1 200 OK
X-Powered-By: Express
Content-Type: application/json; charset=utf-8
Content-Length: 21
ETag: W/"15-gsvATsCg68tKALH8+gp2BVXkbzs"
Date: Sun, 06 Apr 2025 13:54:47 GMT
Connection: keep-alive
Keep-Alive: timeout=600

21:54:47.970 [AsyncHttpClient-1-2] DEBUG org.asynchttpclient.netty.channel.ChannelManager -- Adding key: http://127.0.0.1:4723 for channel [id: 0xd850032e, L:/127.0.0.1:49363 - R:/127.0.0.1:4723]
21:54:47.971 [Forwarding getElementText on session 9d505292-1662-4e03-b7da-959f22fa1c1e to remote] DEBUG org.asynchttpclient.netty.request.NettyRequestSender -- Using pooled Channel '[id: 0xd850032e, L:/127.0.0.1:49363 - R:/127.0.0.1:4723]' for 'GET' to 'http://127.0.0.1:4723/session/9d505292-1662-4e03-b7da-959f22fa1c1e/element/f.09BF641F5805ED6A5007B9E87D61469D.d.777EDFA98D7557D72B5B8D92AD5D4E58.e.723/text'
21:54:47.971 [Forwarding getElementText on session 9d505292-1662-4e03-b7da-959f22fa1c1e to remote] DEBUG org.asynchttpclient.netty.request.NettyRequestSender -- Using open Channel [id: 0xd850032e, L:/127.0.0.1:49363 - R:/127.0.0.1:4723] for GET '/session/9d505292-1662-4e03-b7da-959f22fa1c1e/element/f.09BF641F5805ED6A5007B9E87D61469D.d.777EDFA98D7557D72B5B8D92AD5D4E58.e.723/text'
21:54:47.991 [AsyncHttpClient-1-2] DEBUG org.asynchttpclient.netty.handler.HttpHandler -- 

Request DefaultFullHttpRequest(decodeResult: success, version: HTTP/1.1, content: EmptyByteBufBE)
GET /session/9d505292-1662-4e03-b7da-959f22fa1c1e/element/f.09BF641F5805ED6A5007B9E87D61469D.d.777EDFA98D7557D72B5B8D92AD5D4E58.e.723/text HTTP/1.1
Cache-Control: no-cache
User-Agent: appium/8.3.0 (selenium/4.8.3 (java mac))
Content-Type: application/json; charset=utf-8
host: 127.0.0.1:4723
accept: */*

Response DefaultHttpResponse(decodeResult: success, version: HTTP/1.1)
HTTP/1.1 200 OK
X-Powered-By: Express
Content-Type: application/json; charset=utf-8
Content-Length: 21
ETag: W/"15-qqV1AhLUH34cnKX0sZNrLUKnyaQ"
Date: Sun, 06 Apr 2025 13:54:47 GMT
Connection: keep-alive
Keep-Alive: timeout=600

21:54:47.991 [AsyncHttpClient-1-2] DEBUG org.asynchttpclient.netty.channel.ChannelManager -- Adding key: http://127.0.0.1:4723 for channel [id: 0xd850032e, L:/127.0.0.1:49363 - R:/127.0.0.1:4723]
21:54:47.992 [Forwarding getElementText on session 9d505292-1662-4e03-b7da-959f22fa1c1e to remote] DEBUG org.asynchttpclient.netty.request.NettyRequestSender -- Using pooled Channel '[id: 0xd850032e, L:/127.0.0.1:49363 - R:/127.0.0.1:4723]' for 'GET' to 'http://127.0.0.1:4723/session/9d505292-1662-4e03-b7da-959f22fa1c1e/element/f.09BF641F5805ED6A5007B9E87D61469D.d.777EDFA98D7557D72B5B8D92AD5D4E58.e.725/text'
21:54:47.992 [Forwarding getElementText on session 9d505292-1662-4e03-b7da-959f22fa1c1e to remote] DEBUG org.asynchttpclient.netty.request.NettyRequestSender -- Using open Channel [id: 0xd850032e, L:/127.0.0.1:49363 - R:/127.0.0.1:4723] for GET '/session/9d505292-1662-4e03-b7da-959f22fa1c1e/element/f.09BF641F5805ED6A5007B9E87D61469D.d.777EDFA98D7557D72B5B8D92AD5D4E58.e.725/text'
21:54:48.011 [AsyncHttpClient-1-2] DEBUG org.asynchttpclient.netty.handler.HttpHandler -- 

Request DefaultFullHttpRequest(decodeResult: success, version: HTTP/1.1, content: EmptyByteBufBE)
GET /session/9d505292-1662-4e03-b7da-959f22fa1c1e/element/f.09BF641F5805ED6A5007B9E87D61469D.d.777EDFA98D7557D72B5B8D92AD5D4E58.e.725/text HTTP/1.1
Cache-Control: no-cache
User-Agent: appium/8.3.0 (selenium/4.8.3 (java mac))
Content-Type: application/json; charset=utf-8
host: 127.0.0.1:4723
accept: */*

Response DefaultHttpResponse(decodeResult: success, version: HTTP/1.1)
HTTP/1.1 200 OK
X-Powered-By: Express
Content-Type: application/json; charset=utf-8
Content-Length: 21
ETag: W/"15-dVtsSz3Sb1FQ4x7APo1W1cix6MM"
Date: Sun, 06 Apr 2025 13:54:48 GMT
Connection: keep-alive
Keep-Alive: timeout=600

21:54:48.011 [AsyncHttpClient-1-2] DEBUG org.asynchttpclient.netty.channel.ChannelManager -- Adding key: http://127.0.0.1:4723 for channel [id: 0xd850032e, L:/127.0.0.1:49363 - R:/127.0.0.1:4723]
21:54:48.012 [Forwarding getElementText on session 9d505292-1662-4e03-b7da-959f22fa1c1e to remote] DEBUG org.asynchttpclient.netty.request.NettyRequestSender -- Using pooled Channel '[id: 0xd850032e, L:/127.0.0.1:49363 - R:/127.0.0.1:4723]' for 'GET' to 'http://127.0.0.1:4723/session/9d505292-1662-4e03-b7da-959f22fa1c1e/element/f.09BF641F5805ED6A5007B9E87D61469D.d.777EDFA98D7557D72B5B8D92AD5D4E58.e.727/text'
21:54:48.012 [Forwarding getElementText on session 9d505292-1662-4e03-b7da-959f22fa1c1e to remote] DEBUG org.asynchttpclient.netty.request.NettyRequestSender -- Using open Channel [id: 0xd850032e, L:/127.0.0.1:49363 - R:/127.0.0.1:4723] for GET '/session/9d505292-1662-4e03-b7da-959f22fa1c1e/element/f.09BF641F5805ED6A5007B9E87D61469D.d.777EDFA98D7557D72B5B8D92AD5D4E58.e.727/text'
21:54:48.033 [AsyncHttpClient-1-2] DEBUG org.asynchttpclient.netty.handler.HttpHandler -- 

Request DefaultFullHttpRequest(decodeResult: success, version: HTTP/1.1, content: EmptyByteBufBE)
GET /session/9d505292-1662-4e03-b7da-959f22fa1c1e/element/f.09BF641F5805ED6A5007B9E87D61469D.d.777EDFA98D7557D72B5B8D92AD5D4E58.e.727/text HTTP/1.1
Cache-Control: no-cache
User-Agent: appium/8.3.0 (selenium/4.8.3 (java mac))
Content-Type: application/json; charset=utf-8
host: 127.0.0.1:4723
accept: */*

Response DefaultHttpResponse(decodeResult: success, version: HTTP/1.1)
HTTP/1.1 200 OK
X-Powered-By: Express
Content-Type: application/json; charset=utf-8
Content-Length: 21
ETag: W/"15-CvxGZJ+FU2ewyAM8+PmVP2wPRRs"
Date: Sun, 06 Apr 2025 13:54:48 GMT
Connection: keep-alive
Keep-Alive: timeout=600

21:54:48.033 [AsyncHttpClient-1-2] DEBUG org.asynchttpclient.netty.channel.ChannelManager -- Adding key: http://127.0.0.1:4723 for channel [id: 0xd850032e, L:/127.0.0.1:49363 - R:/127.0.0.1:4723]
21:54:48.034 [Forwarding getElementText on session 9d505292-1662-4e03-b7da-959f22fa1c1e to remote] DEBUG org.asynchttpclient.netty.request.NettyRequestSender -- Using pooled Channel '[id: 0xd850032e, L:/127.0.0.1:49363 - R:/127.0.0.1:4723]' for 'GET' to 'http://127.0.0.1:4723/session/9d505292-1662-4e03-b7da-959f22fa1c1e/element/f.09BF641F5805ED6A5007B9E87D61469D.d.777EDFA98D7557D72B5B8D92AD5D4E58.e.729/text'
21:54:48.034 [Forwarding getElementText on session 9d505292-1662-4e03-b7da-959f22fa1c1e to remote] DEBUG org.asynchttpclient.netty.request.NettyRequestSender -- Using open Channel [id: 0xd850032e, L:/127.0.0.1:49363 - R:/127.0.0.1:4723] for GET '/session/9d505292-1662-4e03-b7da-959f22fa1c1e/element/f.09BF641F5805ED6A5007B9E87D61469D.d.777EDFA98D7557D72B5B8D92AD5D4E58.e.729/text'
21:54:48.054 [AsyncHttpClient-1-2] DEBUG org.asynchttpclient.netty.handler.HttpHandler -- 

Request DefaultFullHttpRequest(decodeResult: success, version: HTTP/1.1, content: EmptyByteBufBE)
GET /session/9d505292-1662-4e03-b7da-959f22fa1c1e/element/f.09BF641F5805ED6A5007B9E87D61469D.d.777EDFA98D7557D72B5B8D92AD5D4E58.e.729/text HTTP/1.1
Cache-Control: no-cache
User-Agent: appium/8.3.0 (selenium/4.8.3 (java mac))
Content-Type: application/json; charset=utf-8
host: 127.0.0.1:4723
accept: */*

Response DefaultHttpResponse(decodeResult: success, version: HTTP/1.1)
HTTP/1.1 200 OK
X-Powered-By: Express
Content-Type: application/json; charset=utf-8
Content-Length: 21
ETag: W/"15-iRsmKhcF/2FWdGtt+JJCHcctryY"
Date: Sun, 06 Apr 2025 13:54:48 GMT
Connection: keep-alive
Keep-Alive: timeout=600

21:54:48.054 [AsyncHttpClient-1-2] DEBUG org.asynchttpclient.netty.channel.ChannelManager -- Adding key: http://127.0.0.1:4723 for channel [id: 0xd850032e, L:/127.0.0.1:49363 - R:/127.0.0.1:4723]
21:54:48.054 [Forwarding getElementText on session 9d505292-1662-4e03-b7da-959f22fa1c1e to remote] DEBUG org.asynchttpclient.netty.request.NettyRequestSender -- Using pooled Channel '[id: 0xd850032e, L:/127.0.0.1:49363 - R:/127.0.0.1:4723]' for 'GET' to 'http://127.0.0.1:4723/session/9d505292-1662-4e03-b7da-959f22fa1c1e/element/f.09BF641F5805ED6A5007B9E87D61469D.d.777EDFA98D7557D72B5B8D92AD5D4E58.e.731/text'
21:54:48.054 [Forwarding getElementText on session 9d505292-1662-4e03-b7da-959f22fa1c1e to remote] DEBUG org.asynchttpclient.netty.request.NettyRequestSender -- Using open Channel [id: 0xd850032e, L:/127.0.0.1:49363 - R:/127.0.0.1:4723] for GET '/session/9d505292-1662-4e03-b7da-959f22fa1c1e/element/f.09BF641F5805ED6A5007B9E87D61469D.d.777EDFA98D7557D72B5B8D92AD5D4E58.e.731/text'
21:54:48.072 [AsyncHttpClient-1-2] DEBUG org.asynchttpclient.netty.handler.HttpHandler -- 

Request DefaultFullHttpRequest(decodeResult: success, version: HTTP/1.1, content: EmptyByteBufBE)
GET /session/9d505292-1662-4e03-b7da-959f22fa1c1e/element/f.09BF641F5805ED6A5007B9E87D61469D.d.777EDFA98D7557D72B5B8D92AD5D4E58.e.731/text HTTP/1.1
Cache-Control: no-cache
User-Agent: appium/8.3.0 (selenium/4.8.3 (java mac))
Content-Type: application/json; charset=utf-8
host: 127.0.0.1:4723
accept: */*

Response DefaultHttpResponse(decodeResult: success, version: HTTP/1.1)
HTTP/1.1 200 OK
X-Powered-By: Express
Content-Type: application/json; charset=utf-8
Content-Length: 21
ETag: W/"15-HOkYKNPn4VHA2vJjAxf2tiWlH4M"
Date: Sun, 06 Apr 2025 13:54:48 GMT
Connection: keep-alive
Keep-Alive: timeout=600

21:54:48.072 [AsyncHttpClient-1-2] DEBUG org.asynchttpclient.netty.channel.ChannelManager -- Adding key: http://127.0.0.1:4723 for channel [id: 0xd850032e, L:/127.0.0.1:49363 - R:/127.0.0.1:4723]
21:54:48.072 [Forwarding getElementText on session 9d505292-1662-4e03-b7da-959f22fa1c1e to remote] DEBUG org.asynchttpclient.netty.request.NettyRequestSender -- Using pooled Channel '[id: 0xd850032e, L:/127.0.0.1:49363 - R:/127.0.0.1:4723]' for 'GET' to 'http://127.0.0.1:4723/session/9d505292-1662-4e03-b7da-959f22fa1c1e/element/f.09BF641F5805ED6A5007B9E87D61469D.d.777EDFA98D7557D72B5B8D92AD5D4E58.e.733/text'
21:54:48.072 [Forwarding getElementText on session 9d505292-1662-4e03-b7da-959f22fa1c1e to remote] DEBUG org.asynchttpclient.netty.request.NettyRequestSender -- Using open Channel [id: 0xd850032e, L:/127.0.0.1:49363 - R:/127.0.0.1:4723] for GET '/session/9d505292-1662-4e03-b7da-959f22fa1c1e/element/f.09BF641F5805ED6A5007B9E87D61469D.d.777EDFA98D7557D72B5B8D92AD5D4E58.e.733/text'
21:54:48.091 [AsyncHttpClient-1-2] DEBUG org.asynchttpclient.netty.handler.HttpHandler -- 

Request DefaultFullHttpRequest(decodeResult: success, version: HTTP/1.1, content: EmptyByteBufBE)
GET /session/9d505292-1662-4e03-b7da-959f22fa1c1e/element/f.09BF641F5805ED6A5007B9E87D61469D.d.777EDFA98D7557D72B5B8D92AD5D4E58.e.733/text HTTP/1.1
Cache-Control: no-cache
User-Agent: appium/8.3.0 (selenium/4.8.3 (java mac))
Content-Type: application/json; charset=utf-8
host: 127.0.0.1:4723
accept: */*

Response DefaultHttpResponse(decodeResult: success, version: HTTP/1.1)
HTTP/1.1 200 OK
X-Powered-By: Express
Content-Type: application/json; charset=utf-8
Content-Length: 21
ETag: W/"15-D6VFaueBXw4h+C1LHUD2H2WzQUI"
Date: Sun, 06 Apr 2025 13:54:48 GMT
Connection: keep-alive
Keep-Alive: timeout=600

21:54:48.091 [AsyncHttpClient-1-2] DEBUG org.asynchttpclient.netty.channel.ChannelManager -- Adding key: http://127.0.0.1:4723 for channel [id: 0xd850032e, L:/127.0.0.1:49363 - R:/127.0.0.1:4723]
21:54:48.092 [Forwarding getElementText on session 9d505292-1662-4e03-b7da-959f22fa1c1e to remote] DEBUG org.asynchttpclient.netty.request.NettyRequestSender -- Using pooled Channel '[id: 0xd850032e, L:/127.0.0.1:49363 - R:/127.0.0.1:4723]' for 'GET' to 'http://127.0.0.1:4723/session/9d505292-1662-4e03-b7da-959f22fa1c1e/element/f.09BF641F5805ED6A5007B9E87D61469D.d.777EDFA98D7557D72B5B8D92AD5D4E58.e.735/text'
21:54:48.092 [Forwarding getElementText on session 9d505292-1662-4e03-b7da-959f22fa1c1e to remote] DEBUG org.asynchttpclient.netty.request.NettyRequestSender -- Using open Channel [id: 0xd850032e, L:/127.0.0.1:49363 - R:/127.0.0.1:4723] for GET '/session/9d505292-1662-4e03-b7da-959f22fa1c1e/element/f.09BF641F5805ED6A5007B9E87D61469D.d.777EDFA98D7557D72B5B8D92AD5D4E58.e.735/text'
21:54:48.108 [AsyncHttpClient-1-2] DEBUG org.asynchttpclient.netty.handler.HttpHandler -- 

Request DefaultFullHttpRequest(decodeResult: success, version: HTTP/1.1, content: EmptyByteBufBE)
GET /session/9d505292-1662-4e03-b7da-959f22fa1c1e/element/f.09BF641F5805ED6A5007B9E87D61469D.d.777EDFA98D7557D72B5B8D92AD5D4E58.e.735/text HTTP/1.1
Cache-Control: no-cache
User-Agent: appium/8.3.0 (selenium/4.8.3 (java mac))
Content-Type: application/json; charset=utf-8
host: 127.0.0.1:4723
accept: */*

Response DefaultHttpResponse(decodeResult: success, version: HTTP/1.1)
HTTP/1.1 200 OK
X-Powered-By: Express
Content-Type: application/json; charset=utf-8
Content-Length: 21
ETag: W/"15-2jsE2UdEeiCvllmqIqq2VwAD8PQ"
Date: Sun, 06 Apr 2025 13:54:48 GMT
Connection: keep-alive
Keep-Alive: timeout=600

21:54:48.108 [AsyncHttpClient-1-2] DEBUG org.asynchttpclient.netty.channel.ChannelManager -- Adding key: http://127.0.0.1:4723 for channel [id: 0xd850032e, L:/127.0.0.1:49363 - R:/127.0.0.1:4723]
21:54:48.108 [Forwarding getElementText on session 9d505292-1662-4e03-b7da-959f22fa1c1e to remote] DEBUG org.asynchttpclient.netty.request.NettyRequestSender -- Using pooled Channel '[id: 0xd850032e, L:/127.0.0.1:49363 - R:/127.0.0.1:4723]' for 'GET' to 'http://127.0.0.1:4723/session/9d505292-1662-4e03-b7da-959f22fa1c1e/element/f.09BF641F5805ED6A5007B9E87D61469D.d.777EDFA98D7557D72B5B8D92AD5D4E58.e.737/text'
21:54:48.108 [Forwarding getElementText on session 9d505292-1662-4e03-b7da-959f22fa1c1e to remote] DEBUG org.asynchttpclient.netty.request.NettyRequestSender -- Using open Channel [id: 0xd850032e, L:/127.0.0.1:49363 - R:/127.0.0.1:4723] for GET '/session/9d505292-1662-4e03-b7da-959f22fa1c1e/element/f.09BF641F5805ED6A5007B9E87D61469D.d.777EDFA98D7557D72B5B8D92AD5D4E58.e.737/text'
21:54:48.127 [AsyncHttpClient-1-2] DEBUG org.asynchttpclient.netty.handler.HttpHandler -- 

Request DefaultFullHttpRequest(decodeResult: success, version: HTTP/1.1, content: EmptyByteBufBE)
GET /session/9d505292-1662-4e03-b7da-959f22fa1c1e/element/f.09BF641F5805ED6A5007B9E87D61469D.d.777EDFA98D7557D72B5B8D92AD5D4E58.e.737/text HTTP/1.1
Cache-Control: no-cache
User-Agent: appium/8.3.0 (selenium/4.8.3 (java mac))
Content-Type: application/json; charset=utf-8
host: 127.0.0.1:4723
accept: */*

Response DefaultHttpResponse(decodeResult: success, version: HTTP/1.1)
HTTP/1.1 200 OK
X-Powered-By: Express
Content-Type: application/json; charset=utf-8
Content-Length: 21
ETag: W/"15-bJeJ0Vx+elx0+Me2qmrHz6tUvaA"
Date: Sun, 06 Apr 2025 13:54:48 GMT
Connection: keep-alive
Keep-Alive: timeout=600

21:54:48.127 [AsyncHttpClient-1-2] DEBUG org.asynchttpclient.netty.channel.ChannelManager -- Adding key: http://127.0.0.1:4723 for channel [id: 0xd850032e, L:/127.0.0.1:49363 - R:/127.0.0.1:4723]
21:54:48.127 [Forwarding getElementText on session 9d505292-1662-4e03-b7da-959f22fa1c1e to remote] DEBUG org.asynchttpclient.netty.request.NettyRequestSender -- Using pooled Channel '[id: 0xd850032e, L:/127.0.0.1:49363 - R:/127.0.0.1:4723]' for 'GET' to 'http://127.0.0.1:4723/session/9d505292-1662-4e03-b7da-959f22fa1c1e/element/f.09BF641F5805ED6A5007B9E87D61469D.d.777EDFA98D7557D72B5B8D92AD5D4E58.e.739/text'
21:54:48.127 [Forwarding getElementText on session 9d505292-1662-4e03-b7da-959f22fa1c1e to remote] DEBUG org.asynchttpclient.netty.request.NettyRequestSender -- Using open Channel [id: 0xd850032e, L:/127.0.0.1:49363 - R:/127.0.0.1:4723] for GET '/session/9d505292-1662-4e03-b7da-959f22fa1c1e/element/f.09BF641F5805ED6A5007B9E87D61469D.d.777EDFA98D7557D72B5B8D92AD5D4E58.e.739/text'
21:54:48.145 [AsyncHttpClient-1-2] DEBUG org.asynchttpclient.netty.handler.HttpHandler -- 

Request DefaultFullHttpRequest(decodeResult: success, version: HTTP/1.1, content: EmptyByteBufBE)
GET /session/9d505292-1662-4e03-b7da-959f22fa1c1e/element/f.09BF641F5805ED6A5007B9E87D61469D.d.777EDFA98D7557D72B5B8D92AD5D4E58.e.739/text HTTP/1.1
Cache-Control: no-cache
User-Agent: appium/8.3.0 (selenium/4.8.3 (java mac))
Content-Type: application/json; charset=utf-8
host: 127.0.0.1:4723
accept: */*

Response DefaultHttpResponse(decodeResult: success, version: HTTP/1.1)
HTTP/1.1 200 OK
X-Powered-By: Express
Content-Type: application/json; charset=utf-8
Content-Length: 21
ETag: W/"15-MQ5QdMyiMK+5geKneKxrgT7eyoM"
Date: Sun, 06 Apr 2025 13:54:48 GMT
Connection: keep-alive
Keep-Alive: timeout=600

21:54:48.145 [AsyncHttpClient-1-2] DEBUG org.asynchttpclient.netty.channel.ChannelManager -- Adding key: http://127.0.0.1:4723 for channel [id: 0xd850032e, L:/127.0.0.1:49363 - R:/127.0.0.1:4723]
21:54:48.145 [Forwarding getElementText on session 9d505292-1662-4e03-b7da-959f22fa1c1e to remote] DEBUG org.asynchttpclient.netty.request.NettyRequestSender -- Using pooled Channel '[id: 0xd850032e, L:/127.0.0.1:49363 - R:/127.0.0.1:4723]' for 'GET' to 'http://127.0.0.1:4723/session/9d505292-1662-4e03-b7da-959f22fa1c1e/element/f.09BF641F5805ED6A5007B9E87D61469D.d.777EDFA98D7557D72B5B8D92AD5D4E58.e.741/text'
21:54:48.145 [Forwarding getElementText on session 9d505292-1662-4e03-b7da-959f22fa1c1e to remote] DEBUG org.asynchttpclient.netty.request.NettyRequestSender -- Using open Channel [id: 0xd850032e, L:/127.0.0.1:49363 - R:/127.0.0.1:4723] for GET '/session/9d505292-1662-4e03-b7da-959f22fa1c1e/element/f.09BF641F5805ED6A5007B9E87D61469D.d.777EDFA98D7557D72B5B8D92AD5D4E58.e.741/text'
21:54:48.164 [AsyncHttpClient-1-2] DEBUG org.asynchttpclient.netty.handler.HttpHandler -- 

Request DefaultFullHttpRequest(decodeResult: success, version: HTTP/1.1, content: EmptyByteBufBE)
GET /session/9d505292-1662-4e03-b7da-959f22fa1c1e/element/f.09BF641F5805ED6A5007B9E87D61469D.d.777EDFA98D7557D72B5B8D92AD5D4E58.e.741/text HTTP/1.1
Cache-Control: no-cache
User-Agent: appium/8.3.0 (selenium/4.8.3 (java mac))
Content-Type: application/json; charset=utf-8
host: 127.0.0.1:4723
accept: */*

Response DefaultHttpResponse(decodeResult: success, version: HTTP/1.1)
HTTP/1.1 200 OK
X-Powered-By: Express
Content-Type: application/json; charset=utf-8
Content-Length: 21
ETag: W/"15-Q0+2ts+90X1S6++uzs45lphSNIg"
Date: Sun, 06 Apr 2025 13:54:48 GMT
Connection: keep-alive
Keep-Alive: timeout=600

21:54:48.164 [AsyncHttpClient-1-2] DEBUG org.asynchttpclient.netty.channel.ChannelManager -- Adding key: http://127.0.0.1:4723 for channel [id: 0xd850032e, L:/127.0.0.1:49363 - R:/127.0.0.1:4723]
21:54:48.164 [Forwarding getElementText on session 9d505292-1662-4e03-b7da-959f22fa1c1e to remote] DEBUG org.asynchttpclient.netty.request.NettyRequestSender -- Using pooled Channel '[id: 0xd850032e, L:/127.0.0.1:49363 - R:/127.0.0.1:4723]' for 'GET' to 'http://127.0.0.1:4723/session/9d505292-1662-4e03-b7da-959f22fa1c1e/element/f.09BF641F5805ED6A5007B9E87D61469D.d.777EDFA98D7557D72B5B8D92AD5D4E58.e.743/text'
21:54:48.164 [Forwarding getElementText on session 9d505292-1662-4e03-b7da-959f22fa1c1e to remote] DEBUG org.asynchttpclient.netty.request.NettyRequestSender -- Using open Channel [id: 0xd850032e, L:/127.0.0.1:49363 - R:/127.0.0.1:4723] for GET '/session/9d505292-1662-4e03-b7da-959f22fa1c1e/element/f.09BF641F5805ED6A5007B9E87D61469D.d.777EDFA98D7557D72B5B8D92AD5D4E58.e.743/text'
21:54:48.187 [AsyncHttpClient-1-2] DEBUG org.asynchttpclient.netty.handler.HttpHandler -- 

Request DefaultFullHttpRequest(decodeResult: success, version: HTTP/1.1, content: EmptyByteBufBE)
GET /session/9d505292-1662-4e03-b7da-959f22fa1c1e/element/f.09BF641F5805ED6A5007B9E87D61469D.d.777EDFA98D7557D72B5B8D92AD5D4E58.e.743/text HTTP/1.1
Cache-Control: no-cache
User-Agent: appium/8.3.0 (selenium/4.8.3 (java mac))
Content-Type: application/json; charset=utf-8
host: 127.0.0.1:4723
accept: */*

Response DefaultHttpResponse(decodeResult: success, version: HTTP/1.1)
HTTP/1.1 200 OK
X-Powered-By: Express
Content-Type: application/json; charset=utf-8
Content-Length: 21
ETag: W/"15-KfWJgXv/jupH583u72XTv957WR4"
Date: Sun, 06 Apr 2025 13:54:48 GMT
Connection: keep-alive
Keep-Alive: timeout=600

21:54:48.187 [AsyncHttpClient-1-2] DEBUG org.asynchttpclient.netty.channel.ChannelManager -- Adding key: http://127.0.0.1:4723 for channel [id: 0xd850032e, L:/127.0.0.1:49363 - R:/127.0.0.1:4723]
21:54:48.187 [Forwarding getElementText on session 9d505292-1662-4e03-b7da-959f22fa1c1e to remote] DEBUG org.asynchttpclient.netty.request.NettyRequestSender -- Using pooled Channel '[id: 0xd850032e, L:/127.0.0.1:49363 - R:/127.0.0.1:4723]' for 'GET' to 'http://127.0.0.1:4723/session/9d505292-1662-4e03-b7da-959f22fa1c1e/element/f.09BF641F5805ED6A5007B9E87D61469D.d.777EDFA98D7557D72B5B8D92AD5D4E58.e.745/text'
21:54:48.187 [Forwarding getElementText on session 9d505292-1662-4e03-b7da-959f22fa1c1e to remote] DEBUG org.asynchttpclient.netty.request.NettyRequestSender -- Using open Channel [id: 0xd850032e, L:/127.0.0.1:49363 - R:/127.0.0.1:4723] for GET '/session/9d505292-1662-4e03-b7da-959f22fa1c1e/element/f.09BF641F5805ED6A5007B9E87D61469D.d.777EDFA98D7557D72B5B8D92AD5D4E58.e.745/text'
21:54:48.208 [AsyncHttpClient-1-2] DEBUG org.asynchttpclient.netty.handler.HttpHandler -- 

Request DefaultFullHttpRequest(decodeResult: success, version: HTTP/1.1, content: EmptyByteBufBE)
GET /session/9d505292-1662-4e03-b7da-959f22fa1c1e/element/f.09BF641F5805ED6A5007B9E87D61469D.d.777EDFA98D7557D72B5B8D92AD5D4E58.e.745/text HTTP/1.1
Cache-Control: no-cache
User-Agent: appium/8.3.0 (selenium/4.8.3 (java mac))
Content-Type: application/json; charset=utf-8
host: 127.0.0.1:4723
accept: */*

Response DefaultHttpResponse(decodeResult: success, version: HTTP/1.1)
HTTP/1.1 200 OK
X-Powered-By: Express
Content-Type: application/json; charset=utf-8
Content-Length: 21
ETag: W/"15-GMtRqz7zL1LrY36iMUK0WIT0rek"
Date: Sun, 06 Apr 2025 13:54:48 GMT
Connection: keep-alive
Keep-Alive: timeout=600

21:54:48.208 [AsyncHttpClient-1-2] DEBUG org.asynchttpclient.netty.channel.ChannelManager -- Adding key: http://127.0.0.1:4723 for channel [id: 0xd850032e, L:/127.0.0.1:49363 - R:/127.0.0.1:4723]
21:54:48.208 [Forwarding getElementText on session 9d505292-1662-4e03-b7da-959f22fa1c1e to remote] DEBUG org.asynchttpclient.netty.request.NettyRequestSender -- Using pooled Channel '[id: 0xd850032e, L:/127.0.0.1:49363 - R:/127.0.0.1:4723]' for 'GET' to 'http://127.0.0.1:4723/session/9d505292-1662-4e03-b7da-959f22fa1c1e/element/f.09BF641F5805ED6A5007B9E87D61469D.d.777EDFA98D7557D72B5B8D92AD5D4E58.e.747/text'
21:54:48.208 [Forwarding getElementText on session 9d505292-1662-4e03-b7da-959f22fa1c1e to remote] DEBUG org.asynchttpclient.netty.request.NettyRequestSender -- Using open Channel [id: 0xd850032e, L:/127.0.0.1:49363 - R:/127.0.0.1:4723] for GET '/session/9d505292-1662-4e03-b7da-959f22fa1c1e/element/f.09BF641F5805ED6A5007B9E87D61469D.d.777EDFA98D7557D72B5B8D92AD5D4E58.e.747/text'
21:54:48.226 [AsyncHttpClient-1-2] DEBUG org.asynchttpclient.netty.handler.HttpHandler -- 

Request DefaultFullHttpRequest(decodeResult: success, version: HTTP/1.1, content: EmptyByteBufBE)
GET /session/9d505292-1662-4e03-b7da-959f22fa1c1e/element/f.09BF641F5805ED6A5007B9E87D61469D.d.777EDFA98D7557D72B5B8D92AD5D4E58.e.747/text HTTP/1.1
Cache-Control: no-cache
User-Agent: appium/8.3.0 (selenium/4.8.3 (java mac))
Content-Type: application/json; charset=utf-8
host: 127.0.0.1:4723
accept: */*

Response DefaultHttpResponse(decodeResult: success, version: HTTP/1.1)
HTTP/1.1 200 OK
X-Powered-By: Express
Content-Type: application/json; charset=utf-8
Content-Length: 21
ETag: W/"15-H8d6D5NebtNfwWZ7Ja/sapX7sB4"
Date: Sun, 06 Apr 2025 13:54:48 GMT
Connection: keep-alive
Keep-Alive: timeout=600

21:54:48.226 [AsyncHttpClient-1-2] DEBUG org.asynchttpclient.netty.channel.ChannelManager -- Adding key: http://127.0.0.1:4723 for channel [id: 0xd850032e, L:/127.0.0.1:49363 - R:/127.0.0.1:4723]
21:54:48.227 [Forwarding getElementText on session 9d505292-1662-4e03-b7da-959f22fa1c1e to remote] DEBUG org.asynchttpclient.netty.request.NettyRequestSender -- Using pooled Channel '[id: 0xd850032e, L:/127.0.0.1:49363 - R:/127.0.0.1:4723]' for 'GET' to 'http://127.0.0.1:4723/session/9d505292-1662-4e03-b7da-959f22fa1c1e/element/f.09BF641F5805ED6A5007B9E87D61469D.d.777EDFA98D7557D72B5B8D92AD5D4E58.e.749/text'
21:54:48.227 [Forwarding getElementText on session 9d505292-1662-4e03-b7da-959f22fa1c1e to remote] DEBUG org.asynchttpclient.netty.request.NettyRequestSender -- Using open Channel [id: 0xd850032e, L:/127.0.0.1:49363 - R:/127.0.0.1:4723] for GET '/session/9d505292-1662-4e03-b7da-959f22fa1c1e/element/f.09BF641F5805ED6A5007B9E87D61469D.d.777EDFA98D7557D72B5B8D92AD5D4E58.e.749/text'
21:54:48.243 [AsyncHttpClient-1-2] DEBUG org.asynchttpclient.netty.handler.HttpHandler -- 

Request DefaultFullHttpRequest(decodeResult: success, version: HTTP/1.1, content: EmptyByteBufBE)
GET /session/9d505292-1662-4e03-b7da-959f22fa1c1e/element/f.09BF641F5805ED6A5007B9E87D61469D.d.777EDFA98D7557D72B5B8D92AD5D4E58.e.749/text HTTP/1.1
Cache-Control: no-cache
User-Agent: appium/8.3.0 (selenium/4.8.3 (java mac))
Content-Type: application/json; charset=utf-8
host: 127.0.0.1:4723
accept: */*

Response DefaultHttpResponse(decodeResult: success, version: HTTP/1.1)
HTTP/1.1 200 OK
X-Powered-By: Express
Content-Type: application/json; charset=utf-8
Content-Length: 21
ETag: W/"15-Icx2kABHRJDMjkcAJuO/ZL3P4cA"
Date: Sun, 06 Apr 2025 13:54:48 GMT
Connection: keep-alive
Keep-Alive: timeout=600

21:54:48.243 [AsyncHttpClient-1-2] DEBUG org.asynchttpclient.netty.channel.ChannelManager -- Adding key: http://127.0.0.1:4723 for channel [id: 0xd850032e, L:/127.0.0.1:49363 - R:/127.0.0.1:4723]
21:54:48.244 [Forwarding getElementText on session 9d505292-1662-4e03-b7da-959f22fa1c1e to remote] DEBUG org.asynchttpclient.netty.request.NettyRequestSender -- Using pooled Channel '[id: 0xd850032e, L:/127.0.0.1:49363 - R:/127.0.0.1:4723]' for 'GET' to 'http://127.0.0.1:4723/session/9d505292-1662-4e03-b7da-959f22fa1c1e/element/f.09BF641F5805ED6A5007B9E87D61469D.d.777EDFA98D7557D72B5B8D92AD5D4E58.e.751/text'
21:54:48.244 [Forwarding getElementText on session 9d505292-1662-4e03-b7da-959f22fa1c1e to remote] DEBUG org.asynchttpclient.netty.request.NettyRequestSender -- Using open Channel [id: 0xd850032e, L:/127.0.0.1:49363 - R:/127.0.0.1:4723] for GET '/session/9d505292-1662-4e03-b7da-959f22fa1c1e/element/f.09BF641F5805ED6A5007B9E87D61469D.d.777EDFA98D7557D72B5B8D92AD5D4E58.e.751/text'
21:54:48.262 [AsyncHttpClient-1-2] DEBUG org.asynchttpclient.netty.handler.HttpHandler -- 

Request DefaultFullHttpRequest(decodeResult: success, version: HTTP/1.1, content: EmptyByteBufBE)
GET /session/9d505292-1662-4e03-b7da-959f22fa1c1e/element/f.09BF641F5805ED6A5007B9E87D61469D.d.777EDFA98D7557D72B5B8D92AD5D4E58.e.751/text HTTP/1.1
Cache-Control: no-cache
User-Agent: appium/8.3.0 (selenium/4.8.3 (java mac))
Content-Type: application/json; charset=utf-8
host: 127.0.0.1:4723
accept: */*

Response DefaultHttpResponse(decodeResult: success, version: HTTP/1.1)
HTTP/1.1 200 OK
X-Powered-By: Express
Content-Type: application/json; charset=utf-8
Content-Length: 21
ETag: W/"15-H2b1sATeMM4DXfa5SkFbcVtcvoM"
Date: Sun, 06 Apr 2025 13:54:48 GMT
Connection: keep-alive
Keep-Alive: timeout=600

21:54:48.262 [AsyncHttpClient-1-2] DEBUG org.asynchttpclient.netty.channel.ChannelManager -- Adding key: http://127.0.0.1:4723 for channel [id: 0xd850032e, L:/127.0.0.1:49363 - R:/127.0.0.1:4723]
21:54:48.263 [Forwarding getElementText on session 9d505292-1662-4e03-b7da-959f22fa1c1e to remote] DEBUG org.asynchttpclient.netty.request.NettyRequestSender -- Using pooled Channel '[id: 0xd850032e, L:/127.0.0.1:49363 - R:/127.0.0.1:4723]' for 'GET' to 'http://127.0.0.1:4723/session/9d505292-1662-4e03-b7da-959f22fa1c1e/element/f.09BF641F5805ED6A5007B9E87D61469D.d.777EDFA98D7557D72B5B8D92AD5D4E58.e.753/text'
21:54:48.263 [Forwarding getElementText on session 9d505292-1662-4e03-b7da-959f22fa1c1e to remote] DEBUG org.asynchttpclient.netty.request.NettyRequestSender -- Using open Channel [id: 0xd850032e, L:/127.0.0.1:49363 - R:/127.0.0.1:4723] for GET '/session/9d505292-1662-4e03-b7da-959f22fa1c1e/element/f.09BF641F5805ED6A5007B9E87D61469D.d.777EDFA98D7557D72B5B8D92AD5D4E58.e.753/text'
21:54:48.282 [AsyncHttpClient-1-2] DEBUG org.asynchttpclient.netty.handler.HttpHandler -- 

Request DefaultFullHttpRequest(decodeResult: success, version: HTTP/1.1, content: EmptyByteBufBE)
GET /session/9d505292-1662-4e03-b7da-959f22fa1c1e/element/f.09BF641F5805ED6A5007B9E87D61469D.d.777EDFA98D7557D72B5B8D92AD5D4E58.e.753/text HTTP/1.1
Cache-Control: no-cache
User-Agent: appium/8.3.0 (selenium/4.8.3 (java mac))
Content-Type: application/json; charset=utf-8
host: 127.0.0.1:4723
accept: */*

Response DefaultHttpResponse(decodeResult: success, version: HTTP/1.1)
HTTP/1.1 200 OK
X-Powered-By: Express
Content-Type: application/json; charset=utf-8
Content-Length: 21
ETag: W/"15-aRmqnvLtZaapgsmMX6x+INm78Ns"
Date: Sun, 06 Apr 2025 13:54:48 GMT
Connection: keep-alive
Keep-Alive: timeout=600

21:54:48.283 [AsyncHttpClient-1-2] DEBUG org.asynchttpclient.netty.channel.ChannelManager -- Adding key: http://127.0.0.1:4723 for channel [id: 0xd850032e, L:/127.0.0.1:49363 - R:/127.0.0.1:4723]
21:54:48.283 [Forwarding getElementText on session 9d505292-1662-4e03-b7da-959f22fa1c1e to remote] DEBUG org.asynchttpclient.netty.request.NettyRequestSender -- Using pooled Channel '[id: 0xd850032e, L:/127.0.0.1:49363 - R:/127.0.0.1:4723]' for 'GET' to 'http://127.0.0.1:4723/session/9d505292-1662-4e03-b7da-959f22fa1c1e/element/f.09BF641F5805ED6A5007B9E87D61469D.d.777EDFA98D7557D72B5B8D92AD5D4E58.e.755/text'
21:54:48.283 [Forwarding getElementText on session 9d505292-1662-4e03-b7da-959f22fa1c1e to remote] DEBUG org.asynchttpclient.netty.request.NettyRequestSender -- Using open Channel [id: 0xd850032e, L:/127.0.0.1:49363 - R:/127.0.0.1:4723] for GET '/session/9d505292-1662-4e03-b7da-959f22fa1c1e/element/f.09BF641F5805ED6A5007B9E87D61469D.d.777EDFA98D7557D72B5B8D92AD5D4E58.e.755/text'
21:54:48.301 [AsyncHttpClient-1-2] DEBUG org.asynchttpclient.netty.handler.HttpHandler -- 

Request DefaultFullHttpRequest(decodeResult: success, version: HTTP/1.1, content: EmptyByteBufBE)
GET /session/9d505292-1662-4e03-b7da-959f22fa1c1e/element/f.09BF641F5805ED6A5007B9E87D61469D.d.777EDFA98D7557D72B5B8D92AD5D4E58.e.755/text HTTP/1.1
Cache-Control: no-cache
User-Agent: appium/8.3.0 (selenium/4.8.3 (java mac))
Content-Type: application/json; charset=utf-8
host: 127.0.0.1:4723
accept: */*

Response DefaultHttpResponse(decodeResult: success, version: HTTP/1.1)
HTTP/1.1 200 OK
X-Powered-By: Express
Content-Type: application/json; charset=utf-8
Content-Length: 21
ETag: W/"15-hQiKgfqc2NfrLvvDcIttqHDG5uY"
Date: Sun, 06 Apr 2025 13:54:48 GMT
Connection: keep-alive
Keep-Alive: timeout=600

21:54:48.301 [AsyncHttpClient-1-2] DEBUG org.asynchttpclient.netty.channel.ChannelManager -- Adding key: http://127.0.0.1:4723 for channel [id: 0xd850032e, L:/127.0.0.1:49363 - R:/127.0.0.1:4723]
21:54:48.301 [Forwarding getElementText on session 9d505292-1662-4e03-b7da-959f22fa1c1e to remote] DEBUG org.asynchttpclient.netty.request.NettyRequestSender -- Using pooled Channel '[id: 0xd850032e, L:/127.0.0.1:49363 - R:/127.0.0.1:4723]' for 'GET' to 'http://127.0.0.1:4723/session/9d505292-1662-4e03-b7da-959f22fa1c1e/element/f.09BF641F5805ED6A5007B9E87D61469D.d.777EDFA98D7557D72B5B8D92AD5D4E58.e.757/text'
21:54:48.302 [Forwarding getElementText on session 9d505292-1662-4e03-b7da-959f22fa1c1e to remote] DEBUG org.asynchttpclient.netty.request.NettyRequestSender -- Using open Channel [id: 0xd850032e, L:/127.0.0.1:49363 - R:/127.0.0.1:4723] for GET '/session/9d505292-1662-4e03-b7da-959f22fa1c1e/element/f.09BF641F5805ED6A5007B9E87D61469D.d.777EDFA98D7557D72B5B8D92AD5D4E58.e.757/text'
21:54:48.320 [AsyncHttpClient-1-2] DEBUG org.asynchttpclient.netty.handler.HttpHandler -- 

Request DefaultFullHttpRequest(decodeResult: success, version: HTTP/1.1, content: EmptyByteBufBE)
GET /session/9d505292-1662-4e03-b7da-959f22fa1c1e/element/f.09BF641F5805ED6A5007B9E87D61469D.d.777EDFA98D7557D72B5B8D92AD5D4E58.e.757/text HTTP/1.1
Cache-Control: no-cache
User-Agent: appium/8.3.0 (selenium/4.8.3 (java mac))
Content-Type: application/json; charset=utf-8
host: 127.0.0.1:4723
accept: */*

Response DefaultHttpResponse(decodeResult: success, version: HTTP/1.1)
HTTP/1.1 200 OK
X-Powered-By: Express
Content-Type: application/json; charset=utf-8
Content-Length: 21
ETag: W/"15-6fiiggiYD4dpQyMtDPVOitMNC4s"
Date: Sun, 06 Apr 2025 13:54:48 GMT
Connection: keep-alive
Keep-Alive: timeout=600

21:54:48.320 [AsyncHttpClient-1-2] DEBUG org.asynchttpclient.netty.channel.ChannelManager -- Adding key: http://127.0.0.1:4723 for channel [id: 0xd850032e, L:/127.0.0.1:49363 - R:/127.0.0.1:4723]
21:54:48.320 [Forwarding getElementText on session 9d505292-1662-4e03-b7da-959f22fa1c1e to remote] DEBUG org.asynchttpclient.netty.request.NettyRequestSender -- Using pooled Channel '[id: 0xd850032e, L:/127.0.0.1:49363 - R:/127.0.0.1:4723]' for 'GET' to 'http://127.0.0.1:4723/session/9d505292-1662-4e03-b7da-959f22fa1c1e/element/f.09BF641F5805ED6A5007B9E87D61469D.d.777EDFA98D7557D72B5B8D92AD5D4E58.e.759/text'
21:54:48.320 [Forwarding getElementText on session 9d505292-1662-4e03-b7da-959f22fa1c1e to remote] DEBUG org.asynchttpclient.netty.request.NettyRequestSender -- Using open Channel [id: 0xd850032e, L:/127.0.0.1:49363 - R:/127.0.0.1:4723] for GET '/session/9d505292-1662-4e03-b7da-959f22fa1c1e/element/f.09BF641F5805ED6A5007B9E87D61469D.d.777EDFA98D7557D72B5B8D92AD5D4E58.e.759/text'
21:54:48.339 [AsyncHttpClient-1-2] DEBUG org.asynchttpclient.netty.handler.HttpHandler -- 

Request DefaultFullHttpRequest(decodeResult: success, version: HTTP/1.1, content: EmptyByteBufBE)
GET /session/9d505292-1662-4e03-b7da-959f22fa1c1e/element/f.09BF641F5805ED6A5007B9E87D61469D.d.777EDFA98D7557D72B5B8D92AD5D4E58.e.759/text HTTP/1.1
Cache-Control: no-cache
User-Agent: appium/8.3.0 (selenium/4.8.3 (java mac))
Content-Type: application/json; charset=utf-8
host: 127.0.0.1:4723
accept: */*

Response DefaultHttpResponse(decodeResult: success, version: HTTP/1.1)
HTTP/1.1 200 OK
X-Powered-By: Express
Content-Type: application/json; charset=utf-8
Content-Length: 21
ETag: W/"15-IKajn6luUOyJ0KefZ4k+zhZqthg"
Date: Sun, 06 Apr 2025 13:54:48 GMT
Connection: keep-alive
Keep-Alive: timeout=600

21:54:48.339 [AsyncHttpClient-1-2] DEBUG org.asynchttpclient.netty.channel.ChannelManager -- Adding key: http://127.0.0.1:4723 for channel [id: 0xd850032e, L:/127.0.0.1:49363 - R:/127.0.0.1:4723]
21:54:48.340 [Forwarding getElementText on session 9d505292-1662-4e03-b7da-959f22fa1c1e to remote] DEBUG org.asynchttpclient.netty.request.NettyRequestSender -- Using pooled Channel '[id: 0xd850032e, L:/127.0.0.1:49363 - R:/127.0.0.1:4723]' for 'GET' to 'http://127.0.0.1:4723/session/9d505292-1662-4e03-b7da-959f22fa1c1e/element/f.09BF641F5805ED6A5007B9E87D61469D.d.777EDFA98D7557D72B5B8D92AD5D4E58.e.761/text'
21:54:48.340 [Forwarding getElementText on session 9d505292-1662-4e03-b7da-959f22fa1c1e to remote] DEBUG org.asynchttpclient.netty.request.NettyRequestSender -- Using open Channel [id: 0xd850032e, L:/127.0.0.1:49363 - R:/127.0.0.1:4723] for GET '/session/9d505292-1662-4e03-b7da-959f22fa1c1e/element/f.09BF641F5805ED6A5007B9E87D61469D.d.777EDFA98D7557D72B5B8D92AD5D4E58.e.761/text'
21:54:48.357 [AsyncHttpClient-1-2] DEBUG org.asynchttpclient.netty.handler.HttpHandler -- 

Request DefaultFullHttpRequest(decodeResult: success, version: HTTP/1.1, content: EmptyByteBufBE)
GET /session/9d505292-1662-4e03-b7da-959f22fa1c1e/element/f.09BF641F5805ED6A5007B9E87D61469D.d.777EDFA98D7557D72B5B8D92AD5D4E58.e.761/text HTTP/1.1
Cache-Control: no-cache
User-Agent: appium/8.3.0 (selenium/4.8.3 (java mac))
Content-Type: application/json; charset=utf-8
host: 127.0.0.1:4723
accept: */*

Response DefaultHttpResponse(decodeResult: success, version: HTTP/1.1)
HTTP/1.1 200 OK
X-Powered-By: Express
Content-Type: application/json; charset=utf-8
Content-Length: 21
ETag: W/"15-r8UYgKgPN4awwD5Vt87qRSveNFM"
Date: Sun, 06 Apr 2025 13:54:48 GMT
Connection: keep-alive
Keep-Alive: timeout=600

21:54:48.357 [AsyncHttpClient-1-2] DEBUG org.asynchttpclient.netty.channel.ChannelManager -- Adding key: http://127.0.0.1:4723 for channel [id: 0xd850032e, L:/127.0.0.1:49363 - R:/127.0.0.1:4723]
驗證縣市「彰化縣」與其行政區成功！
21:54:48.358 [Forwarding executeScript on session 9d505292-1662-4e03-b7da-959f22fa1c1e to remote] DEBUG org.asynchttpclient.netty.request.NettyRequestSender -- Using pooled Channel '[id: 0xd850032e, L:/127.0.0.1:49363 - R:/127.0.0.1:4723]' for 'POST' to 'http://127.0.0.1:4723/session/9d505292-1662-4e03-b7da-959f22fa1c1e/execute/sync'
21:54:48.358 [Forwarding executeScript on session 9d505292-1662-4e03-b7da-959f22fa1c1e to remote] DEBUG org.asynchttpclient.netty.request.NettyRequestSender -- Using open Channel [id: 0xd850032e, L:/127.0.0.1:49363 - R:/127.0.0.1:4723] for POST '/session/9d505292-1662-4e03-b7da-959f22fa1c1e/execute/sync'
21:54:48.380 [AsyncHttpClient-1-2] DEBUG org.asynchttpclient.netty.handler.HttpHandler -- 

Request DefaultHttpRequest(decodeResult: success, version: HTTP/1.1)
POST /session/9d505292-1662-4e03-b7da-959f22fa1c1e/execute/sync HTTP/1.1
User-Agent: appium/8.3.0 (selenium/4.8.3 (java mac))
Content-Length: 347
Content-Type: application/json; charset=utf-8
host: 127.0.0.1:4723
accept: */*

Response DefaultHttpResponse(decodeResult: success, version: HTTP/1.1)
HTTP/1.1 200 OK
X-Powered-By: Express
Vary: X-HTTP-Method-Override
Content-Type: application/json; charset=utf-8
Content-Length: 14
ETag: W/"e-9/1BuKMgFObM1mWJm+YjxtXJnUM"
Date: Sun, 06 Apr 2025 13:54:48 GMT
Connection: keep-alive
Keep-Alive: timeout=600

21:54:48.380 [AsyncHttpClient-1-2] DEBUG org.asynchttpclient.netty.channel.ChannelManager -- Adding key: http://127.0.0.1:4723 for channel [id: 0xd850032e, L:/127.0.0.1:49363 - R:/127.0.0.1:4723]
21:54:48.380 [Forwarding findElement on session 9d505292-1662-4e03-b7da-959f22fa1c1e to remote] DEBUG org.asynchttpclient.netty.request.NettyRequestSender -- Using pooled Channel '[id: 0xd850032e, L:/127.0.0.1:49363 - R:/127.0.0.1:4723]' for 'POST' to 'http://127.0.0.1:4723/session/9d505292-1662-4e03-b7da-959f22fa1c1e/element'
21:54:48.380 [Forwarding findElement on session 9d505292-1662-4e03-b7da-959f22fa1c1e to remote] DEBUG org.asynchttpclient.netty.request.NettyRequestSender -- Using open Channel [id: 0xd850032e, L:/127.0.0.1:49363 - R:/127.0.0.1:4723] for POST '/session/9d505292-1662-4e03-b7da-959f22fa1c1e/element'
21:54:48.401 [AsyncHttpClient-1-2] DEBUG org.asynchttpclient.netty.handler.HttpHandler -- 

Request DefaultHttpRequest(decodeResult: success, version: HTTP/1.1)
POST /session/9d505292-1662-4e03-b7da-959f22fa1c1e/element HTTP/1.1
User-Agent: appium/8.3.0 (selenium/4.8.3 (java mac))
Content-Length: 64
Content-Type: application/json; charset=utf-8
host: 127.0.0.1:4723
accept: */*

Response DefaultHttpResponse(decodeResult: success, version: HTTP/1.1)
HTTP/1.1 200 OK
X-Powered-By: Express
Vary: X-HTTP-Method-Override
Content-Type: application/json; charset=utf-8
Content-Length: 215
ETag: W/"d7-hLLmI8sXBhj61n8KQz/SSgPhJ+w"
Date: Sun, 06 Apr 2025 13:54:48 GMT
Connection: keep-alive
Keep-Alive: timeout=600

21:54:48.401 [AsyncHttpClient-1-2] DEBUG org.asynchttpclient.netty.channel.ChannelManager -- Adding key: http://127.0.0.1:4723 for channel [id: 0xd850032e, L:/127.0.0.1:49363 - R:/127.0.0.1:4723]
21:54:48.507 [Forwarding findChildElements on session 9d505292-1662-4e03-b7da-959f22fa1c1e to remote] DEBUG org.asynchttpclient.netty.request.NettyRequestSender -- Using pooled Channel '[id: 0xd850032e, L:/127.0.0.1:49363 - R:/127.0.0.1:4723]' for 'POST' to 'http://127.0.0.1:4723/session/9d505292-1662-4e03-b7da-959f22fa1c1e/element/f.09BF641F5805ED6A5007B9E87D61469D.d.777EDFA98D7557D72B5B8D92AD5D4E58.e.377/elements'
21:54:48.507 [Forwarding findChildElements on session 9d505292-1662-4e03-b7da-959f22fa1c1e to remote] DEBUG org.asynchttpclient.netty.request.NettyRequestSender -- Using open Channel [id: 0xd850032e, L:/127.0.0.1:49363 - R:/127.0.0.1:4723] for POST '/session/9d505292-1662-4e03-b7da-959f22fa1c1e/element/f.09BF641F5805ED6A5007B9E87D61469D.d.777EDFA98D7557D72B5B8D92AD5D4E58.e.377/elements'
21:54:48.533 [AsyncHttpClient-1-2] DEBUG org.asynchttpclient.netty.handler.HttpHandler -- 

Request DefaultHttpRequest(decodeResult: success, version: HTTP/1.1)
POST /session/9d505292-1662-4e03-b7da-959f22fa1c1e/element/f.09BF641F5805ED6A5007B9E87D61469D.d.777EDFA98D7557D72B5B8D92AD5D4E58.e.377/elements HTTP/1.1
User-Agent: appium/8.3.0 (selenium/4.8.3 (java mac))
Content-Length: 133
Content-Type: application/json; charset=utf-8
host: 127.0.0.1:4723
accept: */*

Response DefaultHttpResponse(decodeResult: success, version: HTTP/1.1)
HTTP/1.1 200 OK
X-Powered-By: Express
Vary: X-HTTP-Method-Override
Content-Type: application/json; charset=utf-8
Content-Length: 2895
ETag: W/"b4f-2oQd8rcm0jcvuHiIQbdJKuNGANc"
Date: Sun, 06 Apr 2025 13:54:48 GMT
Connection: keep-alive
Keep-Alive: timeout=600

21:54:48.533 [AsyncHttpClient-1-2] DEBUG org.asynchttpclient.netty.channel.ChannelManager -- Adding key: http://127.0.0.1:4723 for channel [id: 0xd850032e, L:/127.0.0.1:49363 - R:/127.0.0.1:4723]
21:54:48.534 [Forwarding getElementText on session 9d505292-1662-4e03-b7da-959f22fa1c1e to remote] DEBUG org.asynchttpclient.netty.request.NettyRequestSender -- Using pooled Channel '[id: 0xd850032e, L:/127.0.0.1:49363 - R:/127.0.0.1:4723]' for 'GET' to 'http://127.0.0.1:4723/session/9d505292-1662-4e03-b7da-959f22fa1c1e/element/f.09BF641F5805ED6A5007B9E87D61469D.d.777EDFA98D7557D72B5B8D92AD5D4E58.e.765/text'
21:54:48.534 [Forwarding getElementText on session 9d505292-1662-4e03-b7da-959f22fa1c1e to remote] DEBUG org.asynchttpclient.netty.request.NettyRequestSender -- Using open Channel [id: 0xd850032e, L:/127.0.0.1:49363 - R:/127.0.0.1:4723] for GET '/session/9d505292-1662-4e03-b7da-959f22fa1c1e/element/f.09BF641F5805ED6A5007B9E87D61469D.d.777EDFA98D7557D72B5B8D92AD5D4E58.e.765/text'
21:54:48.556 [AsyncHttpClient-1-2] DEBUG org.asynchttpclient.netty.handler.HttpHandler -- 

Request DefaultFullHttpRequest(decodeResult: success, version: HTTP/1.1, content: EmptyByteBufBE)
GET /session/9d505292-1662-4e03-b7da-959f22fa1c1e/element/f.09BF641F5805ED6A5007B9E87D61469D.d.777EDFA98D7557D72B5B8D92AD5D4E58.e.765/text HTTP/1.1
Cache-Control: no-cache
User-Agent: appium/8.3.0 (selenium/4.8.3 (java mac))
Content-Type: application/json; charset=utf-8
host: 127.0.0.1:4723
accept: */*

Response DefaultHttpResponse(decodeResult: success, version: HTTP/1.1)
HTTP/1.1 200 OK
X-Powered-By: Express
Content-Type: application/json; charset=utf-8
Content-Length: 27
ETag: W/"1b-WszMrTDLUBhetLFWttbtrso7fzY"
Date: Sun, 06 Apr 2025 13:54:48 GMT
Connection: keep-alive
Keep-Alive: timeout=600

21:54:48.556 [AsyncHttpClient-1-2] DEBUG org.asynchttpclient.netty.channel.ChannelManager -- Adding key: http://127.0.0.1:4723 for channel [id: 0xd850032e, L:/127.0.0.1:49363 - R:/127.0.0.1:4723]
21:54:48.557 [Forwarding getElementText on session 9d505292-1662-4e03-b7da-959f22fa1c1e to remote] DEBUG org.asynchttpclient.netty.request.NettyRequestSender -- Using pooled Channel '[id: 0xd850032e, L:/127.0.0.1:49363 - R:/127.0.0.1:4723]' for 'GET' to 'http://127.0.0.1:4723/session/9d505292-1662-4e03-b7da-959f22fa1c1e/element/f.09BF641F5805ED6A5007B9E87D61469D.d.777EDFA98D7557D72B5B8D92AD5D4E58.e.767/text'
21:54:48.557 [Forwarding getElementText on session 9d505292-1662-4e03-b7da-959f22fa1c1e to remote] DEBUG org.asynchttpclient.netty.request.NettyRequestSender -- Using open Channel [id: 0xd850032e, L:/127.0.0.1:49363 - R:/127.0.0.1:4723] for GET '/session/9d505292-1662-4e03-b7da-959f22fa1c1e/element/f.09BF641F5805ED6A5007B9E87D61469D.d.777EDFA98D7557D72B5B8D92AD5D4E58.e.767/text'
21:54:48.577 [AsyncHttpClient-1-2] DEBUG org.asynchttpclient.netty.handler.HttpHandler -- 

Request DefaultFullHttpRequest(decodeResult: success, version: HTTP/1.1, content: EmptyByteBufBE)
GET /session/9d505292-1662-4e03-b7da-959f22fa1c1e/element/f.09BF641F5805ED6A5007B9E87D61469D.d.777EDFA98D7557D72B5B8D92AD5D4E58.e.767/text HTTP/1.1
Cache-Control: no-cache
User-Agent: appium/8.3.0 (selenium/4.8.3 (java mac))
Content-Type: application/json; charset=utf-8
host: 127.0.0.1:4723
accept: */*

Response DefaultHttpResponse(decodeResult: success, version: HTTP/1.1)
HTTP/1.1 200 OK
X-Powered-By: Express
Content-Type: application/json; charset=utf-8
Content-Length: 21
ETag: W/"15-4sgZJDvF6gE2w6WP8Q8TT4UFMkI"
Date: Sun, 06 Apr 2025 13:54:48 GMT
Connection: keep-alive
Keep-Alive: timeout=600

21:54:48.577 [AsyncHttpClient-1-2] DEBUG org.asynchttpclient.netty.channel.ChannelManager -- Adding key: http://127.0.0.1:4723 for channel [id: 0xd850032e, L:/127.0.0.1:49363 - R:/127.0.0.1:4723]
21:54:48.577 [Forwarding getElementText on session 9d505292-1662-4e03-b7da-959f22fa1c1e to remote] DEBUG org.asynchttpclient.netty.request.NettyRequestSender -- Using pooled Channel '[id: 0xd850032e, L:/127.0.0.1:49363 - R:/127.0.0.1:4723]' for 'GET' to 'http://127.0.0.1:4723/session/9d505292-1662-4e03-b7da-959f22fa1c1e/element/f.09BF641F5805ED6A5007B9E87D61469D.d.777EDFA98D7557D72B5B8D92AD5D4E58.e.769/text'
21:54:48.578 [Forwarding getElementText on session 9d505292-1662-4e03-b7da-959f22fa1c1e to remote] DEBUG org.asynchttpclient.netty.request.NettyRequestSender -- Using open Channel [id: 0xd850032e, L:/127.0.0.1:49363 - R:/127.0.0.1:4723] for GET '/session/9d505292-1662-4e03-b7da-959f22fa1c1e/element/f.09BF641F5805ED6A5007B9E87D61469D.d.777EDFA98D7557D72B5B8D92AD5D4E58.e.769/text'
21:54:48.598 [AsyncHttpClient-1-2] DEBUG org.asynchttpclient.netty.handler.HttpHandler -- 

Request DefaultFullHttpRequest(decodeResult: success, version: HTTP/1.1, content: EmptyByteBufBE)
GET /session/9d505292-1662-4e03-b7da-959f22fa1c1e/element/f.09BF641F5805ED6A5007B9E87D61469D.d.777EDFA98D7557D72B5B8D92AD5D4E58.e.769/text HTTP/1.1
Cache-Control: no-cache
User-Agent: appium/8.3.0 (selenium/4.8.3 (java mac))
Content-Type: application/json; charset=utf-8
host: 127.0.0.1:4723
accept: */*

Response DefaultHttpResponse(decodeResult: success, version: HTTP/1.1)
HTTP/1.1 200 OK
X-Powered-By: Express
Content-Type: application/json; charset=utf-8
Content-Length: 21
ETag: W/"15-tdc/Rh+hvo8C7FcYbHjlxBHASF8"
Date: Sun, 06 Apr 2025 13:54:48 GMT
Connection: keep-alive
Keep-Alive: timeout=600

21:54:48.599 [AsyncHttpClient-1-2] DEBUG org.asynchttpclient.netty.channel.ChannelManager -- Adding key: http://127.0.0.1:4723 for channel [id: 0xd850032e, L:/127.0.0.1:49363 - R:/127.0.0.1:4723]
21:54:48.599 [Forwarding getElementText on session 9d505292-1662-4e03-b7da-959f22fa1c1e to remote] DEBUG org.asynchttpclient.netty.request.NettyRequestSender -- Using pooled Channel '[id: 0xd850032e, L:/127.0.0.1:49363 - R:/127.0.0.1:4723]' for 'GET' to 'http://127.0.0.1:4723/session/9d505292-1662-4e03-b7da-959f22fa1c1e/element/f.09BF641F5805ED6A5007B9E87D61469D.d.777EDFA98D7557D72B5B8D92AD5D4E58.e.771/text'
21:54:48.599 [Forwarding getElementText on session 9d505292-1662-4e03-b7da-959f22fa1c1e to remote] DEBUG org.asynchttpclient.netty.request.NettyRequestSender -- Using open Channel [id: 0xd850032e, L:/127.0.0.1:49363 - R:/127.0.0.1:4723] for GET '/session/9d505292-1662-4e03-b7da-959f22fa1c1e/element/f.09BF641F5805ED6A5007B9E87D61469D.d.777EDFA98D7557D72B5B8D92AD5D4E58.e.771/text'
21:54:48.617 [AsyncHttpClient-1-2] DEBUG org.asynchttpclient.netty.handler.HttpHandler -- 

Request DefaultFullHttpRequest(decodeResult: success, version: HTTP/1.1, content: EmptyByteBufBE)
GET /session/9d505292-1662-4e03-b7da-959f22fa1c1e/element/f.09BF641F5805ED6A5007B9E87D61469D.d.777EDFA98D7557D72B5B8D92AD5D4E58.e.771/text HTTP/1.1
Cache-Control: no-cache
User-Agent: appium/8.3.0 (selenium/4.8.3 (java mac))
Content-Type: application/json; charset=utf-8
host: 127.0.0.1:4723
accept: */*

Response DefaultHttpResponse(decodeResult: success, version: HTTP/1.1)
HTTP/1.1 200 OK
X-Powered-By: Express
Content-Type: application/json; charset=utf-8
Content-Length: 21
ETag: W/"15-G//eoqhpYZMNTi6VCwpAQ6k+aw8"
Date: Sun, 06 Apr 2025 13:54:48 GMT
Connection: keep-alive
Keep-Alive: timeout=600

21:54:48.617 [AsyncHttpClient-1-2] DEBUG org.asynchttpclient.netty.channel.ChannelManager -- Adding key: http://127.0.0.1:4723 for channel [id: 0xd850032e, L:/127.0.0.1:49363 - R:/127.0.0.1:4723]
21:54:48.618 [Forwarding getElementText on session 9d505292-1662-4e03-b7da-959f22fa1c1e to remote] DEBUG org.asynchttpclient.netty.request.NettyRequestSender -- Using pooled Channel '[id: 0xd850032e, L:/127.0.0.1:49363 - R:/127.0.0.1:4723]' for 'GET' to 'http://127.0.0.1:4723/session/9d505292-1662-4e03-b7da-959f22fa1c1e/element/f.09BF641F5805ED6A5007B9E87D61469D.d.777EDFA98D7557D72B5B8D92AD5D4E58.e.773/text'
21:54:48.618 [Forwarding getElementText on session 9d505292-1662-4e03-b7da-959f22fa1c1e to remote] DEBUG org.asynchttpclient.netty.request.NettyRequestSender -- Using open Channel [id: 0xd850032e, L:/127.0.0.1:49363 - R:/127.0.0.1:4723] for GET '/session/9d505292-1662-4e03-b7da-959f22fa1c1e/element/f.09BF641F5805ED6A5007B9E87D61469D.d.777EDFA98D7557D72B5B8D92AD5D4E58.e.773/text'
21:54:48.637 [AsyncHttpClient-1-2] DEBUG org.asynchttpclient.netty.handler.HttpHandler -- 

Request DefaultFullHttpRequest(decodeResult: success, version: HTTP/1.1, content: EmptyByteBufBE)
GET /session/9d505292-1662-4e03-b7da-959f22fa1c1e/element/f.09BF641F5805ED6A5007B9E87D61469D.d.777EDFA98D7557D72B5B8D92AD5D4E58.e.773/text HTTP/1.1
Cache-Control: no-cache
User-Agent: appium/8.3.0 (selenium/4.8.3 (java mac))
Content-Type: application/json; charset=utf-8
host: 127.0.0.1:4723
accept: */*

Response DefaultHttpResponse(decodeResult: success, version: HTTP/1.1)
HTTP/1.1 200 OK
X-Powered-By: Express
Content-Type: application/json; charset=utf-8
Content-Length: 21
ETag: W/"15-KaV6M58HCZlUUkWNqYK5SbHgoA4"
Date: Sun, 06 Apr 2025 13:54:48 GMT
Connection: keep-alive
Keep-Alive: timeout=600

21:54:48.637 [AsyncHttpClient-1-2] DEBUG org.asynchttpclient.netty.channel.ChannelManager -- Adding key: http://127.0.0.1:4723 for channel [id: 0xd850032e, L:/127.0.0.1:49363 - R:/127.0.0.1:4723]
21:54:48.638 [Forwarding getElementText on session 9d505292-1662-4e03-b7da-959f22fa1c1e to remote] DEBUG org.asynchttpclient.netty.request.NettyRequestSender -- Using pooled Channel '[id: 0xd850032e, L:/127.0.0.1:49363 - R:/127.0.0.1:4723]' for 'GET' to 'http://127.0.0.1:4723/session/9d505292-1662-4e03-b7da-959f22fa1c1e/element/f.09BF641F5805ED6A5007B9E87D61469D.d.777EDFA98D7557D72B5B8D92AD5D4E58.e.775/text'
21:54:48.638 [Forwarding getElementText on session 9d505292-1662-4e03-b7da-959f22fa1c1e to remote] DEBUG org.asynchttpclient.netty.request.NettyRequestSender -- Using open Channel [id: 0xd850032e, L:/127.0.0.1:49363 - R:/127.0.0.1:4723] for GET '/session/9d505292-1662-4e03-b7da-959f22fa1c1e/element/f.09BF641F5805ED6A5007B9E87D61469D.d.777EDFA98D7557D72B5B8D92AD5D4E58.e.775/text'
21:54:48.659 [AsyncHttpClient-1-2] DEBUG org.asynchttpclient.netty.handler.HttpHandler -- 

Request DefaultFullHttpRequest(decodeResult: success, version: HTTP/1.1, content: EmptyByteBufBE)
GET /session/9d505292-1662-4e03-b7da-959f22fa1c1e/element/f.09BF641F5805ED6A5007B9E87D61469D.d.777EDFA98D7557D72B5B8D92AD5D4E58.e.775/text HTTP/1.1
Cache-Control: no-cache
User-Agent: appium/8.3.0 (selenium/4.8.3 (java mac))
Content-Type: application/json; charset=utf-8
host: 127.0.0.1:4723
accept: */*

Response DefaultHttpResponse(decodeResult: success, version: HTTP/1.1)
HTTP/1.1 200 OK
X-Powered-By: Express
Content-Type: application/json; charset=utf-8
Content-Length: 21
ETag: W/"15-6TMAlsEQZGSfzN0r0n/jX4i5fjA"
Date: Sun, 06 Apr 2025 13:54:48 GMT
Connection: keep-alive
Keep-Alive: timeout=600

21:54:48.659 [AsyncHttpClient-1-2] DEBUG org.asynchttpclient.netty.channel.ChannelManager -- Adding key: http://127.0.0.1:4723 for channel [id: 0xd850032e, L:/127.0.0.1:49363 - R:/127.0.0.1:4723]
21:54:48.659 [Forwarding getElementText on session 9d505292-1662-4e03-b7da-959f22fa1c1e to remote] DEBUG org.asynchttpclient.netty.request.NettyRequestSender -- Using pooled Channel '[id: 0xd850032e, L:/127.0.0.1:49363 - R:/127.0.0.1:4723]' for 'GET' to 'http://127.0.0.1:4723/session/9d505292-1662-4e03-b7da-959f22fa1c1e/element/f.09BF641F5805ED6A5007B9E87D61469D.d.777EDFA98D7557D72B5B8D92AD5D4E58.e.777/text'
21:54:48.659 [Forwarding getElementText on session 9d505292-1662-4e03-b7da-959f22fa1c1e to remote] DEBUG org.asynchttpclient.netty.request.NettyRequestSender -- Using open Channel [id: 0xd850032e, L:/127.0.0.1:49363 - R:/127.0.0.1:4723] for GET '/session/9d505292-1662-4e03-b7da-959f22fa1c1e/element/f.09BF641F5805ED6A5007B9E87D61469D.d.777EDFA98D7557D72B5B8D92AD5D4E58.e.777/text'
21:54:48.678 [AsyncHttpClient-1-2] DEBUG org.asynchttpclient.netty.handler.HttpHandler -- 

Request DefaultFullHttpRequest(decodeResult: success, version: HTTP/1.1, content: EmptyByteBufBE)
GET /session/9d505292-1662-4e03-b7da-959f22fa1c1e/element/f.09BF641F5805ED6A5007B9E87D61469D.d.777EDFA98D7557D72B5B8D92AD5D4E58.e.777/text HTTP/1.1
Cache-Control: no-cache
User-Agent: appium/8.3.0 (selenium/4.8.3 (java mac))
Content-Type: application/json; charset=utf-8
host: 127.0.0.1:4723
accept: */*

Response DefaultHttpResponse(decodeResult: success, version: HTTP/1.1)
HTTP/1.1 200 OK
X-Powered-By: Express
Content-Type: application/json; charset=utf-8
Content-Length: 21
ETag: W/"15-PiU70GRZoySTyaSJTT+2WDUD9qw"
Date: Sun, 06 Apr 2025 13:54:48 GMT
Connection: keep-alive
Keep-Alive: timeout=600

21:54:48.679 [AsyncHttpClient-1-2] DEBUG org.asynchttpclient.netty.channel.ChannelManager -- Adding key: http://127.0.0.1:4723 for channel [id: 0xd850032e, L:/127.0.0.1:49363 - R:/127.0.0.1:4723]
21:54:48.679 [Forwarding getElementText on session 9d505292-1662-4e03-b7da-959f22fa1c1e to remote] DEBUG org.asynchttpclient.netty.request.NettyRequestSender -- Using pooled Channel '[id: 0xd850032e, L:/127.0.0.1:49363 - R:/127.0.0.1:4723]' for 'GET' to 'http://127.0.0.1:4723/session/9d505292-1662-4e03-b7da-959f22fa1c1e/element/f.09BF641F5805ED6A5007B9E87D61469D.d.777EDFA98D7557D72B5B8D92AD5D4E58.e.779/text'
21:54:48.679 [Forwarding getElementText on session 9d505292-1662-4e03-b7da-959f22fa1c1e to remote] DEBUG org.asynchttpclient.netty.request.NettyRequestSender -- Using open Channel [id: 0xd850032e, L:/127.0.0.1:49363 - R:/127.0.0.1:4723] for GET '/session/9d505292-1662-4e03-b7da-959f22fa1c1e/element/f.09BF641F5805ED6A5007B9E87D61469D.d.777EDFA98D7557D72B5B8D92AD5D4E58.e.779/text'
21:54:48.698 [AsyncHttpClient-1-2] DEBUG org.asynchttpclient.netty.handler.HttpHandler -- 

Request DefaultFullHttpRequest(decodeResult: success, version: HTTP/1.1, content: EmptyByteBufBE)
GET /session/9d505292-1662-4e03-b7da-959f22fa1c1e/element/f.09BF641F5805ED6A5007B9E87D61469D.d.777EDFA98D7557D72B5B8D92AD5D4E58.e.779/text HTTP/1.1
Cache-Control: no-cache
User-Agent: appium/8.3.0 (selenium/4.8.3 (java mac))
Content-Type: application/json; charset=utf-8
host: 127.0.0.1:4723
accept: */*

Response DefaultHttpResponse(decodeResult: success, version: HTTP/1.1)
HTTP/1.1 200 OK
X-Powered-By: Express
Content-Type: application/json; charset=utf-8
Content-Length: 21
ETag: W/"15-1bJFNtqtBJp2unzMWGYvqMkbP/c"
Date: Sun, 06 Apr 2025 13:54:48 GMT
Connection: keep-alive
Keep-Alive: timeout=600

21:54:48.698 [AsyncHttpClient-1-2] DEBUG org.asynchttpclient.netty.channel.ChannelManager -- Adding key: http://127.0.0.1:4723 for channel [id: 0xd850032e, L:/127.0.0.1:49363 - R:/127.0.0.1:4723]
21:54:48.699 [Forwarding getElementText on session 9d505292-1662-4e03-b7da-959f22fa1c1e to remote] DEBUG org.asynchttpclient.netty.request.NettyRequestSender -- Using pooled Channel '[id: 0xd850032e, L:/127.0.0.1:49363 - R:/127.0.0.1:4723]' for 'GET' to 'http://127.0.0.1:4723/session/9d505292-1662-4e03-b7da-959f22fa1c1e/element/f.09BF641F5805ED6A5007B9E87D61469D.d.777EDFA98D7557D72B5B8D92AD5D4E58.e.781/text'
21:54:48.699 [Forwarding getElementText on session 9d505292-1662-4e03-b7da-959f22fa1c1e to remote] DEBUG org.asynchttpclient.netty.request.NettyRequestSender -- Using open Channel [id: 0xd850032e, L:/127.0.0.1:49363 - R:/127.0.0.1:4723] for GET '/session/9d505292-1662-4e03-b7da-959f22fa1c1e/element/f.09BF641F5805ED6A5007B9E87D61469D.d.777EDFA98D7557D72B5B8D92AD5D4E58.e.781/text'
21:54:48.717 [AsyncHttpClient-1-2] DEBUG org.asynchttpclient.netty.handler.HttpHandler -- 

Request DefaultFullHttpRequest(decodeResult: success, version: HTTP/1.1, content: EmptyByteBufBE)
GET /session/9d505292-1662-4e03-b7da-959f22fa1c1e/element/f.09BF641F5805ED6A5007B9E87D61469D.d.777EDFA98D7557D72B5B8D92AD5D4E58.e.781/text HTTP/1.1
Cache-Control: no-cache
User-Agent: appium/8.3.0 (selenium/4.8.3 (java mac))
Content-Type: application/json; charset=utf-8
host: 127.0.0.1:4723
accept: */*

Response DefaultHttpResponse(decodeResult: success, version: HTTP/1.1)
HTTP/1.1 200 OK
X-Powered-By: Express
Content-Type: application/json; charset=utf-8
Content-Length: 21
ETag: W/"15-cCQBazj9jWRS6PocOlZN65Z/qnY"
Date: Sun, 06 Apr 2025 13:54:48 GMT
Connection: keep-alive
Keep-Alive: timeout=600

21:54:48.717 [AsyncHttpClient-1-2] DEBUG org.asynchttpclient.netty.channel.ChannelManager -- Adding key: http://127.0.0.1:4723 for channel [id: 0xd850032e, L:/127.0.0.1:49363 - R:/127.0.0.1:4723]
21:54:48.718 [Forwarding getElementText on session 9d505292-1662-4e03-b7da-959f22fa1c1e to remote] DEBUG org.asynchttpclient.netty.request.NettyRequestSender -- Using pooled Channel '[id: 0xd850032e, L:/127.0.0.1:49363 - R:/127.0.0.1:4723]' for 'GET' to 'http://127.0.0.1:4723/session/9d505292-1662-4e03-b7da-959f22fa1c1e/element/f.09BF641F5805ED6A5007B9E87D61469D.d.777EDFA98D7557D72B5B8D92AD5D4E58.e.783/text'
21:54:48.718 [Forwarding getElementText on session 9d505292-1662-4e03-b7da-959f22fa1c1e to remote] DEBUG org.asynchttpclient.netty.request.NettyRequestSender -- Using open Channel [id: 0xd850032e, L:/127.0.0.1:49363 - R:/127.0.0.1:4723] for GET '/session/9d505292-1662-4e03-b7da-959f22fa1c1e/element/f.09BF641F5805ED6A5007B9E87D61469D.d.777EDFA98D7557D72B5B8D92AD5D4E58.e.783/text'
21:54:48.736 [AsyncHttpClient-1-2] DEBUG org.asynchttpclient.netty.handler.HttpHandler -- 

Request DefaultFullHttpRequest(decodeResult: success, version: HTTP/1.1, content: EmptyByteBufBE)
GET /session/9d505292-1662-4e03-b7da-959f22fa1c1e/element/f.09BF641F5805ED6A5007B9E87D61469D.d.777EDFA98D7557D72B5B8D92AD5D4E58.e.783/text HTTP/1.1
Cache-Control: no-cache
User-Agent: appium/8.3.0 (selenium/4.8.3 (java mac))
Content-Type: application/json; charset=utf-8
host: 127.0.0.1:4723
accept: */*

Response DefaultHttpResponse(decodeResult: success, version: HTTP/1.1)
HTTP/1.1 200 OK
X-Powered-By: Express
Content-Type: application/json; charset=utf-8
Content-Length: 21
ETag: W/"15-mhg2XtG7OhtKxeLfXXJ+bwc5Jw8"
Date: Sun, 06 Apr 2025 13:54:48 GMT
Connection: keep-alive
Keep-Alive: timeout=600

21:54:48.736 [AsyncHttpClient-1-2] DEBUG org.asynchttpclient.netty.channel.ChannelManager -- Adding key: http://127.0.0.1:4723 for channel [id: 0xd850032e, L:/127.0.0.1:49363 - R:/127.0.0.1:4723]
21:54:48.737 [Forwarding getElementText on session 9d505292-1662-4e03-b7da-959f22fa1c1e to remote] DEBUG org.asynchttpclient.netty.request.NettyRequestSender -- Using pooled Channel '[id: 0xd850032e, L:/127.0.0.1:49363 - R:/127.0.0.1:4723]' for 'GET' to 'http://127.0.0.1:4723/session/9d505292-1662-4e03-b7da-959f22fa1c1e/element/f.09BF641F5805ED6A5007B9E87D61469D.d.777EDFA98D7557D72B5B8D92AD5D4E58.e.785/text'
21:54:48.737 [Forwarding getElementText on session 9d505292-1662-4e03-b7da-959f22fa1c1e to remote] DEBUG org.asynchttpclient.netty.request.NettyRequestSender -- Using open Channel [id: 0xd850032e, L:/127.0.0.1:49363 - R:/127.0.0.1:4723] for GET '/session/9d505292-1662-4e03-b7da-959f22fa1c1e/element/f.09BF641F5805ED6A5007B9E87D61469D.d.777EDFA98D7557D72B5B8D92AD5D4E58.e.785/text'
21:54:48.756 [AsyncHttpClient-1-2] DEBUG org.asynchttpclient.netty.handler.HttpHandler -- 

Request DefaultFullHttpRequest(decodeResult: success, version: HTTP/1.1, content: EmptyByteBufBE)
GET /session/9d505292-1662-4e03-b7da-959f22fa1c1e/element/f.09BF641F5805ED6A5007B9E87D61469D.d.777EDFA98D7557D72B5B8D92AD5D4E58.e.785/text HTTP/1.1
Cache-Control: no-cache
User-Agent: appium/8.3.0 (selenium/4.8.3 (java mac))
Content-Type: application/json; charset=utf-8
host: 127.0.0.1:4723
accept: */*

Response DefaultHttpResponse(decodeResult: success, version: HTTP/1.1)
HTTP/1.1 200 OK
X-Powered-By: Express
Content-Type: application/json; charset=utf-8
Content-Length: 21
ETag: W/"15-ZJWyunBp2z7OURrz+HZ8voGlhqY"
Date: Sun, 06 Apr 2025 13:54:48 GMT
Connection: keep-alive
Keep-Alive: timeout=600

21:54:48.757 [AsyncHttpClient-1-2] DEBUG org.asynchttpclient.netty.channel.ChannelManager -- Adding key: http://127.0.0.1:4723 for channel [id: 0xd850032e, L:/127.0.0.1:49363 - R:/127.0.0.1:4723]
21:54:48.757 [Forwarding getElementText on session 9d505292-1662-4e03-b7da-959f22fa1c1e to remote] DEBUG org.asynchttpclient.netty.request.NettyRequestSender -- Using pooled Channel '[id: 0xd850032e, L:/127.0.0.1:49363 - R:/127.0.0.1:4723]' for 'GET' to 'http://127.0.0.1:4723/session/9d505292-1662-4e03-b7da-959f22fa1c1e/element/f.09BF641F5805ED6A5007B9E87D61469D.d.777EDFA98D7557D72B5B8D92AD5D4E58.e.787/text'
21:54:48.757 [Forwarding getElementText on session 9d505292-1662-4e03-b7da-959f22fa1c1e to remote] DEBUG org.asynchttpclient.netty.request.NettyRequestSender -- Using open Channel [id: 0xd850032e, L:/127.0.0.1:49363 - R:/127.0.0.1:4723] for GET '/session/9d505292-1662-4e03-b7da-959f22fa1c1e/element/f.09BF641F5805ED6A5007B9E87D61469D.d.777EDFA98D7557D72B5B8D92AD5D4E58.e.787/text'
21:54:48.776 [AsyncHttpClient-1-2] DEBUG org.asynchttpclient.netty.handler.HttpHandler -- 

Request DefaultFullHttpRequest(decodeResult: success, version: HTTP/1.1, content: EmptyByteBufBE)
GET /session/9d505292-1662-4e03-b7da-959f22fa1c1e/element/f.09BF641F5805ED6A5007B9E87D61469D.d.777EDFA98D7557D72B5B8D92AD5D4E58.e.787/text HTTP/1.1
Cache-Control: no-cache
User-Agent: appium/8.3.0 (selenium/4.8.3 (java mac))
Content-Type: application/json; charset=utf-8
host: 127.0.0.1:4723
accept: */*

Response DefaultHttpResponse(decodeResult: success, version: HTTP/1.1)
HTTP/1.1 200 OK
X-Powered-By: Express
Content-Type: application/json; charset=utf-8
Content-Length: 21
ETag: W/"15-9hl1tczaPvjfvK3gqWjEqtRL9uk"
Date: Sun, 06 Apr 2025 13:54:48 GMT
Connection: keep-alive
Keep-Alive: timeout=600

21:54:48.776 [AsyncHttpClient-1-2] DEBUG org.asynchttpclient.netty.channel.ChannelManager -- Adding key: http://127.0.0.1:4723 for channel [id: 0xd850032e, L:/127.0.0.1:49363 - R:/127.0.0.1:4723]
21:54:48.777 [Forwarding getElementText on session 9d505292-1662-4e03-b7da-959f22fa1c1e to remote] DEBUG org.asynchttpclient.netty.request.NettyRequestSender -- Using pooled Channel '[id: 0xd850032e, L:/127.0.0.1:49363 - R:/127.0.0.1:4723]' for 'GET' to 'http://127.0.0.1:4723/session/9d505292-1662-4e03-b7da-959f22fa1c1e/element/f.09BF641F5805ED6A5007B9E87D61469D.d.777EDFA98D7557D72B5B8D92AD5D4E58.e.789/text'
21:54:48.777 [Forwarding getElementText on session 9d505292-1662-4e03-b7da-959f22fa1c1e to remote] DEBUG org.asynchttpclient.netty.request.NettyRequestSender -- Using open Channel [id: 0xd850032e, L:/127.0.0.1:49363 - R:/127.0.0.1:4723] for GET '/session/9d505292-1662-4e03-b7da-959f22fa1c1e/element/f.09BF641F5805ED6A5007B9E87D61469D.d.777EDFA98D7557D72B5B8D92AD5D4E58.e.789/text'
21:54:48.796 [AsyncHttpClient-1-2] DEBUG org.asynchttpclient.netty.handler.HttpHandler -- 

Request DefaultFullHttpRequest(decodeResult: success, version: HTTP/1.1, content: EmptyByteBufBE)
GET /session/9d505292-1662-4e03-b7da-959f22fa1c1e/element/f.09BF641F5805ED6A5007B9E87D61469D.d.777EDFA98D7557D72B5B8D92AD5D4E58.e.789/text HTTP/1.1
Cache-Control: no-cache
User-Agent: appium/8.3.0 (selenium/4.8.3 (java mac))
Content-Type: application/json; charset=utf-8
host: 127.0.0.1:4723
accept: */*

Response DefaultHttpResponse(decodeResult: success, version: HTTP/1.1)
HTTP/1.1 200 OK
X-Powered-By: Express
Content-Type: application/json; charset=utf-8
Content-Length: 21
ETag: W/"15-b1VpJxSthKTCwTJ91XS9pGSEXHY"
Date: Sun, 06 Apr 2025 13:54:48 GMT
Connection: keep-alive
Keep-Alive: timeout=600

21:54:48.796 [AsyncHttpClient-1-2] DEBUG org.asynchttpclient.netty.channel.ChannelManager -- Adding key: http://127.0.0.1:4723 for channel [id: 0xd850032e, L:/127.0.0.1:49363 - R:/127.0.0.1:4723]
21:54:48.797 [Forwarding getElementText on session 9d505292-1662-4e03-b7da-959f22fa1c1e to remote] DEBUG org.asynchttpclient.netty.request.NettyRequestSender -- Using pooled Channel '[id: 0xd850032e, L:/127.0.0.1:49363 - R:/127.0.0.1:4723]' for 'GET' to 'http://127.0.0.1:4723/session/9d505292-1662-4e03-b7da-959f22fa1c1e/element/f.09BF641F5805ED6A5007B9E87D61469D.d.777EDFA98D7557D72B5B8D92AD5D4E58.e.791/text'
21:54:48.797 [Forwarding getElementText on session 9d505292-1662-4e03-b7da-959f22fa1c1e to remote] DEBUG org.asynchttpclient.netty.request.NettyRequestSender -- Using open Channel [id: 0xd850032e, L:/127.0.0.1:49363 - R:/127.0.0.1:4723] for GET '/session/9d505292-1662-4e03-b7da-959f22fa1c1e/element/f.09BF641F5805ED6A5007B9E87D61469D.d.777EDFA98D7557D72B5B8D92AD5D4E58.e.791/text'
21:54:48.815 [AsyncHttpClient-1-2] DEBUG org.asynchttpclient.netty.handler.HttpHandler -- 

Request DefaultFullHttpRequest(decodeResult: success, version: HTTP/1.1, content: EmptyByteBufBE)
GET /session/9d505292-1662-4e03-b7da-959f22fa1c1e/element/f.09BF641F5805ED6A5007B9E87D61469D.d.777EDFA98D7557D72B5B8D92AD5D4E58.e.791/text HTTP/1.1
Cache-Control: no-cache
User-Agent: appium/8.3.0 (selenium/4.8.3 (java mac))
Content-Type: application/json; charset=utf-8
host: 127.0.0.1:4723
accept: */*

Response DefaultHttpResponse(decodeResult: success, version: HTTP/1.1)
HTTP/1.1 200 OK
X-Powered-By: Express
Content-Type: application/json; charset=utf-8
Content-Length: 21
ETag: W/"15-wdbs1GeZbdarIRTRE0WOM3NEb7U"
Date: Sun, 06 Apr 2025 13:54:48 GMT
Connection: keep-alive
Keep-Alive: timeout=600

21:54:48.816 [AsyncHttpClient-1-2] DEBUG org.asynchttpclient.netty.channel.ChannelManager -- Adding key: http://127.0.0.1:4723 for channel [id: 0xd850032e, L:/127.0.0.1:49363 - R:/127.0.0.1:4723]
驗證縣市「南投縣」與其行政區成功！
21:54:48.817 [Forwarding executeScript on session 9d505292-1662-4e03-b7da-959f22fa1c1e to remote] DEBUG org.asynchttpclient.netty.request.NettyRequestSender -- Using pooled Channel '[id: 0xd850032e, L:/127.0.0.1:49363 - R:/127.0.0.1:4723]' for 'POST' to 'http://127.0.0.1:4723/session/9d505292-1662-4e03-b7da-959f22fa1c1e/execute/sync'
21:54:48.817 [Forwarding executeScript on session 9d505292-1662-4e03-b7da-959f22fa1c1e to remote] DEBUG org.asynchttpclient.netty.request.NettyRequestSender -- Using open Channel [id: 0xd850032e, L:/127.0.0.1:49363 - R:/127.0.0.1:4723] for POST '/session/9d505292-1662-4e03-b7da-959f22fa1c1e/execute/sync'
21:54:48.841 [AsyncHttpClient-1-2] DEBUG org.asynchttpclient.netty.handler.HttpHandler -- 

Request DefaultHttpRequest(decodeResult: success, version: HTTP/1.1)
POST /session/9d505292-1662-4e03-b7da-959f22fa1c1e/execute/sync HTTP/1.1
User-Agent: appium/8.3.0 (selenium/4.8.3 (java mac))
Content-Length: 347
Content-Type: application/json; charset=utf-8
host: 127.0.0.1:4723
accept: */*

Response DefaultHttpResponse(decodeResult: success, version: HTTP/1.1)
HTTP/1.1 200 OK
X-Powered-By: Express
Vary: X-HTTP-Method-Override
Content-Type: application/json; charset=utf-8
Content-Length: 14
ETag: W/"e-9/1BuKMgFObM1mWJm+YjxtXJnUM"
Date: Sun, 06 Apr 2025 13:54:48 GMT
Connection: keep-alive
Keep-Alive: timeout=600

21:54:48.841 [AsyncHttpClient-1-2] DEBUG org.asynchttpclient.netty.channel.ChannelManager -- Adding key: http://127.0.0.1:4723 for channel [id: 0xd850032e, L:/127.0.0.1:49363 - R:/127.0.0.1:4723]
21:54:48.841 [Forwarding findElement on session 9d505292-1662-4e03-b7da-959f22fa1c1e to remote] DEBUG org.asynchttpclient.netty.request.NettyRequestSender -- Using pooled Channel '[id: 0xd850032e, L:/127.0.0.1:49363 - R:/127.0.0.1:4723]' for 'POST' to 'http://127.0.0.1:4723/session/9d505292-1662-4e03-b7da-959f22fa1c1e/element'
21:54:48.841 [Forwarding findElement on session 9d505292-1662-4e03-b7da-959f22fa1c1e to remote] DEBUG org.asynchttpclient.netty.request.NettyRequestSender -- Using open Channel [id: 0xd850032e, L:/127.0.0.1:49363 - R:/127.0.0.1:4723] for POST '/session/9d505292-1662-4e03-b7da-959f22fa1c1e/element'
21:54:48.963 [AsyncHttpClient-1-2] DEBUG org.asynchttpclient.netty.handler.HttpHandler -- 

Request DefaultHttpRequest(decodeResult: success, version: HTTP/1.1)
POST /session/9d505292-1662-4e03-b7da-959f22fa1c1e/element HTTP/1.1
User-Agent: appium/8.3.0 (selenium/4.8.3 (java mac))
Content-Length: 64
Content-Type: application/json; charset=utf-8
host: 127.0.0.1:4723
accept: */*

Response DefaultHttpResponse(decodeResult: success, version: HTTP/1.1)
HTTP/1.1 200 OK
X-Powered-By: Express
Vary: X-HTTP-Method-Override
Content-Type: application/json; charset=utf-8
Content-Length: 215
ETag: W/"d7-hLLmI8sXBhj61n8KQz/SSgPhJ+w"
Date: Sun, 06 Apr 2025 13:54:48 GMT
Connection: keep-alive
Keep-Alive: timeout=600

21:54:48.963 [AsyncHttpClient-1-2] DEBUG org.asynchttpclient.netty.channel.ChannelManager -- Adding key: http://127.0.0.1:4723 for channel [id: 0xd850032e, L:/127.0.0.1:49363 - R:/127.0.0.1:4723]
21:54:49.066 [Forwarding findChildElements on session 9d505292-1662-4e03-b7da-959f22fa1c1e to remote] DEBUG org.asynchttpclient.netty.request.NettyRequestSender -- Using pooled Channel '[id: 0xd850032e, L:/127.0.0.1:49363 - R:/127.0.0.1:4723]' for 'POST' to 'http://127.0.0.1:4723/session/9d505292-1662-4e03-b7da-959f22fa1c1e/element/f.09BF641F5805ED6A5007B9E87D61469D.d.777EDFA98D7557D72B5B8D92AD5D4E58.e.377/elements'
21:54:49.067 [Forwarding findChildElements on session 9d505292-1662-4e03-b7da-959f22fa1c1e to remote] DEBUG org.asynchttpclient.netty.request.NettyRequestSender -- Using open Channel [id: 0xd850032e, L:/127.0.0.1:49363 - R:/127.0.0.1:4723] for POST '/session/9d505292-1662-4e03-b7da-959f22fa1c1e/element/f.09BF641F5805ED6A5007B9E87D61469D.d.777EDFA98D7557D72B5B8D92AD5D4E58.e.377/elements'
21:54:49.088 [AsyncHttpClient-1-2] DEBUG org.asynchttpclient.netty.handler.HttpHandler -- 

Request DefaultHttpRequest(decodeResult: success, version: HTTP/1.1)
POST /session/9d505292-1662-4e03-b7da-959f22fa1c1e/element/f.09BF641F5805ED6A5007B9E87D61469D.d.777EDFA98D7557D72B5B8D92AD5D4E58.e.377/elements HTTP/1.1
User-Agent: appium/8.3.0 (selenium/4.8.3 (java mac))
Content-Length: 133
Content-Type: application/json; charset=utf-8
host: 127.0.0.1:4723
accept: */*

Response DefaultHttpResponse(decodeResult: success, version: HTTP/1.1)
HTTP/1.1 200 OK
X-Powered-By: Express
Vary: X-HTTP-Method-Override
Content-Type: application/json; charset=utf-8
Content-Length: 629
ETag: W/"275-krusVvuE2wZPb8Xo6PLlq1WTCPk"
Date: Sun, 06 Apr 2025 13:54:49 GMT
Connection: keep-alive
Keep-Alive: timeout=600

21:54:49.089 [AsyncHttpClient-1-2] DEBUG org.asynchttpclient.netty.channel.ChannelManager -- Adding key: http://127.0.0.1:4723 for channel [id: 0xd850032e, L:/127.0.0.1:49363 - R:/127.0.0.1:4723]
21:54:49.091 [Forwarding getElementText on session 9d505292-1662-4e03-b7da-959f22fa1c1e to remote] DEBUG org.asynchttpclient.netty.request.NettyRequestSender -- Using pooled Channel '[id: 0xd850032e, L:/127.0.0.1:49363 - R:/127.0.0.1:4723]' for 'GET' to 'http://127.0.0.1:4723/session/9d505292-1662-4e03-b7da-959f22fa1c1e/element/f.09BF641F5805ED6A5007B9E87D61469D.d.777EDFA98D7557D72B5B8D92AD5D4E58.e.795/text'
21:54:49.091 [Forwarding getElementText on session 9d505292-1662-4e03-b7da-959f22fa1c1e to remote] DEBUG org.asynchttpclient.netty.request.NettyRequestSender -- Using open Channel [id: 0xd850032e, L:/127.0.0.1:49363 - R:/127.0.0.1:4723] for GET '/session/9d505292-1662-4e03-b7da-959f22fa1c1e/element/f.09BF641F5805ED6A5007B9E87D61469D.d.777EDFA98D7557D72B5B8D92AD5D4E58.e.795/text'
21:54:49.114 [AsyncHttpClient-1-2] DEBUG org.asynchttpclient.netty.handler.HttpHandler -- 

Request DefaultFullHttpRequest(decodeResult: success, version: HTTP/1.1, content: EmptyByteBufBE)
GET /session/9d505292-1662-4e03-b7da-959f22fa1c1e/element/f.09BF641F5805ED6A5007B9E87D61469D.d.777EDFA98D7557D72B5B8D92AD5D4E58.e.795/text HTTP/1.1
Cache-Control: no-cache
User-Agent: appium/8.3.0 (selenium/4.8.3 (java mac))
Content-Type: application/json; charset=utf-8
host: 127.0.0.1:4723
accept: */*

Response DefaultHttpResponse(decodeResult: success, version: HTTP/1.1)
HTTP/1.1 200 OK
X-Powered-By: Express
Content-Type: application/json; charset=utf-8
Content-Length: 27
ETag: W/"1b-WszMrTDLUBhetLFWttbtrso7fzY"
Date: Sun, 06 Apr 2025 13:54:49 GMT
Connection: keep-alive
Keep-Alive: timeout=600

21:54:49.114 [AsyncHttpClient-1-2] DEBUG org.asynchttpclient.netty.channel.ChannelManager -- Adding key: http://127.0.0.1:4723 for channel [id: 0xd850032e, L:/127.0.0.1:49363 - R:/127.0.0.1:4723]
21:54:49.115 [Forwarding getElementText on session 9d505292-1662-4e03-b7da-959f22fa1c1e to remote] DEBUG org.asynchttpclient.netty.request.NettyRequestSender -- Using pooled Channel '[id: 0xd850032e, L:/127.0.0.1:49363 - R:/127.0.0.1:4723]' for 'GET' to 'http://127.0.0.1:4723/session/9d505292-1662-4e03-b7da-959f22fa1c1e/element/f.09BF641F5805ED6A5007B9E87D61469D.d.777EDFA98D7557D72B5B8D92AD5D4E58.e.797/text'
21:54:49.115 [Forwarding getElementText on session 9d505292-1662-4e03-b7da-959f22fa1c1e to remote] DEBUG org.asynchttpclient.netty.request.NettyRequestSender -- Using open Channel [id: 0xd850032e, L:/127.0.0.1:49363 - R:/127.0.0.1:4723] for GET '/session/9d505292-1662-4e03-b7da-959f22fa1c1e/element/f.09BF641F5805ED6A5007B9E87D61469D.d.777EDFA98D7557D72B5B8D92AD5D4E58.e.797/text'
21:54:49.137 [AsyncHttpClient-1-2] DEBUG org.asynchttpclient.netty.handler.HttpHandler -- 

Request DefaultFullHttpRequest(decodeResult: success, version: HTTP/1.1, content: EmptyByteBufBE)
GET /session/9d505292-1662-4e03-b7da-959f22fa1c1e/element/f.09BF641F5805ED6A5007B9E87D61469D.d.777EDFA98D7557D72B5B8D92AD5D4E58.e.797/text HTTP/1.1
Cache-Control: no-cache
User-Agent: appium/8.3.0 (selenium/4.8.3 (java mac))
Content-Type: application/json; charset=utf-8
host: 127.0.0.1:4723
accept: */*

Response DefaultHttpResponse(decodeResult: success, version: HTTP/1.1)
HTTP/1.1 200 OK
X-Powered-By: Express
Content-Type: application/json; charset=utf-8
Content-Length: 21
ETag: W/"15-5W8y/1OH6a63fcTSJsSDIXg2PIw"
Date: Sun, 06 Apr 2025 13:54:49 GMT
Connection: keep-alive
Keep-Alive: timeout=600

21:54:49.137 [AsyncHttpClient-1-2] DEBUG org.asynchttpclient.netty.channel.ChannelManager -- Adding key: http://127.0.0.1:4723 for channel [id: 0xd850032e, L:/127.0.0.1:49363 - R:/127.0.0.1:4723]
21:54:49.138 [Forwarding getElementText on session 9d505292-1662-4e03-b7da-959f22fa1c1e to remote] DEBUG org.asynchttpclient.netty.request.NettyRequestSender -- Using pooled Channel '[id: 0xd850032e, L:/127.0.0.1:49363 - R:/127.0.0.1:4723]' for 'GET' to 'http://127.0.0.1:4723/session/9d505292-1662-4e03-b7da-959f22fa1c1e/element/f.09BF641F5805ED6A5007B9E87D61469D.d.777EDFA98D7557D72B5B8D92AD5D4E58.e.799/text'
21:54:49.138 [Forwarding getElementText on session 9d505292-1662-4e03-b7da-959f22fa1c1e to remote] DEBUG org.asynchttpclient.netty.request.NettyRequestSender -- Using open Channel [id: 0xd850032e, L:/127.0.0.1:49363 - R:/127.0.0.1:4723] for GET '/session/9d505292-1662-4e03-b7da-959f22fa1c1e/element/f.09BF641F5805ED6A5007B9E87D61469D.d.777EDFA98D7557D72B5B8D92AD5D4E58.e.799/text'
21:54:49.157 [AsyncHttpClient-1-2] DEBUG org.asynchttpclient.netty.handler.HttpHandler -- 

Request DefaultFullHttpRequest(decodeResult: success, version: HTTP/1.1, content: EmptyByteBufBE)
GET /session/9d505292-1662-4e03-b7da-959f22fa1c1e/element/f.09BF641F5805ED6A5007B9E87D61469D.d.777EDFA98D7557D72B5B8D92AD5D4E58.e.799/text HTTP/1.1
Cache-Control: no-cache
User-Agent: appium/8.3.0 (selenium/4.8.3 (java mac))
Content-Type: application/json; charset=utf-8
host: 127.0.0.1:4723
accept: */*

Response DefaultHttpResponse(decodeResult: success, version: HTTP/1.1)
HTTP/1.1 200 OK
X-Powered-By: Express
Content-Type: application/json; charset=utf-8
Content-Length: 18
ETag: W/"12-UUH2Xbbazz6TpbMNCXEQcotHMLc"
Date: Sun, 06 Apr 2025 13:54:49 GMT
Connection: keep-alive
Keep-Alive: timeout=600

21:54:49.158 [AsyncHttpClient-1-2] DEBUG org.asynchttpclient.netty.channel.ChannelManager -- Adding key: http://127.0.0.1:4723 for channel [id: 0xd850032e, L:/127.0.0.1:49363 - R:/127.0.0.1:4723]
驗證縣市「雲林縣」與其行政區成功！
21:54:49.158 [Forwarding executeScript on session 9d505292-1662-4e03-b7da-959f22fa1c1e to remote] DEBUG org.asynchttpclient.netty.request.NettyRequestSender -- Using pooled Channel '[id: 0xd850032e, L:/127.0.0.1:49363 - R:/127.0.0.1:4723]' for 'POST' to 'http://127.0.0.1:4723/session/9d505292-1662-4e03-b7da-959f22fa1c1e/execute/sync'
21:54:49.158 [Forwarding executeScript on session 9d505292-1662-4e03-b7da-959f22fa1c1e to remote] DEBUG org.asynchttpclient.netty.request.NettyRequestSender -- Using open Channel [id: 0xd850032e, L:/127.0.0.1:49363 - R:/127.0.0.1:4723] for POST '/session/9d505292-1662-4e03-b7da-959f22fa1c1e/execute/sync'
21:54:49.177 [AsyncHttpClient-1-2] DEBUG org.asynchttpclient.netty.handler.HttpHandler -- 

Request DefaultHttpRequest(decodeResult: success, version: HTTP/1.1)
POST /session/9d505292-1662-4e03-b7da-959f22fa1c1e/execute/sync HTTP/1.1
User-Agent: appium/8.3.0 (selenium/4.8.3 (java mac))
Content-Length: 347
Content-Type: application/json; charset=utf-8
host: 127.0.0.1:4723
accept: */*

Response DefaultHttpResponse(decodeResult: success, version: HTTP/1.1)
HTTP/1.1 200 OK
X-Powered-By: Express
Vary: X-HTTP-Method-Override
Content-Type: application/json; charset=utf-8
Content-Length: 14
ETag: W/"e-9/1BuKMgFObM1mWJm+YjxtXJnUM"
Date: Sun, 06 Apr 2025 13:54:49 GMT
Connection: keep-alive
Keep-Alive: timeout=600

21:54:49.177 [AsyncHttpClient-1-2] DEBUG org.asynchttpclient.netty.channel.ChannelManager -- Adding key: http://127.0.0.1:4723 for channel [id: 0xd850032e, L:/127.0.0.1:49363 - R:/127.0.0.1:4723]
21:54:49.177 [Forwarding findElement on session 9d505292-1662-4e03-b7da-959f22fa1c1e to remote] DEBUG org.asynchttpclient.netty.request.NettyRequestSender -- Using pooled Channel '[id: 0xd850032e, L:/127.0.0.1:49363 - R:/127.0.0.1:4723]' for 'POST' to 'http://127.0.0.1:4723/session/9d505292-1662-4e03-b7da-959f22fa1c1e/element'
21:54:49.177 [Forwarding findElement on session 9d505292-1662-4e03-b7da-959f22fa1c1e to remote] DEBUG org.asynchttpclient.netty.request.NettyRequestSender -- Using open Channel [id: 0xd850032e, L:/127.0.0.1:49363 - R:/127.0.0.1:4723] for POST '/session/9d505292-1662-4e03-b7da-959f22fa1c1e/element'
21:54:49.197 [AsyncHttpClient-1-2] DEBUG org.asynchttpclient.netty.handler.HttpHandler -- 

Request DefaultHttpRequest(decodeResult: success, version: HTTP/1.1)
POST /session/9d505292-1662-4e03-b7da-959f22fa1c1e/element HTTP/1.1
User-Agent: appium/8.3.0 (selenium/4.8.3 (java mac))
Content-Length: 64
Content-Type: application/json; charset=utf-8
host: 127.0.0.1:4723
accept: */*

Response DefaultHttpResponse(decodeResult: success, version: HTTP/1.1)
HTTP/1.1 200 OK
X-Powered-By: Express
Vary: X-HTTP-Method-Override
Content-Type: application/json; charset=utf-8
Content-Length: 215
ETag: W/"d7-hLLmI8sXBhj61n8KQz/SSgPhJ+w"
Date: Sun, 06 Apr 2025 13:54:49 GMT
Connection: keep-alive
Keep-Alive: timeout=600

21:54:49.197 [AsyncHttpClient-1-2] DEBUG org.asynchttpclient.netty.channel.ChannelManager -- Adding key: http://127.0.0.1:4723 for channel [id: 0xd850032e, L:/127.0.0.1:49363 - R:/127.0.0.1:4723]
21:54:49.299 [Forwarding findChildElements on session 9d505292-1662-4e03-b7da-959f22fa1c1e to remote] DEBUG org.asynchttpclient.netty.request.NettyRequestSender -- Using pooled Channel '[id: 0xd850032e, L:/127.0.0.1:49363 - R:/127.0.0.1:4723]' for 'POST' to 'http://127.0.0.1:4723/session/9d505292-1662-4e03-b7da-959f22fa1c1e/element/f.09BF641F5805ED6A5007B9E87D61469D.d.777EDFA98D7557D72B5B8D92AD5D4E58.e.377/elements'
21:54:49.299 [Forwarding findChildElements on session 9d505292-1662-4e03-b7da-959f22fa1c1e to remote] DEBUG org.asynchttpclient.netty.request.NettyRequestSender -- Using open Channel [id: 0xd850032e, L:/127.0.0.1:49363 - R:/127.0.0.1:4723] for POST '/session/9d505292-1662-4e03-b7da-959f22fa1c1e/element/f.09BF641F5805ED6A5007B9E87D61469D.d.777EDFA98D7557D72B5B8D92AD5D4E58.e.377/elements'
21:54:49.320 [AsyncHttpClient-1-2] DEBUG org.asynchttpclient.netty.handler.HttpHandler -- 

Request DefaultHttpRequest(decodeResult: success, version: HTTP/1.1)
POST /session/9d505292-1662-4e03-b7da-959f22fa1c1e/element/f.09BF641F5805ED6A5007B9E87D61469D.d.777EDFA98D7557D72B5B8D92AD5D4E58.e.377/elements HTTP/1.1
User-Agent: appium/8.3.0 (selenium/4.8.3 (java mac))
Content-Length: 133
Content-Type: application/json; charset=utf-8
host: 127.0.0.1:4723
accept: */*

Response DefaultHttpResponse(decodeResult: success, version: HTTP/1.1)
HTTP/1.1 200 OK
X-Powered-By: Express
Vary: X-HTTP-Method-Override
Content-Type: application/json; charset=utf-8
Content-Length: 629
ETag: W/"275-8v81IvxKzbQixh7S5s587cNeKC4"
Date: Sun, 06 Apr 2025 13:54:49 GMT
Connection: keep-alive
Keep-Alive: timeout=600

21:54:49.321 [AsyncHttpClient-1-2] DEBUG org.asynchttpclient.netty.channel.ChannelManager -- Adding key: http://127.0.0.1:4723 for channel [id: 0xd850032e, L:/127.0.0.1:49363 - R:/127.0.0.1:4723]
21:54:49.321 [Forwarding getElementText on session 9d505292-1662-4e03-b7da-959f22fa1c1e to remote] DEBUG org.asynchttpclient.netty.request.NettyRequestSender -- Using pooled Channel '[id: 0xd850032e, L:/127.0.0.1:49363 - R:/127.0.0.1:4723]' for 'GET' to 'http://127.0.0.1:4723/session/9d505292-1662-4e03-b7da-959f22fa1c1e/element/f.09BF641F5805ED6A5007B9E87D61469D.d.777EDFA98D7557D72B5B8D92AD5D4E58.e.803/text'
21:54:49.321 [Forwarding getElementText on session 9d505292-1662-4e03-b7da-959f22fa1c1e to remote] DEBUG org.asynchttpclient.netty.request.NettyRequestSender -- Using open Channel [id: 0xd850032e, L:/127.0.0.1:49363 - R:/127.0.0.1:4723] for GET '/session/9d505292-1662-4e03-b7da-959f22fa1c1e/element/f.09BF641F5805ED6A5007B9E87D61469D.d.777EDFA98D7557D72B5B8D92AD5D4E58.e.803/text'
21:54:49.341 [AsyncHttpClient-1-2] DEBUG org.asynchttpclient.netty.handler.HttpHandler -- 

Request DefaultFullHttpRequest(decodeResult: success, version: HTTP/1.1, content: EmptyByteBufBE)
GET /session/9d505292-1662-4e03-b7da-959f22fa1c1e/element/f.09BF641F5805ED6A5007B9E87D61469D.d.777EDFA98D7557D72B5B8D92AD5D4E58.e.803/text HTTP/1.1
Cache-Control: no-cache
User-Agent: appium/8.3.0 (selenium/4.8.3 (java mac))
Content-Type: application/json; charset=utf-8
host: 127.0.0.1:4723
accept: */*

Response DefaultHttpResponse(decodeResult: success, version: HTTP/1.1)
HTTP/1.1 200 OK
X-Powered-By: Express
Content-Type: application/json; charset=utf-8
Content-Length: 27
ETag: W/"1b-WszMrTDLUBhetLFWttbtrso7fzY"
Date: Sun, 06 Apr 2025 13:54:49 GMT
Connection: keep-alive
Keep-Alive: timeout=600

21:54:49.341 [AsyncHttpClient-1-2] DEBUG org.asynchttpclient.netty.channel.ChannelManager -- Adding key: http://127.0.0.1:4723 for channel [id: 0xd850032e, L:/127.0.0.1:49363 - R:/127.0.0.1:4723]
21:54:49.342 [Forwarding getElementText on session 9d505292-1662-4e03-b7da-959f22fa1c1e to remote] DEBUG org.asynchttpclient.netty.request.NettyRequestSender -- Using pooled Channel '[id: 0xd850032e, L:/127.0.0.1:49363 - R:/127.0.0.1:4723]' for 'GET' to 'http://127.0.0.1:4723/session/9d505292-1662-4e03-b7da-959f22fa1c1e/element/f.09BF641F5805ED6A5007B9E87D61469D.d.777EDFA98D7557D72B5B8D92AD5D4E58.e.805/text'
21:54:49.342 [Forwarding getElementText on session 9d505292-1662-4e03-b7da-959f22fa1c1e to remote] DEBUG org.asynchttpclient.netty.request.NettyRequestSender -- Using open Channel [id: 0xd850032e, L:/127.0.0.1:49363 - R:/127.0.0.1:4723] for GET '/session/9d505292-1662-4e03-b7da-959f22fa1c1e/element/f.09BF641F5805ED6A5007B9E87D61469D.d.777EDFA98D7557D72B5B8D92AD5D4E58.e.805/text'
21:54:49.361 [AsyncHttpClient-1-2] DEBUG org.asynchttpclient.netty.handler.HttpHandler -- 

Request DefaultFullHttpRequest(decodeResult: success, version: HTTP/1.1, content: EmptyByteBufBE)
GET /session/9d505292-1662-4e03-b7da-959f22fa1c1e/element/f.09BF641F5805ED6A5007B9E87D61469D.d.777EDFA98D7557D72B5B8D92AD5D4E58.e.805/text HTTP/1.1
Cache-Control: no-cache
User-Agent: appium/8.3.0 (selenium/4.8.3 (java mac))
Content-Type: application/json; charset=utf-8
host: 127.0.0.1:4723
accept: */*

Response DefaultHttpResponse(decodeResult: success, version: HTTP/1.1)
HTTP/1.1 200 OK
X-Powered-By: Express
Content-Type: application/json; charset=utf-8
Content-Length: 18
ETag: W/"12-9X6w8tps0gYtba5Abp6nmmnviIs"
Date: Sun, 06 Apr 2025 13:54:49 GMT
Connection: keep-alive
Keep-Alive: timeout=600

21:54:49.362 [AsyncHttpClient-1-2] DEBUG org.asynchttpclient.netty.channel.ChannelManager -- Adding key: http://127.0.0.1:4723 for channel [id: 0xd850032e, L:/127.0.0.1:49363 - R:/127.0.0.1:4723]
21:54:49.362 [Forwarding getElementText on session 9d505292-1662-4e03-b7da-959f22fa1c1e to remote] DEBUG org.asynchttpclient.netty.request.NettyRequestSender -- Using pooled Channel '[id: 0xd850032e, L:/127.0.0.1:49363 - R:/127.0.0.1:4723]' for 'GET' to 'http://127.0.0.1:4723/session/9d505292-1662-4e03-b7da-959f22fa1c1e/element/f.09BF641F5805ED6A5007B9E87D61469D.d.777EDFA98D7557D72B5B8D92AD5D4E58.e.807/text'
21:54:49.362 [Forwarding getElementText on session 9d505292-1662-4e03-b7da-959f22fa1c1e to remote] DEBUG org.asynchttpclient.netty.request.NettyRequestSender -- Using open Channel [id: 0xd850032e, L:/127.0.0.1:49363 - R:/127.0.0.1:4723] for GET '/session/9d505292-1662-4e03-b7da-959f22fa1c1e/element/f.09BF641F5805ED6A5007B9E87D61469D.d.777EDFA98D7557D72B5B8D92AD5D4E58.e.807/text'
21:54:49.383 [AsyncHttpClient-1-2] DEBUG org.asynchttpclient.netty.handler.HttpHandler -- 

Request DefaultFullHttpRequest(decodeResult: success, version: HTTP/1.1, content: EmptyByteBufBE)
GET /session/9d505292-1662-4e03-b7da-959f22fa1c1e/element/f.09BF641F5805ED6A5007B9E87D61469D.d.777EDFA98D7557D72B5B8D92AD5D4E58.e.807/text HTTP/1.1
Cache-Control: no-cache
User-Agent: appium/8.3.0 (selenium/4.8.3 (java mac))
Content-Type: application/json; charset=utf-8
host: 127.0.0.1:4723
accept: */*

Response DefaultHttpResponse(decodeResult: success, version: HTTP/1.1)
HTTP/1.1 200 OK
X-Powered-By: Express
Content-Type: application/json; charset=utf-8
Content-Length: 18
ETag: W/"12-loHbZ8AgYbMu+NXceVP5bj6+kig"
Date: Sun, 06 Apr 2025 13:54:49 GMT
Connection: keep-alive
Keep-Alive: timeout=600

21:54:49.383 [AsyncHttpClient-1-2] DEBUG org.asynchttpclient.netty.channel.ChannelManager -- Adding key: http://127.0.0.1:4723 for channel [id: 0xd850032e, L:/127.0.0.1:49363 - R:/127.0.0.1:4723]
驗證縣市「嘉義市」與其行政區成功！
21:54:49.386 [Forwarding executeScript on session 9d505292-1662-4e03-b7da-959f22fa1c1e to remote] DEBUG org.asynchttpclient.netty.request.NettyRequestSender -- Using pooled Channel '[id: 0xd850032e, L:/127.0.0.1:49363 - R:/127.0.0.1:4723]' for 'POST' to 'http://127.0.0.1:4723/session/9d505292-1662-4e03-b7da-959f22fa1c1e/execute/sync'
21:54:49.386 [Forwarding executeScript on session 9d505292-1662-4e03-b7da-959f22fa1c1e to remote] DEBUG org.asynchttpclient.netty.request.NettyRequestSender -- Using open Channel [id: 0xd850032e, L:/127.0.0.1:49363 - R:/127.0.0.1:4723] for POST '/session/9d505292-1662-4e03-b7da-959f22fa1c1e/execute/sync'
21:54:49.408 [AsyncHttpClient-1-2] DEBUG org.asynchttpclient.netty.handler.HttpHandler -- 

Request DefaultHttpRequest(decodeResult: success, version: HTTP/1.1)
POST /session/9d505292-1662-4e03-b7da-959f22fa1c1e/execute/sync HTTP/1.1
User-Agent: appium/8.3.0 (selenium/4.8.3 (java mac))
Content-Length: 347
Content-Type: application/json; charset=utf-8
host: 127.0.0.1:4723
accept: */*

Response DefaultHttpResponse(decodeResult: success, version: HTTP/1.1)
HTTP/1.1 200 OK
X-Powered-By: Express
Vary: X-HTTP-Method-Override
Content-Type: application/json; charset=utf-8
Content-Length: 14
ETag: W/"e-9/1BuKMgFObM1mWJm+YjxtXJnUM"
Date: Sun, 06 Apr 2025 13:54:49 GMT
Connection: keep-alive
Keep-Alive: timeout=600

21:54:49.408 [AsyncHttpClient-1-2] DEBUG org.asynchttpclient.netty.channel.ChannelManager -- Adding key: http://127.0.0.1:4723 for channel [id: 0xd850032e, L:/127.0.0.1:49363 - R:/127.0.0.1:4723]
21:54:49.409 [Forwarding findElement on session 9d505292-1662-4e03-b7da-959f22fa1c1e to remote] DEBUG org.asynchttpclient.netty.request.NettyRequestSender -- Using pooled Channel '[id: 0xd850032e, L:/127.0.0.1:49363 - R:/127.0.0.1:4723]' for 'POST' to 'http://127.0.0.1:4723/session/9d505292-1662-4e03-b7da-959f22fa1c1e/element'
21:54:49.409 [Forwarding findElement on session 9d505292-1662-4e03-b7da-959f22fa1c1e to remote] DEBUG org.asynchttpclient.netty.request.NettyRequestSender -- Using open Channel [id: 0xd850032e, L:/127.0.0.1:49363 - R:/127.0.0.1:4723] for POST '/session/9d505292-1662-4e03-b7da-959f22fa1c1e/element'
21:54:49.427 [AsyncHttpClient-1-2] DEBUG org.asynchttpclient.netty.handler.HttpHandler -- 

Request DefaultHttpRequest(decodeResult: success, version: HTTP/1.1)
POST /session/9d505292-1662-4e03-b7da-959f22fa1c1e/element HTTP/1.1
User-Agent: appium/8.3.0 (selenium/4.8.3 (java mac))
Content-Length: 64
Content-Type: application/json; charset=utf-8
host: 127.0.0.1:4723
accept: */*

Response DefaultHttpResponse(decodeResult: success, version: HTTP/1.1)
HTTP/1.1 200 OK
X-Powered-By: Express
Vary: X-HTTP-Method-Override
Content-Type: application/json; charset=utf-8
Content-Length: 215
ETag: W/"d7-hLLmI8sXBhj61n8KQz/SSgPhJ+w"
Date: Sun, 06 Apr 2025 13:54:49 GMT
Connection: keep-alive
Keep-Alive: timeout=600

21:54:49.428 [AsyncHttpClient-1-2] DEBUG org.asynchttpclient.netty.channel.ChannelManager -- Adding key: http://127.0.0.1:4723 for channel [id: 0xd850032e, L:/127.0.0.1:49363 - R:/127.0.0.1:4723]
21:54:49.533 [Forwarding findChildElements on session 9d505292-1662-4e03-b7da-959f22fa1c1e to remote] DEBUG org.asynchttpclient.netty.request.NettyRequestSender -- Using pooled Channel '[id: 0xd850032e, L:/127.0.0.1:49363 - R:/127.0.0.1:4723]' for 'POST' to 'http://127.0.0.1:4723/session/9d505292-1662-4e03-b7da-959f22fa1c1e/element/f.09BF641F5805ED6A5007B9E87D61469D.d.777EDFA98D7557D72B5B8D92AD5D4E58.e.377/elements'
21:54:49.533 [Forwarding findChildElements on session 9d505292-1662-4e03-b7da-959f22fa1c1e to remote] DEBUG org.asynchttpclient.netty.request.NettyRequestSender -- Using open Channel [id: 0xd850032e, L:/127.0.0.1:49363 - R:/127.0.0.1:4723] for POST '/session/9d505292-1662-4e03-b7da-959f22fa1c1e/element/f.09BF641F5805ED6A5007B9E87D61469D.d.777EDFA98D7557D72B5B8D92AD5D4E58.e.377/elements'
21:54:49.558 [AsyncHttpClient-1-2] DEBUG org.asynchttpclient.netty.handler.HttpHandler -- 

Request DefaultHttpRequest(decodeResult: success, version: HTTP/1.1)
POST /session/9d505292-1662-4e03-b7da-959f22fa1c1e/element/f.09BF641F5805ED6A5007B9E87D61469D.d.777EDFA98D7557D72B5B8D92AD5D4E58.e.377/elements HTTP/1.1
User-Agent: appium/8.3.0 (selenium/4.8.3 (java mac))
Content-Length: 133
Content-Type: application/json; charset=utf-8
host: 127.0.0.1:4723
accept: */*

Response DefaultHttpResponse(decodeResult: success, version: HTTP/1.1)
HTTP/1.1 200 OK
X-Powered-By: Express
Vary: X-HTTP-Method-Override
Content-Type: application/json; charset=utf-8
Content-Length: 3925
ETag: W/"f55-sZlet/9QCXrPghKLwfJsotCf5QI"
Date: Sun, 06 Apr 2025 13:54:49 GMT
Connection: keep-alive
Keep-Alive: timeout=600

21:54:49.558 [AsyncHttpClient-1-2] DEBUG org.asynchttpclient.netty.channel.ChannelManager -- Adding key: http://127.0.0.1:4723 for channel [id: 0xd850032e, L:/127.0.0.1:49363 - R:/127.0.0.1:4723]
21:54:49.559 [Forwarding getElementText on session 9d505292-1662-4e03-b7da-959f22fa1c1e to remote] DEBUG org.asynchttpclient.netty.request.NettyRequestSender -- Using pooled Channel '[id: 0xd850032e, L:/127.0.0.1:49363 - R:/127.0.0.1:4723]' for 'GET' to 'http://127.0.0.1:4723/session/9d505292-1662-4e03-b7da-959f22fa1c1e/element/f.09BF641F5805ED6A5007B9E87D61469D.d.777EDFA98D7557D72B5B8D92AD5D4E58.e.811/text'
21:54:49.559 [Forwarding getElementText on session 9d505292-1662-4e03-b7da-959f22fa1c1e to remote] DEBUG org.asynchttpclient.netty.request.NettyRequestSender -- Using open Channel [id: 0xd850032e, L:/127.0.0.1:49363 - R:/127.0.0.1:4723] for GET '/session/9d505292-1662-4e03-b7da-959f22fa1c1e/element/f.09BF641F5805ED6A5007B9E87D61469D.d.777EDFA98D7557D72B5B8D92AD5D4E58.e.811/text'
21:54:49.583 [AsyncHttpClient-1-2] DEBUG org.asynchttpclient.netty.handler.HttpHandler -- 

Request DefaultFullHttpRequest(decodeResult: success, version: HTTP/1.1, content: EmptyByteBufBE)
GET /session/9d505292-1662-4e03-b7da-959f22fa1c1e/element/f.09BF641F5805ED6A5007B9E87D61469D.d.777EDFA98D7557D72B5B8D92AD5D4E58.e.811/text HTTP/1.1
Cache-Control: no-cache
User-Agent: appium/8.3.0 (selenium/4.8.3 (java mac))
Content-Type: application/json; charset=utf-8
host: 127.0.0.1:4723
accept: */*

Response DefaultHttpResponse(decodeResult: success, version: HTTP/1.1)
HTTP/1.1 200 OK
X-Powered-By: Express
Content-Type: application/json; charset=utf-8
Content-Length: 27
ETag: W/"1b-WszMrTDLUBhetLFWttbtrso7fzY"
Date: Sun, 06 Apr 2025 13:54:49 GMT
Connection: keep-alive
Keep-Alive: timeout=600

21:54:49.583 [AsyncHttpClient-1-2] DEBUG org.asynchttpclient.netty.channel.ChannelManager -- Adding key: http://127.0.0.1:4723 for channel [id: 0xd850032e, L:/127.0.0.1:49363 - R:/127.0.0.1:4723]
21:54:49.584 [Forwarding getElementText on session 9d505292-1662-4e03-b7da-959f22fa1c1e to remote] DEBUG org.asynchttpclient.netty.request.NettyRequestSender -- Using pooled Channel '[id: 0xd850032e, L:/127.0.0.1:49363 - R:/127.0.0.1:4723]' for 'GET' to 'http://127.0.0.1:4723/session/9d505292-1662-4e03-b7da-959f22fa1c1e/element/f.09BF641F5805ED6A5007B9E87D61469D.d.777EDFA98D7557D72B5B8D92AD5D4E58.e.813/text'
21:54:49.584 [Forwarding getElementText on session 9d505292-1662-4e03-b7da-959f22fa1c1e to remote] DEBUG org.asynchttpclient.netty.request.NettyRequestSender -- Using open Channel [id: 0xd850032e, L:/127.0.0.1:49363 - R:/127.0.0.1:4723] for GET '/session/9d505292-1662-4e03-b7da-959f22fa1c1e/element/f.09BF641F5805ED6A5007B9E87D61469D.d.777EDFA98D7557D72B5B8D92AD5D4E58.e.813/text'
21:54:49.610 [AsyncHttpClient-1-2] DEBUG org.asynchttpclient.netty.handler.HttpHandler -- 

Request DefaultFullHttpRequest(decodeResult: success, version: HTTP/1.1, content: EmptyByteBufBE)
GET /session/9d505292-1662-4e03-b7da-959f22fa1c1e/element/f.09BF641F5805ED6A5007B9E87D61469D.d.777EDFA98D7557D72B5B8D92AD5D4E58.e.813/text HTTP/1.1
Cache-Control: no-cache
User-Agent: appium/8.3.0 (selenium/4.8.3 (java mac))
Content-Type: application/json; charset=utf-8
host: 127.0.0.1:4723
accept: */*

Response DefaultHttpResponse(decodeResult: success, version: HTTP/1.1)
HTTP/1.1 200 OK
X-Powered-By: Express
Content-Type: application/json; charset=utf-8
Content-Length: 21
ETag: W/"15-vlSVJjpfMX5S0TseqK2R4YGSpQw"
Date: Sun, 06 Apr 2025 13:54:49 GMT
Connection: keep-alive
Keep-Alive: timeout=600

21:54:49.610 [AsyncHttpClient-1-2] DEBUG org.asynchttpclient.netty.channel.ChannelManager -- Adding key: http://127.0.0.1:4723 for channel [id: 0xd850032e, L:/127.0.0.1:49363 - R:/127.0.0.1:4723]
21:54:49.611 [Forwarding getElementText on session 9d505292-1662-4e03-b7da-959f22fa1c1e to remote] DEBUG org.asynchttpclient.netty.request.NettyRequestSender -- Using pooled Channel '[id: 0xd850032e, L:/127.0.0.1:49363 - R:/127.0.0.1:4723]' for 'GET' to 'http://127.0.0.1:4723/session/9d505292-1662-4e03-b7da-959f22fa1c1e/element/f.09BF641F5805ED6A5007B9E87D61469D.d.777EDFA98D7557D72B5B8D92AD5D4E58.e.815/text'
21:54:49.611 [Forwarding getElementText on session 9d505292-1662-4e03-b7da-959f22fa1c1e to remote] DEBUG org.asynchttpclient.netty.request.NettyRequestSender -- Using open Channel [id: 0xd850032e, L:/127.0.0.1:49363 - R:/127.0.0.1:4723] for GET '/session/9d505292-1662-4e03-b7da-959f22fa1c1e/element/f.09BF641F5805ED6A5007B9E87D61469D.d.777EDFA98D7557D72B5B8D92AD5D4E58.e.815/text'
21:54:49.632 [AsyncHttpClient-1-2] DEBUG org.asynchttpclient.netty.handler.HttpHandler -- 

Request DefaultFullHttpRequest(decodeResult: success, version: HTTP/1.1, content: EmptyByteBufBE)
GET /session/9d505292-1662-4e03-b7da-959f22fa1c1e/element/f.09BF641F5805ED6A5007B9E87D61469D.d.777EDFA98D7557D72B5B8D92AD5D4E58.e.815/text HTTP/1.1
Cache-Control: no-cache
User-Agent: appium/8.3.0 (selenium/4.8.3 (java mac))
Content-Type: application/json; charset=utf-8
host: 127.0.0.1:4723
accept: */*

Response DefaultHttpResponse(decodeResult: success, version: HTTP/1.1)
HTTP/1.1 200 OK
X-Powered-By: Express
Content-Type: application/json; charset=utf-8
Content-Length: 21
ETag: W/"15-i0cF34fKaWkRTdppEbchuTZnCNw"
Date: Sun, 06 Apr 2025 13:54:49 GMT
Connection: keep-alive
Keep-Alive: timeout=600

21:54:49.632 [AsyncHttpClient-1-2] DEBUG org.asynchttpclient.netty.channel.ChannelManager -- Adding key: http://127.0.0.1:4723 for channel [id: 0xd850032e, L:/127.0.0.1:49363 - R:/127.0.0.1:4723]
21:54:49.633 [Forwarding getElementText on session 9d505292-1662-4e03-b7da-959f22fa1c1e to remote] DEBUG org.asynchttpclient.netty.request.NettyRequestSender -- Using pooled Channel '[id: 0xd850032e, L:/127.0.0.1:49363 - R:/127.0.0.1:4723]' for 'GET' to 'http://127.0.0.1:4723/session/9d505292-1662-4e03-b7da-959f22fa1c1e/element/f.09BF641F5805ED6A5007B9E87D61469D.d.777EDFA98D7557D72B5B8D92AD5D4E58.e.817/text'
21:54:49.633 [Forwarding getElementText on session 9d505292-1662-4e03-b7da-959f22fa1c1e to remote] DEBUG org.asynchttpclient.netty.request.NettyRequestSender -- Using open Channel [id: 0xd850032e, L:/127.0.0.1:49363 - R:/127.0.0.1:4723] for GET '/session/9d505292-1662-4e03-b7da-959f22fa1c1e/element/f.09BF641F5805ED6A5007B9E87D61469D.d.777EDFA98D7557D72B5B8D92AD5D4E58.e.817/text'
21:54:49.659 [AsyncHttpClient-1-2] DEBUG org.asynchttpclient.netty.handler.HttpHandler -- 

Request DefaultFullHttpRequest(decodeResult: success, version: HTTP/1.1, content: EmptyByteBufBE)
GET /session/9d505292-1662-4e03-b7da-959f22fa1c1e/element/f.09BF641F5805ED6A5007B9E87D61469D.d.777EDFA98D7557D72B5B8D92AD5D4E58.e.817/text HTTP/1.1
Cache-Control: no-cache
User-Agent: appium/8.3.0 (selenium/4.8.3 (java mac))
Content-Type: application/json; charset=utf-8
host: 127.0.0.1:4723
accept: */*

Response DefaultHttpResponse(decodeResult: success, version: HTTP/1.1)
HTTP/1.1 200 OK
X-Powered-By: Express
Content-Type: application/json; charset=utf-8
Content-Length: 21
ETag: W/"15-086GWIb+xeidOCjPxAQtnq6BWB4"
Date: Sun, 06 Apr 2025 13:54:49 GMT
Connection: keep-alive
Keep-Alive: timeout=600

21:54:49.659 [AsyncHttpClient-1-2] DEBUG org.asynchttpclient.netty.channel.ChannelManager -- Adding key: http://127.0.0.1:4723 for channel [id: 0xd850032e, L:/127.0.0.1:49363 - R:/127.0.0.1:4723]
21:54:49.660 [Forwarding getElementText on session 9d505292-1662-4e03-b7da-959f22fa1c1e to remote] DEBUG org.asynchttpclient.netty.request.NettyRequestSender -- Using pooled Channel '[id: 0xd850032e, L:/127.0.0.1:49363 - R:/127.0.0.1:4723]' for 'GET' to 'http://127.0.0.1:4723/session/9d505292-1662-4e03-b7da-959f22fa1c1e/element/f.09BF641F5805ED6A5007B9E87D61469D.d.777EDFA98D7557D72B5B8D92AD5D4E58.e.819/text'
21:54:49.660 [Forwarding getElementText on session 9d505292-1662-4e03-b7da-959f22fa1c1e to remote] DEBUG org.asynchttpclient.netty.request.NettyRequestSender -- Using open Channel [id: 0xd850032e, L:/127.0.0.1:49363 - R:/127.0.0.1:4723] for GET '/session/9d505292-1662-4e03-b7da-959f22fa1c1e/element/f.09BF641F5805ED6A5007B9E87D61469D.d.777EDFA98D7557D72B5B8D92AD5D4E58.e.819/text'
21:54:49.694 [AsyncHttpClient-1-2] DEBUG org.asynchttpclient.netty.handler.HttpHandler -- 

Request DefaultFullHttpRequest(decodeResult: success, version: HTTP/1.1, content: EmptyByteBufBE)
GET /session/9d505292-1662-4e03-b7da-959f22fa1c1e/element/f.09BF641F5805ED6A5007B9E87D61469D.d.777EDFA98D7557D72B5B8D92AD5D4E58.e.819/text HTTP/1.1
Cache-Control: no-cache
User-Agent: appium/8.3.0 (selenium/4.8.3 (java mac))
Content-Type: application/json; charset=utf-8
host: 127.0.0.1:4723
accept: */*

Response DefaultHttpResponse(decodeResult: success, version: HTTP/1.1)
HTTP/1.1 200 OK
X-Powered-By: Express
Content-Type: application/json; charset=utf-8
Content-Length: 21
ETag: W/"15-HRY6vAQ0qM/y4pHfSS45Lo3ZpvE"
Date: Sun, 06 Apr 2025 13:54:49 GMT
Connection: keep-alive
Keep-Alive: timeout=600

21:54:49.694 [AsyncHttpClient-1-2] DEBUG org.asynchttpclient.netty.channel.ChannelManager -- Adding key: http://127.0.0.1:4723 for channel [id: 0xd850032e, L:/127.0.0.1:49363 - R:/127.0.0.1:4723]
21:54:49.695 [Forwarding getElementText on session 9d505292-1662-4e03-b7da-959f22fa1c1e to remote] DEBUG org.asynchttpclient.netty.request.NettyRequestSender -- Using pooled Channel '[id: 0xd850032e, L:/127.0.0.1:49363 - R:/127.0.0.1:4723]' for 'GET' to 'http://127.0.0.1:4723/session/9d505292-1662-4e03-b7da-959f22fa1c1e/element/f.09BF641F5805ED6A5007B9E87D61469D.d.777EDFA98D7557D72B5B8D92AD5D4E58.e.821/text'
21:54:49.695 [Forwarding getElementText on session 9d505292-1662-4e03-b7da-959f22fa1c1e to remote] DEBUG org.asynchttpclient.netty.request.NettyRequestSender -- Using open Channel [id: 0xd850032e, L:/127.0.0.1:49363 - R:/127.0.0.1:4723] for GET '/session/9d505292-1662-4e03-b7da-959f22fa1c1e/element/f.09BF641F5805ED6A5007B9E87D61469D.d.777EDFA98D7557D72B5B8D92AD5D4E58.e.821/text'
21:54:49.714 [AsyncHttpClient-1-2] DEBUG org.asynchttpclient.netty.handler.HttpHandler -- 

Request DefaultFullHttpRequest(decodeResult: success, version: HTTP/1.1, content: EmptyByteBufBE)
GET /session/9d505292-1662-4e03-b7da-959f22fa1c1e/element/f.09BF641F5805ED6A5007B9E87D61469D.d.777EDFA98D7557D72B5B8D92AD5D4E58.e.821/text HTTP/1.1
Cache-Control: no-cache
User-Agent: appium/8.3.0 (selenium/4.8.3 (java mac))
Content-Type: application/json; charset=utf-8
host: 127.0.0.1:4723
accept: */*

Response DefaultHttpResponse(decodeResult: success, version: HTTP/1.1)
HTTP/1.1 200 OK
X-Powered-By: Express
Content-Type: application/json; charset=utf-8
Content-Length: 21
ETag: W/"15-iqGKIGW4l50e2MaT1GVcAL2hCug"
Date: Sun, 06 Apr 2025 13:54:49 GMT
Connection: keep-alive
Keep-Alive: timeout=600

21:54:49.714 [AsyncHttpClient-1-2] DEBUG org.asynchttpclient.netty.channel.ChannelManager -- Adding key: http://127.0.0.1:4723 for channel [id: 0xd850032e, L:/127.0.0.1:49363 - R:/127.0.0.1:4723]
21:54:49.715 [Forwarding getElementText on session 9d505292-1662-4e03-b7da-959f22fa1c1e to remote] DEBUG org.asynchttpclient.netty.request.NettyRequestSender -- Using pooled Channel '[id: 0xd850032e, L:/127.0.0.1:49363 - R:/127.0.0.1:4723]' for 'GET' to 'http://127.0.0.1:4723/session/9d505292-1662-4e03-b7da-959f22fa1c1e/element/f.09BF641F5805ED6A5007B9E87D61469D.d.777EDFA98D7557D72B5B8D92AD5D4E58.e.823/text'
21:54:49.715 [Forwarding getElementText on session 9d505292-1662-4e03-b7da-959f22fa1c1e to remote] DEBUG org.asynchttpclient.netty.request.NettyRequestSender -- Using open Channel [id: 0xd850032e, L:/127.0.0.1:49363 - R:/127.0.0.1:4723] for GET '/session/9d505292-1662-4e03-b7da-959f22fa1c1e/element/f.09BF641F5805ED6A5007B9E87D61469D.d.777EDFA98D7557D72B5B8D92AD5D4E58.e.823/text'
21:54:49.735 [AsyncHttpClient-1-2] DEBUG org.asynchttpclient.netty.handler.HttpHandler -- 

Request DefaultFullHttpRequest(decodeResult: success, version: HTTP/1.1, content: EmptyByteBufBE)
GET /session/9d505292-1662-4e03-b7da-959f22fa1c1e/element/f.09BF641F5805ED6A5007B9E87D61469D.d.777EDFA98D7557D72B5B8D92AD5D4E58.e.823/text HTTP/1.1
Cache-Control: no-cache
User-Agent: appium/8.3.0 (selenium/4.8.3 (java mac))
Content-Type: application/json; charset=utf-8
host: 127.0.0.1:4723
accept: */*

Response DefaultHttpResponse(decodeResult: success, version: HTTP/1.1)
HTTP/1.1 200 OK
X-Powered-By: Express
Content-Type: application/json; charset=utf-8
Content-Length: 21
ETag: W/"15-ysGjIoZ2uohFmCv6ewwBaApQYpw"
Date: Sun, 06 Apr 2025 13:54:49 GMT
Connection: keep-alive
Keep-Alive: timeout=600

21:54:49.735 [AsyncHttpClient-1-2] DEBUG org.asynchttpclient.netty.channel.ChannelManager -- Adding key: http://127.0.0.1:4723 for channel [id: 0xd850032e, L:/127.0.0.1:49363 - R:/127.0.0.1:4723]
21:54:49.735 [Forwarding getElementText on session 9d505292-1662-4e03-b7da-959f22fa1c1e to remote] DEBUG org.asynchttpclient.netty.request.NettyRequestSender -- Using pooled Channel '[id: 0xd850032e, L:/127.0.0.1:49363 - R:/127.0.0.1:4723]' for 'GET' to 'http://127.0.0.1:4723/session/9d505292-1662-4e03-b7da-959f22fa1c1e/element/f.09BF641F5805ED6A5007B9E87D61469D.d.777EDFA98D7557D72B5B8D92AD5D4E58.e.825/text'
21:54:49.735 [Forwarding getElementText on session 9d505292-1662-4e03-b7da-959f22fa1c1e to remote] DEBUG org.asynchttpclient.netty.request.NettyRequestSender -- Using open Channel [id: 0xd850032e, L:/127.0.0.1:49363 - R:/127.0.0.1:4723] for GET '/session/9d505292-1662-4e03-b7da-959f22fa1c1e/element/f.09BF641F5805ED6A5007B9E87D61469D.d.777EDFA98D7557D72B5B8D92AD5D4E58.e.825/text'
21:54:49.752 [AsyncHttpClient-1-2] DEBUG org.asynchttpclient.netty.handler.HttpHandler -- 

Request DefaultFullHttpRequest(decodeResult: success, version: HTTP/1.1, content: EmptyByteBufBE)
GET /session/9d505292-1662-4e03-b7da-959f22fa1c1e/element/f.09BF641F5805ED6A5007B9E87D61469D.d.777EDFA98D7557D72B5B8D92AD5D4E58.e.825/text HTTP/1.1
Cache-Control: no-cache
User-Agent: appium/8.3.0 (selenium/4.8.3 (java mac))
Content-Type: application/json; charset=utf-8
host: 127.0.0.1:4723
accept: */*

Response DefaultHttpResponse(decodeResult: success, version: HTTP/1.1)
HTTP/1.1 200 OK
X-Powered-By: Express
Content-Type: application/json; charset=utf-8
Content-Length: 21
ETag: W/"15-qxF/dO28rmL+w6xlwTgzD0wwMdo"
Date: Sun, 06 Apr 2025 13:54:49 GMT
Connection: keep-alive
Keep-Alive: timeout=600

21:54:49.753 [AsyncHttpClient-1-2] DEBUG org.asynchttpclient.netty.channel.ChannelManager -- Adding key: http://127.0.0.1:4723 for channel [id: 0xd850032e, L:/127.0.0.1:49363 - R:/127.0.0.1:4723]
21:54:49.753 [Forwarding getElementText on session 9d505292-1662-4e03-b7da-959f22fa1c1e to remote] DEBUG org.asynchttpclient.netty.request.NettyRequestSender -- Using pooled Channel '[id: 0xd850032e, L:/127.0.0.1:49363 - R:/127.0.0.1:4723]' for 'GET' to 'http://127.0.0.1:4723/session/9d505292-1662-4e03-b7da-959f22fa1c1e/element/f.09BF641F5805ED6A5007B9E87D61469D.d.777EDFA98D7557D72B5B8D92AD5D4E58.e.827/text'
21:54:49.753 [Forwarding getElementText on session 9d505292-1662-4e03-b7da-959f22fa1c1e to remote] DEBUG org.asynchttpclient.netty.request.NettyRequestSender -- Using open Channel [id: 0xd850032e, L:/127.0.0.1:49363 - R:/127.0.0.1:4723] for GET '/session/9d505292-1662-4e03-b7da-959f22fa1c1e/element/f.09BF641F5805ED6A5007B9E87D61469D.d.777EDFA98D7557D72B5B8D92AD5D4E58.e.827/text'
21:54:49.773 [AsyncHttpClient-1-2] DEBUG org.asynchttpclient.netty.handler.HttpHandler -- 

Request DefaultFullHttpRequest(decodeResult: success, version: HTTP/1.1, content: EmptyByteBufBE)
GET /session/9d505292-1662-4e03-b7da-959f22fa1c1e/element/f.09BF641F5805ED6A5007B9E87D61469D.d.777EDFA98D7557D72B5B8D92AD5D4E58.e.827/text HTTP/1.1
Cache-Control: no-cache
User-Agent: appium/8.3.0 (selenium/4.8.3 (java mac))
Content-Type: application/json; charset=utf-8
host: 127.0.0.1:4723
accept: */*

Response DefaultHttpResponse(decodeResult: success, version: HTTP/1.1)
HTTP/1.1 200 OK
X-Powered-By: Express
Content-Type: application/json; charset=utf-8
Content-Length: 21
ETag: W/"15-vdBLh77bNyNWOAc/jToo4L9tk1g"
Date: Sun, 06 Apr 2025 13:54:49 GMT
Connection: keep-alive
Keep-Alive: timeout=600

21:54:49.774 [AsyncHttpClient-1-2] DEBUG org.asynchttpclient.netty.channel.ChannelManager -- Adding key: http://127.0.0.1:4723 for channel [id: 0xd850032e, L:/127.0.0.1:49363 - R:/127.0.0.1:4723]
21:54:49.774 [Forwarding getElementText on session 9d505292-1662-4e03-b7da-959f22fa1c1e to remote] DEBUG org.asynchttpclient.netty.request.NettyRequestSender -- Using pooled Channel '[id: 0xd850032e, L:/127.0.0.1:49363 - R:/127.0.0.1:4723]' for 'GET' to 'http://127.0.0.1:4723/session/9d505292-1662-4e03-b7da-959f22fa1c1e/element/f.09BF641F5805ED6A5007B9E87D61469D.d.777EDFA98D7557D72B5B8D92AD5D4E58.e.829/text'
21:54:49.774 [Forwarding getElementText on session 9d505292-1662-4e03-b7da-959f22fa1c1e to remote] DEBUG org.asynchttpclient.netty.request.NettyRequestSender -- Using open Channel [id: 0xd850032e, L:/127.0.0.1:49363 - R:/127.0.0.1:4723] for GET '/session/9d505292-1662-4e03-b7da-959f22fa1c1e/element/f.09BF641F5805ED6A5007B9E87D61469D.d.777EDFA98D7557D72B5B8D92AD5D4E58.e.829/text'
21:54:49.794 [AsyncHttpClient-1-2] DEBUG org.asynchttpclient.netty.handler.HttpHandler -- 

Request DefaultFullHttpRequest(decodeResult: success, version: HTTP/1.1, content: EmptyByteBufBE)
GET /session/9d505292-1662-4e03-b7da-959f22fa1c1e/element/f.09BF641F5805ED6A5007B9E87D61469D.d.777EDFA98D7557D72B5B8D92AD5D4E58.e.829/text HTTP/1.1
Cache-Control: no-cache
User-Agent: appium/8.3.0 (selenium/4.8.3 (java mac))
Content-Type: application/json; charset=utf-8
host: 127.0.0.1:4723
accept: */*

Response DefaultHttpResponse(decodeResult: success, version: HTTP/1.1)
HTTP/1.1 200 OK
X-Powered-By: Express
Content-Type: application/json; charset=utf-8
Content-Length: 21
ETag: W/"15-zpR/BEXn3Sj6Gak2LGfl0I9Xnhw"
Date: Sun, 06 Apr 2025 13:54:49 GMT
Connection: keep-alive
Keep-Alive: timeout=600

21:54:49.794 [AsyncHttpClient-1-2] DEBUG org.asynchttpclient.netty.channel.ChannelManager -- Adding key: http://127.0.0.1:4723 for channel [id: 0xd850032e, L:/127.0.0.1:49363 - R:/127.0.0.1:4723]
21:54:49.795 [Forwarding getElementText on session 9d505292-1662-4e03-b7da-959f22fa1c1e to remote] DEBUG org.asynchttpclient.netty.request.NettyRequestSender -- Using pooled Channel '[id: 0xd850032e, L:/127.0.0.1:49363 - R:/127.0.0.1:4723]' for 'GET' to 'http://127.0.0.1:4723/session/9d505292-1662-4e03-b7da-959f22fa1c1e/element/f.09BF641F5805ED6A5007B9E87D61469D.d.777EDFA98D7557D72B5B8D92AD5D4E58.e.831/text'
21:54:49.795 [Forwarding getElementText on session 9d505292-1662-4e03-b7da-959f22fa1c1e to remote] DEBUG org.asynchttpclient.netty.request.NettyRequestSender -- Using open Channel [id: 0xd850032e, L:/127.0.0.1:49363 - R:/127.0.0.1:4723] for GET '/session/9d505292-1662-4e03-b7da-959f22fa1c1e/element/f.09BF641F5805ED6A5007B9E87D61469D.d.777EDFA98D7557D72B5B8D92AD5D4E58.e.831/text'
21:54:49.814 [AsyncHttpClient-1-2] DEBUG org.asynchttpclient.netty.handler.HttpHandler -- 

Request DefaultFullHttpRequest(decodeResult: success, version: HTTP/1.1, content: EmptyByteBufBE)
GET /session/9d505292-1662-4e03-b7da-959f22fa1c1e/element/f.09BF641F5805ED6A5007B9E87D61469D.d.777EDFA98D7557D72B5B8D92AD5D4E58.e.831/text HTTP/1.1
Cache-Control: no-cache
User-Agent: appium/8.3.0 (selenium/4.8.3 (java mac))
Content-Type: application/json; charset=utf-8
host: 127.0.0.1:4723
accept: */*

Response DefaultHttpResponse(decodeResult: success, version: HTTP/1.1)
HTTP/1.1 200 OK
X-Powered-By: Express
Content-Type: application/json; charset=utf-8
Content-Length: 21
ETag: W/"15-Q444hmP5VKrywKl/EFq2j1g8fSQ"
Date: Sun, 06 Apr 2025 13:54:49 GMT
Connection: keep-alive
Keep-Alive: timeout=600

21:54:49.814 [AsyncHttpClient-1-2] DEBUG org.asynchttpclient.netty.channel.ChannelManager -- Adding key: http://127.0.0.1:4723 for channel [id: 0xd850032e, L:/127.0.0.1:49363 - R:/127.0.0.1:4723]
21:54:49.818 [Forwarding getElementText on session 9d505292-1662-4e03-b7da-959f22fa1c1e to remote] DEBUG org.asynchttpclient.netty.request.NettyRequestSender -- Using pooled Channel '[id: 0xd850032e, L:/127.0.0.1:49363 - R:/127.0.0.1:4723]' for 'GET' to 'http://127.0.0.1:4723/session/9d505292-1662-4e03-b7da-959f22fa1c1e/element/f.09BF641F5805ED6A5007B9E87D61469D.d.777EDFA98D7557D72B5B8D92AD5D4E58.e.833/text'
21:54:49.818 [Forwarding getElementText on session 9d505292-1662-4e03-b7da-959f22fa1c1e to remote] DEBUG org.asynchttpclient.netty.request.NettyRequestSender -- Using open Channel [id: 0xd850032e, L:/127.0.0.1:49363 - R:/127.0.0.1:4723] for GET '/session/9d505292-1662-4e03-b7da-959f22fa1c1e/element/f.09BF641F5805ED6A5007B9E87D61469D.d.777EDFA98D7557D72B5B8D92AD5D4E58.e.833/text'
21:54:49.837 [AsyncHttpClient-1-2] DEBUG org.asynchttpclient.netty.handler.HttpHandler -- 

Request DefaultFullHttpRequest(decodeResult: success, version: HTTP/1.1, content: EmptyByteBufBE)
GET /session/9d505292-1662-4e03-b7da-959f22fa1c1e/element/f.09BF641F5805ED6A5007B9E87D61469D.d.777EDFA98D7557D72B5B8D92AD5D4E58.e.833/text HTTP/1.1
Cache-Control: no-cache
User-Agent: appium/8.3.0 (selenium/4.8.3 (java mac))
Content-Type: application/json; charset=utf-8
host: 127.0.0.1:4723
accept: */*

Response DefaultHttpResponse(decodeResult: success, version: HTTP/1.1)
HTTP/1.1 200 OK
X-Powered-By: Express
Content-Type: application/json; charset=utf-8
Content-Length: 21
ETag: W/"15-vkTQCYmUAH+trH0MO69ju/vQdLo"
Date: Sun, 06 Apr 2025 13:54:49 GMT
Connection: keep-alive
Keep-Alive: timeout=600

21:54:49.837 [AsyncHttpClient-1-2] DEBUG org.asynchttpclient.netty.channel.ChannelManager -- Adding key: http://127.0.0.1:4723 for channel [id: 0xd850032e, L:/127.0.0.1:49363 - R:/127.0.0.1:4723]
21:54:49.837 [Forwarding getElementText on session 9d505292-1662-4e03-b7da-959f22fa1c1e to remote] DEBUG org.asynchttpclient.netty.request.NettyRequestSender -- Using pooled Channel '[id: 0xd850032e, L:/127.0.0.1:49363 - R:/127.0.0.1:4723]' for 'GET' to 'http://127.0.0.1:4723/session/9d505292-1662-4e03-b7da-959f22fa1c1e/element/f.09BF641F5805ED6A5007B9E87D61469D.d.777EDFA98D7557D72B5B8D92AD5D4E58.e.835/text'
21:54:49.837 [Forwarding getElementText on session 9d505292-1662-4e03-b7da-959f22fa1c1e to remote] DEBUG org.asynchttpclient.netty.request.NettyRequestSender -- Using open Channel [id: 0xd850032e, L:/127.0.0.1:49363 - R:/127.0.0.1:4723] for GET '/session/9d505292-1662-4e03-b7da-959f22fa1c1e/element/f.09BF641F5805ED6A5007B9E87D61469D.d.777EDFA98D7557D72B5B8D92AD5D4E58.e.835/text'
21:54:49.857 [AsyncHttpClient-1-2] DEBUG org.asynchttpclient.netty.handler.HttpHandler -- 

Request DefaultFullHttpRequest(decodeResult: success, version: HTTP/1.1, content: EmptyByteBufBE)
GET /session/9d505292-1662-4e03-b7da-959f22fa1c1e/element/f.09BF641F5805ED6A5007B9E87D61469D.d.777EDFA98D7557D72B5B8D92AD5D4E58.e.835/text HTTP/1.1
Cache-Control: no-cache
User-Agent: appium/8.3.0 (selenium/4.8.3 (java mac))
Content-Type: application/json; charset=utf-8
host: 127.0.0.1:4723
accept: */*

Response DefaultHttpResponse(decodeResult: success, version: HTTP/1.1)
HTTP/1.1 200 OK
X-Powered-By: Express
Content-Type: application/json; charset=utf-8
Content-Length: 21
ETag: W/"15-IBACwtQe763bsDcbV5JhTQxKtQw"
Date: Sun, 06 Apr 2025 13:54:49 GMT
Connection: keep-alive
Keep-Alive: timeout=600

21:54:49.857 [AsyncHttpClient-1-2] DEBUG org.asynchttpclient.netty.channel.ChannelManager -- Adding key: http://127.0.0.1:4723 for channel [id: 0xd850032e, L:/127.0.0.1:49363 - R:/127.0.0.1:4723]
21:54:49.858 [Forwarding getElementText on session 9d505292-1662-4e03-b7da-959f22fa1c1e to remote] DEBUG org.asynchttpclient.netty.request.NettyRequestSender -- Using pooled Channel '[id: 0xd850032e, L:/127.0.0.1:49363 - R:/127.0.0.1:4723]' for 'GET' to 'http://127.0.0.1:4723/session/9d505292-1662-4e03-b7da-959f22fa1c1e/element/f.09BF641F5805ED6A5007B9E87D61469D.d.777EDFA98D7557D72B5B8D92AD5D4E58.e.837/text'
21:54:49.858 [Forwarding getElementText on session 9d505292-1662-4e03-b7da-959f22fa1c1e to remote] DEBUG org.asynchttpclient.netty.request.NettyRequestSender -- Using open Channel [id: 0xd850032e, L:/127.0.0.1:49363 - R:/127.0.0.1:4723] for GET '/session/9d505292-1662-4e03-b7da-959f22fa1c1e/element/f.09BF641F5805ED6A5007B9E87D61469D.d.777EDFA98D7557D72B5B8D92AD5D4E58.e.837/text'
21:54:49.883 [AsyncHttpClient-1-2] DEBUG org.asynchttpclient.netty.handler.HttpHandler -- 

Request DefaultFullHttpRequest(decodeResult: success, version: HTTP/1.1, content: EmptyByteBufBE)
GET /session/9d505292-1662-4e03-b7da-959f22fa1c1e/element/f.09BF641F5805ED6A5007B9E87D61469D.d.777EDFA98D7557D72B5B8D92AD5D4E58.e.837/text HTTP/1.1
Cache-Control: no-cache
User-Agent: appium/8.3.0 (selenium/4.8.3 (java mac))
Content-Type: application/json; charset=utf-8
host: 127.0.0.1:4723
accept: */*

Response DefaultHttpResponse(decodeResult: success, version: HTTP/1.1)
HTTP/1.1 200 OK
X-Powered-By: Express
Content-Type: application/json; charset=utf-8
Content-Length: 21
ETag: W/"15-3bofTQvKTF91JatBgOWz4mzW9DE"
Date: Sun, 06 Apr 2025 13:54:49 GMT
Connection: keep-alive
Keep-Alive: timeout=600

21:54:49.883 [AsyncHttpClient-1-2] DEBUG org.asynchttpclient.netty.channel.ChannelManager -- Adding key: http://127.0.0.1:4723 for channel [id: 0xd850032e, L:/127.0.0.1:49363 - R:/127.0.0.1:4723]
21:54:49.884 [Forwarding getElementText on session 9d505292-1662-4e03-b7da-959f22fa1c1e to remote] DEBUG org.asynchttpclient.netty.request.NettyRequestSender -- Using pooled Channel '[id: 0xd850032e, L:/127.0.0.1:49363 - R:/127.0.0.1:4723]' for 'GET' to 'http://127.0.0.1:4723/session/9d505292-1662-4e03-b7da-959f22fa1c1e/element/f.09BF641F5805ED6A5007B9E87D61469D.d.777EDFA98D7557D72B5B8D92AD5D4E58.e.839/text'
21:54:49.884 [Forwarding getElementText on session 9d505292-1662-4e03-b7da-959f22fa1c1e to remote] DEBUG org.asynchttpclient.netty.request.NettyRequestSender -- Using open Channel [id: 0xd850032e, L:/127.0.0.1:49363 - R:/127.0.0.1:4723] for GET '/session/9d505292-1662-4e03-b7da-959f22fa1c1e/element/f.09BF641F5805ED6A5007B9E87D61469D.d.777EDFA98D7557D72B5B8D92AD5D4E58.e.839/text'
21:54:49.903 [AsyncHttpClient-1-2] DEBUG org.asynchttpclient.netty.handler.HttpHandler -- 

Request DefaultFullHttpRequest(decodeResult: success, version: HTTP/1.1, content: EmptyByteBufBE)
GET /session/9d505292-1662-4e03-b7da-959f22fa1c1e/element/f.09BF641F5805ED6A5007B9E87D61469D.d.777EDFA98D7557D72B5B8D92AD5D4E58.e.839/text HTTP/1.1
Cache-Control: no-cache
User-Agent: appium/8.3.0 (selenium/4.8.3 (java mac))
Content-Type: application/json; charset=utf-8
host: 127.0.0.1:4723
accept: */*

Response DefaultHttpResponse(decodeResult: success, version: HTTP/1.1)
HTTP/1.1 200 OK
X-Powered-By: Express
Content-Type: application/json; charset=utf-8
Content-Length: 21
ETag: W/"15-7P4yPjhG1N39bd0o6pTencrlXwE"
Date: Sun, 06 Apr 2025 13:54:49 GMT
Connection: keep-alive
Keep-Alive: timeout=600

21:54:49.903 [AsyncHttpClient-1-2] DEBUG org.asynchttpclient.netty.channel.ChannelManager -- Adding key: http://127.0.0.1:4723 for channel [id: 0xd850032e, L:/127.0.0.1:49363 - R:/127.0.0.1:4723]
21:54:49.904 [Forwarding getElementText on session 9d505292-1662-4e03-b7da-959f22fa1c1e to remote] DEBUG org.asynchttpclient.netty.request.NettyRequestSender -- Using pooled Channel '[id: 0xd850032e, L:/127.0.0.1:49363 - R:/127.0.0.1:4723]' for 'GET' to 'http://127.0.0.1:4723/session/9d505292-1662-4e03-b7da-959f22fa1c1e/element/f.09BF641F5805ED6A5007B9E87D61469D.d.777EDFA98D7557D72B5B8D92AD5D4E58.e.841/text'
21:54:49.904 [Forwarding getElementText on session 9d505292-1662-4e03-b7da-959f22fa1c1e to remote] DEBUG org.asynchttpclient.netty.request.NettyRequestSender -- Using open Channel [id: 0xd850032e, L:/127.0.0.1:49363 - R:/127.0.0.1:4723] for GET '/session/9d505292-1662-4e03-b7da-959f22fa1c1e/element/f.09BF641F5805ED6A5007B9E87D61469D.d.777EDFA98D7557D72B5B8D92AD5D4E58.e.841/text'
21:54:49.924 [AsyncHttpClient-1-2] DEBUG org.asynchttpclient.netty.handler.HttpHandler -- 

Request DefaultFullHttpRequest(decodeResult: success, version: HTTP/1.1, content: EmptyByteBufBE)
GET /session/9d505292-1662-4e03-b7da-959f22fa1c1e/element/f.09BF641F5805ED6A5007B9E87D61469D.d.777EDFA98D7557D72B5B8D92AD5D4E58.e.841/text HTTP/1.1
Cache-Control: no-cache
User-Agent: appium/8.3.0 (selenium/4.8.3 (java mac))
Content-Type: application/json; charset=utf-8
host: 127.0.0.1:4723
accept: */*

Response DefaultHttpResponse(decodeResult: success, version: HTTP/1.1)
HTTP/1.1 200 OK
X-Powered-By: Express
Content-Type: application/json; charset=utf-8
Content-Length: 21
ETag: W/"15-NXMnzwpZ3qaoVw8+R5/P9UVdiKE"
Date: Sun, 06 Apr 2025 13:54:49 GMT
Connection: keep-alive
Keep-Alive: timeout=600

21:54:49.925 [AsyncHttpClient-1-2] DEBUG org.asynchttpclient.netty.channel.ChannelManager -- Adding key: http://127.0.0.1:4723 for channel [id: 0xd850032e, L:/127.0.0.1:49363 - R:/127.0.0.1:4723]
21:54:49.925 [Forwarding getElementText on session 9d505292-1662-4e03-b7da-959f22fa1c1e to remote] DEBUG org.asynchttpclient.netty.request.NettyRequestSender -- Using pooled Channel '[id: 0xd850032e, L:/127.0.0.1:49363 - R:/127.0.0.1:4723]' for 'GET' to 'http://127.0.0.1:4723/session/9d505292-1662-4e03-b7da-959f22fa1c1e/element/f.09BF641F5805ED6A5007B9E87D61469D.d.777EDFA98D7557D72B5B8D92AD5D4E58.e.843/text'
21:54:49.925 [Forwarding getElementText on session 9d505292-1662-4e03-b7da-959f22fa1c1e to remote] DEBUG org.asynchttpclient.netty.request.NettyRequestSender -- Using open Channel [id: 0xd850032e, L:/127.0.0.1:49363 - R:/127.0.0.1:4723] for GET '/session/9d505292-1662-4e03-b7da-959f22fa1c1e/element/f.09BF641F5805ED6A5007B9E87D61469D.d.777EDFA98D7557D72B5B8D92AD5D4E58.e.843/text'
21:54:49.947 [AsyncHttpClient-1-2] DEBUG org.asynchttpclient.netty.handler.HttpHandler -- 

Request DefaultFullHttpRequest(decodeResult: success, version: HTTP/1.1, content: EmptyByteBufBE)
GET /session/9d505292-1662-4e03-b7da-959f22fa1c1e/element/f.09BF641F5805ED6A5007B9E87D61469D.d.777EDFA98D7557D72B5B8D92AD5D4E58.e.843/text HTTP/1.1
Cache-Control: no-cache
User-Agent: appium/8.3.0 (selenium/4.8.3 (java mac))
Content-Type: application/json; charset=utf-8
host: 127.0.0.1:4723
accept: */*

Response DefaultHttpResponse(decodeResult: success, version: HTTP/1.1)
HTTP/1.1 200 OK
X-Powered-By: Express
Content-Type: application/json; charset=utf-8
Content-Length: 21
ETag: W/"15-JBAGhXKDr7iPYvl7iPcaLheVClk"
Date: Sun, 06 Apr 2025 13:54:49 GMT
Connection: keep-alive
Keep-Alive: timeout=600

21:54:49.947 [AsyncHttpClient-1-2] DEBUG org.asynchttpclient.netty.channel.ChannelManager -- Adding key: http://127.0.0.1:4723 for channel [id: 0xd850032e, L:/127.0.0.1:49363 - R:/127.0.0.1:4723]
21:54:49.947 [Forwarding getElementText on session 9d505292-1662-4e03-b7da-959f22fa1c1e to remote] DEBUG org.asynchttpclient.netty.request.NettyRequestSender -- Using pooled Channel '[id: 0xd850032e, L:/127.0.0.1:49363 - R:/127.0.0.1:4723]' for 'GET' to 'http://127.0.0.1:4723/session/9d505292-1662-4e03-b7da-959f22fa1c1e/element/f.09BF641F5805ED6A5007B9E87D61469D.d.777EDFA98D7557D72B5B8D92AD5D4E58.e.845/text'
21:54:49.947 [Forwarding getElementText on session 9d505292-1662-4e03-b7da-959f22fa1c1e to remote] DEBUG org.asynchttpclient.netty.request.NettyRequestSender -- Using open Channel [id: 0xd850032e, L:/127.0.0.1:49363 - R:/127.0.0.1:4723] for GET '/session/9d505292-1662-4e03-b7da-959f22fa1c1e/element/f.09BF641F5805ED6A5007B9E87D61469D.d.777EDFA98D7557D72B5B8D92AD5D4E58.e.845/text'
21:54:49.965 [AsyncHttpClient-1-2] DEBUG org.asynchttpclient.netty.handler.HttpHandler -- 

Request DefaultFullHttpRequest(decodeResult: success, version: HTTP/1.1, content: EmptyByteBufBE)
GET /session/9d505292-1662-4e03-b7da-959f22fa1c1e/element/f.09BF641F5805ED6A5007B9E87D61469D.d.777EDFA98D7557D72B5B8D92AD5D4E58.e.845/text HTTP/1.1
Cache-Control: no-cache
User-Agent: appium/8.3.0 (selenium/4.8.3 (java mac))
Content-Type: application/json; charset=utf-8
host: 127.0.0.1:4723
accept: */*

Response DefaultHttpResponse(decodeResult: success, version: HTTP/1.1)
HTTP/1.1 200 OK
X-Powered-By: Express
Content-Type: application/json; charset=utf-8
Content-Length: 24
ETag: W/"18-UN1m4eEdHN4cgYsR2r1RNGtFoHk"
Date: Sun, 06 Apr 2025 13:54:49 GMT
Connection: keep-alive
Keep-Alive: timeout=600

21:54:49.965 [AsyncHttpClient-1-2] DEBUG org.asynchttpclient.netty.channel.ChannelManager -- Adding key: http://127.0.0.1:4723 for channel [id: 0xd850032e, L:/127.0.0.1:49363 - R:/127.0.0.1:4723]
21:54:49.965 [Forwarding getElementText on session 9d505292-1662-4e03-b7da-959f22fa1c1e to remote] DEBUG org.asynchttpclient.netty.request.NettyRequestSender -- Using pooled Channel '[id: 0xd850032e, L:/127.0.0.1:49363 - R:/127.0.0.1:4723]' for 'GET' to 'http://127.0.0.1:4723/session/9d505292-1662-4e03-b7da-959f22fa1c1e/element/f.09BF641F5805ED6A5007B9E87D61469D.d.777EDFA98D7557D72B5B8D92AD5D4E58.e.847/text'
21:54:49.965 [Forwarding getElementText on session 9d505292-1662-4e03-b7da-959f22fa1c1e to remote] DEBUG org.asynchttpclient.netty.request.NettyRequestSender -- Using open Channel [id: 0xd850032e, L:/127.0.0.1:49363 - R:/127.0.0.1:4723] for GET '/session/9d505292-1662-4e03-b7da-959f22fa1c1e/element/f.09BF641F5805ED6A5007B9E87D61469D.d.777EDFA98D7557D72B5B8D92AD5D4E58.e.847/text'
21:54:49.982 [AsyncHttpClient-1-2] DEBUG org.asynchttpclient.netty.handler.HttpHandler -- 

Request DefaultFullHttpRequest(decodeResult: success, version: HTTP/1.1, content: EmptyByteBufBE)
GET /session/9d505292-1662-4e03-b7da-959f22fa1c1e/element/f.09BF641F5805ED6A5007B9E87D61469D.d.777EDFA98D7557D72B5B8D92AD5D4E58.e.847/text HTTP/1.1
Cache-Control: no-cache
User-Agent: appium/8.3.0 (selenium/4.8.3 (java mac))
Content-Type: application/json; charset=utf-8
host: 127.0.0.1:4723
accept: */*

Response DefaultHttpResponse(decodeResult: success, version: HTTP/1.1)
HTTP/1.1 200 OK
X-Powered-By: Express
Content-Type: application/json; charset=utf-8
Content-Length: 21
ETag: W/"15-2tMxIqnlKefDNjGQJ1quvEyAYJc"
Date: Sun, 06 Apr 2025 13:54:49 GMT
Connection: keep-alive
Keep-Alive: timeout=600

21:54:49.982 [AsyncHttpClient-1-2] DEBUG org.asynchttpclient.netty.channel.ChannelManager -- Adding key: http://127.0.0.1:4723 for channel [id: 0xd850032e, L:/127.0.0.1:49363 - R:/127.0.0.1:4723]
驗證縣市「嘉義縣」與其行政區成功！
21:54:49.983 [Forwarding executeScript on session 9d505292-1662-4e03-b7da-959f22fa1c1e to remote] DEBUG org.asynchttpclient.netty.request.NettyRequestSender -- Using pooled Channel '[id: 0xd850032e, L:/127.0.0.1:49363 - R:/127.0.0.1:4723]' for 'POST' to 'http://127.0.0.1:4723/session/9d505292-1662-4e03-b7da-959f22fa1c1e/execute/sync'
21:54:49.983 [Forwarding executeScript on session 9d505292-1662-4e03-b7da-959f22fa1c1e to remote] DEBUG org.asynchttpclient.netty.request.NettyRequestSender -- Using open Channel [id: 0xd850032e, L:/127.0.0.1:49363 - R:/127.0.0.1:4723] for POST '/session/9d505292-1662-4e03-b7da-959f22fa1c1e/execute/sync'
21:54:50.008 [AsyncHttpClient-1-2] DEBUG org.asynchttpclient.netty.handler.HttpHandler -- 

Request DefaultHttpRequest(decodeResult: success, version: HTTP/1.1)
POST /session/9d505292-1662-4e03-b7da-959f22fa1c1e/execute/sync HTTP/1.1
User-Agent: appium/8.3.0 (selenium/4.8.3 (java mac))
Content-Length: 347
Content-Type: application/json; charset=utf-8
host: 127.0.0.1:4723
accept: */*

Response DefaultHttpResponse(decodeResult: success, version: HTTP/1.1)
HTTP/1.1 200 OK
X-Powered-By: Express
Vary: X-HTTP-Method-Override
Content-Type: application/json; charset=utf-8
Content-Length: 14
ETag: W/"e-9/1BuKMgFObM1mWJm+YjxtXJnUM"
Date: Sun, 06 Apr 2025 13:54:50 GMT
Connection: keep-alive
Keep-Alive: timeout=600

21:54:50.008 [AsyncHttpClient-1-2] DEBUG org.asynchttpclient.netty.channel.ChannelManager -- Adding key: http://127.0.0.1:4723 for channel [id: 0xd850032e, L:/127.0.0.1:49363 - R:/127.0.0.1:4723]
21:54:50.009 [Forwarding findElement on session 9d505292-1662-4e03-b7da-959f22fa1c1e to remote] DEBUG org.asynchttpclient.netty.request.NettyRequestSender -- Using pooled Channel '[id: 0xd850032e, L:/127.0.0.1:49363 - R:/127.0.0.1:4723]' for 'POST' to 'http://127.0.0.1:4723/session/9d505292-1662-4e03-b7da-959f22fa1c1e/element'
21:54:50.009 [Forwarding findElement on session 9d505292-1662-4e03-b7da-959f22fa1c1e to remote] DEBUG org.asynchttpclient.netty.request.NettyRequestSender -- Using open Channel [id: 0xd850032e, L:/127.0.0.1:49363 - R:/127.0.0.1:4723] for POST '/session/9d505292-1662-4e03-b7da-959f22fa1c1e/element'
21:54:50.028 [AsyncHttpClient-1-2] DEBUG org.asynchttpclient.netty.handler.HttpHandler -- 

Request DefaultHttpRequest(decodeResult: success, version: HTTP/1.1)
POST /session/9d505292-1662-4e03-b7da-959f22fa1c1e/element HTTP/1.1
User-Agent: appium/8.3.0 (selenium/4.8.3 (java mac))
Content-Length: 64
Content-Type: application/json; charset=utf-8
host: 127.0.0.1:4723
accept: */*

Response DefaultHttpResponse(decodeResult: success, version: HTTP/1.1)
HTTP/1.1 200 OK
X-Powered-By: Express
Vary: X-HTTP-Method-Override
Content-Type: application/json; charset=utf-8
Content-Length: 215
ETag: W/"d7-hLLmI8sXBhj61n8KQz/SSgPhJ+w"
Date: Sun, 06 Apr 2025 13:54:50 GMT
Connection: keep-alive
Keep-Alive: timeout=600

21:54:50.028 [AsyncHttpClient-1-2] DEBUG org.asynchttpclient.netty.channel.ChannelManager -- Adding key: http://127.0.0.1:4723 for channel [id: 0xd850032e, L:/127.0.0.1:49363 - R:/127.0.0.1:4723]
21:54:50.133 [Forwarding findChildElements on session 9d505292-1662-4e03-b7da-959f22fa1c1e to remote] DEBUG org.asynchttpclient.netty.request.NettyRequestSender -- Using pooled Channel '[id: 0xd850032e, L:/127.0.0.1:49363 - R:/127.0.0.1:4723]' for 'POST' to 'http://127.0.0.1:4723/session/9d505292-1662-4e03-b7da-959f22fa1c1e/element/f.09BF641F5805ED6A5007B9E87D61469D.d.777EDFA98D7557D72B5B8D92AD5D4E58.e.377/elements'
21:54:50.133 [Forwarding findChildElements on session 9d505292-1662-4e03-b7da-959f22fa1c1e to remote] DEBUG org.asynchttpclient.netty.request.NettyRequestSender -- Using open Channel [id: 0xd850032e, L:/127.0.0.1:49363 - R:/127.0.0.1:4723] for POST '/session/9d505292-1662-4e03-b7da-959f22fa1c1e/element/f.09BF641F5805ED6A5007B9E87D61469D.d.777EDFA98D7557D72B5B8D92AD5D4E58.e.377/elements'
21:54:50.160 [AsyncHttpClient-1-2] DEBUG org.asynchttpclient.netty.handler.HttpHandler -- 

Request DefaultHttpRequest(decodeResult: success, version: HTTP/1.1)
POST /session/9d505292-1662-4e03-b7da-959f22fa1c1e/element/f.09BF641F5805ED6A5007B9E87D61469D.d.777EDFA98D7557D72B5B8D92AD5D4E58.e.377/elements HTTP/1.1
User-Agent: appium/8.3.0 (selenium/4.8.3 (java mac))
Content-Length: 133
Content-Type: application/json; charset=utf-8
host: 127.0.0.1:4723
accept: */*

Response DefaultHttpResponse(decodeResult: success, version: HTTP/1.1)
HTTP/1.1 200 OK
X-Powered-By: Express
Vary: X-HTTP-Method-Override
Content-Type: application/json; charset=utf-8
Content-Length: 7839
ETag: W/"1e9f-J8BVkwPXsukrWNuZoQca9+H0LN0"
Date: Sun, 06 Apr 2025 13:54:50 GMT
Connection: keep-alive
Keep-Alive: timeout=600

21:54:50.161 [AsyncHttpClient-1-2] DEBUG org.asynchttpclient.netty.channel.ChannelManager -- Adding key: http://127.0.0.1:4723 for channel [id: 0xd850032e, L:/127.0.0.1:49363 - R:/127.0.0.1:4723]
21:54:50.162 [Forwarding getElementText on session 9d505292-1662-4e03-b7da-959f22fa1c1e to remote] DEBUG org.asynchttpclient.netty.request.NettyRequestSender -- Using pooled Channel '[id: 0xd850032e, L:/127.0.0.1:49363 - R:/127.0.0.1:4723]' for 'GET' to 'http://127.0.0.1:4723/session/9d505292-1662-4e03-b7da-959f22fa1c1e/element/f.09BF641F5805ED6A5007B9E87D61469D.d.777EDFA98D7557D72B5B8D92AD5D4E58.e.851/text'
21:54:50.162 [Forwarding getElementText on session 9d505292-1662-4e03-b7da-959f22fa1c1e to remote] DEBUG org.asynchttpclient.netty.request.NettyRequestSender -- Using open Channel [id: 0xd850032e, L:/127.0.0.1:49363 - R:/127.0.0.1:4723] for GET '/session/9d505292-1662-4e03-b7da-959f22fa1c1e/element/f.09BF641F5805ED6A5007B9E87D61469D.d.777EDFA98D7557D72B5B8D92AD5D4E58.e.851/text'
21:54:50.187 [AsyncHttpClient-1-2] DEBUG org.asynchttpclient.netty.handler.HttpHandler -- 

Request DefaultFullHttpRequest(decodeResult: success, version: HTTP/1.1, content: EmptyByteBufBE)
GET /session/9d505292-1662-4e03-b7da-959f22fa1c1e/element/f.09BF641F5805ED6A5007B9E87D61469D.d.777EDFA98D7557D72B5B8D92AD5D4E58.e.851/text HTTP/1.1
Cache-Control: no-cache
User-Agent: appium/8.3.0 (selenium/4.8.3 (java mac))
Content-Type: application/json; charset=utf-8
host: 127.0.0.1:4723
accept: */*

Response DefaultHttpResponse(decodeResult: success, version: HTTP/1.1)
HTTP/1.1 200 OK
X-Powered-By: Express
Content-Type: application/json; charset=utf-8
Content-Length: 27
ETag: W/"1b-WszMrTDLUBhetLFWttbtrso7fzY"
Date: Sun, 06 Apr 2025 13:54:50 GMT
Connection: keep-alive
Keep-Alive: timeout=600

21:54:50.187 [AsyncHttpClient-1-2] DEBUG org.asynchttpclient.netty.channel.ChannelManager -- Adding key: http://127.0.0.1:4723 for channel [id: 0xd850032e, L:/127.0.0.1:49363 - R:/127.0.0.1:4723]
21:54:50.187 [Forwarding getElementText on session 9d505292-1662-4e03-b7da-959f22fa1c1e to remote] DEBUG org.asynchttpclient.netty.request.NettyRequestSender -- Using pooled Channel '[id: 0xd850032e, L:/127.0.0.1:49363 - R:/127.0.0.1:4723]' for 'GET' to 'http://127.0.0.1:4723/session/9d505292-1662-4e03-b7da-959f22fa1c1e/element/f.09BF641F5805ED6A5007B9E87D61469D.d.777EDFA98D7557D72B5B8D92AD5D4E58.e.853/text'
21:54:50.187 [Forwarding getElementText on session 9d505292-1662-4e03-b7da-959f22fa1c1e to remote] DEBUG org.asynchttpclient.netty.request.NettyRequestSender -- Using open Channel [id: 0xd850032e, L:/127.0.0.1:49363 - R:/127.0.0.1:4723] for GET '/session/9d505292-1662-4e03-b7da-959f22fa1c1e/element/f.09BF641F5805ED6A5007B9E87D61469D.d.777EDFA98D7557D72B5B8D92AD5D4E58.e.853/text'
21:54:50.210 [AsyncHttpClient-1-2] DEBUG org.asynchttpclient.netty.handler.HttpHandler -- 

Request DefaultFullHttpRequest(decodeResult: success, version: HTTP/1.1, content: EmptyByteBufBE)
GET /session/9d505292-1662-4e03-b7da-959f22fa1c1e/element/f.09BF641F5805ED6A5007B9E87D61469D.d.777EDFA98D7557D72B5B8D92AD5D4E58.e.853/text HTTP/1.1
Cache-Control: no-cache
User-Agent: appium/8.3.0 (selenium/4.8.3 (java mac))
Content-Type: application/json; charset=utf-8
host: 127.0.0.1:4723
accept: */*

Response DefaultHttpResponse(decodeResult: success, version: HTTP/1.1)
HTTP/1.1 200 OK
X-Powered-By: Express
Content-Type: application/json; charset=utf-8
Content-Length: 21
ETag: W/"15-Aa/IQyLn69DrsXuMoFar34zR83I"
Date: Sun, 06 Apr 2025 13:54:50 GMT
Connection: keep-alive
Keep-Alive: timeout=600

21:54:50.211 [AsyncHttpClient-1-2] DEBUG org.asynchttpclient.netty.channel.ChannelManager -- Adding key: http://127.0.0.1:4723 for channel [id: 0xd850032e, L:/127.0.0.1:49363 - R:/127.0.0.1:4723]
21:54:50.211 [Forwarding getElementText on session 9d505292-1662-4e03-b7da-959f22fa1c1e to remote] DEBUG org.asynchttpclient.netty.request.NettyRequestSender -- Using pooled Channel '[id: 0xd850032e, L:/127.0.0.1:49363 - R:/127.0.0.1:4723]' for 'GET' to 'http://127.0.0.1:4723/session/9d505292-1662-4e03-b7da-959f22fa1c1e/element/f.09BF641F5805ED6A5007B9E87D61469D.d.777EDFA98D7557D72B5B8D92AD5D4E58.e.855/text'
21:54:50.211 [Forwarding getElementText on session 9d505292-1662-4e03-b7da-959f22fa1c1e to remote] DEBUG org.asynchttpclient.netty.request.NettyRequestSender -- Using open Channel [id: 0xd850032e, L:/127.0.0.1:49363 - R:/127.0.0.1:4723] for GET '/session/9d505292-1662-4e03-b7da-959f22fa1c1e/element/f.09BF641F5805ED6A5007B9E87D61469D.d.777EDFA98D7557D72B5B8D92AD5D4E58.e.855/text'
21:54:50.235 [AsyncHttpClient-1-2] DEBUG org.asynchttpclient.netty.handler.HttpHandler -- 

Request DefaultFullHttpRequest(decodeResult: success, version: HTTP/1.1, content: EmptyByteBufBE)
GET /session/9d505292-1662-4e03-b7da-959f22fa1c1e/element/f.09BF641F5805ED6A5007B9E87D61469D.d.777EDFA98D7557D72B5B8D92AD5D4E58.e.855/text HTTP/1.1
Cache-Control: no-cache
User-Agent: appium/8.3.0 (selenium/4.8.3 (java mac))
Content-Type: application/json; charset=utf-8
host: 127.0.0.1:4723
accept: */*

Response DefaultHttpResponse(decodeResult: success, version: HTTP/1.1)
HTTP/1.1 200 OK
X-Powered-By: Express
Content-Type: application/json; charset=utf-8
Content-Length: 21
ETag: W/"15-0XKf9pMUiUhWPThntgM86cHl6kA"
Date: Sun, 06 Apr 2025 13:54:50 GMT
Connection: keep-alive
Keep-Alive: timeout=600

21:54:50.236 [AsyncHttpClient-1-2] DEBUG org.asynchttpclient.netty.channel.ChannelManager -- Adding key: http://127.0.0.1:4723 for channel [id: 0xd850032e, L:/127.0.0.1:49363 - R:/127.0.0.1:4723]
21:54:50.236 [Forwarding getElementText on session 9d505292-1662-4e03-b7da-959f22fa1c1e to remote] DEBUG org.asynchttpclient.netty.request.NettyRequestSender -- Using pooled Channel '[id: 0xd850032e, L:/127.0.0.1:49363 - R:/127.0.0.1:4723]' for 'GET' to 'http://127.0.0.1:4723/session/9d505292-1662-4e03-b7da-959f22fa1c1e/element/f.09BF641F5805ED6A5007B9E87D61469D.d.777EDFA98D7557D72B5B8D92AD5D4E58.e.857/text'
21:54:50.236 [Forwarding getElementText on session 9d505292-1662-4e03-b7da-959f22fa1c1e to remote] DEBUG org.asynchttpclient.netty.request.NettyRequestSender -- Using open Channel [id: 0xd850032e, L:/127.0.0.1:49363 - R:/127.0.0.1:4723] for GET '/session/9d505292-1662-4e03-b7da-959f22fa1c1e/element/f.09BF641F5805ED6A5007B9E87D61469D.d.777EDFA98D7557D72B5B8D92AD5D4E58.e.857/text'
21:54:50.258 [AsyncHttpClient-1-2] DEBUG org.asynchttpclient.netty.handler.HttpHandler -- 

Request DefaultFullHttpRequest(decodeResult: success, version: HTTP/1.1, content: EmptyByteBufBE)
GET /session/9d505292-1662-4e03-b7da-959f22fa1c1e/element/f.09BF641F5805ED6A5007B9E87D61469D.d.777EDFA98D7557D72B5B8D92AD5D4E58.e.857/text HTTP/1.1
Cache-Control: no-cache
User-Agent: appium/8.3.0 (selenium/4.8.3 (java mac))
Content-Type: application/json; charset=utf-8
host: 127.0.0.1:4723
accept: */*

Response DefaultHttpResponse(decodeResult: success, version: HTTP/1.1)
HTTP/1.1 200 OK
X-Powered-By: Express
Content-Type: application/json; charset=utf-8
Content-Length: 21
ETag: W/"15-BSdwKTy/WnXPPukicqpdvYgUAUM"
Date: Sun, 06 Apr 2025 13:54:50 GMT
Connection: keep-alive
Keep-Alive: timeout=600

21:54:50.259 [AsyncHttpClient-1-2] DEBUG org.asynchttpclient.netty.channel.ChannelManager -- Adding key: http://127.0.0.1:4723 for channel [id: 0xd850032e, L:/127.0.0.1:49363 - R:/127.0.0.1:4723]
21:54:50.259 [Forwarding getElementText on session 9d505292-1662-4e03-b7da-959f22fa1c1e to remote] DEBUG org.asynchttpclient.netty.request.NettyRequestSender -- Using pooled Channel '[id: 0xd850032e, L:/127.0.0.1:49363 - R:/127.0.0.1:4723]' for 'GET' to 'http://127.0.0.1:4723/session/9d505292-1662-4e03-b7da-959f22fa1c1e/element/f.09BF641F5805ED6A5007B9E87D61469D.d.777EDFA98D7557D72B5B8D92AD5D4E58.e.859/text'
21:54:50.259 [Forwarding getElementText on session 9d505292-1662-4e03-b7da-959f22fa1c1e to remote] DEBUG org.asynchttpclient.netty.request.NettyRequestSender -- Using open Channel [id: 0xd850032e, L:/127.0.0.1:49363 - R:/127.0.0.1:4723] for GET '/session/9d505292-1662-4e03-b7da-959f22fa1c1e/element/f.09BF641F5805ED6A5007B9E87D61469D.d.777EDFA98D7557D72B5B8D92AD5D4E58.e.859/text'
21:54:50.284 [AsyncHttpClient-1-2] DEBUG org.asynchttpclient.netty.handler.HttpHandler -- 

Request DefaultFullHttpRequest(decodeResult: success, version: HTTP/1.1, content: EmptyByteBufBE)
GET /session/9d505292-1662-4e03-b7da-959f22fa1c1e/element/f.09BF641F5805ED6A5007B9E87D61469D.d.777EDFA98D7557D72B5B8D92AD5D4E58.e.859/text HTTP/1.1
Cache-Control: no-cache
User-Agent: appium/8.3.0 (selenium/4.8.3 (java mac))
Content-Type: application/json; charset=utf-8
host: 127.0.0.1:4723
accept: */*

Response DefaultHttpResponse(decodeResult: success, version: HTTP/1.1)
HTTP/1.1 200 OK
X-Powered-By: Express
Content-Type: application/json; charset=utf-8
Content-Length: 21
ETag: W/"15-i4JO0XNnGYBkBEhsZpTCpya8A8A"
Date: Sun, 06 Apr 2025 13:54:50 GMT
Connection: keep-alive
Keep-Alive: timeout=600

21:54:50.284 [AsyncHttpClient-1-2] DEBUG org.asynchttpclient.netty.channel.ChannelManager -- Adding key: http://127.0.0.1:4723 for channel [id: 0xd850032e, L:/127.0.0.1:49363 - R:/127.0.0.1:4723]
21:54:50.284 [Forwarding getElementText on session 9d505292-1662-4e03-b7da-959f22fa1c1e to remote] DEBUG org.asynchttpclient.netty.request.NettyRequestSender -- Using pooled Channel '[id: 0xd850032e, L:/127.0.0.1:49363 - R:/127.0.0.1:4723]' for 'GET' to 'http://127.0.0.1:4723/session/9d505292-1662-4e03-b7da-959f22fa1c1e/element/f.09BF641F5805ED6A5007B9E87D61469D.d.777EDFA98D7557D72B5B8D92AD5D4E58.e.861/text'
21:54:50.284 [Forwarding getElementText on session 9d505292-1662-4e03-b7da-959f22fa1c1e to remote] DEBUG org.asynchttpclient.netty.request.NettyRequestSender -- Using open Channel [id: 0xd850032e, L:/127.0.0.1:49363 - R:/127.0.0.1:4723] for GET '/session/9d505292-1662-4e03-b7da-959f22fa1c1e/element/f.09BF641F5805ED6A5007B9E87D61469D.d.777EDFA98D7557D72B5B8D92AD5D4E58.e.861/text'
21:54:50.305 [AsyncHttpClient-1-2] DEBUG org.asynchttpclient.netty.handler.HttpHandler -- 

Request DefaultFullHttpRequest(decodeResult: success, version: HTTP/1.1, content: EmptyByteBufBE)
GET /session/9d505292-1662-4e03-b7da-959f22fa1c1e/element/f.09BF641F5805ED6A5007B9E87D61469D.d.777EDFA98D7557D72B5B8D92AD5D4E58.e.861/text HTTP/1.1
Cache-Control: no-cache
User-Agent: appium/8.3.0 (selenium/4.8.3 (java mac))
Content-Type: application/json; charset=utf-8
host: 127.0.0.1:4723
accept: */*

Response DefaultHttpResponse(decodeResult: success, version: HTTP/1.1)
HTTP/1.1 200 OK
X-Powered-By: Express
Content-Type: application/json; charset=utf-8
Content-Length: 21
ETag: W/"15-EoBSfcWwPRfHZDcXwhclXPn9XBc"
Date: Sun, 06 Apr 2025 13:54:50 GMT
Connection: keep-alive
Keep-Alive: timeout=600

21:54:50.306 [AsyncHttpClient-1-2] DEBUG org.asynchttpclient.netty.channel.ChannelManager -- Adding key: http://127.0.0.1:4723 for channel [id: 0xd850032e, L:/127.0.0.1:49363 - R:/127.0.0.1:4723]
21:54:50.306 [Forwarding getElementText on session 9d505292-1662-4e03-b7da-959f22fa1c1e to remote] DEBUG org.asynchttpclient.netty.request.NettyRequestSender -- Using pooled Channel '[id: 0xd850032e, L:/127.0.0.1:49363 - R:/127.0.0.1:4723]' for 'GET' to 'http://127.0.0.1:4723/session/9d505292-1662-4e03-b7da-959f22fa1c1e/element/f.09BF641F5805ED6A5007B9E87D61469D.d.777EDFA98D7557D72B5B8D92AD5D4E58.e.863/text'
21:54:50.306 [Forwarding getElementText on session 9d505292-1662-4e03-b7da-959f22fa1c1e to remote] DEBUG org.asynchttpclient.netty.request.NettyRequestSender -- Using open Channel [id: 0xd850032e, L:/127.0.0.1:49363 - R:/127.0.0.1:4723] for GET '/session/9d505292-1662-4e03-b7da-959f22fa1c1e/element/f.09BF641F5805ED6A5007B9E87D61469D.d.777EDFA98D7557D72B5B8D92AD5D4E58.e.863/text'
21:54:50.331 [AsyncHttpClient-1-2] DEBUG org.asynchttpclient.netty.handler.HttpHandler -- 

Request DefaultFullHttpRequest(decodeResult: success, version: HTTP/1.1, content: EmptyByteBufBE)
GET /session/9d505292-1662-4e03-b7da-959f22fa1c1e/element/f.09BF641F5805ED6A5007B9E87D61469D.d.777EDFA98D7557D72B5B8D92AD5D4E58.e.863/text HTTP/1.1
Cache-Control: no-cache
User-Agent: appium/8.3.0 (selenium/4.8.3 (java mac))
Content-Type: application/json; charset=utf-8
host: 127.0.0.1:4723
accept: */*

Response DefaultHttpResponse(decodeResult: success, version: HTTP/1.1)
HTTP/1.1 200 OK
X-Powered-By: Express
Content-Type: application/json; charset=utf-8
Content-Length: 21
ETag: W/"15-hMxsAO54pgjANkmOMvLn/XMS+uw"
Date: Sun, 06 Apr 2025 13:54:50 GMT
Connection: keep-alive
Keep-Alive: timeout=600

21:54:50.332 [AsyncHttpClient-1-2] DEBUG org.asynchttpclient.netty.channel.ChannelManager -- Adding key: http://127.0.0.1:4723 for channel [id: 0xd850032e, L:/127.0.0.1:49363 - R:/127.0.0.1:4723]
21:54:50.332 [Forwarding getElementText on session 9d505292-1662-4e03-b7da-959f22fa1c1e to remote] DEBUG org.asynchttpclient.netty.request.NettyRequestSender -- Using pooled Channel '[id: 0xd850032e, L:/127.0.0.1:49363 - R:/127.0.0.1:4723]' for 'GET' to 'http://127.0.0.1:4723/session/9d505292-1662-4e03-b7da-959f22fa1c1e/element/f.09BF641F5805ED6A5007B9E87D61469D.d.777EDFA98D7557D72B5B8D92AD5D4E58.e.865/text'
21:54:50.332 [Forwarding getElementText on session 9d505292-1662-4e03-b7da-959f22fa1c1e to remote] DEBUG org.asynchttpclient.netty.request.NettyRequestSender -- Using open Channel [id: 0xd850032e, L:/127.0.0.1:49363 - R:/127.0.0.1:4723] for GET '/session/9d505292-1662-4e03-b7da-959f22fa1c1e/element/f.09BF641F5805ED6A5007B9E87D61469D.d.777EDFA98D7557D72B5B8D92AD5D4E58.e.865/text'
21:54:50.353 [AsyncHttpClient-1-2] DEBUG org.asynchttpclient.netty.handler.HttpHandler -- 

Request DefaultFullHttpRequest(decodeResult: success, version: HTTP/1.1, content: EmptyByteBufBE)
GET /session/9d505292-1662-4e03-b7da-959f22fa1c1e/element/f.09BF641F5805ED6A5007B9E87D61469D.d.777EDFA98D7557D72B5B8D92AD5D4E58.e.865/text HTTP/1.1
Cache-Control: no-cache
User-Agent: appium/8.3.0 (selenium/4.8.3 (java mac))
Content-Type: application/json; charset=utf-8
host: 127.0.0.1:4723
accept: */*

Response DefaultHttpResponse(decodeResult: success, version: HTTP/1.1)
HTTP/1.1 200 OK
X-Powered-By: Express
Content-Type: application/json; charset=utf-8
Content-Length: 21
ETag: W/"15-kexueK7EXinfFO8h2aosDA3DP58"
Date: Sun, 06 Apr 2025 13:54:50 GMT
Connection: keep-alive
Keep-Alive: timeout=600

21:54:50.354 [AsyncHttpClient-1-2] DEBUG org.asynchttpclient.netty.channel.ChannelManager -- Adding key: http://127.0.0.1:4723 for channel [id: 0xd850032e, L:/127.0.0.1:49363 - R:/127.0.0.1:4723]
21:54:50.354 [Forwarding getElementText on session 9d505292-1662-4e03-b7da-959f22fa1c1e to remote] DEBUG org.asynchttpclient.netty.request.NettyRequestSender -- Using pooled Channel '[id: 0xd850032e, L:/127.0.0.1:49363 - R:/127.0.0.1:4723]' for 'GET' to 'http://127.0.0.1:4723/session/9d505292-1662-4e03-b7da-959f22fa1c1e/element/f.09BF641F5805ED6A5007B9E87D61469D.d.777EDFA98D7557D72B5B8D92AD5D4E58.e.867/text'
21:54:50.354 [Forwarding getElementText on session 9d505292-1662-4e03-b7da-959f22fa1c1e to remote] DEBUG org.asynchttpclient.netty.request.NettyRequestSender -- Using open Channel [id: 0xd850032e, L:/127.0.0.1:49363 - R:/127.0.0.1:4723] for GET '/session/9d505292-1662-4e03-b7da-959f22fa1c1e/element/f.09BF641F5805ED6A5007B9E87D61469D.d.777EDFA98D7557D72B5B8D92AD5D4E58.e.867/text'
21:54:50.373 [AsyncHttpClient-1-2] DEBUG org.asynchttpclient.netty.handler.HttpHandler -- 

Request DefaultFullHttpRequest(decodeResult: success, version: HTTP/1.1, content: EmptyByteBufBE)
GET /session/9d505292-1662-4e03-b7da-959f22fa1c1e/element/f.09BF641F5805ED6A5007B9E87D61469D.d.777EDFA98D7557D72B5B8D92AD5D4E58.e.867/text HTTP/1.1
Cache-Control: no-cache
User-Agent: appium/8.3.0 (selenium/4.8.3 (java mac))
Content-Type: application/json; charset=utf-8
host: 127.0.0.1:4723
accept: */*

Response DefaultHttpResponse(decodeResult: success, version: HTTP/1.1)
HTTP/1.1 200 OK
X-Powered-By: Express
Content-Type: application/json; charset=utf-8
Content-Length: 21
ETag: W/"15-gYD/HArebHi+9f5KAXC5ciFADsw"
Date: Sun, 06 Apr 2025 13:54:50 GMT
Connection: keep-alive
Keep-Alive: timeout=600

21:54:50.373 [AsyncHttpClient-1-2] DEBUG org.asynchttpclient.netty.channel.ChannelManager -- Adding key: http://127.0.0.1:4723 for channel [id: 0xd850032e, L:/127.0.0.1:49363 - R:/127.0.0.1:4723]
21:54:50.373 [Forwarding getElementText on session 9d505292-1662-4e03-b7da-959f22fa1c1e to remote] DEBUG org.asynchttpclient.netty.request.NettyRequestSender -- Using pooled Channel '[id: 0xd850032e, L:/127.0.0.1:49363 - R:/127.0.0.1:4723]' for 'GET' to 'http://127.0.0.1:4723/session/9d505292-1662-4e03-b7da-959f22fa1c1e/element/f.09BF641F5805ED6A5007B9E87D61469D.d.777EDFA98D7557D72B5B8D92AD5D4E58.e.869/text'
21:54:50.373 [Forwarding getElementText on session 9d505292-1662-4e03-b7da-959f22fa1c1e to remote] DEBUG org.asynchttpclient.netty.request.NettyRequestSender -- Using open Channel [id: 0xd850032e, L:/127.0.0.1:49363 - R:/127.0.0.1:4723] for GET '/session/9d505292-1662-4e03-b7da-959f22fa1c1e/element/f.09BF641F5805ED6A5007B9E87D61469D.d.777EDFA98D7557D72B5B8D92AD5D4E58.e.869/text'
21:54:50.393 [AsyncHttpClient-1-2] DEBUG org.asynchttpclient.netty.handler.HttpHandler -- 

Request DefaultFullHttpRequest(decodeResult: success, version: HTTP/1.1, content: EmptyByteBufBE)
GET /session/9d505292-1662-4e03-b7da-959f22fa1c1e/element/f.09BF641F5805ED6A5007B9E87D61469D.d.777EDFA98D7557D72B5B8D92AD5D4E58.e.869/text HTTP/1.1
Cache-Control: no-cache
User-Agent: appium/8.3.0 (selenium/4.8.3 (java mac))
Content-Type: application/json; charset=utf-8
host: 127.0.0.1:4723
accept: */*

Response DefaultHttpResponse(decodeResult: success, version: HTTP/1.1)
HTTP/1.1 200 OK
X-Powered-By: Express
Content-Type: application/json; charset=utf-8
Content-Length: 18
ETag: W/"12-yRZk5NfCbeRcpRyAJGXrhQuzJ3w"
Date: Sun, 06 Apr 2025 13:54:50 GMT
Connection: keep-alive
Keep-Alive: timeout=600

21:54:50.393 [AsyncHttpClient-1-2] DEBUG org.asynchttpclient.netty.channel.ChannelManager -- Adding key: http://127.0.0.1:4723 for channel [id: 0xd850032e, L:/127.0.0.1:49363 - R:/127.0.0.1:4723]
21:54:50.394 [Forwarding getElementText on session 9d505292-1662-4e03-b7da-959f22fa1c1e to remote] DEBUG org.asynchttpclient.netty.request.NettyRequestSender -- Using pooled Channel '[id: 0xd850032e, L:/127.0.0.1:49363 - R:/127.0.0.1:4723]' for 'GET' to 'http://127.0.0.1:4723/session/9d505292-1662-4e03-b7da-959f22fa1c1e/element/f.09BF641F5805ED6A5007B9E87D61469D.d.777EDFA98D7557D72B5B8D92AD5D4E58.e.871/text'
21:54:50.394 [Forwarding getElementText on session 9d505292-1662-4e03-b7da-959f22fa1c1e to remote] DEBUG org.asynchttpclient.netty.request.NettyRequestSender -- Using open Channel [id: 0xd850032e, L:/127.0.0.1:49363 - R:/127.0.0.1:4723] for GET '/session/9d505292-1662-4e03-b7da-959f22fa1c1e/element/f.09BF641F5805ED6A5007B9E87D61469D.d.777EDFA98D7557D72B5B8D92AD5D4E58.e.871/text'
21:54:50.414 [AsyncHttpClient-1-2] DEBUG org.asynchttpclient.netty.handler.HttpHandler -- 

Request DefaultFullHttpRequest(decodeResult: success, version: HTTP/1.1, content: EmptyByteBufBE)
GET /session/9d505292-1662-4e03-b7da-959f22fa1c1e/element/f.09BF641F5805ED6A5007B9E87D61469D.d.777EDFA98D7557D72B5B8D92AD5D4E58.e.871/text HTTP/1.1
Cache-Control: no-cache
User-Agent: appium/8.3.0 (selenium/4.8.3 (java mac))
Content-Type: application/json; charset=utf-8
host: 127.0.0.1:4723
accept: */*

Response DefaultHttpResponse(decodeResult: success, version: HTTP/1.1)
HTTP/1.1 200 OK
X-Powered-By: Express
Content-Type: application/json; charset=utf-8
Content-Length: 21
ETag: W/"15-mCWAlwpn1vtjY5qVNcHmuuRqTDk"
Date: Sun, 06 Apr 2025 13:54:50 GMT
Connection: keep-alive
Keep-Alive: timeout=600

21:54:50.414 [AsyncHttpClient-1-2] DEBUG org.asynchttpclient.netty.channel.ChannelManager -- Adding key: http://127.0.0.1:4723 for channel [id: 0xd850032e, L:/127.0.0.1:49363 - R:/127.0.0.1:4723]
21:54:50.416 [Forwarding getElementText on session 9d505292-1662-4e03-b7da-959f22fa1c1e to remote] DEBUG org.asynchttpclient.netty.request.NettyRequestSender -- Using pooled Channel '[id: 0xd850032e, L:/127.0.0.1:49363 - R:/127.0.0.1:4723]' for 'GET' to 'http://127.0.0.1:4723/session/9d505292-1662-4e03-b7da-959f22fa1c1e/element/f.09BF641F5805ED6A5007B9E87D61469D.d.777EDFA98D7557D72B5B8D92AD5D4E58.e.873/text'
21:54:50.416 [Forwarding getElementText on session 9d505292-1662-4e03-b7da-959f22fa1c1e to remote] DEBUG org.asynchttpclient.netty.request.NettyRequestSender -- Using open Channel [id: 0xd850032e, L:/127.0.0.1:49363 - R:/127.0.0.1:4723] for GET '/session/9d505292-1662-4e03-b7da-959f22fa1c1e/element/f.09BF641F5805ED6A5007B9E87D61469D.d.777EDFA98D7557D72B5B8D92AD5D4E58.e.873/text'
21:54:50.441 [AsyncHttpClient-1-2] DEBUG org.asynchttpclient.netty.handler.HttpHandler -- 

Request DefaultFullHttpRequest(decodeResult: success, version: HTTP/1.1, content: EmptyByteBufBE)
GET /session/9d505292-1662-4e03-b7da-959f22fa1c1e/element/f.09BF641F5805ED6A5007B9E87D61469D.d.777EDFA98D7557D72B5B8D92AD5D4E58.e.873/text HTTP/1.1
Cache-Control: no-cache
User-Agent: appium/8.3.0 (selenium/4.8.3 (java mac))
Content-Type: application/json; charset=utf-8
host: 127.0.0.1:4723
accept: */*

Response DefaultHttpResponse(decodeResult: success, version: HTTP/1.1)
HTTP/1.1 200 OK
X-Powered-By: Express
Content-Type: application/json; charset=utf-8
Content-Length: 21
ETag: W/"15-fG5rgzLElJqqTKIqMqKpbDgfGTE"
Date: Sun, 06 Apr 2025 13:54:50 GMT
Connection: keep-alive
Keep-Alive: timeout=600

21:54:50.441 [AsyncHttpClient-1-2] DEBUG org.asynchttpclient.netty.channel.ChannelManager -- Adding key: http://127.0.0.1:4723 for channel [id: 0xd850032e, L:/127.0.0.1:49363 - R:/127.0.0.1:4723]
21:54:50.442 [Forwarding getElementText on session 9d505292-1662-4e03-b7da-959f22fa1c1e to remote] DEBUG org.asynchttpclient.netty.request.NettyRequestSender -- Using pooled Channel '[id: 0xd850032e, L:/127.0.0.1:49363 - R:/127.0.0.1:4723]' for 'GET' to 'http://127.0.0.1:4723/session/9d505292-1662-4e03-b7da-959f22fa1c1e/element/f.09BF641F5805ED6A5007B9E87D61469D.d.777EDFA98D7557D72B5B8D92AD5D4E58.e.875/text'
21:54:50.442 [Forwarding getElementText on session 9d505292-1662-4e03-b7da-959f22fa1c1e to remote] DEBUG org.asynchttpclient.netty.request.NettyRequestSender -- Using open Channel [id: 0xd850032e, L:/127.0.0.1:49363 - R:/127.0.0.1:4723] for GET '/session/9d505292-1662-4e03-b7da-959f22fa1c1e/element/f.09BF641F5805ED6A5007B9E87D61469D.d.777EDFA98D7557D72B5B8D92AD5D4E58.e.875/text'
21:54:50.465 [AsyncHttpClient-1-2] DEBUG org.asynchttpclient.netty.handler.HttpHandler -- 

Request DefaultFullHttpRequest(decodeResult: success, version: HTTP/1.1, content: EmptyByteBufBE)
GET /session/9d505292-1662-4e03-b7da-959f22fa1c1e/element/f.09BF641F5805ED6A5007B9E87D61469D.d.777EDFA98D7557D72B5B8D92AD5D4E58.e.875/text HTTP/1.1
Cache-Control: no-cache
User-Agent: appium/8.3.0 (selenium/4.8.3 (java mac))
Content-Type: application/json; charset=utf-8
host: 127.0.0.1:4723
accept: */*

Response DefaultHttpResponse(decodeResult: success, version: HTTP/1.1)
HTTP/1.1 200 OK
X-Powered-By: Express
Content-Type: application/json; charset=utf-8
Content-Length: 21
ETag: W/"15-eUZznxQO1e/YRb+/2zsF9KgbDm4"
Date: Sun, 06 Apr 2025 13:54:50 GMT
Connection: keep-alive
Keep-Alive: timeout=600

21:54:50.465 [AsyncHttpClient-1-2] DEBUG org.asynchttpclient.netty.channel.ChannelManager -- Adding key: http://127.0.0.1:4723 for channel [id: 0xd850032e, L:/127.0.0.1:49363 - R:/127.0.0.1:4723]
21:54:50.465 [Forwarding getElementText on session 9d505292-1662-4e03-b7da-959f22fa1c1e to remote] DEBUG org.asynchttpclient.netty.request.NettyRequestSender -- Using pooled Channel '[id: 0xd850032e, L:/127.0.0.1:49363 - R:/127.0.0.1:4723]' for 'GET' to 'http://127.0.0.1:4723/session/9d505292-1662-4e03-b7da-959f22fa1c1e/element/f.09BF641F5805ED6A5007B9E87D61469D.d.777EDFA98D7557D72B5B8D92AD5D4E58.e.877/text'
21:54:50.465 [Forwarding getElementText on session 9d505292-1662-4e03-b7da-959f22fa1c1e to remote] DEBUG org.asynchttpclient.netty.request.NettyRequestSender -- Using open Channel [id: 0xd850032e, L:/127.0.0.1:49363 - R:/127.0.0.1:4723] for GET '/session/9d505292-1662-4e03-b7da-959f22fa1c1e/element/f.09BF641F5805ED6A5007B9E87D61469D.d.777EDFA98D7557D72B5B8D92AD5D4E58.e.877/text'
21:54:50.484 [AsyncHttpClient-1-2] DEBUG org.asynchttpclient.netty.handler.HttpHandler -- 

Request DefaultFullHttpRequest(decodeResult: success, version: HTTP/1.1, content: EmptyByteBufBE)
GET /session/9d505292-1662-4e03-b7da-959f22fa1c1e/element/f.09BF641F5805ED6A5007B9E87D61469D.d.777EDFA98D7557D72B5B8D92AD5D4E58.e.877/text HTTP/1.1
Cache-Control: no-cache
User-Agent: appium/8.3.0 (selenium/4.8.3 (java mac))
Content-Type: application/json; charset=utf-8
host: 127.0.0.1:4723
accept: */*

Response DefaultHttpResponse(decodeResult: success, version: HTTP/1.1)
HTTP/1.1 200 OK
X-Powered-By: Express
Content-Type: application/json; charset=utf-8
Content-Length: 21
ETag: W/"15-Bt268A4tF1cJEHKM18+clVdpiLY"
Date: Sun, 06 Apr 2025 13:54:50 GMT
Connection: keep-alive
Keep-Alive: timeout=600

21:54:50.484 [AsyncHttpClient-1-2] DEBUG org.asynchttpclient.netty.channel.ChannelManager -- Adding key: http://127.0.0.1:4723 for channel [id: 0xd850032e, L:/127.0.0.1:49363 - R:/127.0.0.1:4723]
21:54:50.484 [Forwarding getElementText on session 9d505292-1662-4e03-b7da-959f22fa1c1e to remote] DEBUG org.asynchttpclient.netty.request.NettyRequestSender -- Using pooled Channel '[id: 0xd850032e, L:/127.0.0.1:49363 - R:/127.0.0.1:4723]' for 'GET' to 'http://127.0.0.1:4723/session/9d505292-1662-4e03-b7da-959f22fa1c1e/element/f.09BF641F5805ED6A5007B9E87D61469D.d.777EDFA98D7557D72B5B8D92AD5D4E58.e.879/text'
21:54:50.484 [Forwarding getElementText on session 9d505292-1662-4e03-b7da-959f22fa1c1e to remote] DEBUG org.asynchttpclient.netty.request.NettyRequestSender -- Using open Channel [id: 0xd850032e, L:/127.0.0.1:49363 - R:/127.0.0.1:4723] for GET '/session/9d505292-1662-4e03-b7da-959f22fa1c1e/element/f.09BF641F5805ED6A5007B9E87D61469D.d.777EDFA98D7557D72B5B8D92AD5D4E58.e.879/text'
21:54:50.502 [AsyncHttpClient-1-2] DEBUG org.asynchttpclient.netty.handler.HttpHandler -- 

Request DefaultFullHttpRequest(decodeResult: success, version: HTTP/1.1, content: EmptyByteBufBE)
GET /session/9d505292-1662-4e03-b7da-959f22fa1c1e/element/f.09BF641F5805ED6A5007B9E87D61469D.d.777EDFA98D7557D72B5B8D92AD5D4E58.e.879/text HTTP/1.1
Cache-Control: no-cache
User-Agent: appium/8.3.0 (selenium/4.8.3 (java mac))
Content-Type: application/json; charset=utf-8
host: 127.0.0.1:4723
accept: */*

Response DefaultHttpResponse(decodeResult: success, version: HTTP/1.1)
HTTP/1.1 200 OK
X-Powered-By: Express
Content-Type: application/json; charset=utf-8
Content-Length: 21
ETag: W/"15-UbxYjh8EPH1uInEwOEVC1ME7pKw"
Date: Sun, 06 Apr 2025 13:54:50 GMT
Connection: keep-alive
Keep-Alive: timeout=600

21:54:50.502 [AsyncHttpClient-1-2] DEBUG org.asynchttpclient.netty.channel.ChannelManager -- Adding key: http://127.0.0.1:4723 for channel [id: 0xd850032e, L:/127.0.0.1:49363 - R:/127.0.0.1:4723]
21:54:50.503 [Forwarding getElementText on session 9d505292-1662-4e03-b7da-959f22fa1c1e to remote] DEBUG org.asynchttpclient.netty.request.NettyRequestSender -- Using pooled Channel '[id: 0xd850032e, L:/127.0.0.1:49363 - R:/127.0.0.1:4723]' for 'GET' to 'http://127.0.0.1:4723/session/9d505292-1662-4e03-b7da-959f22fa1c1e/element/f.09BF641F5805ED6A5007B9E87D61469D.d.777EDFA98D7557D72B5B8D92AD5D4E58.e.881/text'
21:54:50.503 [Forwarding getElementText on session 9d505292-1662-4e03-b7da-959f22fa1c1e to remote] DEBUG org.asynchttpclient.netty.request.NettyRequestSender -- Using open Channel [id: 0xd850032e, L:/127.0.0.1:49363 - R:/127.0.0.1:4723] for GET '/session/9d505292-1662-4e03-b7da-959f22fa1c1e/element/f.09BF641F5805ED6A5007B9E87D61469D.d.777EDFA98D7557D72B5B8D92AD5D4E58.e.881/text'
21:54:50.523 [AsyncHttpClient-1-2] DEBUG org.asynchttpclient.netty.handler.HttpHandler -- 

Request DefaultFullHttpRequest(decodeResult: success, version: HTTP/1.1, content: EmptyByteBufBE)
GET /session/9d505292-1662-4e03-b7da-959f22fa1c1e/element/f.09BF641F5805ED6A5007B9E87D61469D.d.777EDFA98D7557D72B5B8D92AD5D4E58.e.881/text HTTP/1.1
Cache-Control: no-cache
User-Agent: appium/8.3.0 (selenium/4.8.3 (java mac))
Content-Type: application/json; charset=utf-8
host: 127.0.0.1:4723
accept: */*

Response DefaultHttpResponse(decodeResult: success, version: HTTP/1.1)
HTTP/1.1 200 OK
X-Powered-By: Express
Content-Type: application/json; charset=utf-8
Content-Length: 21
ETag: W/"15-xWwj+OoCppY7/ku6gnUDnnvS8Ic"
Date: Sun, 06 Apr 2025 13:54:50 GMT
Connection: keep-alive
Keep-Alive: timeout=600

21:54:50.523 [AsyncHttpClient-1-2] DEBUG org.asynchttpclient.netty.channel.ChannelManager -- Adding key: http://127.0.0.1:4723 for channel [id: 0xd850032e, L:/127.0.0.1:49363 - R:/127.0.0.1:4723]
21:54:50.524 [Forwarding getElementText on session 9d505292-1662-4e03-b7da-959f22fa1c1e to remote] DEBUG org.asynchttpclient.netty.request.NettyRequestSender -- Using pooled Channel '[id: 0xd850032e, L:/127.0.0.1:49363 - R:/127.0.0.1:4723]' for 'GET' to 'http://127.0.0.1:4723/session/9d505292-1662-4e03-b7da-959f22fa1c1e/element/f.09BF641F5805ED6A5007B9E87D61469D.d.777EDFA98D7557D72B5B8D92AD5D4E58.e.883/text'
21:54:50.524 [Forwarding getElementText on session 9d505292-1662-4e03-b7da-959f22fa1c1e to remote] DEBUG org.asynchttpclient.netty.request.NettyRequestSender -- Using open Channel [id: 0xd850032e, L:/127.0.0.1:49363 - R:/127.0.0.1:4723] for GET '/session/9d505292-1662-4e03-b7da-959f22fa1c1e/element/f.09BF641F5805ED6A5007B9E87D61469D.d.777EDFA98D7557D72B5B8D92AD5D4E58.e.883/text'
21:54:50.542 [AsyncHttpClient-1-2] DEBUG org.asynchttpclient.netty.handler.HttpHandler -- 

Request DefaultFullHttpRequest(decodeResult: success, version: HTTP/1.1, content: EmptyByteBufBE)
GET /session/9d505292-1662-4e03-b7da-959f22fa1c1e/element/f.09BF641F5805ED6A5007B9E87D61469D.d.777EDFA98D7557D72B5B8D92AD5D4E58.e.883/text HTTP/1.1
Cache-Control: no-cache
User-Agent: appium/8.3.0 (selenium/4.8.3 (java mac))
Content-Type: application/json; charset=utf-8
host: 127.0.0.1:4723
accept: */*

Response DefaultHttpResponse(decodeResult: success, version: HTTP/1.1)
HTTP/1.1 200 OK
X-Powered-By: Express
Content-Type: application/json; charset=utf-8
Content-Length: 21
ETag: W/"15-UtEmcAqIJVDHArYBvXFwQK+TWNI"
Date: Sun, 06 Apr 2025 13:54:50 GMT
Connection: keep-alive
Keep-Alive: timeout=600

21:54:50.543 [AsyncHttpClient-1-2] DEBUG org.asynchttpclient.netty.channel.ChannelManager -- Adding key: http://127.0.0.1:4723 for channel [id: 0xd850032e, L:/127.0.0.1:49363 - R:/127.0.0.1:4723]
21:54:50.543 [Forwarding getElementText on session 9d505292-1662-4e03-b7da-959f22fa1c1e to remote] DEBUG org.asynchttpclient.netty.request.NettyRequestSender -- Using pooled Channel '[id: 0xd850032e, L:/127.0.0.1:49363 - R:/127.0.0.1:4723]' for 'GET' to 'http://127.0.0.1:4723/session/9d505292-1662-4e03-b7da-959f22fa1c1e/element/f.09BF641F5805ED6A5007B9E87D61469D.d.777EDFA98D7557D72B5B8D92AD5D4E58.e.885/text'
21:54:50.543 [Forwarding getElementText on session 9d505292-1662-4e03-b7da-959f22fa1c1e to remote] DEBUG org.asynchttpclient.netty.request.NettyRequestSender -- Using open Channel [id: 0xd850032e, L:/127.0.0.1:49363 - R:/127.0.0.1:4723] for GET '/session/9d505292-1662-4e03-b7da-959f22fa1c1e/element/f.09BF641F5805ED6A5007B9E87D61469D.d.777EDFA98D7557D72B5B8D92AD5D4E58.e.885/text'
21:54:50.562 [AsyncHttpClient-1-2] DEBUG org.asynchttpclient.netty.handler.HttpHandler -- 

Request DefaultFullHttpRequest(decodeResult: success, version: HTTP/1.1, content: EmptyByteBufBE)
GET /session/9d505292-1662-4e03-b7da-959f22fa1c1e/element/f.09BF641F5805ED6A5007B9E87D61469D.d.777EDFA98D7557D72B5B8D92AD5D4E58.e.885/text HTTP/1.1
Cache-Control: no-cache
User-Agent: appium/8.3.0 (selenium/4.8.3 (java mac))
Content-Type: application/json; charset=utf-8
host: 127.0.0.1:4723
accept: */*

Response DefaultHttpResponse(decodeResult: success, version: HTTP/1.1)
HTTP/1.1 200 OK
X-Powered-By: Express
Content-Type: application/json; charset=utf-8
Content-Length: 21
ETag: W/"15-Ku3YeZQQqvVuRr9J/hoQ51+H0lI"
Date: Sun, 06 Apr 2025 13:54:50 GMT
Connection: keep-alive
Keep-Alive: timeout=600

21:54:50.562 [AsyncHttpClient-1-2] DEBUG org.asynchttpclient.netty.channel.ChannelManager -- Adding key: http://127.0.0.1:4723 for channel [id: 0xd850032e, L:/127.0.0.1:49363 - R:/127.0.0.1:4723]
21:54:50.562 [Forwarding getElementText on session 9d505292-1662-4e03-b7da-959f22fa1c1e to remote] DEBUG org.asynchttpclient.netty.request.NettyRequestSender -- Using pooled Channel '[id: 0xd850032e, L:/127.0.0.1:49363 - R:/127.0.0.1:4723]' for 'GET' to 'http://127.0.0.1:4723/session/9d505292-1662-4e03-b7da-959f22fa1c1e/element/f.09BF641F5805ED6A5007B9E87D61469D.d.777EDFA98D7557D72B5B8D92AD5D4E58.e.887/text'
21:54:50.562 [Forwarding getElementText on session 9d505292-1662-4e03-b7da-959f22fa1c1e to remote] DEBUG org.asynchttpclient.netty.request.NettyRequestSender -- Using open Channel [id: 0xd850032e, L:/127.0.0.1:49363 - R:/127.0.0.1:4723] for GET '/session/9d505292-1662-4e03-b7da-959f22fa1c1e/element/f.09BF641F5805ED6A5007B9E87D61469D.d.777EDFA98D7557D72B5B8D92AD5D4E58.e.887/text'
21:54:50.580 [AsyncHttpClient-1-2] DEBUG org.asynchttpclient.netty.handler.HttpHandler -- 

Request DefaultFullHttpRequest(decodeResult: success, version: HTTP/1.1, content: EmptyByteBufBE)
GET /session/9d505292-1662-4e03-b7da-959f22fa1c1e/element/f.09BF641F5805ED6A5007B9E87D61469D.d.777EDFA98D7557D72B5B8D92AD5D4E58.e.887/text HTTP/1.1
Cache-Control: no-cache
User-Agent: appium/8.3.0 (selenium/4.8.3 (java mac))
Content-Type: application/json; charset=utf-8
host: 127.0.0.1:4723
accept: */*

Response DefaultHttpResponse(decodeResult: success, version: HTTP/1.1)
HTTP/1.1 200 OK
X-Powered-By: Express
Content-Type: application/json; charset=utf-8
Content-Length: 21
ETag: W/"15-oqkt4dvaqHbuDR6yaIZgKO0zz3Q"
Date: Sun, 06 Apr 2025 13:54:50 GMT
Connection: keep-alive
Keep-Alive: timeout=600

21:54:50.580 [AsyncHttpClient-1-2] DEBUG org.asynchttpclient.netty.channel.ChannelManager -- Adding key: http://127.0.0.1:4723 for channel [id: 0xd850032e, L:/127.0.0.1:49363 - R:/127.0.0.1:4723]
21:54:50.580 [Forwarding getElementText on session 9d505292-1662-4e03-b7da-959f22fa1c1e to remote] DEBUG org.asynchttpclient.netty.request.NettyRequestSender -- Using pooled Channel '[id: 0xd850032e, L:/127.0.0.1:49363 - R:/127.0.0.1:4723]' for 'GET' to 'http://127.0.0.1:4723/session/9d505292-1662-4e03-b7da-959f22fa1c1e/element/f.09BF641F5805ED6A5007B9E87D61469D.d.777EDFA98D7557D72B5B8D92AD5D4E58.e.889/text'
21:54:50.580 [Forwarding getElementText on session 9d505292-1662-4e03-b7da-959f22fa1c1e to remote] DEBUG org.asynchttpclient.netty.request.NettyRequestSender -- Using open Channel [id: 0xd850032e, L:/127.0.0.1:49363 - R:/127.0.0.1:4723] for GET '/session/9d505292-1662-4e03-b7da-959f22fa1c1e/element/f.09BF641F5805ED6A5007B9E87D61469D.d.777EDFA98D7557D72B5B8D92AD5D4E58.e.889/text'
21:54:50.599 [AsyncHttpClient-1-2] DEBUG org.asynchttpclient.netty.handler.HttpHandler -- 

Request DefaultFullHttpRequest(decodeResult: success, version: HTTP/1.1, content: EmptyByteBufBE)
GET /session/9d505292-1662-4e03-b7da-959f22fa1c1e/element/f.09BF641F5805ED6A5007B9E87D61469D.d.777EDFA98D7557D72B5B8D92AD5D4E58.e.889/text HTTP/1.1
Cache-Control: no-cache
User-Agent: appium/8.3.0 (selenium/4.8.3 (java mac))
Content-Type: application/json; charset=utf-8
host: 127.0.0.1:4723
accept: */*

Response DefaultHttpResponse(decodeResult: success, version: HTTP/1.1)
HTTP/1.1 200 OK
X-Powered-By: Express
Content-Type: application/json; charset=utf-8
Content-Length: 21
ETag: W/"15-OvtFOO35yEQ0ghgmnbV7ARiGnss"
Date: Sun, 06 Apr 2025 13:54:50 GMT
Connection: keep-alive
Keep-Alive: timeout=600

21:54:50.599 [AsyncHttpClient-1-2] DEBUG org.asynchttpclient.netty.channel.ChannelManager -- Adding key: http://127.0.0.1:4723 for channel [id: 0xd850032e, L:/127.0.0.1:49363 - R:/127.0.0.1:4723]
21:54:50.599 [Forwarding getElementText on session 9d505292-1662-4e03-b7da-959f22fa1c1e to remote] DEBUG org.asynchttpclient.netty.request.NettyRequestSender -- Using pooled Channel '[id: 0xd850032e, L:/127.0.0.1:49363 - R:/127.0.0.1:4723]' for 'GET' to 'http://127.0.0.1:4723/session/9d505292-1662-4e03-b7da-959f22fa1c1e/element/f.09BF641F5805ED6A5007B9E87D61469D.d.777EDFA98D7557D72B5B8D92AD5D4E58.e.891/text'
21:54:50.599 [Forwarding getElementText on session 9d505292-1662-4e03-b7da-959f22fa1c1e to remote] DEBUG org.asynchttpclient.netty.request.NettyRequestSender -- Using open Channel [id: 0xd850032e, L:/127.0.0.1:49363 - R:/127.0.0.1:4723] for GET '/session/9d505292-1662-4e03-b7da-959f22fa1c1e/element/f.09BF641F5805ED6A5007B9E87D61469D.d.777EDFA98D7557D72B5B8D92AD5D4E58.e.891/text'
21:54:50.619 [AsyncHttpClient-1-2] DEBUG org.asynchttpclient.netty.handler.HttpHandler -- 

Request DefaultFullHttpRequest(decodeResult: success, version: HTTP/1.1, content: EmptyByteBufBE)
GET /session/9d505292-1662-4e03-b7da-959f22fa1c1e/element/f.09BF641F5805ED6A5007B9E87D61469D.d.777EDFA98D7557D72B5B8D92AD5D4E58.e.891/text HTTP/1.1
Cache-Control: no-cache
User-Agent: appium/8.3.0 (selenium/4.8.3 (java mac))
Content-Type: application/json; charset=utf-8
host: 127.0.0.1:4723
accept: */*

Response DefaultHttpResponse(decodeResult: success, version: HTTP/1.1)
HTTP/1.1 200 OK
X-Powered-By: Express
Content-Type: application/json; charset=utf-8
Content-Length: 21
ETag: W/"15-PNRykDKoxQegpfc5OHj7yG8GI4c"
Date: Sun, 06 Apr 2025 13:54:50 GMT
Connection: keep-alive
Keep-Alive: timeout=600

21:54:50.619 [AsyncHttpClient-1-2] DEBUG org.asynchttpclient.netty.channel.ChannelManager -- Adding key: http://127.0.0.1:4723 for channel [id: 0xd850032e, L:/127.0.0.1:49363 - R:/127.0.0.1:4723]
21:54:50.619 [Forwarding getElementText on session 9d505292-1662-4e03-b7da-959f22fa1c1e to remote] DEBUG org.asynchttpclient.netty.request.NettyRequestSender -- Using pooled Channel '[id: 0xd850032e, L:/127.0.0.1:49363 - R:/127.0.0.1:4723]' for 'GET' to 'http://127.0.0.1:4723/session/9d505292-1662-4e03-b7da-959f22fa1c1e/element/f.09BF641F5805ED6A5007B9E87D61469D.d.777EDFA98D7557D72B5B8D92AD5D4E58.e.893/text'
21:54:50.619 [Forwarding getElementText on session 9d505292-1662-4e03-b7da-959f22fa1c1e to remote] DEBUG org.asynchttpclient.netty.request.NettyRequestSender -- Using open Channel [id: 0xd850032e, L:/127.0.0.1:49363 - R:/127.0.0.1:4723] for GET '/session/9d505292-1662-4e03-b7da-959f22fa1c1e/element/f.09BF641F5805ED6A5007B9E87D61469D.d.777EDFA98D7557D72B5B8D92AD5D4E58.e.893/text'
21:54:50.637 [AsyncHttpClient-1-2] DEBUG org.asynchttpclient.netty.handler.HttpHandler -- 

Request DefaultFullHttpRequest(decodeResult: success, version: HTTP/1.1, content: EmptyByteBufBE)
GET /session/9d505292-1662-4e03-b7da-959f22fa1c1e/element/f.09BF641F5805ED6A5007B9E87D61469D.d.777EDFA98D7557D72B5B8D92AD5D4E58.e.893/text HTTP/1.1
Cache-Control: no-cache
User-Agent: appium/8.3.0 (selenium/4.8.3 (java mac))
Content-Type: application/json; charset=utf-8
host: 127.0.0.1:4723
accept: */*

Response DefaultHttpResponse(decodeResult: success, version: HTTP/1.1)
HTTP/1.1 200 OK
X-Powered-By: Express
Content-Type: application/json; charset=utf-8
Content-Length: 18
ETag: W/"12-9X6w8tps0gYtba5Abp6nmmnviIs"
Date: Sun, 06 Apr 2025 13:54:50 GMT
Connection: keep-alive
Keep-Alive: timeout=600

21:54:50.637 [AsyncHttpClient-1-2] DEBUG org.asynchttpclient.netty.channel.ChannelManager -- Adding key: http://127.0.0.1:4723 for channel [id: 0xd850032e, L:/127.0.0.1:49363 - R:/127.0.0.1:4723]
21:54:50.637 [Forwarding getElementText on session 9d505292-1662-4e03-b7da-959f22fa1c1e to remote] DEBUG org.asynchttpclient.netty.request.NettyRequestSender -- Using pooled Channel '[id: 0xd850032e, L:/127.0.0.1:49363 - R:/127.0.0.1:4723]' for 'GET' to 'http://127.0.0.1:4723/session/9d505292-1662-4e03-b7da-959f22fa1c1e/element/f.09BF641F5805ED6A5007B9E87D61469D.d.777EDFA98D7557D72B5B8D92AD5D4E58.e.895/text'
21:54:50.637 [Forwarding getElementText on session 9d505292-1662-4e03-b7da-959f22fa1c1e to remote] DEBUG org.asynchttpclient.netty.request.NettyRequestSender -- Using open Channel [id: 0xd850032e, L:/127.0.0.1:49363 - R:/127.0.0.1:4723] for GET '/session/9d505292-1662-4e03-b7da-959f22fa1c1e/element/f.09BF641F5805ED6A5007B9E87D61469D.d.777EDFA98D7557D72B5B8D92AD5D4E58.e.895/text'
21:54:50.653 [AsyncHttpClient-1-2] DEBUG org.asynchttpclient.netty.handler.HttpHandler -- 

Request DefaultFullHttpRequest(decodeResult: success, version: HTTP/1.1, content: EmptyByteBufBE)
GET /session/9d505292-1662-4e03-b7da-959f22fa1c1e/element/f.09BF641F5805ED6A5007B9E87D61469D.d.777EDFA98D7557D72B5B8D92AD5D4E58.e.895/text HTTP/1.1
Cache-Control: no-cache
User-Agent: appium/8.3.0 (selenium/4.8.3 (java mac))
Content-Type: application/json; charset=utf-8
host: 127.0.0.1:4723
accept: */*

Response DefaultHttpResponse(decodeResult: success, version: HTTP/1.1)
HTTP/1.1 200 OK
X-Powered-By: Express
Content-Type: application/json; charset=utf-8
Content-Length: 21
ETag: W/"15-ENsVtt4xyXdsskiodns000viHC8"
Date: Sun, 06 Apr 2025 13:54:50 GMT
Connection: keep-alive
Keep-Alive: timeout=600

21:54:50.654 [AsyncHttpClient-1-2] DEBUG org.asynchttpclient.netty.channel.ChannelManager -- Adding key: http://127.0.0.1:4723 for channel [id: 0xd850032e, L:/127.0.0.1:49363 - R:/127.0.0.1:4723]
21:54:50.654 [Forwarding getElementText on session 9d505292-1662-4e03-b7da-959f22fa1c1e to remote] DEBUG org.asynchttpclient.netty.request.NettyRequestSender -- Using pooled Channel '[id: 0xd850032e, L:/127.0.0.1:49363 - R:/127.0.0.1:4723]' for 'GET' to 'http://127.0.0.1:4723/session/9d505292-1662-4e03-b7da-959f22fa1c1e/element/f.09BF641F5805ED6A5007B9E87D61469D.d.777EDFA98D7557D72B5B8D92AD5D4E58.e.897/text'
21:54:50.654 [Forwarding getElementText on session 9d505292-1662-4e03-b7da-959f22fa1c1e to remote] DEBUG org.asynchttpclient.netty.request.NettyRequestSender -- Using open Channel [id: 0xd850032e, L:/127.0.0.1:49363 - R:/127.0.0.1:4723] for GET '/session/9d505292-1662-4e03-b7da-959f22fa1c1e/element/f.09BF641F5805ED6A5007B9E87D61469D.d.777EDFA98D7557D72B5B8D92AD5D4E58.e.897/text'
21:54:50.670 [AsyncHttpClient-1-2] DEBUG org.asynchttpclient.netty.handler.HttpHandler -- 

Request DefaultFullHttpRequest(decodeResult: success, version: HTTP/1.1, content: EmptyByteBufBE)
GET /session/9d505292-1662-4e03-b7da-959f22fa1c1e/element/f.09BF641F5805ED6A5007B9E87D61469D.d.777EDFA98D7557D72B5B8D92AD5D4E58.e.897/text HTTP/1.1
Cache-Control: no-cache
User-Agent: appium/8.3.0 (selenium/4.8.3 (java mac))
Content-Type: application/json; charset=utf-8
host: 127.0.0.1:4723
accept: */*

Response DefaultHttpResponse(decodeResult: success, version: HTTP/1.1)
HTTP/1.1 200 OK
X-Powered-By: Express
Content-Type: application/json; charset=utf-8
Content-Length: 18
ETag: W/"12-TJ09x1hXg4Q+1OB9tvzl1roT9Vw"
Date: Sun, 06 Apr 2025 13:54:50 GMT
Connection: keep-alive
Keep-Alive: timeout=600

21:54:50.671 [AsyncHttpClient-1-2] DEBUG org.asynchttpclient.netty.channel.ChannelManager -- Adding key: http://127.0.0.1:4723 for channel [id: 0xd850032e, L:/127.0.0.1:49363 - R:/127.0.0.1:4723]
21:54:50.671 [Forwarding getElementText on session 9d505292-1662-4e03-b7da-959f22fa1c1e to remote] DEBUG org.asynchttpclient.netty.request.NettyRequestSender -- Using pooled Channel '[id: 0xd850032e, L:/127.0.0.1:49363 - R:/127.0.0.1:4723]' for 'GET' to 'http://127.0.0.1:4723/session/9d505292-1662-4e03-b7da-959f22fa1c1e/element/f.09BF641F5805ED6A5007B9E87D61469D.d.777EDFA98D7557D72B5B8D92AD5D4E58.e.899/text'
21:54:50.671 [Forwarding getElementText on session 9d505292-1662-4e03-b7da-959f22fa1c1e to remote] DEBUG org.asynchttpclient.netty.request.NettyRequestSender -- Using open Channel [id: 0xd850032e, L:/127.0.0.1:49363 - R:/127.0.0.1:4723] for GET '/session/9d505292-1662-4e03-b7da-959f22fa1c1e/element/f.09BF641F5805ED6A5007B9E87D61469D.d.777EDFA98D7557D72B5B8D92AD5D4E58.e.899/text'
21:54:50.690 [AsyncHttpClient-1-2] DEBUG org.asynchttpclient.netty.handler.HttpHandler -- 

Request DefaultFullHttpRequest(decodeResult: success, version: HTTP/1.1, content: EmptyByteBufBE)
GET /session/9d505292-1662-4e03-b7da-959f22fa1c1e/element/f.09BF641F5805ED6A5007B9E87D61469D.d.777EDFA98D7557D72B5B8D92AD5D4E58.e.899/text HTTP/1.1
Cache-Control: no-cache
User-Agent: appium/8.3.0 (selenium/4.8.3 (java mac))
Content-Type: application/json; charset=utf-8
host: 127.0.0.1:4723
accept: */*

Response DefaultHttpResponse(decodeResult: success, version: HTTP/1.1)
HTTP/1.1 200 OK
X-Powered-By: Express
Content-Type: application/json; charset=utf-8
Content-Length: 21
ETag: W/"15-pIqo3jf0L5Y31kGOrXW+kfSjneI"
Date: Sun, 06 Apr 2025 13:54:50 GMT
Connection: keep-alive
Keep-Alive: timeout=600

21:54:50.690 [AsyncHttpClient-1-2] DEBUG org.asynchttpclient.netty.channel.ChannelManager -- Adding key: http://127.0.0.1:4723 for channel [id: 0xd850032e, L:/127.0.0.1:49363 - R:/127.0.0.1:4723]
21:54:50.690 [Forwarding getElementText on session 9d505292-1662-4e03-b7da-959f22fa1c1e to remote] DEBUG org.asynchttpclient.netty.request.NettyRequestSender -- Using pooled Channel '[id: 0xd850032e, L:/127.0.0.1:49363 - R:/127.0.0.1:4723]' for 'GET' to 'http://127.0.0.1:4723/session/9d505292-1662-4e03-b7da-959f22fa1c1e/element/f.09BF641F5805ED6A5007B9E87D61469D.d.777EDFA98D7557D72B5B8D92AD5D4E58.e.901/text'
21:54:50.690 [Forwarding getElementText on session 9d505292-1662-4e03-b7da-959f22fa1c1e to remote] DEBUG org.asynchttpclient.netty.request.NettyRequestSender -- Using open Channel [id: 0xd850032e, L:/127.0.0.1:49363 - R:/127.0.0.1:4723] for GET '/session/9d505292-1662-4e03-b7da-959f22fa1c1e/element/f.09BF641F5805ED6A5007B9E87D61469D.d.777EDFA98D7557D72B5B8D92AD5D4E58.e.901/text'
21:54:50.710 [AsyncHttpClient-1-2] DEBUG org.asynchttpclient.netty.handler.HttpHandler -- 

Request DefaultFullHttpRequest(decodeResult: success, version: HTTP/1.1, content: EmptyByteBufBE)
GET /session/9d505292-1662-4e03-b7da-959f22fa1c1e/element/f.09BF641F5805ED6A5007B9E87D61469D.d.777EDFA98D7557D72B5B8D92AD5D4E58.e.901/text HTTP/1.1
Cache-Control: no-cache
User-Agent: appium/8.3.0 (selenium/4.8.3 (java mac))
Content-Type: application/json; charset=utf-8
host: 127.0.0.1:4723
accept: */*

Response DefaultHttpResponse(decodeResult: success, version: HTTP/1.1)
HTTP/1.1 200 OK
X-Powered-By: Express
Content-Type: application/json; charset=utf-8
Content-Length: 21
ETag: W/"15-8dbauDcY5XsiqRXV3o8uOAB6tVk"
Date: Sun, 06 Apr 2025 13:54:50 GMT
Connection: keep-alive
Keep-Alive: timeout=600

21:54:50.710 [AsyncHttpClient-1-2] DEBUG org.asynchttpclient.netty.channel.ChannelManager -- Adding key: http://127.0.0.1:4723 for channel [id: 0xd850032e, L:/127.0.0.1:49363 - R:/127.0.0.1:4723]
21:54:50.710 [Forwarding getElementText on session 9d505292-1662-4e03-b7da-959f22fa1c1e to remote] DEBUG org.asynchttpclient.netty.request.NettyRequestSender -- Using pooled Channel '[id: 0xd850032e, L:/127.0.0.1:49363 - R:/127.0.0.1:4723]' for 'GET' to 'http://127.0.0.1:4723/session/9d505292-1662-4e03-b7da-959f22fa1c1e/element/f.09BF641F5805ED6A5007B9E87D61469D.d.777EDFA98D7557D72B5B8D92AD5D4E58.e.903/text'
21:54:50.710 [Forwarding getElementText on session 9d505292-1662-4e03-b7da-959f22fa1c1e to remote] DEBUG org.asynchttpclient.netty.request.NettyRequestSender -- Using open Channel [id: 0xd850032e, L:/127.0.0.1:49363 - R:/127.0.0.1:4723] for GET '/session/9d505292-1662-4e03-b7da-959f22fa1c1e/element/f.09BF641F5805ED6A5007B9E87D61469D.d.777EDFA98D7557D72B5B8D92AD5D4E58.e.903/text'
21:54:50.728 [AsyncHttpClient-1-2] DEBUG org.asynchttpclient.netty.handler.HttpHandler -- 

Request DefaultFullHttpRequest(decodeResult: success, version: HTTP/1.1, content: EmptyByteBufBE)
GET /session/9d505292-1662-4e03-b7da-959f22fa1c1e/element/f.09BF641F5805ED6A5007B9E87D61469D.d.777EDFA98D7557D72B5B8D92AD5D4E58.e.903/text HTTP/1.1
Cache-Control: no-cache
User-Agent: appium/8.3.0 (selenium/4.8.3 (java mac))
Content-Type: application/json; charset=utf-8
host: 127.0.0.1:4723
accept: */*

Response DefaultHttpResponse(decodeResult: success, version: HTTP/1.1)
HTTP/1.1 200 OK
X-Powered-By: Express
Content-Type: application/json; charset=utf-8
Content-Length: 21
ETag: W/"15-AJJchDGpEDHKxLIpbOyG7bboT3w"
Date: Sun, 06 Apr 2025 13:54:50 GMT
Connection: keep-alive
Keep-Alive: timeout=600

21:54:50.728 [AsyncHttpClient-1-2] DEBUG org.asynchttpclient.netty.channel.ChannelManager -- Adding key: http://127.0.0.1:4723 for channel [id: 0xd850032e, L:/127.0.0.1:49363 - R:/127.0.0.1:4723]
21:54:50.728 [Forwarding getElementText on session 9d505292-1662-4e03-b7da-959f22fa1c1e to remote] DEBUG org.asynchttpclient.netty.request.NettyRequestSender -- Using pooled Channel '[id: 0xd850032e, L:/127.0.0.1:49363 - R:/127.0.0.1:4723]' for 'GET' to 'http://127.0.0.1:4723/session/9d505292-1662-4e03-b7da-959f22fa1c1e/element/f.09BF641F5805ED6A5007B9E87D61469D.d.777EDFA98D7557D72B5B8D92AD5D4E58.e.905/text'
21:54:50.728 [Forwarding getElementText on session 9d505292-1662-4e03-b7da-959f22fa1c1e to remote] DEBUG org.asynchttpclient.netty.request.NettyRequestSender -- Using open Channel [id: 0xd850032e, L:/127.0.0.1:49363 - R:/127.0.0.1:4723] for GET '/session/9d505292-1662-4e03-b7da-959f22fa1c1e/element/f.09BF641F5805ED6A5007B9E87D61469D.d.777EDFA98D7557D72B5B8D92AD5D4E58.e.905/text'
21:54:50.747 [AsyncHttpClient-1-2] DEBUG org.asynchttpclient.netty.handler.HttpHandler -- 

Request DefaultFullHttpRequest(decodeResult: success, version: HTTP/1.1, content: EmptyByteBufBE)
GET /session/9d505292-1662-4e03-b7da-959f22fa1c1e/element/f.09BF641F5805ED6A5007B9E87D61469D.d.777EDFA98D7557D72B5B8D92AD5D4E58.e.905/text HTTP/1.1
Cache-Control: no-cache
User-Agent: appium/8.3.0 (selenium/4.8.3 (java mac))
Content-Type: application/json; charset=utf-8
host: 127.0.0.1:4723
accept: */*

Response DefaultHttpResponse(decodeResult: success, version: HTTP/1.1)
HTTP/1.1 200 OK
X-Powered-By: Express
Content-Type: application/json; charset=utf-8
Content-Length: 21
ETag: W/"15-dw/BCwH5na27ggNwWRi9jB91/DU"
Date: Sun, 06 Apr 2025 13:54:50 GMT
Connection: keep-alive
Keep-Alive: timeout=600

21:54:50.747 [AsyncHttpClient-1-2] DEBUG org.asynchttpclient.netty.channel.ChannelManager -- Adding key: http://127.0.0.1:4723 for channel [id: 0xd850032e, L:/127.0.0.1:49363 - R:/127.0.0.1:4723]
21:54:50.748 [Forwarding getElementText on session 9d505292-1662-4e03-b7da-959f22fa1c1e to remote] DEBUG org.asynchttpclient.netty.request.NettyRequestSender -- Using pooled Channel '[id: 0xd850032e, L:/127.0.0.1:49363 - R:/127.0.0.1:4723]' for 'GET' to 'http://127.0.0.1:4723/session/9d505292-1662-4e03-b7da-959f22fa1c1e/element/f.09BF641F5805ED6A5007B9E87D61469D.d.777EDFA98D7557D72B5B8D92AD5D4E58.e.907/text'
21:54:50.748 [Forwarding getElementText on session 9d505292-1662-4e03-b7da-959f22fa1c1e to remote] DEBUG org.asynchttpclient.netty.request.NettyRequestSender -- Using open Channel [id: 0xd850032e, L:/127.0.0.1:49363 - R:/127.0.0.1:4723] for GET '/session/9d505292-1662-4e03-b7da-959f22fa1c1e/element/f.09BF641F5805ED6A5007B9E87D61469D.d.777EDFA98D7557D72B5B8D92AD5D4E58.e.907/text'
21:54:50.767 [AsyncHttpClient-1-2] DEBUG org.asynchttpclient.netty.handler.HttpHandler -- 

Request DefaultFullHttpRequest(decodeResult: success, version: HTTP/1.1, content: EmptyByteBufBE)
GET /session/9d505292-1662-4e03-b7da-959f22fa1c1e/element/f.09BF641F5805ED6A5007B9E87D61469D.d.777EDFA98D7557D72B5B8D92AD5D4E58.e.907/text HTTP/1.1
Cache-Control: no-cache
User-Agent: appium/8.3.0 (selenium/4.8.3 (java mac))
Content-Type: application/json; charset=utf-8
host: 127.0.0.1:4723
accept: */*

Response DefaultHttpResponse(decodeResult: success, version: HTTP/1.1)
HTTP/1.1 200 OK
X-Powered-By: Express
Content-Type: application/json; charset=utf-8
Content-Length: 21
ETag: W/"15-/A+4S3KzRnubZGOzaJyyalYQPG0"
Date: Sun, 06 Apr 2025 13:54:50 GMT
Connection: keep-alive
Keep-Alive: timeout=600

21:54:50.767 [AsyncHttpClient-1-2] DEBUG org.asynchttpclient.netty.channel.ChannelManager -- Adding key: http://127.0.0.1:4723 for channel [id: 0xd850032e, L:/127.0.0.1:49363 - R:/127.0.0.1:4723]
21:54:50.767 [Forwarding getElementText on session 9d505292-1662-4e03-b7da-959f22fa1c1e to remote] DEBUG org.asynchttpclient.netty.request.NettyRequestSender -- Using pooled Channel '[id: 0xd850032e, L:/127.0.0.1:49363 - R:/127.0.0.1:4723]' for 'GET' to 'http://127.0.0.1:4723/session/9d505292-1662-4e03-b7da-959f22fa1c1e/element/f.09BF641F5805ED6A5007B9E87D61469D.d.777EDFA98D7557D72B5B8D92AD5D4E58.e.909/text'
21:54:50.767 [Forwarding getElementText on session 9d505292-1662-4e03-b7da-959f22fa1c1e to remote] DEBUG org.asynchttpclient.netty.request.NettyRequestSender -- Using open Channel [id: 0xd850032e, L:/127.0.0.1:49363 - R:/127.0.0.1:4723] for GET '/session/9d505292-1662-4e03-b7da-959f22fa1c1e/element/f.09BF641F5805ED6A5007B9E87D61469D.d.777EDFA98D7557D72B5B8D92AD5D4E58.e.909/text'
21:54:50.786 [AsyncHttpClient-1-2] DEBUG org.asynchttpclient.netty.handler.HttpHandler -- 

Request DefaultFullHttpRequest(decodeResult: success, version: HTTP/1.1, content: EmptyByteBufBE)
GET /session/9d505292-1662-4e03-b7da-959f22fa1c1e/element/f.09BF641F5805ED6A5007B9E87D61469D.d.777EDFA98D7557D72B5B8D92AD5D4E58.e.909/text HTTP/1.1
Cache-Control: no-cache
User-Agent: appium/8.3.0 (selenium/4.8.3 (java mac))
Content-Type: application/json; charset=utf-8
host: 127.0.0.1:4723
accept: */*

Response DefaultHttpResponse(decodeResult: success, version: HTTP/1.1)
HTTP/1.1 200 OK
X-Powered-By: Express
Content-Type: application/json; charset=utf-8
Content-Length: 21
ETag: W/"15-/yOR+Zg/7iiqYMHw7YN1RuC4cHg"
Date: Sun, 06 Apr 2025 13:54:50 GMT
Connection: keep-alive
Keep-Alive: timeout=600

21:54:50.786 [AsyncHttpClient-1-2] DEBUG org.asynchttpclient.netty.channel.ChannelManager -- Adding key: http://127.0.0.1:4723 for channel [id: 0xd850032e, L:/127.0.0.1:49363 - R:/127.0.0.1:4723]
21:54:50.787 [Forwarding getElementText on session 9d505292-1662-4e03-b7da-959f22fa1c1e to remote] DEBUG org.asynchttpclient.netty.request.NettyRequestSender -- Using pooled Channel '[id: 0xd850032e, L:/127.0.0.1:49363 - R:/127.0.0.1:4723]' for 'GET' to 'http://127.0.0.1:4723/session/9d505292-1662-4e03-b7da-959f22fa1c1e/element/f.09BF641F5805ED6A5007B9E87D61469D.d.777EDFA98D7557D72B5B8D92AD5D4E58.e.911/text'
21:54:50.787 [Forwarding getElementText on session 9d505292-1662-4e03-b7da-959f22fa1c1e to remote] DEBUG org.asynchttpclient.netty.request.NettyRequestSender -- Using open Channel [id: 0xd850032e, L:/127.0.0.1:49363 - R:/127.0.0.1:4723] for GET '/session/9d505292-1662-4e03-b7da-959f22fa1c1e/element/f.09BF641F5805ED6A5007B9E87D61469D.d.777EDFA98D7557D72B5B8D92AD5D4E58.e.911/text'
21:54:50.809 [AsyncHttpClient-1-2] DEBUG org.asynchttpclient.netty.handler.HttpHandler -- 

Request DefaultFullHttpRequest(decodeResult: success, version: HTTP/1.1, content: EmptyByteBufBE)
GET /session/9d505292-1662-4e03-b7da-959f22fa1c1e/element/f.09BF641F5805ED6A5007B9E87D61469D.d.777EDFA98D7557D72B5B8D92AD5D4E58.e.911/text HTTP/1.1
Cache-Control: no-cache
User-Agent: appium/8.3.0 (selenium/4.8.3 (java mac))
Content-Type: application/json; charset=utf-8
host: 127.0.0.1:4723
accept: */*

Response DefaultHttpResponse(decodeResult: success, version: HTTP/1.1)
HTTP/1.1 200 OK
X-Powered-By: Express
Content-Type: application/json; charset=utf-8
Content-Length: 21
ETag: W/"15-W3YudY6WqlU4UnQipHSpIQCkLMA"
Date: Sun, 06 Apr 2025 13:54:50 GMT
Connection: keep-alive
Keep-Alive: timeout=600

21:54:50.809 [AsyncHttpClient-1-2] DEBUG org.asynchttpclient.netty.channel.ChannelManager -- Adding key: http://127.0.0.1:4723 for channel [id: 0xd850032e, L:/127.0.0.1:49363 - R:/127.0.0.1:4723]
21:54:50.810 [Forwarding getElementText on session 9d505292-1662-4e03-b7da-959f22fa1c1e to remote] DEBUG org.asynchttpclient.netty.request.NettyRequestSender -- Using pooled Channel '[id: 0xd850032e, L:/127.0.0.1:49363 - R:/127.0.0.1:4723]' for 'GET' to 'http://127.0.0.1:4723/session/9d505292-1662-4e03-b7da-959f22fa1c1e/element/f.09BF641F5805ED6A5007B9E87D61469D.d.777EDFA98D7557D72B5B8D92AD5D4E58.e.913/text'
21:54:50.810 [Forwarding getElementText on session 9d505292-1662-4e03-b7da-959f22fa1c1e to remote] DEBUG org.asynchttpclient.netty.request.NettyRequestSender -- Using open Channel [id: 0xd850032e, L:/127.0.0.1:49363 - R:/127.0.0.1:4723] for GET '/session/9d505292-1662-4e03-b7da-959f22fa1c1e/element/f.09BF641F5805ED6A5007B9E87D61469D.d.777EDFA98D7557D72B5B8D92AD5D4E58.e.913/text'
21:54:50.828 [AsyncHttpClient-1-2] DEBUG org.asynchttpclient.netty.handler.HttpHandler -- 

Request DefaultFullHttpRequest(decodeResult: success, version: HTTP/1.1, content: EmptyByteBufBE)
GET /session/9d505292-1662-4e03-b7da-959f22fa1c1e/element/f.09BF641F5805ED6A5007B9E87D61469D.d.777EDFA98D7557D72B5B8D92AD5D4E58.e.913/text HTTP/1.1
Cache-Control: no-cache
User-Agent: appium/8.3.0 (selenium/4.8.3 (java mac))
Content-Type: application/json; charset=utf-8
host: 127.0.0.1:4723
accept: */*

Response DefaultHttpResponse(decodeResult: success, version: HTTP/1.1)
HTTP/1.1 200 OK
X-Powered-By: Express
Content-Type: application/json; charset=utf-8
Content-Length: 21
ETag: W/"15-uGXk9yXZNygKSnwwBBBISFqZaQ8"
Date: Sun, 06 Apr 2025 13:54:50 GMT
Connection: keep-alive
Keep-Alive: timeout=600

21:54:50.829 [AsyncHttpClient-1-2] DEBUG org.asynchttpclient.netty.channel.ChannelManager -- Adding key: http://127.0.0.1:4723 for channel [id: 0xd850032e, L:/127.0.0.1:49363 - R:/127.0.0.1:4723]
21:54:50.829 [Forwarding getElementText on session 9d505292-1662-4e03-b7da-959f22fa1c1e to remote] DEBUG org.asynchttpclient.netty.request.NettyRequestSender -- Using pooled Channel '[id: 0xd850032e, L:/127.0.0.1:49363 - R:/127.0.0.1:4723]' for 'GET' to 'http://127.0.0.1:4723/session/9d505292-1662-4e03-b7da-959f22fa1c1e/element/f.09BF641F5805ED6A5007B9E87D61469D.d.777EDFA98D7557D72B5B8D92AD5D4E58.e.915/text'
21:54:50.829 [Forwarding getElementText on session 9d505292-1662-4e03-b7da-959f22fa1c1e to remote] DEBUG org.asynchttpclient.netty.request.NettyRequestSender -- Using open Channel [id: 0xd850032e, L:/127.0.0.1:49363 - R:/127.0.0.1:4723] for GET '/session/9d505292-1662-4e03-b7da-959f22fa1c1e/element/f.09BF641F5805ED6A5007B9E87D61469D.d.777EDFA98D7557D72B5B8D92AD5D4E58.e.915/text'
21:54:50.846 [AsyncHttpClient-1-2] DEBUG org.asynchttpclient.netty.handler.HttpHandler -- 

Request DefaultFullHttpRequest(decodeResult: success, version: HTTP/1.1, content: EmptyByteBufBE)
GET /session/9d505292-1662-4e03-b7da-959f22fa1c1e/element/f.09BF641F5805ED6A5007B9E87D61469D.d.777EDFA98D7557D72B5B8D92AD5D4E58.e.915/text HTTP/1.1
Cache-Control: no-cache
User-Agent: appium/8.3.0 (selenium/4.8.3 (java mac))
Content-Type: application/json; charset=utf-8
host: 127.0.0.1:4723
accept: */*

Response DefaultHttpResponse(decodeResult: success, version: HTTP/1.1)
HTTP/1.1 200 OK
X-Powered-By: Express
Content-Type: application/json; charset=utf-8
Content-Length: 21
ETag: W/"15-HUjxqy5WxFlb37yEmWL+g+ULhCI"
Date: Sun, 06 Apr 2025 13:54:50 GMT
Connection: keep-alive
Keep-Alive: timeout=600

21:54:50.847 [AsyncHttpClient-1-2] DEBUG org.asynchttpclient.netty.channel.ChannelManager -- Adding key: http://127.0.0.1:4723 for channel [id: 0xd850032e, L:/127.0.0.1:49363 - R:/127.0.0.1:4723]
21:54:50.847 [Forwarding getElementText on session 9d505292-1662-4e03-b7da-959f22fa1c1e to remote] DEBUG org.asynchttpclient.netty.request.NettyRequestSender -- Using pooled Channel '[id: 0xd850032e, L:/127.0.0.1:49363 - R:/127.0.0.1:4723]' for 'GET' to 'http://127.0.0.1:4723/session/9d505292-1662-4e03-b7da-959f22fa1c1e/element/f.09BF641F5805ED6A5007B9E87D61469D.d.777EDFA98D7557D72B5B8D92AD5D4E58.e.917/text'
21:54:50.847 [Forwarding getElementText on session 9d505292-1662-4e03-b7da-959f22fa1c1e to remote] DEBUG org.asynchttpclient.netty.request.NettyRequestSender -- Using open Channel [id: 0xd850032e, L:/127.0.0.1:49363 - R:/127.0.0.1:4723] for GET '/session/9d505292-1662-4e03-b7da-959f22fa1c1e/element/f.09BF641F5805ED6A5007B9E87D61469D.d.777EDFA98D7557D72B5B8D92AD5D4E58.e.917/text'
21:54:50.865 [AsyncHttpClient-1-2] DEBUG org.asynchttpclient.netty.handler.HttpHandler -- 

Request DefaultFullHttpRequest(decodeResult: success, version: HTTP/1.1, content: EmptyByteBufBE)
GET /session/9d505292-1662-4e03-b7da-959f22fa1c1e/element/f.09BF641F5805ED6A5007B9E87D61469D.d.777EDFA98D7557D72B5B8D92AD5D4E58.e.917/text HTTP/1.1
Cache-Control: no-cache
User-Agent: appium/8.3.0 (selenium/4.8.3 (java mac))
Content-Type: application/json; charset=utf-8
host: 127.0.0.1:4723
accept: */*

Response DefaultHttpResponse(decodeResult: success, version: HTTP/1.1)
HTTP/1.1 200 OK
X-Powered-By: Express
Content-Type: application/json; charset=utf-8
Content-Length: 21
ETag: W/"15-SM28DtAHV7lOR544LdDEkZiTfe0"
Date: Sun, 06 Apr 2025 13:54:50 GMT
Connection: keep-alive
Keep-Alive: timeout=600

21:54:50.865 [AsyncHttpClient-1-2] DEBUG org.asynchttpclient.netty.channel.ChannelManager -- Adding key: http://127.0.0.1:4723 for channel [id: 0xd850032e, L:/127.0.0.1:49363 - R:/127.0.0.1:4723]
21:54:50.866 [Forwarding getElementText on session 9d505292-1662-4e03-b7da-959f22fa1c1e to remote] DEBUG org.asynchttpclient.netty.request.NettyRequestSender -- Using pooled Channel '[id: 0xd850032e, L:/127.0.0.1:49363 - R:/127.0.0.1:4723]' for 'GET' to 'http://127.0.0.1:4723/session/9d505292-1662-4e03-b7da-959f22fa1c1e/element/f.09BF641F5805ED6A5007B9E87D61469D.d.777EDFA98D7557D72B5B8D92AD5D4E58.e.919/text'
21:54:50.866 [Forwarding getElementText on session 9d505292-1662-4e03-b7da-959f22fa1c1e to remote] DEBUG org.asynchttpclient.netty.request.NettyRequestSender -- Using open Channel [id: 0xd850032e, L:/127.0.0.1:49363 - R:/127.0.0.1:4723] for GET '/session/9d505292-1662-4e03-b7da-959f22fa1c1e/element/f.09BF641F5805ED6A5007B9E87D61469D.d.777EDFA98D7557D72B5B8D92AD5D4E58.e.919/text'
21:54:50.884 [AsyncHttpClient-1-2] DEBUG org.asynchttpclient.netty.handler.HttpHandler -- 

Request DefaultFullHttpRequest(decodeResult: success, version: HTTP/1.1, content: EmptyByteBufBE)
GET /session/9d505292-1662-4e03-b7da-959f22fa1c1e/element/f.09BF641F5805ED6A5007B9E87D61469D.d.777EDFA98D7557D72B5B8D92AD5D4E58.e.919/text HTTP/1.1
Cache-Control: no-cache
User-Agent: appium/8.3.0 (selenium/4.8.3 (java mac))
Content-Type: application/json; charset=utf-8
host: 127.0.0.1:4723
accept: */*

Response DefaultHttpResponse(decodeResult: success, version: HTTP/1.1)
HTTP/1.1 200 OK
X-Powered-By: Express
Content-Type: application/json; charset=utf-8
Content-Length: 21
ETag: W/"15-TSe7MCx3svm1zDcVoBQhxNLzqp0"
Date: Sun, 06 Apr 2025 13:54:50 GMT
Connection: keep-alive
Keep-Alive: timeout=600

21:54:50.884 [AsyncHttpClient-1-2] DEBUG org.asynchttpclient.netty.channel.ChannelManager -- Adding key: http://127.0.0.1:4723 for channel [id: 0xd850032e, L:/127.0.0.1:49363 - R:/127.0.0.1:4723]
21:54:50.885 [Forwarding getElementText on session 9d505292-1662-4e03-b7da-959f22fa1c1e to remote] DEBUG org.asynchttpclient.netty.request.NettyRequestSender -- Using pooled Channel '[id: 0xd850032e, L:/127.0.0.1:49363 - R:/127.0.0.1:4723]' for 'GET' to 'http://127.0.0.1:4723/session/9d505292-1662-4e03-b7da-959f22fa1c1e/element/f.09BF641F5805ED6A5007B9E87D61469D.d.777EDFA98D7557D72B5B8D92AD5D4E58.e.921/text'
21:54:50.885 [Forwarding getElementText on session 9d505292-1662-4e03-b7da-959f22fa1c1e to remote] DEBUG org.asynchttpclient.netty.request.NettyRequestSender -- Using open Channel [id: 0xd850032e, L:/127.0.0.1:49363 - R:/127.0.0.1:4723] for GET '/session/9d505292-1662-4e03-b7da-959f22fa1c1e/element/f.09BF641F5805ED6A5007B9E87D61469D.d.777EDFA98D7557D72B5B8D92AD5D4E58.e.921/text'
21:54:50.903 [AsyncHttpClient-1-2] DEBUG org.asynchttpclient.netty.handler.HttpHandler -- 

Request DefaultFullHttpRequest(decodeResult: success, version: HTTP/1.1, content: EmptyByteBufBE)
GET /session/9d505292-1662-4e03-b7da-959f22fa1c1e/element/f.09BF641F5805ED6A5007B9E87D61469D.d.777EDFA98D7557D72B5B8D92AD5D4E58.e.921/text HTTP/1.1
Cache-Control: no-cache
User-Agent: appium/8.3.0 (selenium/4.8.3 (java mac))
Content-Type: application/json; charset=utf-8
host: 127.0.0.1:4723
accept: */*

Response DefaultHttpResponse(decodeResult: success, version: HTTP/1.1)
HTTP/1.1 200 OK
X-Powered-By: Express
Content-Type: application/json; charset=utf-8
Content-Length: 21
ETag: W/"15-DdMgMaO55P7EA6oxvLFlmBg9vYA"
Date: Sun, 06 Apr 2025 13:54:50 GMT
Connection: keep-alive
Keep-Alive: timeout=600

21:54:50.903 [AsyncHttpClient-1-2] DEBUG org.asynchttpclient.netty.channel.ChannelManager -- Adding key: http://127.0.0.1:4723 for channel [id: 0xd850032e, L:/127.0.0.1:49363 - R:/127.0.0.1:4723]
21:54:50.904 [Forwarding getElementText on session 9d505292-1662-4e03-b7da-959f22fa1c1e to remote] DEBUG org.asynchttpclient.netty.request.NettyRequestSender -- Using pooled Channel '[id: 0xd850032e, L:/127.0.0.1:49363 - R:/127.0.0.1:4723]' for 'GET' to 'http://127.0.0.1:4723/session/9d505292-1662-4e03-b7da-959f22fa1c1e/element/f.09BF641F5805ED6A5007B9E87D61469D.d.777EDFA98D7557D72B5B8D92AD5D4E58.e.923/text'
21:54:50.904 [Forwarding getElementText on session 9d505292-1662-4e03-b7da-959f22fa1c1e to remote] DEBUG org.asynchttpclient.netty.request.NettyRequestSender -- Using open Channel [id: 0xd850032e, L:/127.0.0.1:49363 - R:/127.0.0.1:4723] for GET '/session/9d505292-1662-4e03-b7da-959f22fa1c1e/element/f.09BF641F5805ED6A5007B9E87D61469D.d.777EDFA98D7557D72B5B8D92AD5D4E58.e.923/text'
21:54:50.922 [AsyncHttpClient-1-2] DEBUG org.asynchttpclient.netty.handler.HttpHandler -- 

Request DefaultFullHttpRequest(decodeResult: success, version: HTTP/1.1, content: EmptyByteBufBE)
GET /session/9d505292-1662-4e03-b7da-959f22fa1c1e/element/f.09BF641F5805ED6A5007B9E87D61469D.d.777EDFA98D7557D72B5B8D92AD5D4E58.e.923/text HTTP/1.1
Cache-Control: no-cache
User-Agent: appium/8.3.0 (selenium/4.8.3 (java mac))
Content-Type: application/json; charset=utf-8
host: 127.0.0.1:4723
accept: */*

Response DefaultHttpResponse(decodeResult: success, version: HTTP/1.1)
HTTP/1.1 200 OK
X-Powered-By: Express
Content-Type: application/json; charset=utf-8
Content-Length: 21
ETag: W/"15-E4LbIEHPFil/tWPVQsnOBOjo/Ts"
Date: Sun, 06 Apr 2025 13:54:50 GMT
Connection: keep-alive
Keep-Alive: timeout=600

21:54:50.922 [AsyncHttpClient-1-2] DEBUG org.asynchttpclient.netty.channel.ChannelManager -- Adding key: http://127.0.0.1:4723 for channel [id: 0xd850032e, L:/127.0.0.1:49363 - R:/127.0.0.1:4723]
21:54:50.923 [Forwarding getElementText on session 9d505292-1662-4e03-b7da-959f22fa1c1e to remote] DEBUG org.asynchttpclient.netty.request.NettyRequestSender -- Using pooled Channel '[id: 0xd850032e, L:/127.0.0.1:49363 - R:/127.0.0.1:4723]' for 'GET' to 'http://127.0.0.1:4723/session/9d505292-1662-4e03-b7da-959f22fa1c1e/element/f.09BF641F5805ED6A5007B9E87D61469D.d.777EDFA98D7557D72B5B8D92AD5D4E58.e.925/text'
21:54:50.923 [Forwarding getElementText on session 9d505292-1662-4e03-b7da-959f22fa1c1e to remote] DEBUG org.asynchttpclient.netty.request.NettyRequestSender -- Using open Channel [id: 0xd850032e, L:/127.0.0.1:49363 - R:/127.0.0.1:4723] for GET '/session/9d505292-1662-4e03-b7da-959f22fa1c1e/element/f.09BF641F5805ED6A5007B9E87D61469D.d.777EDFA98D7557D72B5B8D92AD5D4E58.e.925/text'
21:54:50.941 [AsyncHttpClient-1-2] DEBUG org.asynchttpclient.netty.handler.HttpHandler -- 

Request DefaultFullHttpRequest(decodeResult: success, version: HTTP/1.1, content: EmptyByteBufBE)
GET /session/9d505292-1662-4e03-b7da-959f22fa1c1e/element/f.09BF641F5805ED6A5007B9E87D61469D.d.777EDFA98D7557D72B5B8D92AD5D4E58.e.925/text HTTP/1.1
Cache-Control: no-cache
User-Agent: appium/8.3.0 (selenium/4.8.3 (java mac))
Content-Type: application/json; charset=utf-8
host: 127.0.0.1:4723
accept: */*

Response DefaultHttpResponse(decodeResult: success, version: HTTP/1.1)
HTTP/1.1 200 OK
X-Powered-By: Express
Content-Type: application/json; charset=utf-8
Content-Length: 21
ETag: W/"15-e0EibDo26UCebck6qTJDrgZAw7k"
Date: Sun, 06 Apr 2025 13:54:50 GMT
Connection: keep-alive
Keep-Alive: timeout=600

21:54:50.941 [AsyncHttpClient-1-2] DEBUG org.asynchttpclient.netty.channel.ChannelManager -- Adding key: http://127.0.0.1:4723 for channel [id: 0xd850032e, L:/127.0.0.1:49363 - R:/127.0.0.1:4723]
驗證縣市「台南市」與其行政區成功！
21:54:50.943 [Forwarding executeScript on session 9d505292-1662-4e03-b7da-959f22fa1c1e to remote] DEBUG org.asynchttpclient.netty.request.NettyRequestSender -- Using pooled Channel '[id: 0xd850032e, L:/127.0.0.1:49363 - R:/127.0.0.1:4723]' for 'POST' to 'http://127.0.0.1:4723/session/9d505292-1662-4e03-b7da-959f22fa1c1e/execute/sync'
21:54:50.943 [Forwarding executeScript on session 9d505292-1662-4e03-b7da-959f22fa1c1e to remote] DEBUG org.asynchttpclient.netty.request.NettyRequestSender -- Using open Channel [id: 0xd850032e, L:/127.0.0.1:49363 - R:/127.0.0.1:4723] for POST '/session/9d505292-1662-4e03-b7da-959f22fa1c1e/execute/sync'
21:54:50.966 [AsyncHttpClient-1-2] DEBUG org.asynchttpclient.netty.handler.HttpHandler -- 

Request DefaultHttpRequest(decodeResult: success, version: HTTP/1.1)
POST /session/9d505292-1662-4e03-b7da-959f22fa1c1e/execute/sync HTTP/1.1
User-Agent: appium/8.3.0 (selenium/4.8.3 (java mac))
Content-Length: 347
Content-Type: application/json; charset=utf-8
host: 127.0.0.1:4723
accept: */*

Response DefaultHttpResponse(decodeResult: success, version: HTTP/1.1)
HTTP/1.1 200 OK
X-Powered-By: Express
Vary: X-HTTP-Method-Override
Content-Type: application/json; charset=utf-8
Content-Length: 14
ETag: W/"e-9/1BuKMgFObM1mWJm+YjxtXJnUM"
Date: Sun, 06 Apr 2025 13:54:50 GMT
Connection: keep-alive
Keep-Alive: timeout=600

21:54:50.966 [AsyncHttpClient-1-2] DEBUG org.asynchttpclient.netty.channel.ChannelManager -- Adding key: http://127.0.0.1:4723 for channel [id: 0xd850032e, L:/127.0.0.1:49363 - R:/127.0.0.1:4723]
21:54:50.967 [Forwarding findElement on session 9d505292-1662-4e03-b7da-959f22fa1c1e to remote] DEBUG org.asynchttpclient.netty.request.NettyRequestSender -- Using pooled Channel '[id: 0xd850032e, L:/127.0.0.1:49363 - R:/127.0.0.1:4723]' for 'POST' to 'http://127.0.0.1:4723/session/9d505292-1662-4e03-b7da-959f22fa1c1e/element'
21:54:50.967 [Forwarding findElement on session 9d505292-1662-4e03-b7da-959f22fa1c1e to remote] DEBUG org.asynchttpclient.netty.request.NettyRequestSender -- Using open Channel [id: 0xd850032e, L:/127.0.0.1:49363 - R:/127.0.0.1:4723] for POST '/session/9d505292-1662-4e03-b7da-959f22fa1c1e/element'
21:54:50.987 [AsyncHttpClient-1-2] DEBUG org.asynchttpclient.netty.handler.HttpHandler -- 

Request DefaultHttpRequest(decodeResult: success, version: HTTP/1.1)
POST /session/9d505292-1662-4e03-b7da-959f22fa1c1e/element HTTP/1.1
User-Agent: appium/8.3.0 (selenium/4.8.3 (java mac))
Content-Length: 64
Content-Type: application/json; charset=utf-8
host: 127.0.0.1:4723
accept: */*

Response DefaultHttpResponse(decodeResult: success, version: HTTP/1.1)
HTTP/1.1 200 OK
X-Powered-By: Express
Vary: X-HTTP-Method-Override
Content-Type: application/json; charset=utf-8
Content-Length: 215
ETag: W/"d7-hLLmI8sXBhj61n8KQz/SSgPhJ+w"
Date: Sun, 06 Apr 2025 13:54:50 GMT
Connection: keep-alive
Keep-Alive: timeout=600

21:54:50.987 [AsyncHttpClient-1-2] DEBUG org.asynchttpclient.netty.channel.ChannelManager -- Adding key: http://127.0.0.1:4723 for channel [id: 0xd850032e, L:/127.0.0.1:49363 - R:/127.0.0.1:4723]
21:54:51.091 [Forwarding findChildElements on session 9d505292-1662-4e03-b7da-959f22fa1c1e to remote] DEBUG org.asynchttpclient.netty.request.NettyRequestSender -- Using pooled Channel '[id: 0xd850032e, L:/127.0.0.1:49363 - R:/127.0.0.1:4723]' for 'POST' to 'http://127.0.0.1:4723/session/9d505292-1662-4e03-b7da-959f22fa1c1e/element/f.09BF641F5805ED6A5007B9E87D61469D.d.777EDFA98D7557D72B5B8D92AD5D4E58.e.377/elements'
21:54:51.091 [Forwarding findChildElements on session 9d505292-1662-4e03-b7da-959f22fa1c1e to remote] DEBUG org.asynchttpclient.netty.request.NettyRequestSender -- Using open Channel [id: 0xd850032e, L:/127.0.0.1:49363 - R:/127.0.0.1:4723] for POST '/session/9d505292-1662-4e03-b7da-959f22fa1c1e/element/f.09BF641F5805ED6A5007B9E87D61469D.d.777EDFA98D7557D72B5B8D92AD5D4E58.e.377/elements'
21:54:51.119 [AsyncHttpClient-1-2] DEBUG org.asynchttpclient.netty.handler.HttpHandler -- 

Request DefaultHttpRequest(decodeResult: success, version: HTTP/1.1)
POST /session/9d505292-1662-4e03-b7da-959f22fa1c1e/element/f.09BF641F5805ED6A5007B9E87D61469D.d.777EDFA98D7557D72B5B8D92AD5D4E58.e.377/elements HTTP/1.1
User-Agent: appium/8.3.0 (selenium/4.8.3 (java mac))
Content-Length: 133
Content-Type: application/json; charset=utf-8
host: 127.0.0.1:4723
accept: */*

Response DefaultHttpResponse(decodeResult: success, version: HTTP/1.1)
HTTP/1.1 200 OK
X-Powered-By: Express
Vary: X-HTTP-Method-Override
Content-Type: application/json; charset=utf-8
Content-Length: 8051
ETag: W/"1f73-EK9SVfVVipTnpyjkRXOsB0N//oo"
Date: Sun, 06 Apr 2025 13:54:51 GMT
Connection: keep-alive
Keep-Alive: timeout=600

21:54:51.120 [AsyncHttpClient-1-2] DEBUG org.asynchttpclient.netty.channel.ChannelManager -- Adding key: http://127.0.0.1:4723 for channel [id: 0xd850032e, L:/127.0.0.1:49363 - R:/127.0.0.1:4723]
21:54:51.121 [Forwarding getElementText on session 9d505292-1662-4e03-b7da-959f22fa1c1e to remote] DEBUG org.asynchttpclient.netty.request.NettyRequestSender -- Using pooled Channel '[id: 0xd850032e, L:/127.0.0.1:49363 - R:/127.0.0.1:4723]' for 'GET' to 'http://127.0.0.1:4723/session/9d505292-1662-4e03-b7da-959f22fa1c1e/element/f.09BF641F5805ED6A5007B9E87D61469D.d.777EDFA98D7557D72B5B8D92AD5D4E58.e.929/text'
21:54:51.121 [Forwarding getElementText on session 9d505292-1662-4e03-b7da-959f22fa1c1e to remote] DEBUG org.asynchttpclient.netty.request.NettyRequestSender -- Using open Channel [id: 0xd850032e, L:/127.0.0.1:49363 - R:/127.0.0.1:4723] for GET '/session/9d505292-1662-4e03-b7da-959f22fa1c1e/element/f.09BF641F5805ED6A5007B9E87D61469D.d.777EDFA98D7557D72B5B8D92AD5D4E58.e.929/text'
21:54:51.144 [AsyncHttpClient-1-2] DEBUG org.asynchttpclient.netty.handler.HttpHandler -- 

Request DefaultFullHttpRequest(decodeResult: success, version: HTTP/1.1, content: EmptyByteBufBE)
GET /session/9d505292-1662-4e03-b7da-959f22fa1c1e/element/f.09BF641F5805ED6A5007B9E87D61469D.d.777EDFA98D7557D72B5B8D92AD5D4E58.e.929/text HTTP/1.1
Cache-Control: no-cache
User-Agent: appium/8.3.0 (selenium/4.8.3 (java mac))
Content-Type: application/json; charset=utf-8
host: 127.0.0.1:4723
accept: */*

Response DefaultHttpResponse(decodeResult: success, version: HTTP/1.1)
HTTP/1.1 200 OK
X-Powered-By: Express
Content-Type: application/json; charset=utf-8
Content-Length: 27
ETag: W/"1b-WszMrTDLUBhetLFWttbtrso7fzY"
Date: Sun, 06 Apr 2025 13:54:51 GMT
Connection: keep-alive
Keep-Alive: timeout=600

21:54:51.145 [AsyncHttpClient-1-2] DEBUG org.asynchttpclient.netty.channel.ChannelManager -- Adding key: http://127.0.0.1:4723 for channel [id: 0xd850032e, L:/127.0.0.1:49363 - R:/127.0.0.1:4723]
21:54:51.145 [Forwarding getElementText on session 9d505292-1662-4e03-b7da-959f22fa1c1e to remote] DEBUG org.asynchttpclient.netty.request.NettyRequestSender -- Using pooled Channel '[id: 0xd850032e, L:/127.0.0.1:49363 - R:/127.0.0.1:4723]' for 'GET' to 'http://127.0.0.1:4723/session/9d505292-1662-4e03-b7da-959f22fa1c1e/element/f.09BF641F5805ED6A5007B9E87D61469D.d.777EDFA98D7557D72B5B8D92AD5D4E58.e.931/text'
21:54:51.145 [Forwarding getElementText on session 9d505292-1662-4e03-b7da-959f22fa1c1e to remote] DEBUG org.asynchttpclient.netty.request.NettyRequestSender -- Using open Channel [id: 0xd850032e, L:/127.0.0.1:49363 - R:/127.0.0.1:4723] for GET '/session/9d505292-1662-4e03-b7da-959f22fa1c1e/element/f.09BF641F5805ED6A5007B9E87D61469D.d.777EDFA98D7557D72B5B8D92AD5D4E58.e.931/text'
21:54:51.164 [AsyncHttpClient-1-2] DEBUG org.asynchttpclient.netty.handler.HttpHandler -- 

Request DefaultFullHttpRequest(decodeResult: success, version: HTTP/1.1, content: EmptyByteBufBE)
GET /session/9d505292-1662-4e03-b7da-959f22fa1c1e/element/f.09BF641F5805ED6A5007B9E87D61469D.d.777EDFA98D7557D72B5B8D92AD5D4E58.e.931/text HTTP/1.1
Cache-Control: no-cache
User-Agent: appium/8.3.0 (selenium/4.8.3 (java mac))
Content-Type: application/json; charset=utf-8
host: 127.0.0.1:4723
accept: */*

Response DefaultHttpResponse(decodeResult: success, version: HTTP/1.1)
HTTP/1.1 200 OK
X-Powered-By: Express
Content-Type: application/json; charset=utf-8
Content-Length: 21
ETag: W/"15-MMWZID1cWrQX/vx7SEbFK7CXCBk"
Date: Sun, 06 Apr 2025 13:54:51 GMT
Connection: keep-alive
Keep-Alive: timeout=600

21:54:51.164 [AsyncHttpClient-1-2] DEBUG org.asynchttpclient.netty.channel.ChannelManager -- Adding key: http://127.0.0.1:4723 for channel [id: 0xd850032e, L:/127.0.0.1:49363 - R:/127.0.0.1:4723]
21:54:51.165 [Forwarding getElementText on session 9d505292-1662-4e03-b7da-959f22fa1c1e to remote] DEBUG org.asynchttpclient.netty.request.NettyRequestSender -- Using pooled Channel '[id: 0xd850032e, L:/127.0.0.1:49363 - R:/127.0.0.1:4723]' for 'GET' to 'http://127.0.0.1:4723/session/9d505292-1662-4e03-b7da-959f22fa1c1e/element/f.09BF641F5805ED6A5007B9E87D61469D.d.777EDFA98D7557D72B5B8D92AD5D4E58.e.933/text'
21:54:51.165 [Forwarding getElementText on session 9d505292-1662-4e03-b7da-959f22fa1c1e to remote] DEBUG org.asynchttpclient.netty.request.NettyRequestSender -- Using open Channel [id: 0xd850032e, L:/127.0.0.1:49363 - R:/127.0.0.1:4723] for GET '/session/9d505292-1662-4e03-b7da-959f22fa1c1e/element/f.09BF641F5805ED6A5007B9E87D61469D.d.777EDFA98D7557D72B5B8D92AD5D4E58.e.933/text'
21:54:51.185 [AsyncHttpClient-1-2] DEBUG org.asynchttpclient.netty.handler.HttpHandler -- 

Request DefaultFullHttpRequest(decodeResult: success, version: HTTP/1.1, content: EmptyByteBufBE)
GET /session/9d505292-1662-4e03-b7da-959f22fa1c1e/element/f.09BF641F5805ED6A5007B9E87D61469D.d.777EDFA98D7557D72B5B8D92AD5D4E58.e.933/text HTTP/1.1
Cache-Control: no-cache
User-Agent: appium/8.3.0 (selenium/4.8.3 (java mac))
Content-Type: application/json; charset=utf-8
host: 127.0.0.1:4723
accept: */*

Response DefaultHttpResponse(decodeResult: success, version: HTTP/1.1)
HTTP/1.1 200 OK
X-Powered-By: Express
Content-Type: application/json; charset=utf-8
Content-Length: 21
ETag: W/"15-sce5tbcrJjHgtEEVLCsswJN7QA8"
Date: Sun, 06 Apr 2025 13:54:51 GMT
Connection: keep-alive
Keep-Alive: timeout=600

21:54:51.185 [AsyncHttpClient-1-2] DEBUG org.asynchttpclient.netty.channel.ChannelManager -- Adding key: http://127.0.0.1:4723 for channel [id: 0xd850032e, L:/127.0.0.1:49363 - R:/127.0.0.1:4723]
21:54:51.185 [Forwarding getElementText on session 9d505292-1662-4e03-b7da-959f22fa1c1e to remote] DEBUG org.asynchttpclient.netty.request.NettyRequestSender -- Using pooled Channel '[id: 0xd850032e, L:/127.0.0.1:49363 - R:/127.0.0.1:4723]' for 'GET' to 'http://127.0.0.1:4723/session/9d505292-1662-4e03-b7da-959f22fa1c1e/element/f.09BF641F5805ED6A5007B9E87D61469D.d.777EDFA98D7557D72B5B8D92AD5D4E58.e.935/text'
21:54:51.185 [Forwarding getElementText on session 9d505292-1662-4e03-b7da-959f22fa1c1e to remote] DEBUG org.asynchttpclient.netty.request.NettyRequestSender -- Using open Channel [id: 0xd850032e, L:/127.0.0.1:49363 - R:/127.0.0.1:4723] for GET '/session/9d505292-1662-4e03-b7da-959f22fa1c1e/element/f.09BF641F5805ED6A5007B9E87D61469D.d.777EDFA98D7557D72B5B8D92AD5D4E58.e.935/text'
21:54:51.205 [AsyncHttpClient-1-2] DEBUG org.asynchttpclient.netty.handler.HttpHandler -- 

Request DefaultFullHttpRequest(decodeResult: success, version: HTTP/1.1, content: EmptyByteBufBE)
GET /session/9d505292-1662-4e03-b7da-959f22fa1c1e/element/f.09BF641F5805ED6A5007B9E87D61469D.d.777EDFA98D7557D72B5B8D92AD5D4E58.e.935/text HTTP/1.1
Cache-Control: no-cache
User-Agent: appium/8.3.0 (selenium/4.8.3 (java mac))
Content-Type: application/json; charset=utf-8
host: 127.0.0.1:4723
accept: */*

Response DefaultHttpResponse(decodeResult: success, version: HTTP/1.1)
HTTP/1.1 200 OK
X-Powered-By: Express
Content-Type: application/json; charset=utf-8
Content-Length: 21
ETag: W/"15-YiWCjrWAY6nmFzf3XMP8Nhm16BQ"
Date: Sun, 06 Apr 2025 13:54:51 GMT
Connection: keep-alive
Keep-Alive: timeout=600

21:54:51.205 [AsyncHttpClient-1-2] DEBUG org.asynchttpclient.netty.channel.ChannelManager -- Adding key: http://127.0.0.1:4723 for channel [id: 0xd850032e, L:/127.0.0.1:49363 - R:/127.0.0.1:4723]
21:54:51.205 [Forwarding getElementText on session 9d505292-1662-4e03-b7da-959f22fa1c1e to remote] DEBUG org.asynchttpclient.netty.request.NettyRequestSender -- Using pooled Channel '[id: 0xd850032e, L:/127.0.0.1:49363 - R:/127.0.0.1:4723]' for 'GET' to 'http://127.0.0.1:4723/session/9d505292-1662-4e03-b7da-959f22fa1c1e/element/f.09BF641F5805ED6A5007B9E87D61469D.d.777EDFA98D7557D72B5B8D92AD5D4E58.e.937/text'
21:54:51.205 [Forwarding getElementText on session 9d505292-1662-4e03-b7da-959f22fa1c1e to remote] DEBUG org.asynchttpclient.netty.request.NettyRequestSender -- Using open Channel [id: 0xd850032e, L:/127.0.0.1:49363 - R:/127.0.0.1:4723] for GET '/session/9d505292-1662-4e03-b7da-959f22fa1c1e/element/f.09BF641F5805ED6A5007B9E87D61469D.d.777EDFA98D7557D72B5B8D92AD5D4E58.e.937/text'
21:54:51.222 [AsyncHttpClient-1-2] DEBUG org.asynchttpclient.netty.handler.HttpHandler -- 

Request DefaultFullHttpRequest(decodeResult: success, version: HTTP/1.1, content: EmptyByteBufBE)
GET /session/9d505292-1662-4e03-b7da-959f22fa1c1e/element/f.09BF641F5805ED6A5007B9E87D61469D.d.777EDFA98D7557D72B5B8D92AD5D4E58.e.937/text HTTP/1.1
Cache-Control: no-cache
User-Agent: appium/8.3.0 (selenium/4.8.3 (java mac))
Content-Type: application/json; charset=utf-8
host: 127.0.0.1:4723
accept: */*

Response DefaultHttpResponse(decodeResult: success, version: HTTP/1.1)
HTTP/1.1 200 OK
X-Powered-By: Express
Content-Type: application/json; charset=utf-8
Content-Length: 21
ETag: W/"15-jrdebQzGMA7s4S9cg9V/itAC0L4"
Date: Sun, 06 Apr 2025 13:54:51 GMT
Connection: keep-alive
Keep-Alive: timeout=600

21:54:51.223 [AsyncHttpClient-1-2] DEBUG org.asynchttpclient.netty.channel.ChannelManager -- Adding key: http://127.0.0.1:4723 for channel [id: 0xd850032e, L:/127.0.0.1:49363 - R:/127.0.0.1:4723]
21:54:51.223 [Forwarding getElementText on session 9d505292-1662-4e03-b7da-959f22fa1c1e to remote] DEBUG org.asynchttpclient.netty.request.NettyRequestSender -- Using pooled Channel '[id: 0xd850032e, L:/127.0.0.1:49363 - R:/127.0.0.1:4723]' for 'GET' to 'http://127.0.0.1:4723/session/9d505292-1662-4e03-b7da-959f22fa1c1e/element/f.09BF641F5805ED6A5007B9E87D61469D.d.777EDFA98D7557D72B5B8D92AD5D4E58.e.939/text'
21:54:51.223 [Forwarding getElementText on session 9d505292-1662-4e03-b7da-959f22fa1c1e to remote] DEBUG org.asynchttpclient.netty.request.NettyRequestSender -- Using open Channel [id: 0xd850032e, L:/127.0.0.1:49363 - R:/127.0.0.1:4723] for GET '/session/9d505292-1662-4e03-b7da-959f22fa1c1e/element/f.09BF641F5805ED6A5007B9E87D61469D.d.777EDFA98D7557D72B5B8D92AD5D4E58.e.939/text'
21:54:51.243 [AsyncHttpClient-1-2] DEBUG org.asynchttpclient.netty.handler.HttpHandler -- 

Request DefaultFullHttpRequest(decodeResult: success, version: HTTP/1.1, content: EmptyByteBufBE)
GET /session/9d505292-1662-4e03-b7da-959f22fa1c1e/element/f.09BF641F5805ED6A5007B9E87D61469D.d.777EDFA98D7557D72B5B8D92AD5D4E58.e.939/text HTTP/1.1
Cache-Control: no-cache
User-Agent: appium/8.3.0 (selenium/4.8.3 (java mac))
Content-Type: application/json; charset=utf-8
host: 127.0.0.1:4723
accept: */*

Response DefaultHttpResponse(decodeResult: success, version: HTTP/1.1)
HTTP/1.1 200 OK
X-Powered-By: Express
Content-Type: application/json; charset=utf-8
Content-Length: 21
ETag: W/"15-p9le3s9HUADDYvT7vht9k/1pfqo"
Date: Sun, 06 Apr 2025 13:54:51 GMT
Connection: keep-alive
Keep-Alive: timeout=600

21:54:51.243 [AsyncHttpClient-1-2] DEBUG org.asynchttpclient.netty.channel.ChannelManager -- Adding key: http://127.0.0.1:4723 for channel [id: 0xd850032e, L:/127.0.0.1:49363 - R:/127.0.0.1:4723]
21:54:51.244 [Forwarding getElementText on session 9d505292-1662-4e03-b7da-959f22fa1c1e to remote] DEBUG org.asynchttpclient.netty.request.NettyRequestSender -- Using pooled Channel '[id: 0xd850032e, L:/127.0.0.1:49363 - R:/127.0.0.1:4723]' for 'GET' to 'http://127.0.0.1:4723/session/9d505292-1662-4e03-b7da-959f22fa1c1e/element/f.09BF641F5805ED6A5007B9E87D61469D.d.777EDFA98D7557D72B5B8D92AD5D4E58.e.941/text'
21:54:51.244 [Forwarding getElementText on session 9d505292-1662-4e03-b7da-959f22fa1c1e to remote] DEBUG org.asynchttpclient.netty.request.NettyRequestSender -- Using open Channel [id: 0xd850032e, L:/127.0.0.1:49363 - R:/127.0.0.1:4723] for GET '/session/9d505292-1662-4e03-b7da-959f22fa1c1e/element/f.09BF641F5805ED6A5007B9E87D61469D.d.777EDFA98D7557D72B5B8D92AD5D4E58.e.941/text'
21:54:51.262 [AsyncHttpClient-1-2] DEBUG org.asynchttpclient.netty.handler.HttpHandler -- 

Request DefaultFullHttpRequest(decodeResult: success, version: HTTP/1.1, content: EmptyByteBufBE)
GET /session/9d505292-1662-4e03-b7da-959f22fa1c1e/element/f.09BF641F5805ED6A5007B9E87D61469D.d.777EDFA98D7557D72B5B8D92AD5D4E58.e.941/text HTTP/1.1
Cache-Control: no-cache
User-Agent: appium/8.3.0 (selenium/4.8.3 (java mac))
Content-Type: application/json; charset=utf-8
host: 127.0.0.1:4723
accept: */*

Response DefaultHttpResponse(decodeResult: success, version: HTTP/1.1)
HTTP/1.1 200 OK
X-Powered-By: Express
Content-Type: application/json; charset=utf-8
Content-Length: 21
ETag: W/"15-YyXFnDq8mWKmz9wkAQAIYjJpwTI"
Date: Sun, 06 Apr 2025 13:54:51 GMT
Connection: keep-alive
Keep-Alive: timeout=600

21:54:51.262 [AsyncHttpClient-1-2] DEBUG org.asynchttpclient.netty.channel.ChannelManager -- Adding key: http://127.0.0.1:4723 for channel [id: 0xd850032e, L:/127.0.0.1:49363 - R:/127.0.0.1:4723]
21:54:51.262 [Forwarding getElementText on session 9d505292-1662-4e03-b7da-959f22fa1c1e to remote] DEBUG org.asynchttpclient.netty.request.NettyRequestSender -- Using pooled Channel '[id: 0xd850032e, L:/127.0.0.1:49363 - R:/127.0.0.1:4723]' for 'GET' to 'http://127.0.0.1:4723/session/9d505292-1662-4e03-b7da-959f22fa1c1e/element/f.09BF641F5805ED6A5007B9E87D61469D.d.777EDFA98D7557D72B5B8D92AD5D4E58.e.943/text'
21:54:51.262 [Forwarding getElementText on session 9d505292-1662-4e03-b7da-959f22fa1c1e to remote] DEBUG org.asynchttpclient.netty.request.NettyRequestSender -- Using open Channel [id: 0xd850032e, L:/127.0.0.1:49363 - R:/127.0.0.1:4723] for GET '/session/9d505292-1662-4e03-b7da-959f22fa1c1e/element/f.09BF641F5805ED6A5007B9E87D61469D.d.777EDFA98D7557D72B5B8D92AD5D4E58.e.943/text'
21:54:51.281 [AsyncHttpClient-1-2] DEBUG org.asynchttpclient.netty.handler.HttpHandler -- 

Request DefaultFullHttpRequest(decodeResult: success, version: HTTP/1.1, content: EmptyByteBufBE)
GET /session/9d505292-1662-4e03-b7da-959f22fa1c1e/element/f.09BF641F5805ED6A5007B9E87D61469D.d.777EDFA98D7557D72B5B8D92AD5D4E58.e.943/text HTTP/1.1
Cache-Control: no-cache
User-Agent: appium/8.3.0 (selenium/4.8.3 (java mac))
Content-Type: application/json; charset=utf-8
host: 127.0.0.1:4723
accept: */*

Response DefaultHttpResponse(decodeResult: success, version: HTTP/1.1)
HTTP/1.1 200 OK
X-Powered-By: Express
Content-Type: application/json; charset=utf-8
Content-Length: 21
ETag: W/"15-jpJ5iMrFSaVuR+DJwIF/JhUgehE"
Date: Sun, 06 Apr 2025 13:54:51 GMT
Connection: keep-alive
Keep-Alive: timeout=600

21:54:51.281 [AsyncHttpClient-1-2] DEBUG org.asynchttpclient.netty.channel.ChannelManager -- Adding key: http://127.0.0.1:4723 for channel [id: 0xd850032e, L:/127.0.0.1:49363 - R:/127.0.0.1:4723]
21:54:51.281 [Forwarding getElementText on session 9d505292-1662-4e03-b7da-959f22fa1c1e to remote] DEBUG org.asynchttpclient.netty.request.NettyRequestSender -- Using pooled Channel '[id: 0xd850032e, L:/127.0.0.1:49363 - R:/127.0.0.1:4723]' for 'GET' to 'http://127.0.0.1:4723/session/9d505292-1662-4e03-b7da-959f22fa1c1e/element/f.09BF641F5805ED6A5007B9E87D61469D.d.777EDFA98D7557D72B5B8D92AD5D4E58.e.945/text'
21:54:51.281 [Forwarding getElementText on session 9d505292-1662-4e03-b7da-959f22fa1c1e to remote] DEBUG org.asynchttpclient.netty.request.NettyRequestSender -- Using open Channel [id: 0xd850032e, L:/127.0.0.1:49363 - R:/127.0.0.1:4723] for GET '/session/9d505292-1662-4e03-b7da-959f22fa1c1e/element/f.09BF641F5805ED6A5007B9E87D61469D.d.777EDFA98D7557D72B5B8D92AD5D4E58.e.945/text'
21:54:51.298 [AsyncHttpClient-1-2] DEBUG org.asynchttpclient.netty.handler.HttpHandler -- 

Request DefaultFullHttpRequest(decodeResult: success, version: HTTP/1.1, content: EmptyByteBufBE)
GET /session/9d505292-1662-4e03-b7da-959f22fa1c1e/element/f.09BF641F5805ED6A5007B9E87D61469D.d.777EDFA98D7557D72B5B8D92AD5D4E58.e.945/text HTTP/1.1
Cache-Control: no-cache
User-Agent: appium/8.3.0 (selenium/4.8.3 (java mac))
Content-Type: application/json; charset=utf-8
host: 127.0.0.1:4723
accept: */*

Response DefaultHttpResponse(decodeResult: success, version: HTTP/1.1)
HTTP/1.1 200 OK
X-Powered-By: Express
Content-Type: application/json; charset=utf-8
Content-Length: 21
ETag: W/"15-vMxZ1ewtWGTZpkzB7OGzI3v6dT4"
Date: Sun, 06 Apr 2025 13:54:51 GMT
Connection: keep-alive
Keep-Alive: timeout=600

21:54:51.298 [AsyncHttpClient-1-2] DEBUG org.asynchttpclient.netty.channel.ChannelManager -- Adding key: http://127.0.0.1:4723 for channel [id: 0xd850032e, L:/127.0.0.1:49363 - R:/127.0.0.1:4723]
21:54:51.299 [Forwarding getElementText on session 9d505292-1662-4e03-b7da-959f22fa1c1e to remote] DEBUG org.asynchttpclient.netty.request.NettyRequestSender -- Using pooled Channel '[id: 0xd850032e, L:/127.0.0.1:49363 - R:/127.0.0.1:4723]' for 'GET' to 'http://127.0.0.1:4723/session/9d505292-1662-4e03-b7da-959f22fa1c1e/element/f.09BF641F5805ED6A5007B9E87D61469D.d.777EDFA98D7557D72B5B8D92AD5D4E58.e.947/text'
21:54:51.299 [Forwarding getElementText on session 9d505292-1662-4e03-b7da-959f22fa1c1e to remote] DEBUG org.asynchttpclient.netty.request.NettyRequestSender -- Using open Channel [id: 0xd850032e, L:/127.0.0.1:49363 - R:/127.0.0.1:4723] for GET '/session/9d505292-1662-4e03-b7da-959f22fa1c1e/element/f.09BF641F5805ED6A5007B9E87D61469D.d.777EDFA98D7557D72B5B8D92AD5D4E58.e.947/text'
21:54:51.316 [AsyncHttpClient-1-2] DEBUG org.asynchttpclient.netty.handler.HttpHandler -- 

Request DefaultFullHttpRequest(decodeResult: success, version: HTTP/1.1, content: EmptyByteBufBE)
GET /session/9d505292-1662-4e03-b7da-959f22fa1c1e/element/f.09BF641F5805ED6A5007B9E87D61469D.d.777EDFA98D7557D72B5B8D92AD5D4E58.e.947/text HTTP/1.1
Cache-Control: no-cache
User-Agent: appium/8.3.0 (selenium/4.8.3 (java mac))
Content-Type: application/json; charset=utf-8
host: 127.0.0.1:4723
accept: */*

Response DefaultHttpResponse(decodeResult: success, version: HTTP/1.1)
HTTP/1.1 200 OK
X-Powered-By: Express
Content-Type: application/json; charset=utf-8
Content-Length: 21
ETag: W/"15-GT7nbWEv0YebPQ+2FSjb8JHKU3M"
Date: Sun, 06 Apr 2025 13:54:51 GMT
Connection: keep-alive
Keep-Alive: timeout=600

21:54:51.316 [AsyncHttpClient-1-2] DEBUG org.asynchttpclient.netty.channel.ChannelManager -- Adding key: http://127.0.0.1:4723 for channel [id: 0xd850032e, L:/127.0.0.1:49363 - R:/127.0.0.1:4723]
21:54:51.317 [Forwarding getElementText on session 9d505292-1662-4e03-b7da-959f22fa1c1e to remote] DEBUG org.asynchttpclient.netty.request.NettyRequestSender -- Using pooled Channel '[id: 0xd850032e, L:/127.0.0.1:49363 - R:/127.0.0.1:4723]' for 'GET' to 'http://127.0.0.1:4723/session/9d505292-1662-4e03-b7da-959f22fa1c1e/element/f.09BF641F5805ED6A5007B9E87D61469D.d.777EDFA98D7557D72B5B8D92AD5D4E58.e.949/text'
21:54:51.317 [Forwarding getElementText on session 9d505292-1662-4e03-b7da-959f22fa1c1e to remote] DEBUG org.asynchttpclient.netty.request.NettyRequestSender -- Using open Channel [id: 0xd850032e, L:/127.0.0.1:49363 - R:/127.0.0.1:4723] for GET '/session/9d505292-1662-4e03-b7da-959f22fa1c1e/element/f.09BF641F5805ED6A5007B9E87D61469D.d.777EDFA98D7557D72B5B8D92AD5D4E58.e.949/text'
21:54:51.335 [AsyncHttpClient-1-2] DEBUG org.asynchttpclient.netty.handler.HttpHandler -- 

Request DefaultFullHttpRequest(decodeResult: success, version: HTTP/1.1, content: EmptyByteBufBE)
GET /session/9d505292-1662-4e03-b7da-959f22fa1c1e/element/f.09BF641F5805ED6A5007B9E87D61469D.d.777EDFA98D7557D72B5B8D92AD5D4E58.e.949/text HTTP/1.1
Cache-Control: no-cache
User-Agent: appium/8.3.0 (selenium/4.8.3 (java mac))
Content-Type: application/json; charset=utf-8
host: 127.0.0.1:4723
accept: */*

Response DefaultHttpResponse(decodeResult: success, version: HTTP/1.1)
HTTP/1.1 200 OK
X-Powered-By: Express
Content-Type: application/json; charset=utf-8
Content-Length: 21
ETag: W/"15-XQt4s1JTUxkwlLTP5uCyd2OXqDE"
Date: Sun, 06 Apr 2025 13:54:51 GMT
Connection: keep-alive
Keep-Alive: timeout=600

21:54:51.335 [AsyncHttpClient-1-2] DEBUG org.asynchttpclient.netty.channel.ChannelManager -- Adding key: http://127.0.0.1:4723 for channel [id: 0xd850032e, L:/127.0.0.1:49363 - R:/127.0.0.1:4723]
21:54:51.336 [Forwarding getElementText on session 9d505292-1662-4e03-b7da-959f22fa1c1e to remote] DEBUG org.asynchttpclient.netty.request.NettyRequestSender -- Using pooled Channel '[id: 0xd850032e, L:/127.0.0.1:49363 - R:/127.0.0.1:4723]' for 'GET' to 'http://127.0.0.1:4723/session/9d505292-1662-4e03-b7da-959f22fa1c1e/element/f.09BF641F5805ED6A5007B9E87D61469D.d.777EDFA98D7557D72B5B8D92AD5D4E58.e.951/text'
21:54:51.336 [Forwarding getElementText on session 9d505292-1662-4e03-b7da-959f22fa1c1e to remote] DEBUG org.asynchttpclient.netty.request.NettyRequestSender -- Using open Channel [id: 0xd850032e, L:/127.0.0.1:49363 - R:/127.0.0.1:4723] for GET '/session/9d505292-1662-4e03-b7da-959f22fa1c1e/element/f.09BF641F5805ED6A5007B9E87D61469D.d.777EDFA98D7557D72B5B8D92AD5D4E58.e.951/text'
21:54:51.354 [AsyncHttpClient-1-2] DEBUG org.asynchttpclient.netty.handler.HttpHandler -- 

Request DefaultFullHttpRequest(decodeResult: success, version: HTTP/1.1, content: EmptyByteBufBE)
GET /session/9d505292-1662-4e03-b7da-959f22fa1c1e/element/f.09BF641F5805ED6A5007B9E87D61469D.d.777EDFA98D7557D72B5B8D92AD5D4E58.e.951/text HTTP/1.1
Cache-Control: no-cache
User-Agent: appium/8.3.0 (selenium/4.8.3 (java mac))
Content-Type: application/json; charset=utf-8
host: 127.0.0.1:4723
accept: */*

Response DefaultHttpResponse(decodeResult: success, version: HTTP/1.1)
HTTP/1.1 200 OK
X-Powered-By: Express
Content-Type: application/json; charset=utf-8
Content-Length: 21
ETag: W/"15-VK2r0FIkkXrS4J+NJnNU9RpJ+Wc"
Date: Sun, 06 Apr 2025 13:54:51 GMT
Connection: keep-alive
Keep-Alive: timeout=600

21:54:51.354 [AsyncHttpClient-1-2] DEBUG org.asynchttpclient.netty.channel.ChannelManager -- Adding key: http://127.0.0.1:4723 for channel [id: 0xd850032e, L:/127.0.0.1:49363 - R:/127.0.0.1:4723]
21:54:51.354 [Forwarding getElementText on session 9d505292-1662-4e03-b7da-959f22fa1c1e to remote] DEBUG org.asynchttpclient.netty.request.NettyRequestSender -- Using pooled Channel '[id: 0xd850032e, L:/127.0.0.1:49363 - R:/127.0.0.1:4723]' for 'GET' to 'http://127.0.0.1:4723/session/9d505292-1662-4e03-b7da-959f22fa1c1e/element/f.09BF641F5805ED6A5007B9E87D61469D.d.777EDFA98D7557D72B5B8D92AD5D4E58.e.953/text'
21:54:51.354 [Forwarding getElementText on session 9d505292-1662-4e03-b7da-959f22fa1c1e to remote] DEBUG org.asynchttpclient.netty.request.NettyRequestSender -- Using open Channel [id: 0xd850032e, L:/127.0.0.1:49363 - R:/127.0.0.1:4723] for GET '/session/9d505292-1662-4e03-b7da-959f22fa1c1e/element/f.09BF641F5805ED6A5007B9E87D61469D.d.777EDFA98D7557D72B5B8D92AD5D4E58.e.953/text'
21:54:51.372 [AsyncHttpClient-1-2] DEBUG org.asynchttpclient.netty.handler.HttpHandler -- 

Request DefaultFullHttpRequest(decodeResult: success, version: HTTP/1.1, content: EmptyByteBufBE)
GET /session/9d505292-1662-4e03-b7da-959f22fa1c1e/element/f.09BF641F5805ED6A5007B9E87D61469D.d.777EDFA98D7557D72B5B8D92AD5D4E58.e.953/text HTTP/1.1
Cache-Control: no-cache
User-Agent: appium/8.3.0 (selenium/4.8.3 (java mac))
Content-Type: application/json; charset=utf-8
host: 127.0.0.1:4723
accept: */*

Response DefaultHttpResponse(decodeResult: success, version: HTTP/1.1)
HTTP/1.1 200 OK
X-Powered-By: Express
Content-Type: application/json; charset=utf-8
Content-Length: 21
ETag: W/"15-m8Oj6FU23oLN34R6TOv69vLpOSM"
Date: Sun, 06 Apr 2025 13:54:51 GMT
Connection: keep-alive
Keep-Alive: timeout=600

21:54:51.373 [AsyncHttpClient-1-2] DEBUG org.asynchttpclient.netty.channel.ChannelManager -- Adding key: http://127.0.0.1:4723 for channel [id: 0xd850032e, L:/127.0.0.1:49363 - R:/127.0.0.1:4723]
21:54:51.373 [Forwarding getElementText on session 9d505292-1662-4e03-b7da-959f22fa1c1e to remote] DEBUG org.asynchttpclient.netty.request.NettyRequestSender -- Using pooled Channel '[id: 0xd850032e, L:/127.0.0.1:49363 - R:/127.0.0.1:4723]' for 'GET' to 'http://127.0.0.1:4723/session/9d505292-1662-4e03-b7da-959f22fa1c1e/element/f.09BF641F5805ED6A5007B9E87D61469D.d.777EDFA98D7557D72B5B8D92AD5D4E58.e.955/text'
21:54:51.373 [Forwarding getElementText on session 9d505292-1662-4e03-b7da-959f22fa1c1e to remote] DEBUG org.asynchttpclient.netty.request.NettyRequestSender -- Using open Channel [id: 0xd850032e, L:/127.0.0.1:49363 - R:/127.0.0.1:4723] for GET '/session/9d505292-1662-4e03-b7da-959f22fa1c1e/element/f.09BF641F5805ED6A5007B9E87D61469D.d.777EDFA98D7557D72B5B8D92AD5D4E58.e.955/text'
21:54:51.393 [AsyncHttpClient-1-2] DEBUG org.asynchttpclient.netty.handler.HttpHandler -- 

Request DefaultFullHttpRequest(decodeResult: success, version: HTTP/1.1, content: EmptyByteBufBE)
GET /session/9d505292-1662-4e03-b7da-959f22fa1c1e/element/f.09BF641F5805ED6A5007B9E87D61469D.d.777EDFA98D7557D72B5B8D92AD5D4E58.e.955/text HTTP/1.1
Cache-Control: no-cache
User-Agent: appium/8.3.0 (selenium/4.8.3 (java mac))
Content-Type: application/json; charset=utf-8
host: 127.0.0.1:4723
accept: */*

Response DefaultHttpResponse(decodeResult: success, version: HTTP/1.1)
HTTP/1.1 200 OK
X-Powered-By: Express
Content-Type: application/json; charset=utf-8
Content-Length: 21
ETag: W/"15-rT9bFKrio595aU63Pjsz9U3RZwU"
Date: Sun, 06 Apr 2025 13:54:51 GMT
Connection: keep-alive
Keep-Alive: timeout=600

21:54:51.393 [AsyncHttpClient-1-2] DEBUG org.asynchttpclient.netty.channel.ChannelManager -- Adding key: http://127.0.0.1:4723 for channel [id: 0xd850032e, L:/127.0.0.1:49363 - R:/127.0.0.1:4723]
21:54:51.393 [Forwarding getElementText on session 9d505292-1662-4e03-b7da-959f22fa1c1e to remote] DEBUG org.asynchttpclient.netty.request.NettyRequestSender -- Using pooled Channel '[id: 0xd850032e, L:/127.0.0.1:49363 - R:/127.0.0.1:4723]' for 'GET' to 'http://127.0.0.1:4723/session/9d505292-1662-4e03-b7da-959f22fa1c1e/element/f.09BF641F5805ED6A5007B9E87D61469D.d.777EDFA98D7557D72B5B8D92AD5D4E58.e.957/text'
21:54:51.393 [Forwarding getElementText on session 9d505292-1662-4e03-b7da-959f22fa1c1e to remote] DEBUG org.asynchttpclient.netty.request.NettyRequestSender -- Using open Channel [id: 0xd850032e, L:/127.0.0.1:49363 - R:/127.0.0.1:4723] for GET '/session/9d505292-1662-4e03-b7da-959f22fa1c1e/element/f.09BF641F5805ED6A5007B9E87D61469D.d.777EDFA98D7557D72B5B8D92AD5D4E58.e.957/text'
21:54:51.412 [AsyncHttpClient-1-2] DEBUG org.asynchttpclient.netty.handler.HttpHandler -- 

Request DefaultFullHttpRequest(decodeResult: success, version: HTTP/1.1, content: EmptyByteBufBE)
GET /session/9d505292-1662-4e03-b7da-959f22fa1c1e/element/f.09BF641F5805ED6A5007B9E87D61469D.d.777EDFA98D7557D72B5B8D92AD5D4E58.e.957/text HTTP/1.1
Cache-Control: no-cache
User-Agent: appium/8.3.0 (selenium/4.8.3 (java mac))
Content-Type: application/json; charset=utf-8
host: 127.0.0.1:4723
accept: */*

Response DefaultHttpResponse(decodeResult: success, version: HTTP/1.1)
HTTP/1.1 200 OK
X-Powered-By: Express
Content-Type: application/json; charset=utf-8
Content-Length: 24
ETag: W/"18-YCAzJrzzWCyejz9m/FPsbaKN1pI"
Date: Sun, 06 Apr 2025 13:54:51 GMT
Connection: keep-alive
Keep-Alive: timeout=600

21:54:51.412 [AsyncHttpClient-1-2] DEBUG org.asynchttpclient.netty.channel.ChannelManager -- Adding key: http://127.0.0.1:4723 for channel [id: 0xd850032e, L:/127.0.0.1:49363 - R:/127.0.0.1:4723]
21:54:51.413 [Forwarding getElementText on session 9d505292-1662-4e03-b7da-959f22fa1c1e to remote] DEBUG org.asynchttpclient.netty.request.NettyRequestSender -- Using pooled Channel '[id: 0xd850032e, L:/127.0.0.1:49363 - R:/127.0.0.1:4723]' for 'GET' to 'http://127.0.0.1:4723/session/9d505292-1662-4e03-b7da-959f22fa1c1e/element/f.09BF641F5805ED6A5007B9E87D61469D.d.777EDFA98D7557D72B5B8D92AD5D4E58.e.959/text'
21:54:51.413 [Forwarding getElementText on session 9d505292-1662-4e03-b7da-959f22fa1c1e to remote] DEBUG org.asynchttpclient.netty.request.NettyRequestSender -- Using open Channel [id: 0xd850032e, L:/127.0.0.1:49363 - R:/127.0.0.1:4723] for GET '/session/9d505292-1662-4e03-b7da-959f22fa1c1e/element/f.09BF641F5805ED6A5007B9E87D61469D.d.777EDFA98D7557D72B5B8D92AD5D4E58.e.959/text'
21:54:51.432 [AsyncHttpClient-1-2] DEBUG org.asynchttpclient.netty.handler.HttpHandler -- 

Request DefaultFullHttpRequest(decodeResult: success, version: HTTP/1.1, content: EmptyByteBufBE)
GET /session/9d505292-1662-4e03-b7da-959f22fa1c1e/element/f.09BF641F5805ED6A5007B9E87D61469D.d.777EDFA98D7557D72B5B8D92AD5D4E58.e.959/text HTTP/1.1
Cache-Control: no-cache
User-Agent: appium/8.3.0 (selenium/4.8.3 (java mac))
Content-Type: application/json; charset=utf-8
host: 127.0.0.1:4723
accept: */*

Response DefaultHttpResponse(decodeResult: success, version: HTTP/1.1)
HTTP/1.1 200 OK
X-Powered-By: Express
Content-Type: application/json; charset=utf-8
Content-Length: 21
ETag: W/"15-y+NsJ8xsiWKMOdK82TaCTaXWPLw"
Date: Sun, 06 Apr 2025 13:54:51 GMT
Connection: keep-alive
Keep-Alive: timeout=600

21:54:51.432 [AsyncHttpClient-1-2] DEBUG org.asynchttpclient.netty.channel.ChannelManager -- Adding key: http://127.0.0.1:4723 for channel [id: 0xd850032e, L:/127.0.0.1:49363 - R:/127.0.0.1:4723]
21:54:51.432 [Forwarding getElementText on session 9d505292-1662-4e03-b7da-959f22fa1c1e to remote] DEBUG org.asynchttpclient.netty.request.NettyRequestSender -- Using pooled Channel '[id: 0xd850032e, L:/127.0.0.1:49363 - R:/127.0.0.1:4723]' for 'GET' to 'http://127.0.0.1:4723/session/9d505292-1662-4e03-b7da-959f22fa1c1e/element/f.09BF641F5805ED6A5007B9E87D61469D.d.777EDFA98D7557D72B5B8D92AD5D4E58.e.961/text'
21:54:51.433 [Forwarding getElementText on session 9d505292-1662-4e03-b7da-959f22fa1c1e to remote] DEBUG org.asynchttpclient.netty.request.NettyRequestSender -- Using open Channel [id: 0xd850032e, L:/127.0.0.1:49363 - R:/127.0.0.1:4723] for GET '/session/9d505292-1662-4e03-b7da-959f22fa1c1e/element/f.09BF641F5805ED6A5007B9E87D61469D.d.777EDFA98D7557D72B5B8D92AD5D4E58.e.961/text'
21:54:51.451 [AsyncHttpClient-1-2] DEBUG org.asynchttpclient.netty.handler.HttpHandler -- 

Request DefaultFullHttpRequest(decodeResult: success, version: HTTP/1.1, content: EmptyByteBufBE)
GET /session/9d505292-1662-4e03-b7da-959f22fa1c1e/element/f.09BF641F5805ED6A5007B9E87D61469D.d.777EDFA98D7557D72B5B8D92AD5D4E58.e.961/text HTTP/1.1
Cache-Control: no-cache
User-Agent: appium/8.3.0 (selenium/4.8.3 (java mac))
Content-Type: application/json; charset=utf-8
host: 127.0.0.1:4723
accept: */*

Response DefaultHttpResponse(decodeResult: success, version: HTTP/1.1)
HTTP/1.1 200 OK
X-Powered-By: Express
Content-Type: application/json; charset=utf-8
Content-Length: 21
ETag: W/"15-TZATvCDe9aNZzWiGRt08OdQYKaE"
Date: Sun, 06 Apr 2025 13:54:51 GMT
Connection: keep-alive
Keep-Alive: timeout=600

21:54:51.451 [AsyncHttpClient-1-2] DEBUG org.asynchttpclient.netty.channel.ChannelManager -- Adding key: http://127.0.0.1:4723 for channel [id: 0xd850032e, L:/127.0.0.1:49363 - R:/127.0.0.1:4723]
21:54:51.451 [Forwarding getElementText on session 9d505292-1662-4e03-b7da-959f22fa1c1e to remote] DEBUG org.asynchttpclient.netty.request.NettyRequestSender -- Using pooled Channel '[id: 0xd850032e, L:/127.0.0.1:49363 - R:/127.0.0.1:4723]' for 'GET' to 'http://127.0.0.1:4723/session/9d505292-1662-4e03-b7da-959f22fa1c1e/element/f.09BF641F5805ED6A5007B9E87D61469D.d.777EDFA98D7557D72B5B8D92AD5D4E58.e.963/text'
21:54:51.451 [Forwarding getElementText on session 9d505292-1662-4e03-b7da-959f22fa1c1e to remote] DEBUG org.asynchttpclient.netty.request.NettyRequestSender -- Using open Channel [id: 0xd850032e, L:/127.0.0.1:49363 - R:/127.0.0.1:4723] for GET '/session/9d505292-1662-4e03-b7da-959f22fa1c1e/element/f.09BF641F5805ED6A5007B9E87D61469D.d.777EDFA98D7557D72B5B8D92AD5D4E58.e.963/text'
21:54:51.470 [AsyncHttpClient-1-2] DEBUG org.asynchttpclient.netty.handler.HttpHandler -- 

Request DefaultFullHttpRequest(decodeResult: success, version: HTTP/1.1, content: EmptyByteBufBE)
GET /session/9d505292-1662-4e03-b7da-959f22fa1c1e/element/f.09BF641F5805ED6A5007B9E87D61469D.d.777EDFA98D7557D72B5B8D92AD5D4E58.e.963/text HTTP/1.1
Cache-Control: no-cache
User-Agent: appium/8.3.0 (selenium/4.8.3 (java mac))
Content-Type: application/json; charset=utf-8
host: 127.0.0.1:4723
accept: */*

Response DefaultHttpResponse(decodeResult: success, version: HTTP/1.1)
HTTP/1.1 200 OK
X-Powered-By: Express
Content-Type: application/json; charset=utf-8
Content-Length: 21
ETag: W/"15-4k9USV9iE4T7un4ziojf4+u6Fxo"
Date: Sun, 06 Apr 2025 13:54:51 GMT
Connection: keep-alive
Keep-Alive: timeout=600

21:54:51.470 [AsyncHttpClient-1-2] DEBUG org.asynchttpclient.netty.channel.ChannelManager -- Adding key: http://127.0.0.1:4723 for channel [id: 0xd850032e, L:/127.0.0.1:49363 - R:/127.0.0.1:4723]
21:54:51.471 [Forwarding getElementText on session 9d505292-1662-4e03-b7da-959f22fa1c1e to remote] DEBUG org.asynchttpclient.netty.request.NettyRequestSender -- Using pooled Channel '[id: 0xd850032e, L:/127.0.0.1:49363 - R:/127.0.0.1:4723]' for 'GET' to 'http://127.0.0.1:4723/session/9d505292-1662-4e03-b7da-959f22fa1c1e/element/f.09BF641F5805ED6A5007B9E87D61469D.d.777EDFA98D7557D72B5B8D92AD5D4E58.e.965/text'
21:54:51.471 [Forwarding getElementText on session 9d505292-1662-4e03-b7da-959f22fa1c1e to remote] DEBUG org.asynchttpclient.netty.request.NettyRequestSender -- Using open Channel [id: 0xd850032e, L:/127.0.0.1:49363 - R:/127.0.0.1:4723] for GET '/session/9d505292-1662-4e03-b7da-959f22fa1c1e/element/f.09BF641F5805ED6A5007B9E87D61469D.d.777EDFA98D7557D72B5B8D92AD5D4E58.e.965/text'
21:54:51.489 [AsyncHttpClient-1-2] DEBUG org.asynchttpclient.netty.handler.HttpHandler -- 

Request DefaultFullHttpRequest(decodeResult: success, version: HTTP/1.1, content: EmptyByteBufBE)
GET /session/9d505292-1662-4e03-b7da-959f22fa1c1e/element/f.09BF641F5805ED6A5007B9E87D61469D.d.777EDFA98D7557D72B5B8D92AD5D4E58.e.965/text HTTP/1.1
Cache-Control: no-cache
User-Agent: appium/8.3.0 (selenium/4.8.3 (java mac))
Content-Type: application/json; charset=utf-8
host: 127.0.0.1:4723
accept: */*

Response DefaultHttpResponse(decodeResult: success, version: HTTP/1.1)
HTTP/1.1 200 OK
X-Powered-By: Express
Content-Type: application/json; charset=utf-8
Content-Length: 21
ETag: W/"15-HDKUztNQ/UlO3S7mw1YL4c/Y4nk"
Date: Sun, 06 Apr 2025 13:54:51 GMT
Connection: keep-alive
Keep-Alive: timeout=600

21:54:51.489 [AsyncHttpClient-1-2] DEBUG org.asynchttpclient.netty.channel.ChannelManager -- Adding key: http://127.0.0.1:4723 for channel [id: 0xd850032e, L:/127.0.0.1:49363 - R:/127.0.0.1:4723]
21:54:51.489 [Forwarding getElementText on session 9d505292-1662-4e03-b7da-959f22fa1c1e to remote] DEBUG org.asynchttpclient.netty.request.NettyRequestSender -- Using pooled Channel '[id: 0xd850032e, L:/127.0.0.1:49363 - R:/127.0.0.1:4723]' for 'GET' to 'http://127.0.0.1:4723/session/9d505292-1662-4e03-b7da-959f22fa1c1e/element/f.09BF641F5805ED6A5007B9E87D61469D.d.777EDFA98D7557D72B5B8D92AD5D4E58.e.967/text'
21:54:51.489 [Forwarding getElementText on session 9d505292-1662-4e03-b7da-959f22fa1c1e to remote] DEBUG org.asynchttpclient.netty.request.NettyRequestSender -- Using open Channel [id: 0xd850032e, L:/127.0.0.1:49363 - R:/127.0.0.1:4723] for GET '/session/9d505292-1662-4e03-b7da-959f22fa1c1e/element/f.09BF641F5805ED6A5007B9E87D61469D.d.777EDFA98D7557D72B5B8D92AD5D4E58.e.967/text'
21:54:51.507 [AsyncHttpClient-1-2] DEBUG org.asynchttpclient.netty.handler.HttpHandler -- 

Request DefaultFullHttpRequest(decodeResult: success, version: HTTP/1.1, content: EmptyByteBufBE)
GET /session/9d505292-1662-4e03-b7da-959f22fa1c1e/element/f.09BF641F5805ED6A5007B9E87D61469D.d.777EDFA98D7557D72B5B8D92AD5D4E58.e.967/text HTTP/1.1
Cache-Control: no-cache
User-Agent: appium/8.3.0 (selenium/4.8.3 (java mac))
Content-Type: application/json; charset=utf-8
host: 127.0.0.1:4723
accept: */*

Response DefaultHttpResponse(decodeResult: success, version: HTTP/1.1)
HTTP/1.1 200 OK
X-Powered-By: Express
Content-Type: application/json; charset=utf-8
Content-Length: 21
ETag: W/"15-YikJbJH1bTvijx0PlIj7aZ1WpVA"
Date: Sun, 06 Apr 2025 13:54:51 GMT
Connection: keep-alive
Keep-Alive: timeout=600

21:54:51.507 [AsyncHttpClient-1-2] DEBUG org.asynchttpclient.netty.channel.ChannelManager -- Adding key: http://127.0.0.1:4723 for channel [id: 0xd850032e, L:/127.0.0.1:49363 - R:/127.0.0.1:4723]
21:54:51.507 [Forwarding getElementText on session 9d505292-1662-4e03-b7da-959f22fa1c1e to remote] DEBUG org.asynchttpclient.netty.request.NettyRequestSender -- Using pooled Channel '[id: 0xd850032e, L:/127.0.0.1:49363 - R:/127.0.0.1:4723]' for 'GET' to 'http://127.0.0.1:4723/session/9d505292-1662-4e03-b7da-959f22fa1c1e/element/f.09BF641F5805ED6A5007B9E87D61469D.d.777EDFA98D7557D72B5B8D92AD5D4E58.e.969/text'
21:54:51.508 [Forwarding getElementText on session 9d505292-1662-4e03-b7da-959f22fa1c1e to remote] DEBUG org.asynchttpclient.netty.request.NettyRequestSender -- Using open Channel [id: 0xd850032e, L:/127.0.0.1:49363 - R:/127.0.0.1:4723] for GET '/session/9d505292-1662-4e03-b7da-959f22fa1c1e/element/f.09BF641F5805ED6A5007B9E87D61469D.d.777EDFA98D7557D72B5B8D92AD5D4E58.e.969/text'
21:54:51.526 [AsyncHttpClient-1-2] DEBUG org.asynchttpclient.netty.handler.HttpHandler -- 

Request DefaultFullHttpRequest(decodeResult: success, version: HTTP/1.1, content: EmptyByteBufBE)
GET /session/9d505292-1662-4e03-b7da-959f22fa1c1e/element/f.09BF641F5805ED6A5007B9E87D61469D.d.777EDFA98D7557D72B5B8D92AD5D4E58.e.969/text HTTP/1.1
Cache-Control: no-cache
User-Agent: appium/8.3.0 (selenium/4.8.3 (java mac))
Content-Type: application/json; charset=utf-8
host: 127.0.0.1:4723
accept: */*

Response DefaultHttpResponse(decodeResult: success, version: HTTP/1.1)
HTTP/1.1 200 OK
X-Powered-By: Express
Content-Type: application/json; charset=utf-8
Content-Length: 21
ETag: W/"15-BU2diybubkoFjEhuCL/BmPyz6A4"
Date: Sun, 06 Apr 2025 13:54:51 GMT
Connection: keep-alive
Keep-Alive: timeout=600

21:54:51.526 [AsyncHttpClient-1-2] DEBUG org.asynchttpclient.netty.channel.ChannelManager -- Adding key: http://127.0.0.1:4723 for channel [id: 0xd850032e, L:/127.0.0.1:49363 - R:/127.0.0.1:4723]
21:54:51.526 [Forwarding getElementText on session 9d505292-1662-4e03-b7da-959f22fa1c1e to remote] DEBUG org.asynchttpclient.netty.request.NettyRequestSender -- Using pooled Channel '[id: 0xd850032e, L:/127.0.0.1:49363 - R:/127.0.0.1:4723]' for 'GET' to 'http://127.0.0.1:4723/session/9d505292-1662-4e03-b7da-959f22fa1c1e/element/f.09BF641F5805ED6A5007B9E87D61469D.d.777EDFA98D7557D72B5B8D92AD5D4E58.e.971/text'
21:54:51.526 [Forwarding getElementText on session 9d505292-1662-4e03-b7da-959f22fa1c1e to remote] DEBUG org.asynchttpclient.netty.request.NettyRequestSender -- Using open Channel [id: 0xd850032e, L:/127.0.0.1:49363 - R:/127.0.0.1:4723] for GET '/session/9d505292-1662-4e03-b7da-959f22fa1c1e/element/f.09BF641F5805ED6A5007B9E87D61469D.d.777EDFA98D7557D72B5B8D92AD5D4E58.e.971/text'
21:54:51.545 [AsyncHttpClient-1-2] DEBUG org.asynchttpclient.netty.handler.HttpHandler -- 

Request DefaultFullHttpRequest(decodeResult: success, version: HTTP/1.1, content: EmptyByteBufBE)
GET /session/9d505292-1662-4e03-b7da-959f22fa1c1e/element/f.09BF641F5805ED6A5007B9E87D61469D.d.777EDFA98D7557D72B5B8D92AD5D4E58.e.971/text HTTP/1.1
Cache-Control: no-cache
User-Agent: appium/8.3.0 (selenium/4.8.3 (java mac))
Content-Type: application/json; charset=utf-8
host: 127.0.0.1:4723
accept: */*

Response DefaultHttpResponse(decodeResult: success, version: HTTP/1.1)
HTTP/1.1 200 OK
X-Powered-By: Express
Content-Type: application/json; charset=utf-8
Content-Length: 21
ETag: W/"15-RdS1WLCII+zyOaeXCk6JLKHhfZM"
Date: Sun, 06 Apr 2025 13:54:51 GMT
Connection: keep-alive
Keep-Alive: timeout=600

21:54:51.545 [AsyncHttpClient-1-2] DEBUG org.asynchttpclient.netty.channel.ChannelManager -- Adding key: http://127.0.0.1:4723 for channel [id: 0xd850032e, L:/127.0.0.1:49363 - R:/127.0.0.1:4723]
21:54:51.545 [Forwarding getElementText on session 9d505292-1662-4e03-b7da-959f22fa1c1e to remote] DEBUG org.asynchttpclient.netty.request.NettyRequestSender -- Using pooled Channel '[id: 0xd850032e, L:/127.0.0.1:49363 - R:/127.0.0.1:4723]' for 'GET' to 'http://127.0.0.1:4723/session/9d505292-1662-4e03-b7da-959f22fa1c1e/element/f.09BF641F5805ED6A5007B9E87D61469D.d.777EDFA98D7557D72B5B8D92AD5D4E58.e.973/text'
21:54:51.545 [Forwarding getElementText on session 9d505292-1662-4e03-b7da-959f22fa1c1e to remote] DEBUG org.asynchttpclient.netty.request.NettyRequestSender -- Using open Channel [id: 0xd850032e, L:/127.0.0.1:49363 - R:/127.0.0.1:4723] for GET '/session/9d505292-1662-4e03-b7da-959f22fa1c1e/element/f.09BF641F5805ED6A5007B9E87D61469D.d.777EDFA98D7557D72B5B8D92AD5D4E58.e.973/text'
21:54:51.564 [AsyncHttpClient-1-2] DEBUG org.asynchttpclient.netty.handler.HttpHandler -- 

Request DefaultFullHttpRequest(decodeResult: success, version: HTTP/1.1, content: EmptyByteBufBE)
GET /session/9d505292-1662-4e03-b7da-959f22fa1c1e/element/f.09BF641F5805ED6A5007B9E87D61469D.d.777EDFA98D7557D72B5B8D92AD5D4E58.e.973/text HTTP/1.1
Cache-Control: no-cache
User-Agent: appium/8.3.0 (selenium/4.8.3 (java mac))
Content-Type: application/json; charset=utf-8
host: 127.0.0.1:4723
accept: */*

Response DefaultHttpResponse(decodeResult: success, version: HTTP/1.1)
HTTP/1.1 200 OK
X-Powered-By: Express
Content-Type: application/json; charset=utf-8
Content-Length: 21
ETag: W/"15-HLy2zsvVGgCCQPQdTBf42w8NpE4"
Date: Sun, 06 Apr 2025 13:54:51 GMT
Connection: keep-alive
Keep-Alive: timeout=600

21:54:51.564 [AsyncHttpClient-1-2] DEBUG org.asynchttpclient.netty.channel.ChannelManager -- Adding key: http://127.0.0.1:4723 for channel [id: 0xd850032e, L:/127.0.0.1:49363 - R:/127.0.0.1:4723]
21:54:51.565 [Forwarding getElementText on session 9d505292-1662-4e03-b7da-959f22fa1c1e to remote] DEBUG org.asynchttpclient.netty.request.NettyRequestSender -- Using pooled Channel '[id: 0xd850032e, L:/127.0.0.1:49363 - R:/127.0.0.1:4723]' for 'GET' to 'http://127.0.0.1:4723/session/9d505292-1662-4e03-b7da-959f22fa1c1e/element/f.09BF641F5805ED6A5007B9E87D61469D.d.777EDFA98D7557D72B5B8D92AD5D4E58.e.975/text'
21:54:51.565 [Forwarding getElementText on session 9d505292-1662-4e03-b7da-959f22fa1c1e to remote] DEBUG org.asynchttpclient.netty.request.NettyRequestSender -- Using open Channel [id: 0xd850032e, L:/127.0.0.1:49363 - R:/127.0.0.1:4723] for GET '/session/9d505292-1662-4e03-b7da-959f22fa1c1e/element/f.09BF641F5805ED6A5007B9E87D61469D.d.777EDFA98D7557D72B5B8D92AD5D4E58.e.975/text'
21:54:51.584 [AsyncHttpClient-1-2] DEBUG org.asynchttpclient.netty.handler.HttpHandler -- 

Request DefaultFullHttpRequest(decodeResult: success, version: HTTP/1.1, content: EmptyByteBufBE)
GET /session/9d505292-1662-4e03-b7da-959f22fa1c1e/element/f.09BF641F5805ED6A5007B9E87D61469D.d.777EDFA98D7557D72B5B8D92AD5D4E58.e.975/text HTTP/1.1
Cache-Control: no-cache
User-Agent: appium/8.3.0 (selenium/4.8.3 (java mac))
Content-Type: application/json; charset=utf-8
host: 127.0.0.1:4723
accept: */*

Response DefaultHttpResponse(decodeResult: success, version: HTTP/1.1)
HTTP/1.1 200 OK
X-Powered-By: Express
Content-Type: application/json; charset=utf-8
Content-Length: 21
ETag: W/"15-Ra1mcnKDC+8ELJF4uRnvKr/sZ3s"
Date: Sun, 06 Apr 2025 13:54:51 GMT
Connection: keep-alive
Keep-Alive: timeout=600

21:54:51.584 [AsyncHttpClient-1-2] DEBUG org.asynchttpclient.netty.channel.ChannelManager -- Adding key: http://127.0.0.1:4723 for channel [id: 0xd850032e, L:/127.0.0.1:49363 - R:/127.0.0.1:4723]
21:54:51.585 [Forwarding getElementText on session 9d505292-1662-4e03-b7da-959f22fa1c1e to remote] DEBUG org.asynchttpclient.netty.request.NettyRequestSender -- Using pooled Channel '[id: 0xd850032e, L:/127.0.0.1:49363 - R:/127.0.0.1:4723]' for 'GET' to 'http://127.0.0.1:4723/session/9d505292-1662-4e03-b7da-959f22fa1c1e/element/f.09BF641F5805ED6A5007B9E87D61469D.d.777EDFA98D7557D72B5B8D92AD5D4E58.e.977/text'
21:54:51.585 [Forwarding getElementText on session 9d505292-1662-4e03-b7da-959f22fa1c1e to remote] DEBUG org.asynchttpclient.netty.request.NettyRequestSender -- Using open Channel [id: 0xd850032e, L:/127.0.0.1:49363 - R:/127.0.0.1:4723] for GET '/session/9d505292-1662-4e03-b7da-959f22fa1c1e/element/f.09BF641F5805ED6A5007B9E87D61469D.d.777EDFA98D7557D72B5B8D92AD5D4E58.e.977/text'
21:54:51.604 [AsyncHttpClient-1-2] DEBUG org.asynchttpclient.netty.handler.HttpHandler -- 

Request DefaultFullHttpRequest(decodeResult: success, version: HTTP/1.1, content: EmptyByteBufBE)
GET /session/9d505292-1662-4e03-b7da-959f22fa1c1e/element/f.09BF641F5805ED6A5007B9E87D61469D.d.777EDFA98D7557D72B5B8D92AD5D4E58.e.977/text HTTP/1.1
Cache-Control: no-cache
User-Agent: appium/8.3.0 (selenium/4.8.3 (java mac))
Content-Type: application/json; charset=utf-8
host: 127.0.0.1:4723
accept: */*

Response DefaultHttpResponse(decodeResult: success, version: HTTP/1.1)
HTTP/1.1 200 OK
X-Powered-By: Express
Content-Type: application/json; charset=utf-8
Content-Length: 21
ETag: W/"15-lpCIjlpjJL45MEjiVAQaaswocw0"
Date: Sun, 06 Apr 2025 13:54:51 GMT
Connection: keep-alive
Keep-Alive: timeout=600

21:54:51.604 [AsyncHttpClient-1-2] DEBUG org.asynchttpclient.netty.channel.ChannelManager -- Adding key: http://127.0.0.1:4723 for channel [id: 0xd850032e, L:/127.0.0.1:49363 - R:/127.0.0.1:4723]
21:54:51.605 [Forwarding getElementText on session 9d505292-1662-4e03-b7da-959f22fa1c1e to remote] DEBUG org.asynchttpclient.netty.request.NettyRequestSender -- Using pooled Channel '[id: 0xd850032e, L:/127.0.0.1:49363 - R:/127.0.0.1:4723]' for 'GET' to 'http://127.0.0.1:4723/session/9d505292-1662-4e03-b7da-959f22fa1c1e/element/f.09BF641F5805ED6A5007B9E87D61469D.d.777EDFA98D7557D72B5B8D92AD5D4E58.e.979/text'
21:54:51.605 [Forwarding getElementText on session 9d505292-1662-4e03-b7da-959f22fa1c1e to remote] DEBUG org.asynchttpclient.netty.request.NettyRequestSender -- Using open Channel [id: 0xd850032e, L:/127.0.0.1:49363 - R:/127.0.0.1:4723] for GET '/session/9d505292-1662-4e03-b7da-959f22fa1c1e/element/f.09BF641F5805ED6A5007B9E87D61469D.d.777EDFA98D7557D72B5B8D92AD5D4E58.e.979/text'
21:54:51.624 [AsyncHttpClient-1-2] DEBUG org.asynchttpclient.netty.handler.HttpHandler -- 

Request DefaultFullHttpRequest(decodeResult: success, version: HTTP/1.1, content: EmptyByteBufBE)
GET /session/9d505292-1662-4e03-b7da-959f22fa1c1e/element/f.09BF641F5805ED6A5007B9E87D61469D.d.777EDFA98D7557D72B5B8D92AD5D4E58.e.979/text HTTP/1.1
Cache-Control: no-cache
User-Agent: appium/8.3.0 (selenium/4.8.3 (java mac))
Content-Type: application/json; charset=utf-8
host: 127.0.0.1:4723
accept: */*

Response DefaultHttpResponse(decodeResult: success, version: HTTP/1.1)
HTTP/1.1 200 OK
X-Powered-By: Express
Content-Type: application/json; charset=utf-8
Content-Length: 21
ETag: W/"15-PaI5CwWQz7wkhfbQ2vy0N+6dnAA"
Date: Sun, 06 Apr 2025 13:54:51 GMT
Connection: keep-alive
Keep-Alive: timeout=600

21:54:51.624 [AsyncHttpClient-1-2] DEBUG org.asynchttpclient.netty.channel.ChannelManager -- Adding key: http://127.0.0.1:4723 for channel [id: 0xd850032e, L:/127.0.0.1:49363 - R:/127.0.0.1:4723]
21:54:51.624 [Forwarding getElementText on session 9d505292-1662-4e03-b7da-959f22fa1c1e to remote] DEBUG org.asynchttpclient.netty.request.NettyRequestSender -- Using pooled Channel '[id: 0xd850032e, L:/127.0.0.1:49363 - R:/127.0.0.1:4723]' for 'GET' to 'http://127.0.0.1:4723/session/9d505292-1662-4e03-b7da-959f22fa1c1e/element/f.09BF641F5805ED6A5007B9E87D61469D.d.777EDFA98D7557D72B5B8D92AD5D4E58.e.981/text'
21:54:51.624 [Forwarding getElementText on session 9d505292-1662-4e03-b7da-959f22fa1c1e to remote] DEBUG org.asynchttpclient.netty.request.NettyRequestSender -- Using open Channel [id: 0xd850032e, L:/127.0.0.1:49363 - R:/127.0.0.1:4723] for GET '/session/9d505292-1662-4e03-b7da-959f22fa1c1e/element/f.09BF641F5805ED6A5007B9E87D61469D.d.777EDFA98D7557D72B5B8D92AD5D4E58.e.981/text'
21:54:51.644 [AsyncHttpClient-1-2] DEBUG org.asynchttpclient.netty.handler.HttpHandler -- 

Request DefaultFullHttpRequest(decodeResult: success, version: HTTP/1.1, content: EmptyByteBufBE)
GET /session/9d505292-1662-4e03-b7da-959f22fa1c1e/element/f.09BF641F5805ED6A5007B9E87D61469D.d.777EDFA98D7557D72B5B8D92AD5D4E58.e.981/text HTTP/1.1
Cache-Control: no-cache
User-Agent: appium/8.3.0 (selenium/4.8.3 (java mac))
Content-Type: application/json; charset=utf-8
host: 127.0.0.1:4723
accept: */*

Response DefaultHttpResponse(decodeResult: success, version: HTTP/1.1)
HTTP/1.1 200 OK
X-Powered-By: Express
Content-Type: application/json; charset=utf-8
Content-Length: 21
ETag: W/"15-aTYpwLTTCikdO/UEkNo5RPWVrqg"
Date: Sun, 06 Apr 2025 13:54:51 GMT
Connection: keep-alive
Keep-Alive: timeout=600

21:54:51.645 [AsyncHttpClient-1-2] DEBUG org.asynchttpclient.netty.channel.ChannelManager -- Adding key: http://127.0.0.1:4723 for channel [id: 0xd850032e, L:/127.0.0.1:49363 - R:/127.0.0.1:4723]
21:54:51.645 [Forwarding getElementText on session 9d505292-1662-4e03-b7da-959f22fa1c1e to remote] DEBUG org.asynchttpclient.netty.request.NettyRequestSender -- Using pooled Channel '[id: 0xd850032e, L:/127.0.0.1:49363 - R:/127.0.0.1:4723]' for 'GET' to 'http://127.0.0.1:4723/session/9d505292-1662-4e03-b7da-959f22fa1c1e/element/f.09BF641F5805ED6A5007B9E87D61469D.d.777EDFA98D7557D72B5B8D92AD5D4E58.e.983/text'
21:54:51.645 [Forwarding getElementText on session 9d505292-1662-4e03-b7da-959f22fa1c1e to remote] DEBUG org.asynchttpclient.netty.request.NettyRequestSender -- Using open Channel [id: 0xd850032e, L:/127.0.0.1:49363 - R:/127.0.0.1:4723] for GET '/session/9d505292-1662-4e03-b7da-959f22fa1c1e/element/f.09BF641F5805ED6A5007B9E87D61469D.d.777EDFA98D7557D72B5B8D92AD5D4E58.e.983/text'
21:54:51.665 [AsyncHttpClient-1-2] DEBUG org.asynchttpclient.netty.handler.HttpHandler -- 

Request DefaultFullHttpRequest(decodeResult: success, version: HTTP/1.1, content: EmptyByteBufBE)
GET /session/9d505292-1662-4e03-b7da-959f22fa1c1e/element/f.09BF641F5805ED6A5007B9E87D61469D.d.777EDFA98D7557D72B5B8D92AD5D4E58.e.983/text HTTP/1.1
Cache-Control: no-cache
User-Agent: appium/8.3.0 (selenium/4.8.3 (java mac))
Content-Type: application/json; charset=utf-8
host: 127.0.0.1:4723
accept: */*

Response DefaultHttpResponse(decodeResult: success, version: HTTP/1.1)
HTTP/1.1 200 OK
X-Powered-By: Express
Content-Type: application/json; charset=utf-8
Content-Length: 21
ETag: W/"15-dDWa6zJiGV714HZW1sFUg5x8uHw"
Date: Sun, 06 Apr 2025 13:54:51 GMT
Connection: keep-alive
Keep-Alive: timeout=600

21:54:51.666 [AsyncHttpClient-1-2] DEBUG org.asynchttpclient.netty.channel.ChannelManager -- Adding key: http://127.0.0.1:4723 for channel [id: 0xd850032e, L:/127.0.0.1:49363 - R:/127.0.0.1:4723]
21:54:51.666 [Forwarding getElementText on session 9d505292-1662-4e03-b7da-959f22fa1c1e to remote] DEBUG org.asynchttpclient.netty.request.NettyRequestSender -- Using pooled Channel '[id: 0xd850032e, L:/127.0.0.1:49363 - R:/127.0.0.1:4723]' for 'GET' to 'http://127.0.0.1:4723/session/9d505292-1662-4e03-b7da-959f22fa1c1e/element/f.09BF641F5805ED6A5007B9E87D61469D.d.777EDFA98D7557D72B5B8D92AD5D4E58.e.985/text'
21:54:51.666 [Forwarding getElementText on session 9d505292-1662-4e03-b7da-959f22fa1c1e to remote] DEBUG org.asynchttpclient.netty.request.NettyRequestSender -- Using open Channel [id: 0xd850032e, L:/127.0.0.1:49363 - R:/127.0.0.1:4723] for GET '/session/9d505292-1662-4e03-b7da-959f22fa1c1e/element/f.09BF641F5805ED6A5007B9E87D61469D.d.777EDFA98D7557D72B5B8D92AD5D4E58.e.985/text'
21:54:51.687 [AsyncHttpClient-1-2] DEBUG org.asynchttpclient.netty.handler.HttpHandler -- 

Request DefaultFullHttpRequest(decodeResult: success, version: HTTP/1.1, content: EmptyByteBufBE)
GET /session/9d505292-1662-4e03-b7da-959f22fa1c1e/element/f.09BF641F5805ED6A5007B9E87D61469D.d.777EDFA98D7557D72B5B8D92AD5D4E58.e.985/text HTTP/1.1
Cache-Control: no-cache
User-Agent: appium/8.3.0 (selenium/4.8.3 (java mac))
Content-Type: application/json; charset=utf-8
host: 127.0.0.1:4723
accept: */*

Response DefaultHttpResponse(decodeResult: success, version: HTTP/1.1)
HTTP/1.1 200 OK
X-Powered-By: Express
Content-Type: application/json; charset=utf-8
Content-Length: 21
ETag: W/"15-dl9pJgxEoJXpWg0lCDR7iWIP858"
Date: Sun, 06 Apr 2025 13:54:51 GMT
Connection: keep-alive
Keep-Alive: timeout=600

21:54:51.687 [AsyncHttpClient-1-2] DEBUG org.asynchttpclient.netty.channel.ChannelManager -- Adding key: http://127.0.0.1:4723 for channel [id: 0xd850032e, L:/127.0.0.1:49363 - R:/127.0.0.1:4723]
21:54:51.688 [Forwarding getElementText on session 9d505292-1662-4e03-b7da-959f22fa1c1e to remote] DEBUG org.asynchttpclient.netty.request.NettyRequestSender -- Using pooled Channel '[id: 0xd850032e, L:/127.0.0.1:49363 - R:/127.0.0.1:4723]' for 'GET' to 'http://127.0.0.1:4723/session/9d505292-1662-4e03-b7da-959f22fa1c1e/element/f.09BF641F5805ED6A5007B9E87D61469D.d.777EDFA98D7557D72B5B8D92AD5D4E58.e.987/text'
21:54:51.688 [Forwarding getElementText on session 9d505292-1662-4e03-b7da-959f22fa1c1e to remote] DEBUG org.asynchttpclient.netty.request.NettyRequestSender -- Using open Channel [id: 0xd850032e, L:/127.0.0.1:49363 - R:/127.0.0.1:4723] for GET '/session/9d505292-1662-4e03-b7da-959f22fa1c1e/element/f.09BF641F5805ED6A5007B9E87D61469D.d.777EDFA98D7557D72B5B8D92AD5D4E58.e.987/text'
21:54:51.705 [AsyncHttpClient-1-2] DEBUG org.asynchttpclient.netty.handler.HttpHandler -- 

Request DefaultFullHttpRequest(decodeResult: success, version: HTTP/1.1, content: EmptyByteBufBE)
GET /session/9d505292-1662-4e03-b7da-959f22fa1c1e/element/f.09BF641F5805ED6A5007B9E87D61469D.d.777EDFA98D7557D72B5B8D92AD5D4E58.e.987/text HTTP/1.1
Cache-Control: no-cache
User-Agent: appium/8.3.0 (selenium/4.8.3 (java mac))
Content-Type: application/json; charset=utf-8
host: 127.0.0.1:4723
accept: */*

Response DefaultHttpResponse(decodeResult: success, version: HTTP/1.1)
HTTP/1.1 200 OK
X-Powered-By: Express
Content-Type: application/json; charset=utf-8
Content-Length: 21
ETag: W/"15-T7rLDl3NrUl5RE6liviygCzbGtI"
Date: Sun, 06 Apr 2025 13:54:51 GMT
Connection: keep-alive
Keep-Alive: timeout=600

21:54:51.706 [AsyncHttpClient-1-2] DEBUG org.asynchttpclient.netty.channel.ChannelManager -- Adding key: http://127.0.0.1:4723 for channel [id: 0xd850032e, L:/127.0.0.1:49363 - R:/127.0.0.1:4723]
21:54:51.706 [Forwarding getElementText on session 9d505292-1662-4e03-b7da-959f22fa1c1e to remote] DEBUG org.asynchttpclient.netty.request.NettyRequestSender -- Using pooled Channel '[id: 0xd850032e, L:/127.0.0.1:49363 - R:/127.0.0.1:4723]' for 'GET' to 'http://127.0.0.1:4723/session/9d505292-1662-4e03-b7da-959f22fa1c1e/element/f.09BF641F5805ED6A5007B9E87D61469D.d.777EDFA98D7557D72B5B8D92AD5D4E58.e.989/text'
21:54:51.706 [Forwarding getElementText on session 9d505292-1662-4e03-b7da-959f22fa1c1e to remote] DEBUG org.asynchttpclient.netty.request.NettyRequestSender -- Using open Channel [id: 0xd850032e, L:/127.0.0.1:49363 - R:/127.0.0.1:4723] for GET '/session/9d505292-1662-4e03-b7da-959f22fa1c1e/element/f.09BF641F5805ED6A5007B9E87D61469D.d.777EDFA98D7557D72B5B8D92AD5D4E58.e.989/text'
21:54:51.725 [AsyncHttpClient-1-2] DEBUG org.asynchttpclient.netty.handler.HttpHandler -- 

Request DefaultFullHttpRequest(decodeResult: success, version: HTTP/1.1, content: EmptyByteBufBE)
GET /session/9d505292-1662-4e03-b7da-959f22fa1c1e/element/f.09BF641F5805ED6A5007B9E87D61469D.d.777EDFA98D7557D72B5B8D92AD5D4E58.e.989/text HTTP/1.1
Cache-Control: no-cache
User-Agent: appium/8.3.0 (selenium/4.8.3 (java mac))
Content-Type: application/json; charset=utf-8
host: 127.0.0.1:4723
accept: */*

Response DefaultHttpResponse(decodeResult: success, version: HTTP/1.1)
HTTP/1.1 200 OK
X-Powered-By: Express
Content-Type: application/json; charset=utf-8
Content-Length: 21
ETag: W/"15-giMZ+FeZFUYQ6bG0xgjQmDLopns"
Date: Sun, 06 Apr 2025 13:54:51 GMT
Connection: keep-alive
Keep-Alive: timeout=600

21:54:51.725 [AsyncHttpClient-1-2] DEBUG org.asynchttpclient.netty.channel.ChannelManager -- Adding key: http://127.0.0.1:4723 for channel [id: 0xd850032e, L:/127.0.0.1:49363 - R:/127.0.0.1:4723]
21:54:51.726 [Forwarding getElementText on session 9d505292-1662-4e03-b7da-959f22fa1c1e to remote] DEBUG org.asynchttpclient.netty.request.NettyRequestSender -- Using pooled Channel '[id: 0xd850032e, L:/127.0.0.1:49363 - R:/127.0.0.1:4723]' for 'GET' to 'http://127.0.0.1:4723/session/9d505292-1662-4e03-b7da-959f22fa1c1e/element/f.09BF641F5805ED6A5007B9E87D61469D.d.777EDFA98D7557D72B5B8D92AD5D4E58.e.991/text'
21:54:51.726 [Forwarding getElementText on session 9d505292-1662-4e03-b7da-959f22fa1c1e to remote] DEBUG org.asynchttpclient.netty.request.NettyRequestSender -- Using open Channel [id: 0xd850032e, L:/127.0.0.1:49363 - R:/127.0.0.1:4723] for GET '/session/9d505292-1662-4e03-b7da-959f22fa1c1e/element/f.09BF641F5805ED6A5007B9E87D61469D.d.777EDFA98D7557D72B5B8D92AD5D4E58.e.991/text'
21:54:51.743 [AsyncHttpClient-1-2] DEBUG org.asynchttpclient.netty.handler.HttpHandler -- 

Request DefaultFullHttpRequest(decodeResult: success, version: HTTP/1.1, content: EmptyByteBufBE)
GET /session/9d505292-1662-4e03-b7da-959f22fa1c1e/element/f.09BF641F5805ED6A5007B9E87D61469D.d.777EDFA98D7557D72B5B8D92AD5D4E58.e.991/text HTTP/1.1
Cache-Control: no-cache
User-Agent: appium/8.3.0 (selenium/4.8.3 (java mac))
Content-Type: application/json; charset=utf-8
host: 127.0.0.1:4723
accept: */*

Response DefaultHttpResponse(decodeResult: success, version: HTTP/1.1)
HTTP/1.1 200 OK
X-Powered-By: Express
Content-Type: application/json; charset=utf-8
Content-Length: 21
ETag: W/"15-Mo5X3jAZwGvjOvNgFpzkgjjDVXk"
Date: Sun, 06 Apr 2025 13:54:51 GMT
Connection: keep-alive
Keep-Alive: timeout=600

21:54:51.743 [AsyncHttpClient-1-2] DEBUG org.asynchttpclient.netty.channel.ChannelManager -- Adding key: http://127.0.0.1:4723 for channel [id: 0xd850032e, L:/127.0.0.1:49363 - R:/127.0.0.1:4723]
21:54:51.744 [Forwarding getElementText on session 9d505292-1662-4e03-b7da-959f22fa1c1e to remote] DEBUG org.asynchttpclient.netty.request.NettyRequestSender -- Using pooled Channel '[id: 0xd850032e, L:/127.0.0.1:49363 - R:/127.0.0.1:4723]' for 'GET' to 'http://127.0.0.1:4723/session/9d505292-1662-4e03-b7da-959f22fa1c1e/element/f.09BF641F5805ED6A5007B9E87D61469D.d.777EDFA98D7557D72B5B8D92AD5D4E58.e.993/text'
21:54:51.744 [Forwarding getElementText on session 9d505292-1662-4e03-b7da-959f22fa1c1e to remote] DEBUG org.asynchttpclient.netty.request.NettyRequestSender -- Using open Channel [id: 0xd850032e, L:/127.0.0.1:49363 - R:/127.0.0.1:4723] for GET '/session/9d505292-1662-4e03-b7da-959f22fa1c1e/element/f.09BF641F5805ED6A5007B9E87D61469D.d.777EDFA98D7557D72B5B8D92AD5D4E58.e.993/text'
21:54:51.761 [AsyncHttpClient-1-2] DEBUG org.asynchttpclient.netty.handler.HttpHandler -- 

Request DefaultFullHttpRequest(decodeResult: success, version: HTTP/1.1, content: EmptyByteBufBE)
GET /session/9d505292-1662-4e03-b7da-959f22fa1c1e/element/f.09BF641F5805ED6A5007B9E87D61469D.d.777EDFA98D7557D72B5B8D92AD5D4E58.e.993/text HTTP/1.1
Cache-Control: no-cache
User-Agent: appium/8.3.0 (selenium/4.8.3 (java mac))
Content-Type: application/json; charset=utf-8
host: 127.0.0.1:4723
accept: */*

Response DefaultHttpResponse(decodeResult: success, version: HTTP/1.1)
HTTP/1.1 200 OK
X-Powered-By: Express
Content-Type: application/json; charset=utf-8
Content-Length: 21
ETag: W/"15-Rwjsmirc8AStWDLlcujOoiwCJnU"
Date: Sun, 06 Apr 2025 13:54:51 GMT
Connection: keep-alive
Keep-Alive: timeout=600

21:54:51.761 [AsyncHttpClient-1-2] DEBUG org.asynchttpclient.netty.channel.ChannelManager -- Adding key: http://127.0.0.1:4723 for channel [id: 0xd850032e, L:/127.0.0.1:49363 - R:/127.0.0.1:4723]
21:54:51.762 [Forwarding getElementText on session 9d505292-1662-4e03-b7da-959f22fa1c1e to remote] DEBUG org.asynchttpclient.netty.request.NettyRequestSender -- Using pooled Channel '[id: 0xd850032e, L:/127.0.0.1:49363 - R:/127.0.0.1:4723]' for 'GET' to 'http://127.0.0.1:4723/session/9d505292-1662-4e03-b7da-959f22fa1c1e/element/f.09BF641F5805ED6A5007B9E87D61469D.d.777EDFA98D7557D72B5B8D92AD5D4E58.e.995/text'
21:54:51.762 [Forwarding getElementText on session 9d505292-1662-4e03-b7da-959f22fa1c1e to remote] DEBUG org.asynchttpclient.netty.request.NettyRequestSender -- Using open Channel [id: 0xd850032e, L:/127.0.0.1:49363 - R:/127.0.0.1:4723] for GET '/session/9d505292-1662-4e03-b7da-959f22fa1c1e/element/f.09BF641F5805ED6A5007B9E87D61469D.d.777EDFA98D7557D72B5B8D92AD5D4E58.e.995/text'
21:54:51.779 [AsyncHttpClient-1-2] DEBUG org.asynchttpclient.netty.handler.HttpHandler -- 

Request DefaultFullHttpRequest(decodeResult: success, version: HTTP/1.1, content: EmptyByteBufBE)
GET /session/9d505292-1662-4e03-b7da-959f22fa1c1e/element/f.09BF641F5805ED6A5007B9E87D61469D.d.777EDFA98D7557D72B5B8D92AD5D4E58.e.995/text HTTP/1.1
Cache-Control: no-cache
User-Agent: appium/8.3.0 (selenium/4.8.3 (java mac))
Content-Type: application/json; charset=utf-8
host: 127.0.0.1:4723
accept: */*

Response DefaultHttpResponse(decodeResult: success, version: HTTP/1.1)
HTTP/1.1 200 OK
X-Powered-By: Express
Content-Type: application/json; charset=utf-8
Content-Length: 21
ETag: W/"15-ORAr6sUUTzzh1D/22mq/737B8X4"
Date: Sun, 06 Apr 2025 13:54:51 GMT
Connection: keep-alive
Keep-Alive: timeout=600

21:54:51.779 [AsyncHttpClient-1-2] DEBUG org.asynchttpclient.netty.channel.ChannelManager -- Adding key: http://127.0.0.1:4723 for channel [id: 0xd850032e, L:/127.0.0.1:49363 - R:/127.0.0.1:4723]
21:54:51.779 [Forwarding getElementText on session 9d505292-1662-4e03-b7da-959f22fa1c1e to remote] DEBUG org.asynchttpclient.netty.request.NettyRequestSender -- Using pooled Channel '[id: 0xd850032e, L:/127.0.0.1:49363 - R:/127.0.0.1:4723]' for 'GET' to 'http://127.0.0.1:4723/session/9d505292-1662-4e03-b7da-959f22fa1c1e/element/f.09BF641F5805ED6A5007B9E87D61469D.d.777EDFA98D7557D72B5B8D92AD5D4E58.e.997/text'
21:54:51.779 [Forwarding getElementText on session 9d505292-1662-4e03-b7da-959f22fa1c1e to remote] DEBUG org.asynchttpclient.netty.request.NettyRequestSender -- Using open Channel [id: 0xd850032e, L:/127.0.0.1:49363 - R:/127.0.0.1:4723] for GET '/session/9d505292-1662-4e03-b7da-959f22fa1c1e/element/f.09BF641F5805ED6A5007B9E87D61469D.d.777EDFA98D7557D72B5B8D92AD5D4E58.e.997/text'
21:54:51.797 [AsyncHttpClient-1-2] DEBUG org.asynchttpclient.netty.handler.HttpHandler -- 

Request DefaultFullHttpRequest(decodeResult: success, version: HTTP/1.1, content: EmptyByteBufBE)
GET /session/9d505292-1662-4e03-b7da-959f22fa1c1e/element/f.09BF641F5805ED6A5007B9E87D61469D.d.777EDFA98D7557D72B5B8D92AD5D4E58.e.997/text HTTP/1.1
Cache-Control: no-cache
User-Agent: appium/8.3.0 (selenium/4.8.3 (java mac))
Content-Type: application/json; charset=utf-8
host: 127.0.0.1:4723
accept: */*

Response DefaultHttpResponse(decodeResult: success, version: HTTP/1.1)
HTTP/1.1 200 OK
X-Powered-By: Express
Content-Type: application/json; charset=utf-8
Content-Length: 21
ETag: W/"15-D9cHGnynjjBUS64it/e6Y40Tmew"
Date: Sun, 06 Apr 2025 13:54:51 GMT
Connection: keep-alive
Keep-Alive: timeout=600

21:54:51.797 [AsyncHttpClient-1-2] DEBUG org.asynchttpclient.netty.channel.ChannelManager -- Adding key: http://127.0.0.1:4723 for channel [id: 0xd850032e, L:/127.0.0.1:49363 - R:/127.0.0.1:4723]
21:54:51.797 [Forwarding getElementText on session 9d505292-1662-4e03-b7da-959f22fa1c1e to remote] DEBUG org.asynchttpclient.netty.request.NettyRequestSender -- Using pooled Channel '[id: 0xd850032e, L:/127.0.0.1:49363 - R:/127.0.0.1:4723]' for 'GET' to 'http://127.0.0.1:4723/session/9d505292-1662-4e03-b7da-959f22fa1c1e/element/f.09BF641F5805ED6A5007B9E87D61469D.d.777EDFA98D7557D72B5B8D92AD5D4E58.e.999/text'
21:54:51.797 [Forwarding getElementText on session 9d505292-1662-4e03-b7da-959f22fa1c1e to remote] DEBUG org.asynchttpclient.netty.request.NettyRequestSender -- Using open Channel [id: 0xd850032e, L:/127.0.0.1:49363 - R:/127.0.0.1:4723] for GET '/session/9d505292-1662-4e03-b7da-959f22fa1c1e/element/f.09BF641F5805ED6A5007B9E87D61469D.d.777EDFA98D7557D72B5B8D92AD5D4E58.e.999/text'
21:54:51.815 [AsyncHttpClient-1-2] DEBUG org.asynchttpclient.netty.handler.HttpHandler -- 

Request DefaultFullHttpRequest(decodeResult: success, version: HTTP/1.1, content: EmptyByteBufBE)
GET /session/9d505292-1662-4e03-b7da-959f22fa1c1e/element/f.09BF641F5805ED6A5007B9E87D61469D.d.777EDFA98D7557D72B5B8D92AD5D4E58.e.999/text HTTP/1.1
Cache-Control: no-cache
User-Agent: appium/8.3.0 (selenium/4.8.3 (java mac))
Content-Type: application/json; charset=utf-8
host: 127.0.0.1:4723
accept: */*

Response DefaultHttpResponse(decodeResult: success, version: HTTP/1.1)
HTTP/1.1 200 OK
X-Powered-By: Express
Content-Type: application/json; charset=utf-8
Content-Length: 21
ETag: W/"15-e5zOOSpsKx/CdKp/0tj90KameNo"
Date: Sun, 06 Apr 2025 13:54:51 GMT
Connection: keep-alive
Keep-Alive: timeout=600

21:54:51.815 [AsyncHttpClient-1-2] DEBUG org.asynchttpclient.netty.channel.ChannelManager -- Adding key: http://127.0.0.1:4723 for channel [id: 0xd850032e, L:/127.0.0.1:49363 - R:/127.0.0.1:4723]
21:54:51.815 [Forwarding getElementText on session 9d505292-1662-4e03-b7da-959f22fa1c1e to remote] DEBUG org.asynchttpclient.netty.request.NettyRequestSender -- Using pooled Channel '[id: 0xd850032e, L:/127.0.0.1:49363 - R:/127.0.0.1:4723]' for 'GET' to 'http://127.0.0.1:4723/session/9d505292-1662-4e03-b7da-959f22fa1c1e/element/f.09BF641F5805ED6A5007B9E87D61469D.d.777EDFA98D7557D72B5B8D92AD5D4E58.e.1001/text'
21:54:51.815 [Forwarding getElementText on session 9d505292-1662-4e03-b7da-959f22fa1c1e to remote] DEBUG org.asynchttpclient.netty.request.NettyRequestSender -- Using open Channel [id: 0xd850032e, L:/127.0.0.1:49363 - R:/127.0.0.1:4723] for GET '/session/9d505292-1662-4e03-b7da-959f22fa1c1e/element/f.09BF641F5805ED6A5007B9E87D61469D.d.777EDFA98D7557D72B5B8D92AD5D4E58.e.1001/text'
21:54:51.833 [AsyncHttpClient-1-2] DEBUG org.asynchttpclient.netty.handler.HttpHandler -- 

Request DefaultFullHttpRequest(decodeResult: success, version: HTTP/1.1, content: EmptyByteBufBE)
GET /session/9d505292-1662-4e03-b7da-959f22fa1c1e/element/f.09BF641F5805ED6A5007B9E87D61469D.d.777EDFA98D7557D72B5B8D92AD5D4E58.e.1001/text HTTP/1.1
Cache-Control: no-cache
User-Agent: appium/8.3.0 (selenium/4.8.3 (java mac))
Content-Type: application/json; charset=utf-8
host: 127.0.0.1:4723
accept: */*

Response DefaultHttpResponse(decodeResult: success, version: HTTP/1.1)
HTTP/1.1 200 OK
X-Powered-By: Express
Content-Type: application/json; charset=utf-8
Content-Length: 21
ETag: W/"15-J6XTjo9xOzGZCWms1w+bJYoTm2M"
Date: Sun, 06 Apr 2025 13:54:51 GMT
Connection: keep-alive
Keep-Alive: timeout=600

21:54:51.833 [AsyncHttpClient-1-2] DEBUG org.asynchttpclient.netty.channel.ChannelManager -- Adding key: http://127.0.0.1:4723 for channel [id: 0xd850032e, L:/127.0.0.1:49363 - R:/127.0.0.1:4723]
21:54:51.833 [Forwarding getElementText on session 9d505292-1662-4e03-b7da-959f22fa1c1e to remote] DEBUG org.asynchttpclient.netty.request.NettyRequestSender -- Using pooled Channel '[id: 0xd850032e, L:/127.0.0.1:49363 - R:/127.0.0.1:4723]' for 'GET' to 'http://127.0.0.1:4723/session/9d505292-1662-4e03-b7da-959f22fa1c1e/element/f.09BF641F5805ED6A5007B9E87D61469D.d.777EDFA98D7557D72B5B8D92AD5D4E58.e.1003/text'
21:54:51.833 [Forwarding getElementText on session 9d505292-1662-4e03-b7da-959f22fa1c1e to remote] DEBUG org.asynchttpclient.netty.request.NettyRequestSender -- Using open Channel [id: 0xd850032e, L:/127.0.0.1:49363 - R:/127.0.0.1:4723] for GET '/session/9d505292-1662-4e03-b7da-959f22fa1c1e/element/f.09BF641F5805ED6A5007B9E87D61469D.d.777EDFA98D7557D72B5B8D92AD5D4E58.e.1003/text'
21:54:51.854 [AsyncHttpClient-1-2] DEBUG org.asynchttpclient.netty.handler.HttpHandler -- 

Request DefaultFullHttpRequest(decodeResult: success, version: HTTP/1.1, content: EmptyByteBufBE)
GET /session/9d505292-1662-4e03-b7da-959f22fa1c1e/element/f.09BF641F5805ED6A5007B9E87D61469D.d.777EDFA98D7557D72B5B8D92AD5D4E58.e.1003/text HTTP/1.1
Cache-Control: no-cache
User-Agent: appium/8.3.0 (selenium/4.8.3 (java mac))
Content-Type: application/json; charset=utf-8
host: 127.0.0.1:4723
accept: */*

Response DefaultHttpResponse(decodeResult: success, version: HTTP/1.1)
HTTP/1.1 200 OK
X-Powered-By: Express
Content-Type: application/json; charset=utf-8
Content-Length: 21
ETag: W/"15-0xteMABTtroeQjPhN+C6yAU/gR4"
Date: Sun, 06 Apr 2025 13:54:51 GMT
Connection: keep-alive
Keep-Alive: timeout=600

21:54:51.854 [AsyncHttpClient-1-2] DEBUG org.asynchttpclient.netty.channel.ChannelManager -- Adding key: http://127.0.0.1:4723 for channel [id: 0xd850032e, L:/127.0.0.1:49363 - R:/127.0.0.1:4723]
21:54:51.854 [Forwarding getElementText on session 9d505292-1662-4e03-b7da-959f22fa1c1e to remote] DEBUG org.asynchttpclient.netty.request.NettyRequestSender -- Using pooled Channel '[id: 0xd850032e, L:/127.0.0.1:49363 - R:/127.0.0.1:4723]' for 'GET' to 'http://127.0.0.1:4723/session/9d505292-1662-4e03-b7da-959f22fa1c1e/element/f.09BF641F5805ED6A5007B9E87D61469D.d.777EDFA98D7557D72B5B8D92AD5D4E58.e.1005/text'
21:54:51.854 [Forwarding getElementText on session 9d505292-1662-4e03-b7da-959f22fa1c1e to remote] DEBUG org.asynchttpclient.netty.request.NettyRequestSender -- Using open Channel [id: 0xd850032e, L:/127.0.0.1:49363 - R:/127.0.0.1:4723] for GET '/session/9d505292-1662-4e03-b7da-959f22fa1c1e/element/f.09BF641F5805ED6A5007B9E87D61469D.d.777EDFA98D7557D72B5B8D92AD5D4E58.e.1005/text'
21:54:51.871 [AsyncHttpClient-1-2] DEBUG org.asynchttpclient.netty.handler.HttpHandler -- 

Request DefaultFullHttpRequest(decodeResult: success, version: HTTP/1.1, content: EmptyByteBufBE)
GET /session/9d505292-1662-4e03-b7da-959f22fa1c1e/element/f.09BF641F5805ED6A5007B9E87D61469D.d.777EDFA98D7557D72B5B8D92AD5D4E58.e.1005/text HTTP/1.1
Cache-Control: no-cache
User-Agent: appium/8.3.0 (selenium/4.8.3 (java mac))
Content-Type: application/json; charset=utf-8
host: 127.0.0.1:4723
accept: */*

Response DefaultHttpResponse(decodeResult: success, version: HTTP/1.1)
HTTP/1.1 200 OK
X-Powered-By: Express
Content-Type: application/json; charset=utf-8
Content-Length: 21
ETag: W/"15-uz7uIHUOWtVGHa1rFDZlRIMa5gM"
Date: Sun, 06 Apr 2025 13:54:51 GMT
Connection: keep-alive
Keep-Alive: timeout=600

21:54:51.871 [AsyncHttpClient-1-2] DEBUG org.asynchttpclient.netty.channel.ChannelManager -- Adding key: http://127.0.0.1:4723 for channel [id: 0xd850032e, L:/127.0.0.1:49363 - R:/127.0.0.1:4723]
驗證縣市「高雄市」與其行政區成功！
21:54:51.872 [Forwarding executeScript on session 9d505292-1662-4e03-b7da-959f22fa1c1e to remote] DEBUG org.asynchttpclient.netty.request.NettyRequestSender -- Using pooled Channel '[id: 0xd850032e, L:/127.0.0.1:49363 - R:/127.0.0.1:4723]' for 'POST' to 'http://127.0.0.1:4723/session/9d505292-1662-4e03-b7da-959f22fa1c1e/execute/sync'
21:54:51.872 [Forwarding executeScript on session 9d505292-1662-4e03-b7da-959f22fa1c1e to remote] DEBUG org.asynchttpclient.netty.request.NettyRequestSender -- Using open Channel [id: 0xd850032e, L:/127.0.0.1:49363 - R:/127.0.0.1:4723] for POST '/session/9d505292-1662-4e03-b7da-959f22fa1c1e/execute/sync'
21:54:51.894 [AsyncHttpClient-1-2] DEBUG org.asynchttpclient.netty.handler.HttpHandler -- 

Request DefaultHttpRequest(decodeResult: success, version: HTTP/1.1)
POST /session/9d505292-1662-4e03-b7da-959f22fa1c1e/execute/sync HTTP/1.1
User-Agent: appium/8.3.0 (selenium/4.8.3 (java mac))
Content-Length: 347
Content-Type: application/json; charset=utf-8
host: 127.0.0.1:4723
accept: */*

Response DefaultHttpResponse(decodeResult: success, version: HTTP/1.1)
HTTP/1.1 200 OK
X-Powered-By: Express
Vary: X-HTTP-Method-Override
Content-Type: application/json; charset=utf-8
Content-Length: 14
ETag: W/"e-9/1BuKMgFObM1mWJm+YjxtXJnUM"
Date: Sun, 06 Apr 2025 13:54:51 GMT
Connection: keep-alive
Keep-Alive: timeout=600

21:54:51.894 [AsyncHttpClient-1-2] DEBUG org.asynchttpclient.netty.channel.ChannelManager -- Adding key: http://127.0.0.1:4723 for channel [id: 0xd850032e, L:/127.0.0.1:49363 - R:/127.0.0.1:4723]
21:54:51.895 [Forwarding findElement on session 9d505292-1662-4e03-b7da-959f22fa1c1e to remote] DEBUG org.asynchttpclient.netty.request.NettyRequestSender -- Using pooled Channel '[id: 0xd850032e, L:/127.0.0.1:49363 - R:/127.0.0.1:4723]' for 'POST' to 'http://127.0.0.1:4723/session/9d505292-1662-4e03-b7da-959f22fa1c1e/element'
21:54:51.895 [Forwarding findElement on session 9d505292-1662-4e03-b7da-959f22fa1c1e to remote] DEBUG org.asynchttpclient.netty.request.NettyRequestSender -- Using open Channel [id: 0xd850032e, L:/127.0.0.1:49363 - R:/127.0.0.1:4723] for POST '/session/9d505292-1662-4e03-b7da-959f22fa1c1e/element'
21:54:51.912 [AsyncHttpClient-1-2] DEBUG org.asynchttpclient.netty.handler.HttpHandler -- 

Request DefaultHttpRequest(decodeResult: success, version: HTTP/1.1)
POST /session/9d505292-1662-4e03-b7da-959f22fa1c1e/element HTTP/1.1
User-Agent: appium/8.3.0 (selenium/4.8.3 (java mac))
Content-Length: 64
Content-Type: application/json; charset=utf-8
host: 127.0.0.1:4723
accept: */*

Response DefaultHttpResponse(decodeResult: success, version: HTTP/1.1)
HTTP/1.1 200 OK
X-Powered-By: Express
Vary: X-HTTP-Method-Override
Content-Type: application/json; charset=utf-8
Content-Length: 215
ETag: W/"d7-hLLmI8sXBhj61n8KQz/SSgPhJ+w"
Date: Sun, 06 Apr 2025 13:54:51 GMT
Connection: keep-alive
Keep-Alive: timeout=600

21:54:51.912 [AsyncHttpClient-1-2] DEBUG org.asynchttpclient.netty.channel.ChannelManager -- Adding key: http://127.0.0.1:4723 for channel [id: 0xd850032e, L:/127.0.0.1:49363 - R:/127.0.0.1:4723]
21:54:52.017 [Forwarding findChildElements on session 9d505292-1662-4e03-b7da-959f22fa1c1e to remote] DEBUG org.asynchttpclient.netty.request.NettyRequestSender -- Using pooled Channel '[id: 0xd850032e, L:/127.0.0.1:49363 - R:/127.0.0.1:4723]' for 'POST' to 'http://127.0.0.1:4723/session/9d505292-1662-4e03-b7da-959f22fa1c1e/element/f.09BF641F5805ED6A5007B9E87D61469D.d.777EDFA98D7557D72B5B8D92AD5D4E58.e.377/elements'
21:54:52.017 [Forwarding findChildElements on session 9d505292-1662-4e03-b7da-959f22fa1c1e to remote] DEBUG org.asynchttpclient.netty.request.NettyRequestSender -- Using open Channel [id: 0xd850032e, L:/127.0.0.1:49363 - R:/127.0.0.1:4723] for POST '/session/9d505292-1662-4e03-b7da-959f22fa1c1e/element/f.09BF641F5805ED6A5007B9E87D61469D.d.777EDFA98D7557D72B5B8D92AD5D4E58.e.377/elements'
21:54:52.040 [AsyncHttpClient-1-2] DEBUG org.asynchttpclient.netty.handler.HttpHandler -- 

Request DefaultHttpRequest(decodeResult: success, version: HTTP/1.1)
POST /session/9d505292-1662-4e03-b7da-959f22fa1c1e/element/f.09BF641F5805ED6A5007B9E87D61469D.d.777EDFA98D7557D72B5B8D92AD5D4E58.e.377/elements HTTP/1.1
User-Agent: appium/8.3.0 (selenium/4.8.3 (java mac))
Content-Length: 133
Content-Type: application/json; charset=utf-8
host: 127.0.0.1:4723
accept: */*

Response DefaultHttpResponse(decodeResult: success, version: HTTP/1.1)
HTTP/1.1 200 OK
X-Powered-By: Express
Vary: X-HTTP-Method-Override
Content-Type: application/json; charset=utf-8
Content-Length: 7083
ETag: W/"1bab-jNt+XP1GH432zFR43FjzhicBKVk"
Date: Sun, 06 Apr 2025 13:54:52 GMT
Connection: keep-alive
Keep-Alive: timeout=600

21:54:52.040 [AsyncHttpClient-1-2] DEBUG org.asynchttpclient.netty.channel.ChannelManager -- Adding key: http://127.0.0.1:4723 for channel [id: 0xd850032e, L:/127.0.0.1:49363 - R:/127.0.0.1:4723]
21:54:52.041 [Forwarding getElementText on session 9d505292-1662-4e03-b7da-959f22fa1c1e to remote] DEBUG org.asynchttpclient.netty.request.NettyRequestSender -- Using pooled Channel '[id: 0xd850032e, L:/127.0.0.1:49363 - R:/127.0.0.1:4723]' for 'GET' to 'http://127.0.0.1:4723/session/9d505292-1662-4e03-b7da-959f22fa1c1e/element/f.09BF641F5805ED6A5007B9E87D61469D.d.777EDFA98D7557D72B5B8D92AD5D4E58.e.1009/text'
21:54:52.041 [Forwarding getElementText on session 9d505292-1662-4e03-b7da-959f22fa1c1e to remote] DEBUG org.asynchttpclient.netty.request.NettyRequestSender -- Using open Channel [id: 0xd850032e, L:/127.0.0.1:49363 - R:/127.0.0.1:4723] for GET '/session/9d505292-1662-4e03-b7da-959f22fa1c1e/element/f.09BF641F5805ED6A5007B9E87D61469D.d.777EDFA98D7557D72B5B8D92AD5D4E58.e.1009/text'
21:54:52.062 [AsyncHttpClient-1-2] DEBUG org.asynchttpclient.netty.handler.HttpHandler -- 

Request DefaultFullHttpRequest(decodeResult: success, version: HTTP/1.1, content: EmptyByteBufBE)
GET /session/9d505292-1662-4e03-b7da-959f22fa1c1e/element/f.09BF641F5805ED6A5007B9E87D61469D.d.777EDFA98D7557D72B5B8D92AD5D4E58.e.1009/text HTTP/1.1
Cache-Control: no-cache
User-Agent: appium/8.3.0 (selenium/4.8.3 (java mac))
Content-Type: application/json; charset=utf-8
host: 127.0.0.1:4723
accept: */*

Response DefaultHttpResponse(decodeResult: success, version: HTTP/1.1)
HTTP/1.1 200 OK
X-Powered-By: Express
Content-Type: application/json; charset=utf-8
Content-Length: 27
ETag: W/"1b-WszMrTDLUBhetLFWttbtrso7fzY"
Date: Sun, 06 Apr 2025 13:54:52 GMT
Connection: keep-alive
Keep-Alive: timeout=600

21:54:52.062 [AsyncHttpClient-1-2] DEBUG org.asynchttpclient.netty.channel.ChannelManager -- Adding key: http://127.0.0.1:4723 for channel [id: 0xd850032e, L:/127.0.0.1:49363 - R:/127.0.0.1:4723]
21:54:52.063 [Forwarding getElementText on session 9d505292-1662-4e03-b7da-959f22fa1c1e to remote] DEBUG org.asynchttpclient.netty.request.NettyRequestSender -- Using pooled Channel '[id: 0xd850032e, L:/127.0.0.1:49363 - R:/127.0.0.1:4723]' for 'GET' to 'http://127.0.0.1:4723/session/9d505292-1662-4e03-b7da-959f22fa1c1e/element/f.09BF641F5805ED6A5007B9E87D61469D.d.777EDFA98D7557D72B5B8D92AD5D4E58.e.1011/text'
21:54:52.063 [Forwarding getElementText on session 9d505292-1662-4e03-b7da-959f22fa1c1e to remote] DEBUG org.asynchttpclient.netty.request.NettyRequestSender -- Using open Channel [id: 0xd850032e, L:/127.0.0.1:49363 - R:/127.0.0.1:4723] for GET '/session/9d505292-1662-4e03-b7da-959f22fa1c1e/element/f.09BF641F5805ED6A5007B9E87D61469D.d.777EDFA98D7557D72B5B8D92AD5D4E58.e.1011/text'
21:54:52.082 [AsyncHttpClient-1-2] DEBUG org.asynchttpclient.netty.handler.HttpHandler -- 

Request DefaultFullHttpRequest(decodeResult: success, version: HTTP/1.1, content: EmptyByteBufBE)
GET /session/9d505292-1662-4e03-b7da-959f22fa1c1e/element/f.09BF641F5805ED6A5007B9E87D61469D.d.777EDFA98D7557D72B5B8D92AD5D4E58.e.1011/text HTTP/1.1
Cache-Control: no-cache
User-Agent: appium/8.3.0 (selenium/4.8.3 (java mac))
Content-Type: application/json; charset=utf-8
host: 127.0.0.1:4723
accept: */*

Response DefaultHttpResponse(decodeResult: success, version: HTTP/1.1)
HTTP/1.1 200 OK
X-Powered-By: Express
Content-Type: application/json; charset=utf-8
Content-Length: 21
ETag: W/"15-Islde57/m93BlTb3fKPpdZh1R+8"
Date: Sun, 06 Apr 2025 13:54:52 GMT
Connection: keep-alive
Keep-Alive: timeout=600

21:54:52.082 [AsyncHttpClient-1-2] DEBUG org.asynchttpclient.netty.channel.ChannelManager -- Adding key: http://127.0.0.1:4723 for channel [id: 0xd850032e, L:/127.0.0.1:49363 - R:/127.0.0.1:4723]
21:54:52.082 [Forwarding getElementText on session 9d505292-1662-4e03-b7da-959f22fa1c1e to remote] DEBUG org.asynchttpclient.netty.request.NettyRequestSender -- Using pooled Channel '[id: 0xd850032e, L:/127.0.0.1:49363 - R:/127.0.0.1:4723]' for 'GET' to 'http://127.0.0.1:4723/session/9d505292-1662-4e03-b7da-959f22fa1c1e/element/f.09BF641F5805ED6A5007B9E87D61469D.d.777EDFA98D7557D72B5B8D92AD5D4E58.e.1013/text'
21:54:52.082 [Forwarding getElementText on session 9d505292-1662-4e03-b7da-959f22fa1c1e to remote] DEBUG org.asynchttpclient.netty.request.NettyRequestSender -- Using open Channel [id: 0xd850032e, L:/127.0.0.1:49363 - R:/127.0.0.1:4723] for GET '/session/9d505292-1662-4e03-b7da-959f22fa1c1e/element/f.09BF641F5805ED6A5007B9E87D61469D.d.777EDFA98D7557D72B5B8D92AD5D4E58.e.1013/text'
21:54:52.102 [AsyncHttpClient-1-2] DEBUG org.asynchttpclient.netty.handler.HttpHandler -- 

Request DefaultFullHttpRequest(decodeResult: success, version: HTTP/1.1, content: EmptyByteBufBE)
GET /session/9d505292-1662-4e03-b7da-959f22fa1c1e/element/f.09BF641F5805ED6A5007B9E87D61469D.d.777EDFA98D7557D72B5B8D92AD5D4E58.e.1013/text HTTP/1.1
Cache-Control: no-cache
User-Agent: appium/8.3.0 (selenium/4.8.3 (java mac))
Content-Type: application/json; charset=utf-8
host: 127.0.0.1:4723
accept: */*

Response DefaultHttpResponse(decodeResult: success, version: HTTP/1.1)
HTTP/1.1 200 OK
X-Powered-By: Express
Content-Type: application/json; charset=utf-8
Content-Length: 21
ETag: W/"15-Ptz2OFeQB38kRB4/CfGBMFmVDGI"
Date: Sun, 06 Apr 2025 13:54:52 GMT
Connection: keep-alive
Keep-Alive: timeout=600

21:54:52.102 [AsyncHttpClient-1-2] DEBUG org.asynchttpclient.netty.channel.ChannelManager -- Adding key: http://127.0.0.1:4723 for channel [id: 0xd850032e, L:/127.0.0.1:49363 - R:/127.0.0.1:4723]
21:54:52.103 [Forwarding getElementText on session 9d505292-1662-4e03-b7da-959f22fa1c1e to remote] DEBUG org.asynchttpclient.netty.request.NettyRequestSender -- Using pooled Channel '[id: 0xd850032e, L:/127.0.0.1:49363 - R:/127.0.0.1:4723]' for 'GET' to 'http://127.0.0.1:4723/session/9d505292-1662-4e03-b7da-959f22fa1c1e/element/f.09BF641F5805ED6A5007B9E87D61469D.d.777EDFA98D7557D72B5B8D92AD5D4E58.e.1015/text'
21:54:52.103 [Forwarding getElementText on session 9d505292-1662-4e03-b7da-959f22fa1c1e to remote] DEBUG org.asynchttpclient.netty.request.NettyRequestSender -- Using open Channel [id: 0xd850032e, L:/127.0.0.1:49363 - R:/127.0.0.1:4723] for GET '/session/9d505292-1662-4e03-b7da-959f22fa1c1e/element/f.09BF641F5805ED6A5007B9E87D61469D.d.777EDFA98D7557D72B5B8D92AD5D4E58.e.1015/text'
21:54:52.124 [AsyncHttpClient-1-2] DEBUG org.asynchttpclient.netty.handler.HttpHandler -- 

Request DefaultFullHttpRequest(decodeResult: success, version: HTTP/1.1, content: EmptyByteBufBE)
GET /session/9d505292-1662-4e03-b7da-959f22fa1c1e/element/f.09BF641F5805ED6A5007B9E87D61469D.d.777EDFA98D7557D72B5B8D92AD5D4E58.e.1015/text HTTP/1.1
Cache-Control: no-cache
User-Agent: appium/8.3.0 (selenium/4.8.3 (java mac))
Content-Type: application/json; charset=utf-8
host: 127.0.0.1:4723
accept: */*

Response DefaultHttpResponse(decodeResult: success, version: HTTP/1.1)
HTTP/1.1 200 OK
X-Powered-By: Express
Content-Type: application/json; charset=utf-8
Content-Length: 21
ETag: W/"15-aHVNbmIFvz6BFO96QRvNJsFjyQw"
Date: Sun, 06 Apr 2025 13:54:52 GMT
Connection: keep-alive
Keep-Alive: timeout=600

21:54:52.124 [AsyncHttpClient-1-2] DEBUG org.asynchttpclient.netty.channel.ChannelManager -- Adding key: http://127.0.0.1:4723 for channel [id: 0xd850032e, L:/127.0.0.1:49363 - R:/127.0.0.1:4723]
21:54:52.124 [Forwarding getElementText on session 9d505292-1662-4e03-b7da-959f22fa1c1e to remote] DEBUG org.asynchttpclient.netty.request.NettyRequestSender -- Using pooled Channel '[id: 0xd850032e, L:/127.0.0.1:49363 - R:/127.0.0.1:4723]' for 'GET' to 'http://127.0.0.1:4723/session/9d505292-1662-4e03-b7da-959f22fa1c1e/element/f.09BF641F5805ED6A5007B9E87D61469D.d.777EDFA98D7557D72B5B8D92AD5D4E58.e.1017/text'
21:54:52.124 [Forwarding getElementText on session 9d505292-1662-4e03-b7da-959f22fa1c1e to remote] DEBUG org.asynchttpclient.netty.request.NettyRequestSender -- Using open Channel [id: 0xd850032e, L:/127.0.0.1:49363 - R:/127.0.0.1:4723] for GET '/session/9d505292-1662-4e03-b7da-959f22fa1c1e/element/f.09BF641F5805ED6A5007B9E87D61469D.d.777EDFA98D7557D72B5B8D92AD5D4E58.e.1017/text'
21:54:52.143 [AsyncHttpClient-1-2] DEBUG org.asynchttpclient.netty.handler.HttpHandler -- 

Request DefaultFullHttpRequest(decodeResult: success, version: HTTP/1.1, content: EmptyByteBufBE)
GET /session/9d505292-1662-4e03-b7da-959f22fa1c1e/element/f.09BF641F5805ED6A5007B9E87D61469D.d.777EDFA98D7557D72B5B8D92AD5D4E58.e.1017/text HTTP/1.1
Cache-Control: no-cache
User-Agent: appium/8.3.0 (selenium/4.8.3 (java mac))
Content-Type: application/json; charset=utf-8
host: 127.0.0.1:4723
accept: */*

Response DefaultHttpResponse(decodeResult: success, version: HTTP/1.1)
HTTP/1.1 200 OK
X-Powered-By: Express
Content-Type: application/json; charset=utf-8
Content-Length: 21
ETag: W/"15-wRQoYSL3OOjPviDzlmb9TokyJQU"
Date: Sun, 06 Apr 2025 13:54:52 GMT
Connection: keep-alive
Keep-Alive: timeout=600

21:54:52.143 [AsyncHttpClient-1-2] DEBUG org.asynchttpclient.netty.channel.ChannelManager -- Adding key: http://127.0.0.1:4723 for channel [id: 0xd850032e, L:/127.0.0.1:49363 - R:/127.0.0.1:4723]
21:54:52.144 [Forwarding getElementText on session 9d505292-1662-4e03-b7da-959f22fa1c1e to remote] DEBUG org.asynchttpclient.netty.request.NettyRequestSender -- Using pooled Channel '[id: 0xd850032e, L:/127.0.0.1:49363 - R:/127.0.0.1:4723]' for 'GET' to 'http://127.0.0.1:4723/session/9d505292-1662-4e03-b7da-959f22fa1c1e/element/f.09BF641F5805ED6A5007B9E87D61469D.d.777EDFA98D7557D72B5B8D92AD5D4E58.e.1019/text'
21:54:52.144 [Forwarding getElementText on session 9d505292-1662-4e03-b7da-959f22fa1c1e to remote] DEBUG org.asynchttpclient.netty.request.NettyRequestSender -- Using open Channel [id: 0xd850032e, L:/127.0.0.1:49363 - R:/127.0.0.1:4723] for GET '/session/9d505292-1662-4e03-b7da-959f22fa1c1e/element/f.09BF641F5805ED6A5007B9E87D61469D.d.777EDFA98D7557D72B5B8D92AD5D4E58.e.1019/text'
21:54:52.162 [AsyncHttpClient-1-2] DEBUG org.asynchttpclient.netty.handler.HttpHandler -- 

Request DefaultFullHttpRequest(decodeResult: success, version: HTTP/1.1, content: EmptyByteBufBE)
GET /session/9d505292-1662-4e03-b7da-959f22fa1c1e/element/f.09BF641F5805ED6A5007B9E87D61469D.d.777EDFA98D7557D72B5B8D92AD5D4E58.e.1019/text HTTP/1.1
Cache-Control: no-cache
User-Agent: appium/8.3.0 (selenium/4.8.3 (java mac))
Content-Type: application/json; charset=utf-8
host: 127.0.0.1:4723
accept: */*

Response DefaultHttpResponse(decodeResult: success, version: HTTP/1.1)
HTTP/1.1 200 OK
X-Powered-By: Express
Content-Type: application/json; charset=utf-8
Content-Length: 21
ETag: W/"15-joHkiJK+OjhE3J8V9gFws4DngnQ"
Date: Sun, 06 Apr 2025 13:54:52 GMT
Connection: keep-alive
Keep-Alive: timeout=600

21:54:52.162 [AsyncHttpClient-1-2] DEBUG org.asynchttpclient.netty.channel.ChannelManager -- Adding key: http://127.0.0.1:4723 for channel [id: 0xd850032e, L:/127.0.0.1:49363 - R:/127.0.0.1:4723]
21:54:52.162 [Forwarding getElementText on session 9d505292-1662-4e03-b7da-959f22fa1c1e to remote] DEBUG org.asynchttpclient.netty.request.NettyRequestSender -- Using pooled Channel '[id: 0xd850032e, L:/127.0.0.1:49363 - R:/127.0.0.1:4723]' for 'GET' to 'http://127.0.0.1:4723/session/9d505292-1662-4e03-b7da-959f22fa1c1e/element/f.09BF641F5805ED6A5007B9E87D61469D.d.777EDFA98D7557D72B5B8D92AD5D4E58.e.1021/text'
21:54:52.162 [Forwarding getElementText on session 9d505292-1662-4e03-b7da-959f22fa1c1e to remote] DEBUG org.asynchttpclient.netty.request.NettyRequestSender -- Using open Channel [id: 0xd850032e, L:/127.0.0.1:49363 - R:/127.0.0.1:4723] for GET '/session/9d505292-1662-4e03-b7da-959f22fa1c1e/element/f.09BF641F5805ED6A5007B9E87D61469D.d.777EDFA98D7557D72B5B8D92AD5D4E58.e.1021/text'
21:54:52.180 [AsyncHttpClient-1-2] DEBUG org.asynchttpclient.netty.handler.HttpHandler -- 

Request DefaultFullHttpRequest(decodeResult: success, version: HTTP/1.1, content: EmptyByteBufBE)
GET /session/9d505292-1662-4e03-b7da-959f22fa1c1e/element/f.09BF641F5805ED6A5007B9E87D61469D.d.777EDFA98D7557D72B5B8D92AD5D4E58.e.1021/text HTTP/1.1
Cache-Control: no-cache
User-Agent: appium/8.3.0 (selenium/4.8.3 (java mac))
Content-Type: application/json; charset=utf-8
host: 127.0.0.1:4723
accept: */*

Response DefaultHttpResponse(decodeResult: success, version: HTTP/1.1)
HTTP/1.1 200 OK
X-Powered-By: Express
Content-Type: application/json; charset=utf-8
Content-Length: 21
ETag: W/"15-fjQvVuyMkJ+9Qfro4YyHn/mLR1Y"
Date: Sun, 06 Apr 2025 13:54:52 GMT
Connection: keep-alive
Keep-Alive: timeout=600

21:54:52.180 [AsyncHttpClient-1-2] DEBUG org.asynchttpclient.netty.channel.ChannelManager -- Adding key: http://127.0.0.1:4723 for channel [id: 0xd850032e, L:/127.0.0.1:49363 - R:/127.0.0.1:4723]
21:54:52.181 [Forwarding getElementText on session 9d505292-1662-4e03-b7da-959f22fa1c1e to remote] DEBUG org.asynchttpclient.netty.request.NettyRequestSender -- Using pooled Channel '[id: 0xd850032e, L:/127.0.0.1:49363 - R:/127.0.0.1:4723]' for 'GET' to 'http://127.0.0.1:4723/session/9d505292-1662-4e03-b7da-959f22fa1c1e/element/f.09BF641F5805ED6A5007B9E87D61469D.d.777EDFA98D7557D72B5B8D92AD5D4E58.e.1023/text'
21:54:52.181 [Forwarding getElementText on session 9d505292-1662-4e03-b7da-959f22fa1c1e to remote] DEBUG org.asynchttpclient.netty.request.NettyRequestSender -- Using open Channel [id: 0xd850032e, L:/127.0.0.1:49363 - R:/127.0.0.1:4723] for GET '/session/9d505292-1662-4e03-b7da-959f22fa1c1e/element/f.09BF641F5805ED6A5007B9E87D61469D.d.777EDFA98D7557D72B5B8D92AD5D4E58.e.1023/text'
21:54:52.200 [AsyncHttpClient-1-2] DEBUG org.asynchttpclient.netty.handler.HttpHandler -- 

Request DefaultFullHttpRequest(decodeResult: success, version: HTTP/1.1, content: EmptyByteBufBE)
GET /session/9d505292-1662-4e03-b7da-959f22fa1c1e/element/f.09BF641F5805ED6A5007B9E87D61469D.d.777EDFA98D7557D72B5B8D92AD5D4E58.e.1023/text HTTP/1.1
Cache-Control: no-cache
User-Agent: appium/8.3.0 (selenium/4.8.3 (java mac))
Content-Type: application/json; charset=utf-8
host: 127.0.0.1:4723
accept: */*

Response DefaultHttpResponse(decodeResult: success, version: HTTP/1.1)
HTTP/1.1 200 OK
X-Powered-By: Express
Content-Type: application/json; charset=utf-8
Content-Length: 21
ETag: W/"15-5t6SmFYiieEW/qLL/2pTRcrScPE"
Date: Sun, 06 Apr 2025 13:54:52 GMT
Connection: keep-alive
Keep-Alive: timeout=600

21:54:52.200 [AsyncHttpClient-1-2] DEBUG org.asynchttpclient.netty.channel.ChannelManager -- Adding key: http://127.0.0.1:4723 for channel [id: 0xd850032e, L:/127.0.0.1:49363 - R:/127.0.0.1:4723]
21:54:52.201 [Forwarding getElementText on session 9d505292-1662-4e03-b7da-959f22fa1c1e to remote] DEBUG org.asynchttpclient.netty.request.NettyRequestSender -- Using pooled Channel '[id: 0xd850032e, L:/127.0.0.1:49363 - R:/127.0.0.1:4723]' for 'GET' to 'http://127.0.0.1:4723/session/9d505292-1662-4e03-b7da-959f22fa1c1e/element/f.09BF641F5805ED6A5007B9E87D61469D.d.777EDFA98D7557D72B5B8D92AD5D4E58.e.1025/text'
21:54:52.201 [Forwarding getElementText on session 9d505292-1662-4e03-b7da-959f22fa1c1e to remote] DEBUG org.asynchttpclient.netty.request.NettyRequestSender -- Using open Channel [id: 0xd850032e, L:/127.0.0.1:49363 - R:/127.0.0.1:4723] for GET '/session/9d505292-1662-4e03-b7da-959f22fa1c1e/element/f.09BF641F5805ED6A5007B9E87D61469D.d.777EDFA98D7557D72B5B8D92AD5D4E58.e.1025/text'
21:54:52.228 [AsyncHttpClient-1-2] DEBUG org.asynchttpclient.netty.handler.HttpHandler -- 

Request DefaultFullHttpRequest(decodeResult: success, version: HTTP/1.1, content: EmptyByteBufBE)
GET /session/9d505292-1662-4e03-b7da-959f22fa1c1e/element/f.09BF641F5805ED6A5007B9E87D61469D.d.777EDFA98D7557D72B5B8D92AD5D4E58.e.1025/text HTTP/1.1
Cache-Control: no-cache
User-Agent: appium/8.3.0 (selenium/4.8.3 (java mac))
Content-Type: application/json; charset=utf-8
host: 127.0.0.1:4723
accept: */*

Response DefaultHttpResponse(decodeResult: success, version: HTTP/1.1)
HTTP/1.1 200 OK
X-Powered-By: Express
Content-Type: application/json; charset=utf-8
Content-Length: 21
ETag: W/"15-yBsF+lE6Zj14pKtJN6iZUOYkRYg"
Date: Sun, 06 Apr 2025 13:54:52 GMT
Connection: keep-alive
Keep-Alive: timeout=600

21:54:52.228 [AsyncHttpClient-1-2] DEBUG org.asynchttpclient.netty.channel.ChannelManager -- Adding key: http://127.0.0.1:4723 for channel [id: 0xd850032e, L:/127.0.0.1:49363 - R:/127.0.0.1:4723]
21:54:52.228 [Forwarding getElementText on session 9d505292-1662-4e03-b7da-959f22fa1c1e to remote] DEBUG org.asynchttpclient.netty.request.NettyRequestSender -- Using pooled Channel '[id: 0xd850032e, L:/127.0.0.1:49363 - R:/127.0.0.1:4723]' for 'GET' to 'http://127.0.0.1:4723/session/9d505292-1662-4e03-b7da-959f22fa1c1e/element/f.09BF641F5805ED6A5007B9E87D61469D.d.777EDFA98D7557D72B5B8D92AD5D4E58.e.1027/text'
21:54:52.228 [Forwarding getElementText on session 9d505292-1662-4e03-b7da-959f22fa1c1e to remote] DEBUG org.asynchttpclient.netty.request.NettyRequestSender -- Using open Channel [id: 0xd850032e, L:/127.0.0.1:49363 - R:/127.0.0.1:4723] for GET '/session/9d505292-1662-4e03-b7da-959f22fa1c1e/element/f.09BF641F5805ED6A5007B9E87D61469D.d.777EDFA98D7557D72B5B8D92AD5D4E58.e.1027/text'
21:54:52.246 [AsyncHttpClient-1-2] DEBUG org.asynchttpclient.netty.handler.HttpHandler -- 

Request DefaultFullHttpRequest(decodeResult: success, version: HTTP/1.1, content: EmptyByteBufBE)
GET /session/9d505292-1662-4e03-b7da-959f22fa1c1e/element/f.09BF641F5805ED6A5007B9E87D61469D.d.777EDFA98D7557D72B5B8D92AD5D4E58.e.1027/text HTTP/1.1
Cache-Control: no-cache
User-Agent: appium/8.3.0 (selenium/4.8.3 (java mac))
Content-Type: application/json; charset=utf-8
host: 127.0.0.1:4723
accept: */*

Response DefaultHttpResponse(decodeResult: success, version: HTTP/1.1)
HTTP/1.1 200 OK
X-Powered-By: Express
Content-Type: application/json; charset=utf-8
Content-Length: 21
ETag: W/"15-t0+TukTsC5EDPtX8DMH9i5XEQr4"
Date: Sun, 06 Apr 2025 13:54:52 GMT
Connection: keep-alive
Keep-Alive: timeout=600

21:54:52.246 [AsyncHttpClient-1-2] DEBUG org.asynchttpclient.netty.channel.ChannelManager -- Adding key: http://127.0.0.1:4723 for channel [id: 0xd850032e, L:/127.0.0.1:49363 - R:/127.0.0.1:4723]
21:54:52.247 [Forwarding getElementText on session 9d505292-1662-4e03-b7da-959f22fa1c1e to remote] DEBUG org.asynchttpclient.netty.request.NettyRequestSender -- Using pooled Channel '[id: 0xd850032e, L:/127.0.0.1:49363 - R:/127.0.0.1:4723]' for 'GET' to 'http://127.0.0.1:4723/session/9d505292-1662-4e03-b7da-959f22fa1c1e/element/f.09BF641F5805ED6A5007B9E87D61469D.d.777EDFA98D7557D72B5B8D92AD5D4E58.e.1029/text'
21:54:52.247 [Forwarding getElementText on session 9d505292-1662-4e03-b7da-959f22fa1c1e to remote] DEBUG org.asynchttpclient.netty.request.NettyRequestSender -- Using open Channel [id: 0xd850032e, L:/127.0.0.1:49363 - R:/127.0.0.1:4723] for GET '/session/9d505292-1662-4e03-b7da-959f22fa1c1e/element/f.09BF641F5805ED6A5007B9E87D61469D.d.777EDFA98D7557D72B5B8D92AD5D4E58.e.1029/text'
21:54:52.268 [AsyncHttpClient-1-2] DEBUG org.asynchttpclient.netty.handler.HttpHandler -- 

Request DefaultFullHttpRequest(decodeResult: success, version: HTTP/1.1, content: EmptyByteBufBE)
GET /session/9d505292-1662-4e03-b7da-959f22fa1c1e/element/f.09BF641F5805ED6A5007B9E87D61469D.d.777EDFA98D7557D72B5B8D92AD5D4E58.e.1029/text HTTP/1.1
Cache-Control: no-cache
User-Agent: appium/8.3.0 (selenium/4.8.3 (java mac))
Content-Type: application/json; charset=utf-8
host: 127.0.0.1:4723
accept: */*

Response DefaultHttpResponse(decodeResult: success, version: HTTP/1.1)
HTTP/1.1 200 OK
X-Powered-By: Express
Content-Type: application/json; charset=utf-8
Content-Length: 21
ETag: W/"15-5y4GQWuzCkOBzDkWQKRLBQzEXk8"
Date: Sun, 06 Apr 2025 13:54:52 GMT
Connection: keep-alive
Keep-Alive: timeout=600

21:54:52.268 [AsyncHttpClient-1-2] DEBUG org.asynchttpclient.netty.channel.ChannelManager -- Adding key: http://127.0.0.1:4723 for channel [id: 0xd850032e, L:/127.0.0.1:49363 - R:/127.0.0.1:4723]
21:54:52.268 [Forwarding getElementText on session 9d505292-1662-4e03-b7da-959f22fa1c1e to remote] DEBUG org.asynchttpclient.netty.request.NettyRequestSender -- Using pooled Channel '[id: 0xd850032e, L:/127.0.0.1:49363 - R:/127.0.0.1:4723]' for 'GET' to 'http://127.0.0.1:4723/session/9d505292-1662-4e03-b7da-959f22fa1c1e/element/f.09BF641F5805ED6A5007B9E87D61469D.d.777EDFA98D7557D72B5B8D92AD5D4E58.e.1031/text'
21:54:52.268 [Forwarding getElementText on session 9d505292-1662-4e03-b7da-959f22fa1c1e to remote] DEBUG org.asynchttpclient.netty.request.NettyRequestSender -- Using open Channel [id: 0xd850032e, L:/127.0.0.1:49363 - R:/127.0.0.1:4723] for GET '/session/9d505292-1662-4e03-b7da-959f22fa1c1e/element/f.09BF641F5805ED6A5007B9E87D61469D.d.777EDFA98D7557D72B5B8D92AD5D4E58.e.1031/text'
21:54:52.284 [AsyncHttpClient-1-2] DEBUG org.asynchttpclient.netty.handler.HttpHandler -- 

Request DefaultFullHttpRequest(decodeResult: success, version: HTTP/1.1, content: EmptyByteBufBE)
GET /session/9d505292-1662-4e03-b7da-959f22fa1c1e/element/f.09BF641F5805ED6A5007B9E87D61469D.d.777EDFA98D7557D72B5B8D92AD5D4E58.e.1031/text HTTP/1.1
Cache-Control: no-cache
User-Agent: appium/8.3.0 (selenium/4.8.3 (java mac))
Content-Type: application/json; charset=utf-8
host: 127.0.0.1:4723
accept: */*

Response DefaultHttpResponse(decodeResult: success, version: HTTP/1.1)
HTTP/1.1 200 OK
X-Powered-By: Express
Content-Type: application/json; charset=utf-8
Content-Length: 21
ETag: W/"15-LG+5MtavbykKVcJeNqbKL5Gtsxs"
Date: Sun, 06 Apr 2025 13:54:52 GMT
Connection: keep-alive
Keep-Alive: timeout=600

21:54:52.285 [AsyncHttpClient-1-2] DEBUG org.asynchttpclient.netty.channel.ChannelManager -- Adding key: http://127.0.0.1:4723 for channel [id: 0xd850032e, L:/127.0.0.1:49363 - R:/127.0.0.1:4723]
21:54:52.285 [Forwarding getElementText on session 9d505292-1662-4e03-b7da-959f22fa1c1e to remote] DEBUG org.asynchttpclient.netty.request.NettyRequestSender -- Using pooled Channel '[id: 0xd850032e, L:/127.0.0.1:49363 - R:/127.0.0.1:4723]' for 'GET' to 'http://127.0.0.1:4723/session/9d505292-1662-4e03-b7da-959f22fa1c1e/element/f.09BF641F5805ED6A5007B9E87D61469D.d.777EDFA98D7557D72B5B8D92AD5D4E58.e.1033/text'
21:54:52.285 [Forwarding getElementText on session 9d505292-1662-4e03-b7da-959f22fa1c1e to remote] DEBUG org.asynchttpclient.netty.request.NettyRequestSender -- Using open Channel [id: 0xd850032e, L:/127.0.0.1:49363 - R:/127.0.0.1:4723] for GET '/session/9d505292-1662-4e03-b7da-959f22fa1c1e/element/f.09BF641F5805ED6A5007B9E87D61469D.d.777EDFA98D7557D72B5B8D92AD5D4E58.e.1033/text'
21:54:52.305 [AsyncHttpClient-1-2] DEBUG org.asynchttpclient.netty.handler.HttpHandler -- 

Request DefaultFullHttpRequest(decodeResult: success, version: HTTP/1.1, content: EmptyByteBufBE)
GET /session/9d505292-1662-4e03-b7da-959f22fa1c1e/element/f.09BF641F5805ED6A5007B9E87D61469D.d.777EDFA98D7557D72B5B8D92AD5D4E58.e.1033/text HTTP/1.1
Cache-Control: no-cache
User-Agent: appium/8.3.0 (selenium/4.8.3 (java mac))
Content-Type: application/json; charset=utf-8
host: 127.0.0.1:4723
accept: */*

Response DefaultHttpResponse(decodeResult: success, version: HTTP/1.1)
HTTP/1.1 200 OK
X-Powered-By: Express
Content-Type: application/json; charset=utf-8
Content-Length: 21
ETag: W/"15-VpAqcHt0TkHwSLrtnrYIH3VCrvM"
Date: Sun, 06 Apr 2025 13:54:52 GMT
Connection: keep-alive
Keep-Alive: timeout=600

21:54:52.305 [AsyncHttpClient-1-2] DEBUG org.asynchttpclient.netty.channel.ChannelManager -- Adding key: http://127.0.0.1:4723 for channel [id: 0xd850032e, L:/127.0.0.1:49363 - R:/127.0.0.1:4723]
21:54:52.306 [Forwarding getElementText on session 9d505292-1662-4e03-b7da-959f22fa1c1e to remote] DEBUG org.asynchttpclient.netty.request.NettyRequestSender -- Using pooled Channel '[id: 0xd850032e, L:/127.0.0.1:49363 - R:/127.0.0.1:4723]' for 'GET' to 'http://127.0.0.1:4723/session/9d505292-1662-4e03-b7da-959f22fa1c1e/element/f.09BF641F5805ED6A5007B9E87D61469D.d.777EDFA98D7557D72B5B8D92AD5D4E58.e.1035/text'
21:54:52.306 [Forwarding getElementText on session 9d505292-1662-4e03-b7da-959f22fa1c1e to remote] DEBUG org.asynchttpclient.netty.request.NettyRequestSender -- Using open Channel [id: 0xd850032e, L:/127.0.0.1:49363 - R:/127.0.0.1:4723] for GET '/session/9d505292-1662-4e03-b7da-959f22fa1c1e/element/f.09BF641F5805ED6A5007B9E87D61469D.d.777EDFA98D7557D72B5B8D92AD5D4E58.e.1035/text'
21:54:52.324 [AsyncHttpClient-1-2] DEBUG org.asynchttpclient.netty.handler.HttpHandler -- 

Request DefaultFullHttpRequest(decodeResult: success, version: HTTP/1.1, content: EmptyByteBufBE)
GET /session/9d505292-1662-4e03-b7da-959f22fa1c1e/element/f.09BF641F5805ED6A5007B9E87D61469D.d.777EDFA98D7557D72B5B8D92AD5D4E58.e.1035/text HTTP/1.1
Cache-Control: no-cache
User-Agent: appium/8.3.0 (selenium/4.8.3 (java mac))
Content-Type: application/json; charset=utf-8
host: 127.0.0.1:4723
accept: */*

Response DefaultHttpResponse(decodeResult: success, version: HTTP/1.1)
HTTP/1.1 200 OK
X-Powered-By: Express
Content-Type: application/json; charset=utf-8
Content-Length: 21
ETag: W/"15-oqOQICU2FaTQNnUMpaVTaMIuMEc"
Date: Sun, 06 Apr 2025 13:54:52 GMT
Connection: keep-alive
Keep-Alive: timeout=600

21:54:52.325 [AsyncHttpClient-1-2] DEBUG org.asynchttpclient.netty.channel.ChannelManager -- Adding key: http://127.0.0.1:4723 for channel [id: 0xd850032e, L:/127.0.0.1:49363 - R:/127.0.0.1:4723]
21:54:52.325 [Forwarding getElementText on session 9d505292-1662-4e03-b7da-959f22fa1c1e to remote] DEBUG org.asynchttpclient.netty.request.NettyRequestSender -- Using pooled Channel '[id: 0xd850032e, L:/127.0.0.1:49363 - R:/127.0.0.1:4723]' for 'GET' to 'http://127.0.0.1:4723/session/9d505292-1662-4e03-b7da-959f22fa1c1e/element/f.09BF641F5805ED6A5007B9E87D61469D.d.777EDFA98D7557D72B5B8D92AD5D4E58.e.1037/text'
21:54:52.325 [Forwarding getElementText on session 9d505292-1662-4e03-b7da-959f22fa1c1e to remote] DEBUG org.asynchttpclient.netty.request.NettyRequestSender -- Using open Channel [id: 0xd850032e, L:/127.0.0.1:49363 - R:/127.0.0.1:4723] for GET '/session/9d505292-1662-4e03-b7da-959f22fa1c1e/element/f.09BF641F5805ED6A5007B9E87D61469D.d.777EDFA98D7557D72B5B8D92AD5D4E58.e.1037/text'
21:54:52.344 [AsyncHttpClient-1-2] DEBUG org.asynchttpclient.netty.handler.HttpHandler -- 

Request DefaultFullHttpRequest(decodeResult: success, version: HTTP/1.1, content: EmptyByteBufBE)
GET /session/9d505292-1662-4e03-b7da-959f22fa1c1e/element/f.09BF641F5805ED6A5007B9E87D61469D.d.777EDFA98D7557D72B5B8D92AD5D4E58.e.1037/text HTTP/1.1
Cache-Control: no-cache
User-Agent: appium/8.3.0 (selenium/4.8.3 (java mac))
Content-Type: application/json; charset=utf-8
host: 127.0.0.1:4723
accept: */*

Response DefaultHttpResponse(decodeResult: success, version: HTTP/1.1)
HTTP/1.1 200 OK
X-Powered-By: Express
Content-Type: application/json; charset=utf-8
Content-Length: 21
ETag: W/"15-SwuJO+rboOhBH83dxUvcnlFg/rY"
Date: Sun, 06 Apr 2025 13:54:52 GMT
Connection: keep-alive
Keep-Alive: timeout=600

21:54:52.345 [AsyncHttpClient-1-2] DEBUG org.asynchttpclient.netty.channel.ChannelManager -- Adding key: http://127.0.0.1:4723 for channel [id: 0xd850032e, L:/127.0.0.1:49363 - R:/127.0.0.1:4723]
21:54:52.345 [Forwarding getElementText on session 9d505292-1662-4e03-b7da-959f22fa1c1e to remote] DEBUG org.asynchttpclient.netty.request.NettyRequestSender -- Using pooled Channel '[id: 0xd850032e, L:/127.0.0.1:49363 - R:/127.0.0.1:4723]' for 'GET' to 'http://127.0.0.1:4723/session/9d505292-1662-4e03-b7da-959f22fa1c1e/element/f.09BF641F5805ED6A5007B9E87D61469D.d.777EDFA98D7557D72B5B8D92AD5D4E58.e.1039/text'
21:54:52.345 [Forwarding getElementText on session 9d505292-1662-4e03-b7da-959f22fa1c1e to remote] DEBUG org.asynchttpclient.netty.request.NettyRequestSender -- Using open Channel [id: 0xd850032e, L:/127.0.0.1:49363 - R:/127.0.0.1:4723] for GET '/session/9d505292-1662-4e03-b7da-959f22fa1c1e/element/f.09BF641F5805ED6A5007B9E87D61469D.d.777EDFA98D7557D72B5B8D92AD5D4E58.e.1039/text'
21:54:52.362 [AsyncHttpClient-1-2] DEBUG org.asynchttpclient.netty.handler.HttpHandler -- 

Request DefaultFullHttpRequest(decodeResult: success, version: HTTP/1.1, content: EmptyByteBufBE)
GET /session/9d505292-1662-4e03-b7da-959f22fa1c1e/element/f.09BF641F5805ED6A5007B9E87D61469D.d.777EDFA98D7557D72B5B8D92AD5D4E58.e.1039/text HTTP/1.1
Cache-Control: no-cache
User-Agent: appium/8.3.0 (selenium/4.8.3 (java mac))
Content-Type: application/json; charset=utf-8
host: 127.0.0.1:4723
accept: */*

Response DefaultHttpResponse(decodeResult: success, version: HTTP/1.1)
HTTP/1.1 200 OK
X-Powered-By: Express
Content-Type: application/json; charset=utf-8
Content-Length: 21
ETag: W/"15-YJ7XrItNHAPz2otsmUAGTSsCFUU"
Date: Sun, 06 Apr 2025 13:54:52 GMT
Connection: keep-alive
Keep-Alive: timeout=600

21:54:52.362 [AsyncHttpClient-1-2] DEBUG org.asynchttpclient.netty.channel.ChannelManager -- Adding key: http://127.0.0.1:4723 for channel [id: 0xd850032e, L:/127.0.0.1:49363 - R:/127.0.0.1:4723]
21:54:52.362 [Forwarding getElementText on session 9d505292-1662-4e03-b7da-959f22fa1c1e to remote] DEBUG org.asynchttpclient.netty.request.NettyRequestSender -- Using pooled Channel '[id: 0xd850032e, L:/127.0.0.1:49363 - R:/127.0.0.1:4723]' for 'GET' to 'http://127.0.0.1:4723/session/9d505292-1662-4e03-b7da-959f22fa1c1e/element/f.09BF641F5805ED6A5007B9E87D61469D.d.777EDFA98D7557D72B5B8D92AD5D4E58.e.1041/text'
21:54:52.362 [Forwarding getElementText on session 9d505292-1662-4e03-b7da-959f22fa1c1e to remote] DEBUG org.asynchttpclient.netty.request.NettyRequestSender -- Using open Channel [id: 0xd850032e, L:/127.0.0.1:49363 - R:/127.0.0.1:4723] for GET '/session/9d505292-1662-4e03-b7da-959f22fa1c1e/element/f.09BF641F5805ED6A5007B9E87D61469D.d.777EDFA98D7557D72B5B8D92AD5D4E58.e.1041/text'
21:54:52.379 [AsyncHttpClient-1-2] DEBUG org.asynchttpclient.netty.handler.HttpHandler -- 

Request DefaultFullHttpRequest(decodeResult: success, version: HTTP/1.1, content: EmptyByteBufBE)
GET /session/9d505292-1662-4e03-b7da-959f22fa1c1e/element/f.09BF641F5805ED6A5007B9E87D61469D.d.777EDFA98D7557D72B5B8D92AD5D4E58.e.1041/text HTTP/1.1
Cache-Control: no-cache
User-Agent: appium/8.3.0 (selenium/4.8.3 (java mac))
Content-Type: application/json; charset=utf-8
host: 127.0.0.1:4723
accept: */*

Response DefaultHttpResponse(decodeResult: success, version: HTTP/1.1)
HTTP/1.1 200 OK
X-Powered-By: Express
Content-Type: application/json; charset=utf-8
Content-Length: 21
ETag: W/"15-wmX5lGSTremwBcZSFjNhMKg4MHk"
Date: Sun, 06 Apr 2025 13:54:52 GMT
Connection: keep-alive
Keep-Alive: timeout=600

21:54:52.379 [AsyncHttpClient-1-2] DEBUG org.asynchttpclient.netty.channel.ChannelManager -- Adding key: http://127.0.0.1:4723 for channel [id: 0xd850032e, L:/127.0.0.1:49363 - R:/127.0.0.1:4723]
21:54:52.380 [Forwarding getElementText on session 9d505292-1662-4e03-b7da-959f22fa1c1e to remote] DEBUG org.asynchttpclient.netty.request.NettyRequestSender -- Using pooled Channel '[id: 0xd850032e, L:/127.0.0.1:49363 - R:/127.0.0.1:4723]' for 'GET' to 'http://127.0.0.1:4723/session/9d505292-1662-4e03-b7da-959f22fa1c1e/element/f.09BF641F5805ED6A5007B9E87D61469D.d.777EDFA98D7557D72B5B8D92AD5D4E58.e.1043/text'
21:54:52.380 [Forwarding getElementText on session 9d505292-1662-4e03-b7da-959f22fa1c1e to remote] DEBUG org.asynchttpclient.netty.request.NettyRequestSender -- Using open Channel [id: 0xd850032e, L:/127.0.0.1:49363 - R:/127.0.0.1:4723] for GET '/session/9d505292-1662-4e03-b7da-959f22fa1c1e/element/f.09BF641F5805ED6A5007B9E87D61469D.d.777EDFA98D7557D72B5B8D92AD5D4E58.e.1043/text'
21:54:52.399 [AsyncHttpClient-1-2] DEBUG org.asynchttpclient.netty.handler.HttpHandler -- 

Request DefaultFullHttpRequest(decodeResult: success, version: HTTP/1.1, content: EmptyByteBufBE)
GET /session/9d505292-1662-4e03-b7da-959f22fa1c1e/element/f.09BF641F5805ED6A5007B9E87D61469D.d.777EDFA98D7557D72B5B8D92AD5D4E58.e.1043/text HTTP/1.1
Cache-Control: no-cache
User-Agent: appium/8.3.0 (selenium/4.8.3 (java mac))
Content-Type: application/json; charset=utf-8
host: 127.0.0.1:4723
accept: */*

Response DefaultHttpResponse(decodeResult: success, version: HTTP/1.1)
HTTP/1.1 200 OK
X-Powered-By: Express
Content-Type: application/json; charset=utf-8
Content-Length: 21
ETag: W/"15-Ih1ofCQYoGj+So0xh0QQ3zfC8Dg"
Date: Sun, 06 Apr 2025 13:54:52 GMT
Connection: keep-alive
Keep-Alive: timeout=600

21:54:52.399 [AsyncHttpClient-1-2] DEBUG org.asynchttpclient.netty.channel.ChannelManager -- Adding key: http://127.0.0.1:4723 for channel [id: 0xd850032e, L:/127.0.0.1:49363 - R:/127.0.0.1:4723]
21:54:52.399 [Forwarding getElementText on session 9d505292-1662-4e03-b7da-959f22fa1c1e to remote] DEBUG org.asynchttpclient.netty.request.NettyRequestSender -- Using pooled Channel '[id: 0xd850032e, L:/127.0.0.1:49363 - R:/127.0.0.1:4723]' for 'GET' to 'http://127.0.0.1:4723/session/9d505292-1662-4e03-b7da-959f22fa1c1e/element/f.09BF641F5805ED6A5007B9E87D61469D.d.777EDFA98D7557D72B5B8D92AD5D4E58.e.1045/text'
21:54:52.399 [Forwarding getElementText on session 9d505292-1662-4e03-b7da-959f22fa1c1e to remote] DEBUG org.asynchttpclient.netty.request.NettyRequestSender -- Using open Channel [id: 0xd850032e, L:/127.0.0.1:49363 - R:/127.0.0.1:4723] for GET '/session/9d505292-1662-4e03-b7da-959f22fa1c1e/element/f.09BF641F5805ED6A5007B9E87D61469D.d.777EDFA98D7557D72B5B8D92AD5D4E58.e.1045/text'
21:54:52.416 [AsyncHttpClient-1-2] DEBUG org.asynchttpclient.netty.handler.HttpHandler -- 

Request DefaultFullHttpRequest(decodeResult: success, version: HTTP/1.1, content: EmptyByteBufBE)
GET /session/9d505292-1662-4e03-b7da-959f22fa1c1e/element/f.09BF641F5805ED6A5007B9E87D61469D.d.777EDFA98D7557D72B5B8D92AD5D4E58.e.1045/text HTTP/1.1
Cache-Control: no-cache
User-Agent: appium/8.3.0 (selenium/4.8.3 (java mac))
Content-Type: application/json; charset=utf-8
host: 127.0.0.1:4723
accept: */*

Response DefaultHttpResponse(decodeResult: success, version: HTTP/1.1)
HTTP/1.1 200 OK
X-Powered-By: Express
Content-Type: application/json; charset=utf-8
Content-Length: 21
ETag: W/"15-Wb81wpmL6WnKfTkTDh4mXyVlPgY"
Date: Sun, 06 Apr 2025 13:54:52 GMT
Connection: keep-alive
Keep-Alive: timeout=600

21:54:52.416 [AsyncHttpClient-1-2] DEBUG org.asynchttpclient.netty.channel.ChannelManager -- Adding key: http://127.0.0.1:4723 for channel [id: 0xd850032e, L:/127.0.0.1:49363 - R:/127.0.0.1:4723]
21:54:52.416 [Forwarding getElementText on session 9d505292-1662-4e03-b7da-959f22fa1c1e to remote] DEBUG org.asynchttpclient.netty.request.NettyRequestSender -- Using pooled Channel '[id: 0xd850032e, L:/127.0.0.1:49363 - R:/127.0.0.1:4723]' for 'GET' to 'http://127.0.0.1:4723/session/9d505292-1662-4e03-b7da-959f22fa1c1e/element/f.09BF641F5805ED6A5007B9E87D61469D.d.777EDFA98D7557D72B5B8D92AD5D4E58.e.1047/text'
21:54:52.416 [Forwarding getElementText on session 9d505292-1662-4e03-b7da-959f22fa1c1e to remote] DEBUG org.asynchttpclient.netty.request.NettyRequestSender -- Using open Channel [id: 0xd850032e, L:/127.0.0.1:49363 - R:/127.0.0.1:4723] for GET '/session/9d505292-1662-4e03-b7da-959f22fa1c1e/element/f.09BF641F5805ED6A5007B9E87D61469D.d.777EDFA98D7557D72B5B8D92AD5D4E58.e.1047/text'
21:54:52.434 [AsyncHttpClient-1-2] DEBUG org.asynchttpclient.netty.handler.HttpHandler -- 

Request DefaultFullHttpRequest(decodeResult: success, version: HTTP/1.1, content: EmptyByteBufBE)
GET /session/9d505292-1662-4e03-b7da-959f22fa1c1e/element/f.09BF641F5805ED6A5007B9E87D61469D.d.777EDFA98D7557D72B5B8D92AD5D4E58.e.1047/text HTTP/1.1
Cache-Control: no-cache
User-Agent: appium/8.3.0 (selenium/4.8.3 (java mac))
Content-Type: application/json; charset=utf-8
host: 127.0.0.1:4723
accept: */*

Response DefaultHttpResponse(decodeResult: success, version: HTTP/1.1)
HTTP/1.1 200 OK
X-Powered-By: Express
Content-Type: application/json; charset=utf-8
Content-Length: 21
ETag: W/"15-RVAY4YGDPebj7Us6TRzH+0uRjj8"
Date: Sun, 06 Apr 2025 13:54:52 GMT
Connection: keep-alive
Keep-Alive: timeout=600

21:54:52.434 [AsyncHttpClient-1-2] DEBUG org.asynchttpclient.netty.channel.ChannelManager -- Adding key: http://127.0.0.1:4723 for channel [id: 0xd850032e, L:/127.0.0.1:49363 - R:/127.0.0.1:4723]
21:54:52.434 [Forwarding getElementText on session 9d505292-1662-4e03-b7da-959f22fa1c1e to remote] DEBUG org.asynchttpclient.netty.request.NettyRequestSender -- Using pooled Channel '[id: 0xd850032e, L:/127.0.0.1:49363 - R:/127.0.0.1:4723]' for 'GET' to 'http://127.0.0.1:4723/session/9d505292-1662-4e03-b7da-959f22fa1c1e/element/f.09BF641F5805ED6A5007B9E87D61469D.d.777EDFA98D7557D72B5B8D92AD5D4E58.e.1049/text'
21:54:52.434 [Forwarding getElementText on session 9d505292-1662-4e03-b7da-959f22fa1c1e to remote] DEBUG org.asynchttpclient.netty.request.NettyRequestSender -- Using open Channel [id: 0xd850032e, L:/127.0.0.1:49363 - R:/127.0.0.1:4723] for GET '/session/9d505292-1662-4e03-b7da-959f22fa1c1e/element/f.09BF641F5805ED6A5007B9E87D61469D.d.777EDFA98D7557D72B5B8D92AD5D4E58.e.1049/text'
21:54:52.452 [AsyncHttpClient-1-2] DEBUG org.asynchttpclient.netty.handler.HttpHandler -- 

Request DefaultFullHttpRequest(decodeResult: success, version: HTTP/1.1, content: EmptyByteBufBE)
GET /session/9d505292-1662-4e03-b7da-959f22fa1c1e/element/f.09BF641F5805ED6A5007B9E87D61469D.d.777EDFA98D7557D72B5B8D92AD5D4E58.e.1049/text HTTP/1.1
Cache-Control: no-cache
User-Agent: appium/8.3.0 (selenium/4.8.3 (java mac))
Content-Type: application/json; charset=utf-8
host: 127.0.0.1:4723
accept: */*

Response DefaultHttpResponse(decodeResult: success, version: HTTP/1.1)
HTTP/1.1 200 OK
X-Powered-By: Express
Content-Type: application/json; charset=utf-8
Content-Length: 21
ETag: W/"15-T78og0N7+XJjuqfKdscsOipycvs"
Date: Sun, 06 Apr 2025 13:54:52 GMT
Connection: keep-alive
Keep-Alive: timeout=600

21:54:52.452 [AsyncHttpClient-1-2] DEBUG org.asynchttpclient.netty.channel.ChannelManager -- Adding key: http://127.0.0.1:4723 for channel [id: 0xd850032e, L:/127.0.0.1:49363 - R:/127.0.0.1:4723]
21:54:52.453 [Forwarding getElementText on session 9d505292-1662-4e03-b7da-959f22fa1c1e to remote] DEBUG org.asynchttpclient.netty.request.NettyRequestSender -- Using pooled Channel '[id: 0xd850032e, L:/127.0.0.1:49363 - R:/127.0.0.1:4723]' for 'GET' to 'http://127.0.0.1:4723/session/9d505292-1662-4e03-b7da-959f22fa1c1e/element/f.09BF641F5805ED6A5007B9E87D61469D.d.777EDFA98D7557D72B5B8D92AD5D4E58.e.1051/text'
21:54:52.453 [Forwarding getElementText on session 9d505292-1662-4e03-b7da-959f22fa1c1e to remote] DEBUG org.asynchttpclient.netty.request.NettyRequestSender -- Using open Channel [id: 0xd850032e, L:/127.0.0.1:49363 - R:/127.0.0.1:4723] for GET '/session/9d505292-1662-4e03-b7da-959f22fa1c1e/element/f.09BF641F5805ED6A5007B9E87D61469D.d.777EDFA98D7557D72B5B8D92AD5D4E58.e.1051/text'
21:54:52.476 [AsyncHttpClient-1-2] DEBUG org.asynchttpclient.netty.handler.HttpHandler -- 

Request DefaultFullHttpRequest(decodeResult: success, version: HTTP/1.1, content: EmptyByteBufBE)
GET /session/9d505292-1662-4e03-b7da-959f22fa1c1e/element/f.09BF641F5805ED6A5007B9E87D61469D.d.777EDFA98D7557D72B5B8D92AD5D4E58.e.1051/text HTTP/1.1
Cache-Control: no-cache
User-Agent: appium/8.3.0 (selenium/4.8.3 (java mac))
Content-Type: application/json; charset=utf-8
host: 127.0.0.1:4723
accept: */*

Response DefaultHttpResponse(decodeResult: success, version: HTTP/1.1)
HTTP/1.1 200 OK
X-Powered-By: Express
Content-Type: application/json; charset=utf-8
Content-Length: 21
ETag: W/"15-H7KR02JzHAuCg+6zU1kBZ/ryJ44"
Date: Sun, 06 Apr 2025 13:54:52 GMT
Connection: keep-alive
Keep-Alive: timeout=600

21:54:52.477 [AsyncHttpClient-1-2] DEBUG org.asynchttpclient.netty.channel.ChannelManager -- Adding key: http://127.0.0.1:4723 for channel [id: 0xd850032e, L:/127.0.0.1:49363 - R:/127.0.0.1:4723]
21:54:52.477 [Forwarding getElementText on session 9d505292-1662-4e03-b7da-959f22fa1c1e to remote] DEBUG org.asynchttpclient.netty.request.NettyRequestSender -- Using pooled Channel '[id: 0xd850032e, L:/127.0.0.1:49363 - R:/127.0.0.1:4723]' for 'GET' to 'http://127.0.0.1:4723/session/9d505292-1662-4e03-b7da-959f22fa1c1e/element/f.09BF641F5805ED6A5007B9E87D61469D.d.777EDFA98D7557D72B5B8D92AD5D4E58.e.1053/text'
21:54:52.477 [Forwarding getElementText on session 9d505292-1662-4e03-b7da-959f22fa1c1e to remote] DEBUG org.asynchttpclient.netty.request.NettyRequestSender -- Using open Channel [id: 0xd850032e, L:/127.0.0.1:49363 - R:/127.0.0.1:4723] for GET '/session/9d505292-1662-4e03-b7da-959f22fa1c1e/element/f.09BF641F5805ED6A5007B9E87D61469D.d.777EDFA98D7557D72B5B8D92AD5D4E58.e.1053/text'
21:54:52.500 [AsyncHttpClient-1-2] DEBUG org.asynchttpclient.netty.handler.HttpHandler -- 

Request DefaultFullHttpRequest(decodeResult: success, version: HTTP/1.1, content: EmptyByteBufBE)
GET /session/9d505292-1662-4e03-b7da-959f22fa1c1e/element/f.09BF641F5805ED6A5007B9E87D61469D.d.777EDFA98D7557D72B5B8D92AD5D4E58.e.1053/text HTTP/1.1
Cache-Control: no-cache
User-Agent: appium/8.3.0 (selenium/4.8.3 (java mac))
Content-Type: application/json; charset=utf-8
host: 127.0.0.1:4723
accept: */*

Response DefaultHttpResponse(decodeResult: success, version: HTTP/1.1)
HTTP/1.1 200 OK
X-Powered-By: Express
Content-Type: application/json; charset=utf-8
Content-Length: 21
ETag: W/"15-r2U+5vF2GkHEZUz9kfwMnO1RAJM"
Date: Sun, 06 Apr 2025 13:54:52 GMT
Connection: keep-alive
Keep-Alive: timeout=600

21:54:52.500 [AsyncHttpClient-1-2] DEBUG org.asynchttpclient.netty.channel.ChannelManager -- Adding key: http://127.0.0.1:4723 for channel [id: 0xd850032e, L:/127.0.0.1:49363 - R:/127.0.0.1:4723]
21:54:52.500 [Forwarding getElementText on session 9d505292-1662-4e03-b7da-959f22fa1c1e to remote] DEBUG org.asynchttpclient.netty.request.NettyRequestSender -- Using pooled Channel '[id: 0xd850032e, L:/127.0.0.1:49363 - R:/127.0.0.1:4723]' for 'GET' to 'http://127.0.0.1:4723/session/9d505292-1662-4e03-b7da-959f22fa1c1e/element/f.09BF641F5805ED6A5007B9E87D61469D.d.777EDFA98D7557D72B5B8D92AD5D4E58.e.1055/text'
21:54:52.500 [Forwarding getElementText on session 9d505292-1662-4e03-b7da-959f22fa1c1e to remote] DEBUG org.asynchttpclient.netty.request.NettyRequestSender -- Using open Channel [id: 0xd850032e, L:/127.0.0.1:49363 - R:/127.0.0.1:4723] for GET '/session/9d505292-1662-4e03-b7da-959f22fa1c1e/element/f.09BF641F5805ED6A5007B9E87D61469D.d.777EDFA98D7557D72B5B8D92AD5D4E58.e.1055/text'
21:54:52.522 [AsyncHttpClient-1-2] DEBUG org.asynchttpclient.netty.handler.HttpHandler -- 

Request DefaultFullHttpRequest(decodeResult: success, version: HTTP/1.1, content: EmptyByteBufBE)
GET /session/9d505292-1662-4e03-b7da-959f22fa1c1e/element/f.09BF641F5805ED6A5007B9E87D61469D.d.777EDFA98D7557D72B5B8D92AD5D4E58.e.1055/text HTTP/1.1
Cache-Control: no-cache
User-Agent: appium/8.3.0 (selenium/4.8.3 (java mac))
Content-Type: application/json; charset=utf-8
host: 127.0.0.1:4723
accept: */*

Response DefaultHttpResponse(decodeResult: success, version: HTTP/1.1)
HTTP/1.1 200 OK
X-Powered-By: Express
Content-Type: application/json; charset=utf-8
Content-Length: 21
ETag: W/"15-zVtB4fxE95fS7CQq4wUeNXkCZB4"
Date: Sun, 06 Apr 2025 13:54:52 GMT
Connection: keep-alive
Keep-Alive: timeout=600

21:54:52.522 [AsyncHttpClient-1-2] DEBUG org.asynchttpclient.netty.channel.ChannelManager -- Adding key: http://127.0.0.1:4723 for channel [id: 0xd850032e, L:/127.0.0.1:49363 - R:/127.0.0.1:4723]
21:54:52.522 [Forwarding getElementText on session 9d505292-1662-4e03-b7da-959f22fa1c1e to remote] DEBUG org.asynchttpclient.netty.request.NettyRequestSender -- Using pooled Channel '[id: 0xd850032e, L:/127.0.0.1:49363 - R:/127.0.0.1:4723]' for 'GET' to 'http://127.0.0.1:4723/session/9d505292-1662-4e03-b7da-959f22fa1c1e/element/f.09BF641F5805ED6A5007B9E87D61469D.d.777EDFA98D7557D72B5B8D92AD5D4E58.e.1057/text'
21:54:52.522 [Forwarding getElementText on session 9d505292-1662-4e03-b7da-959f22fa1c1e to remote] DEBUG org.asynchttpclient.netty.request.NettyRequestSender -- Using open Channel [id: 0xd850032e, L:/127.0.0.1:49363 - R:/127.0.0.1:4723] for GET '/session/9d505292-1662-4e03-b7da-959f22fa1c1e/element/f.09BF641F5805ED6A5007B9E87D61469D.d.777EDFA98D7557D72B5B8D92AD5D4E58.e.1057/text'
21:54:52.539 [AsyncHttpClient-1-2] DEBUG org.asynchttpclient.netty.handler.HttpHandler -- 

Request DefaultFullHttpRequest(decodeResult: success, version: HTTP/1.1, content: EmptyByteBufBE)
GET /session/9d505292-1662-4e03-b7da-959f22fa1c1e/element/f.09BF641F5805ED6A5007B9E87D61469D.d.777EDFA98D7557D72B5B8D92AD5D4E58.e.1057/text HTTP/1.1
Cache-Control: no-cache
User-Agent: appium/8.3.0 (selenium/4.8.3 (java mac))
Content-Type: application/json; charset=utf-8
host: 127.0.0.1:4723
accept: */*

Response DefaultHttpResponse(decodeResult: success, version: HTTP/1.1)
HTTP/1.1 200 OK
X-Powered-By: Express
Content-Type: application/json; charset=utf-8
Content-Length: 21
ETag: W/"15-mhhh/riCXc3WlaeVwopAMjTYyvc"
Date: Sun, 06 Apr 2025 13:54:52 GMT
Connection: keep-alive
Keep-Alive: timeout=600

21:54:52.539 [AsyncHttpClient-1-2] DEBUG org.asynchttpclient.netty.channel.ChannelManager -- Adding key: http://127.0.0.1:4723 for channel [id: 0xd850032e, L:/127.0.0.1:49363 - R:/127.0.0.1:4723]
21:54:52.540 [Forwarding getElementText on session 9d505292-1662-4e03-b7da-959f22fa1c1e to remote] DEBUG org.asynchttpclient.netty.request.NettyRequestSender -- Using pooled Channel '[id: 0xd850032e, L:/127.0.0.1:49363 - R:/127.0.0.1:4723]' for 'GET' to 'http://127.0.0.1:4723/session/9d505292-1662-4e03-b7da-959f22fa1c1e/element/f.09BF641F5805ED6A5007B9E87D61469D.d.777EDFA98D7557D72B5B8D92AD5D4E58.e.1059/text'
21:54:52.540 [Forwarding getElementText on session 9d505292-1662-4e03-b7da-959f22fa1c1e to remote] DEBUG org.asynchttpclient.netty.request.NettyRequestSender -- Using open Channel [id: 0xd850032e, L:/127.0.0.1:49363 - R:/127.0.0.1:4723] for GET '/session/9d505292-1662-4e03-b7da-959f22fa1c1e/element/f.09BF641F5805ED6A5007B9E87D61469D.d.777EDFA98D7557D72B5B8D92AD5D4E58.e.1059/text'
21:54:52.556 [AsyncHttpClient-1-2] DEBUG org.asynchttpclient.netty.handler.HttpHandler -- 

Request DefaultFullHttpRequest(decodeResult: success, version: HTTP/1.1, content: EmptyByteBufBE)
GET /session/9d505292-1662-4e03-b7da-959f22fa1c1e/element/f.09BF641F5805ED6A5007B9E87D61469D.d.777EDFA98D7557D72B5B8D92AD5D4E58.e.1059/text HTTP/1.1
Cache-Control: no-cache
User-Agent: appium/8.3.0 (selenium/4.8.3 (java mac))
Content-Type: application/json; charset=utf-8
host: 127.0.0.1:4723
accept: */*

Response DefaultHttpResponse(decodeResult: success, version: HTTP/1.1)
HTTP/1.1 200 OK
X-Powered-By: Express
Content-Type: application/json; charset=utf-8
Content-Length: 21
ETag: W/"15-wUEMCZ9fTTnucCfcecuctkYNK9k"
Date: Sun, 06 Apr 2025 13:54:52 GMT
Connection: keep-alive
Keep-Alive: timeout=600

21:54:52.556 [AsyncHttpClient-1-2] DEBUG org.asynchttpclient.netty.channel.ChannelManager -- Adding key: http://127.0.0.1:4723 for channel [id: 0xd850032e, L:/127.0.0.1:49363 - R:/127.0.0.1:4723]
21:54:52.556 [Forwarding getElementText on session 9d505292-1662-4e03-b7da-959f22fa1c1e to remote] DEBUG org.asynchttpclient.netty.request.NettyRequestSender -- Using pooled Channel '[id: 0xd850032e, L:/127.0.0.1:49363 - R:/127.0.0.1:4723]' for 'GET' to 'http://127.0.0.1:4723/session/9d505292-1662-4e03-b7da-959f22fa1c1e/element/f.09BF641F5805ED6A5007B9E87D61469D.d.777EDFA98D7557D72B5B8D92AD5D4E58.e.1061/text'
21:54:52.556 [Forwarding getElementText on session 9d505292-1662-4e03-b7da-959f22fa1c1e to remote] DEBUG org.asynchttpclient.netty.request.NettyRequestSender -- Using open Channel [id: 0xd850032e, L:/127.0.0.1:49363 - R:/127.0.0.1:4723] for GET '/session/9d505292-1662-4e03-b7da-959f22fa1c1e/element/f.09BF641F5805ED6A5007B9E87D61469D.d.777EDFA98D7557D72B5B8D92AD5D4E58.e.1061/text'
21:54:52.573 [AsyncHttpClient-1-2] DEBUG org.asynchttpclient.netty.handler.HttpHandler -- 

Request DefaultFullHttpRequest(decodeResult: success, version: HTTP/1.1, content: EmptyByteBufBE)
GET /session/9d505292-1662-4e03-b7da-959f22fa1c1e/element/f.09BF641F5805ED6A5007B9E87D61469D.d.777EDFA98D7557D72B5B8D92AD5D4E58.e.1061/text HTTP/1.1
Cache-Control: no-cache
User-Agent: appium/8.3.0 (selenium/4.8.3 (java mac))
Content-Type: application/json; charset=utf-8
host: 127.0.0.1:4723
accept: */*

Response DefaultHttpResponse(decodeResult: success, version: HTTP/1.1)
HTTP/1.1 200 OK
X-Powered-By: Express
Content-Type: application/json; charset=utf-8
Content-Length: 21
ETag: W/"15-Oc6v20YPK17hRmJykwdtSE1MX7U"
Date: Sun, 06 Apr 2025 13:54:52 GMT
Connection: keep-alive
Keep-Alive: timeout=600

21:54:52.573 [AsyncHttpClient-1-2] DEBUG org.asynchttpclient.netty.channel.ChannelManager -- Adding key: http://127.0.0.1:4723 for channel [id: 0xd850032e, L:/127.0.0.1:49363 - R:/127.0.0.1:4723]
21:54:52.574 [Forwarding getElementText on session 9d505292-1662-4e03-b7da-959f22fa1c1e to remote] DEBUG org.asynchttpclient.netty.request.NettyRequestSender -- Using pooled Channel '[id: 0xd850032e, L:/127.0.0.1:49363 - R:/127.0.0.1:4723]' for 'GET' to 'http://127.0.0.1:4723/session/9d505292-1662-4e03-b7da-959f22fa1c1e/element/f.09BF641F5805ED6A5007B9E87D61469D.d.777EDFA98D7557D72B5B8D92AD5D4E58.e.1063/text'
21:54:52.574 [Forwarding getElementText on session 9d505292-1662-4e03-b7da-959f22fa1c1e to remote] DEBUG org.asynchttpclient.netty.request.NettyRequestSender -- Using open Channel [id: 0xd850032e, L:/127.0.0.1:49363 - R:/127.0.0.1:4723] for GET '/session/9d505292-1662-4e03-b7da-959f22fa1c1e/element/f.09BF641F5805ED6A5007B9E87D61469D.d.777EDFA98D7557D72B5B8D92AD5D4E58.e.1063/text'
21:54:52.592 [AsyncHttpClient-1-2] DEBUG org.asynchttpclient.netty.handler.HttpHandler -- 

Request DefaultFullHttpRequest(decodeResult: success, version: HTTP/1.1, content: EmptyByteBufBE)
GET /session/9d505292-1662-4e03-b7da-959f22fa1c1e/element/f.09BF641F5805ED6A5007B9E87D61469D.d.777EDFA98D7557D72B5B8D92AD5D4E58.e.1063/text HTTP/1.1
Cache-Control: no-cache
User-Agent: appium/8.3.0 (selenium/4.8.3 (java mac))
Content-Type: application/json; charset=utf-8
host: 127.0.0.1:4723
accept: */*

Response DefaultHttpResponse(decodeResult: success, version: HTTP/1.1)
HTTP/1.1 200 OK
X-Powered-By: Express
Content-Type: application/json; charset=utf-8
Content-Length: 21
ETag: W/"15-R/iExFBBYiLXZBbepRh1oCuvuBE"
Date: Sun, 06 Apr 2025 13:54:52 GMT
Connection: keep-alive
Keep-Alive: timeout=600

21:54:52.592 [AsyncHttpClient-1-2] DEBUG org.asynchttpclient.netty.channel.ChannelManager -- Adding key: http://127.0.0.1:4723 for channel [id: 0xd850032e, L:/127.0.0.1:49363 - R:/127.0.0.1:4723]
21:54:52.592 [Forwarding getElementText on session 9d505292-1662-4e03-b7da-959f22fa1c1e to remote] DEBUG org.asynchttpclient.netty.request.NettyRequestSender -- Using pooled Channel '[id: 0xd850032e, L:/127.0.0.1:49363 - R:/127.0.0.1:4723]' for 'GET' to 'http://127.0.0.1:4723/session/9d505292-1662-4e03-b7da-959f22fa1c1e/element/f.09BF641F5805ED6A5007B9E87D61469D.d.777EDFA98D7557D72B5B8D92AD5D4E58.e.1065/text'
21:54:52.592 [Forwarding getElementText on session 9d505292-1662-4e03-b7da-959f22fa1c1e to remote] DEBUG org.asynchttpclient.netty.request.NettyRequestSender -- Using open Channel [id: 0xd850032e, L:/127.0.0.1:49363 - R:/127.0.0.1:4723] for GET '/session/9d505292-1662-4e03-b7da-959f22fa1c1e/element/f.09BF641F5805ED6A5007B9E87D61469D.d.777EDFA98D7557D72B5B8D92AD5D4E58.e.1065/text'
21:54:52.612 [AsyncHttpClient-1-2] DEBUG org.asynchttpclient.netty.handler.HttpHandler -- 

Request DefaultFullHttpRequest(decodeResult: success, version: HTTP/1.1, content: EmptyByteBufBE)
GET /session/9d505292-1662-4e03-b7da-959f22fa1c1e/element/f.09BF641F5805ED6A5007B9E87D61469D.d.777EDFA98D7557D72B5B8D92AD5D4E58.e.1065/text HTTP/1.1
Cache-Control: no-cache
User-Agent: appium/8.3.0 (selenium/4.8.3 (java mac))
Content-Type: application/json; charset=utf-8
host: 127.0.0.1:4723
accept: */*

Response DefaultHttpResponse(decodeResult: success, version: HTTP/1.1)
HTTP/1.1 200 OK
X-Powered-By: Express
Content-Type: application/json; charset=utf-8
Content-Length: 21
ETag: W/"15-ntvfeVYpaLeNYyW8K08zcefKVHs"
Date: Sun, 06 Apr 2025 13:54:52 GMT
Connection: keep-alive
Keep-Alive: timeout=600

21:54:52.612 [AsyncHttpClient-1-2] DEBUG org.asynchttpclient.netty.channel.ChannelManager -- Adding key: http://127.0.0.1:4723 for channel [id: 0xd850032e, L:/127.0.0.1:49363 - R:/127.0.0.1:4723]
21:54:52.612 [Forwarding getElementText on session 9d505292-1662-4e03-b7da-959f22fa1c1e to remote] DEBUG org.asynchttpclient.netty.request.NettyRequestSender -- Using pooled Channel '[id: 0xd850032e, L:/127.0.0.1:49363 - R:/127.0.0.1:4723]' for 'GET' to 'http://127.0.0.1:4723/session/9d505292-1662-4e03-b7da-959f22fa1c1e/element/f.09BF641F5805ED6A5007B9E87D61469D.d.777EDFA98D7557D72B5B8D92AD5D4E58.e.1067/text'
21:54:52.612 [Forwarding getElementText on session 9d505292-1662-4e03-b7da-959f22fa1c1e to remote] DEBUG org.asynchttpclient.netty.request.NettyRequestSender -- Using open Channel [id: 0xd850032e, L:/127.0.0.1:49363 - R:/127.0.0.1:4723] for GET '/session/9d505292-1662-4e03-b7da-959f22fa1c1e/element/f.09BF641F5805ED6A5007B9E87D61469D.d.777EDFA98D7557D72B5B8D92AD5D4E58.e.1067/text'
21:54:52.630 [AsyncHttpClient-1-2] DEBUG org.asynchttpclient.netty.handler.HttpHandler -- 

Request DefaultFullHttpRequest(decodeResult: success, version: HTTP/1.1, content: EmptyByteBufBE)
GET /session/9d505292-1662-4e03-b7da-959f22fa1c1e/element/f.09BF641F5805ED6A5007B9E87D61469D.d.777EDFA98D7557D72B5B8D92AD5D4E58.e.1067/text HTTP/1.1
Cache-Control: no-cache
User-Agent: appium/8.3.0 (selenium/4.8.3 (java mac))
Content-Type: application/json; charset=utf-8
host: 127.0.0.1:4723
accept: */*

Response DefaultHttpResponse(decodeResult: success, version: HTTP/1.1)
HTTP/1.1 200 OK
X-Powered-By: Express
Content-Type: application/json; charset=utf-8
Content-Length: 21
ETag: W/"15-7h8qspF7WUI3FWxUwLL49QVhUyQ"
Date: Sun, 06 Apr 2025 13:54:52 GMT
Connection: keep-alive
Keep-Alive: timeout=600

21:54:52.630 [AsyncHttpClient-1-2] DEBUG org.asynchttpclient.netty.channel.ChannelManager -- Adding key: http://127.0.0.1:4723 for channel [id: 0xd850032e, L:/127.0.0.1:49363 - R:/127.0.0.1:4723]
21:54:52.631 [Forwarding getElementText on session 9d505292-1662-4e03-b7da-959f22fa1c1e to remote] DEBUG org.asynchttpclient.netty.request.NettyRequestSender -- Using pooled Channel '[id: 0xd850032e, L:/127.0.0.1:49363 - R:/127.0.0.1:4723]' for 'GET' to 'http://127.0.0.1:4723/session/9d505292-1662-4e03-b7da-959f22fa1c1e/element/f.09BF641F5805ED6A5007B9E87D61469D.d.777EDFA98D7557D72B5B8D92AD5D4E58.e.1069/text'
21:54:52.631 [Forwarding getElementText on session 9d505292-1662-4e03-b7da-959f22fa1c1e to remote] DEBUG org.asynchttpclient.netty.request.NettyRequestSender -- Using open Channel [id: 0xd850032e, L:/127.0.0.1:49363 - R:/127.0.0.1:4723] for GET '/session/9d505292-1662-4e03-b7da-959f22fa1c1e/element/f.09BF641F5805ED6A5007B9E87D61469D.d.777EDFA98D7557D72B5B8D92AD5D4E58.e.1069/text'
21:54:52.648 [AsyncHttpClient-1-2] DEBUG org.asynchttpclient.netty.handler.HttpHandler -- 

Request DefaultFullHttpRequest(decodeResult: success, version: HTTP/1.1, content: EmptyByteBufBE)
GET /session/9d505292-1662-4e03-b7da-959f22fa1c1e/element/f.09BF641F5805ED6A5007B9E87D61469D.d.777EDFA98D7557D72B5B8D92AD5D4E58.e.1069/text HTTP/1.1
Cache-Control: no-cache
User-Agent: appium/8.3.0 (selenium/4.8.3 (java mac))
Content-Type: application/json; charset=utf-8
host: 127.0.0.1:4723
accept: */*

Response DefaultHttpResponse(decodeResult: success, version: HTTP/1.1)
HTTP/1.1 200 OK
X-Powered-By: Express
Content-Type: application/json; charset=utf-8
Content-Length: 21
ETag: W/"15-VQ42Enx+maSnk26dClik2h+vKOo"
Date: Sun, 06 Apr 2025 13:54:52 GMT
Connection: keep-alive
Keep-Alive: timeout=600

21:54:52.648 [AsyncHttpClient-1-2] DEBUG org.asynchttpclient.netty.channel.ChannelManager -- Adding key: http://127.0.0.1:4723 for channel [id: 0xd850032e, L:/127.0.0.1:49363 - R:/127.0.0.1:4723]
21:54:52.648 [Forwarding getElementText on session 9d505292-1662-4e03-b7da-959f22fa1c1e to remote] DEBUG org.asynchttpclient.netty.request.NettyRequestSender -- Using pooled Channel '[id: 0xd850032e, L:/127.0.0.1:49363 - R:/127.0.0.1:4723]' for 'GET' to 'http://127.0.0.1:4723/session/9d505292-1662-4e03-b7da-959f22fa1c1e/element/f.09BF641F5805ED6A5007B9E87D61469D.d.777EDFA98D7557D72B5B8D92AD5D4E58.e.1071/text'
21:54:52.648 [Forwarding getElementText on session 9d505292-1662-4e03-b7da-959f22fa1c1e to remote] DEBUG org.asynchttpclient.netty.request.NettyRequestSender -- Using open Channel [id: 0xd850032e, L:/127.0.0.1:49363 - R:/127.0.0.1:4723] for GET '/session/9d505292-1662-4e03-b7da-959f22fa1c1e/element/f.09BF641F5805ED6A5007B9E87D61469D.d.777EDFA98D7557D72B5B8D92AD5D4E58.e.1071/text'
21:54:52.667 [AsyncHttpClient-1-2] DEBUG org.asynchttpclient.netty.handler.HttpHandler -- 

Request DefaultFullHttpRequest(decodeResult: success, version: HTTP/1.1, content: EmptyByteBufBE)
GET /session/9d505292-1662-4e03-b7da-959f22fa1c1e/element/f.09BF641F5805ED6A5007B9E87D61469D.d.777EDFA98D7557D72B5B8D92AD5D4E58.e.1071/text HTTP/1.1
Cache-Control: no-cache
User-Agent: appium/8.3.0 (selenium/4.8.3 (java mac))
Content-Type: application/json; charset=utf-8
host: 127.0.0.1:4723
accept: */*

Response DefaultHttpResponse(decodeResult: success, version: HTTP/1.1)
HTTP/1.1 200 OK
X-Powered-By: Express
Content-Type: application/json; charset=utf-8
Content-Length: 21
ETag: W/"15-PLeRenj/svzPsBftTGOX4VVET2I"
Date: Sun, 06 Apr 2025 13:54:52 GMT
Connection: keep-alive
Keep-Alive: timeout=600

21:54:52.667 [AsyncHttpClient-1-2] DEBUG org.asynchttpclient.netty.channel.ChannelManager -- Adding key: http://127.0.0.1:4723 for channel [id: 0xd850032e, L:/127.0.0.1:49363 - R:/127.0.0.1:4723]
21:54:52.668 [Forwarding getElementText on session 9d505292-1662-4e03-b7da-959f22fa1c1e to remote] DEBUG org.asynchttpclient.netty.request.NettyRequestSender -- Using pooled Channel '[id: 0xd850032e, L:/127.0.0.1:49363 - R:/127.0.0.1:4723]' for 'GET' to 'http://127.0.0.1:4723/session/9d505292-1662-4e03-b7da-959f22fa1c1e/element/f.09BF641F5805ED6A5007B9E87D61469D.d.777EDFA98D7557D72B5B8D92AD5D4E58.e.1073/text'
21:54:52.668 [Forwarding getElementText on session 9d505292-1662-4e03-b7da-959f22fa1c1e to remote] DEBUG org.asynchttpclient.netty.request.NettyRequestSender -- Using open Channel [id: 0xd850032e, L:/127.0.0.1:49363 - R:/127.0.0.1:4723] for GET '/session/9d505292-1662-4e03-b7da-959f22fa1c1e/element/f.09BF641F5805ED6A5007B9E87D61469D.d.777EDFA98D7557D72B5B8D92AD5D4E58.e.1073/text'
21:54:52.685 [AsyncHttpClient-1-2] DEBUG org.asynchttpclient.netty.handler.HttpHandler -- 

Request DefaultFullHttpRequest(decodeResult: success, version: HTTP/1.1, content: EmptyByteBufBE)
GET /session/9d505292-1662-4e03-b7da-959f22fa1c1e/element/f.09BF641F5805ED6A5007B9E87D61469D.d.777EDFA98D7557D72B5B8D92AD5D4E58.e.1073/text HTTP/1.1
Cache-Control: no-cache
User-Agent: appium/8.3.0 (selenium/4.8.3 (java mac))
Content-Type: application/json; charset=utf-8
host: 127.0.0.1:4723
accept: */*

Response DefaultHttpResponse(decodeResult: success, version: HTTP/1.1)
HTTP/1.1 200 OK
X-Powered-By: Express
Content-Type: application/json; charset=utf-8
Content-Length: 21
ETag: W/"15-ucsnEePrk9MgFfQtwztRU72FH5A"
Date: Sun, 06 Apr 2025 13:54:52 GMT
Connection: keep-alive
Keep-Alive: timeout=600

21:54:52.685 [AsyncHttpClient-1-2] DEBUG org.asynchttpclient.netty.channel.ChannelManager -- Adding key: http://127.0.0.1:4723 for channel [id: 0xd850032e, L:/127.0.0.1:49363 - R:/127.0.0.1:4723]
21:54:52.685 [Forwarding getElementText on session 9d505292-1662-4e03-b7da-959f22fa1c1e to remote] DEBUG org.asynchttpclient.netty.request.NettyRequestSender -- Using pooled Channel '[id: 0xd850032e, L:/127.0.0.1:49363 - R:/127.0.0.1:4723]' for 'GET' to 'http://127.0.0.1:4723/session/9d505292-1662-4e03-b7da-959f22fa1c1e/element/f.09BF641F5805ED6A5007B9E87D61469D.d.777EDFA98D7557D72B5B8D92AD5D4E58.e.1075/text'
21:54:52.685 [Forwarding getElementText on session 9d505292-1662-4e03-b7da-959f22fa1c1e to remote] DEBUG org.asynchttpclient.netty.request.NettyRequestSender -- Using open Channel [id: 0xd850032e, L:/127.0.0.1:49363 - R:/127.0.0.1:4723] for GET '/session/9d505292-1662-4e03-b7da-959f22fa1c1e/element/f.09BF641F5805ED6A5007B9E87D61469D.d.777EDFA98D7557D72B5B8D92AD5D4E58.e.1075/text'
21:54:52.702 [AsyncHttpClient-1-2] DEBUG org.asynchttpclient.netty.handler.HttpHandler -- 

Request DefaultFullHttpRequest(decodeResult: success, version: HTTP/1.1, content: EmptyByteBufBE)
GET /session/9d505292-1662-4e03-b7da-959f22fa1c1e/element/f.09BF641F5805ED6A5007B9E87D61469D.d.777EDFA98D7557D72B5B8D92AD5D4E58.e.1075/text HTTP/1.1
Cache-Control: no-cache
User-Agent: appium/8.3.0 (selenium/4.8.3 (java mac))
Content-Type: application/json; charset=utf-8
host: 127.0.0.1:4723
accept: */*

Response DefaultHttpResponse(decodeResult: success, version: HTTP/1.1)
HTTP/1.1 200 OK
X-Powered-By: Express
Content-Type: application/json; charset=utf-8
Content-Length: 24
ETag: W/"18-5oH848SY6t+N8cDhEWn6dn1D3zQ"
Date: Sun, 06 Apr 2025 13:54:52 GMT
Connection: keep-alive
Keep-Alive: timeout=600

21:54:52.702 [AsyncHttpClient-1-2] DEBUG org.asynchttpclient.netty.channel.ChannelManager -- Adding key: http://127.0.0.1:4723 for channel [id: 0xd850032e, L:/127.0.0.1:49363 - R:/127.0.0.1:4723]
驗證縣市「屏東縣」與其行政區成功！
21:54:52.703 [Forwarding executeScript on session 9d505292-1662-4e03-b7da-959f22fa1c1e to remote] DEBUG org.asynchttpclient.netty.request.NettyRequestSender -- Using pooled Channel '[id: 0xd850032e, L:/127.0.0.1:49363 - R:/127.0.0.1:4723]' for 'POST' to 'http://127.0.0.1:4723/session/9d505292-1662-4e03-b7da-959f22fa1c1e/execute/sync'
21:54:52.703 [Forwarding executeScript on session 9d505292-1662-4e03-b7da-959f22fa1c1e to remote] DEBUG org.asynchttpclient.netty.request.NettyRequestSender -- Using open Channel [id: 0xd850032e, L:/127.0.0.1:49363 - R:/127.0.0.1:4723] for POST '/session/9d505292-1662-4e03-b7da-959f22fa1c1e/execute/sync'
21:54:52.724 [AsyncHttpClient-1-2] DEBUG org.asynchttpclient.netty.handler.HttpHandler -- 

Request DefaultHttpRequest(decodeResult: success, version: HTTP/1.1)
POST /session/9d505292-1662-4e03-b7da-959f22fa1c1e/execute/sync HTTP/1.1
User-Agent: appium/8.3.0 (selenium/4.8.3 (java mac))
Content-Length: 347
Content-Type: application/json; charset=utf-8
host: 127.0.0.1:4723
accept: */*

Response DefaultHttpResponse(decodeResult: success, version: HTTP/1.1)
HTTP/1.1 200 OK
X-Powered-By: Express
Vary: X-HTTP-Method-Override
Content-Type: application/json; charset=utf-8
Content-Length: 14
ETag: W/"e-9/1BuKMgFObM1mWJm+YjxtXJnUM"
Date: Sun, 06 Apr 2025 13:54:52 GMT
Connection: keep-alive
Keep-Alive: timeout=600

21:54:52.724 [AsyncHttpClient-1-2] DEBUG org.asynchttpclient.netty.channel.ChannelManager -- Adding key: http://127.0.0.1:4723 for channel [id: 0xd850032e, L:/127.0.0.1:49363 - R:/127.0.0.1:4723]
21:54:52.724 [Forwarding findElement on session 9d505292-1662-4e03-b7da-959f22fa1c1e to remote] DEBUG org.asynchttpclient.netty.request.NettyRequestSender -- Using pooled Channel '[id: 0xd850032e, L:/127.0.0.1:49363 - R:/127.0.0.1:4723]' for 'POST' to 'http://127.0.0.1:4723/session/9d505292-1662-4e03-b7da-959f22fa1c1e/element'
21:54:52.724 [Forwarding findElement on session 9d505292-1662-4e03-b7da-959f22fa1c1e to remote] DEBUG org.asynchttpclient.netty.request.NettyRequestSender -- Using open Channel [id: 0xd850032e, L:/127.0.0.1:49363 - R:/127.0.0.1:4723] for POST '/session/9d505292-1662-4e03-b7da-959f22fa1c1e/element'
21:54:52.740 [AsyncHttpClient-1-2] DEBUG org.asynchttpclient.netty.handler.HttpHandler -- 

Request DefaultHttpRequest(decodeResult: success, version: HTTP/1.1)
POST /session/9d505292-1662-4e03-b7da-959f22fa1c1e/element HTTP/1.1
User-Agent: appium/8.3.0 (selenium/4.8.3 (java mac))
Content-Length: 64
Content-Type: application/json; charset=utf-8
host: 127.0.0.1:4723
accept: */*

Response DefaultHttpResponse(decodeResult: success, version: HTTP/1.1)
HTTP/1.1 200 OK
X-Powered-By: Express
Vary: X-HTTP-Method-Override
Content-Type: application/json; charset=utf-8
Content-Length: 215
ETag: W/"d7-hLLmI8sXBhj61n8KQz/SSgPhJ+w"
Date: Sun, 06 Apr 2025 13:54:52 GMT
Connection: keep-alive
Keep-Alive: timeout=600

21:54:52.740 [AsyncHttpClient-1-2] DEBUG org.asynchttpclient.netty.channel.ChannelManager -- Adding key: http://127.0.0.1:4723 for channel [id: 0xd850032e, L:/127.0.0.1:49363 - R:/127.0.0.1:4723]
21:54:52.841 [Forwarding findChildElements on session 9d505292-1662-4e03-b7da-959f22fa1c1e to remote] DEBUG org.asynchttpclient.netty.request.NettyRequestSender -- Using pooled Channel '[id: 0xd850032e, L:/127.0.0.1:49363 - R:/127.0.0.1:4723]' for 'POST' to 'http://127.0.0.1:4723/session/9d505292-1662-4e03-b7da-959f22fa1c1e/element/f.09BF641F5805ED6A5007B9E87D61469D.d.777EDFA98D7557D72B5B8D92AD5D4E58.e.377/elements'
21:54:52.841 [Forwarding findChildElements on session 9d505292-1662-4e03-b7da-959f22fa1c1e to remote] DEBUG org.asynchttpclient.netty.request.NettyRequestSender -- Using open Channel [id: 0xd850032e, L:/127.0.0.1:49363 - R:/127.0.0.1:4723] for POST '/session/9d505292-1662-4e03-b7da-959f22fa1c1e/element/f.09BF641F5805ED6A5007B9E87D61469D.d.777EDFA98D7557D72B5B8D92AD5D4E58.e.377/elements'
21:54:52.877 [AsyncHttpClient-1-2] DEBUG org.asynchttpclient.netty.handler.HttpHandler -- 

Request DefaultHttpRequest(decodeResult: success, version: HTTP/1.1)
POST /session/9d505292-1662-4e03-b7da-959f22fa1c1e/element/f.09BF641F5805ED6A5007B9E87D61469D.d.777EDFA98D7557D72B5B8D92AD5D4E58.e.377/elements HTTP/1.1
User-Agent: appium/8.3.0 (selenium/4.8.3 (java mac))
Content-Length: 133
Content-Type: application/json; charset=utf-8
host: 127.0.0.1:4723
accept: */*

Response DefaultHttpResponse(decodeResult: success, version: HTTP/1.1)
HTTP/1.1 200 OK
X-Powered-By: Express
Vary: X-HTTP-Method-Override
Content-Type: application/json; charset=utf-8
Content-Length: 2715
ETag: W/"a9b-nJUV0sqI+lK9tdAc9WF1GTWo2uA"
Date: Sun, 06 Apr 2025 13:54:52 GMT
Connection: keep-alive
Keep-Alive: timeout=600

21:54:52.877 [AsyncHttpClient-1-2] DEBUG org.asynchttpclient.netty.channel.ChannelManager -- Adding key: http://127.0.0.1:4723 for channel [id: 0xd850032e, L:/127.0.0.1:49363 - R:/127.0.0.1:4723]
21:54:52.878 [Forwarding getElementText on session 9d505292-1662-4e03-b7da-959f22fa1c1e to remote] DEBUG org.asynchttpclient.netty.request.NettyRequestSender -- Using pooled Channel '[id: 0xd850032e, L:/127.0.0.1:49363 - R:/127.0.0.1:4723]' for 'GET' to 'http://127.0.0.1:4723/session/9d505292-1662-4e03-b7da-959f22fa1c1e/element/f.09BF641F5805ED6A5007B9E87D61469D.d.777EDFA98D7557D72B5B8D92AD5D4E58.e.1079/text'
21:54:52.878 [Forwarding getElementText on session 9d505292-1662-4e03-b7da-959f22fa1c1e to remote] DEBUG org.asynchttpclient.netty.request.NettyRequestSender -- Using open Channel [id: 0xd850032e, L:/127.0.0.1:49363 - R:/127.0.0.1:4723] for GET '/session/9d505292-1662-4e03-b7da-959f22fa1c1e/element/f.09BF641F5805ED6A5007B9E87D61469D.d.777EDFA98D7557D72B5B8D92AD5D4E58.e.1079/text'
21:54:52.897 [AsyncHttpClient-1-2] DEBUG org.asynchttpclient.netty.handler.HttpHandler -- 

Request DefaultFullHttpRequest(decodeResult: success, version: HTTP/1.1, content: EmptyByteBufBE)
GET /session/9d505292-1662-4e03-b7da-959f22fa1c1e/element/f.09BF641F5805ED6A5007B9E87D61469D.d.777EDFA98D7557D72B5B8D92AD5D4E58.e.1079/text HTTP/1.1
Cache-Control: no-cache
User-Agent: appium/8.3.0 (selenium/4.8.3 (java mac))
Content-Type: application/json; charset=utf-8
host: 127.0.0.1:4723
accept: */*

Response DefaultHttpResponse(decodeResult: success, version: HTTP/1.1)
HTTP/1.1 200 OK
X-Powered-By: Express
Content-Type: application/json; charset=utf-8
Content-Length: 27
ETag: W/"1b-WszMrTDLUBhetLFWttbtrso7fzY"
Date: Sun, 06 Apr 2025 13:54:52 GMT
Connection: keep-alive
Keep-Alive: timeout=600

21:54:52.897 [AsyncHttpClient-1-2] DEBUG org.asynchttpclient.netty.channel.ChannelManager -- Adding key: http://127.0.0.1:4723 for channel [id: 0xd850032e, L:/127.0.0.1:49363 - R:/127.0.0.1:4723]
21:54:52.898 [Forwarding getElementText on session 9d505292-1662-4e03-b7da-959f22fa1c1e to remote] DEBUG org.asynchttpclient.netty.request.NettyRequestSender -- Using pooled Channel '[id: 0xd850032e, L:/127.0.0.1:49363 - R:/127.0.0.1:4723]' for 'GET' to 'http://127.0.0.1:4723/session/9d505292-1662-4e03-b7da-959f22fa1c1e/element/f.09BF641F5805ED6A5007B9E87D61469D.d.777EDFA98D7557D72B5B8D92AD5D4E58.e.1081/text'
21:54:52.898 [Forwarding getElementText on session 9d505292-1662-4e03-b7da-959f22fa1c1e to remote] DEBUG org.asynchttpclient.netty.request.NettyRequestSender -- Using open Channel [id: 0xd850032e, L:/127.0.0.1:49363 - R:/127.0.0.1:4723] for GET '/session/9d505292-1662-4e03-b7da-959f22fa1c1e/element/f.09BF641F5805ED6A5007B9E87D61469D.d.777EDFA98D7557D72B5B8D92AD5D4E58.e.1081/text'
21:54:52.917 [AsyncHttpClient-1-2] DEBUG org.asynchttpclient.netty.handler.HttpHandler -- 

Request DefaultFullHttpRequest(decodeResult: success, version: HTTP/1.1, content: EmptyByteBufBE)
GET /session/9d505292-1662-4e03-b7da-959f22fa1c1e/element/f.09BF641F5805ED6A5007B9E87D61469D.d.777EDFA98D7557D72B5B8D92AD5D4E58.e.1081/text HTTP/1.1
Cache-Control: no-cache
User-Agent: appium/8.3.0 (selenium/4.8.3 (java mac))
Content-Type: application/json; charset=utf-8
host: 127.0.0.1:4723
accept: */*

Response DefaultHttpResponse(decodeResult: success, version: HTTP/1.1)
HTTP/1.1 200 OK
X-Powered-By: Express
Content-Type: application/json; charset=utf-8
Content-Length: 21
ETag: W/"15-O/qnEfW1qO/OJyNZSDFFnPuVUl8"
Date: Sun, 06 Apr 2025 13:54:52 GMT
Connection: keep-alive
Keep-Alive: timeout=600

21:54:52.917 [AsyncHttpClient-1-2] DEBUG org.asynchttpclient.netty.channel.ChannelManager -- Adding key: http://127.0.0.1:4723 for channel [id: 0xd850032e, L:/127.0.0.1:49363 - R:/127.0.0.1:4723]
21:54:52.918 [Forwarding getElementText on session 9d505292-1662-4e03-b7da-959f22fa1c1e to remote] DEBUG org.asynchttpclient.netty.request.NettyRequestSender -- Using pooled Channel '[id: 0xd850032e, L:/127.0.0.1:49363 - R:/127.0.0.1:4723]' for 'GET' to 'http://127.0.0.1:4723/session/9d505292-1662-4e03-b7da-959f22fa1c1e/element/f.09BF641F5805ED6A5007B9E87D61469D.d.777EDFA98D7557D72B5B8D92AD5D4E58.e.1083/text'
21:54:52.918 [Forwarding getElementText on session 9d505292-1662-4e03-b7da-959f22fa1c1e to remote] DEBUG org.asynchttpclient.netty.request.NettyRequestSender -- Using open Channel [id: 0xd850032e, L:/127.0.0.1:49363 - R:/127.0.0.1:4723] for GET '/session/9d505292-1662-4e03-b7da-959f22fa1c1e/element/f.09BF641F5805ED6A5007B9E87D61469D.d.777EDFA98D7557D72B5B8D92AD5D4E58.e.1083/text'
21:54:52.938 [AsyncHttpClient-1-2] DEBUG org.asynchttpclient.netty.handler.HttpHandler -- 

Request DefaultFullHttpRequest(decodeResult: success, version: HTTP/1.1, content: EmptyByteBufBE)
GET /session/9d505292-1662-4e03-b7da-959f22fa1c1e/element/f.09BF641F5805ED6A5007B9E87D61469D.d.777EDFA98D7557D72B5B8D92AD5D4E58.e.1083/text HTTP/1.1
Cache-Control: no-cache
User-Agent: appium/8.3.0 (selenium/4.8.3 (java mac))
Content-Type: application/json; charset=utf-8
host: 127.0.0.1:4723
accept: */*

Response DefaultHttpResponse(decodeResult: success, version: HTTP/1.1)
HTTP/1.1 200 OK
X-Powered-By: Express
Content-Type: application/json; charset=utf-8
Content-Length: 21
ETag: W/"15-Ayh39PDbO96AiAvA7+NNd16uDk0"
Date: Sun, 06 Apr 2025 13:54:52 GMT
Connection: keep-alive
Keep-Alive: timeout=600

21:54:52.939 [AsyncHttpClient-1-2] DEBUG org.asynchttpclient.netty.channel.ChannelManager -- Adding key: http://127.0.0.1:4723 for channel [id: 0xd850032e, L:/127.0.0.1:49363 - R:/127.0.0.1:4723]
21:54:52.939 [Forwarding getElementText on session 9d505292-1662-4e03-b7da-959f22fa1c1e to remote] DEBUG org.asynchttpclient.netty.request.NettyRequestSender -- Using pooled Channel '[id: 0xd850032e, L:/127.0.0.1:49363 - R:/127.0.0.1:4723]' for 'GET' to 'http://127.0.0.1:4723/session/9d505292-1662-4e03-b7da-959f22fa1c1e/element/f.09BF641F5805ED6A5007B9E87D61469D.d.777EDFA98D7557D72B5B8D92AD5D4E58.e.1085/text'
21:54:52.939 [Forwarding getElementText on session 9d505292-1662-4e03-b7da-959f22fa1c1e to remote] DEBUG org.asynchttpclient.netty.request.NettyRequestSender -- Using open Channel [id: 0xd850032e, L:/127.0.0.1:49363 - R:/127.0.0.1:4723] for GET '/session/9d505292-1662-4e03-b7da-959f22fa1c1e/element/f.09BF641F5805ED6A5007B9E87D61469D.d.777EDFA98D7557D72B5B8D92AD5D4E58.e.1085/text'
21:54:52.962 [AsyncHttpClient-1-2] DEBUG org.asynchttpclient.netty.handler.HttpHandler -- 

Request DefaultFullHttpRequest(decodeResult: success, version: HTTP/1.1, content: EmptyByteBufBE)
GET /session/9d505292-1662-4e03-b7da-959f22fa1c1e/element/f.09BF641F5805ED6A5007B9E87D61469D.d.777EDFA98D7557D72B5B8D92AD5D4E58.e.1085/text HTTP/1.1
Cache-Control: no-cache
User-Agent: appium/8.3.0 (selenium/4.8.3 (java mac))
Content-Type: application/json; charset=utf-8
host: 127.0.0.1:4723
accept: */*

Response DefaultHttpResponse(decodeResult: success, version: HTTP/1.1)
HTTP/1.1 200 OK
X-Powered-By: Express
Content-Type: application/json; charset=utf-8
Content-Length: 21
ETag: W/"15-jledAY2mtQF/UsXtsxx2Rvi+KDU"
Date: Sun, 06 Apr 2025 13:54:52 GMT
Connection: keep-alive
Keep-Alive: timeout=600

21:54:52.962 [AsyncHttpClient-1-2] DEBUG org.asynchttpclient.netty.channel.ChannelManager -- Adding key: http://127.0.0.1:4723 for channel [id: 0xd850032e, L:/127.0.0.1:49363 - R:/127.0.0.1:4723]
21:54:52.963 [Forwarding getElementText on session 9d505292-1662-4e03-b7da-959f22fa1c1e to remote] DEBUG org.asynchttpclient.netty.request.NettyRequestSender -- Using pooled Channel '[id: 0xd850032e, L:/127.0.0.1:49363 - R:/127.0.0.1:4723]' for 'GET' to 'http://127.0.0.1:4723/session/9d505292-1662-4e03-b7da-959f22fa1c1e/element/f.09BF641F5805ED6A5007B9E87D61469D.d.777EDFA98D7557D72B5B8D92AD5D4E58.e.1087/text'
21:54:52.963 [Forwarding getElementText on session 9d505292-1662-4e03-b7da-959f22fa1c1e to remote] DEBUG org.asynchttpclient.netty.request.NettyRequestSender -- Using open Channel [id: 0xd850032e, L:/127.0.0.1:49363 - R:/127.0.0.1:4723] for GET '/session/9d505292-1662-4e03-b7da-959f22fa1c1e/element/f.09BF641F5805ED6A5007B9E87D61469D.d.777EDFA98D7557D72B5B8D92AD5D4E58.e.1087/text'
21:54:52.981 [AsyncHttpClient-1-2] DEBUG org.asynchttpclient.netty.handler.HttpHandler -- 

Request DefaultFullHttpRequest(decodeResult: success, version: HTTP/1.1, content: EmptyByteBufBE)
GET /session/9d505292-1662-4e03-b7da-959f22fa1c1e/element/f.09BF641F5805ED6A5007B9E87D61469D.d.777EDFA98D7557D72B5B8D92AD5D4E58.e.1087/text HTTP/1.1
Cache-Control: no-cache
User-Agent: appium/8.3.0 (selenium/4.8.3 (java mac))
Content-Type: application/json; charset=utf-8
host: 127.0.0.1:4723
accept: */*

Response DefaultHttpResponse(decodeResult: success, version: HTTP/1.1)
HTTP/1.1 200 OK
X-Powered-By: Express
Content-Type: application/json; charset=utf-8
Content-Length: 21
ETag: W/"15-S2WKBWCLGCuUGtssf+qVTADPGc0"
Date: Sun, 06 Apr 2025 13:54:52 GMT
Connection: keep-alive
Keep-Alive: timeout=600

21:54:52.981 [AsyncHttpClient-1-2] DEBUG org.asynchttpclient.netty.channel.ChannelManager -- Adding key: http://127.0.0.1:4723 for channel [id: 0xd850032e, L:/127.0.0.1:49363 - R:/127.0.0.1:4723]
21:54:52.982 [Forwarding getElementText on session 9d505292-1662-4e03-b7da-959f22fa1c1e to remote] DEBUG org.asynchttpclient.netty.request.NettyRequestSender -- Using pooled Channel '[id: 0xd850032e, L:/127.0.0.1:49363 - R:/127.0.0.1:4723]' for 'GET' to 'http://127.0.0.1:4723/session/9d505292-1662-4e03-b7da-959f22fa1c1e/element/f.09BF641F5805ED6A5007B9E87D61469D.d.777EDFA98D7557D72B5B8D92AD5D4E58.e.1089/text'
21:54:52.982 [Forwarding getElementText on session 9d505292-1662-4e03-b7da-959f22fa1c1e to remote] DEBUG org.asynchttpclient.netty.request.NettyRequestSender -- Using open Channel [id: 0xd850032e, L:/127.0.0.1:49363 - R:/127.0.0.1:4723] for GET '/session/9d505292-1662-4e03-b7da-959f22fa1c1e/element/f.09BF641F5805ED6A5007B9E87D61469D.d.777EDFA98D7557D72B5B8D92AD5D4E58.e.1089/text'
21:54:53.005 [AsyncHttpClient-1-2] DEBUG org.asynchttpclient.netty.handler.HttpHandler -- 

Request DefaultFullHttpRequest(decodeResult: success, version: HTTP/1.1, content: EmptyByteBufBE)
GET /session/9d505292-1662-4e03-b7da-959f22fa1c1e/element/f.09BF641F5805ED6A5007B9E87D61469D.d.777EDFA98D7557D72B5B8D92AD5D4E58.e.1089/text HTTP/1.1
Cache-Control: no-cache
User-Agent: appium/8.3.0 (selenium/4.8.3 (java mac))
Content-Type: application/json; charset=utf-8
host: 127.0.0.1:4723
accept: */*

Response DefaultHttpResponse(decodeResult: success, version: HTTP/1.1)
HTTP/1.1 200 OK
X-Powered-By: Express
Content-Type: application/json; charset=utf-8
Content-Length: 21
ETag: W/"15-0kMigEpAcG9Fhnc3FzNIRHlVi1Q"
Date: Sun, 06 Apr 2025 13:54:53 GMT
Connection: keep-alive
Keep-Alive: timeout=600

21:54:53.005 [AsyncHttpClient-1-2] DEBUG org.asynchttpclient.netty.channel.ChannelManager -- Adding key: http://127.0.0.1:4723 for channel [id: 0xd850032e, L:/127.0.0.1:49363 - R:/127.0.0.1:4723]
21:54:53.006 [Forwarding getElementText on session 9d505292-1662-4e03-b7da-959f22fa1c1e to remote] DEBUG org.asynchttpclient.netty.request.NettyRequestSender -- Using pooled Channel '[id: 0xd850032e, L:/127.0.0.1:49363 - R:/127.0.0.1:4723]' for 'GET' to 'http://127.0.0.1:4723/session/9d505292-1662-4e03-b7da-959f22fa1c1e/element/f.09BF641F5805ED6A5007B9E87D61469D.d.777EDFA98D7557D72B5B8D92AD5D4E58.e.1091/text'
21:54:53.006 [Forwarding getElementText on session 9d505292-1662-4e03-b7da-959f22fa1c1e to remote] DEBUG org.asynchttpclient.netty.request.NettyRequestSender -- Using open Channel [id: 0xd850032e, L:/127.0.0.1:49363 - R:/127.0.0.1:4723] for GET '/session/9d505292-1662-4e03-b7da-959f22fa1c1e/element/f.09BF641F5805ED6A5007B9E87D61469D.d.777EDFA98D7557D72B5B8D92AD5D4E58.e.1091/text'
21:54:53.038 [AsyncHttpClient-1-2] DEBUG org.asynchttpclient.netty.handler.HttpHandler -- 

Request DefaultFullHttpRequest(decodeResult: success, version: HTTP/1.1, content: EmptyByteBufBE)
GET /session/9d505292-1662-4e03-b7da-959f22fa1c1e/element/f.09BF641F5805ED6A5007B9E87D61469D.d.777EDFA98D7557D72B5B8D92AD5D4E58.e.1091/text HTTP/1.1
Cache-Control: no-cache
User-Agent: appium/8.3.0 (selenium/4.8.3 (java mac))
Content-Type: application/json; charset=utf-8
host: 127.0.0.1:4723
accept: */*

Response DefaultHttpResponse(decodeResult: success, version: HTTP/1.1)
HTTP/1.1 200 OK
X-Powered-By: Express
Content-Type: application/json; charset=utf-8
Content-Length: 21
ETag: W/"15-4UanpLAsm+chQc6gx0RrBz2fPRA"
Date: Sun, 06 Apr 2025 13:54:53 GMT
Connection: keep-alive
Keep-Alive: timeout=600

21:54:53.038 [AsyncHttpClient-1-2] DEBUG org.asynchttpclient.netty.channel.ChannelManager -- Adding key: http://127.0.0.1:4723 for channel [id: 0xd850032e, L:/127.0.0.1:49363 - R:/127.0.0.1:4723]
21:54:53.038 [Forwarding getElementText on session 9d505292-1662-4e03-b7da-959f22fa1c1e to remote] DEBUG org.asynchttpclient.netty.request.NettyRequestSender -- Using pooled Channel '[id: 0xd850032e, L:/127.0.0.1:49363 - R:/127.0.0.1:4723]' for 'GET' to 'http://127.0.0.1:4723/session/9d505292-1662-4e03-b7da-959f22fa1c1e/element/f.09BF641F5805ED6A5007B9E87D61469D.d.777EDFA98D7557D72B5B8D92AD5D4E58.e.1093/text'
21:54:53.038 [Forwarding getElementText on session 9d505292-1662-4e03-b7da-959f22fa1c1e to remote] DEBUG org.asynchttpclient.netty.request.NettyRequestSender -- Using open Channel [id: 0xd850032e, L:/127.0.0.1:49363 - R:/127.0.0.1:4723] for GET '/session/9d505292-1662-4e03-b7da-959f22fa1c1e/element/f.09BF641F5805ED6A5007B9E87D61469D.d.777EDFA98D7557D72B5B8D92AD5D4E58.e.1093/text'
21:54:53.060 [AsyncHttpClient-1-2] DEBUG org.asynchttpclient.netty.handler.HttpHandler -- 

Request DefaultFullHttpRequest(decodeResult: success, version: HTTP/1.1, content: EmptyByteBufBE)
GET /session/9d505292-1662-4e03-b7da-959f22fa1c1e/element/f.09BF641F5805ED6A5007B9E87D61469D.d.777EDFA98D7557D72B5B8D92AD5D4E58.e.1093/text HTTP/1.1
Cache-Control: no-cache
User-Agent: appium/8.3.0 (selenium/4.8.3 (java mac))
Content-Type: application/json; charset=utf-8
host: 127.0.0.1:4723
accept: */*

Response DefaultHttpResponse(decodeResult: success, version: HTTP/1.1)
HTTP/1.1 200 OK
X-Powered-By: Express
Content-Type: application/json; charset=utf-8
Content-Length: 21
ETag: W/"15-VGzdm9wSUoI5KWQVtDR5Ee4luCA"
Date: Sun, 06 Apr 2025 13:54:53 GMT
Connection: keep-alive
Keep-Alive: timeout=600

21:54:53.060 [AsyncHttpClient-1-2] DEBUG org.asynchttpclient.netty.channel.ChannelManager -- Adding key: http://127.0.0.1:4723 for channel [id: 0xd850032e, L:/127.0.0.1:49363 - R:/127.0.0.1:4723]
21:54:53.060 [Forwarding getElementText on session 9d505292-1662-4e03-b7da-959f22fa1c1e to remote] DEBUG org.asynchttpclient.netty.request.NettyRequestSender -- Using pooled Channel '[id: 0xd850032e, L:/127.0.0.1:49363 - R:/127.0.0.1:4723]' for 'GET' to 'http://127.0.0.1:4723/session/9d505292-1662-4e03-b7da-959f22fa1c1e/element/f.09BF641F5805ED6A5007B9E87D61469D.d.777EDFA98D7557D72B5B8D92AD5D4E58.e.1095/text'
21:54:53.060 [Forwarding getElementText on session 9d505292-1662-4e03-b7da-959f22fa1c1e to remote] DEBUG org.asynchttpclient.netty.request.NettyRequestSender -- Using open Channel [id: 0xd850032e, L:/127.0.0.1:49363 - R:/127.0.0.1:4723] for GET '/session/9d505292-1662-4e03-b7da-959f22fa1c1e/element/f.09BF641F5805ED6A5007B9E87D61469D.d.777EDFA98D7557D72B5B8D92AD5D4E58.e.1095/text'
21:54:53.079 [AsyncHttpClient-1-2] DEBUG org.asynchttpclient.netty.handler.HttpHandler -- 

Request DefaultFullHttpRequest(decodeResult: success, version: HTTP/1.1, content: EmptyByteBufBE)
GET /session/9d505292-1662-4e03-b7da-959f22fa1c1e/element/f.09BF641F5805ED6A5007B9E87D61469D.d.777EDFA98D7557D72B5B8D92AD5D4E58.e.1095/text HTTP/1.1
Cache-Control: no-cache
User-Agent: appium/8.3.0 (selenium/4.8.3 (java mac))
Content-Type: application/json; charset=utf-8
host: 127.0.0.1:4723
accept: */*

Response DefaultHttpResponse(decodeResult: success, version: HTTP/1.1)
HTTP/1.1 200 OK
X-Powered-By: Express
Content-Type: application/json; charset=utf-8
Content-Length: 21
ETag: W/"15-ZliMNy8GxapFUZdUrLwl+Ug8Mtg"
Date: Sun, 06 Apr 2025 13:54:53 GMT
Connection: keep-alive
Keep-Alive: timeout=600

21:54:53.079 [AsyncHttpClient-1-2] DEBUG org.asynchttpclient.netty.channel.ChannelManager -- Adding key: http://127.0.0.1:4723 for channel [id: 0xd850032e, L:/127.0.0.1:49363 - R:/127.0.0.1:4723]
21:54:53.080 [Forwarding getElementText on session 9d505292-1662-4e03-b7da-959f22fa1c1e to remote] DEBUG org.asynchttpclient.netty.request.NettyRequestSender -- Using pooled Channel '[id: 0xd850032e, L:/127.0.0.1:49363 - R:/127.0.0.1:4723]' for 'GET' to 'http://127.0.0.1:4723/session/9d505292-1662-4e03-b7da-959f22fa1c1e/element/f.09BF641F5805ED6A5007B9E87D61469D.d.777EDFA98D7557D72B5B8D92AD5D4E58.e.1097/text'
21:54:53.080 [Forwarding getElementText on session 9d505292-1662-4e03-b7da-959f22fa1c1e to remote] DEBUG org.asynchttpclient.netty.request.NettyRequestSender -- Using open Channel [id: 0xd850032e, L:/127.0.0.1:49363 - R:/127.0.0.1:4723] for GET '/session/9d505292-1662-4e03-b7da-959f22fa1c1e/element/f.09BF641F5805ED6A5007B9E87D61469D.d.777EDFA98D7557D72B5B8D92AD5D4E58.e.1097/text'
21:54:53.099 [AsyncHttpClient-1-2] DEBUG org.asynchttpclient.netty.handler.HttpHandler -- 

Request DefaultFullHttpRequest(decodeResult: success, version: HTTP/1.1, content: EmptyByteBufBE)
GET /session/9d505292-1662-4e03-b7da-959f22fa1c1e/element/f.09BF641F5805ED6A5007B9E87D61469D.d.777EDFA98D7557D72B5B8D92AD5D4E58.e.1097/text HTTP/1.1
Cache-Control: no-cache
User-Agent: appium/8.3.0 (selenium/4.8.3 (java mac))
Content-Type: application/json; charset=utf-8
host: 127.0.0.1:4723
accept: */*

Response DefaultHttpResponse(decodeResult: success, version: HTTP/1.1)
HTTP/1.1 200 OK
X-Powered-By: Express
Content-Type: application/json; charset=utf-8
Content-Length: 21
ETag: W/"15-dlgbAtZRY/gGSao36JcvGDsPhq8"
Date: Sun, 06 Apr 2025 13:54:53 GMT
Connection: keep-alive
Keep-Alive: timeout=600

21:54:53.099 [AsyncHttpClient-1-2] DEBUG org.asynchttpclient.netty.channel.ChannelManager -- Adding key: http://127.0.0.1:4723 for channel [id: 0xd850032e, L:/127.0.0.1:49363 - R:/127.0.0.1:4723]
21:54:53.100 [Forwarding getElementText on session 9d505292-1662-4e03-b7da-959f22fa1c1e to remote] DEBUG org.asynchttpclient.netty.request.NettyRequestSender -- Using pooled Channel '[id: 0xd850032e, L:/127.0.0.1:49363 - R:/127.0.0.1:4723]' for 'GET' to 'http://127.0.0.1:4723/session/9d505292-1662-4e03-b7da-959f22fa1c1e/element/f.09BF641F5805ED6A5007B9E87D61469D.d.777EDFA98D7557D72B5B8D92AD5D4E58.e.1099/text'
21:54:53.100 [Forwarding getElementText on session 9d505292-1662-4e03-b7da-959f22fa1c1e to remote] DEBUG org.asynchttpclient.netty.request.NettyRequestSender -- Using open Channel [id: 0xd850032e, L:/127.0.0.1:49363 - R:/127.0.0.1:4723] for GET '/session/9d505292-1662-4e03-b7da-959f22fa1c1e/element/f.09BF641F5805ED6A5007B9E87D61469D.d.777EDFA98D7557D72B5B8D92AD5D4E58.e.1099/text'
21:54:53.118 [AsyncHttpClient-1-2] DEBUG org.asynchttpclient.netty.handler.HttpHandler -- 

Request DefaultFullHttpRequest(decodeResult: success, version: HTTP/1.1, content: EmptyByteBufBE)
GET /session/9d505292-1662-4e03-b7da-959f22fa1c1e/element/f.09BF641F5805ED6A5007B9E87D61469D.d.777EDFA98D7557D72B5B8D92AD5D4E58.e.1099/text HTTP/1.1
Cache-Control: no-cache
User-Agent: appium/8.3.0 (selenium/4.8.3 (java mac))
Content-Type: application/json; charset=utf-8
host: 127.0.0.1:4723
accept: */*

Response DefaultHttpResponse(decodeResult: success, version: HTTP/1.1)
HTTP/1.1 200 OK
X-Powered-By: Express
Content-Type: application/json; charset=utf-8
Content-Length: 21
ETag: W/"15-ZsVaqiHhPfVl5cnVKej3hyQ0CQM"
Date: Sun, 06 Apr 2025 13:54:53 GMT
Connection: keep-alive
Keep-Alive: timeout=600

21:54:53.118 [AsyncHttpClient-1-2] DEBUG org.asynchttpclient.netty.channel.ChannelManager -- Adding key: http://127.0.0.1:4723 for channel [id: 0xd850032e, L:/127.0.0.1:49363 - R:/127.0.0.1:4723]
21:54:53.119 [Forwarding getElementText on session 9d505292-1662-4e03-b7da-959f22fa1c1e to remote] DEBUG org.asynchttpclient.netty.request.NettyRequestSender -- Using pooled Channel '[id: 0xd850032e, L:/127.0.0.1:49363 - R:/127.0.0.1:4723]' for 'GET' to 'http://127.0.0.1:4723/session/9d505292-1662-4e03-b7da-959f22fa1c1e/element/f.09BF641F5805ED6A5007B9E87D61469D.d.777EDFA98D7557D72B5B8D92AD5D4E58.e.1101/text'
21:54:53.119 [Forwarding getElementText on session 9d505292-1662-4e03-b7da-959f22fa1c1e to remote] DEBUG org.asynchttpclient.netty.request.NettyRequestSender -- Using open Channel [id: 0xd850032e, L:/127.0.0.1:49363 - R:/127.0.0.1:4723] for GET '/session/9d505292-1662-4e03-b7da-959f22fa1c1e/element/f.09BF641F5805ED6A5007B9E87D61469D.d.777EDFA98D7557D72B5B8D92AD5D4E58.e.1101/text'
21:54:53.138 [AsyncHttpClient-1-2] DEBUG org.asynchttpclient.netty.handler.HttpHandler -- 

Request DefaultFullHttpRequest(decodeResult: success, version: HTTP/1.1, content: EmptyByteBufBE)
GET /session/9d505292-1662-4e03-b7da-959f22fa1c1e/element/f.09BF641F5805ED6A5007B9E87D61469D.d.777EDFA98D7557D72B5B8D92AD5D4E58.e.1101/text HTTP/1.1
Cache-Control: no-cache
User-Agent: appium/8.3.0 (selenium/4.8.3 (java mac))
Content-Type: application/json; charset=utf-8
host: 127.0.0.1:4723
accept: */*

Response DefaultHttpResponse(decodeResult: success, version: HTTP/1.1)
HTTP/1.1 200 OK
X-Powered-By: Express
Content-Type: application/json; charset=utf-8
Content-Length: 21
ETag: W/"15-80Av7Qj+mYeZo6oTh0RY1ZC9EE4"
Date: Sun, 06 Apr 2025 13:54:53 GMT
Connection: keep-alive
Keep-Alive: timeout=600

21:54:53.138 [AsyncHttpClient-1-2] DEBUG org.asynchttpclient.netty.channel.ChannelManager -- Adding key: http://127.0.0.1:4723 for channel [id: 0xd850032e, L:/127.0.0.1:49363 - R:/127.0.0.1:4723]
21:54:53.139 [Forwarding getElementText on session 9d505292-1662-4e03-b7da-959f22fa1c1e to remote] DEBUG org.asynchttpclient.netty.request.NettyRequestSender -- Using pooled Channel '[id: 0xd850032e, L:/127.0.0.1:49363 - R:/127.0.0.1:4723]' for 'GET' to 'http://127.0.0.1:4723/session/9d505292-1662-4e03-b7da-959f22fa1c1e/element/f.09BF641F5805ED6A5007B9E87D61469D.d.777EDFA98D7557D72B5B8D92AD5D4E58.e.1103/text'
21:54:53.139 [Forwarding getElementText on session 9d505292-1662-4e03-b7da-959f22fa1c1e to remote] DEBUG org.asynchttpclient.netty.request.NettyRequestSender -- Using open Channel [id: 0xd850032e, L:/127.0.0.1:49363 - R:/127.0.0.1:4723] for GET '/session/9d505292-1662-4e03-b7da-959f22fa1c1e/element/f.09BF641F5805ED6A5007B9E87D61469D.d.777EDFA98D7557D72B5B8D92AD5D4E58.e.1103/text'
21:54:53.157 [AsyncHttpClient-1-2] DEBUG org.asynchttpclient.netty.handler.HttpHandler -- 

Request DefaultFullHttpRequest(decodeResult: success, version: HTTP/1.1, content: EmptyByteBufBE)
GET /session/9d505292-1662-4e03-b7da-959f22fa1c1e/element/f.09BF641F5805ED6A5007B9E87D61469D.d.777EDFA98D7557D72B5B8D92AD5D4E58.e.1103/text HTTP/1.1
Cache-Control: no-cache
User-Agent: appium/8.3.0 (selenium/4.8.3 (java mac))
Content-Type: application/json; charset=utf-8
host: 127.0.0.1:4723
accept: */*

Response DefaultHttpResponse(decodeResult: success, version: HTTP/1.1)
HTTP/1.1 200 OK
X-Powered-By: Express
Content-Type: application/json; charset=utf-8
Content-Length: 21
ETag: W/"15-4YjMt2M1y25I/76AJNHZfuDR3xE"
Date: Sun, 06 Apr 2025 13:54:53 GMT
Connection: keep-alive
Keep-Alive: timeout=600

21:54:53.157 [AsyncHttpClient-1-2] DEBUG org.asynchttpclient.netty.channel.ChannelManager -- Adding key: http://127.0.0.1:4723 for channel [id: 0xd850032e, L:/127.0.0.1:49363 - R:/127.0.0.1:4723]
驗證縣市「宜蘭縣」與其行政區成功！
21:54:53.159 [Forwarding executeScript on session 9d505292-1662-4e03-b7da-959f22fa1c1e to remote] DEBUG org.asynchttpclient.netty.request.NettyRequestSender -- Using pooled Channel '[id: 0xd850032e, L:/127.0.0.1:49363 - R:/127.0.0.1:4723]' for 'POST' to 'http://127.0.0.1:4723/session/9d505292-1662-4e03-b7da-959f22fa1c1e/execute/sync'
21:54:53.159 [Forwarding executeScript on session 9d505292-1662-4e03-b7da-959f22fa1c1e to remote] DEBUG org.asynchttpclient.netty.request.NettyRequestSender -- Using open Channel [id: 0xd850032e, L:/127.0.0.1:49363 - R:/127.0.0.1:4723] for POST '/session/9d505292-1662-4e03-b7da-959f22fa1c1e/execute/sync'
21:54:53.180 [AsyncHttpClient-1-2] DEBUG org.asynchttpclient.netty.handler.HttpHandler -- 

Request DefaultHttpRequest(decodeResult: success, version: HTTP/1.1)
POST /session/9d505292-1662-4e03-b7da-959f22fa1c1e/execute/sync HTTP/1.1
User-Agent: appium/8.3.0 (selenium/4.8.3 (java mac))
Content-Length: 347
Content-Type: application/json; charset=utf-8
host: 127.0.0.1:4723
accept: */*

Response DefaultHttpResponse(decodeResult: success, version: HTTP/1.1)
HTTP/1.1 200 OK
X-Powered-By: Express
Vary: X-HTTP-Method-Override
Content-Type: application/json; charset=utf-8
Content-Length: 14
ETag: W/"e-9/1BuKMgFObM1mWJm+YjxtXJnUM"
Date: Sun, 06 Apr 2025 13:54:53 GMT
Connection: keep-alive
Keep-Alive: timeout=600

21:54:53.181 [AsyncHttpClient-1-2] DEBUG org.asynchttpclient.netty.channel.ChannelManager -- Adding key: http://127.0.0.1:4723 for channel [id: 0xd850032e, L:/127.0.0.1:49363 - R:/127.0.0.1:4723]
21:54:53.182 [Forwarding findElement on session 9d505292-1662-4e03-b7da-959f22fa1c1e to remote] DEBUG org.asynchttpclient.netty.request.NettyRequestSender -- Using pooled Channel '[id: 0xd850032e, L:/127.0.0.1:49363 - R:/127.0.0.1:4723]' for 'POST' to 'http://127.0.0.1:4723/session/9d505292-1662-4e03-b7da-959f22fa1c1e/element'
21:54:53.182 [Forwarding findElement on session 9d505292-1662-4e03-b7da-959f22fa1c1e to remote] DEBUG org.asynchttpclient.netty.request.NettyRequestSender -- Using open Channel [id: 0xd850032e, L:/127.0.0.1:49363 - R:/127.0.0.1:4723] for POST '/session/9d505292-1662-4e03-b7da-959f22fa1c1e/element'
21:54:53.203 [AsyncHttpClient-1-2] DEBUG org.asynchttpclient.netty.handler.HttpHandler -- 

Request DefaultHttpRequest(decodeResult: success, version: HTTP/1.1)
POST /session/9d505292-1662-4e03-b7da-959f22fa1c1e/element HTTP/1.1
User-Agent: appium/8.3.0 (selenium/4.8.3 (java mac))
Content-Length: 64
Content-Type: application/json; charset=utf-8
host: 127.0.0.1:4723
accept: */*

Response DefaultHttpResponse(decodeResult: success, version: HTTP/1.1)
HTTP/1.1 200 OK
X-Powered-By: Express
Vary: X-HTTP-Method-Override
Content-Type: application/json; charset=utf-8
Content-Length: 215
ETag: W/"d7-hLLmI8sXBhj61n8KQz/SSgPhJ+w"
Date: Sun, 06 Apr 2025 13:54:53 GMT
Connection: keep-alive
Keep-Alive: timeout=600

21:54:53.203 [AsyncHttpClient-1-2] DEBUG org.asynchttpclient.netty.channel.ChannelManager -- Adding key: http://127.0.0.1:4723 for channel [id: 0xd850032e, L:/127.0.0.1:49363 - R:/127.0.0.1:4723]
21:54:53.305 [Forwarding findChildElements on session 9d505292-1662-4e03-b7da-959f22fa1c1e to remote] DEBUG org.asynchttpclient.netty.request.NettyRequestSender -- Using pooled Channel '[id: 0xd850032e, L:/127.0.0.1:49363 - R:/127.0.0.1:4723]' for 'POST' to 'http://127.0.0.1:4723/session/9d505292-1662-4e03-b7da-959f22fa1c1e/element/f.09BF641F5805ED6A5007B9E87D61469D.d.777EDFA98D7557D72B5B8D92AD5D4E58.e.377/elements'
21:54:53.305 [Forwarding findChildElements on session 9d505292-1662-4e03-b7da-959f22fa1c1e to remote] DEBUG org.asynchttpclient.netty.request.NettyRequestSender -- Using open Channel [id: 0xd850032e, L:/127.0.0.1:49363 - R:/127.0.0.1:4723] for POST '/session/9d505292-1662-4e03-b7da-959f22fa1c1e/element/f.09BF641F5805ED6A5007B9E87D61469D.d.777EDFA98D7557D72B5B8D92AD5D4E58.e.377/elements'
21:54:53.332 [AsyncHttpClient-1-2] DEBUG org.asynchttpclient.netty.handler.HttpHandler -- 

Request DefaultHttpRequest(decodeResult: success, version: HTTP/1.1)
POST /session/9d505292-1662-4e03-b7da-959f22fa1c1e/element/f.09BF641F5805ED6A5007B9E87D61469D.d.777EDFA98D7557D72B5B8D92AD5D4E58.e.377/elements HTTP/1.1
User-Agent: appium/8.3.0 (selenium/4.8.3 (java mac))
Content-Length: 133
Content-Type: application/json; charset=utf-8
host: 127.0.0.1:4723
accept: */*

Response DefaultHttpResponse(decodeResult: success, version: HTTP/1.1)
HTTP/1.1 200 OK
X-Powered-By: Express
Vary: X-HTTP-Method-Override
Content-Type: application/json; charset=utf-8
Content-Length: 3547
ETag: W/"ddb-4Ew0bzEU8pg1Wtw4K2enMd5pHWM"
Date: Sun, 06 Apr 2025 13:54:53 GMT
Connection: keep-alive
Keep-Alive: timeout=600

21:54:53.333 [AsyncHttpClient-1-2] DEBUG org.asynchttpclient.netty.channel.ChannelManager -- Adding key: http://127.0.0.1:4723 for channel [id: 0xd850032e, L:/127.0.0.1:49363 - R:/127.0.0.1:4723]
21:54:53.334 [Forwarding getElementText on session 9d505292-1662-4e03-b7da-959f22fa1c1e to remote] DEBUG org.asynchttpclient.netty.request.NettyRequestSender -- Using pooled Channel '[id: 0xd850032e, L:/127.0.0.1:49363 - R:/127.0.0.1:4723]' for 'GET' to 'http://127.0.0.1:4723/session/9d505292-1662-4e03-b7da-959f22fa1c1e/element/f.09BF641F5805ED6A5007B9E87D61469D.d.777EDFA98D7557D72B5B8D92AD5D4E58.e.1107/text'
21:54:53.335 [Forwarding getElementText on session 9d505292-1662-4e03-b7da-959f22fa1c1e to remote] DEBUG org.asynchttpclient.netty.request.NettyRequestSender -- Using open Channel [id: 0xd850032e, L:/127.0.0.1:49363 - R:/127.0.0.1:4723] for GET '/session/9d505292-1662-4e03-b7da-959f22fa1c1e/element/f.09BF641F5805ED6A5007B9E87D61469D.d.777EDFA98D7557D72B5B8D92AD5D4E58.e.1107/text'
21:54:53.357 [AsyncHttpClient-1-2] DEBUG org.asynchttpclient.netty.handler.HttpHandler -- 

Request DefaultFullHttpRequest(decodeResult: success, version: HTTP/1.1, content: EmptyByteBufBE)
GET /session/9d505292-1662-4e03-b7da-959f22fa1c1e/element/f.09BF641F5805ED6A5007B9E87D61469D.d.777EDFA98D7557D72B5B8D92AD5D4E58.e.1107/text HTTP/1.1
Cache-Control: no-cache
User-Agent: appium/8.3.0 (selenium/4.8.3 (java mac))
Content-Type: application/json; charset=utf-8
host: 127.0.0.1:4723
accept: */*

Response DefaultHttpResponse(decodeResult: success, version: HTTP/1.1)
HTTP/1.1 200 OK
X-Powered-By: Express
Content-Type: application/json; charset=utf-8
Content-Length: 27
ETag: W/"1b-WszMrTDLUBhetLFWttbtrso7fzY"
Date: Sun, 06 Apr 2025 13:54:53 GMT
Connection: keep-alive
Keep-Alive: timeout=600

21:54:53.358 [AsyncHttpClient-1-2] DEBUG org.asynchttpclient.netty.channel.ChannelManager -- Adding key: http://127.0.0.1:4723 for channel [id: 0xd850032e, L:/127.0.0.1:49363 - R:/127.0.0.1:4723]
21:54:53.358 [Forwarding getElementText on session 9d505292-1662-4e03-b7da-959f22fa1c1e to remote] DEBUG org.asynchttpclient.netty.request.NettyRequestSender -- Using pooled Channel '[id: 0xd850032e, L:/127.0.0.1:49363 - R:/127.0.0.1:4723]' for 'GET' to 'http://127.0.0.1:4723/session/9d505292-1662-4e03-b7da-959f22fa1c1e/element/f.09BF641F5805ED6A5007B9E87D61469D.d.777EDFA98D7557D72B5B8D92AD5D4E58.e.1109/text'
21:54:53.358 [Forwarding getElementText on session 9d505292-1662-4e03-b7da-959f22fa1c1e to remote] DEBUG org.asynchttpclient.netty.request.NettyRequestSender -- Using open Channel [id: 0xd850032e, L:/127.0.0.1:49363 - R:/127.0.0.1:4723] for GET '/session/9d505292-1662-4e03-b7da-959f22fa1c1e/element/f.09BF641F5805ED6A5007B9E87D61469D.d.777EDFA98D7557D72B5B8D92AD5D4E58.e.1109/text'
21:54:53.378 [AsyncHttpClient-1-2] DEBUG org.asynchttpclient.netty.handler.HttpHandler -- 

Request DefaultFullHttpRequest(decodeResult: success, version: HTTP/1.1, content: EmptyByteBufBE)
GET /session/9d505292-1662-4e03-b7da-959f22fa1c1e/element/f.09BF641F5805ED6A5007B9E87D61469D.d.777EDFA98D7557D72B5B8D92AD5D4E58.e.1109/text HTTP/1.1
Cache-Control: no-cache
User-Agent: appium/8.3.0 (selenium/4.8.3 (java mac))
Content-Type: application/json; charset=utf-8
host: 127.0.0.1:4723
accept: */*

Response DefaultHttpResponse(decodeResult: success, version: HTTP/1.1)
HTTP/1.1 200 OK
X-Powered-By: Express
Content-Type: application/json; charset=utf-8
Content-Length: 21
ETag: W/"15-wxyLtucLigsYFRNkVJCG+BZGSV0"
Date: Sun, 06 Apr 2025 13:54:53 GMT
Connection: keep-alive
Keep-Alive: timeout=600

21:54:53.378 [AsyncHttpClient-1-2] DEBUG org.asynchttpclient.netty.channel.ChannelManager -- Adding key: http://127.0.0.1:4723 for channel [id: 0xd850032e, L:/127.0.0.1:49363 - R:/127.0.0.1:4723]
21:54:53.379 [Forwarding getElementText on session 9d505292-1662-4e03-b7da-959f22fa1c1e to remote] DEBUG org.asynchttpclient.netty.request.NettyRequestSender -- Using pooled Channel '[id: 0xd850032e, L:/127.0.0.1:49363 - R:/127.0.0.1:4723]' for 'GET' to 'http://127.0.0.1:4723/session/9d505292-1662-4e03-b7da-959f22fa1c1e/element/f.09BF641F5805ED6A5007B9E87D61469D.d.777EDFA98D7557D72B5B8D92AD5D4E58.e.1111/text'
21:54:53.379 [Forwarding getElementText on session 9d505292-1662-4e03-b7da-959f22fa1c1e to remote] DEBUG org.asynchttpclient.netty.request.NettyRequestSender -- Using open Channel [id: 0xd850032e, L:/127.0.0.1:49363 - R:/127.0.0.1:4723] for GET '/session/9d505292-1662-4e03-b7da-959f22fa1c1e/element/f.09BF641F5805ED6A5007B9E87D61469D.d.777EDFA98D7557D72B5B8D92AD5D4E58.e.1111/text'
21:54:53.398 [AsyncHttpClient-1-2] DEBUG org.asynchttpclient.netty.handler.HttpHandler -- 

Request DefaultFullHttpRequest(decodeResult: success, version: HTTP/1.1, content: EmptyByteBufBE)
GET /session/9d505292-1662-4e03-b7da-959f22fa1c1e/element/f.09BF641F5805ED6A5007B9E87D61469D.d.777EDFA98D7557D72B5B8D92AD5D4E58.e.1111/text HTTP/1.1
Cache-Control: no-cache
User-Agent: appium/8.3.0 (selenium/4.8.3 (java mac))
Content-Type: application/json; charset=utf-8
host: 127.0.0.1:4723
accept: */*

Response DefaultHttpResponse(decodeResult: success, version: HTTP/1.1)
HTTP/1.1 200 OK
X-Powered-By: Express
Content-Type: application/json; charset=utf-8
Content-Length: 21
ETag: W/"15-Fugcj6rvx5fgniTwW9fJgHEDo58"
Date: Sun, 06 Apr 2025 13:54:53 GMT
Connection: keep-alive
Keep-Alive: timeout=600

21:54:53.398 [AsyncHttpClient-1-2] DEBUG org.asynchttpclient.netty.channel.ChannelManager -- Adding key: http://127.0.0.1:4723 for channel [id: 0xd850032e, L:/127.0.0.1:49363 - R:/127.0.0.1:4723]
21:54:53.399 [Forwarding getElementText on session 9d505292-1662-4e03-b7da-959f22fa1c1e to remote] DEBUG org.asynchttpclient.netty.request.NettyRequestSender -- Using pooled Channel '[id: 0xd850032e, L:/127.0.0.1:49363 - R:/127.0.0.1:4723]' for 'GET' to 'http://127.0.0.1:4723/session/9d505292-1662-4e03-b7da-959f22fa1c1e/element/f.09BF641F5805ED6A5007B9E87D61469D.d.777EDFA98D7557D72B5B8D92AD5D4E58.e.1113/text'
21:54:53.399 [Forwarding getElementText on session 9d505292-1662-4e03-b7da-959f22fa1c1e to remote] DEBUG org.asynchttpclient.netty.request.NettyRequestSender -- Using open Channel [id: 0xd850032e, L:/127.0.0.1:49363 - R:/127.0.0.1:4723] for GET '/session/9d505292-1662-4e03-b7da-959f22fa1c1e/element/f.09BF641F5805ED6A5007B9E87D61469D.d.777EDFA98D7557D72B5B8D92AD5D4E58.e.1113/text'
21:54:53.417 [AsyncHttpClient-1-2] DEBUG org.asynchttpclient.netty.handler.HttpHandler -- 

Request DefaultFullHttpRequest(decodeResult: success, version: HTTP/1.1, content: EmptyByteBufBE)
GET /session/9d505292-1662-4e03-b7da-959f22fa1c1e/element/f.09BF641F5805ED6A5007B9E87D61469D.d.777EDFA98D7557D72B5B8D92AD5D4E58.e.1113/text HTTP/1.1
Cache-Control: no-cache
User-Agent: appium/8.3.0 (selenium/4.8.3 (java mac))
Content-Type: application/json; charset=utf-8
host: 127.0.0.1:4723
accept: */*

Response DefaultHttpResponse(decodeResult: success, version: HTTP/1.1)
HTTP/1.1 200 OK
X-Powered-By: Express
Content-Type: application/json; charset=utf-8
Content-Length: 21
ETag: W/"15-8cfQXnuCRWBvIiTyZKoQcAkBMhA"
Date: Sun, 06 Apr 2025 13:54:53 GMT
Connection: keep-alive
Keep-Alive: timeout=600

21:54:53.417 [AsyncHttpClient-1-2] DEBUG org.asynchttpclient.netty.channel.ChannelManager -- Adding key: http://127.0.0.1:4723 for channel [id: 0xd850032e, L:/127.0.0.1:49363 - R:/127.0.0.1:4723]
21:54:53.418 [Forwarding getElementText on session 9d505292-1662-4e03-b7da-959f22fa1c1e to remote] DEBUG org.asynchttpclient.netty.request.NettyRequestSender -- Using pooled Channel '[id: 0xd850032e, L:/127.0.0.1:49363 - R:/127.0.0.1:4723]' for 'GET' to 'http://127.0.0.1:4723/session/9d505292-1662-4e03-b7da-959f22fa1c1e/element/f.09BF641F5805ED6A5007B9E87D61469D.d.777EDFA98D7557D72B5B8D92AD5D4E58.e.1115/text'
21:54:53.418 [Forwarding getElementText on session 9d505292-1662-4e03-b7da-959f22fa1c1e to remote] DEBUG org.asynchttpclient.netty.request.NettyRequestSender -- Using open Channel [id: 0xd850032e, L:/127.0.0.1:49363 - R:/127.0.0.1:4723] for GET '/session/9d505292-1662-4e03-b7da-959f22fa1c1e/element/f.09BF641F5805ED6A5007B9E87D61469D.d.777EDFA98D7557D72B5B8D92AD5D4E58.e.1115/text'
21:54:53.436 [AsyncHttpClient-1-2] DEBUG org.asynchttpclient.netty.handler.HttpHandler -- 

Request DefaultFullHttpRequest(decodeResult: success, version: HTTP/1.1, content: EmptyByteBufBE)
GET /session/9d505292-1662-4e03-b7da-959f22fa1c1e/element/f.09BF641F5805ED6A5007B9E87D61469D.d.777EDFA98D7557D72B5B8D92AD5D4E58.e.1115/text HTTP/1.1
Cache-Control: no-cache
User-Agent: appium/8.3.0 (selenium/4.8.3 (java mac))
Content-Type: application/json; charset=utf-8
host: 127.0.0.1:4723
accept: */*

Response DefaultHttpResponse(decodeResult: success, version: HTTP/1.1)
HTTP/1.1 200 OK
X-Powered-By: Express
Content-Type: application/json; charset=utf-8
Content-Length: 21
ETag: W/"15-o3SiW1wCpMp5UO+MiGBuffrY8fw"
Date: Sun, 06 Apr 2025 13:54:53 GMT
Connection: keep-alive
Keep-Alive: timeout=600

21:54:53.436 [AsyncHttpClient-1-2] DEBUG org.asynchttpclient.netty.channel.ChannelManager -- Adding key: http://127.0.0.1:4723 for channel [id: 0xd850032e, L:/127.0.0.1:49363 - R:/127.0.0.1:4723]
21:54:53.436 [Forwarding getElementText on session 9d505292-1662-4e03-b7da-959f22fa1c1e to remote] DEBUG org.asynchttpclient.netty.request.NettyRequestSender -- Using pooled Channel '[id: 0xd850032e, L:/127.0.0.1:49363 - R:/127.0.0.1:4723]' for 'GET' to 'http://127.0.0.1:4723/session/9d505292-1662-4e03-b7da-959f22fa1c1e/element/f.09BF641F5805ED6A5007B9E87D61469D.d.777EDFA98D7557D72B5B8D92AD5D4E58.e.1117/text'
21:54:53.436 [Forwarding getElementText on session 9d505292-1662-4e03-b7da-959f22fa1c1e to remote] DEBUG org.asynchttpclient.netty.request.NettyRequestSender -- Using open Channel [id: 0xd850032e, L:/127.0.0.1:49363 - R:/127.0.0.1:4723] for GET '/session/9d505292-1662-4e03-b7da-959f22fa1c1e/element/f.09BF641F5805ED6A5007B9E87D61469D.d.777EDFA98D7557D72B5B8D92AD5D4E58.e.1117/text'
21:54:53.455 [AsyncHttpClient-1-2] DEBUG org.asynchttpclient.netty.handler.HttpHandler -- 

Request DefaultFullHttpRequest(decodeResult: success, version: HTTP/1.1, content: EmptyByteBufBE)
GET /session/9d505292-1662-4e03-b7da-959f22fa1c1e/element/f.09BF641F5805ED6A5007B9E87D61469D.d.777EDFA98D7557D72B5B8D92AD5D4E58.e.1117/text HTTP/1.1
Cache-Control: no-cache
User-Agent: appium/8.3.0 (selenium/4.8.3 (java mac))
Content-Type: application/json; charset=utf-8
host: 127.0.0.1:4723
accept: */*

Response DefaultHttpResponse(decodeResult: success, version: HTTP/1.1)
HTTP/1.1 200 OK
X-Powered-By: Express
Content-Type: application/json; charset=utf-8
Content-Length: 21
ETag: W/"15-87U9t3Rq95pXPRXPZXmCSx0WViI"
Date: Sun, 06 Apr 2025 13:54:53 GMT
Connection: keep-alive
Keep-Alive: timeout=600

21:54:53.455 [AsyncHttpClient-1-2] DEBUG org.asynchttpclient.netty.channel.ChannelManager -- Adding key: http://127.0.0.1:4723 for channel [id: 0xd850032e, L:/127.0.0.1:49363 - R:/127.0.0.1:4723]
21:54:53.456 [Forwarding getElementText on session 9d505292-1662-4e03-b7da-959f22fa1c1e to remote] DEBUG org.asynchttpclient.netty.request.NettyRequestSender -- Using pooled Channel '[id: 0xd850032e, L:/127.0.0.1:49363 - R:/127.0.0.1:4723]' for 'GET' to 'http://127.0.0.1:4723/session/9d505292-1662-4e03-b7da-959f22fa1c1e/element/f.09BF641F5805ED6A5007B9E87D61469D.d.777EDFA98D7557D72B5B8D92AD5D4E58.e.1119/text'
21:54:53.456 [Forwarding getElementText on session 9d505292-1662-4e03-b7da-959f22fa1c1e to remote] DEBUG org.asynchttpclient.netty.request.NettyRequestSender -- Using open Channel [id: 0xd850032e, L:/127.0.0.1:49363 - R:/127.0.0.1:4723] for GET '/session/9d505292-1662-4e03-b7da-959f22fa1c1e/element/f.09BF641F5805ED6A5007B9E87D61469D.d.777EDFA98D7557D72B5B8D92AD5D4E58.e.1119/text'
21:54:53.473 [AsyncHttpClient-1-2] DEBUG org.asynchttpclient.netty.handler.HttpHandler -- 

Request DefaultFullHttpRequest(decodeResult: success, version: HTTP/1.1, content: EmptyByteBufBE)
GET /session/9d505292-1662-4e03-b7da-959f22fa1c1e/element/f.09BF641F5805ED6A5007B9E87D61469D.d.777EDFA98D7557D72B5B8D92AD5D4E58.e.1119/text HTTP/1.1
Cache-Control: no-cache
User-Agent: appium/8.3.0 (selenium/4.8.3 (java mac))
Content-Type: application/json; charset=utf-8
host: 127.0.0.1:4723
accept: */*

Response DefaultHttpResponse(decodeResult: success, version: HTTP/1.1)
HTTP/1.1 200 OK
X-Powered-By: Express
Content-Type: application/json; charset=utf-8
Content-Length: 21
ETag: W/"15-uQMRhStxj+Pci51eVFSz41FblyU"
Date: Sun, 06 Apr 2025 13:54:53 GMT
Connection: keep-alive
Keep-Alive: timeout=600

21:54:53.474 [AsyncHttpClient-1-2] DEBUG org.asynchttpclient.netty.channel.ChannelManager -- Adding key: http://127.0.0.1:4723 for channel [id: 0xd850032e, L:/127.0.0.1:49363 - R:/127.0.0.1:4723]
21:54:53.474 [Forwarding getElementText on session 9d505292-1662-4e03-b7da-959f22fa1c1e to remote] DEBUG org.asynchttpclient.netty.request.NettyRequestSender -- Using pooled Channel '[id: 0xd850032e, L:/127.0.0.1:49363 - R:/127.0.0.1:4723]' for 'GET' to 'http://127.0.0.1:4723/session/9d505292-1662-4e03-b7da-959f22fa1c1e/element/f.09BF641F5805ED6A5007B9E87D61469D.d.777EDFA98D7557D72B5B8D92AD5D4E58.e.1121/text'
21:54:53.474 [Forwarding getElementText on session 9d505292-1662-4e03-b7da-959f22fa1c1e to remote] DEBUG org.asynchttpclient.netty.request.NettyRequestSender -- Using open Channel [id: 0xd850032e, L:/127.0.0.1:49363 - R:/127.0.0.1:4723] for GET '/session/9d505292-1662-4e03-b7da-959f22fa1c1e/element/f.09BF641F5805ED6A5007B9E87D61469D.d.777EDFA98D7557D72B5B8D92AD5D4E58.e.1121/text'
21:54:53.492 [AsyncHttpClient-1-2] DEBUG org.asynchttpclient.netty.handler.HttpHandler -- 

Request DefaultFullHttpRequest(decodeResult: success, version: HTTP/1.1, content: EmptyByteBufBE)
GET /session/9d505292-1662-4e03-b7da-959f22fa1c1e/element/f.09BF641F5805ED6A5007B9E87D61469D.d.777EDFA98D7557D72B5B8D92AD5D4E58.e.1121/text HTTP/1.1
Cache-Control: no-cache
User-Agent: appium/8.3.0 (selenium/4.8.3 (java mac))
Content-Type: application/json; charset=utf-8
host: 127.0.0.1:4723
accept: */*

Response DefaultHttpResponse(decodeResult: success, version: HTTP/1.1)
HTTP/1.1 200 OK
X-Powered-By: Express
Content-Type: application/json; charset=utf-8
Content-Length: 21
ETag: W/"15-fX50XKDUZf11RZ04m+rGUnKF4tw"
Date: Sun, 06 Apr 2025 13:54:53 GMT
Connection: keep-alive
Keep-Alive: timeout=600

21:54:53.492 [AsyncHttpClient-1-2] DEBUG org.asynchttpclient.netty.channel.ChannelManager -- Adding key: http://127.0.0.1:4723 for channel [id: 0xd850032e, L:/127.0.0.1:49363 - R:/127.0.0.1:4723]
21:54:53.492 [Forwarding getElementText on session 9d505292-1662-4e03-b7da-959f22fa1c1e to remote] DEBUG org.asynchttpclient.netty.request.NettyRequestSender -- Using pooled Channel '[id: 0xd850032e, L:/127.0.0.1:49363 - R:/127.0.0.1:4723]' for 'GET' to 'http://127.0.0.1:4723/session/9d505292-1662-4e03-b7da-959f22fa1c1e/element/f.09BF641F5805ED6A5007B9E87D61469D.d.777EDFA98D7557D72B5B8D92AD5D4E58.e.1123/text'
21:54:53.492 [Forwarding getElementText on session 9d505292-1662-4e03-b7da-959f22fa1c1e to remote] DEBUG org.asynchttpclient.netty.request.NettyRequestSender -- Using open Channel [id: 0xd850032e, L:/127.0.0.1:49363 - R:/127.0.0.1:4723] for GET '/session/9d505292-1662-4e03-b7da-959f22fa1c1e/element/f.09BF641F5805ED6A5007B9E87D61469D.d.777EDFA98D7557D72B5B8D92AD5D4E58.e.1123/text'
21:54:53.511 [AsyncHttpClient-1-2] DEBUG org.asynchttpclient.netty.handler.HttpHandler -- 

Request DefaultFullHttpRequest(decodeResult: success, version: HTTP/1.1, content: EmptyByteBufBE)
GET /session/9d505292-1662-4e03-b7da-959f22fa1c1e/element/f.09BF641F5805ED6A5007B9E87D61469D.d.777EDFA98D7557D72B5B8D92AD5D4E58.e.1123/text HTTP/1.1
Cache-Control: no-cache
User-Agent: appium/8.3.0 (selenium/4.8.3 (java mac))
Content-Type: application/json; charset=utf-8
host: 127.0.0.1:4723
accept: */*

Response DefaultHttpResponse(decodeResult: success, version: HTTP/1.1)
HTTP/1.1 200 OK
X-Powered-By: Express
Content-Type: application/json; charset=utf-8
Content-Length: 21
ETag: W/"15-/jJSMNPRaDR1RzRW+x72odAR4ec"
Date: Sun, 06 Apr 2025 13:54:53 GMT
Connection: keep-alive
Keep-Alive: timeout=600

21:54:53.511 [AsyncHttpClient-1-2] DEBUG org.asynchttpclient.netty.channel.ChannelManager -- Adding key: http://127.0.0.1:4723 for channel [id: 0xd850032e, L:/127.0.0.1:49363 - R:/127.0.0.1:4723]
21:54:53.512 [Forwarding getElementText on session 9d505292-1662-4e03-b7da-959f22fa1c1e to remote] DEBUG org.asynchttpclient.netty.request.NettyRequestSender -- Using pooled Channel '[id: 0xd850032e, L:/127.0.0.1:49363 - R:/127.0.0.1:4723]' for 'GET' to 'http://127.0.0.1:4723/session/9d505292-1662-4e03-b7da-959f22fa1c1e/element/f.09BF641F5805ED6A5007B9E87D61469D.d.777EDFA98D7557D72B5B8D92AD5D4E58.e.1125/text'
21:54:53.512 [Forwarding getElementText on session 9d505292-1662-4e03-b7da-959f22fa1c1e to remote] DEBUG org.asynchttpclient.netty.request.NettyRequestSender -- Using open Channel [id: 0xd850032e, L:/127.0.0.1:49363 - R:/127.0.0.1:4723] for GET '/session/9d505292-1662-4e03-b7da-959f22fa1c1e/element/f.09BF641F5805ED6A5007B9E87D61469D.d.777EDFA98D7557D72B5B8D92AD5D4E58.e.1125/text'
21:54:53.533 [AsyncHttpClient-1-2] DEBUG org.asynchttpclient.netty.handler.HttpHandler -- 

Request DefaultFullHttpRequest(decodeResult: success, version: HTTP/1.1, content: EmptyByteBufBE)
GET /session/9d505292-1662-4e03-b7da-959f22fa1c1e/element/f.09BF641F5805ED6A5007B9E87D61469D.d.777EDFA98D7557D72B5B8D92AD5D4E58.e.1125/text HTTP/1.1
Cache-Control: no-cache
User-Agent: appium/8.3.0 (selenium/4.8.3 (java mac))
Content-Type: application/json; charset=utf-8
host: 127.0.0.1:4723
accept: */*

Response DefaultHttpResponse(decodeResult: success, version: HTTP/1.1)
HTTP/1.1 200 OK
X-Powered-By: Express
Content-Type: application/json; charset=utf-8
Content-Length: 21
ETag: W/"15-a5VCOKiTw2TxvZNSjq1ZMoWc3i0"
Date: Sun, 06 Apr 2025 13:54:53 GMT
Connection: keep-alive
Keep-Alive: timeout=600

21:54:53.534 [AsyncHttpClient-1-2] DEBUG org.asynchttpclient.netty.channel.ChannelManager -- Adding key: http://127.0.0.1:4723 for channel [id: 0xd850032e, L:/127.0.0.1:49363 - R:/127.0.0.1:4723]
21:54:53.534 [Forwarding getElementText on session 9d505292-1662-4e03-b7da-959f22fa1c1e to remote] DEBUG org.asynchttpclient.netty.request.NettyRequestSender -- Using pooled Channel '[id: 0xd850032e, L:/127.0.0.1:49363 - R:/127.0.0.1:4723]' for 'GET' to 'http://127.0.0.1:4723/session/9d505292-1662-4e03-b7da-959f22fa1c1e/element/f.09BF641F5805ED6A5007B9E87D61469D.d.777EDFA98D7557D72B5B8D92AD5D4E58.e.1127/text'
21:54:53.534 [Forwarding getElementText on session 9d505292-1662-4e03-b7da-959f22fa1c1e to remote] DEBUG org.asynchttpclient.netty.request.NettyRequestSender -- Using open Channel [id: 0xd850032e, L:/127.0.0.1:49363 - R:/127.0.0.1:4723] for GET '/session/9d505292-1662-4e03-b7da-959f22fa1c1e/element/f.09BF641F5805ED6A5007B9E87D61469D.d.777EDFA98D7557D72B5B8D92AD5D4E58.e.1127/text'
21:54:53.552 [AsyncHttpClient-1-2] DEBUG org.asynchttpclient.netty.handler.HttpHandler -- 

Request DefaultFullHttpRequest(decodeResult: success, version: HTTP/1.1, content: EmptyByteBufBE)
GET /session/9d505292-1662-4e03-b7da-959f22fa1c1e/element/f.09BF641F5805ED6A5007B9E87D61469D.d.777EDFA98D7557D72B5B8D92AD5D4E58.e.1127/text HTTP/1.1
Cache-Control: no-cache
User-Agent: appium/8.3.0 (selenium/4.8.3 (java mac))
Content-Type: application/json; charset=utf-8
host: 127.0.0.1:4723
accept: */*

Response DefaultHttpResponse(decodeResult: success, version: HTTP/1.1)
HTTP/1.1 200 OK
X-Powered-By: Express
Content-Type: application/json; charset=utf-8
Content-Length: 21
ETag: W/"15-OjefqvBVPEkXt5etuWXBVOYTWp4"
Date: Sun, 06 Apr 2025 13:54:53 GMT
Connection: keep-alive
Keep-Alive: timeout=600

21:54:53.553 [AsyncHttpClient-1-2] DEBUG org.asynchttpclient.netty.channel.ChannelManager -- Adding key: http://127.0.0.1:4723 for channel [id: 0xd850032e, L:/127.0.0.1:49363 - R:/127.0.0.1:4723]
21:54:53.553 [Forwarding getElementText on session 9d505292-1662-4e03-b7da-959f22fa1c1e to remote] DEBUG org.asynchttpclient.netty.request.NettyRequestSender -- Using pooled Channel '[id: 0xd850032e, L:/127.0.0.1:49363 - R:/127.0.0.1:4723]' for 'GET' to 'http://127.0.0.1:4723/session/9d505292-1662-4e03-b7da-959f22fa1c1e/element/f.09BF641F5805ED6A5007B9E87D61469D.d.777EDFA98D7557D72B5B8D92AD5D4E58.e.1129/text'
21:54:53.553 [Forwarding getElementText on session 9d505292-1662-4e03-b7da-959f22fa1c1e to remote] DEBUG org.asynchttpclient.netty.request.NettyRequestSender -- Using open Channel [id: 0xd850032e, L:/127.0.0.1:49363 - R:/127.0.0.1:4723] for GET '/session/9d505292-1662-4e03-b7da-959f22fa1c1e/element/f.09BF641F5805ED6A5007B9E87D61469D.d.777EDFA98D7557D72B5B8D92AD5D4E58.e.1129/text'
21:54:53.572 [AsyncHttpClient-1-2] DEBUG org.asynchttpclient.netty.handler.HttpHandler -- 

Request DefaultFullHttpRequest(decodeResult: success, version: HTTP/1.1, content: EmptyByteBufBE)
GET /session/9d505292-1662-4e03-b7da-959f22fa1c1e/element/f.09BF641F5805ED6A5007B9E87D61469D.d.777EDFA98D7557D72B5B8D92AD5D4E58.e.1129/text HTTP/1.1
Cache-Control: no-cache
User-Agent: appium/8.3.0 (selenium/4.8.3 (java mac))
Content-Type: application/json; charset=utf-8
host: 127.0.0.1:4723
accept: */*

Response DefaultHttpResponse(decodeResult: success, version: HTTP/1.1)
HTTP/1.1 200 OK
X-Powered-By: Express
Content-Type: application/json; charset=utf-8
Content-Length: 21
ETag: W/"15-ZLBisO9Mt9UiPoRCOX0pJFw/FiI"
Date: Sun, 06 Apr 2025 13:54:53 GMT
Connection: keep-alive
Keep-Alive: timeout=600

21:54:53.572 [AsyncHttpClient-1-2] DEBUG org.asynchttpclient.netty.channel.ChannelManager -- Adding key: http://127.0.0.1:4723 for channel [id: 0xd850032e, L:/127.0.0.1:49363 - R:/127.0.0.1:4723]
21:54:53.573 [Forwarding getElementText on session 9d505292-1662-4e03-b7da-959f22fa1c1e to remote] DEBUG org.asynchttpclient.netty.request.NettyRequestSender -- Using pooled Channel '[id: 0xd850032e, L:/127.0.0.1:49363 - R:/127.0.0.1:4723]' for 'GET' to 'http://127.0.0.1:4723/session/9d505292-1662-4e03-b7da-959f22fa1c1e/element/f.09BF641F5805ED6A5007B9E87D61469D.d.777EDFA98D7557D72B5B8D92AD5D4E58.e.1131/text'
21:54:53.573 [Forwarding getElementText on session 9d505292-1662-4e03-b7da-959f22fa1c1e to remote] DEBUG org.asynchttpclient.netty.request.NettyRequestSender -- Using open Channel [id: 0xd850032e, L:/127.0.0.1:49363 - R:/127.0.0.1:4723] for GET '/session/9d505292-1662-4e03-b7da-959f22fa1c1e/element/f.09BF641F5805ED6A5007B9E87D61469D.d.777EDFA98D7557D72B5B8D92AD5D4E58.e.1131/text'
21:54:53.592 [AsyncHttpClient-1-2] DEBUG org.asynchttpclient.netty.handler.HttpHandler -- 

Request DefaultFullHttpRequest(decodeResult: success, version: HTTP/1.1, content: EmptyByteBufBE)
GET /session/9d505292-1662-4e03-b7da-959f22fa1c1e/element/f.09BF641F5805ED6A5007B9E87D61469D.d.777EDFA98D7557D72B5B8D92AD5D4E58.e.1131/text HTTP/1.1
Cache-Control: no-cache
User-Agent: appium/8.3.0 (selenium/4.8.3 (java mac))
Content-Type: application/json; charset=utf-8
host: 127.0.0.1:4723
accept: */*

Response DefaultHttpResponse(decodeResult: success, version: HTTP/1.1)
HTTP/1.1 200 OK
X-Powered-By: Express
Content-Type: application/json; charset=utf-8
Content-Length: 21
ETag: W/"15-t/0l+mkR1gnzkSQZVgzz3zU3Vt8"
Date: Sun, 06 Apr 2025 13:54:53 GMT
Connection: keep-alive
Keep-Alive: timeout=600

21:54:53.592 [AsyncHttpClient-1-2] DEBUG org.asynchttpclient.netty.channel.ChannelManager -- Adding key: http://127.0.0.1:4723 for channel [id: 0xd850032e, L:/127.0.0.1:49363 - R:/127.0.0.1:4723]
21:54:53.593 [Forwarding getElementText on session 9d505292-1662-4e03-b7da-959f22fa1c1e to remote] DEBUG org.asynchttpclient.netty.request.NettyRequestSender -- Using pooled Channel '[id: 0xd850032e, L:/127.0.0.1:49363 - R:/127.0.0.1:4723]' for 'GET' to 'http://127.0.0.1:4723/session/9d505292-1662-4e03-b7da-959f22fa1c1e/element/f.09BF641F5805ED6A5007B9E87D61469D.d.777EDFA98D7557D72B5B8D92AD5D4E58.e.1133/text'
21:54:53.593 [Forwarding getElementText on session 9d505292-1662-4e03-b7da-959f22fa1c1e to remote] DEBUG org.asynchttpclient.netty.request.NettyRequestSender -- Using open Channel [id: 0xd850032e, L:/127.0.0.1:49363 - R:/127.0.0.1:4723] for GET '/session/9d505292-1662-4e03-b7da-959f22fa1c1e/element/f.09BF641F5805ED6A5007B9E87D61469D.d.777EDFA98D7557D72B5B8D92AD5D4E58.e.1133/text'
21:54:53.611 [AsyncHttpClient-1-2] DEBUG org.asynchttpclient.netty.handler.HttpHandler -- 

Request DefaultFullHttpRequest(decodeResult: success, version: HTTP/1.1, content: EmptyByteBufBE)
GET /session/9d505292-1662-4e03-b7da-959f22fa1c1e/element/f.09BF641F5805ED6A5007B9E87D61469D.d.777EDFA98D7557D72B5B8D92AD5D4E58.e.1133/text HTTP/1.1
Cache-Control: no-cache
User-Agent: appium/8.3.0 (selenium/4.8.3 (java mac))
Content-Type: application/json; charset=utf-8
host: 127.0.0.1:4723
accept: */*

Response DefaultHttpResponse(decodeResult: success, version: HTTP/1.1)
HTTP/1.1 200 OK
X-Powered-By: Express
Content-Type: application/json; charset=utf-8
Content-Length: 21
ETag: W/"15-jf/43d+/tYb4iMj58UMpWoFlLa4"
Date: Sun, 06 Apr 2025 13:54:53 GMT
Connection: keep-alive
Keep-Alive: timeout=600

21:54:53.611 [AsyncHttpClient-1-2] DEBUG org.asynchttpclient.netty.channel.ChannelManager -- Adding key: http://127.0.0.1:4723 for channel [id: 0xd850032e, L:/127.0.0.1:49363 - R:/127.0.0.1:4723]
21:54:53.611 [Forwarding getElementText on session 9d505292-1662-4e03-b7da-959f22fa1c1e to remote] DEBUG org.asynchttpclient.netty.request.NettyRequestSender -- Using pooled Channel '[id: 0xd850032e, L:/127.0.0.1:49363 - R:/127.0.0.1:4723]' for 'GET' to 'http://127.0.0.1:4723/session/9d505292-1662-4e03-b7da-959f22fa1c1e/element/f.09BF641F5805ED6A5007B9E87D61469D.d.777EDFA98D7557D72B5B8D92AD5D4E58.e.1135/text'
21:54:53.611 [Forwarding getElementText on session 9d505292-1662-4e03-b7da-959f22fa1c1e to remote] DEBUG org.asynchttpclient.netty.request.NettyRequestSender -- Using open Channel [id: 0xd850032e, L:/127.0.0.1:49363 - R:/127.0.0.1:4723] for GET '/session/9d505292-1662-4e03-b7da-959f22fa1c1e/element/f.09BF641F5805ED6A5007B9E87D61469D.d.777EDFA98D7557D72B5B8D92AD5D4E58.e.1135/text'
21:54:53.630 [AsyncHttpClient-1-2] DEBUG org.asynchttpclient.netty.handler.HttpHandler -- 

Request DefaultFullHttpRequest(decodeResult: success, version: HTTP/1.1, content: EmptyByteBufBE)
GET /session/9d505292-1662-4e03-b7da-959f22fa1c1e/element/f.09BF641F5805ED6A5007B9E87D61469D.d.777EDFA98D7557D72B5B8D92AD5D4E58.e.1135/text HTTP/1.1
Cache-Control: no-cache
User-Agent: appium/8.3.0 (selenium/4.8.3 (java mac))
Content-Type: application/json; charset=utf-8
host: 127.0.0.1:4723
accept: */*

Response DefaultHttpResponse(decodeResult: success, version: HTTP/1.1)
HTTP/1.1 200 OK
X-Powered-By: Express
Content-Type: application/json; charset=utf-8
Content-Length: 21
ETag: W/"15-dflvkSIM6bkDC1ZBzCIQ3nfQboA"
Date: Sun, 06 Apr 2025 13:54:53 GMT
Connection: keep-alive
Keep-Alive: timeout=600

21:54:53.630 [AsyncHttpClient-1-2] DEBUG org.asynchttpclient.netty.channel.ChannelManager -- Adding key: http://127.0.0.1:4723 for channel [id: 0xd850032e, L:/127.0.0.1:49363 - R:/127.0.0.1:4723]
21:54:53.630 [Forwarding getElementText on session 9d505292-1662-4e03-b7da-959f22fa1c1e to remote] DEBUG org.asynchttpclient.netty.request.NettyRequestSender -- Using pooled Channel '[id: 0xd850032e, L:/127.0.0.1:49363 - R:/127.0.0.1:4723]' for 'GET' to 'http://127.0.0.1:4723/session/9d505292-1662-4e03-b7da-959f22fa1c1e/element/f.09BF641F5805ED6A5007B9E87D61469D.d.777EDFA98D7557D72B5B8D92AD5D4E58.e.1137/text'
21:54:53.630 [Forwarding getElementText on session 9d505292-1662-4e03-b7da-959f22fa1c1e to remote] DEBUG org.asynchttpclient.netty.request.NettyRequestSender -- Using open Channel [id: 0xd850032e, L:/127.0.0.1:49363 - R:/127.0.0.1:4723] for GET '/session/9d505292-1662-4e03-b7da-959f22fa1c1e/element/f.09BF641F5805ED6A5007B9E87D61469D.d.777EDFA98D7557D72B5B8D92AD5D4E58.e.1137/text'
21:54:53.649 [AsyncHttpClient-1-2] DEBUG org.asynchttpclient.netty.handler.HttpHandler -- 

Request DefaultFullHttpRequest(decodeResult: success, version: HTTP/1.1, content: EmptyByteBufBE)
GET /session/9d505292-1662-4e03-b7da-959f22fa1c1e/element/f.09BF641F5805ED6A5007B9E87D61469D.d.777EDFA98D7557D72B5B8D92AD5D4E58.e.1137/text HTTP/1.1
Cache-Control: no-cache
User-Agent: appium/8.3.0 (selenium/4.8.3 (java mac))
Content-Type: application/json; charset=utf-8
host: 127.0.0.1:4723
accept: */*

Response DefaultHttpResponse(decodeResult: success, version: HTTP/1.1)
HTTP/1.1 200 OK
X-Powered-By: Express
Content-Type: application/json; charset=utf-8
Content-Length: 21
ETag: W/"15-R5nM6LG0w/aABnO1sR6lWVKPhsg"
Date: Sun, 06 Apr 2025 13:54:53 GMT
Connection: keep-alive
Keep-Alive: timeout=600

21:54:53.649 [AsyncHttpClient-1-2] DEBUG org.asynchttpclient.netty.channel.ChannelManager -- Adding key: http://127.0.0.1:4723 for channel [id: 0xd850032e, L:/127.0.0.1:49363 - R:/127.0.0.1:4723]
21:54:53.650 [Forwarding getElementText on session 9d505292-1662-4e03-b7da-959f22fa1c1e to remote] DEBUG org.asynchttpclient.netty.request.NettyRequestSender -- Using pooled Channel '[id: 0xd850032e, L:/127.0.0.1:49363 - R:/127.0.0.1:4723]' for 'GET' to 'http://127.0.0.1:4723/session/9d505292-1662-4e03-b7da-959f22fa1c1e/element/f.09BF641F5805ED6A5007B9E87D61469D.d.777EDFA98D7557D72B5B8D92AD5D4E58.e.1139/text'
21:54:53.650 [Forwarding getElementText on session 9d505292-1662-4e03-b7da-959f22fa1c1e to remote] DEBUG org.asynchttpclient.netty.request.NettyRequestSender -- Using open Channel [id: 0xd850032e, L:/127.0.0.1:49363 - R:/127.0.0.1:4723] for GET '/session/9d505292-1662-4e03-b7da-959f22fa1c1e/element/f.09BF641F5805ED6A5007B9E87D61469D.d.777EDFA98D7557D72B5B8D92AD5D4E58.e.1139/text'
21:54:53.668 [AsyncHttpClient-1-2] DEBUG org.asynchttpclient.netty.handler.HttpHandler -- 

Request DefaultFullHttpRequest(decodeResult: success, version: HTTP/1.1, content: EmptyByteBufBE)
GET /session/9d505292-1662-4e03-b7da-959f22fa1c1e/element/f.09BF641F5805ED6A5007B9E87D61469D.d.777EDFA98D7557D72B5B8D92AD5D4E58.e.1139/text HTTP/1.1
Cache-Control: no-cache
User-Agent: appium/8.3.0 (selenium/4.8.3 (java mac))
Content-Type: application/json; charset=utf-8
host: 127.0.0.1:4723
accept: */*

Response DefaultHttpResponse(decodeResult: success, version: HTTP/1.1)
HTTP/1.1 200 OK
X-Powered-By: Express
Content-Type: application/json; charset=utf-8
Content-Length: 24
ETag: W/"18-wxmv5Rn5siZySvUY+ZTszetVUdQ"
Date: Sun, 06 Apr 2025 13:54:53 GMT
Connection: keep-alive
Keep-Alive: timeout=600

21:54:53.668 [AsyncHttpClient-1-2] DEBUG org.asynchttpclient.netty.channel.ChannelManager -- Adding key: http://127.0.0.1:4723 for channel [id: 0xd850032e, L:/127.0.0.1:49363 - R:/127.0.0.1:4723]
驗證縣市「台東縣」與其行政區成功！
21:54:53.669 [Forwarding executeScript on session 9d505292-1662-4e03-b7da-959f22fa1c1e to remote] DEBUG org.asynchttpclient.netty.request.NettyRequestSender -- Using pooled Channel '[id: 0xd850032e, L:/127.0.0.1:49363 - R:/127.0.0.1:4723]' for 'POST' to 'http://127.0.0.1:4723/session/9d505292-1662-4e03-b7da-959f22fa1c1e/execute/sync'
21:54:53.669 [Forwarding executeScript on session 9d505292-1662-4e03-b7da-959f22fa1c1e to remote] DEBUG org.asynchttpclient.netty.request.NettyRequestSender -- Using open Channel [id: 0xd850032e, L:/127.0.0.1:49363 - R:/127.0.0.1:4723] for POST '/session/9d505292-1662-4e03-b7da-959f22fa1c1e/execute/sync'
21:54:53.688 [AsyncHttpClient-1-2] DEBUG org.asynchttpclient.netty.handler.HttpHandler -- 

Request DefaultHttpRequest(decodeResult: success, version: HTTP/1.1)
POST /session/9d505292-1662-4e03-b7da-959f22fa1c1e/execute/sync HTTP/1.1
User-Agent: appium/8.3.0 (selenium/4.8.3 (java mac))
Content-Length: 347
Content-Type: application/json; charset=utf-8
host: 127.0.0.1:4723
accept: */*

Response DefaultHttpResponse(decodeResult: success, version: HTTP/1.1)
HTTP/1.1 200 OK
X-Powered-By: Express
Vary: X-HTTP-Method-Override
Content-Type: application/json; charset=utf-8
Content-Length: 14
ETag: W/"e-9/1BuKMgFObM1mWJm+YjxtXJnUM"
Date: Sun, 06 Apr 2025 13:54:53 GMT
Connection: keep-alive
Keep-Alive: timeout=600

21:54:53.688 [AsyncHttpClient-1-2] DEBUG org.asynchttpclient.netty.channel.ChannelManager -- Adding key: http://127.0.0.1:4723 for channel [id: 0xd850032e, L:/127.0.0.1:49363 - R:/127.0.0.1:4723]
21:54:53.689 [Forwarding findElement on session 9d505292-1662-4e03-b7da-959f22fa1c1e to remote] DEBUG org.asynchttpclient.netty.request.NettyRequestSender -- Using pooled Channel '[id: 0xd850032e, L:/127.0.0.1:49363 - R:/127.0.0.1:4723]' for 'POST' to 'http://127.0.0.1:4723/session/9d505292-1662-4e03-b7da-959f22fa1c1e/element'
21:54:53.689 [Forwarding findElement on session 9d505292-1662-4e03-b7da-959f22fa1c1e to remote] DEBUG org.asynchttpclient.netty.request.NettyRequestSender -- Using open Channel [id: 0xd850032e, L:/127.0.0.1:49363 - R:/127.0.0.1:4723] for POST '/session/9d505292-1662-4e03-b7da-959f22fa1c1e/element'
21:54:53.705 [AsyncHttpClient-1-2] DEBUG org.asynchttpclient.netty.handler.HttpHandler -- 

Request DefaultHttpRequest(decodeResult: success, version: HTTP/1.1)
POST /session/9d505292-1662-4e03-b7da-959f22fa1c1e/element HTTP/1.1
User-Agent: appium/8.3.0 (selenium/4.8.3 (java mac))
Content-Length: 64
Content-Type: application/json; charset=utf-8
host: 127.0.0.1:4723
accept: */*

Response DefaultHttpResponse(decodeResult: success, version: HTTP/1.1)
HTTP/1.1 200 OK
X-Powered-By: Express
Vary: X-HTTP-Method-Override
Content-Type: application/json; charset=utf-8
Content-Length: 215
ETag: W/"d7-hLLmI8sXBhj61n8KQz/SSgPhJ+w"
Date: Sun, 06 Apr 2025 13:54:53 GMT
Connection: keep-alive
Keep-Alive: timeout=600

21:54:53.705 [AsyncHttpClient-1-2] DEBUG org.asynchttpclient.netty.channel.ChannelManager -- Adding key: http://127.0.0.1:4723 for channel [id: 0xd850032e, L:/127.0.0.1:49363 - R:/127.0.0.1:4723]
21:54:53.810 [Forwarding findChildElements on session 9d505292-1662-4e03-b7da-959f22fa1c1e to remote] DEBUG org.asynchttpclient.netty.request.NettyRequestSender -- Using pooled Channel '[id: 0xd850032e, L:/127.0.0.1:49363 - R:/127.0.0.1:4723]' for 'POST' to 'http://127.0.0.1:4723/session/9d505292-1662-4e03-b7da-959f22fa1c1e/element/f.09BF641F5805ED6A5007B9E87D61469D.d.777EDFA98D7557D72B5B8D92AD5D4E58.e.377/elements'
21:54:53.810 [Forwarding findChildElements on session 9d505292-1662-4e03-b7da-959f22fa1c1e to remote] DEBUG org.asynchttpclient.netty.request.NettyRequestSender -- Using open Channel [id: 0xd850032e, L:/127.0.0.1:49363 - R:/127.0.0.1:4723] for POST '/session/9d505292-1662-4e03-b7da-959f22fa1c1e/element/f.09BF641F5805ED6A5007B9E87D61469D.d.777EDFA98D7557D72B5B8D92AD5D4E58.e.377/elements'
21:54:53.835 [AsyncHttpClient-1-2] DEBUG org.asynchttpclient.netty.handler.HttpHandler -- 

Request DefaultHttpRequest(decodeResult: success, version: HTTP/1.1)
POST /session/9d505292-1662-4e03-b7da-959f22fa1c1e/element/f.09BF641F5805ED6A5007B9E87D61469D.d.777EDFA98D7557D72B5B8D92AD5D4E58.e.377/elements HTTP/1.1
User-Agent: appium/8.3.0 (selenium/4.8.3 (java mac))
Content-Length: 133
Content-Type: application/json; charset=utf-8
host: 127.0.0.1:4723
accept: */*

Response DefaultHttpResponse(decodeResult: success, version: HTTP/1.1)
HTTP/1.1 200 OK
X-Powered-By: Express
Vary: X-HTTP-Method-Override
Content-Type: application/json; charset=utf-8
Content-Length: 427
ETag: W/"1ab-SYLs8cLzi1mSLWh/HLDKjTpg0+g"
Date: Sun, 06 Apr 2025 13:54:53 GMT
Connection: keep-alive
Keep-Alive: timeout=600

21:54:53.835 [AsyncHttpClient-1-2] DEBUG org.asynchttpclient.netty.channel.ChannelManager -- Adding key: http://127.0.0.1:4723 for channel [id: 0xd850032e, L:/127.0.0.1:49363 - R:/127.0.0.1:4723]
21:54:53.836 [Forwarding getElementText on session 9d505292-1662-4e03-b7da-959f22fa1c1e to remote] DEBUG org.asynchttpclient.netty.request.NettyRequestSender -- Using pooled Channel '[id: 0xd850032e, L:/127.0.0.1:49363 - R:/127.0.0.1:4723]' for 'GET' to 'http://127.0.0.1:4723/session/9d505292-1662-4e03-b7da-959f22fa1c1e/element/f.09BF641F5805ED6A5007B9E87D61469D.d.777EDFA98D7557D72B5B8D92AD5D4E58.e.1143/text'
21:54:53.836 [Forwarding getElementText on session 9d505292-1662-4e03-b7da-959f22fa1c1e to remote] DEBUG org.asynchttpclient.netty.request.NettyRequestSender -- Using open Channel [id: 0xd850032e, L:/127.0.0.1:49363 - R:/127.0.0.1:4723] for GET '/session/9d505292-1662-4e03-b7da-959f22fa1c1e/element/f.09BF641F5805ED6A5007B9E87D61469D.d.777EDFA98D7557D72B5B8D92AD5D4E58.e.1143/text'
21:54:53.859 [AsyncHttpClient-1-2] DEBUG org.asynchttpclient.netty.handler.HttpHandler -- 

Request DefaultFullHttpRequest(decodeResult: success, version: HTTP/1.1, content: EmptyByteBufBE)
GET /session/9d505292-1662-4e03-b7da-959f22fa1c1e/element/f.09BF641F5805ED6A5007B9E87D61469D.d.777EDFA98D7557D72B5B8D92AD5D4E58.e.1143/text HTTP/1.1
Cache-Control: no-cache
User-Agent: appium/8.3.0 (selenium/4.8.3 (java mac))
Content-Type: application/json; charset=utf-8
host: 127.0.0.1:4723
accept: */*

Response DefaultHttpResponse(decodeResult: success, version: HTTP/1.1)
HTTP/1.1 200 OK
X-Powered-By: Express
Content-Type: application/json; charset=utf-8
Content-Length: 27
ETag: W/"1b-WszMrTDLUBhetLFWttbtrso7fzY"
Date: Sun, 06 Apr 2025 13:54:53 GMT
Connection: keep-alive
Keep-Alive: timeout=600

21:54:53.859 [AsyncHttpClient-1-2] DEBUG org.asynchttpclient.netty.channel.ChannelManager -- Adding key: http://127.0.0.1:4723 for channel [id: 0xd850032e, L:/127.0.0.1:49363 - R:/127.0.0.1:4723]
21:54:53.860 [Forwarding getElementText on session 9d505292-1662-4e03-b7da-959f22fa1c1e to remote] DEBUG org.asynchttpclient.netty.request.NettyRequestSender -- Using pooled Channel '[id: 0xd850032e, L:/127.0.0.1:49363 - R:/127.0.0.1:4723]' for 'GET' to 'http://127.0.0.1:4723/session/9d505292-1662-4e03-b7da-959f22fa1c1e/element/f.09BF641F5805ED6A5007B9E87D61469D.d.777EDFA98D7557D72B5B8D92AD5D4E58.e.1145/text'
21:54:53.860 [Forwarding getElementText on session 9d505292-1662-4e03-b7da-959f22fa1c1e to remote] DEBUG org.asynchttpclient.netty.request.NettyRequestSender -- Using open Channel [id: 0xd850032e, L:/127.0.0.1:49363 - R:/127.0.0.1:4723] for GET '/session/9d505292-1662-4e03-b7da-959f22fa1c1e/element/f.09BF641F5805ED6A5007B9E87D61469D.d.777EDFA98D7557D72B5B8D92AD5D4E58.e.1145/text'
21:54:53.879 [AsyncHttpClient-1-2] DEBUG org.asynchttpclient.netty.handler.HttpHandler -- 

Request DefaultFullHttpRequest(decodeResult: success, version: HTTP/1.1, content: EmptyByteBufBE)
GET /session/9d505292-1662-4e03-b7da-959f22fa1c1e/element/f.09BF641F5805ED6A5007B9E87D61469D.d.777EDFA98D7557D72B5B8D92AD5D4E58.e.1145/text HTTP/1.1
Cache-Control: no-cache
User-Agent: appium/8.3.0 (selenium/4.8.3 (java mac))
Content-Type: application/json; charset=utf-8
host: 127.0.0.1:4723
accept: */*

Response DefaultHttpResponse(decodeResult: success, version: HTTP/1.1)
HTTP/1.1 200 OK
X-Powered-By: Express
Content-Type: application/json; charset=utf-8
Content-Length: 21
ETag: W/"15-iTQ7RAg0Fom/tLn9f2fEqBqG52I"
Date: Sun, 06 Apr 2025 13:54:53 GMT
Connection: keep-alive
Keep-Alive: timeout=600

21:54:53.879 [AsyncHttpClient-1-2] DEBUG org.asynchttpclient.netty.channel.ChannelManager -- Adding key: http://127.0.0.1:4723 for channel [id: 0xd850032e, L:/127.0.0.1:49363 - R:/127.0.0.1:4723]
驗證縣市「澎湖縣」與其行政區成功！
21:54:53.881 [Forwarding executeScript on session 9d505292-1662-4e03-b7da-959f22fa1c1e to remote] DEBUG org.asynchttpclient.netty.request.NettyRequestSender -- Using pooled Channel '[id: 0xd850032e, L:/127.0.0.1:49363 - R:/127.0.0.1:4723]' for 'POST' to 'http://127.0.0.1:4723/session/9d505292-1662-4e03-b7da-959f22fa1c1e/execute/sync'
21:54:53.881 [Forwarding executeScript on session 9d505292-1662-4e03-b7da-959f22fa1c1e to remote] DEBUG org.asynchttpclient.netty.request.NettyRequestSender -- Using open Channel [id: 0xd850032e, L:/127.0.0.1:49363 - R:/127.0.0.1:4723] for POST '/session/9d505292-1662-4e03-b7da-959f22fa1c1e/execute/sync'
21:54:53.903 [AsyncHttpClient-1-2] DEBUG org.asynchttpclient.netty.handler.HttpHandler -- 

Request DefaultHttpRequest(decodeResult: success, version: HTTP/1.1)
POST /session/9d505292-1662-4e03-b7da-959f22fa1c1e/execute/sync HTTP/1.1
User-Agent: appium/8.3.0 (selenium/4.8.3 (java mac))
Content-Length: 347
Content-Type: application/json; charset=utf-8
host: 127.0.0.1:4723
accept: */*

Response DefaultHttpResponse(decodeResult: success, version: HTTP/1.1)
HTTP/1.1 200 OK
X-Powered-By: Express
Vary: X-HTTP-Method-Override
Content-Type: application/json; charset=utf-8
Content-Length: 14
ETag: W/"e-9/1BuKMgFObM1mWJm+YjxtXJnUM"
Date: Sun, 06 Apr 2025 13:54:53 GMT
Connection: keep-alive
Keep-Alive: timeout=600

21:54:53.903 [AsyncHttpClient-1-2] DEBUG org.asynchttpclient.netty.channel.ChannelManager -- Adding key: http://127.0.0.1:4723 for channel [id: 0xd850032e, L:/127.0.0.1:49363 - R:/127.0.0.1:4723]
21:54:53.904 [Forwarding findElement on session 9d505292-1662-4e03-b7da-959f22fa1c1e to remote] DEBUG org.asynchttpclient.netty.request.NettyRequestSender -- Using pooled Channel '[id: 0xd850032e, L:/127.0.0.1:49363 - R:/127.0.0.1:4723]' for 'POST' to 'http://127.0.0.1:4723/session/9d505292-1662-4e03-b7da-959f22fa1c1e/element'
21:54:53.904 [Forwarding findElement on session 9d505292-1662-4e03-b7da-959f22fa1c1e to remote] DEBUG org.asynchttpclient.netty.request.NettyRequestSender -- Using open Channel [id: 0xd850032e, L:/127.0.0.1:49363 - R:/127.0.0.1:4723] for POST '/session/9d505292-1662-4e03-b7da-959f22fa1c1e/element'
21:54:53.921 [AsyncHttpClient-1-2] DEBUG org.asynchttpclient.netty.handler.HttpHandler -- 

Request DefaultHttpRequest(decodeResult: success, version: HTTP/1.1)
POST /session/9d505292-1662-4e03-b7da-959f22fa1c1e/element HTTP/1.1
User-Agent: appium/8.3.0 (selenium/4.8.3 (java mac))
Content-Length: 64
Content-Type: application/json; charset=utf-8
host: 127.0.0.1:4723
accept: */*

Response DefaultHttpResponse(decodeResult: success, version: HTTP/1.1)
HTTP/1.1 200 OK
X-Powered-By: Express
Vary: X-HTTP-Method-Override
Content-Type: application/json; charset=utf-8
Content-Length: 215
ETag: W/"d7-hLLmI8sXBhj61n8KQz/SSgPhJ+w"
Date: Sun, 06 Apr 2025 13:54:53 GMT
Connection: keep-alive
Keep-Alive: timeout=600

21:54:53.921 [AsyncHttpClient-1-2] DEBUG org.asynchttpclient.netty.channel.ChannelManager -- Adding key: http://127.0.0.1:4723 for channel [id: 0xd850032e, L:/127.0.0.1:49363 - R:/127.0.0.1:4723]
21:54:54.027 [Forwarding findChildElements on session 9d505292-1662-4e03-b7da-959f22fa1c1e to remote] DEBUG org.asynchttpclient.netty.request.NettyRequestSender -- Using pooled Channel '[id: 0xd850032e, L:/127.0.0.1:49363 - R:/127.0.0.1:4723]' for 'POST' to 'http://127.0.0.1:4723/session/9d505292-1662-4e03-b7da-959f22fa1c1e/element/f.09BF641F5805ED6A5007B9E87D61469D.d.777EDFA98D7557D72B5B8D92AD5D4E58.e.377/elements'
21:54:54.027 [Forwarding findChildElements on session 9d505292-1662-4e03-b7da-959f22fa1c1e to remote] DEBUG org.asynchttpclient.netty.request.NettyRequestSender -- Using open Channel [id: 0xd850032e, L:/127.0.0.1:49363 - R:/127.0.0.1:4723] for POST '/session/9d505292-1662-4e03-b7da-959f22fa1c1e/element/f.09BF641F5805ED6A5007B9E87D61469D.d.777EDFA98D7557D72B5B8D92AD5D4E58.e.377/elements'
21:54:54.052 [AsyncHttpClient-1-2] DEBUG org.asynchttpclient.netty.handler.HttpHandler -- 

Request DefaultHttpRequest(decodeResult: success, version: HTTP/1.1)
POST /session/9d505292-1662-4e03-b7da-959f22fa1c1e/element/f.09BF641F5805ED6A5007B9E87D61469D.d.777EDFA98D7557D72B5B8D92AD5D4E58.e.377/elements HTTP/1.1
User-Agent: appium/8.3.0 (selenium/4.8.3 (java mac))
Content-Length: 133
Content-Type: application/json; charset=utf-8
host: 127.0.0.1:4723
accept: */*

Response DefaultHttpResponse(decodeResult: success, version: HTTP/1.1)
HTTP/1.1 200 OK
X-Powered-By: Express
Vary: X-HTTP-Method-Override
Content-Type: application/json; charset=utf-8
Content-Length: 427
ETag: W/"1ab-AYHSrwFevSzQM4hlIM+IBkqaOqA"
Date: Sun, 06 Apr 2025 13:54:54 GMT
Connection: keep-alive
Keep-Alive: timeout=600

21:54:54.052 [AsyncHttpClient-1-2] DEBUG org.asynchttpclient.netty.channel.ChannelManager -- Adding key: http://127.0.0.1:4723 for channel [id: 0xd850032e, L:/127.0.0.1:49363 - R:/127.0.0.1:4723]
21:54:54.053 [Forwarding getElementText on session 9d505292-1662-4e03-b7da-959f22fa1c1e to remote] DEBUG org.asynchttpclient.netty.request.NettyRequestSender -- Using pooled Channel '[id: 0xd850032e, L:/127.0.0.1:49363 - R:/127.0.0.1:4723]' for 'GET' to 'http://127.0.0.1:4723/session/9d505292-1662-4e03-b7da-959f22fa1c1e/element/f.09BF641F5805ED6A5007B9E87D61469D.d.777EDFA98D7557D72B5B8D92AD5D4E58.e.1149/text'
21:54:54.053 [Forwarding getElementText on session 9d505292-1662-4e03-b7da-959f22fa1c1e to remote] DEBUG org.asynchttpclient.netty.request.NettyRequestSender -- Using open Channel [id: 0xd850032e, L:/127.0.0.1:49363 - R:/127.0.0.1:4723] for GET '/session/9d505292-1662-4e03-b7da-959f22fa1c1e/element/f.09BF641F5805ED6A5007B9E87D61469D.d.777EDFA98D7557D72B5B8D92AD5D4E58.e.1149/text'
21:54:54.078 [AsyncHttpClient-1-2] DEBUG org.asynchttpclient.netty.handler.HttpHandler -- 

Request DefaultFullHttpRequest(decodeResult: success, version: HTTP/1.1, content: EmptyByteBufBE)
GET /session/9d505292-1662-4e03-b7da-959f22fa1c1e/element/f.09BF641F5805ED6A5007B9E87D61469D.d.777EDFA98D7557D72B5B8D92AD5D4E58.e.1149/text HTTP/1.1
Cache-Control: no-cache
User-Agent: appium/8.3.0 (selenium/4.8.3 (java mac))
Content-Type: application/json; charset=utf-8
host: 127.0.0.1:4723
accept: */*

Response DefaultHttpResponse(decodeResult: success, version: HTTP/1.1)
HTTP/1.1 200 OK
X-Powered-By: Express
Content-Type: application/json; charset=utf-8
Content-Length: 27
ETag: W/"1b-WszMrTDLUBhetLFWttbtrso7fzY"
Date: Sun, 06 Apr 2025 13:54:54 GMT
Connection: keep-alive
Keep-Alive: timeout=600

21:54:54.078 [AsyncHttpClient-1-2] DEBUG org.asynchttpclient.netty.channel.ChannelManager -- Adding key: http://127.0.0.1:4723 for channel [id: 0xd850032e, L:/127.0.0.1:49363 - R:/127.0.0.1:4723]
21:54:54.079 [Forwarding getElementText on session 9d505292-1662-4e03-b7da-959f22fa1c1e to remote] DEBUG org.asynchttpclient.netty.request.NettyRequestSender -- Using pooled Channel '[id: 0xd850032e, L:/127.0.0.1:49363 - R:/127.0.0.1:4723]' for 'GET' to 'http://127.0.0.1:4723/session/9d505292-1662-4e03-b7da-959f22fa1c1e/element/f.09BF641F5805ED6A5007B9E87D61469D.d.777EDFA98D7557D72B5B8D92AD5D4E58.e.1151/text'
21:54:54.079 [Forwarding getElementText on session 9d505292-1662-4e03-b7da-959f22fa1c1e to remote] DEBUG org.asynchttpclient.netty.request.NettyRequestSender -- Using open Channel [id: 0xd850032e, L:/127.0.0.1:49363 - R:/127.0.0.1:4723] for GET '/session/9d505292-1662-4e03-b7da-959f22fa1c1e/element/f.09BF641F5805ED6A5007B9E87D61469D.d.777EDFA98D7557D72B5B8D92AD5D4E58.e.1151/text'
21:54:54.102 [AsyncHttpClient-1-2] DEBUG org.asynchttpclient.netty.handler.HttpHandler -- 

Request DefaultFullHttpRequest(decodeResult: success, version: HTTP/1.1, content: EmptyByteBufBE)
GET /session/9d505292-1662-4e03-b7da-959f22fa1c1e/element/f.09BF641F5805ED6A5007B9E87D61469D.d.777EDFA98D7557D72B5B8D92AD5D4E58.e.1151/text HTTP/1.1
Cache-Control: no-cache
User-Agent: appium/8.3.0 (selenium/4.8.3 (java mac))
Content-Type: application/json; charset=utf-8
host: 127.0.0.1:4723
accept: */*

Response DefaultHttpResponse(decodeResult: success, version: HTTP/1.1)
HTTP/1.1 200 OK
X-Powered-By: Express
Content-Type: application/json; charset=utf-8
Content-Length: 21
ETag: W/"15-iTQ7RAg0Fom/tLn9f2fEqBqG52I"
Date: Sun, 06 Apr 2025 13:54:54 GMT
Connection: keep-alive
Keep-Alive: timeout=600

21:54:54.102 [AsyncHttpClient-1-2] DEBUG org.asynchttpclient.netty.channel.ChannelManager -- Adding key: http://127.0.0.1:4723 for channel [id: 0xd850032e, L:/127.0.0.1:49363 - R:/127.0.0.1:4723]
驗證縣市「金門縣」與其行政區成功！
縣市下拉選單內容驗證通過！
21:54:54.103 [Forwarding switchToFrame on session 9d505292-1662-4e03-b7da-959f22fa1c1e to remote] DEBUG org.asynchttpclient.netty.request.NettyRequestSender -- Using pooled Channel '[id: 0xd850032e, L:/127.0.0.1:49363 - R:/127.0.0.1:4723]' for 'POST' to 'http://127.0.0.1:4723/session/9d505292-1662-4e03-b7da-959f22fa1c1e/frame'
21:54:54.103 [Forwarding switchToFrame on session 9d505292-1662-4e03-b7da-959f22fa1c1e to remote] DEBUG org.asynchttpclient.netty.request.NettyRequestSender -- Using open Channel [id: 0xd850032e, L:/127.0.0.1:49363 - R:/127.0.0.1:4723] for POST '/session/9d505292-1662-4e03-b7da-959f22fa1c1e/frame'
21:54:54.111 [AsyncHttpClient-1-2] DEBUG org.asynchttpclient.netty.handler.HttpHandler -- 

Request DefaultHttpRequest(decodeResult: success, version: HTTP/1.1)
POST /session/9d505292-1662-4e03-b7da-959f22fa1c1e/frame HTTP/1.1
User-Agent: appium/8.3.0 (selenium/4.8.3 (java mac))
Content-Length: 16
Content-Type: application/json; charset=utf-8
host: 127.0.0.1:4723
accept: */*

Response DefaultHttpResponse(decodeResult: success, version: HTTP/1.1)
HTTP/1.1 200 OK
X-Powered-By: Express
Vary: X-HTTP-Method-Override
Content-Type: application/json; charset=utf-8
Content-Length: 14
ETag: W/"e-9/1BuKMgFObM1mWJm+YjxtXJnUM"
Date: Sun, 06 Apr 2025 13:54:54 GMT
Connection: keep-alive
Keep-Alive: timeout=600

21:54:54.111 [AsyncHttpClient-1-2] DEBUG org.asynchttpclient.netty.channel.ChannelManager -- Adding key: http://127.0.0.1:4723 for channel [id: 0xd850032e, L:/127.0.0.1:49363 - R:/127.0.0.1:4723]
]]></system-out>
  </testcase>
  <testcase name="testMortgageAllFieldVisibility" classname="com.cathay.test.tests.MortgageCalculatorTest" time="2.233">
    <system-out><![CDATA[21:54:54.113 [main] INFO com.cathay.test.tests.MortgageCalculatorTest -- 正在清理 driver session: 9d505292-1662-4e03-b7da-959f22fa1c1e
21:54:54.113 [main] INFO  com.cathay.test.config.AppiumConfig - 正在關閉 Driver...
21:54:54.113 [Forwarding quit on session 9d505292-1662-4e03-b7da-959f22fa1c1e to remote] DEBUG org.asynchttpclient.netty.request.NettyRequestSender -- Using pooled Channel '[id: 0xd850032e, L:/127.0.0.1:49363 - R:/127.0.0.1:4723]' for 'DELETE' to 'http://127.0.0.1:4723/session/9d505292-1662-4e03-b7da-959f22fa1c1e'
21:54:54.113 [Forwarding quit on session 9d505292-1662-4e03-b7da-959f22fa1c1e to remote] DEBUG org.asynchttpclient.netty.request.NettyRequestSender -- Using open Channel [id: 0xd850032e, L:/127.0.0.1:49363 - R:/127.0.0.1:4723] for DELETE '/session/9d505292-1662-4e03-b7da-959f22fa1c1e'
21:54:54.391 [AsyncHttpClient-1-2] DEBUG org.asynchttpclient.netty.handler.HttpHandler -- 

Request DefaultFullHttpRequest(decodeResult: success, version: HTTP/1.1, content: EmptyByteBufBE)
DELETE /session/9d505292-1662-4e03-b7da-959f22fa1c1e HTTP/1.1
User-Agent: appium/8.3.0 (selenium/4.8.3 (java mac))
Content-Type: application/json; charset=utf-8
host: 127.0.0.1:4723
accept: */*

Response DefaultHttpResponse(decodeResult: success, version: HTTP/1.1)
HTTP/1.1 200 OK
X-Powered-By: Express
Content-Type: application/json; charset=utf-8
Content-Length: 14
ETag: W/"e-9/1BuKMgFObM1mWJm+YjxtXJnUM"
Date: Sun, 06 Apr 2025 13:54:54 GMT
Connection: keep-alive
Keep-Alive: timeout=600

21:54:54.391 [AsyncHttpClient-1-2] DEBUG org.asynchttpclient.netty.channel.ChannelManager -- Adding key: http://127.0.0.1:4723 for channel [id: 0xd850032e, L:/127.0.0.1:49363 - R:/127.0.0.1:4723]
21:54:54.392 [main] INFO  com.cathay.test.config.AppiumConfig - Driver 已成功關閉
21:54:54.392 [main] INFO com.cathay.test.tests.MortgageCalculatorTest -- MortgageCalculatorTest 清理完成
*******MortgageCalculatorTest.setUp() 執行！
21:54:54.393 [main] INFO  com.cathay.test.config.AppiumConfig - 開始初始化 MortgageCalculatorTest (嘗試 1/3)
21:54:54.393 [main] INFO  com.cathay.test.config.AppiumConfig - Appium 服務器可用
21:54:54.414 [main] INFO  com.cathay.test.config.AppiumConfig - Android 模擬器可用
21:54:54.418 [Forwarding newSession on session null to remote] DEBUG org.asynchttpclient.netty.request.NettyRequestSender -- Using pooled Channel '[id: 0xd850032e, L:/127.0.0.1:49363 - R:/127.0.0.1:4723]' for 'POST' to 'http://127.0.0.1:4723/session'
21:54:54.418 [Forwarding newSession on session null to remote] DEBUG org.asynchttpclient.netty.request.NettyRequestSender -- Using open Channel [id: 0xd850032e, L:/127.0.0.1:49363 - R:/127.0.0.1:4723] for POST '/session'
21:54:57.579 [AsyncHttpClient-1-2] DEBUG org.asynchttpclient.netty.handler.HttpHandler -- 

Request DefaultHttpRequest(decodeResult: success, version: HTTP/1.1)
POST /session HTTP/1.1
X-Idempotency-Key: 3874e758-6d1c-48f3-aeee-9fdf3f6a0ae2
User-Agent: appium/8.3.0 (selenium/4.8.3 (java mac))
Content-Length: 952
Content-Type: application/json; charset=utf-8
host: 127.0.0.1:4723
accept: */*

Response DefaultHttpResponse(decodeResult: success, version: HTTP/1.1)
HTTP/1.1 200 OK
X-Powered-By: Express
Vary: X-HTTP-Method-Override
Content-Type: application/json; charset=utf-8
Content-Length: 1816
ETag: W/"718-yuuF8v7frWsaTZP/erEn832rWwE"
Date: Sun, 06 Apr 2025 13:54:57 GMT
Connection: keep-alive
Keep-Alive: timeout=600

21:54:57.579 [AsyncHttpClient-1-2] DEBUG org.asynchttpclient.netty.channel.ChannelManager -- Adding key: http://127.0.0.1:4723 for channel [id: 0xd850032e, L:/127.0.0.1:49363 - R:/127.0.0.1:4723]
21:54:57.585 [Forwarding executeCdp on session 666a7534-034c-4ee4-b0c5-f4419ac02363 to remote] DEBUG org.asynchttpclient.netty.request.NettyRequestSender -- Using pooled Channel '[id: 0xd850032e, L:/127.0.0.1:49363 - R:/127.0.0.1:4723]' for 'POST' to 'http://127.0.0.1:4723/session/666a7534-034c-4ee4-b0c5-f4419ac02363/goog/cdp/execute'
21:54:57.585 [Forwarding executeCdp on session 666a7534-034c-4ee4-b0c5-f4419ac02363 to remote] DEBUG org.asynchttpclient.netty.request.NettyRequestSender -- Using open Channel [id: 0xd850032e, L:/127.0.0.1:49363 - R:/127.0.0.1:4723] for POST '/session/666a7534-034c-4ee4-b0c5-f4419ac02363/goog/cdp/execute'
21:54:57.620 [AsyncHttpClient-1-2] DEBUG org.asynchttpclient.netty.handler.HttpHandler -- 

Request DefaultHttpRequest(decodeResult: success, version: HTTP/1.1)
POST /session/666a7534-034c-4ee4-b0c5-f4419ac02363/goog/cdp/execute HTTP/1.1
User-Agent: appium/8.3.0 (selenium/4.8.3 (java mac))
Content-Length: 87
Content-Type: application/json; charset=utf-8
host: 127.0.0.1:4723
accept: */*

Response DefaultHttpResponse(decodeResult: success, version: HTTP/1.1)
HTTP/1.1 404 Not Found
X-Powered-By: Express
Vary: X-HTTP-Method-Override
Content-Type: application/json; charset=utf-8
Content-Length: 1990
ETag: W/"7c6-IECswifMQ31xRAcUzNctWXrOOv0"
Date: Sun, 06 Apr 2025 13:54:57 GMT
Connection: keep-alive
Keep-Alive: timeout=600

21:54:57.620 [AsyncHttpClient-1-2] DEBUG org.asynchttpclient.netty.channel.ChannelManager -- Adding key: http://127.0.0.1:4723 for channel [id: 0xd850032e, L:/127.0.0.1:49363 - R:/127.0.0.1:4723]
21:54:57.621 [main] WARN  com.cathay.test.config.AppiumConfig - ⚠️ 設定第三方 Cookie 支援時發生例外: unknown command: 'Network.setCookieBlockingEnabled' wasn't found
  (Session info: chrome=128.0.6613.88)
Build info: version: '4.8.3', revision: 'e5e76298c3'
System info: os.name: 'Mac OS X', os.arch: 'aarch64', os.version: '13.4', java.version: '23.0.2'
Driver info: io.appium.java_client.android.AndroidDriver
Command: [666a7534-034c-4ee4-b0c5-f4419ac02363, executeCdp {cmd=Network.setCookieBlockingEnabled, params={enabled=false}}]
Capabilities {appium:autoAcceptAlerts: true, appium:autoGrantPermissions: true, appium:automationName: UiAutomator2, appium:chromedriverExecutable: /opt/homebrew/bin/chromedriver, appium:databaseEnabled: false, appium:desired: {appActivity: com.android.chrome/com.goog..., appPackage: com.android.chrome, autoAcceptAlerts: true, autoGrantPermissions: true, automationName: UiAutomator2, browserName: chrome, chromedriverExecutable: /opt/homebrew/bin/chromedriver, deviceName: Pixel_3a_API_34_extension_l..., goog:chromeOptions: {args: [--no-sandbox, --disable-dev-shm-usage, --ignore-certificate-errors, --remote-allow-origins=*, --disable-features=SameSite..., --enable-features=NetworkSe...], w3c: true}, newCommandTimeout: 120, noReset: true, platformName: android, platformVersion: 16.0}, appium:deviceApiLevel: 36, appium:deviceManufacturer: Google, appium:deviceModel: sdk_gphone64_arm64, appium:deviceName: emulator-5554, appium:deviceScreenDensity: 420, appium:deviceScreenSize: 1080x2424, appium:deviceUDID: emulator-5554, appium:javascriptEnabled: true, appium:locationContextEnabled: false, appium:networkConnectionEnabled: true, appium:newCommandTimeout: 120, appium:noReset: true, appium:pixelRatio: 2.625, appium:platformVersion: 16, appium:statBarHeight: 137, appium:takesScreenshot: true, appium:viewportRect: {height: 2287, left: 0, top: 137, width: 1080}, appium:warnings: {}, appium:webStorageEnabled: false, browserName: chrome, goog:chromeOptions: {args: [--no-sandbox, --disable-dev-shm-usage, --ignore-certificate-errors, --remote-allow-origins=*, --disable-features=SameSite..., --enable-features=NetworkSe...], w3c: true}, platformName: ANDROID}
Session ID: 666a7534-034c-4ee4-b0c5-f4419ac02363
21:54:58.104 [AsyncHttpClient-1-1] DEBUG org.asynchttpclient.netty.channel.DefaultChannelPool -- Entry count for : http://127.0.0.1:4723 : 1
21:54:59.205 [AsyncHttpClient-1-1] DEBUG org.asynchttpclient.netty.channel.DefaultChannelPool -- Entry count for : http://127.0.0.1:4723 : 1
21:55:00.305 [AsyncHttpClient-1-1] DEBUG org.asynchttpclient.netty.channel.DefaultChannelPool -- Entry count for : http://127.0.0.1:4723 : 1
21:55:00.627 [main] INFO  com.cathay.test.config.AppiumConfig - Driver session ID: 666a7534-034c-4ee4-b0c5-f4419ac02363
21:55:00.630 [Forwarding get on session 666a7534-034c-4ee4-b0c5-f4419ac02363 to remote] DEBUG org.asynchttpclient.netty.request.NettyRequestSender -- Using pooled Channel '[id: 0xd850032e, L:/127.0.0.1:49363 - R:/127.0.0.1:4723]' for 'POST' to 'http://127.0.0.1:4723/session/666a7534-034c-4ee4-b0c5-f4419ac02363/url'
21:55:00.630 [Forwarding get on session 666a7534-034c-4ee4-b0c5-f4419ac02363 to remote] DEBUG org.asynchttpclient.netty.request.NettyRequestSender -- Using open Channel [id: 0xd850032e, L:/127.0.0.1:49363 - R:/127.0.0.1:4723] for POST '/session/666a7534-034c-4ee4-b0c5-f4419ac02363/url'
21:55:05.087 [AsyncHttpClient-1-2] DEBUG org.asynchttpclient.netty.handler.HttpHandler -- 

Request DefaultHttpRequest(decodeResult: success, version: HTTP/1.1)
POST /session/666a7534-034c-4ee4-b0c5-f4419ac02363/url HTTP/1.1
User-Agent: appium/8.3.0 (selenium/4.8.3 (java mac))
Content-Length: 133
Content-Type: application/json; charset=utf-8
host: 127.0.0.1:4723
accept: */*

Response DefaultHttpResponse(decodeResult: success, version: HTTP/1.1)
HTTP/1.1 200 OK
X-Powered-By: Express
Vary: X-HTTP-Method-Override
Content-Type: application/json; charset=utf-8
Content-Length: 14
ETag: W/"e-9/1BuKMgFObM1mWJm+YjxtXJnUM"
Date: Sun, 06 Apr 2025 13:55:05 GMT
Connection: keep-alive
Keep-Alive: timeout=600

21:55:05.087 [AsyncHttpClient-1-2] DEBUG org.asynchttpclient.netty.channel.ChannelManager -- Adding key: http://127.0.0.1:4723 for channel [id: 0xd850032e, L:/127.0.0.1:49363 - R:/127.0.0.1:4723]
21:55:05.088 [Forwarding getCurrentUrl on session 666a7534-034c-4ee4-b0c5-f4419ac02363 to remote] DEBUG org.asynchttpclient.netty.request.NettyRequestSender -- Using pooled Channel '[id: 0xd850032e, L:/127.0.0.1:49363 - R:/127.0.0.1:4723]' for 'GET' to 'http://127.0.0.1:4723/session/666a7534-034c-4ee4-b0c5-f4419ac02363/url'
21:55:05.088 [Forwarding getCurrentUrl on session 666a7534-034c-4ee4-b0c5-f4419ac02363 to remote] DEBUG org.asynchttpclient.netty.request.NettyRequestSender -- Using open Channel [id: 0xd850032e, L:/127.0.0.1:49363 - R:/127.0.0.1:4723] for GET '/session/666a7534-034c-4ee4-b0c5-f4419ac02363/url'
21:55:05.106 [AsyncHttpClient-1-2] DEBUG org.asynchttpclient.netty.handler.HttpHandler -- 

Request DefaultFullHttpRequest(decodeResult: success, version: HTTP/1.1, content: EmptyByteBufBE)
GET /session/666a7534-034c-4ee4-b0c5-f4419ac02363/url HTTP/1.1
Cache-Control: no-cache
User-Agent: appium/8.3.0 (selenium/4.8.3 (java mac))
Content-Type: application/json; charset=utf-8
host: 127.0.0.1:4723
accept: */*

Response DefaultHttpResponse(decodeResult: success, version: HTTP/1.1)
HTTP/1.1 200 OK
X-Powered-By: Express
Content-Type: application/json; charset=utf-8
Content-Length: 90
ETag: W/"5a-SVzTdoqQsw2ztnbhgzn9TDJ+oVM"
Date: Sun, 06 Apr 2025 13:55:05 GMT
Connection: keep-alive
Keep-Alive: timeout=600

21:55:05.106 [AsyncHttpClient-1-2] DEBUG org.asynchttpclient.netty.channel.ChannelManager -- Adding key: http://127.0.0.1:4723 for channel [id: 0xd850032e, L:/127.0.0.1:49363 - R:/127.0.0.1:4723]
*********3rd party cookie Current URL: https://www.cathaybk.com.tw/cathaybk/personal/loan/calculator/mortgage-budget/
21:55:05.107 [Forwarding getCookies on session 666a7534-034c-4ee4-b0c5-f4419ac02363 to remote] DEBUG org.asynchttpclient.netty.request.NettyRequestSender -- Using pooled Channel '[id: 0xd850032e, L:/127.0.0.1:49363 - R:/127.0.0.1:4723]' for 'GET' to 'http://127.0.0.1:4723/session/666a7534-034c-4ee4-b0c5-f4419ac02363/cookie'
21:55:05.107 [Forwarding getCookies on session 666a7534-034c-4ee4-b0c5-f4419ac02363 to remote] DEBUG org.asynchttpclient.netty.request.NettyRequestSender -- Using open Channel [id: 0xd850032e, L:/127.0.0.1:49363 - R:/127.0.0.1:4723] for GET '/session/666a7534-034c-4ee4-b0c5-f4419ac02363/cookie'
21:55:05.128 [AsyncHttpClient-1-2] DEBUG org.asynchttpclient.netty.handler.HttpHandler -- 

Request DefaultFullHttpRequest(decodeResult: success, version: HTTP/1.1, content: EmptyByteBufBE)
GET /session/666a7534-034c-4ee4-b0c5-f4419ac02363/cookie HTTP/1.1
Cache-Control: no-cache
User-Agent: appium/8.3.0 (selenium/4.8.3 (java mac))
Content-Type: application/json; charset=utf-8
host: 127.0.0.1:4723
accept: */*

Response DefaultHttpResponse(decodeResult: success, version: HTTP/1.1)
HTTP/1.1 200 OK
X-Powered-By: Express
Content-Type: application/json; charset=utf-8
Content-Length: 4090
ETag: W/"ffa-6Od+uRIV7Mzwr7XQ42/AKaB00tc"
Date: Sun, 06 Apr 2025 13:55:05 GMT
Connection: keep-alive
Keep-Alive: timeout=600

21:55:05.128 [AsyncHttpClient-1-2] DEBUG org.asynchttpclient.netty.channel.ChannelManager -- Adding key: http://127.0.0.1:4723 for channel [id: 0xd850032e, L:/127.0.0.1:49363 - R:/127.0.0.1:4723]
*********Cookie: citrix_ns_id = AAU7tIfyZzvqrkUHAAAAADvLSubBRkGc__LEOzVhuXsGFPjKXiRtWZ6HF_PA0YeQOw==O4vyZw==-QeJm34Ka6FzyEuF253tbJ_Kpm0=
*********Cookie: ASP.NET_SessionId = e14te1lrwxzeflmw2d5uoci1
*********Cookie: _ss_pp_id = 9562989a05a164aa1a31743918903271
*********Cookie: __lt__sid = fcda8c80-63a4fe05
*********Cookie: cathaybk_new = 4bb3a3d8d4f078cfaa7badb04abb60df7ed08c3d037be7593e9c32d57ce56d7fc2c8d446
*********Cookie: _mg_ckp = eyJja1RrZERGIjoiIn0=
*********Cookie: __mguid_ = 7e6175d7121c44cb83d447062b2ebfcf
*********Cookie: FingerprintCookie = a83734ca5c2401a34f4ad325dff7c9ff
*********Cookie: shell#lang = en
*********Cookie: mbox = session#670db603aea54989a920a2e55a00fd4a#1743949564|PC#670db603aea54989a920a2e55a00fd4a.32_0#1807192504
*********Cookie: _td = e91e1b19-1673-459a-8df7-d0e2a4238d75
*********Cookie: _uetvid = bd2b2ab012ee11f08356158302f7de09
*********Cookie: usy46gabsosd = cubcsa_17439477022000.40b39d8bf94c19326e08488773ea297f_4127
*********Cookie: _uetsid = bd2ae54012ee11f09e9f1ffc8b6ec15a
*********Cookie: AMCV_B877A5DB584931AC0A495EAA%40AdobeOrg = 1585540135%7CMCIDTS%7C20185%7CMCMID%7C35243691161371227484187178445422663806%7CMCAAMLH-1744552502%7C11%7CMCAAMB-1744552502%7C6G1ynYcLPuiQxYZrsz_pkqfLG9yMXBpb2zX5dvJdYQJzPXImdj0y%7CMCCIDH%7C1062709688%7CMCOPTOUT-1743954902s%7CNONE%7CMCSYNCSOP%7C411-20192%7CvVersion%7C4.4.0
*********Cookie: _ga_T2T689XRGT = GS1.1.1743947702.1.0.1743947702.60.0.0
*********Cookie: _ga = GA1.1.993195550.1743947703
*********Cookie: _fbp = fb.2.1743947703248.196321766918065060
*********Cookie: at_check = true
*********Cookie: __lt__cid = b3d6a988-4d59-423d-b88d-848c4343d9dc
*********Cookie: _gcl_au = 1.1.1875283855.1743947702
*********Cookie: AMCVS_B877A5DB584931AC0A495EAA%40AdobeOrg = 1
21:55:05.130 [Forwarding getCurrentUrl on session 666a7534-034c-4ee4-b0c5-f4419ac02363 to remote] DEBUG org.asynchttpclient.netty.request.NettyRequestSender -- Using pooled Channel '[id: 0xd850032e, L:/127.0.0.1:49363 - R:/127.0.0.1:4723]' for 'GET' to 'http://127.0.0.1:4723/session/666a7534-034c-4ee4-b0c5-f4419ac02363/url'
21:55:05.131 [Forwarding getCurrentUrl on session 666a7534-034c-4ee4-b0c5-f4419ac02363 to remote] DEBUG org.asynchttpclient.netty.request.NettyRequestSender -- Using open Channel [id: 0xd850032e, L:/127.0.0.1:49363 - R:/127.0.0.1:4723] for GET '/session/666a7534-034c-4ee4-b0c5-f4419ac02363/url'
21:55:05.148 [AsyncHttpClient-1-2] DEBUG org.asynchttpclient.netty.handler.HttpHandler -- 

Request DefaultFullHttpRequest(decodeResult: success, version: HTTP/1.1, content: EmptyByteBufBE)
GET /session/666a7534-034c-4ee4-b0c5-f4419ac02363/url HTTP/1.1
Cache-Control: no-cache
User-Agent: appium/8.3.0 (selenium/4.8.3 (java mac))
Content-Type: application/json; charset=utf-8
host: 127.0.0.1:4723
accept: */*

Response DefaultHttpResponse(decodeResult: success, version: HTTP/1.1)
HTTP/1.1 200 OK
X-Powered-By: Express
Content-Type: application/json; charset=utf-8
Content-Length: 90
ETag: W/"5a-SVzTdoqQsw2ztnbhgzn9TDJ+oVM"
Date: Sun, 06 Apr 2025 13:55:05 GMT
Connection: keep-alive
Keep-Alive: timeout=600

21:55:05.148 [AsyncHttpClient-1-2] DEBUG org.asynchttpclient.netty.channel.ChannelManager -- Adding key: http://127.0.0.1:4723 for channel [id: 0xd850032e, L:/127.0.0.1:49363 - R:/127.0.0.1:4723]
21:55:05.149 [Forwarding setTimeout on session 666a7534-034c-4ee4-b0c5-f4419ac02363 to remote] DEBUG org.asynchttpclient.netty.request.NettyRequestSender -- Using pooled Channel '[id: 0xd850032e, L:/127.0.0.1:49363 - R:/127.0.0.1:4723]' for 'POST' to 'http://127.0.0.1:4723/session/666a7534-034c-4ee4-b0c5-f4419ac02363/timeouts'
21:55:05.149 [Forwarding setTimeout on session 666a7534-034c-4ee4-b0c5-f4419ac02363 to remote] DEBUG org.asynchttpclient.netty.request.NettyRequestSender -- Using open Channel [id: 0xd850032e, L:/127.0.0.1:49363 - R:/127.0.0.1:4723] for POST '/session/666a7534-034c-4ee4-b0c5-f4419ac02363/timeouts'
21:55:05.152 [AsyncHttpClient-1-2] DEBUG org.asynchttpclient.netty.handler.HttpHandler -- 

Request DefaultHttpRequest(decodeResult: success, version: HTTP/1.1)
POST /session/666a7534-034c-4ee4-b0c5-f4419ac02363/timeouts HTTP/1.1
User-Agent: appium/8.3.0 (selenium/4.8.3 (java mac))
Content-Length: 23
Content-Type: application/json; charset=utf-8
host: 127.0.0.1:4723
accept: */*

Response DefaultHttpResponse(decodeResult: success, version: HTTP/1.1)
HTTP/1.1 200 OK
X-Powered-By: Express
Vary: X-HTTP-Method-Override
Content-Type: application/json; charset=utf-8
Content-Length: 14
ETag: W/"e-9/1BuKMgFObM1mWJm+YjxtXJnUM"
Date: Sun, 06 Apr 2025 13:55:05 GMT
Connection: keep-alive
Keep-Alive: timeout=600

21:55:05.152 [AsyncHttpClient-1-2] DEBUG org.asynchttpclient.netty.channel.ChannelManager -- Adding key: http://127.0.0.1:4723 for channel [id: 0xd850032e, L:/127.0.0.1:49363 - R:/127.0.0.1:4723]
21:55:05.153 [Forwarding setTimeout on session 666a7534-034c-4ee4-b0c5-f4419ac02363 to remote] DEBUG org.asynchttpclient.netty.request.NettyRequestSender -- Using pooled Channel '[id: 0xd850032e, L:/127.0.0.1:49363 - R:/127.0.0.1:4723]' for 'POST' to 'http://127.0.0.1:4723/session/666a7534-034c-4ee4-b0c5-f4419ac02363/timeouts'
21:55:05.153 [Forwarding setTimeout on session 666a7534-034c-4ee4-b0c5-f4419ac02363 to remote] DEBUG org.asynchttpclient.netty.request.NettyRequestSender -- Using open Channel [id: 0xd850032e, L:/127.0.0.1:49363 - R:/127.0.0.1:4723] for POST '/session/666a7534-034c-4ee4-b0c5-f4419ac02363/timeouts'
21:55:05.155 [AsyncHttpClient-1-2] DEBUG org.asynchttpclient.netty.handler.HttpHandler -- 

Request DefaultHttpRequest(decodeResult: success, version: HTTP/1.1)
POST /session/666a7534-034c-4ee4-b0c5-f4419ac02363/timeouts HTTP/1.1
User-Agent: appium/8.3.0 (selenium/4.8.3 (java mac))
Content-Length: 23
Content-Type: application/json; charset=utf-8
host: 127.0.0.1:4723
accept: */*

Response DefaultHttpResponse(decodeResult: success, version: HTTP/1.1)
HTTP/1.1 200 OK
X-Powered-By: Express
Vary: X-HTTP-Method-Override
Content-Type: application/json; charset=utf-8
Content-Length: 14
ETag: W/"e-9/1BuKMgFObM1mWJm+YjxtXJnUM"
Date: Sun, 06 Apr 2025 13:55:05 GMT
Connection: keep-alive
Keep-Alive: timeout=600

21:55:05.156 [AsyncHttpClient-1-2] DEBUG org.asynchttpclient.netty.channel.ChannelManager -- Adding key: http://127.0.0.1:4723 for channel [id: 0xd850032e, L:/127.0.0.1:49363 - R:/127.0.0.1:4723]
21:55:05.156 [Forwarding setTimeout on session 666a7534-034c-4ee4-b0c5-f4419ac02363 to remote] DEBUG org.asynchttpclient.netty.request.NettyRequestSender -- Using pooled Channel '[id: 0xd850032e, L:/127.0.0.1:49363 - R:/127.0.0.1:4723]' for 'POST' to 'http://127.0.0.1:4723/session/666a7534-034c-4ee4-b0c5-f4419ac02363/timeouts'
21:55:05.156 [Forwarding setTimeout on session 666a7534-034c-4ee4-b0c5-f4419ac02363 to remote] DEBUG org.asynchttpclient.netty.request.NettyRequestSender -- Using open Channel [id: 0xd850032e, L:/127.0.0.1:49363 - R:/127.0.0.1:4723] for POST '/session/666a7534-034c-4ee4-b0c5-f4419ac02363/timeouts'
21:55:05.158 [AsyncHttpClient-1-2] DEBUG org.asynchttpclient.netty.handler.HttpHandler -- 

Request DefaultHttpRequest(decodeResult: success, version: HTTP/1.1)
POST /session/666a7534-034c-4ee4-b0c5-f4419ac02363/timeouts HTTP/1.1
User-Agent: appium/8.3.0 (selenium/4.8.3 (java mac))
Content-Length: 21
Content-Type: application/json; charset=utf-8
host: 127.0.0.1:4723
accept: */*

Response DefaultHttpResponse(decodeResult: success, version: HTTP/1.1)
HTTP/1.1 200 OK
X-Powered-By: Express
Vary: X-HTTP-Method-Override
Content-Type: application/json; charset=utf-8
Content-Length: 14
ETag: W/"e-9/1BuKMgFObM1mWJm+YjxtXJnUM"
Date: Sun, 06 Apr 2025 13:55:05 GMT
Connection: keep-alive
Keep-Alive: timeout=600

21:55:05.158 [AsyncHttpClient-1-2] DEBUG org.asynchttpclient.netty.channel.ChannelManager -- Adding key: http://127.0.0.1:4723 for channel [id: 0xd850032e, L:/127.0.0.1:49363 - R:/127.0.0.1:4723]
21:55:05.159 [main] INFO  com.cathay.test.config.AppiumConfig - MortgageCalculatorTest 初始化完成
21:55:05.159 [main] INFO com.cathay.test.tests.MortgageCalculatorTest -- 驗證 driver session 與重新導頁...
21:55:05.159 [Forwarding get on session 666a7534-034c-4ee4-b0c5-f4419ac02363 to remote] DEBUG org.asynchttpclient.netty.request.NettyRequestSender -- Using pooled Channel '[id: 0xd850032e, L:/127.0.0.1:49363 - R:/127.0.0.1:4723]' for 'POST' to 'http://127.0.0.1:4723/session/666a7534-034c-4ee4-b0c5-f4419ac02363/url'
21:55:05.159 [Forwarding get on session 666a7534-034c-4ee4-b0c5-f4419ac02363 to remote] DEBUG org.asynchttpclient.netty.request.NettyRequestSender -- Using open Channel [id: 0xd850032e, L:/127.0.0.1:49363 - R:/127.0.0.1:4723] for POST '/session/666a7534-034c-4ee4-b0c5-f4419ac02363/url'
21:55:06.613 [AsyncHttpClient-1-2] DEBUG org.asynchttpclient.netty.handler.HttpHandler -- 

Request DefaultHttpRequest(decodeResult: success, version: HTTP/1.1)
POST /session/666a7534-034c-4ee4-b0c5-f4419ac02363/url HTTP/1.1
User-Agent: appium/8.3.0 (selenium/4.8.3 (java mac))
Content-Length: 133
Content-Type: application/json; charset=utf-8
host: 127.0.0.1:4723
accept: */*

Response DefaultHttpResponse(decodeResult: success, version: HTTP/1.1)
HTTP/1.1 200 OK
X-Powered-By: Express
Vary: X-HTTP-Method-Override
Content-Type: application/json; charset=utf-8
Content-Length: 14
ETag: W/"e-9/1BuKMgFObM1mWJm+YjxtXJnUM"
Date: Sun, 06 Apr 2025 13:55:06 GMT
Connection: keep-alive
Keep-Alive: timeout=600

21:55:06.613 [AsyncHttpClient-1-2] DEBUG org.asynchttpclient.netty.channel.ChannelManager -- Adding key: http://127.0.0.1:4723 for channel [id: 0xd850032e, L:/127.0.0.1:49363 - R:/127.0.0.1:4723]
21:55:06.614 [Forwarding getCurrentUrl on session 666a7534-034c-4ee4-b0c5-f4419ac02363 to remote] DEBUG org.asynchttpclient.netty.request.NettyRequestSender -- Using pooled Channel '[id: 0xd850032e, L:/127.0.0.1:49363 - R:/127.0.0.1:4723]' for 'GET' to 'http://127.0.0.1:4723/session/666a7534-034c-4ee4-b0c5-f4419ac02363/url'
21:55:06.615 [Forwarding getCurrentUrl on session 666a7534-034c-4ee4-b0c5-f4419ac02363 to remote] DEBUG org.asynchttpclient.netty.request.NettyRequestSender -- Using open Channel [id: 0xd850032e, L:/127.0.0.1:49363 - R:/127.0.0.1:4723] for GET '/session/666a7534-034c-4ee4-b0c5-f4419ac02363/url'
21:55:06.633 [AsyncHttpClient-1-2] DEBUG org.asynchttpclient.netty.handler.HttpHandler -- 

Request DefaultFullHttpRequest(decodeResult: success, version: HTTP/1.1, content: EmptyByteBufBE)
GET /session/666a7534-034c-4ee4-b0c5-f4419ac02363/url HTTP/1.1
Cache-Control: no-cache
User-Agent: appium/8.3.0 (selenium/4.8.3 (java mac))
Content-Type: application/json; charset=utf-8
host: 127.0.0.1:4723
accept: */*

Response DefaultHttpResponse(decodeResult: success, version: HTTP/1.1)
HTTP/1.1 200 OK
X-Powered-By: Express
Content-Type: application/json; charset=utf-8
Content-Length: 90
ETag: W/"5a-SVzTdoqQsw2ztnbhgzn9TDJ+oVM"
Date: Sun, 06 Apr 2025 13:55:06 GMT
Connection: keep-alive
Keep-Alive: timeout=600

21:55:06.633 [AsyncHttpClient-1-2] DEBUG org.asynchttpclient.netty.channel.ChannelManager -- Adding key: http://127.0.0.1:4723 for channel [id: 0xd850032e, L:/127.0.0.1:49363 - R:/127.0.0.1:4723]
*********3rd party cookie Current URL: https://www.cathaybk.com.tw/cathaybk/personal/loan/calculator/mortgage-budget/
21:55:06.634 [Forwarding getCookies on session 666a7534-034c-4ee4-b0c5-f4419ac02363 to remote] DEBUG org.asynchttpclient.netty.request.NettyRequestSender -- Using pooled Channel '[id: 0xd850032e, L:/127.0.0.1:49363 - R:/127.0.0.1:4723]' for 'GET' to 'http://127.0.0.1:4723/session/666a7534-034c-4ee4-b0c5-f4419ac02363/cookie'
21:55:06.634 [Forwarding getCookies on session 666a7534-034c-4ee4-b0c5-f4419ac02363 to remote] DEBUG org.asynchttpclient.netty.request.NettyRequestSender -- Using open Channel [id: 0xd850032e, L:/127.0.0.1:49363 - R:/127.0.0.1:4723] for GET '/session/666a7534-034c-4ee4-b0c5-f4419ac02363/cookie'
21:55:06.654 [AsyncHttpClient-1-2] DEBUG org.asynchttpclient.netty.handler.HttpHandler -- 

Request DefaultFullHttpRequest(decodeResult: success, version: HTTP/1.1, content: EmptyByteBufBE)
GET /session/666a7534-034c-4ee4-b0c5-f4419ac02363/cookie HTTP/1.1
Cache-Control: no-cache
User-Agent: appium/8.3.0 (selenium/4.8.3 (java mac))
Content-Type: application/json; charset=utf-8
host: 127.0.0.1:4723
accept: */*

Response DefaultHttpResponse(decodeResult: success, version: HTTP/1.1)
HTTP/1.1 200 OK
X-Powered-By: Express
Content-Type: application/json; charset=utf-8
Content-Length: 4090
ETag: W/"ffa-Kp7lD4lyTVB6TEJln3HBhHrIjYc"
Date: Sun, 06 Apr 2025 13:55:06 GMT
Connection: keep-alive
Keep-Alive: timeout=600

21:55:06.654 [AsyncHttpClient-1-2] DEBUG org.asynchttpclient.netty.channel.ChannelManager -- Adding key: http://127.0.0.1:4723 for channel [id: 0xd850032e, L:/127.0.0.1:49363 - R:/127.0.0.1:4723]
*********Cookie: citrix_ns_id = AAU7tIfyZzvqrkUHAAAAADvLSubBRkGc__LEOzVhuXsGFPjKXiRtWZ6HF_PA0YeQOw==PYvyZw==buGoSP3BXNmVVFaHpJrVoZmywSI=
*********Cookie: ASP.NET_SessionId = e14te1lrwxzeflmw2d5uoci1
*********Cookie: _ss_pp_id = 9562989a05a164aa1a31743918903271
*********Cookie: __lt__sid = fcda8c80-63a4fe05
*********Cookie: _mg_ckp = eyJja1RrZERGIjoiIn0=
*********Cookie: cathaybk_new = 4bb3a3d8d4f078cfaa7badb04abb60df7ed08c3d037be7593e9c32d57ce56d7fc2c8d446
*********Cookie: __mguid_ = 7e6175d7121c44cb83d447062b2ebfcf
*********Cookie: FingerprintCookie = a83734ca5c2401a34f4ad325dff7c9ff
*********Cookie: shell#lang = en
*********Cookie: mbox = session#670db603aea54989a920a2e55a00fd4a#1743949567|PC#670db603aea54989a920a2e55a00fd4a.32_0#1807192507
*********Cookie: _td = e91e1b19-1673-459a-8df7-d0e2a4238d75
*********Cookie: _uetvid = bd2b2ab012ee11f08356158302f7de09
*********Cookie: usy46gabsosd = cubcsa_17439477022000.40b39d8bf94c19326e08488773ea297f_4127
*********Cookie: _uetsid = bd2ae54012ee11f09e9f1ffc8b6ec15a
*********Cookie: _ga_T2T689XRGT = GS1.1.1743947702.1.1.1743947706.56.0.0
*********Cookie: AMCV_B877A5DB584931AC0A495EAA%40AdobeOrg = 1585540135%7CMCIDTS%7C20185%7CMCMID%7C35243691161371227484187178445422663806%7CMCAAMLH-1744552502%7C11%7CMCAAMB-1744552502%7C6G1ynYcLPuiQxYZrsz_pkqfLG9yMXBpb2zX5dvJdYQJzPXImdj0y%7CMCCIDH%7C1062709688%7CMCOPTOUT-1743954902s%7CNONE%7CMCSYNCSOP%7C411-20192%7CvVersion%7C4.4.0
*********Cookie: _ga = GA1.1.993195550.1743947703
*********Cookie: _fbp = fb.2.1743947703248.196321766918065060
*********Cookie: at_check = true
*********Cookie: __lt__cid = b3d6a988-4d59-423d-b88d-848c4343d9dc
*********Cookie: _gcl_au = 1.1.1875283855.1743947702
*********Cookie: AMCVS_B877A5DB584931AC0A495EAA%40AdobeOrg = 1
21:55:06.656 [Forwarding getCurrentUrl on session 666a7534-034c-4ee4-b0c5-f4419ac02363 to remote] DEBUG org.asynchttpclient.netty.request.NettyRequestSender -- Using pooled Channel '[id: 0xd850032e, L:/127.0.0.1:49363 - R:/127.0.0.1:4723]' for 'GET' to 'http://127.0.0.1:4723/session/666a7534-034c-4ee4-b0c5-f4419ac02363/url'
21:55:06.656 [Forwarding getCurrentUrl on session 666a7534-034c-4ee4-b0c5-f4419ac02363 to remote] DEBUG org.asynchttpclient.netty.request.NettyRequestSender -- Using open Channel [id: 0xd850032e, L:/127.0.0.1:49363 - R:/127.0.0.1:4723] for GET '/session/666a7534-034c-4ee4-b0c5-f4419ac02363/url'
21:55:06.671 [AsyncHttpClient-1-2] DEBUG org.asynchttpclient.netty.handler.HttpHandler -- 

Request DefaultFullHttpRequest(decodeResult: success, version: HTTP/1.1, content: EmptyByteBufBE)
GET /session/666a7534-034c-4ee4-b0c5-f4419ac02363/url HTTP/1.1
Cache-Control: no-cache
User-Agent: appium/8.3.0 (selenium/4.8.3 (java mac))
Content-Type: application/json; charset=utf-8
host: 127.0.0.1:4723
accept: */*

Response DefaultHttpResponse(decodeResult: success, version: HTTP/1.1)
HTTP/1.1 200 OK
X-Powered-By: Express
Content-Type: application/json; charset=utf-8
Content-Length: 90
ETag: W/"5a-SVzTdoqQsw2ztnbhgzn9TDJ+oVM"
Date: Sun, 06 Apr 2025 13:55:06 GMT
Connection: keep-alive
Keep-Alive: timeout=600

21:55:06.671 [AsyncHttpClient-1-2] DEBUG org.asynchttpclient.netty.channel.ChannelManager -- Adding key: http://127.0.0.1:4723 for channel [id: 0xd850032e, L:/127.0.0.1:49363 - R:/127.0.0.1:4723]
21:55:06.672 [Forwarding setTimeout on session 666a7534-034c-4ee4-b0c5-f4419ac02363 to remote] DEBUG org.asynchttpclient.netty.request.NettyRequestSender -- Using pooled Channel '[id: 0xd850032e, L:/127.0.0.1:49363 - R:/127.0.0.1:4723]' for 'POST' to 'http://127.0.0.1:4723/session/666a7534-034c-4ee4-b0c5-f4419ac02363/timeouts'
21:55:06.672 [Forwarding setTimeout on session 666a7534-034c-4ee4-b0c5-f4419ac02363 to remote] DEBUG org.asynchttpclient.netty.request.NettyRequestSender -- Using open Channel [id: 0xd850032e, L:/127.0.0.1:49363 - R:/127.0.0.1:4723] for POST '/session/666a7534-034c-4ee4-b0c5-f4419ac02363/timeouts'
21:55:06.675 [AsyncHttpClient-1-2] DEBUG org.asynchttpclient.netty.handler.HttpHandler -- 

Request DefaultHttpRequest(decodeResult: success, version: HTTP/1.1)
POST /session/666a7534-034c-4ee4-b0c5-f4419ac02363/timeouts HTTP/1.1
User-Agent: appium/8.3.0 (selenium/4.8.3 (java mac))
Content-Length: 23
Content-Type: application/json; charset=utf-8
host: 127.0.0.1:4723
accept: */*

Response DefaultHttpResponse(decodeResult: success, version: HTTP/1.1)
HTTP/1.1 200 OK
X-Powered-By: Express
Vary: X-HTTP-Method-Override
Content-Type: application/json; charset=utf-8
Content-Length: 14
ETag: W/"e-9/1BuKMgFObM1mWJm+YjxtXJnUM"
Date: Sun, 06 Apr 2025 13:55:06 GMT
Connection: keep-alive
Keep-Alive: timeout=600

21:55:06.675 [AsyncHttpClient-1-2] DEBUG org.asynchttpclient.netty.channel.ChannelManager -- Adding key: http://127.0.0.1:4723 for channel [id: 0xd850032e, L:/127.0.0.1:49363 - R:/127.0.0.1:4723]
21:55:06.676 [Forwarding setTimeout on session 666a7534-034c-4ee4-b0c5-f4419ac02363 to remote] DEBUG org.asynchttpclient.netty.request.NettyRequestSender -- Using pooled Channel '[id: 0xd850032e, L:/127.0.0.1:49363 - R:/127.0.0.1:4723]' for 'POST' to 'http://127.0.0.1:4723/session/666a7534-034c-4ee4-b0c5-f4419ac02363/timeouts'
21:55:06.676 [Forwarding setTimeout on session 666a7534-034c-4ee4-b0c5-f4419ac02363 to remote] DEBUG org.asynchttpclient.netty.request.NettyRequestSender -- Using open Channel [id: 0xd850032e, L:/127.0.0.1:49363 - R:/127.0.0.1:4723] for POST '/session/666a7534-034c-4ee4-b0c5-f4419ac02363/timeouts'
21:55:06.678 [AsyncHttpClient-1-2] DEBUG org.asynchttpclient.netty.handler.HttpHandler -- 

Request DefaultHttpRequest(decodeResult: success, version: HTTP/1.1)
POST /session/666a7534-034c-4ee4-b0c5-f4419ac02363/timeouts HTTP/1.1
User-Agent: appium/8.3.0 (selenium/4.8.3 (java mac))
Content-Length: 23
Content-Type: application/json; charset=utf-8
host: 127.0.0.1:4723
accept: */*

Response DefaultHttpResponse(decodeResult: success, version: HTTP/1.1)
HTTP/1.1 200 OK
X-Powered-By: Express
Vary: X-HTTP-Method-Override
Content-Type: application/json; charset=utf-8
Content-Length: 14
ETag: W/"e-9/1BuKMgFObM1mWJm+YjxtXJnUM"
Date: Sun, 06 Apr 2025 13:55:06 GMT
Connection: keep-alive
Keep-Alive: timeout=600

21:55:06.678 [AsyncHttpClient-1-2] DEBUG org.asynchttpclient.netty.channel.ChannelManager -- Adding key: http://127.0.0.1:4723 for channel [id: 0xd850032e, L:/127.0.0.1:49363 - R:/127.0.0.1:4723]
21:55:06.679 [Forwarding setTimeout on session 666a7534-034c-4ee4-b0c5-f4419ac02363 to remote] DEBUG org.asynchttpclient.netty.request.NettyRequestSender -- Using pooled Channel '[id: 0xd850032e, L:/127.0.0.1:49363 - R:/127.0.0.1:4723]' for 'POST' to 'http://127.0.0.1:4723/session/666a7534-034c-4ee4-b0c5-f4419ac02363/timeouts'
21:55:06.679 [Forwarding setTimeout on session 666a7534-034c-4ee4-b0c5-f4419ac02363 to remote] DEBUG org.asynchttpclient.netty.request.NettyRequestSender -- Using open Channel [id: 0xd850032e, L:/127.0.0.1:49363 - R:/127.0.0.1:4723] for POST '/session/666a7534-034c-4ee4-b0c5-f4419ac02363/timeouts'
21:55:06.681 [AsyncHttpClient-1-2] DEBUG org.asynchttpclient.netty.handler.HttpHandler -- 

Request DefaultHttpRequest(decodeResult: success, version: HTTP/1.1)
POST /session/666a7534-034c-4ee4-b0c5-f4419ac02363/timeouts HTTP/1.1
User-Agent: appium/8.3.0 (selenium/4.8.3 (java mac))
Content-Length: 21
Content-Type: application/json; charset=utf-8
host: 127.0.0.1:4723
accept: */*

Response DefaultHttpResponse(decodeResult: success, version: HTTP/1.1)
HTTP/1.1 200 OK
X-Powered-By: Express
Vary: X-HTTP-Method-Override
Content-Type: application/json; charset=utf-8
Content-Length: 14
ETag: W/"e-9/1BuKMgFObM1mWJm+YjxtXJnUM"
Date: Sun, 06 Apr 2025 13:55:06 GMT
Connection: keep-alive
Keep-Alive: timeout=600

21:55:06.681 [AsyncHttpClient-1-2] DEBUG org.asynchttpclient.netty.channel.ChannelManager -- Adding key: http://127.0.0.1:4723 for channel [id: 0xd850032e, L:/127.0.0.1:49363 - R:/127.0.0.1:4723]
21:55:06.681 [main] INFO com.cathay.test.tests.MortgageCalculatorTest -- MortgageCalculatorTest 驗證完成
UI驗證 - 房貸試算欄位檢查
21:55:06.682 [main] INFO com.cathay.test.tests.MortgageCalculatorTest -- 開始執行：testMortgageAllFieldVisibility
21:55:06.682 [Forwarding get on session 666a7534-034c-4ee4-b0c5-f4419ac02363 to remote] DEBUG org.asynchttpclient.netty.request.NettyRequestSender -- Using pooled Channel '[id: 0xd850032e, L:/127.0.0.1:49363 - R:/127.0.0.1:4723]' for 'POST' to 'http://127.0.0.1:4723/session/666a7534-034c-4ee4-b0c5-f4419ac02363/url'
21:55:06.682 [Forwarding get on session 666a7534-034c-4ee4-b0c5-f4419ac02363 to remote] DEBUG org.asynchttpclient.netty.request.NettyRequestSender -- Using open Channel [id: 0xd850032e, L:/127.0.0.1:49363 - R:/127.0.0.1:4723] for POST '/session/666a7534-034c-4ee4-b0c5-f4419ac02363/url'
21:55:08.291 [AsyncHttpClient-1-2] DEBUG org.asynchttpclient.netty.handler.HttpHandler -- 

Request DefaultHttpRequest(decodeResult: success, version: HTTP/1.1)
POST /session/666a7534-034c-4ee4-b0c5-f4419ac02363/url HTTP/1.1
User-Agent: appium/8.3.0 (selenium/4.8.3 (java mac))
Content-Length: 133
Content-Type: application/json; charset=utf-8
host: 127.0.0.1:4723
accept: */*

Response DefaultHttpResponse(decodeResult: success, version: HTTP/1.1)
HTTP/1.1 200 OK
X-Powered-By: Express
Vary: X-HTTP-Method-Override
Content-Type: application/json; charset=utf-8
Content-Length: 14
ETag: W/"e-9/1BuKMgFObM1mWJm+YjxtXJnUM"
Date: Sun, 06 Apr 2025 13:55:08 GMT
Connection: keep-alive
Keep-Alive: timeout=600

21:55:08.292 [AsyncHttpClient-1-2] DEBUG org.asynchttpclient.netty.channel.ChannelManager -- Adding key: http://127.0.0.1:4723 for channel [id: 0xd850032e, L:/127.0.0.1:49363 - R:/127.0.0.1:4723]
21:55:08.292 [Forwarding getCurrentUrl on session 666a7534-034c-4ee4-b0c5-f4419ac02363 to remote] DEBUG org.asynchttpclient.netty.request.NettyRequestSender -- Using pooled Channel '[id: 0xd850032e, L:/127.0.0.1:49363 - R:/127.0.0.1:4723]' for 'GET' to 'http://127.0.0.1:4723/session/666a7534-034c-4ee4-b0c5-f4419ac02363/url'
21:55:08.292 [Forwarding getCurrentUrl on session 666a7534-034c-4ee4-b0c5-f4419ac02363 to remote] DEBUG org.asynchttpclient.netty.request.NettyRequestSender -- Using open Channel [id: 0xd850032e, L:/127.0.0.1:49363 - R:/127.0.0.1:4723] for GET '/session/666a7534-034c-4ee4-b0c5-f4419ac02363/url'
21:55:08.377 [AsyncHttpClient-1-2] DEBUG org.asynchttpclient.netty.handler.HttpHandler -- 

Request DefaultFullHttpRequest(decodeResult: success, version: HTTP/1.1, content: EmptyByteBufBE)
GET /session/666a7534-034c-4ee4-b0c5-f4419ac02363/url HTTP/1.1
Cache-Control: no-cache
User-Agent: appium/8.3.0 (selenium/4.8.3 (java mac))
Content-Type: application/json; charset=utf-8
host: 127.0.0.1:4723
accept: */*

Response DefaultHttpResponse(decodeResult: success, version: HTTP/1.1)
HTTP/1.1 200 OK
X-Powered-By: Express
Content-Type: application/json; charset=utf-8
Content-Length: 90
ETag: W/"5a-SVzTdoqQsw2ztnbhgzn9TDJ+oVM"
Date: Sun, 06 Apr 2025 13:55:08 GMT
Connection: keep-alive
Keep-Alive: timeout=600

21:55:08.377 [AsyncHttpClient-1-2] DEBUG org.asynchttpclient.netty.channel.ChannelManager -- Adding key: http://127.0.0.1:4723 for channel [id: 0xd850032e, L:/127.0.0.1:49363 - R:/127.0.0.1:4723]
*********3rd party cookie Current URL: https://www.cathaybk.com.tw/cathaybk/personal/loan/calculator/mortgage-budget/
21:55:08.378 [Forwarding getCookies on session 666a7534-034c-4ee4-b0c5-f4419ac02363 to remote] DEBUG org.asynchttpclient.netty.request.NettyRequestSender -- Using pooled Channel '[id: 0xd850032e, L:/127.0.0.1:49363 - R:/127.0.0.1:4723]' for 'GET' to 'http://127.0.0.1:4723/session/666a7534-034c-4ee4-b0c5-f4419ac02363/cookie'
21:55:08.378 [Forwarding getCookies on session 666a7534-034c-4ee4-b0c5-f4419ac02363 to remote] DEBUG org.asynchttpclient.netty.request.NettyRequestSender -- Using open Channel [id: 0xd850032e, L:/127.0.0.1:49363 - R:/127.0.0.1:4723] for GET '/session/666a7534-034c-4ee4-b0c5-f4419ac02363/cookie'
21:55:08.403 [AsyncHttpClient-1-2] DEBUG org.asynchttpclient.netty.handler.HttpHandler -- 

Request DefaultFullHttpRequest(decodeResult: success, version: HTTP/1.1, content: EmptyByteBufBE)
GET /session/666a7534-034c-4ee4-b0c5-f4419ac02363/cookie HTTP/1.1
Cache-Control: no-cache
User-Agent: appium/8.3.0 (selenium/4.8.3 (java mac))
Content-Type: application/json; charset=utf-8
host: 127.0.0.1:4723
accept: */*

Response DefaultHttpResponse(decodeResult: success, version: HTTP/1.1)
HTTP/1.1 200 OK
X-Powered-By: Express
Content-Type: application/json; charset=utf-8
Content-Length: 5542
ETag: W/"15a6-7AQxxBwRUSGTsnzC4WsZnThRsvo"
Date: Sun, 06 Apr 2025 13:55:08 GMT
Connection: keep-alive
Keep-Alive: timeout=600

21:55:08.403 [AsyncHttpClient-1-2] DEBUG org.asynchttpclient.netty.channel.ChannelManager -- Adding key: http://127.0.0.1:4723 for channel [id: 0xd850032e, L:/127.0.0.1:49363 - R:/127.0.0.1:4723]
*********Cookie: citrix_ns_id = AAU7tIfyZzvqrkUHAAAAADvLSubBRkGc__LEOzVhuXsGFPjKXiRtWZ6HF_PA0YeQOw==P4vyZw==195v45sEuDJQSJIiHxqz-xu_98o=
*********Cookie: ASP.NET_SessionId = e14te1lrwxzeflmw2d5uoci1
*********Cookie: _ss_pp_id = 9562989a05a164aa1a31743918903271
*********Cookie: dv0qai26lg6v2y6kl7yyc36brextd251i8i782eh = hboxcyb2wkp
*********Cookie: _mg_ckp = eyJja1RrZERGIjoiIn0=
*********Cookie: shell#lang = en
*********Cookie: mbox = session#670db603aea54989a920a2e55a00fd4a#1743949569|PC#670db603aea54989a920a2e55a00fd4a.32_0#1807192509
*********Cookie: _td = e91e1b19-1673-459a-8df7-d0e2a4238d75
*********Cookie: _uetvid = bd2b2ab012ee11f08356158302f7de09
*********Cookie: _uetsid = bd2ae54012ee11f09e9f1ffc8b6ec15a
*********Cookie: _ga_T2T689XRGT = GS1.1.1743947702.1.1.1743947708.54.0.0
*********Cookie: AMCV_B877A5DB584931AC0A495EAA%40AdobeOrg = 1585540135%7CMCIDTS%7C20185%7CMCMID%7C35243691161371227484187178445422663806%7CMCAAMLH-1744552502%7C11%7CMCAAMB-1744552502%7C6G1ynYcLPuiQxYZrsz_pkqfLG9yMXBpb2zX5dvJdYQJzPXImdj0y%7CMCCIDH%7C1062709688%7CMCOPTOUT-1743954902s%7CNONE%7CMCSYNCSOP%7C411-20192%7CvVersion%7C4.4.0
*********Cookie: dv0qai26lg6v2y6kl7yyc36brextdc93z0e8hkdm = 7lksilcxzkd
*********Cookie: dv0qai26lg6v2y6kl7yyc36brextdxho1l05uw1 = 5ym58ceoumr
*********Cookie: at_check = true
*********Cookie: _fbp = fb.2.1743947703248.196321766918065060
*********Cookie: __lt__cid = b3d6a988-4d59-423d-b88d-848c4343d9dc
*********Cookie: dv0qai26lg6v2y6kl7yyc36brextd6sgfjrspdd8 = q44934o1hja
*********Cookie: dv0qai26lg6v2y6kl7yyc36brextd9esqe9cko3i = u0np6tsj3s
*********Cookie: dv0qai26lg6v2y6kl7yyc36brextdqgebfrvl0x = ugcopmm9hc
*********Cookie: __lt__sid = fcda8c80-63a4fe05
*********Cookie: dv0qai26lg6v2y6kl7yyc36brextdnnenhhety2h = ckaj5tgzius
*********Cookie: cathaybk_new = 4bb3a3d8d4f078cfaa7badb04abb60df7ed08c3d037be7593e9c32d57ce56d7fc2c8d446
*********Cookie: __mguid_ = 7e6175d7121c44cb83d447062b2ebfcf
*********Cookie: FingerprintCookie = a83734ca5c2401a34f4ad325dff7c9ff
*********Cookie: dv0qai26lg6v2y6kl7yyc36brextdsncvezojl89 = coglgbjhzpu
*********Cookie: usy46gabsosd = cubcsa_17439477022000.40b39d8bf94c19326e08488773ea297f_4127
*********Cookie: _ga = GA1.1.993195550.1743947703
*********Cookie: _gcl_au = 1.1.1875283855.1743947702
*********Cookie: AMCVS_B877A5DB584931AC0A495EAA%40AdobeOrg = 1
21:55:08.405 [Forwarding getCurrentUrl on session 666a7534-034c-4ee4-b0c5-f4419ac02363 to remote] DEBUG org.asynchttpclient.netty.request.NettyRequestSender -- Using pooled Channel '[id: 0xd850032e, L:/127.0.0.1:49363 - R:/127.0.0.1:4723]' for 'GET' to 'http://127.0.0.1:4723/session/666a7534-034c-4ee4-b0c5-f4419ac02363/url'
21:55:08.405 [Forwarding getCurrentUrl on session 666a7534-034c-4ee4-b0c5-f4419ac02363 to remote] DEBUG org.asynchttpclient.netty.request.NettyRequestSender -- Using open Channel [id: 0xd850032e, L:/127.0.0.1:49363 - R:/127.0.0.1:4723] for GET '/session/666a7534-034c-4ee4-b0c5-f4419ac02363/url'
21:55:08.422 [AsyncHttpClient-1-2] DEBUG org.asynchttpclient.netty.handler.HttpHandler -- 

Request DefaultFullHttpRequest(decodeResult: success, version: HTTP/1.1, content: EmptyByteBufBE)
GET /session/666a7534-034c-4ee4-b0c5-f4419ac02363/url HTTP/1.1
Cache-Control: no-cache
User-Agent: appium/8.3.0 (selenium/4.8.3 (java mac))
Content-Type: application/json; charset=utf-8
host: 127.0.0.1:4723
accept: */*

Response DefaultHttpResponse(decodeResult: success, version: HTTP/1.1)
HTTP/1.1 200 OK
X-Powered-By: Express
Content-Type: application/json; charset=utf-8
Content-Length: 90
ETag: W/"5a-SVzTdoqQsw2ztnbhgzn9TDJ+oVM"
Date: Sun, 06 Apr 2025 13:55:08 GMT
Connection: keep-alive
Keep-Alive: timeout=600

21:55:08.422 [AsyncHttpClient-1-2] DEBUG org.asynchttpclient.netty.channel.ChannelManager -- Adding key: http://127.0.0.1:4723 for channel [id: 0xd850032e, L:/127.0.0.1:49363 - R:/127.0.0.1:4723]
21:55:08.423 [main] INFO com.cathay.test.tests.MortgageCalculatorTest -- 已開啟房貸試算頁面: https://www.cathaybk.com.tw/cathaybk/personal/loan/calculator/mortgage-budget/
21:55:08.423 [Forwarding findElement on session 666a7534-034c-4ee4-b0c5-f4419ac02363 to remote] DEBUG org.asynchttpclient.netty.request.NettyRequestSender -- Using pooled Channel '[id: 0xd850032e, L:/127.0.0.1:49363 - R:/127.0.0.1:4723]' for 'POST' to 'http://127.0.0.1:4723/session/666a7534-034c-4ee4-b0c5-f4419ac02363/element'
21:55:08.423 [Forwarding findElement on session 666a7534-034c-4ee4-b0c5-f4419ac02363 to remote] DEBUG org.asynchttpclient.netty.request.NettyRequestSender -- Using open Channel [id: 0xd850032e, L:/127.0.0.1:49363 - R:/127.0.0.1:4723] for POST '/session/666a7534-034c-4ee4-b0c5-f4419ac02363/element'
21:55:08.451 [AsyncHttpClient-1-2] DEBUG org.asynchttpclient.netty.handler.HttpHandler -- 

Request DefaultHttpRequest(decodeResult: success, version: HTTP/1.1)
POST /session/666a7534-034c-4ee4-b0c5-f4419ac02363/element HTTP/1.1
User-Agent: appium/8.3.0 (selenium/4.8.3 (java mac))
Content-Length: 84
Content-Type: application/json; charset=utf-8
host: 127.0.0.1:4723
accept: */*

Response DefaultHttpResponse(decodeResult: success, version: HTTP/1.1)
HTTP/1.1 200 OK
X-Powered-By: Express
Vary: X-HTTP-Method-Override
Content-Type: application/json; charset=utf-8
Content-Length: 215
ETag: W/"d7-4fiq3kBm3qv2GjQCXL0MsPlR4ho"
Date: Sun, 06 Apr 2025 13:55:08 GMT
Connection: keep-alive
Keep-Alive: timeout=600

21:55:08.451 [AsyncHttpClient-1-2] DEBUG org.asynchttpclient.netty.channel.ChannelManager -- Adding key: http://127.0.0.1:4723 for channel [id: 0xd850032e, L:/127.0.0.1:49363 - R:/127.0.0.1:4723]
21:55:08.452 [Forwarding findElement on session 666a7534-034c-4ee4-b0c5-f4419ac02363 to remote] DEBUG org.asynchttpclient.netty.request.NettyRequestSender -- Using pooled Channel '[id: 0xd850032e, L:/127.0.0.1:49363 - R:/127.0.0.1:4723]' for 'POST' to 'http://127.0.0.1:4723/session/666a7534-034c-4ee4-b0c5-f4419ac02363/element'
21:55:08.452 [Forwarding findElement on session 666a7534-034c-4ee4-b0c5-f4419ac02363 to remote] DEBUG org.asynchttpclient.netty.request.NettyRequestSender -- Using open Channel [id: 0xd850032e, L:/127.0.0.1:49363 - R:/127.0.0.1:4723] for POST '/session/666a7534-034c-4ee4-b0c5-f4419ac02363/element'
21:55:08.474 [AsyncHttpClient-1-2] DEBUG org.asynchttpclient.netty.handler.HttpHandler -- 

Request DefaultHttpRequest(decodeResult: success, version: HTTP/1.1)
POST /session/666a7534-034c-4ee4-b0c5-f4419ac02363/element HTTP/1.1
User-Agent: appium/8.3.0 (selenium/4.8.3 (java mac))
Content-Length: 72
Content-Type: application/json; charset=utf-8
host: 127.0.0.1:4723
accept: */*

Response DefaultHttpResponse(decodeResult: success, version: HTTP/1.1)
HTTP/1.1 200 OK
X-Powered-By: Express
Vary: X-HTTP-Method-Override
Content-Type: application/json; charset=utf-8
Content-Length: 215
ETag: W/"d7-j9+EwOPKDOzAhCk8O+MO9vALXdc"
Date: Sun, 06 Apr 2025 13:55:08 GMT
Connection: keep-alive
Keep-Alive: timeout=600

21:55:08.474 [AsyncHttpClient-1-2] DEBUG org.asynchttpclient.netty.channel.ChannelManager -- Adding key: http://127.0.0.1:4723 for channel [id: 0xd850032e, L:/127.0.0.1:49363 - R:/127.0.0.1:4723]
21:55:08.475 [Forwarding findElement on session 666a7534-034c-4ee4-b0c5-f4419ac02363 to remote] DEBUG org.asynchttpclient.netty.request.NettyRequestSender -- Using pooled Channel '[id: 0xd850032e, L:/127.0.0.1:49363 - R:/127.0.0.1:4723]' for 'POST' to 'http://127.0.0.1:4723/session/666a7534-034c-4ee4-b0c5-f4419ac02363/element'
21:55:08.475 [Forwarding findElement on session 666a7534-034c-4ee4-b0c5-f4419ac02363 to remote] DEBUG org.asynchttpclient.netty.request.NettyRequestSender -- Using open Channel [id: 0xd850032e, L:/127.0.0.1:49363 - R:/127.0.0.1:4723] for POST '/session/666a7534-034c-4ee4-b0c5-f4419ac02363/element'
21:55:08.494 [AsyncHttpClient-1-2] DEBUG org.asynchttpclient.netty.handler.HttpHandler -- 

Request DefaultHttpRequest(decodeResult: success, version: HTTP/1.1)
POST /session/666a7534-034c-4ee4-b0c5-f4419ac02363/element HTTP/1.1
User-Agent: appium/8.3.0 (selenium/4.8.3 (java mac))
Content-Length: 74
Content-Type: application/json; charset=utf-8
host: 127.0.0.1:4723
accept: */*

Response DefaultHttpResponse(decodeResult: success, version: HTTP/1.1)
HTTP/1.1 200 OK
X-Powered-By: Express
Vary: X-HTTP-Method-Override
Content-Type: application/json; charset=utf-8
Content-Length: 215
ETag: W/"d7-MDgNEjDnWeRdrPhCe4Anie4dErA"
Date: Sun, 06 Apr 2025 13:55:08 GMT
Connection: keep-alive
Keep-Alive: timeout=600

21:55:08.494 [AsyncHttpClient-1-2] DEBUG org.asynchttpclient.netty.channel.ChannelManager -- Adding key: http://127.0.0.1:4723 for channel [id: 0xd850032e, L:/127.0.0.1:49363 - R:/127.0.0.1:4723]
21:55:08.495 [Forwarding isElementDisplayed on session 666a7534-034c-4ee4-b0c5-f4419ac02363 to remote] DEBUG org.asynchttpclient.netty.request.NettyRequestSender -- Using pooled Channel '[id: 0xd850032e, L:/127.0.0.1:49363 - R:/127.0.0.1:4723]' for 'GET' to 'http://127.0.0.1:4723/session/666a7534-034c-4ee4-b0c5-f4419ac02363/element/f.322C458F25E8960B63F24210A52D4BC3.d.36BF8876F5DC34778475256338414A53.e.399/displayed'
21:55:08.495 [Forwarding isElementDisplayed on session 666a7534-034c-4ee4-b0c5-f4419ac02363 to remote] DEBUG org.asynchttpclient.netty.request.NettyRequestSender -- Using open Channel [id: 0xd850032e, L:/127.0.0.1:49363 - R:/127.0.0.1:4723] for GET '/session/666a7534-034c-4ee4-b0c5-f4419ac02363/element/f.322C458F25E8960B63F24210A52D4BC3.d.36BF8876F5DC34778475256338414A53.e.399/displayed'
21:55:08.521 [AsyncHttpClient-1-2] DEBUG org.asynchttpclient.netty.handler.HttpHandler -- 

Request DefaultFullHttpRequest(decodeResult: success, version: HTTP/1.1, content: EmptyByteBufBE)
GET /session/666a7534-034c-4ee4-b0c5-f4419ac02363/element/f.322C458F25E8960B63F24210A52D4BC3.d.36BF8876F5DC34778475256338414A53.e.399/displayed HTTP/1.1
Cache-Control: no-cache
User-Agent: appium/8.3.0 (selenium/4.8.3 (java mac))
Content-Type: application/json; charset=utf-8
host: 127.0.0.1:4723
accept: */*

Response DefaultHttpResponse(decodeResult: success, version: HTTP/1.1)
HTTP/1.1 200 OK
X-Powered-By: Express
Content-Type: application/json; charset=utf-8
Content-Length: 14
ETag: W/"e-2ZHvAWebNQpyjGZTg6uyV8/spTo"
Date: Sun, 06 Apr 2025 13:55:08 GMT
Connection: keep-alive
Keep-Alive: timeout=600

21:55:08.521 [AsyncHttpClient-1-2] DEBUG org.asynchttpclient.netty.channel.ChannelManager -- Adding key: http://127.0.0.1:4723 for channel [id: 0xd850032e, L:/127.0.0.1:49363 - R:/127.0.0.1:4723]
21:55:08.522 [Forwarding isElementDisplayed on session 666a7534-034c-4ee4-b0c5-f4419ac02363 to remote] DEBUG org.asynchttpclient.netty.request.NettyRequestSender -- Using pooled Channel '[id: 0xd850032e, L:/127.0.0.1:49363 - R:/127.0.0.1:4723]' for 'GET' to 'http://127.0.0.1:4723/session/666a7534-034c-4ee4-b0c5-f4419ac02363/element/f.322C458F25E8960B63F24210A52D4BC3.d.36BF8876F5DC34778475256338414A53.e.400/displayed'
21:55:08.522 [Forwarding isElementDisplayed on session 666a7534-034c-4ee4-b0c5-f4419ac02363 to remote] DEBUG org.asynchttpclient.netty.request.NettyRequestSender -- Using open Channel [id: 0xd850032e, L:/127.0.0.1:49363 - R:/127.0.0.1:4723] for GET '/session/666a7534-034c-4ee4-b0c5-f4419ac02363/element/f.322C458F25E8960B63F24210A52D4BC3.d.36BF8876F5DC34778475256338414A53.e.400/displayed'
21:55:08.541 [AsyncHttpClient-1-2] DEBUG org.asynchttpclient.netty.handler.HttpHandler -- 

Request DefaultFullHttpRequest(decodeResult: success, version: HTTP/1.1, content: EmptyByteBufBE)
GET /session/666a7534-034c-4ee4-b0c5-f4419ac02363/element/f.322C458F25E8960B63F24210A52D4BC3.d.36BF8876F5DC34778475256338414A53.e.400/displayed HTTP/1.1
Cache-Control: no-cache
User-Agent: appium/8.3.0 (selenium/4.8.3 (java mac))
Content-Type: application/json; charset=utf-8
host: 127.0.0.1:4723
accept: */*

Response DefaultHttpResponse(decodeResult: success, version: HTTP/1.1)
HTTP/1.1 200 OK
X-Powered-By: Express
Content-Type: application/json; charset=utf-8
Content-Length: 14
ETag: W/"e-2ZHvAWebNQpyjGZTg6uyV8/spTo"
Date: Sun, 06 Apr 2025 13:55:08 GMT
Connection: keep-alive
Keep-Alive: timeout=600

21:55:08.541 [AsyncHttpClient-1-2] DEBUG org.asynchttpclient.netty.channel.ChannelManager -- Adding key: http://127.0.0.1:4723 for channel [id: 0xd850032e, L:/127.0.0.1:49363 - R:/127.0.0.1:4723]
21:55:08.542 [Forwarding getElementAttribute on session 666a7534-034c-4ee4-b0c5-f4419ac02363 to remote] DEBUG org.asynchttpclient.netty.request.NettyRequestSender -- Using pooled Channel '[id: 0xd850032e, L:/127.0.0.1:49363 - R:/127.0.0.1:4723]' for 'GET' to 'http://127.0.0.1:4723/session/666a7534-034c-4ee4-b0c5-f4419ac02363/element/f.322C458F25E8960B63F24210A52D4BC3.d.36BF8876F5DC34778475256338414A53.e.401/attribute/href'
21:55:08.542 [Forwarding getElementAttribute on session 666a7534-034c-4ee4-b0c5-f4419ac02363 to remote] DEBUG org.asynchttpclient.netty.request.NettyRequestSender -- Using open Channel [id: 0xd850032e, L:/127.0.0.1:49363 - R:/127.0.0.1:4723] for GET '/session/666a7534-034c-4ee4-b0c5-f4419ac02363/element/f.322C458F25E8960B63F24210A52D4BC3.d.36BF8876F5DC34778475256338414A53.e.401/attribute/href'
21:55:08.559 [AsyncHttpClient-1-2] DEBUG org.asynchttpclient.netty.handler.HttpHandler -- 

Request DefaultFullHttpRequest(decodeResult: success, version: HTTP/1.1, content: EmptyByteBufBE)
GET /session/666a7534-034c-4ee4-b0c5-f4419ac02363/element/f.322C458F25E8960B63F24210A52D4BC3.d.36BF8876F5DC34778475256338414A53.e.401/attribute/href HTTP/1.1
Cache-Control: no-cache
User-Agent: appium/8.3.0 (selenium/4.8.3 (java mac))
Content-Type: application/json; charset=utf-8
host: 127.0.0.1:4723
accept: */*

Response DefaultHttpResponse(decodeResult: success, version: HTTP/1.1)
HTTP/1.1 200 OK
X-Powered-By: Express
Content-Type: application/json; charset=utf-8
Content-Length: 80
ETag: W/"50-sWhQSyOHXUcnZyfisS3Td3wiWEY"
Date: Sun, 06 Apr 2025 13:55:08 GMT
Connection: keep-alive
Keep-Alive: timeout=600

21:55:08.559 [AsyncHttpClient-1-2] DEBUG org.asynchttpclient.netty.channel.ChannelManager -- Adding key: http://127.0.0.1:4723 for channel [id: 0xd850032e, L:/127.0.0.1:49363 - R:/127.0.0.1:4723]
21:55:08.560 [Forwarding findElement on session 666a7534-034c-4ee4-b0c5-f4419ac02363 to remote] DEBUG org.asynchttpclient.netty.request.NettyRequestSender -- Using pooled Channel '[id: 0xd850032e, L:/127.0.0.1:49363 - R:/127.0.0.1:4723]' for 'POST' to 'http://127.0.0.1:4723/session/666a7534-034c-4ee4-b0c5-f4419ac02363/element'
21:55:08.560 [Forwarding findElement on session 666a7534-034c-4ee4-b0c5-f4419ac02363 to remote] DEBUG org.asynchttpclient.netty.request.NettyRequestSender -- Using open Channel [id: 0xd850032e, L:/127.0.0.1:49363 - R:/127.0.0.1:4723] for POST '/session/666a7534-034c-4ee4-b0c5-f4419ac02363/element'
21:55:08.580 [AsyncHttpClient-1-2] DEBUG org.asynchttpclient.netty.handler.HttpHandler -- 

Request DefaultHttpRequest(decodeResult: success, version: HTTP/1.1)
POST /session/666a7534-034c-4ee4-b0c5-f4419ac02363/element HTTP/1.1
User-Agent: appium/8.3.0 (selenium/4.8.3 (java mac))
Content-Length: 64
Content-Type: application/json; charset=utf-8
host: 127.0.0.1:4723
accept: */*

Response DefaultHttpResponse(decodeResult: success, version: HTTP/1.1)
HTTP/1.1 200 OK
X-Powered-By: Express
Vary: X-HTTP-Method-Override
Content-Type: application/json; charset=utf-8
Content-Length: 215
ETag: W/"d7-m8rm6PBvQQcJPJ84Zw6Vn9QEPlw"
Date: Sun, 06 Apr 2025 13:55:08 GMT
Connection: keep-alive
Keep-Alive: timeout=600

21:55:08.580 [AsyncHttpClient-1-2] DEBUG org.asynchttpclient.netty.channel.ChannelManager -- Adding key: http://127.0.0.1:4723 for channel [id: 0xd850032e, L:/127.0.0.1:49363 - R:/127.0.0.1:4723]
21:55:08.580 [Forwarding findElement on session 666a7534-034c-4ee4-b0c5-f4419ac02363 to remote] DEBUG org.asynchttpclient.netty.request.NettyRequestSender -- Using pooled Channel '[id: 0xd850032e, L:/127.0.0.1:49363 - R:/127.0.0.1:4723]' for 'POST' to 'http://127.0.0.1:4723/session/666a7534-034c-4ee4-b0c5-f4419ac02363/element'
21:55:08.580 [Forwarding findElement on session 666a7534-034c-4ee4-b0c5-f4419ac02363 to remote] DEBUG org.asynchttpclient.netty.request.NettyRequestSender -- Using open Channel [id: 0xd850032e, L:/127.0.0.1:49363 - R:/127.0.0.1:4723] for POST '/session/666a7534-034c-4ee4-b0c5-f4419ac02363/element'
21:55:08.600 [AsyncHttpClient-1-2] DEBUG org.asynchttpclient.netty.handler.HttpHandler -- 

Request DefaultHttpRequest(decodeResult: success, version: HTTP/1.1)
POST /session/666a7534-034c-4ee4-b0c5-f4419ac02363/element HTTP/1.1
User-Agent: appium/8.3.0 (selenium/4.8.3 (java mac))
Content-Length: 65
Content-Type: application/json; charset=utf-8
host: 127.0.0.1:4723
accept: */*

Response DefaultHttpResponse(decodeResult: success, version: HTTP/1.1)
HTTP/1.1 200 OK
X-Powered-By: Express
Vary: X-HTTP-Method-Override
Content-Type: application/json; charset=utf-8
Content-Length: 215
ETag: W/"d7-rnsIHW+Nb2xjuJjujzOfNgOP5mg"
Date: Sun, 06 Apr 2025 13:55:08 GMT
Connection: keep-alive
Keep-Alive: timeout=600

21:55:08.600 [AsyncHttpClient-1-2] DEBUG org.asynchttpclient.netty.channel.ChannelManager -- Adding key: http://127.0.0.1:4723 for channel [id: 0xd850032e, L:/127.0.0.1:49363 - R:/127.0.0.1:4723]
21:55:08.601 [Forwarding findElement on session 666a7534-034c-4ee4-b0c5-f4419ac02363 to remote] DEBUG org.asynchttpclient.netty.request.NettyRequestSender -- Using pooled Channel '[id: 0xd850032e, L:/127.0.0.1:49363 - R:/127.0.0.1:4723]' for 'POST' to 'http://127.0.0.1:4723/session/666a7534-034c-4ee4-b0c5-f4419ac02363/element'
21:55:08.601 [Forwarding findElement on session 666a7534-034c-4ee4-b0c5-f4419ac02363 to remote] DEBUG org.asynchttpclient.netty.request.NettyRequestSender -- Using open Channel [id: 0xd850032e, L:/127.0.0.1:49363 - R:/127.0.0.1:4723] for POST '/session/666a7534-034c-4ee4-b0c5-f4419ac02363/element'
21:55:08.621 [AsyncHttpClient-1-2] DEBUG org.asynchttpclient.netty.handler.HttpHandler -- 

Request DefaultHttpRequest(decodeResult: success, version: HTTP/1.1)
POST /session/666a7534-034c-4ee4-b0c5-f4419ac02363/element HTTP/1.1
User-Agent: appium/8.3.0 (selenium/4.8.3 (java mac))
Content-Length: 71
Content-Type: application/json; charset=utf-8
host: 127.0.0.1:4723
accept: */*

Response DefaultHttpResponse(decodeResult: success, version: HTTP/1.1)
HTTP/1.1 200 OK
X-Powered-By: Express
Vary: X-HTTP-Method-Override
Content-Type: application/json; charset=utf-8
Content-Length: 215
ETag: W/"d7-nlAhm5gQmaPOMXsAi4W0ItVy9hQ"
Date: Sun, 06 Apr 2025 13:55:08 GMT
Connection: keep-alive
Keep-Alive: timeout=600

21:55:08.621 [AsyncHttpClient-1-2] DEBUG org.asynchttpclient.netty.channel.ChannelManager -- Adding key: http://127.0.0.1:4723 for channel [id: 0xd850032e, L:/127.0.0.1:49363 - R:/127.0.0.1:4723]
21:55:08.622 [Forwarding isElementDisplayed on session 666a7534-034c-4ee4-b0c5-f4419ac02363 to remote] DEBUG org.asynchttpclient.netty.request.NettyRequestSender -- Using pooled Channel '[id: 0xd850032e, L:/127.0.0.1:49363 - R:/127.0.0.1:4723]' for 'GET' to 'http://127.0.0.1:4723/session/666a7534-034c-4ee4-b0c5-f4419ac02363/element/f.322C458F25E8960B63F24210A52D4BC3.d.36BF8876F5DC34778475256338414A53.e.404/displayed'
21:55:08.622 [Forwarding isElementDisplayed on session 666a7534-034c-4ee4-b0c5-f4419ac02363 to remote] DEBUG org.asynchttpclient.netty.request.NettyRequestSender -- Using open Channel [id: 0xd850032e, L:/127.0.0.1:49363 - R:/127.0.0.1:4723] for GET '/session/666a7534-034c-4ee4-b0c5-f4419ac02363/element/f.322C458F25E8960B63F24210A52D4BC3.d.36BF8876F5DC34778475256338414A53.e.404/displayed'
21:55:08.644 [AsyncHttpClient-1-2] DEBUG org.asynchttpclient.netty.handler.HttpHandler -- 

Request DefaultFullHttpRequest(decodeResult: success, version: HTTP/1.1, content: EmptyByteBufBE)
GET /session/666a7534-034c-4ee4-b0c5-f4419ac02363/element/f.322C458F25E8960B63F24210A52D4BC3.d.36BF8876F5DC34778475256338414A53.e.404/displayed HTTP/1.1
Cache-Control: no-cache
User-Agent: appium/8.3.0 (selenium/4.8.3 (java mac))
Content-Type: application/json; charset=utf-8
host: 127.0.0.1:4723
accept: */*

Response DefaultHttpResponse(decodeResult: success, version: HTTP/1.1)
HTTP/1.1 200 OK
X-Powered-By: Express
Content-Type: application/json; charset=utf-8
Content-Length: 14
ETag: W/"e-2ZHvAWebNQpyjGZTg6uyV8/spTo"
Date: Sun, 06 Apr 2025 13:55:08 GMT
Connection: keep-alive
Keep-Alive: timeout=600

21:55:08.644 [AsyncHttpClient-1-2] DEBUG org.asynchttpclient.netty.channel.ChannelManager -- Adding key: http://127.0.0.1:4723 for channel [id: 0xd850032e, L:/127.0.0.1:49363 - R:/127.0.0.1:4723]
21:55:08.645 [Forwarding findElement on session 666a7534-034c-4ee4-b0c5-f4419ac02363 to remote] DEBUG org.asynchttpclient.netty.request.NettyRequestSender -- Using pooled Channel '[id: 0xd850032e, L:/127.0.0.1:49363 - R:/127.0.0.1:4723]' for 'POST' to 'http://127.0.0.1:4723/session/666a7534-034c-4ee4-b0c5-f4419ac02363/element'
21:55:08.645 [Forwarding findElement on session 666a7534-034c-4ee4-b0c5-f4419ac02363 to remote] DEBUG org.asynchttpclient.netty.request.NettyRequestSender -- Using open Channel [id: 0xd850032e, L:/127.0.0.1:49363 - R:/127.0.0.1:4723] for POST '/session/666a7534-034c-4ee4-b0c5-f4419ac02363/element'
21:55:08.715 [AsyncHttpClient-1-2] DEBUG org.asynchttpclient.netty.handler.HttpHandler -- 

Request DefaultHttpRequest(decodeResult: success, version: HTTP/1.1)
POST /session/666a7534-034c-4ee4-b0c5-f4419ac02363/element HTTP/1.1
User-Agent: appium/8.3.0 (selenium/4.8.3 (java mac))
Content-Length: 60
Content-Type: application/json; charset=utf-8
host: 127.0.0.1:4723
accept: */*

Response DefaultHttpResponse(decodeResult: success, version: HTTP/1.1)
HTTP/1.1 200 OK
X-Powered-By: Express
Vary: X-HTTP-Method-Override
Content-Type: application/json; charset=utf-8
Content-Length: 215
ETag: W/"d7-DYcAUeCLcfHXZj+MhlnWfen275I"
Date: Sun, 06 Apr 2025 13:55:08 GMT
Connection: keep-alive
Keep-Alive: timeout=600

21:55:08.715 [AsyncHttpClient-1-2] DEBUG org.asynchttpclient.netty.channel.ChannelManager -- Adding key: http://127.0.0.1:4723 for channel [id: 0xd850032e, L:/127.0.0.1:49363 - R:/127.0.0.1:4723]
21:55:08.715 [Forwarding isElementDisplayed on session 666a7534-034c-4ee4-b0c5-f4419ac02363 to remote] DEBUG org.asynchttpclient.netty.request.NettyRequestSender -- Using pooled Channel '[id: 0xd850032e, L:/127.0.0.1:49363 - R:/127.0.0.1:4723]' for 'GET' to 'http://127.0.0.1:4723/session/666a7534-034c-4ee4-b0c5-f4419ac02363/element/f.322C458F25E8960B63F24210A52D4BC3.d.36BF8876F5DC34778475256338414A53.e.386/displayed'
21:55:08.716 [Forwarding isElementDisplayed on session 666a7534-034c-4ee4-b0c5-f4419ac02363 to remote] DEBUG org.asynchttpclient.netty.request.NettyRequestSender -- Using open Channel [id: 0xd850032e, L:/127.0.0.1:49363 - R:/127.0.0.1:4723] for GET '/session/666a7534-034c-4ee4-b0c5-f4419ac02363/element/f.322C458F25E8960B63F24210A52D4BC3.d.36BF8876F5DC34778475256338414A53.e.386/displayed'
21:55:08.736 [AsyncHttpClient-1-2] DEBUG org.asynchttpclient.netty.handler.HttpHandler -- 

Request DefaultFullHttpRequest(decodeResult: success, version: HTTP/1.1, content: EmptyByteBufBE)
GET /session/666a7534-034c-4ee4-b0c5-f4419ac02363/element/f.322C458F25E8960B63F24210A52D4BC3.d.36BF8876F5DC34778475256338414A53.e.386/displayed HTTP/1.1
Cache-Control: no-cache
User-Agent: appium/8.3.0 (selenium/4.8.3 (java mac))
Content-Type: application/json; charset=utf-8
host: 127.0.0.1:4723
accept: */*

Response DefaultHttpResponse(decodeResult: success, version: HTTP/1.1)
HTTP/1.1 200 OK
X-Powered-By: Express
Content-Type: application/json; charset=utf-8
Content-Length: 14
ETag: W/"e-2ZHvAWebNQpyjGZTg6uyV8/spTo"
Date: Sun, 06 Apr 2025 13:55:08 GMT
Connection: keep-alive
Keep-Alive: timeout=600

21:55:08.736 [AsyncHttpClient-1-2] DEBUG org.asynchttpclient.netty.channel.ChannelManager -- Adding key: http://127.0.0.1:4723 for channel [id: 0xd850032e, L:/127.0.0.1:49363 - R:/127.0.0.1:4723]
21:55:08.737 [Forwarding findElement on session 666a7534-034c-4ee4-b0c5-f4419ac02363 to remote] DEBUG org.asynchttpclient.netty.request.NettyRequestSender -- Using pooled Channel '[id: 0xd850032e, L:/127.0.0.1:49363 - R:/127.0.0.1:4723]' for 'POST' to 'http://127.0.0.1:4723/session/666a7534-034c-4ee4-b0c5-f4419ac02363/element'
21:55:08.737 [Forwarding findElement on session 666a7534-034c-4ee4-b0c5-f4419ac02363 to remote] DEBUG org.asynchttpclient.netty.request.NettyRequestSender -- Using open Channel [id: 0xd850032e, L:/127.0.0.1:49363 - R:/127.0.0.1:4723] for POST '/session/666a7534-034c-4ee4-b0c5-f4419ac02363/element'
21:55:08.756 [AsyncHttpClient-1-2] DEBUG org.asynchttpclient.netty.handler.HttpHandler -- 

Request DefaultHttpRequest(decodeResult: success, version: HTTP/1.1)
POST /session/666a7534-034c-4ee4-b0c5-f4419ac02363/element HTTP/1.1
User-Agent: appium/8.3.0 (selenium/4.8.3 (java mac))
Content-Length: 57
Content-Type: application/json; charset=utf-8
host: 127.0.0.1:4723
accept: */*

Response DefaultHttpResponse(decodeResult: success, version: HTTP/1.1)
HTTP/1.1 200 OK
X-Powered-By: Express
Vary: X-HTTP-Method-Override
Content-Type: application/json; charset=utf-8
Content-Length: 215
ETag: W/"d7-SFMBh/sPFrEBSxaoB65sh+HhCls"
Date: Sun, 06 Apr 2025 13:55:08 GMT
Connection: keep-alive
Keep-Alive: timeout=600

21:55:08.756 [AsyncHttpClient-1-2] DEBUG org.asynchttpclient.netty.channel.ChannelManager -- Adding key: http://127.0.0.1:4723 for channel [id: 0xd850032e, L:/127.0.0.1:49363 - R:/127.0.0.1:4723]
21:55:08.757 [Forwarding isElementDisplayed on session 666a7534-034c-4ee4-b0c5-f4419ac02363 to remote] DEBUG org.asynchttpclient.netty.request.NettyRequestSender -- Using pooled Channel '[id: 0xd850032e, L:/127.0.0.1:49363 - R:/127.0.0.1:4723]' for 'GET' to 'http://127.0.0.1:4723/session/666a7534-034c-4ee4-b0c5-f4419ac02363/element/f.322C458F25E8960B63F24210A52D4BC3.d.36BF8876F5DC34778475256338414A53.e.394/displayed'
21:55:08.757 [Forwarding isElementDisplayed on session 666a7534-034c-4ee4-b0c5-f4419ac02363 to remote] DEBUG org.asynchttpclient.netty.request.NettyRequestSender -- Using open Channel [id: 0xd850032e, L:/127.0.0.1:49363 - R:/127.0.0.1:4723] for GET '/session/666a7534-034c-4ee4-b0c5-f4419ac02363/element/f.322C458F25E8960B63F24210A52D4BC3.d.36BF8876F5DC34778475256338414A53.e.394/displayed'
21:55:08.783 [AsyncHttpClient-1-2] DEBUG org.asynchttpclient.netty.handler.HttpHandler -- 

Request DefaultFullHttpRequest(decodeResult: success, version: HTTP/1.1, content: EmptyByteBufBE)
GET /session/666a7534-034c-4ee4-b0c5-f4419ac02363/element/f.322C458F25E8960B63F24210A52D4BC3.d.36BF8876F5DC34778475256338414A53.e.394/displayed HTTP/1.1
Cache-Control: no-cache
User-Agent: appium/8.3.0 (selenium/4.8.3 (java mac))
Content-Type: application/json; charset=utf-8
host: 127.0.0.1:4723
accept: */*

Response DefaultHttpResponse(decodeResult: success, version: HTTP/1.1)
HTTP/1.1 200 OK
X-Powered-By: Express
Content-Type: application/json; charset=utf-8
Content-Length: 14
ETag: W/"e-2ZHvAWebNQpyjGZTg6uyV8/spTo"
Date: Sun, 06 Apr 2025 13:55:08 GMT
Connection: keep-alive
Keep-Alive: timeout=600

21:55:08.783 [AsyncHttpClient-1-2] DEBUG org.asynchttpclient.netty.channel.ChannelManager -- Adding key: http://127.0.0.1:4723 for channel [id: 0xd850032e, L:/127.0.0.1:49363 - R:/127.0.0.1:4723]
21:55:08.784 [Forwarding findElement on session 666a7534-034c-4ee4-b0c5-f4419ac02363 to remote] DEBUG org.asynchttpclient.netty.request.NettyRequestSender -- Using pooled Channel '[id: 0xd850032e, L:/127.0.0.1:49363 - R:/127.0.0.1:4723]' for 'POST' to 'http://127.0.0.1:4723/session/666a7534-034c-4ee4-b0c5-f4419ac02363/element'
21:55:08.784 [Forwarding findElement on session 666a7534-034c-4ee4-b0c5-f4419ac02363 to remote] DEBUG org.asynchttpclient.netty.request.NettyRequestSender -- Using open Channel [id: 0xd850032e, L:/127.0.0.1:49363 - R:/127.0.0.1:4723] for POST '/session/666a7534-034c-4ee4-b0c5-f4419ac02363/element'
21:55:08.804 [AsyncHttpClient-1-2] DEBUG org.asynchttpclient.netty.handler.HttpHandler -- 

Request DefaultHttpRequest(decodeResult: success, version: HTTP/1.1)
POST /session/666a7534-034c-4ee4-b0c5-f4419ac02363/element HTTP/1.1
User-Agent: appium/8.3.0 (selenium/4.8.3 (java mac))
Content-Length: 53
Content-Type: application/json; charset=utf-8
host: 127.0.0.1:4723
accept: */*

Response DefaultHttpResponse(decodeResult: success, version: HTTP/1.1)
HTTP/1.1 200 OK
X-Powered-By: Express
Vary: X-HTTP-Method-Override
Content-Type: application/json; charset=utf-8
Content-Length: 215
ETag: W/"d7-MWaBWaLrXKLcnnNElrHj/bgNjMM"
Date: Sun, 06 Apr 2025 13:55:08 GMT
Connection: keep-alive
Keep-Alive: timeout=600

21:55:08.804 [AsyncHttpClient-1-2] DEBUG org.asynchttpclient.netty.channel.ChannelManager -- Adding key: http://127.0.0.1:4723 for channel [id: 0xd850032e, L:/127.0.0.1:49363 - R:/127.0.0.1:4723]
21:55:08.804 [Forwarding isElementDisplayed on session 666a7534-034c-4ee4-b0c5-f4419ac02363 to remote] DEBUG org.asynchttpclient.netty.request.NettyRequestSender -- Using pooled Channel '[id: 0xd850032e, L:/127.0.0.1:49363 - R:/127.0.0.1:4723]' for 'GET' to 'http://127.0.0.1:4723/session/666a7534-034c-4ee4-b0c5-f4419ac02363/element/f.322C458F25E8960B63F24210A52D4BC3.d.36BF8876F5DC34778475256338414A53.e.352/displayed'
21:55:08.804 [Forwarding isElementDisplayed on session 666a7534-034c-4ee4-b0c5-f4419ac02363 to remote] DEBUG org.asynchttpclient.netty.request.NettyRequestSender -- Using open Channel [id: 0xd850032e, L:/127.0.0.1:49363 - R:/127.0.0.1:4723] for GET '/session/666a7534-034c-4ee4-b0c5-f4419ac02363/element/f.322C458F25E8960B63F24210A52D4BC3.d.36BF8876F5DC34778475256338414A53.e.352/displayed'
21:55:08.826 [AsyncHttpClient-1-2] DEBUG org.asynchttpclient.netty.handler.HttpHandler -- 

Request DefaultFullHttpRequest(decodeResult: success, version: HTTP/1.1, content: EmptyByteBufBE)
GET /session/666a7534-034c-4ee4-b0c5-f4419ac02363/element/f.322C458F25E8960B63F24210A52D4BC3.d.36BF8876F5DC34778475256338414A53.e.352/displayed HTTP/1.1
Cache-Control: no-cache
User-Agent: appium/8.3.0 (selenium/4.8.3 (java mac))
Content-Type: application/json; charset=utf-8
host: 127.0.0.1:4723
accept: */*

Response DefaultHttpResponse(decodeResult: success, version: HTTP/1.1)
HTTP/1.1 200 OK
X-Powered-By: Express
Content-Type: application/json; charset=utf-8
Content-Length: 14
ETag: W/"e-2ZHvAWebNQpyjGZTg6uyV8/spTo"
Date: Sun, 06 Apr 2025 13:55:08 GMT
Connection: keep-alive
Keep-Alive: timeout=600

21:55:08.826 [AsyncHttpClient-1-2] DEBUG org.asynchttpclient.netty.channel.ChannelManager -- Adding key: http://127.0.0.1:4723 for channel [id: 0xd850032e, L:/127.0.0.1:49363 - R:/127.0.0.1:4723]
21:55:08.827 [Forwarding findElement on session 666a7534-034c-4ee4-b0c5-f4419ac02363 to remote] DEBUG org.asynchttpclient.netty.request.NettyRequestSender -- Using pooled Channel '[id: 0xd850032e, L:/127.0.0.1:49363 - R:/127.0.0.1:4723]' for 'POST' to 'http://127.0.0.1:4723/session/666a7534-034c-4ee4-b0c5-f4419ac02363/element'
21:55:08.827 [Forwarding findElement on session 666a7534-034c-4ee4-b0c5-f4419ac02363 to remote] DEBUG org.asynchttpclient.netty.request.NettyRequestSender -- Using open Channel [id: 0xd850032e, L:/127.0.0.1:49363 - R:/127.0.0.1:4723] for POST '/session/666a7534-034c-4ee4-b0c5-f4419ac02363/element'
21:55:08.847 [AsyncHttpClient-1-2] DEBUG org.asynchttpclient.netty.handler.HttpHandler -- 

Request DefaultHttpRequest(decodeResult: success, version: HTTP/1.1)
POST /session/666a7534-034c-4ee4-b0c5-f4419ac02363/element HTTP/1.1
User-Agent: appium/8.3.0 (selenium/4.8.3 (java mac))
Content-Length: 139
Content-Type: application/json; charset=utf-8
host: 127.0.0.1:4723
accept: */*

Response DefaultHttpResponse(decodeResult: success, version: HTTP/1.1)
HTTP/1.1 200 OK
X-Powered-By: Express
Vary: X-HTTP-Method-Override
Content-Type: application/json; charset=utf-8
Content-Length: 215
ETag: W/"d7-BLDlz9Vjmzr59wqGSgSSv2TDbmQ"
Date: Sun, 06 Apr 2025 13:55:08 GMT
Connection: keep-alive
Keep-Alive: timeout=600

21:55:08.847 [AsyncHttpClient-1-2] DEBUG org.asynchttpclient.netty.channel.ChannelManager -- Adding key: http://127.0.0.1:4723 for channel [id: 0xd850032e, L:/127.0.0.1:49363 - R:/127.0.0.1:4723]
21:55:08.848 [Forwarding findElement on session 666a7534-034c-4ee4-b0c5-f4419ac02363 to remote] DEBUG org.asynchttpclient.netty.request.NettyRequestSender -- Using pooled Channel '[id: 0xd850032e, L:/127.0.0.1:49363 - R:/127.0.0.1:4723]' for 'POST' to 'http://127.0.0.1:4723/session/666a7534-034c-4ee4-b0c5-f4419ac02363/element'
21:55:08.848 [Forwarding findElement on session 666a7534-034c-4ee4-b0c5-f4419ac02363 to remote] DEBUG org.asynchttpclient.netty.request.NettyRequestSender -- Using open Channel [id: 0xd850032e, L:/127.0.0.1:49363 - R:/127.0.0.1:4723] for POST '/session/666a7534-034c-4ee4-b0c5-f4419ac02363/element'
21:55:08.868 [AsyncHttpClient-1-2] DEBUG org.asynchttpclient.netty.handler.HttpHandler -- 

Request DefaultHttpRequest(decodeResult: success, version: HTTP/1.1)
POST /session/666a7534-034c-4ee4-b0c5-f4419ac02363/element HTTP/1.1
User-Agent: appium/8.3.0 (selenium/4.8.3 (java mac))
Content-Length: 131
Content-Type: application/json; charset=utf-8
host: 127.0.0.1:4723
accept: */*

Response DefaultHttpResponse(decodeResult: success, version: HTTP/1.1)
HTTP/1.1 200 OK
X-Powered-By: Express
Vary: X-HTTP-Method-Override
Content-Type: application/json; charset=utf-8
Content-Length: 215
ETag: W/"d7-LV0COfso30DeqvWqpnU+JdIRCUk"
Date: Sun, 06 Apr 2025 13:55:08 GMT
Connection: keep-alive
Keep-Alive: timeout=600

21:55:08.869 [AsyncHttpClient-1-2] DEBUG org.asynchttpclient.netty.channel.ChannelManager -- Adding key: http://127.0.0.1:4723 for channel [id: 0xd850032e, L:/127.0.0.1:49363 - R:/127.0.0.1:4723]
21:55:08.869 [Forwarding isElementDisplayed on session 666a7534-034c-4ee4-b0c5-f4419ac02363 to remote] DEBUG org.asynchttpclient.netty.request.NettyRequestSender -- Using pooled Channel '[id: 0xd850032e, L:/127.0.0.1:49363 - R:/127.0.0.1:4723]' for 'GET' to 'http://127.0.0.1:4723/session/666a7534-034c-4ee4-b0c5-f4419ac02363/element/f.322C458F25E8960B63F24210A52D4BC3.d.36BF8876F5DC34778475256338414A53.e.406/displayed'
21:55:08.869 [Forwarding isElementDisplayed on session 666a7534-034c-4ee4-b0c5-f4419ac02363 to remote] DEBUG org.asynchttpclient.netty.request.NettyRequestSender -- Using open Channel [id: 0xd850032e, L:/127.0.0.1:49363 - R:/127.0.0.1:4723] for GET '/session/666a7534-034c-4ee4-b0c5-f4419ac02363/element/f.322C458F25E8960B63F24210A52D4BC3.d.36BF8876F5DC34778475256338414A53.e.406/displayed'
21:55:08.888 [AsyncHttpClient-1-2] DEBUG org.asynchttpclient.netty.handler.HttpHandler -- 

Request DefaultFullHttpRequest(decodeResult: success, version: HTTP/1.1, content: EmptyByteBufBE)
GET /session/666a7534-034c-4ee4-b0c5-f4419ac02363/element/f.322C458F25E8960B63F24210A52D4BC3.d.36BF8876F5DC34778475256338414A53.e.406/displayed HTTP/1.1
Cache-Control: no-cache
User-Agent: appium/8.3.0 (selenium/4.8.3 (java mac))
Content-Type: application/json; charset=utf-8
host: 127.0.0.1:4723
accept: */*

Response DefaultHttpResponse(decodeResult: success, version: HTTP/1.1)
HTTP/1.1 200 OK
X-Powered-By: Express
Content-Type: application/json; charset=utf-8
Content-Length: 14
ETag: W/"e-2ZHvAWebNQpyjGZTg6uyV8/spTo"
Date: Sun, 06 Apr 2025 13:55:08 GMT
Connection: keep-alive
Keep-Alive: timeout=600

21:55:08.889 [AsyncHttpClient-1-2] DEBUG org.asynchttpclient.netty.channel.ChannelManager -- Adding key: http://127.0.0.1:4723 for channel [id: 0xd850032e, L:/127.0.0.1:49363 - R:/127.0.0.1:4723]
21:55:08.889 [Forwarding isElementDisplayed on session 666a7534-034c-4ee4-b0c5-f4419ac02363 to remote] DEBUG org.asynchttpclient.netty.request.NettyRequestSender -- Using pooled Channel '[id: 0xd850032e, L:/127.0.0.1:49363 - R:/127.0.0.1:4723]' for 'GET' to 'http://127.0.0.1:4723/session/666a7534-034c-4ee4-b0c5-f4419ac02363/element/f.322C458F25E8960B63F24210A52D4BC3.d.36BF8876F5DC34778475256338414A53.e.407/displayed'
21:55:08.889 [Forwarding isElementDisplayed on session 666a7534-034c-4ee4-b0c5-f4419ac02363 to remote] DEBUG org.asynchttpclient.netty.request.NettyRequestSender -- Using open Channel [id: 0xd850032e, L:/127.0.0.1:49363 - R:/127.0.0.1:4723] for GET '/session/666a7534-034c-4ee4-b0c5-f4419ac02363/element/f.322C458F25E8960B63F24210A52D4BC3.d.36BF8876F5DC34778475256338414A53.e.407/displayed'
21:55:08.908 [AsyncHttpClient-1-2] DEBUG org.asynchttpclient.netty.handler.HttpHandler -- 

Request DefaultFullHttpRequest(decodeResult: success, version: HTTP/1.1, content: EmptyByteBufBE)
GET /session/666a7534-034c-4ee4-b0c5-f4419ac02363/element/f.322C458F25E8960B63F24210A52D4BC3.d.36BF8876F5DC34778475256338414A53.e.407/displayed HTTP/1.1
Cache-Control: no-cache
User-Agent: appium/8.3.0 (selenium/4.8.3 (java mac))
Content-Type: application/json; charset=utf-8
host: 127.0.0.1:4723
accept: */*

Response DefaultHttpResponse(decodeResult: success, version: HTTP/1.1)
HTTP/1.1 200 OK
X-Powered-By: Express
Content-Type: application/json; charset=utf-8
Content-Length: 14
ETag: W/"e-2ZHvAWebNQpyjGZTg6uyV8/spTo"
Date: Sun, 06 Apr 2025 13:55:08 GMT
Connection: keep-alive
Keep-Alive: timeout=600

21:55:08.908 [AsyncHttpClient-1-2] DEBUG org.asynchttpclient.netty.channel.ChannelManager -- Adding key: http://127.0.0.1:4723 for channel [id: 0xd850032e, L:/127.0.0.1:49363 - R:/127.0.0.1:4723]
所有欄位與文字、按鈕均正確顯示
21:55:08.909 [Forwarding switchToFrame on session 666a7534-034c-4ee4-b0c5-f4419ac02363 to remote] DEBUG org.asynchttpclient.netty.request.NettyRequestSender -- Using pooled Channel '[id: 0xd850032e, L:/127.0.0.1:49363 - R:/127.0.0.1:4723]' for 'POST' to 'http://127.0.0.1:4723/session/666a7534-034c-4ee4-b0c5-f4419ac02363/frame'
21:55:08.909 [Forwarding switchToFrame on session 666a7534-034c-4ee4-b0c5-f4419ac02363 to remote] DEBUG org.asynchttpclient.netty.request.NettyRequestSender -- Using open Channel [id: 0xd850032e, L:/127.0.0.1:49363 - R:/127.0.0.1:4723] for POST '/session/666a7534-034c-4ee4-b0c5-f4419ac02363/frame'
21:55:08.914 [AsyncHttpClient-1-2] DEBUG org.asynchttpclient.netty.handler.HttpHandler -- 

Request DefaultHttpRequest(decodeResult: success, version: HTTP/1.1)
POST /session/666a7534-034c-4ee4-b0c5-f4419ac02363/frame HTTP/1.1
User-Agent: appium/8.3.0 (selenium/4.8.3 (java mac))
Content-Length: 16
Content-Type: application/json; charset=utf-8
host: 127.0.0.1:4723
accept: */*

Response DefaultHttpResponse(decodeResult: success, version: HTTP/1.1)
HTTP/1.1 200 OK
X-Powered-By: Express
Vary: X-HTTP-Method-Override
Content-Type: application/json; charset=utf-8
Content-Length: 14
ETag: W/"e-9/1BuKMgFObM1mWJm+YjxtXJnUM"
Date: Sun, 06 Apr 2025 13:55:08 GMT
Connection: keep-alive
Keep-Alive: timeout=600

21:55:08.914 [AsyncHttpClient-1-2] DEBUG org.asynchttpclient.netty.channel.ChannelManager -- Adding key: http://127.0.0.1:4723 for channel [id: 0xd850032e, L:/127.0.0.1:49363 - R:/127.0.0.1:4723]
]]></system-out>
  </testcase>
  <testcase name="testMortgageCalculation" classname="com.cathay.test.tests.MortgageCalculatorTest" time="3.961">
    <system-out><![CDATA[21:55:08.915 [main] INFO com.cathay.test.tests.MortgageCalculatorTest -- 正在清理 driver session: 666a7534-034c-4ee4-b0c5-f4419ac02363
21:55:08.915 [main] INFO  com.cathay.test.config.AppiumConfig - 正在關閉 Driver...
21:55:08.915 [Forwarding quit on session 666a7534-034c-4ee4-b0c5-f4419ac02363 to remote] DEBUG org.asynchttpclient.netty.request.NettyRequestSender -- Using pooled Channel '[id: 0xd850032e, L:/127.0.0.1:49363 - R:/127.0.0.1:4723]' for 'DELETE' to 'http://127.0.0.1:4723/session/666a7534-034c-4ee4-b0c5-f4419ac02363'
21:55:08.915 [Forwarding quit on session 666a7534-034c-4ee4-b0c5-f4419ac02363 to remote] DEBUG org.asynchttpclient.netty.request.NettyRequestSender -- Using open Channel [id: 0xd850032e, L:/127.0.0.1:49363 - R:/127.0.0.1:4723] for DELETE '/session/666a7534-034c-4ee4-b0c5-f4419ac02363'
21:55:09.175 [AsyncHttpClient-1-2] DEBUG org.asynchttpclient.netty.handler.HttpHandler -- 

Request DefaultFullHttpRequest(decodeResult: success, version: HTTP/1.1, content: EmptyByteBufBE)
DELETE /session/666a7534-034c-4ee4-b0c5-f4419ac02363 HTTP/1.1
User-Agent: appium/8.3.0 (selenium/4.8.3 (java mac))
Content-Type: application/json; charset=utf-8
host: 127.0.0.1:4723
accept: */*

Response DefaultHttpResponse(decodeResult: success, version: HTTP/1.1)
HTTP/1.1 200 OK
X-Powered-By: Express
Content-Type: application/json; charset=utf-8
Content-Length: 14
ETag: W/"e-9/1BuKMgFObM1mWJm+YjxtXJnUM"
Date: Sun, 06 Apr 2025 13:55:09 GMT
Connection: keep-alive
Keep-Alive: timeout=600

21:55:09.175 [AsyncHttpClient-1-2] DEBUG org.asynchttpclient.netty.channel.ChannelManager -- Adding key: http://127.0.0.1:4723 for channel [id: 0xd850032e, L:/127.0.0.1:49363 - R:/127.0.0.1:4723]
21:55:09.175 [main] INFO  com.cathay.test.config.AppiumConfig - Driver 已成功關閉
21:55:09.175 [main] INFO com.cathay.test.tests.MortgageCalculatorTest -- MortgageCalculatorTest 清理完成
*******MortgageCalculatorTest.setUp() 執行！
21:55:09.176 [main] INFO  com.cathay.test.config.AppiumConfig - 開始初始化 MortgageCalculatorTest (嘗試 1/3)
21:55:09.176 [main] INFO  com.cathay.test.config.AppiumConfig - Appium 服務器可用
21:55:09.196 [main] INFO  com.cathay.test.config.AppiumConfig - Android 模擬器可用
21:55:09.200 [Forwarding newSession on session null to remote] DEBUG org.asynchttpclient.netty.request.NettyRequestSender -- Using pooled Channel '[id: 0xd850032e, L:/127.0.0.1:49363 - R:/127.0.0.1:4723]' for 'POST' to 'http://127.0.0.1:4723/session'
21:55:09.200 [Forwarding newSession on session null to remote] DEBUG org.asynchttpclient.netty.request.NettyRequestSender -- Using open Channel [id: 0xd850032e, L:/127.0.0.1:49363 - R:/127.0.0.1:4723] for POST '/session'
21:55:12.116 [AsyncHttpClient-1-2] DEBUG org.asynchttpclient.netty.handler.HttpHandler -- 

Request DefaultHttpRequest(decodeResult: success, version: HTTP/1.1)
POST /session HTTP/1.1
X-Idempotency-Key: ba55d381-05fe-4c17-b2f9-870855615195
User-Agent: appium/8.3.0 (selenium/4.8.3 (java mac))
Content-Length: 952
Content-Type: application/json; charset=utf-8
host: 127.0.0.1:4723
accept: */*

Response DefaultHttpResponse(decodeResult: success, version: HTTP/1.1)
HTTP/1.1 200 OK
X-Powered-By: Express
Vary: X-HTTP-Method-Override
Content-Type: application/json; charset=utf-8
Content-Length: 1816
ETag: W/"718-jrzb55AaLRZL6CpU5KPGv0uf6xM"
Date: Sun, 06 Apr 2025 13:55:12 GMT
Connection: keep-alive
Keep-Alive: timeout=600

21:55:12.116 [AsyncHttpClient-1-2] DEBUG org.asynchttpclient.netty.channel.ChannelManager -- Adding key: http://127.0.0.1:4723 for channel [id: 0xd850032e, L:/127.0.0.1:49363 - R:/127.0.0.1:4723]
21:55:12.121 [Forwarding executeCdp on session 20d0f439-72da-4ad4-ac25-ee9e6113fbaf to remote] DEBUG org.asynchttpclient.netty.request.NettyRequestSender -- Using pooled Channel '[id: 0xd850032e, L:/127.0.0.1:49363 - R:/127.0.0.1:4723]' for 'POST' to 'http://127.0.0.1:4723/session/20d0f439-72da-4ad4-ac25-ee9e6113fbaf/goog/cdp/execute'
21:55:12.121 [Forwarding executeCdp on session 20d0f439-72da-4ad4-ac25-ee9e6113fbaf to remote] DEBUG org.asynchttpclient.netty.request.NettyRequestSender -- Using open Channel [id: 0xd850032e, L:/127.0.0.1:49363 - R:/127.0.0.1:4723] for POST '/session/20d0f439-72da-4ad4-ac25-ee9e6113fbaf/goog/cdp/execute'
21:55:12.142 [AsyncHttpClient-1-2] DEBUG org.asynchttpclient.netty.handler.HttpHandler -- 

Request DefaultHttpRequest(decodeResult: success, version: HTTP/1.1)
POST /session/20d0f439-72da-4ad4-ac25-ee9e6113fbaf/goog/cdp/execute HTTP/1.1
User-Agent: appium/8.3.0 (selenium/4.8.3 (java mac))
Content-Length: 87
Content-Type: application/json; charset=utf-8
host: 127.0.0.1:4723
accept: */*

Response DefaultHttpResponse(decodeResult: success, version: HTTP/1.1)
HTTP/1.1 404 Not Found
X-Powered-By: Express
Vary: X-HTTP-Method-Override
Content-Type: application/json; charset=utf-8
Content-Length: 1990
ETag: W/"7c6-Ljbb8z23aIrTfxAQThG5e68nq0I"
Date: Sun, 06 Apr 2025 13:55:12 GMT
Connection: keep-alive
Keep-Alive: timeout=600

21:55:12.142 [AsyncHttpClient-1-2] DEBUG org.asynchttpclient.netty.channel.ChannelManager -- Adding key: http://127.0.0.1:4723 for channel [id: 0xd850032e, L:/127.0.0.1:49363 - R:/127.0.0.1:4723]
21:55:12.143 [main] WARN  com.cathay.test.config.AppiumConfig - ⚠️ 設定第三方 Cookie 支援時發生例外: unknown command: 'Network.setCookieBlockingEnabled' wasn't found
  (Session info: chrome=128.0.6613.88)
Build info: version: '4.8.3', revision: 'e5e76298c3'
System info: os.name: 'Mac OS X', os.arch: 'aarch64', os.version: '13.4', java.version: '23.0.2'
Driver info: io.appium.java_client.android.AndroidDriver
Command: [20d0f439-72da-4ad4-ac25-ee9e6113fbaf, executeCdp {cmd=Network.setCookieBlockingEnabled, params={enabled=false}}]
Capabilities {appium:autoAcceptAlerts: true, appium:autoGrantPermissions: true, appium:automationName: UiAutomator2, appium:chromedriverExecutable: /opt/homebrew/bin/chromedriver, appium:databaseEnabled: false, appium:desired: {appActivity: com.android.chrome/com.goog..., appPackage: com.android.chrome, autoAcceptAlerts: true, autoGrantPermissions: true, automationName: UiAutomator2, browserName: chrome, chromedriverExecutable: /opt/homebrew/bin/chromedriver, deviceName: Pixel_3a_API_34_extension_l..., goog:chromeOptions: {args: [--no-sandbox, --disable-dev-shm-usage, --ignore-certificate-errors, --remote-allow-origins=*, --disable-features=SameSite..., --enable-features=NetworkSe...], w3c: true}, newCommandTimeout: 120, noReset: true, platformName: android, platformVersion: 16.0}, appium:deviceApiLevel: 36, appium:deviceManufacturer: Google, appium:deviceModel: sdk_gphone64_arm64, appium:deviceName: emulator-5554, appium:deviceScreenDensity: 420, appium:deviceScreenSize: 1080x2424, appium:deviceUDID: emulator-5554, appium:javascriptEnabled: true, appium:locationContextEnabled: false, appium:networkConnectionEnabled: true, appium:newCommandTimeout: 120, appium:noReset: true, appium:pixelRatio: 2.625, appium:platformVersion: 16, appium:statBarHeight: 137, appium:takesScreenshot: true, appium:viewportRect: {height: 2287, left: 0, top: 137, width: 1080}, appium:warnings: {}, appium:webStorageEnabled: false, browserName: chrome, goog:chromeOptions: {args: [--no-sandbox, --disable-dev-shm-usage, --ignore-certificate-errors, --remote-allow-origins=*, --disable-features=SameSite..., --enable-features=NetworkSe...], w3c: true}, platformName: ANDROID}
Session ID: 20d0f439-72da-4ad4-ac25-ee9e6113fbaf
21:55:12.404 [AsyncHttpClient-1-1] DEBUG org.asynchttpclient.netty.channel.DefaultChannelPool -- Entry count for : http://127.0.0.1:4723 : 1
21:55:13.503 [AsyncHttpClient-1-1] DEBUG org.asynchttpclient.netty.channel.DefaultChannelPool -- Entry count for : http://127.0.0.1:4723 : 1
21:55:14.604 [AsyncHttpClient-1-1] DEBUG org.asynchttpclient.netty.channel.DefaultChannelPool -- Entry count for : http://127.0.0.1:4723 : 1
21:55:15.144 [main] INFO  com.cathay.test.config.AppiumConfig - Driver session ID: 20d0f439-72da-4ad4-ac25-ee9e6113fbaf
21:55:15.146 [Forwarding get on session 20d0f439-72da-4ad4-ac25-ee9e6113fbaf to remote] DEBUG org.asynchttpclient.netty.request.NettyRequestSender -- Using pooled Channel '[id: 0xd850032e, L:/127.0.0.1:49363 - R:/127.0.0.1:4723]' for 'POST' to 'http://127.0.0.1:4723/session/20d0f439-72da-4ad4-ac25-ee9e6113fbaf/url'
21:55:15.146 [Forwarding get on session 20d0f439-72da-4ad4-ac25-ee9e6113fbaf to remote] DEBUG org.asynchttpclient.netty.request.NettyRequestSender -- Using open Channel [id: 0xd850032e, L:/127.0.0.1:49363 - R:/127.0.0.1:4723] for POST '/session/20d0f439-72da-4ad4-ac25-ee9e6113fbaf/url'
21:55:18.732 [AsyncHttpClient-1-2] DEBUG org.asynchttpclient.netty.handler.HttpHandler -- 

Request DefaultHttpRequest(decodeResult: success, version: HTTP/1.1)
POST /session/20d0f439-72da-4ad4-ac25-ee9e6113fbaf/url HTTP/1.1
User-Agent: appium/8.3.0 (selenium/4.8.3 (java mac))
Content-Length: 133
Content-Type: application/json; charset=utf-8
host: 127.0.0.1:4723
accept: */*

Response DefaultHttpResponse(decodeResult: success, version: HTTP/1.1)
HTTP/1.1 200 OK
X-Powered-By: Express
Vary: X-HTTP-Method-Override
Content-Type: application/json; charset=utf-8
Content-Length: 14
ETag: W/"e-9/1BuKMgFObM1mWJm+YjxtXJnUM"
Date: Sun, 06 Apr 2025 13:55:18 GMT
Connection: keep-alive
Keep-Alive: timeout=600

21:55:18.732 [AsyncHttpClient-1-2] DEBUG org.asynchttpclient.netty.channel.ChannelManager -- Adding key: http://127.0.0.1:4723 for channel [id: 0xd850032e, L:/127.0.0.1:49363 - R:/127.0.0.1:4723]
21:55:18.733 [Forwarding getCurrentUrl on session 20d0f439-72da-4ad4-ac25-ee9e6113fbaf to remote] DEBUG org.asynchttpclient.netty.request.NettyRequestSender -- Using pooled Channel '[id: 0xd850032e, L:/127.0.0.1:49363 - R:/127.0.0.1:4723]' for 'GET' to 'http://127.0.0.1:4723/session/20d0f439-72da-4ad4-ac25-ee9e6113fbaf/url'
21:55:18.733 [Forwarding getCurrentUrl on session 20d0f439-72da-4ad4-ac25-ee9e6113fbaf to remote] DEBUG org.asynchttpclient.netty.request.NettyRequestSender -- Using open Channel [id: 0xd850032e, L:/127.0.0.1:49363 - R:/127.0.0.1:4723] for GET '/session/20d0f439-72da-4ad4-ac25-ee9e6113fbaf/url'
21:55:18.765 [AsyncHttpClient-1-2] DEBUG org.asynchttpclient.netty.handler.HttpHandler -- 

Request DefaultFullHttpRequest(decodeResult: success, version: HTTP/1.1, content: EmptyByteBufBE)
GET /session/20d0f439-72da-4ad4-ac25-ee9e6113fbaf/url HTTP/1.1
Cache-Control: no-cache
User-Agent: appium/8.3.0 (selenium/4.8.3 (java mac))
Content-Type: application/json; charset=utf-8
host: 127.0.0.1:4723
accept: */*

Response DefaultHttpResponse(decodeResult: success, version: HTTP/1.1)
HTTP/1.1 200 OK
X-Powered-By: Express
Content-Type: application/json; charset=utf-8
Content-Length: 90
ETag: W/"5a-SVzTdoqQsw2ztnbhgzn9TDJ+oVM"
Date: Sun, 06 Apr 2025 13:55:18 GMT
Connection: keep-alive
Keep-Alive: timeout=600

21:55:18.766 [AsyncHttpClient-1-2] DEBUG org.asynchttpclient.netty.channel.ChannelManager -- Adding key: http://127.0.0.1:4723 for channel [id: 0xd850032e, L:/127.0.0.1:49363 - R:/127.0.0.1:4723]
*********3rd party cookie Current URL: https://www.cathaybk.com.tw/cathaybk/personal/loan/calculator/mortgage-budget/
21:55:18.767 [Forwarding getCookies on session 20d0f439-72da-4ad4-ac25-ee9e6113fbaf to remote] DEBUG org.asynchttpclient.netty.request.NettyRequestSender -- Using pooled Channel '[id: 0xd850032e, L:/127.0.0.1:49363 - R:/127.0.0.1:4723]' for 'GET' to 'http://127.0.0.1:4723/session/20d0f439-72da-4ad4-ac25-ee9e6113fbaf/cookie'
21:55:18.767 [Forwarding getCookies on session 20d0f439-72da-4ad4-ac25-ee9e6113fbaf to remote] DEBUG org.asynchttpclient.netty.request.NettyRequestSender -- Using open Channel [id: 0xd850032e, L:/127.0.0.1:49363 - R:/127.0.0.1:4723] for GET '/session/20d0f439-72da-4ad4-ac25-ee9e6113fbaf/cookie'
21:55:18.790 [AsyncHttpClient-1-2] DEBUG org.asynchttpclient.netty.handler.HttpHandler -- 

Request DefaultFullHttpRequest(decodeResult: success, version: HTTP/1.1, content: EmptyByteBufBE)
GET /session/20d0f439-72da-4ad4-ac25-ee9e6113fbaf/cookie HTTP/1.1
Cache-Control: no-cache
User-Agent: appium/8.3.0 (selenium/4.8.3 (java mac))
Content-Type: application/json; charset=utf-8
host: 127.0.0.1:4723
accept: */*

Response DefaultHttpResponse(decodeResult: success, version: HTTP/1.1)
HTTP/1.1 200 OK
X-Powered-By: Express
Content-Type: application/json; charset=utf-8
Content-Length: 4090
ETag: W/"ffa-T46XHE77ncEmwGtjRY8O55do7pM"
Date: Sun, 06 Apr 2025 13:55:18 GMT
Connection: keep-alive
Keep-Alive: timeout=600

21:55:18.790 [AsyncHttpClient-1-2] DEBUG org.asynchttpclient.netty.channel.ChannelManager -- Adding key: http://127.0.0.1:4723 for channel [id: 0xd850032e, L:/127.0.0.1:49363 - R:/127.0.0.1:4723]
*********Cookie: citrix_ns_id = AAU7w4fyZzsGsEUHAAAAADvLSubBRkGc__LEOzVhuXsGFPjKXiRtWZ6HF_PA0YeQOw==SYvyZw==d7NnE-Kv9K99NjiR_UlAhMrZ_w8=
*********Cookie: ASP.NET_SessionId = i3sqslwz0pxtwzr101x2mcfw
*********Cookie: _ss_pp_id = 37a6e9cfcd60ca1333a1743918917877
*********Cookie: __lt__sid = 68633837-e1d424f0
*********Cookie: cathaybk_new = 4bb3a3d8d4f078cfaa7badb04abb60df7ed08c3d037be7593e9c32d57ce56d7fc2c8d446
*********Cookie: _mg_ckp = eyJja1RrZERGIjoiIn0=
*********Cookie: __mguid_ = 5ed2334745f6477abc7b656d568bdb37
*********Cookie: FingerprintCookie = a83734ca5c2401a34f4ad325dff7c9ff
*********Cookie: shell#lang = en
*********Cookie: mbox = session#41090ff95b76453c82bd57a7e72bd04d#1743949578|PC#41090ff95b76453c82bd57a7e72bd04d.32_0#1807192518
*********Cookie: _td = 7adfb8f1-4052-4985-91c8-fee97471a67e
*********Cookie: _uetvid = c5d2590012ee11f0b1274f13799f31f4
*********Cookie: usy46gabsosd = cubcsa_17439477167210.a5b2f186fcf9a96b19d68de67ba885be_7638
*********Cookie: _uetsid = c5d1502012ee11f0aed1dd81d607fa29
*********Cookie: AMCV_B877A5DB584931AC0A495EAA%40AdobeOrg = 1585540135%7CMCIDTS%7C20185%7CMCMID%7C76880703759952059510041343014680056122%7CMCAAMLH-1744552517%7C11%7CMCAAMB-1744552517%7C6G1ynYcLPuiQxYZrsz_pkqfLG9yMXBpb2zX5dvJdYQJzPXImdj0y%7CMCCIDH%7C1062709688%7CMCOPTOUT-1743954917s%7CNONE%7CMCSYNCSOP%7C411-20192%7CvVersion%7C4.4.0
*********Cookie: _ga_T2T689XRGT = GS1.1.1743947717.1.0.1743947717.60.0.0
*********Cookie: _ga = GA1.1.756722784.1743947717
*********Cookie: _fbp = fb.2.1743947717850.989633815979319475
*********Cookie: at_check = true
*********Cookie: __lt__cid = 8ab9f955-daa2-493a-9ebd-c3019559e86f
*********Cookie: _gcl_au = 1.1.1249635313.1743947717
*********Cookie: AMCVS_B877A5DB584931AC0A495EAA%40AdobeOrg = 1
21:55:18.792 [Forwarding getCurrentUrl on session 20d0f439-72da-4ad4-ac25-ee9e6113fbaf to remote] DEBUG org.asynchttpclient.netty.request.NettyRequestSender -- Using pooled Channel '[id: 0xd850032e, L:/127.0.0.1:49363 - R:/127.0.0.1:4723]' for 'GET' to 'http://127.0.0.1:4723/session/20d0f439-72da-4ad4-ac25-ee9e6113fbaf/url'
21:55:18.792 [Forwarding getCurrentUrl on session 20d0f439-72da-4ad4-ac25-ee9e6113fbaf to remote] DEBUG org.asynchttpclient.netty.request.NettyRequestSender -- Using open Channel [id: 0xd850032e, L:/127.0.0.1:49363 - R:/127.0.0.1:4723] for GET '/session/20d0f439-72da-4ad4-ac25-ee9e6113fbaf/url'
21:55:18.806 [AsyncHttpClient-1-2] DEBUG org.asynchttpclient.netty.handler.HttpHandler -- 

Request DefaultFullHttpRequest(decodeResult: success, version: HTTP/1.1, content: EmptyByteBufBE)
GET /session/20d0f439-72da-4ad4-ac25-ee9e6113fbaf/url HTTP/1.1
Cache-Control: no-cache
User-Agent: appium/8.3.0 (selenium/4.8.3 (java mac))
Content-Type: application/json; charset=utf-8
host: 127.0.0.1:4723
accept: */*

Response DefaultHttpResponse(decodeResult: success, version: HTTP/1.1)
HTTP/1.1 200 OK
X-Powered-By: Express
Content-Type: application/json; charset=utf-8
Content-Length: 90
ETag: W/"5a-SVzTdoqQsw2ztnbhgzn9TDJ+oVM"
Date: Sun, 06 Apr 2025 13:55:18 GMT
Connection: keep-alive
Keep-Alive: timeout=600

21:55:18.806 [AsyncHttpClient-1-2] DEBUG org.asynchttpclient.netty.channel.ChannelManager -- Adding key: http://127.0.0.1:4723 for channel [id: 0xd850032e, L:/127.0.0.1:49363 - R:/127.0.0.1:4723]
21:55:18.807 [Forwarding setTimeout on session 20d0f439-72da-4ad4-ac25-ee9e6113fbaf to remote] DEBUG org.asynchttpclient.netty.request.NettyRequestSender -- Using pooled Channel '[id: 0xd850032e, L:/127.0.0.1:49363 - R:/127.0.0.1:4723]' for 'POST' to 'http://127.0.0.1:4723/session/20d0f439-72da-4ad4-ac25-ee9e6113fbaf/timeouts'
21:55:18.807 [Forwarding setTimeout on session 20d0f439-72da-4ad4-ac25-ee9e6113fbaf to remote] DEBUG org.asynchttpclient.netty.request.NettyRequestSender -- Using open Channel [id: 0xd850032e, L:/127.0.0.1:49363 - R:/127.0.0.1:4723] for POST '/session/20d0f439-72da-4ad4-ac25-ee9e6113fbaf/timeouts'
21:55:18.810 [AsyncHttpClient-1-2] DEBUG org.asynchttpclient.netty.handler.HttpHandler -- 

Request DefaultHttpRequest(decodeResult: success, version: HTTP/1.1)
POST /session/20d0f439-72da-4ad4-ac25-ee9e6113fbaf/timeouts HTTP/1.1
User-Agent: appium/8.3.0 (selenium/4.8.3 (java mac))
Content-Length: 23
Content-Type: application/json; charset=utf-8
host: 127.0.0.1:4723
accept: */*

Response DefaultHttpResponse(decodeResult: success, version: HTTP/1.1)
HTTP/1.1 200 OK
X-Powered-By: Express
Vary: X-HTTP-Method-Override
Content-Type: application/json; charset=utf-8
Content-Length: 14
ETag: W/"e-9/1BuKMgFObM1mWJm+YjxtXJnUM"
Date: Sun, 06 Apr 2025 13:55:18 GMT
Connection: keep-alive
Keep-Alive: timeout=600

21:55:18.810 [AsyncHttpClient-1-2] DEBUG org.asynchttpclient.netty.channel.ChannelManager -- Adding key: http://127.0.0.1:4723 for channel [id: 0xd850032e, L:/127.0.0.1:49363 - R:/127.0.0.1:4723]
21:55:18.811 [Forwarding setTimeout on session 20d0f439-72da-4ad4-ac25-ee9e6113fbaf to remote] DEBUG org.asynchttpclient.netty.request.NettyRequestSender -- Using pooled Channel '[id: 0xd850032e, L:/127.0.0.1:49363 - R:/127.0.0.1:4723]' for 'POST' to 'http://127.0.0.1:4723/session/20d0f439-72da-4ad4-ac25-ee9e6113fbaf/timeouts'
21:55:18.811 [Forwarding setTimeout on session 20d0f439-72da-4ad4-ac25-ee9e6113fbaf to remote] DEBUG org.asynchttpclient.netty.request.NettyRequestSender -- Using open Channel [id: 0xd850032e, L:/127.0.0.1:49363 - R:/127.0.0.1:4723] for POST '/session/20d0f439-72da-4ad4-ac25-ee9e6113fbaf/timeouts'
21:55:18.813 [AsyncHttpClient-1-2] DEBUG org.asynchttpclient.netty.handler.HttpHandler -- 

Request DefaultHttpRequest(decodeResult: success, version: HTTP/1.1)
POST /session/20d0f439-72da-4ad4-ac25-ee9e6113fbaf/timeouts HTTP/1.1
User-Agent: appium/8.3.0 (selenium/4.8.3 (java mac))
Content-Length: 23
Content-Type: application/json; charset=utf-8
host: 127.0.0.1:4723
accept: */*

Response DefaultHttpResponse(decodeResult: success, version: HTTP/1.1)
HTTP/1.1 200 OK
X-Powered-By: Express
Vary: X-HTTP-Method-Override
Content-Type: application/json; charset=utf-8
Content-Length: 14
ETag: W/"e-9/1BuKMgFObM1mWJm+YjxtXJnUM"
Date: Sun, 06 Apr 2025 13:55:18 GMT
Connection: keep-alive
Keep-Alive: timeout=600

21:55:18.813 [AsyncHttpClient-1-2] DEBUG org.asynchttpclient.netty.channel.ChannelManager -- Adding key: http://127.0.0.1:4723 for channel [id: 0xd850032e, L:/127.0.0.1:49363 - R:/127.0.0.1:4723]
21:55:18.814 [Forwarding setTimeout on session 20d0f439-72da-4ad4-ac25-ee9e6113fbaf to remote] DEBUG org.asynchttpclient.netty.request.NettyRequestSender -- Using pooled Channel '[id: 0xd850032e, L:/127.0.0.1:49363 - R:/127.0.0.1:4723]' for 'POST' to 'http://127.0.0.1:4723/session/20d0f439-72da-4ad4-ac25-ee9e6113fbaf/timeouts'
21:55:18.814 [Forwarding setTimeout on session 20d0f439-72da-4ad4-ac25-ee9e6113fbaf to remote] DEBUG org.asynchttpclient.netty.request.NettyRequestSender -- Using open Channel [id: 0xd850032e, L:/127.0.0.1:49363 - R:/127.0.0.1:4723] for POST '/session/20d0f439-72da-4ad4-ac25-ee9e6113fbaf/timeouts'
21:55:18.816 [AsyncHttpClient-1-2] DEBUG org.asynchttpclient.netty.handler.HttpHandler -- 

Request DefaultHttpRequest(decodeResult: success, version: HTTP/1.1)
POST /session/20d0f439-72da-4ad4-ac25-ee9e6113fbaf/timeouts HTTP/1.1
User-Agent: appium/8.3.0 (selenium/4.8.3 (java mac))
Content-Length: 21
Content-Type: application/json; charset=utf-8
host: 127.0.0.1:4723
accept: */*

Response DefaultHttpResponse(decodeResult: success, version: HTTP/1.1)
HTTP/1.1 200 OK
X-Powered-By: Express
Vary: X-HTTP-Method-Override
Content-Type: application/json; charset=utf-8
Content-Length: 14
ETag: W/"e-9/1BuKMgFObM1mWJm+YjxtXJnUM"
Date: Sun, 06 Apr 2025 13:55:18 GMT
Connection: keep-alive
Keep-Alive: timeout=600

21:55:18.816 [AsyncHttpClient-1-2] DEBUG org.asynchttpclient.netty.channel.ChannelManager -- Adding key: http://127.0.0.1:4723 for channel [id: 0xd850032e, L:/127.0.0.1:49363 - R:/127.0.0.1:4723]
21:55:18.816 [main] INFO  com.cathay.test.config.AppiumConfig - MortgageCalculatorTest 初始化完成
21:55:18.817 [main] INFO com.cathay.test.tests.MortgageCalculatorTest -- 驗證 driver session 與重新導頁...
21:55:18.817 [Forwarding get on session 20d0f439-72da-4ad4-ac25-ee9e6113fbaf to remote] DEBUG org.asynchttpclient.netty.request.NettyRequestSender -- Using pooled Channel '[id: 0xd850032e, L:/127.0.0.1:49363 - R:/127.0.0.1:4723]' for 'POST' to 'http://127.0.0.1:4723/session/20d0f439-72da-4ad4-ac25-ee9e6113fbaf/url'
21:55:18.817 [Forwarding get on session 20d0f439-72da-4ad4-ac25-ee9e6113fbaf to remote] DEBUG org.asynchttpclient.netty.request.NettyRequestSender -- Using open Channel [id: 0xd850032e, L:/127.0.0.1:49363 - R:/127.0.0.1:4723] for POST '/session/20d0f439-72da-4ad4-ac25-ee9e6113fbaf/url'
21:55:20.308 [AsyncHttpClient-1-2] DEBUG org.asynchttpclient.netty.handler.HttpHandler -- 

Request DefaultHttpRequest(decodeResult: success, version: HTTP/1.1)
POST /session/20d0f439-72da-4ad4-ac25-ee9e6113fbaf/url HTTP/1.1
User-Agent: appium/8.3.0 (selenium/4.8.3 (java mac))
Content-Length: 133
Content-Type: application/json; charset=utf-8
host: 127.0.0.1:4723
accept: */*

Response DefaultHttpResponse(decodeResult: success, version: HTTP/1.1)
HTTP/1.1 200 OK
X-Powered-By: Express
Vary: X-HTTP-Method-Override
Content-Type: application/json; charset=utf-8
Content-Length: 14
ETag: W/"e-9/1BuKMgFObM1mWJm+YjxtXJnUM"
Date: Sun, 06 Apr 2025 13:55:20 GMT
Connection: keep-alive
Keep-Alive: timeout=600

21:55:20.308 [AsyncHttpClient-1-2] DEBUG org.asynchttpclient.netty.channel.ChannelManager -- Adding key: http://127.0.0.1:4723 for channel [id: 0xd850032e, L:/127.0.0.1:49363 - R:/127.0.0.1:4723]
21:55:20.308 [Forwarding getCurrentUrl on session 20d0f439-72da-4ad4-ac25-ee9e6113fbaf to remote] DEBUG org.asynchttpclient.netty.request.NettyRequestSender -- Using pooled Channel '[id: 0xd850032e, L:/127.0.0.1:49363 - R:/127.0.0.1:4723]' for 'GET' to 'http://127.0.0.1:4723/session/20d0f439-72da-4ad4-ac25-ee9e6113fbaf/url'
21:55:20.308 [Forwarding getCurrentUrl on session 20d0f439-72da-4ad4-ac25-ee9e6113fbaf to remote] DEBUG org.asynchttpclient.netty.request.NettyRequestSender -- Using open Channel [id: 0xd850032e, L:/127.0.0.1:49363 - R:/127.0.0.1:4723] for GET '/session/20d0f439-72da-4ad4-ac25-ee9e6113fbaf/url'
21:55:20.324 [AsyncHttpClient-1-2] DEBUG org.asynchttpclient.netty.handler.HttpHandler -- 

Request DefaultFullHttpRequest(decodeResult: success, version: HTTP/1.1, content: EmptyByteBufBE)
GET /session/20d0f439-72da-4ad4-ac25-ee9e6113fbaf/url HTTP/1.1
Cache-Control: no-cache
User-Agent: appium/8.3.0 (selenium/4.8.3 (java mac))
Content-Type: application/json; charset=utf-8
host: 127.0.0.1:4723
accept: */*

Response DefaultHttpResponse(decodeResult: success, version: HTTP/1.1)
HTTP/1.1 200 OK
X-Powered-By: Express
Content-Type: application/json; charset=utf-8
Content-Length: 90
ETag: W/"5a-SVzTdoqQsw2ztnbhgzn9TDJ+oVM"
Date: Sun, 06 Apr 2025 13:55:20 GMT
Connection: keep-alive
Keep-Alive: timeout=600

21:55:20.324 [AsyncHttpClient-1-2] DEBUG org.asynchttpclient.netty.channel.ChannelManager -- Adding key: http://127.0.0.1:4723 for channel [id: 0xd850032e, L:/127.0.0.1:49363 - R:/127.0.0.1:4723]
*********3rd party cookie Current URL: https://www.cathaybk.com.tw/cathaybk/personal/loan/calculator/mortgage-budget/
21:55:20.325 [Forwarding getCookies on session 20d0f439-72da-4ad4-ac25-ee9e6113fbaf to remote] DEBUG org.asynchttpclient.netty.request.NettyRequestSender -- Using pooled Channel '[id: 0xd850032e, L:/127.0.0.1:49363 - R:/127.0.0.1:4723]' for 'GET' to 'http://127.0.0.1:4723/session/20d0f439-72da-4ad4-ac25-ee9e6113fbaf/cookie'
21:55:20.325 [Forwarding getCookies on session 20d0f439-72da-4ad4-ac25-ee9e6113fbaf to remote] DEBUG org.asynchttpclient.netty.request.NettyRequestSender -- Using open Channel [id: 0xd850032e, L:/127.0.0.1:49363 - R:/127.0.0.1:4723] for GET '/session/20d0f439-72da-4ad4-ac25-ee9e6113fbaf/cookie'
21:55:20.345 [AsyncHttpClient-1-2] DEBUG org.asynchttpclient.netty.handler.HttpHandler -- 

Request DefaultFullHttpRequest(decodeResult: success, version: HTTP/1.1, content: EmptyByteBufBE)
GET /session/20d0f439-72da-4ad4-ac25-ee9e6113fbaf/cookie HTTP/1.1
Cache-Control: no-cache
User-Agent: appium/8.3.0 (selenium/4.8.3 (java mac))
Content-Type: application/json; charset=utf-8
host: 127.0.0.1:4723
accept: */*

Response DefaultHttpResponse(decodeResult: success, version: HTTP/1.1)
HTTP/1.1 200 OK
X-Powered-By: Express
Content-Type: application/json; charset=utf-8
Content-Length: 10442
ETag: W/"28ca-YMRL8VSR8RlQTl/I9J83Qk3uGls"
Date: Sun, 06 Apr 2025 13:55:20 GMT
Connection: keep-alive
Keep-Alive: timeout=600

21:55:20.345 [AsyncHttpClient-1-2] DEBUG org.asynchttpclient.netty.channel.ChannelManager -- Adding key: http://127.0.0.1:4723 for channel [id: 0xd850032e, L:/127.0.0.1:49363 - R:/127.0.0.1:4723]
*********Cookie: dv0qai26lg6v2y6kl7yyc36brextdvfp6m6ezit = w69w615bu5
*********Cookie: dv0qai26lg6v2y6kl7yyc36brextd6tam2ksre5l = h7qbutmvd5
*********Cookie: dv0qai26lg6v2y6kl7yyc36brextdtqr8fiaspy8 = gldfy0jl1gq
*********Cookie: dv0qai26lg6v2y6kl7yyc36brextdlgseb68s4or = vd3ozrd1rgk
*********Cookie: _ss_pp_id = 37a6e9cfcd60ca1333a1743918917877
*********Cookie: dv0qai26lg6v2y6kl7yyc36brextdst53efws1e = yvvvecrtwcf
*********Cookie: dv0qai26lg6v2y6kl7yyc36brextdm9jovz53f5 = iq4zfrehhth
*********Cookie: mbox = session#41090ff95b76453c82bd57a7e72bd04d#1743949580|PC#41090ff95b76453c82bd57a7e72bd04d.32_0#1807192520
*********Cookie: _td = 7adfb8f1-4052-4985-91c8-fee97471a67e
*********Cookie: _uetvid = c5d2590012ee11f0b1274f13799f31f4
*********Cookie: dv0qai26lg6v2y6kl7yyc36brextdelemfcp4l8 = enxhuqkli1j
*********Cookie: AMCV_B877A5DB584931AC0A495EAA%40AdobeOrg = 1585540135%7CMCIDTS%7C20185%7CMCMID%7C76880703759952059510041343014680056122%7CMCAAMLH-1744552517%7C11%7CMCAAMB-1744552517%7C6G1ynYcLPuiQxYZrsz_pkqfLG9yMXBpb2zX5dvJdYQJzPXImdj0y%7CMCCIDH%7C1062709688%7CMCOPTOUT-1743954917s%7CNONE%7CMCSYNCSOP%7C411-20192%7CvVersion%7C4.4.0
*********Cookie: __lt__cid = 8ab9f955-daa2-493a-9ebd-c3019559e86f
*********Cookie: at_check = true
*********Cookie: dv0qai26lg6v2y6kl7yyc36brextdf4fha0edads = bcoft97rkef
*********Cookie: dv0qai26lg6v2y6kl7yyc36brextdc1pfjvmbwuw = 2zp9zchucfc
*********Cookie: dv0qai26lg6v2y6kl7yyc36brextdxb2zif4seof = licvucri2vl
*********Cookie: dv0qai26lg6v2y6kl7yyc36brextd6dexdmhtbw8 = 67kex67u9qc
*********Cookie: dv0qai26lg6v2y6kl7yyc36brextdzhmt4g3ahce = t1yekejon3b
*********Cookie: dv0qai26lg6v2y6kl7yyc36brextd50drsebl5m3 = rldhgzp166
*********Cookie: dv0qai26lg6v2y6kl7yyc36brextdti40hwoohjq = gtua8yvpvf
*********Cookie: usy46gabsosd = cubcsa_17439477167210.a5b2f186fcf9a96b19d68de67ba885be_7638
*********Cookie: dv0qai26lg6v2y6kl7yyc36brextdqxrxiacqlt9 = 983fihimzrn
*********Cookie: _gcl_au = 1.1.1249635313.1743947717
*********Cookie: dv0qai26lg6v2y6kl7yyc36brextdjetorciobej = huxakiht5s
*********Cookie: dv0qai26lg6v2y6kl7yyc36brextdbdbtofsexwm = g92ux1cj95t
*********Cookie: citrix_ns_id = AAU7w4fyZzsGsEUHAAAAADvLSubBRkGc__LEOzVhuXsGFPjKXiRtWZ6HF_PA0YeQOw==S4vyZw==4Dus2zdJ7ILBKLEAEGH96-mHFB0=
*********Cookie: ASP.NET_SessionId = i3sqslwz0pxtwzr101x2mcfw
*********Cookie: dv0qai26lg6v2y6kl7yyc36brextdrao4siev2 = bbxns68qh2g
*********Cookie: dv0qai26lg6v2y6kl7yyc36brextdkkkwhq0ise = w0k7erku4g
*********Cookie: _mg_ckp = eyJja1RrZERGIjoiIn0=
*********Cookie: shell#lang = en
*********Cookie: dv0qai26lg6v2y6kl7yyc36brextdmjukn23mbua = n116pe0ind
*********Cookie: dv0qai26lg6v2y6kl7yyc36brextdgt6suh6fxf7 = riatbtdhalh
*********Cookie: dv0qai26lg6v2y6kl7yyc36brextde4ox8ym10qr = jxboos3dx1m
*********Cookie: dv0qai26lg6v2y6kl7yyc36brextd9ujwy4v8nmr = e0y9wco98f5
*********Cookie: _uetsid = c5d1502012ee11f0aed1dd81d607fa29
*********Cookie: dv0qai26lg6v2y6kl7yyc36brextd57h1z3pi8cj = 34cff70yi68
*********Cookie: _ga_T2T689XRGT = GS1.1.1743947717.1.1.1743947720.57.0.0
*********Cookie: _fbp = fb.2.1743947717850.989633815979319475
*********Cookie: dv0qai26lg6v2y6kl7yyc36brextdujfbld68md = 0u0nq7p9vjzf
*********Cookie: dv0qai26lg6v2y6kl7yyc36brextdtsl41tcqjdl = q9m39vemq7h
*********Cookie: dv0qai26lg6v2y6kl7yyc36brextdmlehj46xnzl = 7ui7s6eit1
*********Cookie: dv0qai26lg6v2y6kl7yyc36brextd8np96yk9i39 = 3lusl6i4dpq
*********Cookie: __lt__sid = 68633837-e1d424f0
*********Cookie: cathaybk_new = 4bb3a3d8d4f078cfaa7badb04abb60df7ed08c3d037be7593e9c32d57ce56d7fc2c8d446
*********Cookie: __mguid_ = 5ed2334745f6477abc7b656d568bdb37
*********Cookie: FingerprintCookie = a83734ca5c2401a34f4ad325dff7c9ff
*********Cookie: dv0qai26lg6v2y6kl7yyc36brextd45vif99ewt7 = hxrcqsg404
*********Cookie: dv0qai26lg6v2y6kl7yyc36brextdlifja271qgq = beyb7lk4olq
*********Cookie: dv0qai26lg6v2y6kl7yyc36brextd8zis6y9cu3 = ccb3vf1hufs
*********Cookie: _ga = GA1.1.756722784.1743947717
*********Cookie: dv0qai26lg6v2y6kl7yyc36brextds53fnjtvf3o = lkg66nutpqm
*********Cookie: AMCVS_B877A5DB584931AC0A495EAA%40AdobeOrg = 1
*********Cookie: dv0qai26lg6v2y6kl7yyc36brextd21jtwniklq9 = nrgjm9um9y8
*********Cookie: dv0qai26lg6v2y6kl7yyc36brextd4oseqlzlf5m = i1li0sexty
*********Cookie: dv0qai26lg6v2y6kl7yyc36brextdwt4bvl6b2th = vcxr5ak979r
21:55:20.347 [Forwarding getCurrentUrl on session 20d0f439-72da-4ad4-ac25-ee9e6113fbaf to remote] DEBUG org.asynchttpclient.netty.request.NettyRequestSender -- Using pooled Channel '[id: 0xd850032e, L:/127.0.0.1:49363 - R:/127.0.0.1:4723]' for 'GET' to 'http://127.0.0.1:4723/session/20d0f439-72da-4ad4-ac25-ee9e6113fbaf/url'
21:55:20.347 [Forwarding getCurrentUrl on session 20d0f439-72da-4ad4-ac25-ee9e6113fbaf to remote] DEBUG org.asynchttpclient.netty.request.NettyRequestSender -- Using open Channel [id: 0xd850032e, L:/127.0.0.1:49363 - R:/127.0.0.1:4723] for GET '/session/20d0f439-72da-4ad4-ac25-ee9e6113fbaf/url'
21:55:20.362 [AsyncHttpClient-1-2] DEBUG org.asynchttpclient.netty.handler.HttpHandler -- 

Request DefaultFullHttpRequest(decodeResult: success, version: HTTP/1.1, content: EmptyByteBufBE)
GET /session/20d0f439-72da-4ad4-ac25-ee9e6113fbaf/url HTTP/1.1
Cache-Control: no-cache
User-Agent: appium/8.3.0 (selenium/4.8.3 (java mac))
Content-Type: application/json; charset=utf-8
host: 127.0.0.1:4723
accept: */*

Response DefaultHttpResponse(decodeResult: success, version: HTTP/1.1)
HTTP/1.1 200 OK
X-Powered-By: Express
Content-Type: application/json; charset=utf-8
Content-Length: 90
ETag: W/"5a-SVzTdoqQsw2ztnbhgzn9TDJ+oVM"
Date: Sun, 06 Apr 2025 13:55:20 GMT
Connection: keep-alive
Keep-Alive: timeout=600

21:55:20.362 [AsyncHttpClient-1-2] DEBUG org.asynchttpclient.netty.channel.ChannelManager -- Adding key: http://127.0.0.1:4723 for channel [id: 0xd850032e, L:/127.0.0.1:49363 - R:/127.0.0.1:4723]
21:55:20.363 [Forwarding setTimeout on session 20d0f439-72da-4ad4-ac25-ee9e6113fbaf to remote] DEBUG org.asynchttpclient.netty.request.NettyRequestSender -- Using pooled Channel '[id: 0xd850032e, L:/127.0.0.1:49363 - R:/127.0.0.1:4723]' for 'POST' to 'http://127.0.0.1:4723/session/20d0f439-72da-4ad4-ac25-ee9e6113fbaf/timeouts'
21:55:20.363 [Forwarding setTimeout on session 20d0f439-72da-4ad4-ac25-ee9e6113fbaf to remote] DEBUG org.asynchttpclient.netty.request.NettyRequestSender -- Using open Channel [id: 0xd850032e, L:/127.0.0.1:49363 - R:/127.0.0.1:4723] for POST '/session/20d0f439-72da-4ad4-ac25-ee9e6113fbaf/timeouts'
21:55:20.367 [AsyncHttpClient-1-2] DEBUG org.asynchttpclient.netty.handler.HttpHandler -- 

Request DefaultHttpRequest(decodeResult: success, version: HTTP/1.1)
POST /session/20d0f439-72da-4ad4-ac25-ee9e6113fbaf/timeouts HTTP/1.1
User-Agent: appium/8.3.0 (selenium/4.8.3 (java mac))
Content-Length: 23
Content-Type: application/json; charset=utf-8
host: 127.0.0.1:4723
accept: */*

Response DefaultHttpResponse(decodeResult: success, version: HTTP/1.1)
HTTP/1.1 200 OK
X-Powered-By: Express
Vary: X-HTTP-Method-Override
Content-Type: application/json; charset=utf-8
Content-Length: 14
ETag: W/"e-9/1BuKMgFObM1mWJm+YjxtXJnUM"
Date: Sun, 06 Apr 2025 13:55:20 GMT
Connection: keep-alive
Keep-Alive: timeout=600

21:55:20.367 [AsyncHttpClient-1-2] DEBUG org.asynchttpclient.netty.channel.ChannelManager -- Adding key: http://127.0.0.1:4723 for channel [id: 0xd850032e, L:/127.0.0.1:49363 - R:/127.0.0.1:4723]
21:55:20.368 [Forwarding setTimeout on session 20d0f439-72da-4ad4-ac25-ee9e6113fbaf to remote] DEBUG org.asynchttpclient.netty.request.NettyRequestSender -- Using pooled Channel '[id: 0xd850032e, L:/127.0.0.1:49363 - R:/127.0.0.1:4723]' for 'POST' to 'http://127.0.0.1:4723/session/20d0f439-72da-4ad4-ac25-ee9e6113fbaf/timeouts'
21:55:20.368 [Forwarding setTimeout on session 20d0f439-72da-4ad4-ac25-ee9e6113fbaf to remote] DEBUG org.asynchttpclient.netty.request.NettyRequestSender -- Using open Channel [id: 0xd850032e, L:/127.0.0.1:49363 - R:/127.0.0.1:4723] for POST '/session/20d0f439-72da-4ad4-ac25-ee9e6113fbaf/timeouts'
21:55:20.370 [AsyncHttpClient-1-2] DEBUG org.asynchttpclient.netty.handler.HttpHandler -- 

Request DefaultHttpRequest(decodeResult: success, version: HTTP/1.1)
POST /session/20d0f439-72da-4ad4-ac25-ee9e6113fbaf/timeouts HTTP/1.1
User-Agent: appium/8.3.0 (selenium/4.8.3 (java mac))
Content-Length: 23
Content-Type: application/json; charset=utf-8
host: 127.0.0.1:4723
accept: */*

Response DefaultHttpResponse(decodeResult: success, version: HTTP/1.1)
HTTP/1.1 200 OK
X-Powered-By: Express
Vary: X-HTTP-Method-Override
Content-Type: application/json; charset=utf-8
Content-Length: 14
ETag: W/"e-9/1BuKMgFObM1mWJm+YjxtXJnUM"
Date: Sun, 06 Apr 2025 13:55:20 GMT
Connection: keep-alive
Keep-Alive: timeout=600

21:55:20.370 [AsyncHttpClient-1-2] DEBUG org.asynchttpclient.netty.channel.ChannelManager -- Adding key: http://127.0.0.1:4723 for channel [id: 0xd850032e, L:/127.0.0.1:49363 - R:/127.0.0.1:4723]
21:55:20.370 [Forwarding setTimeout on session 20d0f439-72da-4ad4-ac25-ee9e6113fbaf to remote] DEBUG org.asynchttpclient.netty.request.NettyRequestSender -- Using pooled Channel '[id: 0xd850032e, L:/127.0.0.1:49363 - R:/127.0.0.1:4723]' for 'POST' to 'http://127.0.0.1:4723/session/20d0f439-72da-4ad4-ac25-ee9e6113fbaf/timeouts'
21:55:20.370 [Forwarding setTimeout on session 20d0f439-72da-4ad4-ac25-ee9e6113fbaf to remote] DEBUG org.asynchttpclient.netty.request.NettyRequestSender -- Using open Channel [id: 0xd850032e, L:/127.0.0.1:49363 - R:/127.0.0.1:4723] for POST '/session/20d0f439-72da-4ad4-ac25-ee9e6113fbaf/timeouts'
21:55:20.372 [AsyncHttpClient-1-2] DEBUG org.asynchttpclient.netty.handler.HttpHandler -- 

Request DefaultHttpRequest(decodeResult: success, version: HTTP/1.1)
POST /session/20d0f439-72da-4ad4-ac25-ee9e6113fbaf/timeouts HTTP/1.1
User-Agent: appium/8.3.0 (selenium/4.8.3 (java mac))
Content-Length: 21
Content-Type: application/json; charset=utf-8
host: 127.0.0.1:4723
accept: */*

Response DefaultHttpResponse(decodeResult: success, version: HTTP/1.1)
HTTP/1.1 200 OK
X-Powered-By: Express
Vary: X-HTTP-Method-Override
Content-Type: application/json; charset=utf-8
Content-Length: 14
ETag: W/"e-9/1BuKMgFObM1mWJm+YjxtXJnUM"
Date: Sun, 06 Apr 2025 13:55:20 GMT
Connection: keep-alive
Keep-Alive: timeout=600

21:55:20.372 [AsyncHttpClient-1-2] DEBUG org.asynchttpclient.netty.channel.ChannelManager -- Adding key: http://127.0.0.1:4723 for channel [id: 0xd850032e, L:/127.0.0.1:49363 - R:/127.0.0.1:4723]
21:55:20.372 [main] INFO com.cathay.test.tests.MortgageCalculatorTest -- MortgageCalculatorTest 驗證完成
房貸試算功能測試 - 輸入完整資訊，檢查試算結果
21:55:20.373 [main] INFO com.cathay.test.tests.MortgageCalculatorTest -- 開始執行：testMortgageCalculation
21:55:20.373 [Forwarding get on session 20d0f439-72da-4ad4-ac25-ee9e6113fbaf to remote] DEBUG org.asynchttpclient.netty.request.NettyRequestSender -- Using pooled Channel '[id: 0xd850032e, L:/127.0.0.1:49363 - R:/127.0.0.1:4723]' for 'POST' to 'http://127.0.0.1:4723/session/20d0f439-72da-4ad4-ac25-ee9e6113fbaf/url'
21:55:20.373 [Forwarding get on session 20d0f439-72da-4ad4-ac25-ee9e6113fbaf to remote] DEBUG org.asynchttpclient.netty.request.NettyRequestSender -- Using open Channel [id: 0xd850032e, L:/127.0.0.1:49363 - R:/127.0.0.1:4723] for POST '/session/20d0f439-72da-4ad4-ac25-ee9e6113fbaf/url'
21:55:21.634 [AsyncHttpClient-1-2] DEBUG org.asynchttpclient.netty.handler.HttpHandler -- 

Request DefaultHttpRequest(decodeResult: success, version: HTTP/1.1)
POST /session/20d0f439-72da-4ad4-ac25-ee9e6113fbaf/url HTTP/1.1
User-Agent: appium/8.3.0 (selenium/4.8.3 (java mac))
Content-Length: 133
Content-Type: application/json; charset=utf-8
host: 127.0.0.1:4723
accept: */*

Response DefaultHttpResponse(decodeResult: success, version: HTTP/1.1)
HTTP/1.1 200 OK
X-Powered-By: Express
Vary: X-HTTP-Method-Override
Content-Type: application/json; charset=utf-8
Content-Length: 14
ETag: W/"e-9/1BuKMgFObM1mWJm+YjxtXJnUM"
Date: Sun, 06 Apr 2025 13:55:21 GMT
Connection: keep-alive
Keep-Alive: timeout=600

21:55:21.634 [AsyncHttpClient-1-2] DEBUG org.asynchttpclient.netty.channel.ChannelManager -- Adding key: http://127.0.0.1:4723 for channel [id: 0xd850032e, L:/127.0.0.1:49363 - R:/127.0.0.1:4723]
21:55:21.635 [Forwarding getCurrentUrl on session 20d0f439-72da-4ad4-ac25-ee9e6113fbaf to remote] DEBUG org.asynchttpclient.netty.request.NettyRequestSender -- Using pooled Channel '[id: 0xd850032e, L:/127.0.0.1:49363 - R:/127.0.0.1:4723]' for 'GET' to 'http://127.0.0.1:4723/session/20d0f439-72da-4ad4-ac25-ee9e6113fbaf/url'
21:55:21.635 [Forwarding getCurrentUrl on session 20d0f439-72da-4ad4-ac25-ee9e6113fbaf to remote] DEBUG org.asynchttpclient.netty.request.NettyRequestSender -- Using open Channel [id: 0xd850032e, L:/127.0.0.1:49363 - R:/127.0.0.1:4723] for GET '/session/20d0f439-72da-4ad4-ac25-ee9e6113fbaf/url'
21:55:21.661 [AsyncHttpClient-1-2] DEBUG org.asynchttpclient.netty.handler.HttpHandler -- 

Request DefaultFullHttpRequest(decodeResult: success, version: HTTP/1.1, content: EmptyByteBufBE)
GET /session/20d0f439-72da-4ad4-ac25-ee9e6113fbaf/url HTTP/1.1
Cache-Control: no-cache
User-Agent: appium/8.3.0 (selenium/4.8.3 (java mac))
Content-Type: application/json; charset=utf-8
host: 127.0.0.1:4723
accept: */*

Response DefaultHttpResponse(decodeResult: success, version: HTTP/1.1)
HTTP/1.1 200 OK
X-Powered-By: Express
Content-Type: application/json; charset=utf-8
Content-Length: 90
ETag: W/"5a-SVzTdoqQsw2ztnbhgzn9TDJ+oVM"
Date: Sun, 06 Apr 2025 13:55:21 GMT
Connection: keep-alive
Keep-Alive: timeout=600

21:55:21.662 [AsyncHttpClient-1-2] DEBUG org.asynchttpclient.netty.channel.ChannelManager -- Adding key: http://127.0.0.1:4723 for channel [id: 0xd850032e, L:/127.0.0.1:49363 - R:/127.0.0.1:4723]
*********3rd party cookie Current URL: https://www.cathaybk.com.tw/cathaybk/personal/loan/calculator/mortgage-budget/
21:55:21.663 [Forwarding getCookies on session 20d0f439-72da-4ad4-ac25-ee9e6113fbaf to remote] DEBUG org.asynchttpclient.netty.request.NettyRequestSender -- Using pooled Channel '[id: 0xd850032e, L:/127.0.0.1:49363 - R:/127.0.0.1:4723]' for 'GET' to 'http://127.0.0.1:4723/session/20d0f439-72da-4ad4-ac25-ee9e6113fbaf/cookie'
21:55:21.663 [Forwarding getCookies on session 20d0f439-72da-4ad4-ac25-ee9e6113fbaf to remote] DEBUG org.asynchttpclient.netty.request.NettyRequestSender -- Using open Channel [id: 0xd850032e, L:/127.0.0.1:49363 - R:/127.0.0.1:4723] for GET '/session/20d0f439-72da-4ad4-ac25-ee9e6113fbaf/cookie'
21:55:21.687 [AsyncHttpClient-1-2] DEBUG org.asynchttpclient.netty.handler.HttpHandler -- 

Request DefaultFullHttpRequest(decodeResult: success, version: HTTP/1.1, content: EmptyByteBufBE)
GET /session/20d0f439-72da-4ad4-ac25-ee9e6113fbaf/cookie HTTP/1.1
Cache-Control: no-cache
User-Agent: appium/8.3.0 (selenium/4.8.3 (java mac))
Content-Type: application/json; charset=utf-8
host: 127.0.0.1:4723
accept: */*

Response DefaultHttpResponse(decodeResult: success, version: HTTP/1.1)
HTTP/1.1 200 OK
X-Powered-By: Express
Content-Type: application/json; charset=utf-8
Content-Length: 4090
ETag: W/"ffa-HlS62iF6ki46iF/N+FbsLLxYXWk"
Date: Sun, 06 Apr 2025 13:55:21 GMT
Connection: keep-alive
Keep-Alive: timeout=600

21:55:21.687 [AsyncHttpClient-1-2] DEBUG org.asynchttpclient.netty.channel.ChannelManager -- Adding key: http://127.0.0.1:4723 for channel [id: 0xd850032e, L:/127.0.0.1:49363 - R:/127.0.0.1:4723]
*********Cookie: citrix_ns_id = AAU7w4fyZzsGsEUHAAAAADvLSubBRkGc__LEOzVhuXsGFPjKXiRtWZ6HF_PA0YeQOw==TIvyZw==Gjz_ioA6Z62pvpGk7wvul0ZDw-s=
*********Cookie: ASP.NET_SessionId = i3sqslwz0pxtwzr101x2mcfw
*********Cookie: _ss_pp_id = 37a6e9cfcd60ca1333a1743918917877
*********Cookie: __lt__sid = 68633837-e1d424f0
*********Cookie: _mg_ckp = eyJja1RrZERGIjoiIn0=
*********Cookie: cathaybk_new = 4bb3a3d8d4f078cfaa7badb04abb60df7ed08c3d037be7593e9c32d57ce56d7fc2c8d446
*********Cookie: __mguid_ = 5ed2334745f6477abc7b656d568bdb37
*********Cookie: FingerprintCookie = a83734ca5c2401a34f4ad325dff7c9ff
*********Cookie: shell#lang = en
*********Cookie: mbox = session#41090ff95b76453c82bd57a7e72bd04d#1743949582|PC#41090ff95b76453c82bd57a7e72bd04d.32_0#1807192522
*********Cookie: _td = 7adfb8f1-4052-4985-91c8-fee97471a67e
*********Cookie: _uetvid = c5d2590012ee11f0b1274f13799f31f4
*********Cookie: usy46gabsosd = cubcsa_17439477167210.a5b2f186fcf9a96b19d68de67ba885be_7638
*********Cookie: _uetsid = c5d1502012ee11f0aed1dd81d607fa29
*********Cookie: _ga_T2T689XRGT = GS1.1.1743947717.1.1.1743947721.56.0.0
*********Cookie: AMCV_B877A5DB584931AC0A495EAA%40AdobeOrg = 1585540135%7CMCIDTS%7C20185%7CMCMID%7C76880703759952059510041343014680056122%7CMCAAMLH-1744552517%7C11%7CMCAAMB-1744552517%7C6G1ynYcLPuiQxYZrsz_pkqfLG9yMXBpb2zX5dvJdYQJzPXImdj0y%7CMCCIDH%7C1062709688%7CMCOPTOUT-1743954917s%7CNONE%7CMCSYNCSOP%7C411-20192%7CvVersion%7C4.4.0
*********Cookie: _ga = GA1.1.756722784.1743947717
*********Cookie: _fbp = fb.2.1743947717850.989633815979319475
*********Cookie: at_check = true
*********Cookie: __lt__cid = 8ab9f955-daa2-493a-9ebd-c3019559e86f
*********Cookie: _gcl_au = 1.1.1249635313.1743947717
*********Cookie: AMCVS_B877A5DB584931AC0A495EAA%40AdobeOrg = 1
21:55:21.688 [Forwarding getCurrentUrl on session 20d0f439-72da-4ad4-ac25-ee9e6113fbaf to remote] DEBUG org.asynchttpclient.netty.request.NettyRequestSender -- Using pooled Channel '[id: 0xd850032e, L:/127.0.0.1:49363 - R:/127.0.0.1:4723]' for 'GET' to 'http://127.0.0.1:4723/session/20d0f439-72da-4ad4-ac25-ee9e6113fbaf/url'
21:55:21.688 [Forwarding getCurrentUrl on session 20d0f439-72da-4ad4-ac25-ee9e6113fbaf to remote] DEBUG org.asynchttpclient.netty.request.NettyRequestSender -- Using open Channel [id: 0xd850032e, L:/127.0.0.1:49363 - R:/127.0.0.1:4723] for GET '/session/20d0f439-72da-4ad4-ac25-ee9e6113fbaf/url'
21:55:21.702 [AsyncHttpClient-1-2] DEBUG org.asynchttpclient.netty.handler.HttpHandler -- 

Request DefaultFullHttpRequest(decodeResult: success, version: HTTP/1.1, content: EmptyByteBufBE)
GET /session/20d0f439-72da-4ad4-ac25-ee9e6113fbaf/url HTTP/1.1
Cache-Control: no-cache
User-Agent: appium/8.3.0 (selenium/4.8.3 (java mac))
Content-Type: application/json; charset=utf-8
host: 127.0.0.1:4723
accept: */*

Response DefaultHttpResponse(decodeResult: success, version: HTTP/1.1)
HTTP/1.1 200 OK
X-Powered-By: Express
Content-Type: application/json; charset=utf-8
Content-Length: 90
ETag: W/"5a-SVzTdoqQsw2ztnbhgzn9TDJ+oVM"
Date: Sun, 06 Apr 2025 13:55:21 GMT
Connection: keep-alive
Keep-Alive: timeout=600

21:55:21.703 [AsyncHttpClient-1-2] DEBUG org.asynchttpclient.netty.channel.ChannelManager -- Adding key: http://127.0.0.1:4723 for channel [id: 0xd850032e, L:/127.0.0.1:49363 - R:/127.0.0.1:4723]
21:55:21.703 [main] INFO com.cathay.test.tests.MortgageCalculatorTest -- 已開啟房貸試算頁面: https://www.cathaybk.com.tw/cathaybk/personal/loan/calculator/mortgage-budget/
21:55:21.704 [Forwarding findElement on session 20d0f439-72da-4ad4-ac25-ee9e6113fbaf to remote] DEBUG org.asynchttpclient.netty.request.NettyRequestSender -- Using pooled Channel '[id: 0xd850032e, L:/127.0.0.1:49363 - R:/127.0.0.1:4723]' for 'POST' to 'http://127.0.0.1:4723/session/20d0f439-72da-4ad4-ac25-ee9e6113fbaf/element'
21:55:21.704 [Forwarding findElement on session 20d0f439-72da-4ad4-ac25-ee9e6113fbaf to remote] DEBUG org.asynchttpclient.netty.request.NettyRequestSender -- Using open Channel [id: 0xd850032e, L:/127.0.0.1:49363 - R:/127.0.0.1:4723] for POST '/session/20d0f439-72da-4ad4-ac25-ee9e6113fbaf/element'
21:55:21.731 [AsyncHttpClient-1-2] DEBUG org.asynchttpclient.netty.handler.HttpHandler -- 

Request DefaultHttpRequest(decodeResult: success, version: HTTP/1.1)
POST /session/20d0f439-72da-4ad4-ac25-ee9e6113fbaf/element HTTP/1.1
User-Agent: appium/8.3.0 (selenium/4.8.3 (java mac))
Content-Length: 64
Content-Type: application/json; charset=utf-8
host: 127.0.0.1:4723
accept: */*

Response DefaultHttpResponse(decodeResult: success, version: HTTP/1.1)
HTTP/1.1 200 OK
X-Powered-By: Express
Vary: X-HTTP-Method-Override
Content-Type: application/json; charset=utf-8
Content-Length: 215
ETag: W/"d7-3V8cefEc+bQbYZsXDqZtg3y7IEU"
Date: Sun, 06 Apr 2025 13:55:21 GMT
Connection: keep-alive
Keep-Alive: timeout=600

21:55:21.731 [AsyncHttpClient-1-2] DEBUG org.asynchttpclient.netty.channel.ChannelManager -- Adding key: http://127.0.0.1:4723 for channel [id: 0xd850032e, L:/127.0.0.1:49363 - R:/127.0.0.1:4723]
21:55:21.732 [Forwarding executeScript on session 20d0f439-72da-4ad4-ac25-ee9e6113fbaf to remote] DEBUG org.asynchttpclient.netty.request.NettyRequestSender -- Using pooled Channel '[id: 0xd850032e, L:/127.0.0.1:49363 - R:/127.0.0.1:4723]' for 'POST' to 'http://127.0.0.1:4723/session/20d0f439-72da-4ad4-ac25-ee9e6113fbaf/execute/sync'
21:55:21.732 [Forwarding executeScript on session 20d0f439-72da-4ad4-ac25-ee9e6113fbaf to remote] DEBUG org.asynchttpclient.netty.request.NettyRequestSender -- Using open Channel [id: 0xd850032e, L:/127.0.0.1:49363 - R:/127.0.0.1:4723] for POST '/session/20d0f439-72da-4ad4-ac25-ee9e6113fbaf/execute/sync'
21:55:21.761 [AsyncHttpClient-1-2] DEBUG org.asynchttpclient.netty.handler.HttpHandler -- 

Request DefaultHttpRequest(decodeResult: success, version: HTTP/1.1)
POST /session/20d0f439-72da-4ad4-ac25-ee9e6113fbaf/execute/sync HTTP/1.1
User-Agent: appium/8.3.0 (selenium/4.8.3 (java mac))
Content-Length: 347
Content-Type: application/json; charset=utf-8
host: 127.0.0.1:4723
accept: */*

Response DefaultHttpResponse(decodeResult: success, version: HTTP/1.1)
HTTP/1.1 200 OK
X-Powered-By: Express
Vary: X-HTTP-Method-Override
Content-Type: application/json; charset=utf-8
Content-Length: 14
ETag: W/"e-9/1BuKMgFObM1mWJm+YjxtXJnUM"
Date: Sun, 06 Apr 2025 13:55:21 GMT
Connection: keep-alive
Keep-Alive: timeout=600

21:55:21.761 [AsyncHttpClient-1-2] DEBUG org.asynchttpclient.netty.channel.ChannelManager -- Adding key: http://127.0.0.1:4723 for channel [id: 0xd850032e, L:/127.0.0.1:49363 - R:/127.0.0.1:4723]
21:55:21.762 [Forwarding findElement on session 20d0f439-72da-4ad4-ac25-ee9e6113fbaf to remote] DEBUG org.asynchttpclient.netty.request.NettyRequestSender -- Using pooled Channel '[id: 0xd850032e, L:/127.0.0.1:49363 - R:/127.0.0.1:4723]' for 'POST' to 'http://127.0.0.1:4723/session/20d0f439-72da-4ad4-ac25-ee9e6113fbaf/element'
21:55:21.762 [Forwarding findElement on session 20d0f439-72da-4ad4-ac25-ee9e6113fbaf to remote] DEBUG org.asynchttpclient.netty.request.NettyRequestSender -- Using open Channel [id: 0xd850032e, L:/127.0.0.1:49363 - R:/127.0.0.1:4723] for POST '/session/20d0f439-72da-4ad4-ac25-ee9e6113fbaf/element'
21:55:21.787 [AsyncHttpClient-1-2] DEBUG org.asynchttpclient.netty.handler.HttpHandler -- 

Request DefaultHttpRequest(decodeResult: success, version: HTTP/1.1)
POST /session/20d0f439-72da-4ad4-ac25-ee9e6113fbaf/element HTTP/1.1
User-Agent: appium/8.3.0 (selenium/4.8.3 (java mac))
Content-Length: 64
Content-Type: application/json; charset=utf-8
host: 127.0.0.1:4723
accept: */*

Response DefaultHttpResponse(decodeResult: success, version: HTTP/1.1)
HTTP/1.1 200 OK
X-Powered-By: Express
Vary: X-HTTP-Method-Override
Content-Type: application/json; charset=utf-8
Content-Length: 215
ETag: W/"d7-PfB+9N+tY1F6l52I+/XsyBWUZG0"
Date: Sun, 06 Apr 2025 13:55:21 GMT
Connection: keep-alive
Keep-Alive: timeout=600

21:55:21.787 [AsyncHttpClient-1-2] DEBUG org.asynchttpclient.netty.channel.ChannelManager -- Adding key: http://127.0.0.1:4723 for channel [id: 0xd850032e, L:/127.0.0.1:49363 - R:/127.0.0.1:4723]
21:55:21.788 [Forwarding executeScript on session 20d0f439-72da-4ad4-ac25-ee9e6113fbaf to remote] DEBUG org.asynchttpclient.netty.request.NettyRequestSender -- Using pooled Channel '[id: 0xd850032e, L:/127.0.0.1:49363 - R:/127.0.0.1:4723]' for 'POST' to 'http://127.0.0.1:4723/session/20d0f439-72da-4ad4-ac25-ee9e6113fbaf/execute/sync'
21:55:21.788 [Forwarding executeScript on session 20d0f439-72da-4ad4-ac25-ee9e6113fbaf to remote] DEBUG org.asynchttpclient.netty.request.NettyRequestSender -- Using open Channel [id: 0xd850032e, L:/127.0.0.1:49363 - R:/127.0.0.1:4723] for POST '/session/20d0f439-72da-4ad4-ac25-ee9e6113fbaf/execute/sync'
21:55:21.810 [AsyncHttpClient-1-2] DEBUG org.asynchttpclient.netty.handler.HttpHandler -- 

Request DefaultHttpRequest(decodeResult: success, version: HTTP/1.1)
POST /session/20d0f439-72da-4ad4-ac25-ee9e6113fbaf/execute/sync HTTP/1.1
User-Agent: appium/8.3.0 (selenium/4.8.3 (java mac))
Content-Length: 347
Content-Type: application/json; charset=utf-8
host: 127.0.0.1:4723
accept: */*

Response DefaultHttpResponse(decodeResult: success, version: HTTP/1.1)
HTTP/1.1 200 OK
X-Powered-By: Express
Vary: X-HTTP-Method-Override
Content-Type: application/json; charset=utf-8
Content-Length: 14
ETag: W/"e-9/1BuKMgFObM1mWJm+YjxtXJnUM"
Date: Sun, 06 Apr 2025 13:55:21 GMT
Connection: keep-alive
Keep-Alive: timeout=600

21:55:21.810 [AsyncHttpClient-1-2] DEBUG org.asynchttpclient.netty.channel.ChannelManager -- Adding key: http://127.0.0.1:4723 for channel [id: 0xd850032e, L:/127.0.0.1:49363 - R:/127.0.0.1:4723]
21:55:21.812 [Forwarding findElement on session 20d0f439-72da-4ad4-ac25-ee9e6113fbaf to remote] DEBUG org.asynchttpclient.netty.request.NettyRequestSender -- Using pooled Channel '[id: 0xd850032e, L:/127.0.0.1:49363 - R:/127.0.0.1:4723]' for 'POST' to 'http://127.0.0.1:4723/session/20d0f439-72da-4ad4-ac25-ee9e6113fbaf/element'
21:55:21.812 [Forwarding findElement on session 20d0f439-72da-4ad4-ac25-ee9e6113fbaf to remote] DEBUG org.asynchttpclient.netty.request.NettyRequestSender -- Using open Channel [id: 0xd850032e, L:/127.0.0.1:49363 - R:/127.0.0.1:4723] for POST '/session/20d0f439-72da-4ad4-ac25-ee9e6113fbaf/element'
21:55:21.849 [AsyncHttpClient-1-2] DEBUG org.asynchttpclient.netty.handler.HttpHandler -- 

Request DefaultHttpRequest(decodeResult: success, version: HTTP/1.1)
POST /session/20d0f439-72da-4ad4-ac25-ee9e6113fbaf/element HTTP/1.1
User-Agent: appium/8.3.0 (selenium/4.8.3 (java mac))
Content-Length: 65
Content-Type: application/json; charset=utf-8
host: 127.0.0.1:4723
accept: */*

Response DefaultHttpResponse(decodeResult: success, version: HTTP/1.1)
HTTP/1.1 200 OK
X-Powered-By: Express
Vary: X-HTTP-Method-Override
Content-Type: application/json; charset=utf-8
Content-Length: 215
ETag: W/"d7-idJkzTx1FHpyYrGaSowfAYEGvd0"
Date: Sun, 06 Apr 2025 13:55:21 GMT
Connection: keep-alive
Keep-Alive: timeout=600

21:55:21.849 [AsyncHttpClient-1-2] DEBUG org.asynchttpclient.netty.channel.ChannelManager -- Adding key: http://127.0.0.1:4723 for channel [id: 0xd850032e, L:/127.0.0.1:49363 - R:/127.0.0.1:4723]
21:55:21.850 [Forwarding clearElement on session 20d0f439-72da-4ad4-ac25-ee9e6113fbaf to remote] DEBUG org.asynchttpclient.netty.request.NettyRequestSender -- Using pooled Channel '[id: 0xd850032e, L:/127.0.0.1:49363 - R:/127.0.0.1:4723]' for 'POST' to 'http://127.0.0.1:4723/session/20d0f439-72da-4ad4-ac25-ee9e6113fbaf/element/f.659B89141112BB6456E7180C3F0808E8.d.CCBCCDB69E42EFD2B67FAE2E0CDCC8F6.e.382/clear'
21:55:21.850 [Forwarding clearElement on session 20d0f439-72da-4ad4-ac25-ee9e6113fbaf to remote] DEBUG org.asynchttpclient.netty.request.NettyRequestSender -- Using open Channel [id: 0xd850032e, L:/127.0.0.1:49363 - R:/127.0.0.1:4723] for POST '/session/20d0f439-72da-4ad4-ac25-ee9e6113fbaf/element/f.659B89141112BB6456E7180C3F0808E8.d.CCBCCDB69E42EFD2B67FAE2E0CDCC8F6.e.382/clear'
21:55:21.945 [AsyncHttpClient-1-2] DEBUG org.asynchttpclient.netty.handler.HttpHandler -- 

Request DefaultHttpRequest(decodeResult: success, version: HTTP/1.1)
POST /session/20d0f439-72da-4ad4-ac25-ee9e6113fbaf/element/f.659B89141112BB6456E7180C3F0808E8.d.CCBCCDB69E42EFD2B67FAE2E0CDCC8F6.e.382/clear HTTP/1.1
User-Agent: appium/8.3.0 (selenium/4.8.3 (java mac))
Content-Length: 89
Content-Type: application/json; charset=utf-8
host: 127.0.0.1:4723
accept: */*

Response DefaultHttpResponse(decodeResult: success, version: HTTP/1.1)
HTTP/1.1 200 OK
X-Powered-By: Express
Vary: X-HTTP-Method-Override
Content-Type: application/json; charset=utf-8
Content-Length: 14
ETag: W/"e-9/1BuKMgFObM1mWJm+YjxtXJnUM"
Date: Sun, 06 Apr 2025 13:55:21 GMT
Connection: keep-alive
Keep-Alive: timeout=600

21:55:21.945 [AsyncHttpClient-1-2] DEBUG org.asynchttpclient.netty.channel.ChannelManager -- Adding key: http://127.0.0.1:4723 for channel [id: 0xd850032e, L:/127.0.0.1:49363 - R:/127.0.0.1:4723]
21:55:21.947 [Forwarding sendKeysToElement on session 20d0f439-72da-4ad4-ac25-ee9e6113fbaf to remote] DEBUG org.asynchttpclient.netty.request.NettyRequestSender -- Using pooled Channel '[id: 0xd850032e, L:/127.0.0.1:49363 - R:/127.0.0.1:4723]' for 'POST' to 'http://127.0.0.1:4723/session/20d0f439-72da-4ad4-ac25-ee9e6113fbaf/element/f.659B89141112BB6456E7180C3F0808E8.d.CCBCCDB69E42EFD2B67FAE2E0CDCC8F6.e.382/value'
21:55:21.947 [Forwarding sendKeysToElement on session 20d0f439-72da-4ad4-ac25-ee9e6113fbaf to remote] DEBUG org.asynchttpclient.netty.request.NettyRequestSender -- Using open Channel [id: 0xd850032e, L:/127.0.0.1:49363 - R:/127.0.0.1:4723] for POST '/session/20d0f439-72da-4ad4-ac25-ee9e6113fbaf/element/f.659B89141112BB6456E7180C3F0808E8.d.CCBCCDB69E42EFD2B67FAE2E0CDCC8F6.e.382/value'
21:55:22.265 [AsyncHttpClient-1-2] DEBUG org.asynchttpclient.netty.handler.HttpHandler -- 

Request DefaultHttpRequest(decodeResult: success, version: HTTP/1.1)
POST /session/20d0f439-72da-4ad4-ac25-ee9e6113fbaf/element/f.659B89141112BB6456E7180C3F0808E8.d.CCBCCDB69E42EFD2B67FAE2E0CDCC8F6.e.382/value HTTP/1.1
User-Agent: appium/8.3.0 (selenium/4.8.3 (java mac))
Content-Length: 130
Content-Type: application/json; charset=utf-8
host: 127.0.0.1:4723
accept: */*

Response DefaultHttpResponse(decodeResult: success, version: HTTP/1.1)
HTTP/1.1 200 OK
X-Powered-By: Express
Vary: X-HTTP-Method-Override
Content-Type: application/json; charset=utf-8
Content-Length: 14
ETag: W/"e-9/1BuKMgFObM1mWJm+YjxtXJnUM"
Date: Sun, 06 Apr 2025 13:55:22 GMT
Connection: keep-alive
Keep-Alive: timeout=600

21:55:22.265 [AsyncHttpClient-1-2] DEBUG org.asynchttpclient.netty.channel.ChannelManager -- Adding key: http://127.0.0.1:4723 for channel [id: 0xd850032e, L:/127.0.0.1:49363 - R:/127.0.0.1:4723]
21:55:22.266 [Forwarding findElement on session 20d0f439-72da-4ad4-ac25-ee9e6113fbaf to remote] DEBUG org.asynchttpclient.netty.request.NettyRequestSender -- Using pooled Channel '[id: 0xd850032e, L:/127.0.0.1:49363 - R:/127.0.0.1:4723]' for 'POST' to 'http://127.0.0.1:4723/session/20d0f439-72da-4ad4-ac25-ee9e6113fbaf/element'
21:55:22.266 [Forwarding findElement on session 20d0f439-72da-4ad4-ac25-ee9e6113fbaf to remote] DEBUG org.asynchttpclient.netty.request.NettyRequestSender -- Using open Channel [id: 0xd850032e, L:/127.0.0.1:49363 - R:/127.0.0.1:4723] for POST '/session/20d0f439-72da-4ad4-ac25-ee9e6113fbaf/element'
21:55:22.306 [AsyncHttpClient-1-2] DEBUG org.asynchttpclient.netty.handler.HttpHandler -- 

Request DefaultHttpRequest(decodeResult: success, version: HTTP/1.1)
POST /session/20d0f439-72da-4ad4-ac25-ee9e6113fbaf/element HTTP/1.1
User-Agent: appium/8.3.0 (selenium/4.8.3 (java mac))
Content-Length: 60
Content-Type: application/json; charset=utf-8
host: 127.0.0.1:4723
accept: */*

Response DefaultHttpResponse(decodeResult: success, version: HTTP/1.1)
HTTP/1.1 200 OK
X-Powered-By: Express
Vary: X-HTTP-Method-Override
Content-Type: application/json; charset=utf-8
Content-Length: 215
ETag: W/"d7-fjc56ck7LjtyWBkwd/CCxZD9cwI"
Date: Sun, 06 Apr 2025 13:55:22 GMT
Connection: keep-alive
Keep-Alive: timeout=600

21:55:22.306 [AsyncHttpClient-1-2] DEBUG org.asynchttpclient.netty.channel.ChannelManager -- Adding key: http://127.0.0.1:4723 for channel [id: 0xd850032e, L:/127.0.0.1:49363 - R:/127.0.0.1:4723]
21:55:22.307 [Forwarding isElementDisplayed on session 20d0f439-72da-4ad4-ac25-ee9e6113fbaf to remote] DEBUG org.asynchttpclient.netty.request.NettyRequestSender -- Using pooled Channel '[id: 0xd850032e, L:/127.0.0.1:49363 - R:/127.0.0.1:4723]' for 'GET' to 'http://127.0.0.1:4723/session/20d0f439-72da-4ad4-ac25-ee9e6113fbaf/element/f.659B89141112BB6456E7180C3F0808E8.d.CCBCCDB69E42EFD2B67FAE2E0CDCC8F6.e.387/displayed'
21:55:22.307 [Forwarding isElementDisplayed on session 20d0f439-72da-4ad4-ac25-ee9e6113fbaf to remote] DEBUG org.asynchttpclient.netty.request.NettyRequestSender -- Using open Channel [id: 0xd850032e, L:/127.0.0.1:49363 - R:/127.0.0.1:4723] for GET '/session/20d0f439-72da-4ad4-ac25-ee9e6113fbaf/element/f.659B89141112BB6456E7180C3F0808E8.d.CCBCCDB69E42EFD2B67FAE2E0CDCC8F6.e.387/displayed'
21:55:22.344 [AsyncHttpClient-1-2] DEBUG org.asynchttpclient.netty.handler.HttpHandler -- 

Request DefaultFullHttpRequest(decodeResult: success, version: HTTP/1.1, content: EmptyByteBufBE)
GET /session/20d0f439-72da-4ad4-ac25-ee9e6113fbaf/element/f.659B89141112BB6456E7180C3F0808E8.d.CCBCCDB69E42EFD2B67FAE2E0CDCC8F6.e.387/displayed HTTP/1.1
Cache-Control: no-cache
User-Agent: appium/8.3.0 (selenium/4.8.3 (java mac))
Content-Type: application/json; charset=utf-8
host: 127.0.0.1:4723
accept: */*

Response DefaultHttpResponse(decodeResult: success, version: HTTP/1.1)
HTTP/1.1 200 OK
X-Powered-By: Express
Content-Type: application/json; charset=utf-8
Content-Length: 14
ETag: W/"e-2ZHvAWebNQpyjGZTg6uyV8/spTo"
Date: Sun, 06 Apr 2025 13:55:22 GMT
Connection: keep-alive
Keep-Alive: timeout=600

21:55:22.345 [AsyncHttpClient-1-2] DEBUG org.asynchttpclient.netty.channel.ChannelManager -- Adding key: http://127.0.0.1:4723 for channel [id: 0xd850032e, L:/127.0.0.1:49363 - R:/127.0.0.1:4723]
21:55:22.345 [Forwarding isElementEnabled on session 20d0f439-72da-4ad4-ac25-ee9e6113fbaf to remote] DEBUG org.asynchttpclient.netty.request.NettyRequestSender -- Using pooled Channel '[id: 0xd850032e, L:/127.0.0.1:49363 - R:/127.0.0.1:4723]' for 'GET' to 'http://127.0.0.1:4723/session/20d0f439-72da-4ad4-ac25-ee9e6113fbaf/element/f.659B89141112BB6456E7180C3F0808E8.d.CCBCCDB69E42EFD2B67FAE2E0CDCC8F6.e.387/enabled'
21:55:22.345 [Forwarding isElementEnabled on session 20d0f439-72da-4ad4-ac25-ee9e6113fbaf to remote] DEBUG org.asynchttpclient.netty.request.NettyRequestSender -- Using open Channel [id: 0xd850032e, L:/127.0.0.1:49363 - R:/127.0.0.1:4723] for GET '/session/20d0f439-72da-4ad4-ac25-ee9e6113fbaf/element/f.659B89141112BB6456E7180C3F0808E8.d.CCBCCDB69E42EFD2B67FAE2E0CDCC8F6.e.387/enabled'
21:55:22.373 [AsyncHttpClient-1-2] DEBUG org.asynchttpclient.netty.handler.HttpHandler -- 

Request DefaultFullHttpRequest(decodeResult: success, version: HTTP/1.1, content: EmptyByteBufBE)
GET /session/20d0f439-72da-4ad4-ac25-ee9e6113fbaf/element/f.659B89141112BB6456E7180C3F0808E8.d.CCBCCDB69E42EFD2B67FAE2E0CDCC8F6.e.387/enabled HTTP/1.1
Cache-Control: no-cache
User-Agent: appium/8.3.0 (selenium/4.8.3 (java mac))
Content-Type: application/json; charset=utf-8
host: 127.0.0.1:4723
accept: */*

Response DefaultHttpResponse(decodeResult: success, version: HTTP/1.1)
HTTP/1.1 200 OK
X-Powered-By: Express
Content-Type: application/json; charset=utf-8
Content-Length: 14
ETag: W/"e-2ZHvAWebNQpyjGZTg6uyV8/spTo"
Date: Sun, 06 Apr 2025 13:55:22 GMT
Connection: keep-alive
Keep-Alive: timeout=600

21:55:22.373 [AsyncHttpClient-1-2] DEBUG org.asynchttpclient.netty.channel.ChannelManager -- Adding key: http://127.0.0.1:4723 for channel [id: 0xd850032e, L:/127.0.0.1:49363 - R:/127.0.0.1:4723]
21:55:22.374 [Forwarding clearElement on session 20d0f439-72da-4ad4-ac25-ee9e6113fbaf to remote] DEBUG org.asynchttpclient.netty.request.NettyRequestSender -- Using pooled Channel '[id: 0xd850032e, L:/127.0.0.1:49363 - R:/127.0.0.1:4723]' for 'POST' to 'http://127.0.0.1:4723/session/20d0f439-72da-4ad4-ac25-ee9e6113fbaf/element/f.659B89141112BB6456E7180C3F0808E8.d.CCBCCDB69E42EFD2B67FAE2E0CDCC8F6.e.387/clear'
21:55:22.374 [Forwarding clearElement on session 20d0f439-72da-4ad4-ac25-ee9e6113fbaf to remote] DEBUG org.asynchttpclient.netty.request.NettyRequestSender -- Using open Channel [id: 0xd850032e, L:/127.0.0.1:49363 - R:/127.0.0.1:4723] for POST '/session/20d0f439-72da-4ad4-ac25-ee9e6113fbaf/element/f.659B89141112BB6456E7180C3F0808E8.d.CCBCCDB69E42EFD2B67FAE2E0CDCC8F6.e.387/clear'
21:55:22.482 [AsyncHttpClient-1-2] DEBUG org.asynchttpclient.netty.handler.HttpHandler -- 

Request DefaultHttpRequest(decodeResult: success, version: HTTP/1.1)
POST /session/20d0f439-72da-4ad4-ac25-ee9e6113fbaf/element/f.659B89141112BB6456E7180C3F0808E8.d.CCBCCDB69E42EFD2B67FAE2E0CDCC8F6.e.387/clear HTTP/1.1
User-Agent: appium/8.3.0 (selenium/4.8.3 (java mac))
Content-Length: 89
Content-Type: application/json; charset=utf-8
host: 127.0.0.1:4723
accept: */*

Response DefaultHttpResponse(decodeResult: success, version: HTTP/1.1)
HTTP/1.1 200 OK
X-Powered-By: Express
Vary: X-HTTP-Method-Override
Content-Type: application/json; charset=utf-8
Content-Length: 14
ETag: W/"e-9/1BuKMgFObM1mWJm+YjxtXJnUM"
Date: Sun, 06 Apr 2025 13:55:22 GMT
Connection: keep-alive
Keep-Alive: timeout=600

21:55:22.482 [AsyncHttpClient-1-2] DEBUG org.asynchttpclient.netty.channel.ChannelManager -- Adding key: http://127.0.0.1:4723 for channel [id: 0xd850032e, L:/127.0.0.1:49363 - R:/127.0.0.1:4723]
21:55:22.483 [Forwarding sendKeysToElement on session 20d0f439-72da-4ad4-ac25-ee9e6113fbaf to remote] DEBUG org.asynchttpclient.netty.request.NettyRequestSender -- Using pooled Channel '[id: 0xd850032e, L:/127.0.0.1:49363 - R:/127.0.0.1:4723]' for 'POST' to 'http://127.0.0.1:4723/session/20d0f439-72da-4ad4-ac25-ee9e6113fbaf/element/f.659B89141112BB6456E7180C3F0808E8.d.CCBCCDB69E42EFD2B67FAE2E0CDCC8F6.e.387/value'
21:55:22.483 [Forwarding sendKeysToElement on session 20d0f439-72da-4ad4-ac25-ee9e6113fbaf to remote] DEBUG org.asynchttpclient.netty.request.NettyRequestSender -- Using open Channel [id: 0xd850032e, L:/127.0.0.1:49363 - R:/127.0.0.1:4723] for POST '/session/20d0f439-72da-4ad4-ac25-ee9e6113fbaf/element/f.659B89141112BB6456E7180C3F0808E8.d.CCBCCDB69E42EFD2B67FAE2E0CDCC8F6.e.387/value'
21:55:22.918 [AsyncHttpClient-1-2] DEBUG org.asynchttpclient.netty.handler.HttpHandler -- 

Request DefaultHttpRequest(decodeResult: success, version: HTTP/1.1)
POST /session/20d0f439-72da-4ad4-ac25-ee9e6113fbaf/element/f.659B89141112BB6456E7180C3F0808E8.d.CCBCCDB69E42EFD2B67FAE2E0CDCC8F6.e.387/value HTTP/1.1
User-Agent: appium/8.3.0 (selenium/4.8.3 (java mac))
Content-Length: 150
Content-Type: application/json; charset=utf-8
host: 127.0.0.1:4723
accept: */*

Response DefaultHttpResponse(decodeResult: success, version: HTTP/1.1)
HTTP/1.1 200 OK
X-Powered-By: Express
Vary: X-HTTP-Method-Override
Content-Type: application/json; charset=utf-8
Content-Length: 14
ETag: W/"e-9/1BuKMgFObM1mWJm+YjxtXJnUM"
Date: Sun, 06 Apr 2025 13:55:22 GMT
Connection: keep-alive
Keep-Alive: timeout=600

21:55:22.918 [AsyncHttpClient-1-2] DEBUG org.asynchttpclient.netty.channel.ChannelManager -- Adding key: http://127.0.0.1:4723 for channel [id: 0xd850032e, L:/127.0.0.1:49363 - R:/127.0.0.1:4723]
21:55:22.919 [Forwarding findElement on session 20d0f439-72da-4ad4-ac25-ee9e6113fbaf to remote] DEBUG org.asynchttpclient.netty.request.NettyRequestSender -- Using pooled Channel '[id: 0xd850032e, L:/127.0.0.1:49363 - R:/127.0.0.1:4723]' for 'POST' to 'http://127.0.0.1:4723/session/20d0f439-72da-4ad4-ac25-ee9e6113fbaf/element'
21:55:22.919 [Forwarding findElement on session 20d0f439-72da-4ad4-ac25-ee9e6113fbaf to remote] DEBUG org.asynchttpclient.netty.request.NettyRequestSender -- Using open Channel [id: 0xd850032e, L:/127.0.0.1:49363 - R:/127.0.0.1:4723] for POST '/session/20d0f439-72da-4ad4-ac25-ee9e6113fbaf/element'
21:55:22.960 [AsyncHttpClient-1-2] DEBUG org.asynchttpclient.netty.handler.HttpHandler -- 

Request DefaultHttpRequest(decodeResult: success, version: HTTP/1.1)
POST /session/20d0f439-72da-4ad4-ac25-ee9e6113fbaf/element HTTP/1.1
User-Agent: appium/8.3.0 (selenium/4.8.3 (java mac))
Content-Length: 57
Content-Type: application/json; charset=utf-8
host: 127.0.0.1:4723
accept: */*

Response DefaultHttpResponse(decodeResult: success, version: HTTP/1.1)
HTTP/1.1 200 OK
X-Powered-By: Express
Vary: X-HTTP-Method-Override
Content-Type: application/json; charset=utf-8
Content-Length: 215
ETag: W/"d7-CHi8t4p6X3kGuEZnBO4WlBOD61o"
Date: Sun, 06 Apr 2025 13:55:22 GMT
Connection: keep-alive
Keep-Alive: timeout=600

21:55:22.960 [AsyncHttpClient-1-2] DEBUG org.asynchttpclient.netty.channel.ChannelManager -- Adding key: http://127.0.0.1:4723 for channel [id: 0xd850032e, L:/127.0.0.1:49363 - R:/127.0.0.1:4723]
21:55:22.961 [Forwarding isElementDisplayed on session 20d0f439-72da-4ad4-ac25-ee9e6113fbaf to remote] DEBUG org.asynchttpclient.netty.request.NettyRequestSender -- Using pooled Channel '[id: 0xd850032e, L:/127.0.0.1:49363 - R:/127.0.0.1:4723]' for 'GET' to 'http://127.0.0.1:4723/session/20d0f439-72da-4ad4-ac25-ee9e6113fbaf/element/f.659B89141112BB6456E7180C3F0808E8.d.CCBCCDB69E42EFD2B67FAE2E0CDCC8F6.e.376/displayed'
21:55:22.962 [Forwarding isElementDisplayed on session 20d0f439-72da-4ad4-ac25-ee9e6113fbaf to remote] DEBUG org.asynchttpclient.netty.request.NettyRequestSender -- Using open Channel [id: 0xd850032e, L:/127.0.0.1:49363 - R:/127.0.0.1:4723] for GET '/session/20d0f439-72da-4ad4-ac25-ee9e6113fbaf/element/f.659B89141112BB6456E7180C3F0808E8.d.CCBCCDB69E42EFD2B67FAE2E0CDCC8F6.e.376/displayed'
21:55:22.988 [AsyncHttpClient-1-2] DEBUG org.asynchttpclient.netty.handler.HttpHandler -- 

Request DefaultFullHttpRequest(decodeResult: success, version: HTTP/1.1, content: EmptyByteBufBE)
GET /session/20d0f439-72da-4ad4-ac25-ee9e6113fbaf/element/f.659B89141112BB6456E7180C3F0808E8.d.CCBCCDB69E42EFD2B67FAE2E0CDCC8F6.e.376/displayed HTTP/1.1
Cache-Control: no-cache
User-Agent: appium/8.3.0 (selenium/4.8.3 (java mac))
Content-Type: application/json; charset=utf-8
host: 127.0.0.1:4723
accept: */*

Response DefaultHttpResponse(decodeResult: success, version: HTTP/1.1)
HTTP/1.1 200 OK
X-Powered-By: Express
Content-Type: application/json; charset=utf-8
Content-Length: 14
ETag: W/"e-2ZHvAWebNQpyjGZTg6uyV8/spTo"
Date: Sun, 06 Apr 2025 13:55:22 GMT
Connection: keep-alive
Keep-Alive: timeout=600

21:55:22.988 [AsyncHttpClient-1-2] DEBUG org.asynchttpclient.netty.channel.ChannelManager -- Adding key: http://127.0.0.1:4723 for channel [id: 0xd850032e, L:/127.0.0.1:49363 - R:/127.0.0.1:4723]
21:55:22.989 [Forwarding isElementEnabled on session 20d0f439-72da-4ad4-ac25-ee9e6113fbaf to remote] DEBUG org.asynchttpclient.netty.request.NettyRequestSender -- Using pooled Channel '[id: 0xd850032e, L:/127.0.0.1:49363 - R:/127.0.0.1:4723]' for 'GET' to 'http://127.0.0.1:4723/session/20d0f439-72da-4ad4-ac25-ee9e6113fbaf/element/f.659B89141112BB6456E7180C3F0808E8.d.CCBCCDB69E42EFD2B67FAE2E0CDCC8F6.e.376/enabled'
21:55:22.989 [Forwarding isElementEnabled on session 20d0f439-72da-4ad4-ac25-ee9e6113fbaf to remote] DEBUG org.asynchttpclient.netty.request.NettyRequestSender -- Using open Channel [id: 0xd850032e, L:/127.0.0.1:49363 - R:/127.0.0.1:4723] for GET '/session/20d0f439-72da-4ad4-ac25-ee9e6113fbaf/element/f.659B89141112BB6456E7180C3F0808E8.d.CCBCCDB69E42EFD2B67FAE2E0CDCC8F6.e.376/enabled'
21:55:23.020 [AsyncHttpClient-1-2] DEBUG org.asynchttpclient.netty.handler.HttpHandler -- 

Request DefaultFullHttpRequest(decodeResult: success, version: HTTP/1.1, content: EmptyByteBufBE)
GET /session/20d0f439-72da-4ad4-ac25-ee9e6113fbaf/element/f.659B89141112BB6456E7180C3F0808E8.d.CCBCCDB69E42EFD2B67FAE2E0CDCC8F6.e.376/enabled HTTP/1.1
Cache-Control: no-cache
User-Agent: appium/8.3.0 (selenium/4.8.3 (java mac))
Content-Type: application/json; charset=utf-8
host: 127.0.0.1:4723
accept: */*

Response DefaultHttpResponse(decodeResult: success, version: HTTP/1.1)
HTTP/1.1 200 OK
X-Powered-By: Express
Content-Type: application/json; charset=utf-8
Content-Length: 14
ETag: W/"e-2ZHvAWebNQpyjGZTg6uyV8/spTo"
Date: Sun, 06 Apr 2025 13:55:23 GMT
Connection: keep-alive
Keep-Alive: timeout=600

21:55:23.021 [AsyncHttpClient-1-2] DEBUG org.asynchttpclient.netty.channel.ChannelManager -- Adding key: http://127.0.0.1:4723 for channel [id: 0xd850032e, L:/127.0.0.1:49363 - R:/127.0.0.1:4723]
21:55:23.021 [Forwarding clickElement on session 20d0f439-72da-4ad4-ac25-ee9e6113fbaf to remote] DEBUG org.asynchttpclient.netty.request.NettyRequestSender -- Using pooled Channel '[id: 0xd850032e, L:/127.0.0.1:49363 - R:/127.0.0.1:4723]' for 'POST' to 'http://127.0.0.1:4723/session/20d0f439-72da-4ad4-ac25-ee9e6113fbaf/element/f.659B89141112BB6456E7180C3F0808E8.d.CCBCCDB69E42EFD2B67FAE2E0CDCC8F6.e.376/click'
21:55:23.021 [Forwarding clickElement on session 20d0f439-72da-4ad4-ac25-ee9e6113fbaf to remote] DEBUG org.asynchttpclient.netty.request.NettyRequestSender -- Using open Channel [id: 0xd850032e, L:/127.0.0.1:49363 - R:/127.0.0.1:4723] for POST '/session/20d0f439-72da-4ad4-ac25-ee9e6113fbaf/element/f.659B89141112BB6456E7180C3F0808E8.d.CCBCCDB69E42EFD2B67FAE2E0CDCC8F6.e.376/click'
21:55:23.358 [AsyncHttpClient-1-2] DEBUG org.asynchttpclient.netty.handler.HttpHandler -- 

Request DefaultHttpRequest(decodeResult: success, version: HTTP/1.1)
POST /session/20d0f439-72da-4ad4-ac25-ee9e6113fbaf/element/f.659B89141112BB6456E7180C3F0808E8.d.CCBCCDB69E42EFD2B67FAE2E0CDCC8F6.e.376/click HTTP/1.1
User-Agent: appium/8.3.0 (selenium/4.8.3 (java mac))
Content-Length: 89
Content-Type: application/json; charset=utf-8
host: 127.0.0.1:4723
accept: */*

Response DefaultHttpResponse(decodeResult: success, version: HTTP/1.1)
HTTP/1.1 200 OK
X-Powered-By: Express
Vary: X-HTTP-Method-Override
Content-Type: application/json; charset=utf-8
Content-Length: 14
ETag: W/"e-9/1BuKMgFObM1mWJm+YjxtXJnUM"
Date: Sun, 06 Apr 2025 13:55:23 GMT
Connection: keep-alive
Keep-Alive: timeout=600

21:55:23.359 [AsyncHttpClient-1-2] DEBUG org.asynchttpclient.netty.channel.ChannelManager -- Adding key: http://127.0.0.1:4723 for channel [id: 0xd850032e, L:/127.0.0.1:49363 - R:/127.0.0.1:4723]
21:55:23.400 [AsyncHttpClient-1-1] DEBUG org.asynchttpclient.netty.channel.DefaultChannelPool -- Entry count for : http://127.0.0.1:4723 : 1
21:55:23.662 [Forwarding findElement on session 20d0f439-72da-4ad4-ac25-ee9e6113fbaf to remote] DEBUG org.asynchttpclient.netty.request.NettyRequestSender -- Using pooled Channel '[id: 0xd850032e, L:/127.0.0.1:49363 - R:/127.0.0.1:4723]' for 'POST' to 'http://127.0.0.1:4723/session/20d0f439-72da-4ad4-ac25-ee9e6113fbaf/element'
21:55:23.662 [Forwarding findElement on session 20d0f439-72da-4ad4-ac25-ee9e6113fbaf to remote] DEBUG org.asynchttpclient.netty.request.NettyRequestSender -- Using open Channel [id: 0xd850032e, L:/127.0.0.1:49363 - R:/127.0.0.1:4723] for POST '/session/20d0f439-72da-4ad4-ac25-ee9e6113fbaf/element'
21:55:23.693 [AsyncHttpClient-1-2] DEBUG org.asynchttpclient.netty.handler.HttpHandler -- 

Request DefaultHttpRequest(decodeResult: success, version: HTTP/1.1)
POST /session/20d0f439-72da-4ad4-ac25-ee9e6113fbaf/element HTTP/1.1
User-Agent: appium/8.3.0 (selenium/4.8.3 (java mac))
Content-Length: 66
Content-Type: application/json; charset=utf-8
host: 127.0.0.1:4723
accept: */*

Response DefaultHttpResponse(decodeResult: success, version: HTTP/1.1)
HTTP/1.1 200 OK
X-Powered-By: Express
Vary: X-HTTP-Method-Override
Content-Type: application/json; charset=utf-8
Content-Length: 215
ETag: W/"d7-NduUPdAqgWotbBZK4W1LalkRXGw"
Date: Sun, 06 Apr 2025 13:55:23 GMT
Connection: keep-alive
Keep-Alive: timeout=600

21:55:23.693 [AsyncHttpClient-1-2] DEBUG org.asynchttpclient.netty.channel.ChannelManager -- Adding key: http://127.0.0.1:4723 for channel [id: 0xd850032e, L:/127.0.0.1:49363 - R:/127.0.0.1:4723]
21:55:23.694 [Forwarding findElement on session 20d0f439-72da-4ad4-ac25-ee9e6113fbaf to remote] DEBUG org.asynchttpclient.netty.request.NettyRequestSender -- Using pooled Channel '[id: 0xd850032e, L:/127.0.0.1:49363 - R:/127.0.0.1:4723]' for 'POST' to 'http://127.0.0.1:4723/session/20d0f439-72da-4ad4-ac25-ee9e6113fbaf/element'
21:55:23.694 [Forwarding findElement on session 20d0f439-72da-4ad4-ac25-ee9e6113fbaf to remote] DEBUG org.asynchttpclient.netty.request.NettyRequestSender -- Using open Channel [id: 0xd850032e, L:/127.0.0.1:49363 - R:/127.0.0.1:4723] for POST '/session/20d0f439-72da-4ad4-ac25-ee9e6113fbaf/element'
21:55:23.726 [AsyncHttpClient-1-2] DEBUG org.asynchttpclient.netty.handler.HttpHandler -- 

Request DefaultHttpRequest(decodeResult: success, version: HTTP/1.1)
POST /session/20d0f439-72da-4ad4-ac25-ee9e6113fbaf/element HTTP/1.1
User-Agent: appium/8.3.0 (selenium/4.8.3 (java mac))
Content-Length: 69
Content-Type: application/json; charset=utf-8
host: 127.0.0.1:4723
accept: */*

Response DefaultHttpResponse(decodeResult: success, version: HTTP/1.1)
HTTP/1.1 200 OK
X-Powered-By: Express
Vary: X-HTTP-Method-Override
Content-Type: application/json; charset=utf-8
Content-Length: 215
ETag: W/"d7-iQnHuBO0rMYhj/f/1r/+dn9OMwg"
Date: Sun, 06 Apr 2025 13:55:23 GMT
Connection: keep-alive
Keep-Alive: timeout=600

21:55:23.727 [AsyncHttpClient-1-2] DEBUG org.asynchttpclient.netty.channel.ChannelManager -- Adding key: http://127.0.0.1:4723 for channel [id: 0xd850032e, L:/127.0.0.1:49363 - R:/127.0.0.1:4723]
21:55:23.727 [Forwarding getElementText on session 20d0f439-72da-4ad4-ac25-ee9e6113fbaf to remote] DEBUG org.asynchttpclient.netty.request.NettyRequestSender -- Using pooled Channel '[id: 0xd850032e, L:/127.0.0.1:49363 - R:/127.0.0.1:4723]' for 'GET' to 'http://127.0.0.1:4723/session/20d0f439-72da-4ad4-ac25-ee9e6113fbaf/element/f.659B89141112BB6456E7180C3F0808E8.d.CCBCCDB69E42EFD2B67FAE2E0CDCC8F6.e.430/text'
21:55:23.727 [Forwarding getElementText on session 20d0f439-72da-4ad4-ac25-ee9e6113fbaf to remote] DEBUG org.asynchttpclient.netty.request.NettyRequestSender -- Using open Channel [id: 0xd850032e, L:/127.0.0.1:49363 - R:/127.0.0.1:4723] for GET '/session/20d0f439-72da-4ad4-ac25-ee9e6113fbaf/element/f.659B89141112BB6456E7180C3F0808E8.d.CCBCCDB69E42EFD2B67FAE2E0CDCC8F6.e.430/text'
21:55:23.773 [AsyncHttpClient-1-2] DEBUG org.asynchttpclient.netty.handler.HttpHandler -- 

Request DefaultFullHttpRequest(decodeResult: success, version: HTTP/1.1, content: EmptyByteBufBE)
GET /session/20d0f439-72da-4ad4-ac25-ee9e6113fbaf/element/f.659B89141112BB6456E7180C3F0808E8.d.CCBCCDB69E42EFD2B67FAE2E0CDCC8F6.e.430/text HTTP/1.1
Cache-Control: no-cache
User-Agent: appium/8.3.0 (selenium/4.8.3 (java mac))
Content-Type: application/json; charset=utf-8
host: 127.0.0.1:4723
accept: */*

Response DefaultHttpResponse(decodeResult: success, version: HTTP/1.1)
HTTP/1.1 200 OK
X-Powered-By: Express
Content-Type: application/json; charset=utf-8
Content-Length: 16
ETag: W/"10-a/p2KHKx5Iv6ze67SQmfyX59Q1I"
Date: Sun, 06 Apr 2025 13:55:23 GMT
Connection: keep-alive
Keep-Alive: timeout=600

21:55:23.773 [AsyncHttpClient-1-2] DEBUG org.asynchttpclient.netty.channel.ChannelManager -- Adding key: http://127.0.0.1:4723 for channel [id: 0xd850032e, L:/127.0.0.1:49363 - R:/127.0.0.1:4723]
21:55:23.774 [Forwarding getElementText on session 20d0f439-72da-4ad4-ac25-ee9e6113fbaf to remote] DEBUG org.asynchttpclient.netty.request.NettyRequestSender -- Using pooled Channel '[id: 0xd850032e, L:/127.0.0.1:49363 - R:/127.0.0.1:4723]' for 'GET' to 'http://127.0.0.1:4723/session/20d0f439-72da-4ad4-ac25-ee9e6113fbaf/element/f.659B89141112BB6456E7180C3F0808E8.d.CCBCCDB69E42EFD2B67FAE2E0CDCC8F6.e.431/text'
21:55:23.774 [Forwarding getElementText on session 20d0f439-72da-4ad4-ac25-ee9e6113fbaf to remote] DEBUG org.asynchttpclient.netty.request.NettyRequestSender -- Using open Channel [id: 0xd850032e, L:/127.0.0.1:49363 - R:/127.0.0.1:4723] for GET '/session/20d0f439-72da-4ad4-ac25-ee9e6113fbaf/element/f.659B89141112BB6456E7180C3F0808E8.d.CCBCCDB69E42EFD2B67FAE2E0CDCC8F6.e.431/text'
21:55:23.806 [AsyncHttpClient-1-2] DEBUG org.asynchttpclient.netty.handler.HttpHandler -- 

Request DefaultFullHttpRequest(decodeResult: success, version: HTTP/1.1, content: EmptyByteBufBE)
GET /session/20d0f439-72da-4ad4-ac25-ee9e6113fbaf/element/f.659B89141112BB6456E7180C3F0808E8.d.CCBCCDB69E42EFD2B67FAE2E0CDCC8F6.e.431/text HTTP/1.1
Cache-Control: no-cache
User-Agent: appium/8.3.0 (selenium/4.8.3 (java mac))
Content-Type: application/json; charset=utf-8
host: 127.0.0.1:4723
accept: */*

Response DefaultHttpResponse(decodeResult: success, version: HTTP/1.1)
HTTP/1.1 200 OK
X-Powered-By: Express
Content-Type: application/json; charset=utf-8
Content-Length: 18
ETag: W/"12-Ud8uIwnIJKdfUlxGYRDm6N6BtQY"
Date: Sun, 06 Apr 2025 13:55:23 GMT
Connection: keep-alive
Keep-Alive: timeout=600

21:55:23.806 [AsyncHttpClient-1-2] DEBUG org.asynchttpclient.netty.channel.ChannelManager -- Adding key: http://127.0.0.1:4723 for channel [id: 0xd850032e, L:/127.0.0.1:49363 - R:/127.0.0.1:4723]
21:55:23.807 [main] INFO com.cathay.test.tests.MortgageCalculatorTest -- 顯示貸款總額與購屋總價成功
21:55:23.809 [Forwarding getElementTagName on session 20d0f439-72da-4ad4-ac25-ee9e6113fbaf to remote] DEBUG org.asynchttpclient.netty.request.NettyRequestSender -- Using pooled Channel '[id: 0xd850032e, L:/127.0.0.1:49363 - R:/127.0.0.1:4723]' for 'GET' to 'http://127.0.0.1:4723/session/20d0f439-72da-4ad4-ac25-ee9e6113fbaf/element/f.659B89141112BB6456E7180C3F0808E8.d.CCBCCDB69E42EFD2B67FAE2E0CDCC8F6.e.380/name'
21:55:23.809 [Forwarding getElementTagName on session 20d0f439-72da-4ad4-ac25-ee9e6113fbaf to remote] DEBUG org.asynchttpclient.netty.request.NettyRequestSender -- Using open Channel [id: 0xd850032e, L:/127.0.0.1:49363 - R:/127.0.0.1:4723] for GET '/session/20d0f439-72da-4ad4-ac25-ee9e6113fbaf/element/f.659B89141112BB6456E7180C3F0808E8.d.CCBCCDB69E42EFD2B67FAE2E0CDCC8F6.e.380/name'
21:55:23.842 [AsyncHttpClient-1-2] DEBUG org.asynchttpclient.netty.handler.HttpHandler -- 

Request DefaultFullHttpRequest(decodeResult: success, version: HTTP/1.1, content: EmptyByteBufBE)
GET /session/20d0f439-72da-4ad4-ac25-ee9e6113fbaf/element/f.659B89141112BB6456E7180C3F0808E8.d.CCBCCDB69E42EFD2B67FAE2E0CDCC8F6.e.380/name HTTP/1.1
Cache-Control: no-cache
User-Agent: appium/8.3.0 (selenium/4.8.3 (java mac))
Content-Type: application/json; charset=utf-8
host: 127.0.0.1:4723
accept: */*

Response DefaultHttpResponse(decodeResult: success, version: HTTP/1.1)
HTTP/1.1 200 OK
X-Powered-By: Express
Content-Type: application/json; charset=utf-8
Content-Length: 18
ETag: W/"12-ceOgoOCjDdl6f9shBpqJtH3AU6Q"
Date: Sun, 06 Apr 2025 13:55:23 GMT
Connection: keep-alive
Keep-Alive: timeout=600

21:55:23.842 [AsyncHttpClient-1-2] DEBUG org.asynchttpclient.netty.channel.ChannelManager -- Adding key: http://127.0.0.1:4723 for channel [id: 0xd850032e, L:/127.0.0.1:49363 - R:/127.0.0.1:4723]
21:55:23.842 [Forwarding getElementDomAttribute on session 20d0f439-72da-4ad4-ac25-ee9e6113fbaf to remote] DEBUG org.asynchttpclient.netty.request.NettyRequestSender -- Using pooled Channel '[id: 0xd850032e, L:/127.0.0.1:49363 - R:/127.0.0.1:4723]' for 'GET' to 'http://127.0.0.1:4723/session/20d0f439-72da-4ad4-ac25-ee9e6113fbaf/element/f.659B89141112BB6456E7180C3F0808E8.d.CCBCCDB69E42EFD2B67FAE2E0CDCC8F6.e.380/attribute/multiple'
21:55:23.842 [Forwarding getElementDomAttribute on session 20d0f439-72da-4ad4-ac25-ee9e6113fbaf to remote] DEBUG org.asynchttpclient.netty.request.NettyRequestSender -- Using open Channel [id: 0xd850032e, L:/127.0.0.1:49363 - R:/127.0.0.1:4723] for GET '/session/20d0f439-72da-4ad4-ac25-ee9e6113fbaf/element/f.659B89141112BB6456E7180C3F0808E8.d.CCBCCDB69E42EFD2B67FAE2E0CDCC8F6.e.380/attribute/multiple'
21:55:23.878 [AsyncHttpClient-1-2] DEBUG org.asynchttpclient.netty.handler.HttpHandler -- 

Request DefaultFullHttpRequest(decodeResult: success, version: HTTP/1.1, content: EmptyByteBufBE)
GET /session/20d0f439-72da-4ad4-ac25-ee9e6113fbaf/element/f.659B89141112BB6456E7180C3F0808E8.d.CCBCCDB69E42EFD2B67FAE2E0CDCC8F6.e.380/attribute/multiple HTTP/1.1
Cache-Control: no-cache
User-Agent: appium/8.3.0 (selenium/4.8.3 (java mac))
Content-Type: application/json; charset=utf-8
host: 127.0.0.1:4723
accept: */*

Response DefaultHttpResponse(decodeResult: success, version: HTTP/1.1)
HTTP/1.1 200 OK
X-Powered-By: Express
Content-Type: application/json; charset=utf-8
Content-Length: 14
ETag: W/"e-9/1BuKMgFObM1mWJm+YjxtXJnUM"
Date: Sun, 06 Apr 2025 13:55:23 GMT
Connection: keep-alive
Keep-Alive: timeout=600

21:55:23.878 [AsyncHttpClient-1-2] DEBUG org.asynchttpclient.netty.channel.ChannelManager -- Adding key: http://127.0.0.1:4723 for channel [id: 0xd850032e, L:/127.0.0.1:49363 - R:/127.0.0.1:4723]
21:55:23.878 [Forwarding getElementTagName on session 20d0f439-72da-4ad4-ac25-ee9e6113fbaf to remote] DEBUG org.asynchttpclient.netty.request.NettyRequestSender -- Using pooled Channel '[id: 0xd850032e, L:/127.0.0.1:49363 - R:/127.0.0.1:4723]' for 'GET' to 'http://127.0.0.1:4723/session/20d0f439-72da-4ad4-ac25-ee9e6113fbaf/element/f.659B89141112BB6456E7180C3F0808E8.d.CCBCCDB69E42EFD2B67FAE2E0CDCC8F6.e.381/name'
21:55:23.878 [Forwarding getElementTagName on session 20d0f439-72da-4ad4-ac25-ee9e6113fbaf to remote] DEBUG org.asynchttpclient.netty.request.NettyRequestSender -- Using open Channel [id: 0xd850032e, L:/127.0.0.1:49363 - R:/127.0.0.1:4723] for GET '/session/20d0f439-72da-4ad4-ac25-ee9e6113fbaf/element/f.659B89141112BB6456E7180C3F0808E8.d.CCBCCDB69E42EFD2B67FAE2E0CDCC8F6.e.381/name'
21:55:23.903 [AsyncHttpClient-1-2] DEBUG org.asynchttpclient.netty.handler.HttpHandler -- 

Request DefaultFullHttpRequest(decodeResult: success, version: HTTP/1.1, content: EmptyByteBufBE)
GET /session/20d0f439-72da-4ad4-ac25-ee9e6113fbaf/element/f.659B89141112BB6456E7180C3F0808E8.d.CCBCCDB69E42EFD2B67FAE2E0CDCC8F6.e.381/name HTTP/1.1
Cache-Control: no-cache
User-Agent: appium/8.3.0 (selenium/4.8.3 (java mac))
Content-Type: application/json; charset=utf-8
host: 127.0.0.1:4723
accept: */*

Response DefaultHttpResponse(decodeResult: success, version: HTTP/1.1)
HTTP/1.1 200 OK
X-Powered-By: Express
Content-Type: application/json; charset=utf-8
Content-Length: 18
ETag: W/"12-ceOgoOCjDdl6f9shBpqJtH3AU6Q"
Date: Sun, 06 Apr 2025 13:55:23 GMT
Connection: keep-alive
Keep-Alive: timeout=600

21:55:23.903 [AsyncHttpClient-1-2] DEBUG org.asynchttpclient.netty.channel.ChannelManager -- Adding key: http://127.0.0.1:4723 for channel [id: 0xd850032e, L:/127.0.0.1:49363 - R:/127.0.0.1:4723]
21:55:23.904 [Forwarding getElementDomAttribute on session 20d0f439-72da-4ad4-ac25-ee9e6113fbaf to remote] DEBUG org.asynchttpclient.netty.request.NettyRequestSender -- Using pooled Channel '[id: 0xd850032e, L:/127.0.0.1:49363 - R:/127.0.0.1:4723]' for 'GET' to 'http://127.0.0.1:4723/session/20d0f439-72da-4ad4-ac25-ee9e6113fbaf/element/f.659B89141112BB6456E7180C3F0808E8.d.CCBCCDB69E42EFD2B67FAE2E0CDCC8F6.e.381/attribute/multiple'
21:55:23.904 [Forwarding getElementDomAttribute on session 20d0f439-72da-4ad4-ac25-ee9e6113fbaf to remote] DEBUG org.asynchttpclient.netty.request.NettyRequestSender -- Using open Channel [id: 0xd850032e, L:/127.0.0.1:49363 - R:/127.0.0.1:4723] for GET '/session/20d0f439-72da-4ad4-ac25-ee9e6113fbaf/element/f.659B89141112BB6456E7180C3F0808E8.d.CCBCCDB69E42EFD2B67FAE2E0CDCC8F6.e.381/attribute/multiple'
21:55:23.933 [AsyncHttpClient-1-2] DEBUG org.asynchttpclient.netty.handler.HttpHandler -- 

Request DefaultFullHttpRequest(decodeResult: success, version: HTTP/1.1, content: EmptyByteBufBE)
GET /session/20d0f439-72da-4ad4-ac25-ee9e6113fbaf/element/f.659B89141112BB6456E7180C3F0808E8.d.CCBCCDB69E42EFD2B67FAE2E0CDCC8F6.e.381/attribute/multiple HTTP/1.1
Cache-Control: no-cache
User-Agent: appium/8.3.0 (selenium/4.8.3 (java mac))
Content-Type: application/json; charset=utf-8
host: 127.0.0.1:4723
accept: */*

Response DefaultHttpResponse(decodeResult: success, version: HTTP/1.1)
HTTP/1.1 200 OK
X-Powered-By: Express
Content-Type: application/json; charset=utf-8
Content-Length: 14
ETag: W/"e-9/1BuKMgFObM1mWJm+YjxtXJnUM"
Date: Sun, 06 Apr 2025 13:55:23 GMT
Connection: keep-alive
Keep-Alive: timeout=600

21:55:23.934 [AsyncHttpClient-1-2] DEBUG org.asynchttpclient.netty.channel.ChannelManager -- Adding key: http://127.0.0.1:4723 for channel [id: 0xd850032e, L:/127.0.0.1:49363 - R:/127.0.0.1:4723]
21:55:23.934 [Forwarding findChildElements on session 20d0f439-72da-4ad4-ac25-ee9e6113fbaf to remote] DEBUG org.asynchttpclient.netty.request.NettyRequestSender -- Using pooled Channel '[id: 0xd850032e, L:/127.0.0.1:49363 - R:/127.0.0.1:4723]' for 'POST' to 'http://127.0.0.1:4723/session/20d0f439-72da-4ad4-ac25-ee9e6113fbaf/element/f.659B89141112BB6456E7180C3F0808E8.d.CCBCCDB69E42EFD2B67FAE2E0CDCC8F6.e.380/elements'
21:55:23.934 [Forwarding findChildElements on session 20d0f439-72da-4ad4-ac25-ee9e6113fbaf to remote] DEBUG org.asynchttpclient.netty.request.NettyRequestSender -- Using open Channel [id: 0xd850032e, L:/127.0.0.1:49363 - R:/127.0.0.1:4723] for POST '/session/20d0f439-72da-4ad4-ac25-ee9e6113fbaf/element/f.659B89141112BB6456E7180C3F0808E8.d.CCBCCDB69E42EFD2B67FAE2E0CDCC8F6.e.380/elements'
21:55:23.974 [AsyncHttpClient-1-2] DEBUG org.asynchttpclient.netty.handler.HttpHandler -- 

Request DefaultHttpRequest(decodeResult: success, version: HTTP/1.1)
POST /session/20d0f439-72da-4ad4-ac25-ee9e6113fbaf/element/f.659B89141112BB6456E7180C3F0808E8.d.CCBCCDB69E42EFD2B67FAE2E0CDCC8F6.e.380/elements HTTP/1.1
User-Agent: appium/8.3.0 (selenium/4.8.3 (java mac))
Content-Length: 133
Content-Type: application/json; charset=utf-8
host: 127.0.0.1:4723
accept: */*

Response DefaultHttpResponse(decodeResult: success, version: HTTP/1.1)
HTTP/1.1 200 OK
X-Powered-By: Express
Vary: X-HTTP-Method-Override
Content-Type: application/json; charset=utf-8
Content-Length: 4543
ETag: W/"11bf-Ccf0P0FpxtV4dvlXZL0ytVj+sY8"
Date: Sun, 06 Apr 2025 13:55:23 GMT
Connection: keep-alive
Keep-Alive: timeout=600

21:55:23.975 [AsyncHttpClient-1-2] DEBUG org.asynchttpclient.netty.channel.ChannelManager -- Adding key: http://127.0.0.1:4723 for channel [id: 0xd850032e, L:/127.0.0.1:49363 - R:/127.0.0.1:4723]
21:55:23.977 [Forwarding isElementSelected on session 20d0f439-72da-4ad4-ac25-ee9e6113fbaf to remote] DEBUG org.asynchttpclient.netty.request.NettyRequestSender -- Using pooled Channel '[id: 0xd850032e, L:/127.0.0.1:49363 - R:/127.0.0.1:4723]' for 'GET' to 'http://127.0.0.1:4723/session/20d0f439-72da-4ad4-ac25-ee9e6113fbaf/element/f.659B89141112BB6456E7180C3F0808E8.d.CCBCCDB69E42EFD2B67FAE2E0CDCC8F6.e.434/selected'
21:55:23.977 [Forwarding isElementSelected on session 20d0f439-72da-4ad4-ac25-ee9e6113fbaf to remote] DEBUG org.asynchttpclient.netty.request.NettyRequestSender -- Using open Channel [id: 0xd850032e, L:/127.0.0.1:49363 - R:/127.0.0.1:4723] for GET '/session/20d0f439-72da-4ad4-ac25-ee9e6113fbaf/element/f.659B89141112BB6456E7180C3F0808E8.d.CCBCCDB69E42EFD2B67FAE2E0CDCC8F6.e.434/selected'
21:55:24.005 [AsyncHttpClient-1-2] DEBUG org.asynchttpclient.netty.handler.HttpHandler -- 

Request DefaultFullHttpRequest(decodeResult: success, version: HTTP/1.1, content: EmptyByteBufBE)
GET /session/20d0f439-72da-4ad4-ac25-ee9e6113fbaf/element/f.659B89141112BB6456E7180C3F0808E8.d.CCBCCDB69E42EFD2B67FAE2E0CDCC8F6.e.434/selected HTTP/1.1
Cache-Control: no-cache
User-Agent: appium/8.3.0 (selenium/4.8.3 (java mac))
Content-Type: application/json; charset=utf-8
host: 127.0.0.1:4723
accept: */*

Response DefaultHttpResponse(decodeResult: success, version: HTTP/1.1)
HTTP/1.1 200 OK
X-Powered-By: Express
Content-Type: application/json; charset=utf-8
Content-Length: 15
ETag: W/"f-wDOCiKvTD3LNZdrYODNEjzRfePo"
Date: Sun, 06 Apr 2025 13:55:24 GMT
Connection: keep-alive
Keep-Alive: timeout=600

21:55:24.006 [AsyncHttpClient-1-2] DEBUG org.asynchttpclient.netty.channel.ChannelManager -- Adding key: http://127.0.0.1:4723 for channel [id: 0xd850032e, L:/127.0.0.1:49363 - R:/127.0.0.1:4723]
21:55:24.006 [Forwarding isElementSelected on session 20d0f439-72da-4ad4-ac25-ee9e6113fbaf to remote] DEBUG org.asynchttpclient.netty.request.NettyRequestSender -- Using pooled Channel '[id: 0xd850032e, L:/127.0.0.1:49363 - R:/127.0.0.1:4723]' for 'GET' to 'http://127.0.0.1:4723/session/20d0f439-72da-4ad4-ac25-ee9e6113fbaf/element/f.659B89141112BB6456E7180C3F0808E8.d.CCBCCDB69E42EFD2B67FAE2E0CDCC8F6.e.436/selected'
21:55:24.006 [Forwarding isElementSelected on session 20d0f439-72da-4ad4-ac25-ee9e6113fbaf to remote] DEBUG org.asynchttpclient.netty.request.NettyRequestSender -- Using open Channel [id: 0xd850032e, L:/127.0.0.1:49363 - R:/127.0.0.1:4723] for GET '/session/20d0f439-72da-4ad4-ac25-ee9e6113fbaf/element/f.659B89141112BB6456E7180C3F0808E8.d.CCBCCDB69E42EFD2B67FAE2E0CDCC8F6.e.436/selected'
21:55:24.030 [AsyncHttpClient-1-2] DEBUG org.asynchttpclient.netty.handler.HttpHandler -- 

Request DefaultFullHttpRequest(decodeResult: success, version: HTTP/1.1, content: EmptyByteBufBE)
GET /session/20d0f439-72da-4ad4-ac25-ee9e6113fbaf/element/f.659B89141112BB6456E7180C3F0808E8.d.CCBCCDB69E42EFD2B67FAE2E0CDCC8F6.e.436/selected HTTP/1.1
Cache-Control: no-cache
User-Agent: appium/8.3.0 (selenium/4.8.3 (java mac))
Content-Type: application/json; charset=utf-8
host: 127.0.0.1:4723
accept: */*

Response DefaultHttpResponse(decodeResult: success, version: HTTP/1.1)
HTTP/1.1 200 OK
X-Powered-By: Express
Content-Type: application/json; charset=utf-8
Content-Length: 15
ETag: W/"f-wDOCiKvTD3LNZdrYODNEjzRfePo"
Date: Sun, 06 Apr 2025 13:55:24 GMT
Connection: keep-alive
Keep-Alive: timeout=600

21:55:24.030 [AsyncHttpClient-1-2] DEBUG org.asynchttpclient.netty.channel.ChannelManager -- Adding key: http://127.0.0.1:4723 for channel [id: 0xd850032e, L:/127.0.0.1:49363 - R:/127.0.0.1:4723]
21:55:24.031 [Forwarding isElementSelected on session 20d0f439-72da-4ad4-ac25-ee9e6113fbaf to remote] DEBUG org.asynchttpclient.netty.request.NettyRequestSender -- Using pooled Channel '[id: 0xd850032e, L:/127.0.0.1:49363 - R:/127.0.0.1:4723]' for 'GET' to 'http://127.0.0.1:4723/session/20d0f439-72da-4ad4-ac25-ee9e6113fbaf/element/f.659B89141112BB6456E7180C3F0808E8.d.CCBCCDB69E42EFD2B67FAE2E0CDCC8F6.e.438/selected'
21:55:24.031 [Forwarding isElementSelected on session 20d0f439-72da-4ad4-ac25-ee9e6113fbaf to remote] DEBUG org.asynchttpclient.netty.request.NettyRequestSender -- Using open Channel [id: 0xd850032e, L:/127.0.0.1:49363 - R:/127.0.0.1:4723] for GET '/session/20d0f439-72da-4ad4-ac25-ee9e6113fbaf/element/f.659B89141112BB6456E7180C3F0808E8.d.CCBCCDB69E42EFD2B67FAE2E0CDCC8F6.e.438/selected'
21:55:24.053 [AsyncHttpClient-1-2] DEBUG org.asynchttpclient.netty.handler.HttpHandler -- 

Request DefaultFullHttpRequest(decodeResult: success, version: HTTP/1.1, content: EmptyByteBufBE)
GET /session/20d0f439-72da-4ad4-ac25-ee9e6113fbaf/element/f.659B89141112BB6456E7180C3F0808E8.d.CCBCCDB69E42EFD2B67FAE2E0CDCC8F6.e.438/selected HTTP/1.1
Cache-Control: no-cache
User-Agent: appium/8.3.0 (selenium/4.8.3 (java mac))
Content-Type: application/json; charset=utf-8
host: 127.0.0.1:4723
accept: */*

Response DefaultHttpResponse(decodeResult: success, version: HTTP/1.1)
HTTP/1.1 200 OK
X-Powered-By: Express
Content-Type: application/json; charset=utf-8
Content-Length: 14
ETag: W/"e-2ZHvAWebNQpyjGZTg6uyV8/spTo"
Date: Sun, 06 Apr 2025 13:55:24 GMT
Connection: keep-alive
Keep-Alive: timeout=600

21:55:24.053 [AsyncHttpClient-1-2] DEBUG org.asynchttpclient.netty.channel.ChannelManager -- Adding key: http://127.0.0.1:4723 for channel [id: 0xd850032e, L:/127.0.0.1:49363 - R:/127.0.0.1:4723]
21:55:24.054 [Forwarding getElementText on session 20d0f439-72da-4ad4-ac25-ee9e6113fbaf to remote] DEBUG org.asynchttpclient.netty.request.NettyRequestSender -- Using pooled Channel '[id: 0xd850032e, L:/127.0.0.1:49363 - R:/127.0.0.1:4723]' for 'GET' to 'http://127.0.0.1:4723/session/20d0f439-72da-4ad4-ac25-ee9e6113fbaf/element/f.659B89141112BB6456E7180C3F0808E8.d.CCBCCDB69E42EFD2B67FAE2E0CDCC8F6.e.438/text'
21:55:24.054 [Forwarding getElementText on session 20d0f439-72da-4ad4-ac25-ee9e6113fbaf to remote] DEBUG org.asynchttpclient.netty.request.NettyRequestSender -- Using open Channel [id: 0xd850032e, L:/127.0.0.1:49363 - R:/127.0.0.1:4723] for GET '/session/20d0f439-72da-4ad4-ac25-ee9e6113fbaf/element/f.659B89141112BB6456E7180C3F0808E8.d.CCBCCDB69E42EFD2B67FAE2E0CDCC8F6.e.438/text'
21:55:24.079 [AsyncHttpClient-1-2] DEBUG org.asynchttpclient.netty.handler.HttpHandler -- 

Request DefaultFullHttpRequest(decodeResult: success, version: HTTP/1.1, content: EmptyByteBufBE)
GET /session/20d0f439-72da-4ad4-ac25-ee9e6113fbaf/element/f.659B89141112BB6456E7180C3F0808E8.d.CCBCCDB69E42EFD2B67FAE2E0CDCC8F6.e.438/text HTTP/1.1
Cache-Control: no-cache
User-Agent: appium/8.3.0 (selenium/4.8.3 (java mac))
Content-Type: application/json; charset=utf-8
host: 127.0.0.1:4723
accept: */*

Response DefaultHttpResponse(decodeResult: success, version: HTTP/1.1)
HTTP/1.1 200 OK
X-Powered-By: Express
Content-Type: application/json; charset=utf-8
Content-Length: 21
ETag: W/"15-/cR/FBEelP/iUakxqnxrJBpmmmY"
Date: Sun, 06 Apr 2025 13:55:24 GMT
Connection: keep-alive
Keep-Alive: timeout=600

21:55:24.079 [AsyncHttpClient-1-2] DEBUG org.asynchttpclient.netty.channel.ChannelManager -- Adding key: http://127.0.0.1:4723 for channel [id: 0xd850032e, L:/127.0.0.1:49363 - R:/127.0.0.1:4723]
21:55:24.080 [Forwarding findChildElements on session 20d0f439-72da-4ad4-ac25-ee9e6113fbaf to remote] DEBUG org.asynchttpclient.netty.request.NettyRequestSender -- Using pooled Channel '[id: 0xd850032e, L:/127.0.0.1:49363 - R:/127.0.0.1:4723]' for 'POST' to 'http://127.0.0.1:4723/session/20d0f439-72da-4ad4-ac25-ee9e6113fbaf/element/f.659B89141112BB6456E7180C3F0808E8.d.CCBCCDB69E42EFD2B67FAE2E0CDCC8F6.e.381/elements'
21:55:24.080 [Forwarding findChildElements on session 20d0f439-72da-4ad4-ac25-ee9e6113fbaf to remote] DEBUG org.asynchttpclient.netty.request.NettyRequestSender -- Using open Channel [id: 0xd850032e, L:/127.0.0.1:49363 - R:/127.0.0.1:4723] for POST '/session/20d0f439-72da-4ad4-ac25-ee9e6113fbaf/element/f.659B89141112BB6456E7180C3F0808E8.d.CCBCCDB69E42EFD2B67FAE2E0CDCC8F6.e.381/elements'
21:55:24.103 [AsyncHttpClient-1-2] DEBUG org.asynchttpclient.netty.handler.HttpHandler -- 

Request DefaultHttpRequest(decodeResult: success, version: HTTP/1.1)
POST /session/20d0f439-72da-4ad4-ac25-ee9e6113fbaf/element/f.659B89141112BB6456E7180C3F0808E8.d.CCBCCDB69E42EFD2B67FAE2E0CDCC8F6.e.381/elements HTTP/1.1
User-Agent: appium/8.3.0 (selenium/4.8.3 (java mac))
Content-Length: 133
Content-Type: application/json; charset=utf-8
host: 127.0.0.1:4723
accept: */*

Response DefaultHttpResponse(decodeResult: success, version: HTTP/1.1)
HTTP/1.1 200 OK
X-Powered-By: Express
Vary: X-HTTP-Method-Override
Content-Type: application/json; charset=utf-8
Content-Length: 2689
ETag: W/"a81-OMgORaMOSw3GbHMpfkVwpwO7ACY"
Date: Sun, 06 Apr 2025 13:55:24 GMT
Connection: keep-alive
Keep-Alive: timeout=600

21:55:24.103 [AsyncHttpClient-1-2] DEBUG org.asynchttpclient.netty.channel.ChannelManager -- Adding key: http://127.0.0.1:4723 for channel [id: 0xd850032e, L:/127.0.0.1:49363 - R:/127.0.0.1:4723]
21:55:24.104 [Forwarding isElementSelected on session 20d0f439-72da-4ad4-ac25-ee9e6113fbaf to remote] DEBUG org.asynchttpclient.netty.request.NettyRequestSender -- Using pooled Channel '[id: 0xd850032e, L:/127.0.0.1:49363 - R:/127.0.0.1:4723]' for 'GET' to 'http://127.0.0.1:4723/session/20d0f439-72da-4ad4-ac25-ee9e6113fbaf/element/f.659B89141112BB6456E7180C3F0808E8.d.CCBCCDB69E42EFD2B67FAE2E0CDCC8F6.e.478/selected'
21:55:24.104 [Forwarding isElementSelected on session 20d0f439-72da-4ad4-ac25-ee9e6113fbaf to remote] DEBUG org.asynchttpclient.netty.request.NettyRequestSender -- Using open Channel [id: 0xd850032e, L:/127.0.0.1:49363 - R:/127.0.0.1:4723] for GET '/session/20d0f439-72da-4ad4-ac25-ee9e6113fbaf/element/f.659B89141112BB6456E7180C3F0808E8.d.CCBCCDB69E42EFD2B67FAE2E0CDCC8F6.e.478/selected'
21:55:24.125 [AsyncHttpClient-1-2] DEBUG org.asynchttpclient.netty.handler.HttpHandler -- 

Request DefaultFullHttpRequest(decodeResult: success, version: HTTP/1.1, content: EmptyByteBufBE)
GET /session/20d0f439-72da-4ad4-ac25-ee9e6113fbaf/element/f.659B89141112BB6456E7180C3F0808E8.d.CCBCCDB69E42EFD2B67FAE2E0CDCC8F6.e.478/selected HTTP/1.1
Cache-Control: no-cache
User-Agent: appium/8.3.0 (selenium/4.8.3 (java mac))
Content-Type: application/json; charset=utf-8
host: 127.0.0.1:4723
accept: */*

Response DefaultHttpResponse(decodeResult: success, version: HTTP/1.1)
HTTP/1.1 200 OK
X-Powered-By: Express
Content-Type: application/json; charset=utf-8
Content-Length: 15
ETag: W/"f-wDOCiKvTD3LNZdrYODNEjzRfePo"
Date: Sun, 06 Apr 2025 13:55:24 GMT
Connection: keep-alive
Keep-Alive: timeout=600

21:55:24.125 [AsyncHttpClient-1-2] DEBUG org.asynchttpclient.netty.channel.ChannelManager -- Adding key: http://127.0.0.1:4723 for channel [id: 0xd850032e, L:/127.0.0.1:49363 - R:/127.0.0.1:4723]
21:55:24.126 [Forwarding isElementSelected on session 20d0f439-72da-4ad4-ac25-ee9e6113fbaf to remote] DEBUG org.asynchttpclient.netty.request.NettyRequestSender -- Using pooled Channel '[id: 0xd850032e, L:/127.0.0.1:49363 - R:/127.0.0.1:4723]' for 'GET' to 'http://127.0.0.1:4723/session/20d0f439-72da-4ad4-ac25-ee9e6113fbaf/element/f.659B89141112BB6456E7180C3F0808E8.d.CCBCCDB69E42EFD2B67FAE2E0CDCC8F6.e.480/selected'
21:55:24.126 [Forwarding isElementSelected on session 20d0f439-72da-4ad4-ac25-ee9e6113fbaf to remote] DEBUG org.asynchttpclient.netty.request.NettyRequestSender -- Using open Channel [id: 0xd850032e, L:/127.0.0.1:49363 - R:/127.0.0.1:4723] for GET '/session/20d0f439-72da-4ad4-ac25-ee9e6113fbaf/element/f.659B89141112BB6456E7180C3F0808E8.d.CCBCCDB69E42EFD2B67FAE2E0CDCC8F6.e.480/selected'
21:55:24.148 [AsyncHttpClient-1-2] DEBUG org.asynchttpclient.netty.handler.HttpHandler -- 

Request DefaultFullHttpRequest(decodeResult: success, version: HTTP/1.1, content: EmptyByteBufBE)
GET /session/20d0f439-72da-4ad4-ac25-ee9e6113fbaf/element/f.659B89141112BB6456E7180C3F0808E8.d.CCBCCDB69E42EFD2B67FAE2E0CDCC8F6.e.480/selected HTTP/1.1
Cache-Control: no-cache
User-Agent: appium/8.3.0 (selenium/4.8.3 (java mac))
Content-Type: application/json; charset=utf-8
host: 127.0.0.1:4723
accept: */*

Response DefaultHttpResponse(decodeResult: success, version: HTTP/1.1)
HTTP/1.1 200 OK
X-Powered-By: Express
Content-Type: application/json; charset=utf-8
Content-Length: 15
ETag: W/"f-wDOCiKvTD3LNZdrYODNEjzRfePo"
Date: Sun, 06 Apr 2025 13:55:24 GMT
Connection: keep-alive
Keep-Alive: timeout=600

21:55:24.149 [AsyncHttpClient-1-2] DEBUG org.asynchttpclient.netty.channel.ChannelManager -- Adding key: http://127.0.0.1:4723 for channel [id: 0xd850032e, L:/127.0.0.1:49363 - R:/127.0.0.1:4723]
21:55:24.149 [Forwarding isElementSelected on session 20d0f439-72da-4ad4-ac25-ee9e6113fbaf to remote] DEBUG org.asynchttpclient.netty.request.NettyRequestSender -- Using pooled Channel '[id: 0xd850032e, L:/127.0.0.1:49363 - R:/127.0.0.1:4723]' for 'GET' to 'http://127.0.0.1:4723/session/20d0f439-72da-4ad4-ac25-ee9e6113fbaf/element/f.659B89141112BB6456E7180C3F0808E8.d.CCBCCDB69E42EFD2B67FAE2E0CDCC8F6.e.482/selected'
21:55:24.149 [Forwarding isElementSelected on session 20d0f439-72da-4ad4-ac25-ee9e6113fbaf to remote] DEBUG org.asynchttpclient.netty.request.NettyRequestSender -- Using open Channel [id: 0xd850032e, L:/127.0.0.1:49363 - R:/127.0.0.1:4723] for GET '/session/20d0f439-72da-4ad4-ac25-ee9e6113fbaf/element/f.659B89141112BB6456E7180C3F0808E8.d.CCBCCDB69E42EFD2B67FAE2E0CDCC8F6.e.482/selected'
21:55:24.173 [AsyncHttpClient-1-2] DEBUG org.asynchttpclient.netty.handler.HttpHandler -- 

Request DefaultFullHttpRequest(decodeResult: success, version: HTTP/1.1, content: EmptyByteBufBE)
GET /session/20d0f439-72da-4ad4-ac25-ee9e6113fbaf/element/f.659B89141112BB6456E7180C3F0808E8.d.CCBCCDB69E42EFD2B67FAE2E0CDCC8F6.e.482/selected HTTP/1.1
Cache-Control: no-cache
User-Agent: appium/8.3.0 (selenium/4.8.3 (java mac))
Content-Type: application/json; charset=utf-8
host: 127.0.0.1:4723
accept: */*

Response DefaultHttpResponse(decodeResult: success, version: HTTP/1.1)
HTTP/1.1 200 OK
X-Powered-By: Express
Content-Type: application/json; charset=utf-8
Content-Length: 15
ETag: W/"f-wDOCiKvTD3LNZdrYODNEjzRfePo"
Date: Sun, 06 Apr 2025 13:55:24 GMT
Connection: keep-alive
Keep-Alive: timeout=600

21:55:24.173 [AsyncHttpClient-1-2] DEBUG org.asynchttpclient.netty.channel.ChannelManager -- Adding key: http://127.0.0.1:4723 for channel [id: 0xd850032e, L:/127.0.0.1:49363 - R:/127.0.0.1:4723]
21:55:24.174 [Forwarding isElementSelected on session 20d0f439-72da-4ad4-ac25-ee9e6113fbaf to remote] DEBUG org.asynchttpclient.netty.request.NettyRequestSender -- Using pooled Channel '[id: 0xd850032e, L:/127.0.0.1:49363 - R:/127.0.0.1:4723]' for 'GET' to 'http://127.0.0.1:4723/session/20d0f439-72da-4ad4-ac25-ee9e6113fbaf/element/f.659B89141112BB6456E7180C3F0808E8.d.CCBCCDB69E42EFD2B67FAE2E0CDCC8F6.e.484/selected'
21:55:24.174 [Forwarding isElementSelected on session 20d0f439-72da-4ad4-ac25-ee9e6113fbaf to remote] DEBUG org.asynchttpclient.netty.request.NettyRequestSender -- Using open Channel [id: 0xd850032e, L:/127.0.0.1:49363 - R:/127.0.0.1:4723] for GET '/session/20d0f439-72da-4ad4-ac25-ee9e6113fbaf/element/f.659B89141112BB6456E7180C3F0808E8.d.CCBCCDB69E42EFD2B67FAE2E0CDCC8F6.e.484/selected'
21:55:24.193 [AsyncHttpClient-1-2] DEBUG org.asynchttpclient.netty.handler.HttpHandler -- 

Request DefaultFullHttpRequest(decodeResult: success, version: HTTP/1.1, content: EmptyByteBufBE)
GET /session/20d0f439-72da-4ad4-ac25-ee9e6113fbaf/element/f.659B89141112BB6456E7180C3F0808E8.d.CCBCCDB69E42EFD2B67FAE2E0CDCC8F6.e.484/selected HTTP/1.1
Cache-Control: no-cache
User-Agent: appium/8.3.0 (selenium/4.8.3 (java mac))
Content-Type: application/json; charset=utf-8
host: 127.0.0.1:4723
accept: */*

Response DefaultHttpResponse(decodeResult: success, version: HTTP/1.1)
HTTP/1.1 200 OK
X-Powered-By: Express
Content-Type: application/json; charset=utf-8
Content-Length: 14
ETag: W/"e-2ZHvAWebNQpyjGZTg6uyV8/spTo"
Date: Sun, 06 Apr 2025 13:55:24 GMT
Connection: keep-alive
Keep-Alive: timeout=600

21:55:24.193 [AsyncHttpClient-1-2] DEBUG org.asynchttpclient.netty.channel.ChannelManager -- Adding key: http://127.0.0.1:4723 for channel [id: 0xd850032e, L:/127.0.0.1:49363 - R:/127.0.0.1:4723]
21:55:24.193 [Forwarding getElementText on session 20d0f439-72da-4ad4-ac25-ee9e6113fbaf to remote] DEBUG org.asynchttpclient.netty.request.NettyRequestSender -- Using pooled Channel '[id: 0xd850032e, L:/127.0.0.1:49363 - R:/127.0.0.1:4723]' for 'GET' to 'http://127.0.0.1:4723/session/20d0f439-72da-4ad4-ac25-ee9e6113fbaf/element/f.659B89141112BB6456E7180C3F0808E8.d.CCBCCDB69E42EFD2B67FAE2E0CDCC8F6.e.484/text'
21:55:24.193 [Forwarding getElementText on session 20d0f439-72da-4ad4-ac25-ee9e6113fbaf to remote] DEBUG org.asynchttpclient.netty.request.NettyRequestSender -- Using open Channel [id: 0xd850032e, L:/127.0.0.1:49363 - R:/127.0.0.1:4723] for GET '/session/20d0f439-72da-4ad4-ac25-ee9e6113fbaf/element/f.659B89141112BB6456E7180C3F0808E8.d.CCBCCDB69E42EFD2B67FAE2E0CDCC8F6.e.484/text'
21:55:24.214 [AsyncHttpClient-1-2] DEBUG org.asynchttpclient.netty.handler.HttpHandler -- 

Request DefaultFullHttpRequest(decodeResult: success, version: HTTP/1.1, content: EmptyByteBufBE)
GET /session/20d0f439-72da-4ad4-ac25-ee9e6113fbaf/element/f.659B89141112BB6456E7180C3F0808E8.d.CCBCCDB69E42EFD2B67FAE2E0CDCC8F6.e.484/text HTTP/1.1
Cache-Control: no-cache
User-Agent: appium/8.3.0 (selenium/4.8.3 (java mac))
Content-Type: application/json; charset=utf-8
host: 127.0.0.1:4723
accept: */*

Response DefaultHttpResponse(decodeResult: success, version: HTTP/1.1)
HTTP/1.1 200 OK
X-Powered-By: Express
Content-Type: application/json; charset=utf-8
Content-Length: 21
ETag: W/"15-yb27O3LuRMvDsLsh/6f7XBAj+yM"
Date: Sun, 06 Apr 2025 13:55:24 GMT
Connection: keep-alive
Keep-Alive: timeout=600

21:55:24.215 [AsyncHttpClient-1-2] DEBUG org.asynchttpclient.netty.channel.ChannelManager -- Adding key: http://127.0.0.1:4723 for channel [id: 0xd850032e, L:/127.0.0.1:49363 - R:/127.0.0.1:4723]
21:55:24.215 [Forwarding executeScript on session 20d0f439-72da-4ad4-ac25-ee9e6113fbaf to remote] DEBUG org.asynchttpclient.netty.request.NettyRequestSender -- Using pooled Channel '[id: 0xd850032e, L:/127.0.0.1:49363 - R:/127.0.0.1:4723]' for 'POST' to 'http://127.0.0.1:4723/session/20d0f439-72da-4ad4-ac25-ee9e6113fbaf/execute/sync'
21:55:24.215 [Forwarding executeScript on session 20d0f439-72da-4ad4-ac25-ee9e6113fbaf to remote] DEBUG org.asynchttpclient.netty.request.NettyRequestSender -- Using open Channel [id: 0xd850032e, L:/127.0.0.1:49363 - R:/127.0.0.1:4723] for POST '/session/20d0f439-72da-4ad4-ac25-ee9e6113fbaf/execute/sync'
21:55:24.235 [AsyncHttpClient-1-2] DEBUG org.asynchttpclient.netty.handler.HttpHandler -- 

Request DefaultHttpRequest(decodeResult: success, version: HTTP/1.1)
POST /session/20d0f439-72da-4ad4-ac25-ee9e6113fbaf/execute/sync HTTP/1.1
User-Agent: appium/8.3.0 (selenium/4.8.3 (java mac))
Content-Length: 292
Content-Type: application/json; charset=utf-8
host: 127.0.0.1:4723
accept: */*

Response DefaultHttpResponse(decodeResult: success, version: HTTP/1.1)
HTTP/1.1 200 OK
X-Powered-By: Express
Vary: X-HTTP-Method-Override
Content-Type: application/json; charset=utf-8
Content-Length: 13
ETag: W/"d-6pac0bBoaRd/5eYl7mrKPp09cDU"
Date: Sun, 06 Apr 2025 13:55:24 GMT
Connection: keep-alive
Keep-Alive: timeout=600

21:55:24.235 [AsyncHttpClient-1-2] DEBUG org.asynchttpclient.netty.channel.ChannelManager -- Adding key: http://127.0.0.1:4723 for channel [id: 0xd850032e, L:/127.0.0.1:49363 - R:/127.0.0.1:4723]
21:55:24.236 [Forwarding executeScript on session 20d0f439-72da-4ad4-ac25-ee9e6113fbaf to remote] DEBUG org.asynchttpclient.netty.request.NettyRequestSender -- Using pooled Channel '[id: 0xd850032e, L:/127.0.0.1:49363 - R:/127.0.0.1:4723]' for 'POST' to 'http://127.0.0.1:4723/session/20d0f439-72da-4ad4-ac25-ee9e6113fbaf/execute/sync'
21:55:24.236 [Forwarding executeScript on session 20d0f439-72da-4ad4-ac25-ee9e6113fbaf to remote] DEBUG org.asynchttpclient.netty.request.NettyRequestSender -- Using open Channel [id: 0xd850032e, L:/127.0.0.1:49363 - R:/127.0.0.1:4723] for POST '/session/20d0f439-72da-4ad4-ac25-ee9e6113fbaf/execute/sync'
21:55:24.252 [AsyncHttpClient-1-2] DEBUG org.asynchttpclient.netty.handler.HttpHandler -- 

Request DefaultHttpRequest(decodeResult: success, version: HTTP/1.1)
POST /session/20d0f439-72da-4ad4-ac25-ee9e6113fbaf/execute/sync HTTP/1.1
User-Agent: appium/8.3.0 (selenium/4.8.3 (java mac))
Content-Length: 292
Content-Type: application/json; charset=utf-8
host: 127.0.0.1:4723
accept: */*

Response DefaultHttpResponse(decodeResult: success, version: HTTP/1.1)
HTTP/1.1 200 OK
X-Powered-By: Express
Vary: X-HTTP-Method-Override
Content-Type: application/json; charset=utf-8
Content-Length: 15
ETag: W/"f-HCJws/ugdfW4GM1Jys2/yGUqw2k"
Date: Sun, 06 Apr 2025 13:55:24 GMT
Connection: keep-alive
Keep-Alive: timeout=600

21:55:24.252 [AsyncHttpClient-1-2] DEBUG org.asynchttpclient.netty.channel.ChannelManager -- Adding key: http://127.0.0.1:4723 for channel [id: 0xd850032e, L:/127.0.0.1:49363 - R:/127.0.0.1:4723]
21:55:24.253 [Forwarding findElement on session 20d0f439-72da-4ad4-ac25-ee9e6113fbaf to remote] DEBUG org.asynchttpclient.netty.request.NettyRequestSender -- Using pooled Channel '[id: 0xd850032e, L:/127.0.0.1:49363 - R:/127.0.0.1:4723]' for 'POST' to 'http://127.0.0.1:4723/session/20d0f439-72da-4ad4-ac25-ee9e6113fbaf/element'
21:55:24.253 [Forwarding findElement on session 20d0f439-72da-4ad4-ac25-ee9e6113fbaf to remote] DEBUG org.asynchttpclient.netty.request.NettyRequestSender -- Using open Channel [id: 0xd850032e, L:/127.0.0.1:49363 - R:/127.0.0.1:4723] for POST '/session/20d0f439-72da-4ad4-ac25-ee9e6113fbaf/element'
21:55:24.274 [AsyncHttpClient-1-2] DEBUG org.asynchttpclient.netty.handler.HttpHandler -- 

Request DefaultHttpRequest(decodeResult: success, version: HTTP/1.1)
POST /session/20d0f439-72da-4ad4-ac25-ee9e6113fbaf/element HTTP/1.1
User-Agent: appium/8.3.0 (selenium/4.8.3 (java mac))
Content-Length: 90
Content-Type: application/json; charset=utf-8
host: 127.0.0.1:4723
accept: */*

Response DefaultHttpResponse(decodeResult: success, version: HTTP/1.1)
HTTP/1.1 200 OK
X-Powered-By: Express
Vary: X-HTTP-Method-Override
Content-Type: application/json; charset=utf-8
Content-Length: 215
ETag: W/"d7-pEVXEtLHCAzOGp0tP1phJ0W6em4"
Date: Sun, 06 Apr 2025 13:55:24 GMT
Connection: keep-alive
Keep-Alive: timeout=600

21:55:24.274 [AsyncHttpClient-1-2] DEBUG org.asynchttpclient.netty.channel.ChannelManager -- Adding key: http://127.0.0.1:4723 for channel [id: 0xd850032e, L:/127.0.0.1:49363 - R:/127.0.0.1:4723]
21:55:24.274 [Forwarding isElementDisplayed on session 20d0f439-72da-4ad4-ac25-ee9e6113fbaf to remote] DEBUG org.asynchttpclient.netty.request.NettyRequestSender -- Using pooled Channel '[id: 0xd850032e, L:/127.0.0.1:49363 - R:/127.0.0.1:4723]' for 'GET' to 'http://127.0.0.1:4723/session/20d0f439-72da-4ad4-ac25-ee9e6113fbaf/element/f.659B89141112BB6456E7180C3F0808E8.d.CCBCCDB69E42EFD2B67FAE2E0CDCC8F6.e.504/displayed'
21:55:24.274 [Forwarding isElementDisplayed on session 20d0f439-72da-4ad4-ac25-ee9e6113fbaf to remote] DEBUG org.asynchttpclient.netty.request.NettyRequestSender -- Using open Channel [id: 0xd850032e, L:/127.0.0.1:49363 - R:/127.0.0.1:4723] for GET '/session/20d0f439-72da-4ad4-ac25-ee9e6113fbaf/element/f.659B89141112BB6456E7180C3F0808E8.d.CCBCCDB69E42EFD2B67FAE2E0CDCC8F6.e.504/displayed'
21:55:24.292 [AsyncHttpClient-1-2] DEBUG org.asynchttpclient.netty.handler.HttpHandler -- 

Request DefaultFullHttpRequest(decodeResult: success, version: HTTP/1.1, content: EmptyByteBufBE)
GET /session/20d0f439-72da-4ad4-ac25-ee9e6113fbaf/element/f.659B89141112BB6456E7180C3F0808E8.d.CCBCCDB69E42EFD2B67FAE2E0CDCC8F6.e.504/displayed HTTP/1.1
Cache-Control: no-cache
User-Agent: appium/8.3.0 (selenium/4.8.3 (java mac))
Content-Type: application/json; charset=utf-8
host: 127.0.0.1:4723
accept: */*

Response DefaultHttpResponse(decodeResult: success, version: HTTP/1.1)
HTTP/1.1 200 OK
X-Powered-By: Express
Content-Type: application/json; charset=utf-8
Content-Length: 14
ETag: W/"e-2ZHvAWebNQpyjGZTg6uyV8/spTo"
Date: Sun, 06 Apr 2025 13:55:24 GMT
Connection: keep-alive
Keep-Alive: timeout=600

21:55:24.292 [AsyncHttpClient-1-2] DEBUG org.asynchttpclient.netty.channel.ChannelManager -- Adding key: http://127.0.0.1:4723 for channel [id: 0xd850032e, L:/127.0.0.1:49363 - R:/127.0.0.1:4723]
21:55:24.293 [Forwarding isElementEnabled on session 20d0f439-72da-4ad4-ac25-ee9e6113fbaf to remote] DEBUG org.asynchttpclient.netty.request.NettyRequestSender -- Using pooled Channel '[id: 0xd850032e, L:/127.0.0.1:49363 - R:/127.0.0.1:4723]' for 'GET' to 'http://127.0.0.1:4723/session/20d0f439-72da-4ad4-ac25-ee9e6113fbaf/element/f.659B89141112BB6456E7180C3F0808E8.d.CCBCCDB69E42EFD2B67FAE2E0CDCC8F6.e.504/enabled'
21:55:24.293 [Forwarding isElementEnabled on session 20d0f439-72da-4ad4-ac25-ee9e6113fbaf to remote] DEBUG org.asynchttpclient.netty.request.NettyRequestSender -- Using open Channel [id: 0xd850032e, L:/127.0.0.1:49363 - R:/127.0.0.1:4723] for GET '/session/20d0f439-72da-4ad4-ac25-ee9e6113fbaf/element/f.659B89141112BB6456E7180C3F0808E8.d.CCBCCDB69E42EFD2B67FAE2E0CDCC8F6.e.504/enabled'
21:55:24.313 [AsyncHttpClient-1-2] DEBUG org.asynchttpclient.netty.handler.HttpHandler -- 

Request DefaultFullHttpRequest(decodeResult: success, version: HTTP/1.1, content: EmptyByteBufBE)
GET /session/20d0f439-72da-4ad4-ac25-ee9e6113fbaf/element/f.659B89141112BB6456E7180C3F0808E8.d.CCBCCDB69E42EFD2B67FAE2E0CDCC8F6.e.504/enabled HTTP/1.1
Cache-Control: no-cache
User-Agent: appium/8.3.0 (selenium/4.8.3 (java mac))
Content-Type: application/json; charset=utf-8
host: 127.0.0.1:4723
accept: */*

Response DefaultHttpResponse(decodeResult: success, version: HTTP/1.1)
HTTP/1.1 200 OK
X-Powered-By: Express
Content-Type: application/json; charset=utf-8
Content-Length: 14
ETag: W/"e-2ZHvAWebNQpyjGZTg6uyV8/spTo"
Date: Sun, 06 Apr 2025 13:55:24 GMT
Connection: keep-alive
Keep-Alive: timeout=600

21:55:24.313 [AsyncHttpClient-1-2] DEBUG org.asynchttpclient.netty.channel.ChannelManager -- Adding key: http://127.0.0.1:4723 for channel [id: 0xd850032e, L:/127.0.0.1:49363 - R:/127.0.0.1:4723]
21:55:24.313 [Forwarding isElementDisplayed on session 20d0f439-72da-4ad4-ac25-ee9e6113fbaf to remote] DEBUG org.asynchttpclient.netty.request.NettyRequestSender -- Using pooled Channel '[id: 0xd850032e, L:/127.0.0.1:49363 - R:/127.0.0.1:4723]' for 'GET' to 'http://127.0.0.1:4723/session/20d0f439-72da-4ad4-ac25-ee9e6113fbaf/element/f.659B89141112BB6456E7180C3F0808E8.d.CCBCCDB69E42EFD2B67FAE2E0CDCC8F6.e.504/displayed'
21:55:24.313 [Forwarding isElementDisplayed on session 20d0f439-72da-4ad4-ac25-ee9e6113fbaf to remote] DEBUG org.asynchttpclient.netty.request.NettyRequestSender -- Using open Channel [id: 0xd850032e, L:/127.0.0.1:49363 - R:/127.0.0.1:4723] for GET '/session/20d0f439-72da-4ad4-ac25-ee9e6113fbaf/element/f.659B89141112BB6456E7180C3F0808E8.d.CCBCCDB69E42EFD2B67FAE2E0CDCC8F6.e.504/displayed'
21:55:24.332 [AsyncHttpClient-1-2] DEBUG org.asynchttpclient.netty.handler.HttpHandler -- 

Request DefaultFullHttpRequest(decodeResult: success, version: HTTP/1.1, content: EmptyByteBufBE)
GET /session/20d0f439-72da-4ad4-ac25-ee9e6113fbaf/element/f.659B89141112BB6456E7180C3F0808E8.d.CCBCCDB69E42EFD2B67FAE2E0CDCC8F6.e.504/displayed HTTP/1.1
Cache-Control: no-cache
User-Agent: appium/8.3.0 (selenium/4.8.3 (java mac))
Content-Type: application/json; charset=utf-8
host: 127.0.0.1:4723
accept: */*

Response DefaultHttpResponse(decodeResult: success, version: HTTP/1.1)
HTTP/1.1 200 OK
X-Powered-By: Express
Content-Type: application/json; charset=utf-8
Content-Length: 14
ETag: W/"e-2ZHvAWebNQpyjGZTg6uyV8/spTo"
Date: Sun, 06 Apr 2025 13:55:24 GMT
Connection: keep-alive
Keep-Alive: timeout=600

21:55:24.332 [AsyncHttpClient-1-2] DEBUG org.asynchttpclient.netty.channel.ChannelManager -- Adding key: http://127.0.0.1:4723 for channel [id: 0xd850032e, L:/127.0.0.1:49363 - R:/127.0.0.1:4723]
21:55:24.333 [main] INFO com.cathay.test.tests.MortgageCalculatorTest -- 試算功能驗證成功
]]></system-out>
  </testcase>
  <testcase name="testMortgageCalculationReset" classname="com.cathay.test.tests.MortgageCalculatorTest" time="4.532">
    <system-out><![CDATA[21:55:24.334 [main] INFO com.cathay.test.tests.MortgageCalculatorTest -- 正在清理 driver session: 20d0f439-72da-4ad4-ac25-ee9e6113fbaf
21:55:24.334 [main] INFO  com.cathay.test.config.AppiumConfig - 正在關閉 Driver...
21:55:24.334 [Forwarding quit on session 20d0f439-72da-4ad4-ac25-ee9e6113fbaf to remote] DEBUG org.asynchttpclient.netty.request.NettyRequestSender -- Using pooled Channel '[id: 0xd850032e, L:/127.0.0.1:49363 - R:/127.0.0.1:4723]' for 'DELETE' to 'http://127.0.0.1:4723/session/20d0f439-72da-4ad4-ac25-ee9e6113fbaf'
21:55:24.334 [Forwarding quit on session 20d0f439-72da-4ad4-ac25-ee9e6113fbaf to remote] DEBUG org.asynchttpclient.netty.request.NettyRequestSender -- Using open Channel [id: 0xd850032e, L:/127.0.0.1:49363 - R:/127.0.0.1:4723] for DELETE '/session/20d0f439-72da-4ad4-ac25-ee9e6113fbaf'
21:55:24.641 [AsyncHttpClient-1-2] DEBUG org.asynchttpclient.netty.handler.HttpHandler -- 

Request DefaultFullHttpRequest(decodeResult: success, version: HTTP/1.1, content: EmptyByteBufBE)
DELETE /session/20d0f439-72da-4ad4-ac25-ee9e6113fbaf HTTP/1.1
User-Agent: appium/8.3.0 (selenium/4.8.3 (java mac))
Content-Type: application/json; charset=utf-8
host: 127.0.0.1:4723
accept: */*

Response DefaultHttpResponse(decodeResult: success, version: HTTP/1.1)
HTTP/1.1 200 OK
X-Powered-By: Express
Content-Type: application/json; charset=utf-8
Content-Length: 14
ETag: W/"e-9/1BuKMgFObM1mWJm+YjxtXJnUM"
Date: Sun, 06 Apr 2025 13:55:24 GMT
Connection: keep-alive
Keep-Alive: timeout=600

21:55:24.641 [AsyncHttpClient-1-2] DEBUG org.asynchttpclient.netty.channel.ChannelManager -- Adding key: http://127.0.0.1:4723 for channel [id: 0xd850032e, L:/127.0.0.1:49363 - R:/127.0.0.1:4723]
21:55:24.641 [main] INFO  com.cathay.test.config.AppiumConfig - Driver 已成功關閉
21:55:24.642 [main] INFO com.cathay.test.tests.MortgageCalculatorTest -- MortgageCalculatorTest 清理完成
*******MortgageCalculatorTest.setUp() 執行！
21:55:24.643 [main] INFO  com.cathay.test.config.AppiumConfig - 開始初始化 MortgageCalculatorTest (嘗試 1/3)
21:55:24.643 [main] INFO  com.cathay.test.config.AppiumConfig - Appium 服務器可用
21:55:24.673 [main] INFO  com.cathay.test.config.AppiumConfig - Android 模擬器可用
21:55:24.680 [Forwarding newSession on session null to remote] DEBUG org.asynchttpclient.netty.request.NettyRequestSender -- Using pooled Channel '[id: 0xd850032e, L:/127.0.0.1:49363 - R:/127.0.0.1:4723]' for 'POST' to 'http://127.0.0.1:4723/session'
21:55:24.680 [Forwarding newSession on session null to remote] DEBUG org.asynchttpclient.netty.request.NettyRequestSender -- Using open Channel [id: 0xd850032e, L:/127.0.0.1:49363 - R:/127.0.0.1:4723] for POST '/session'
21:55:29.054 [AsyncHttpClient-1-2] DEBUG org.asynchttpclient.netty.handler.HttpHandler -- 

Request DefaultHttpRequest(decodeResult: success, version: HTTP/1.1)
POST /session HTTP/1.1
X-Idempotency-Key: 9c7ef75f-3af4-4476-b50c-d3ee1079ba8c
User-Agent: appium/8.3.0 (selenium/4.8.3 (java mac))
Content-Length: 952
Content-Type: application/json; charset=utf-8
host: 127.0.0.1:4723
accept: */*

Response DefaultHttpResponse(decodeResult: success, version: HTTP/1.1)
HTTP/1.1 200 OK
X-Powered-By: Express
Vary: X-HTTP-Method-Override
Content-Type: application/json; charset=utf-8
Content-Length: 1816
ETag: W/"718-HmD6LeuHxTzUuOa2F9Dqq0dPoNw"
Date: Sun, 06 Apr 2025 13:55:29 GMT
Connection: keep-alive
Keep-Alive: timeout=600

21:55:29.054 [AsyncHttpClient-1-2] DEBUG org.asynchttpclient.netty.channel.ChannelManager -- Adding key: http://127.0.0.1:4723 for channel [id: 0xd850032e, L:/127.0.0.1:49363 - R:/127.0.0.1:4723]
21:55:29.059 [Forwarding executeCdp on session e4b30e9b-4b96-4927-bd03-c9a8ff7d8b59 to remote] DEBUG org.asynchttpclient.netty.request.NettyRequestSender -- Using pooled Channel '[id: 0xd850032e, L:/127.0.0.1:49363 - R:/127.0.0.1:4723]' for 'POST' to 'http://127.0.0.1:4723/session/e4b30e9b-4b96-4927-bd03-c9a8ff7d8b59/goog/cdp/execute'
21:55:29.059 [Forwarding executeCdp on session e4b30e9b-4b96-4927-bd03-c9a8ff7d8b59 to remote] DEBUG org.asynchttpclient.netty.request.NettyRequestSender -- Using open Channel [id: 0xd850032e, L:/127.0.0.1:49363 - R:/127.0.0.1:4723] for POST '/session/e4b30e9b-4b96-4927-bd03-c9a8ff7d8b59/goog/cdp/execute'
21:55:29.085 [AsyncHttpClient-1-2] DEBUG org.asynchttpclient.netty.handler.HttpHandler -- 

Request DefaultHttpRequest(decodeResult: success, version: HTTP/1.1)
POST /session/e4b30e9b-4b96-4927-bd03-c9a8ff7d8b59/goog/cdp/execute HTTP/1.1
User-Agent: appium/8.3.0 (selenium/4.8.3 (java mac))
Content-Length: 87
Content-Type: application/json; charset=utf-8
host: 127.0.0.1:4723
accept: */*

Response DefaultHttpResponse(decodeResult: success, version: HTTP/1.1)
HTTP/1.1 404 Not Found
X-Powered-By: Express
Vary: X-HTTP-Method-Override
Content-Type: application/json; charset=utf-8
Content-Length: 1990
ETag: W/"7c6-pS37JiQJVS7WKTqLTqdpCmpbUK8"
Date: Sun, 06 Apr 2025 13:55:29 GMT
Connection: keep-alive
Keep-Alive: timeout=600

21:55:29.085 [AsyncHttpClient-1-2] DEBUG org.asynchttpclient.netty.channel.ChannelManager -- Adding key: http://127.0.0.1:4723 for channel [id: 0xd850032e, L:/127.0.0.1:49363 - R:/127.0.0.1:4723]
21:55:29.086 [main] WARN  com.cathay.test.config.AppiumConfig - ⚠️ 設定第三方 Cookie 支援時發生例外: unknown command: 'Network.setCookieBlockingEnabled' wasn't found
  (Session info: chrome=128.0.6613.88)
Build info: version: '4.8.3', revision: 'e5e76298c3'
System info: os.name: 'Mac OS X', os.arch: 'aarch64', os.version: '13.4', java.version: '23.0.2'
Driver info: io.appium.java_client.android.AndroidDriver
Command: [e4b30e9b-4b96-4927-bd03-c9a8ff7d8b59, executeCdp {cmd=Network.setCookieBlockingEnabled, params={enabled=false}}]
Capabilities {appium:autoAcceptAlerts: true, appium:autoGrantPermissions: true, appium:automationName: UiAutomator2, appium:chromedriverExecutable: /opt/homebrew/bin/chromedriver, appium:databaseEnabled: false, appium:desired: {appActivity: com.android.chrome/com.goog..., appPackage: com.android.chrome, autoAcceptAlerts: true, autoGrantPermissions: true, automationName: UiAutomator2, browserName: chrome, chromedriverExecutable: /opt/homebrew/bin/chromedriver, deviceName: Pixel_3a_API_34_extension_l..., goog:chromeOptions: {args: [--no-sandbox, --disable-dev-shm-usage, --ignore-certificate-errors, --remote-allow-origins=*, --disable-features=SameSite..., --enable-features=NetworkSe...], w3c: true}, newCommandTimeout: 120, noReset: true, platformName: android, platformVersion: 16.0}, appium:deviceApiLevel: 36, appium:deviceManufacturer: Google, appium:deviceModel: sdk_gphone64_arm64, appium:deviceName: emulator-5554, appium:deviceScreenDensity: 420, appium:deviceScreenSize: 1080x2424, appium:deviceUDID: emulator-5554, appium:javascriptEnabled: true, appium:locationContextEnabled: false, appium:networkConnectionEnabled: true, appium:newCommandTimeout: 120, appium:noReset: true, appium:pixelRatio: 2.625, appium:platformVersion: 16, appium:statBarHeight: 137, appium:takesScreenshot: true, appium:viewportRect: {height: 2287, left: 0, top: 137, width: 1080}, appium:warnings: {}, appium:webStorageEnabled: false, browserName: chrome, goog:chromeOptions: {args: [--no-sandbox, --disable-dev-shm-usage, --ignore-certificate-errors, --remote-allow-origins=*, --disable-features=SameSite..., --enable-features=NetworkSe...], w3c: true}, platformName: ANDROID}
Session ID: e4b30e9b-4b96-4927-bd03-c9a8ff7d8b59
21:55:29.998 [AsyncHttpClient-1-1] DEBUG org.asynchttpclient.netty.channel.DefaultChannelPool -- Entry count for : http://127.0.0.1:4723 : 1
21:55:31.097 [AsyncHttpClient-1-1] DEBUG org.asynchttpclient.netty.channel.DefaultChannelPool -- Entry count for : http://127.0.0.1:4723 : 1
21:55:32.089 [main] INFO  com.cathay.test.config.AppiumConfig - Driver session ID: e4b30e9b-4b96-4927-bd03-c9a8ff7d8b59
21:55:32.091 [Forwarding get on session e4b30e9b-4b96-4927-bd03-c9a8ff7d8b59 to remote] DEBUG org.asynchttpclient.netty.request.NettyRequestSender -- Using pooled Channel '[id: 0xd850032e, L:/127.0.0.1:49363 - R:/127.0.0.1:4723]' for 'POST' to 'http://127.0.0.1:4723/session/e4b30e9b-4b96-4927-bd03-c9a8ff7d8b59/url'
21:55:32.091 [Forwarding get on session e4b30e9b-4b96-4927-bd03-c9a8ff7d8b59 to remote] DEBUG org.asynchttpclient.netty.request.NettyRequestSender -- Using open Channel [id: 0xd850032e, L:/127.0.0.1:49363 - R:/127.0.0.1:4723] for POST '/session/e4b30e9b-4b96-4927-bd03-c9a8ff7d8b59/url'
21:55:36.948 [AsyncHttpClient-1-2] DEBUG org.asynchttpclient.netty.handler.HttpHandler -- 

Request DefaultHttpRequest(decodeResult: success, version: HTTP/1.1)
POST /session/e4b30e9b-4b96-4927-bd03-c9a8ff7d8b59/url HTTP/1.1
User-Agent: appium/8.3.0 (selenium/4.8.3 (java mac))
Content-Length: 133
Content-Type: application/json; charset=utf-8
host: 127.0.0.1:4723
accept: */*

Response DefaultHttpResponse(decodeResult: success, version: HTTP/1.1)
HTTP/1.1 200 OK
X-Powered-By: Express
Vary: X-HTTP-Method-Override
Content-Type: application/json; charset=utf-8
Content-Length: 14
ETag: W/"e-9/1BuKMgFObM1mWJm+YjxtXJnUM"
Date: Sun, 06 Apr 2025 13:55:36 GMT
Connection: keep-alive
Keep-Alive: timeout=600

21:55:36.948 [AsyncHttpClient-1-2] DEBUG org.asynchttpclient.netty.channel.ChannelManager -- Adding key: http://127.0.0.1:4723 for channel [id: 0xd850032e, L:/127.0.0.1:49363 - R:/127.0.0.1:4723]
21:55:36.949 [Forwarding getCurrentUrl on session e4b30e9b-4b96-4927-bd03-c9a8ff7d8b59 to remote] DEBUG org.asynchttpclient.netty.request.NettyRequestSender -- Using pooled Channel '[id: 0xd850032e, L:/127.0.0.1:49363 - R:/127.0.0.1:4723]' for 'GET' to 'http://127.0.0.1:4723/session/e4b30e9b-4b96-4927-bd03-c9a8ff7d8b59/url'
21:55:36.949 [Forwarding getCurrentUrl on session e4b30e9b-4b96-4927-bd03-c9a8ff7d8b59 to remote] DEBUG org.asynchttpclient.netty.request.NettyRequestSender -- Using open Channel [id: 0xd850032e, L:/127.0.0.1:49363 - R:/127.0.0.1:4723] for GET '/session/e4b30e9b-4b96-4927-bd03-c9a8ff7d8b59/url'
21:55:36.980 [AsyncHttpClient-1-2] DEBUG org.asynchttpclient.netty.handler.HttpHandler -- 

Request DefaultFullHttpRequest(decodeResult: success, version: HTTP/1.1, content: EmptyByteBufBE)
GET /session/e4b30e9b-4b96-4927-bd03-c9a8ff7d8b59/url HTTP/1.1
Cache-Control: no-cache
User-Agent: appium/8.3.0 (selenium/4.8.3 (java mac))
Content-Type: application/json; charset=utf-8
host: 127.0.0.1:4723
accept: */*

Response DefaultHttpResponse(decodeResult: success, version: HTTP/1.1)
HTTP/1.1 200 OK
X-Powered-By: Express
Content-Type: application/json; charset=utf-8
Content-Length: 90
ETag: W/"5a-SVzTdoqQsw2ztnbhgzn9TDJ+oVM"
Date: Sun, 06 Apr 2025 13:55:36 GMT
Connection: keep-alive
Keep-Alive: timeout=600

21:55:36.980 [AsyncHttpClient-1-2] DEBUG org.asynchttpclient.netty.channel.ChannelManager -- Adding key: http://127.0.0.1:4723 for channel [id: 0xd850032e, L:/127.0.0.1:49363 - R:/127.0.0.1:4723]
*********3rd party cookie Current URL: https://www.cathaybk.com.tw/cathaybk/personal/loan/calculator/mortgage-budget/
21:55:36.981 [Forwarding getCookies on session e4b30e9b-4b96-4927-bd03-c9a8ff7d8b59 to remote] DEBUG org.asynchttpclient.netty.request.NettyRequestSender -- Using pooled Channel '[id: 0xd850032e, L:/127.0.0.1:49363 - R:/127.0.0.1:4723]' for 'GET' to 'http://127.0.0.1:4723/session/e4b30e9b-4b96-4927-bd03-c9a8ff7d8b59/cookie'
21:55:36.981 [Forwarding getCookies on session e4b30e9b-4b96-4927-bd03-c9a8ff7d8b59 to remote] DEBUG org.asynchttpclient.netty.request.NettyRequestSender -- Using open Channel [id: 0xd850032e, L:/127.0.0.1:49363 - R:/127.0.0.1:4723] for GET '/session/e4b30e9b-4b96-4927-bd03-c9a8ff7d8b59/cookie'
21:55:37.011 [AsyncHttpClient-1-2] DEBUG org.asynchttpclient.netty.handler.HttpHandler -- 

Request DefaultFullHttpRequest(decodeResult: success, version: HTTP/1.1, content: EmptyByteBufBE)
GET /session/e4b30e9b-4b96-4927-bd03-c9a8ff7d8b59/cookie HTTP/1.1
Cache-Control: no-cache
User-Agent: appium/8.3.0 (selenium/4.8.3 (java mac))
Content-Type: application/json; charset=utf-8
host: 127.0.0.1:4723
accept: */*

Response DefaultHttpResponse(decodeResult: success, version: HTTP/1.1)
HTTP/1.1 200 OK
X-Powered-By: Express
Content-Type: application/json; charset=utf-8
Content-Length: 4087
ETag: W/"ff7-OUV9UNQLhi7XlI1dkKqJPuys8Hs"
Date: Sun, 06 Apr 2025 13:55:37 GMT
Connection: keep-alive
Keep-Alive: timeout=600

21:55:37.011 [AsyncHttpClient-1-2] DEBUG org.asynchttpclient.netty.channel.ChannelManager -- Adding key: http://127.0.0.1:4723 for channel [id: 0xd850032e, L:/127.0.0.1:49363 - R:/127.0.0.1:4723]
*********Cookie: citrix_ns_id = AAE71IfyZzsrhlcHAAAAADvLSubBRkGc__LEO6ELGaG0bRrxaUs5VJvomfRtXIpqOw==W4vyZw==TwbJ7G_bRDroEGWCmhLYsH3ITD8=
*********Cookie: ASP.NET_SessionId = egke5ulueqfxuvy2pxmjiaya
*********Cookie: _ss_pp_id = 5d0dea898972d2ac9661743918934873
*********Cookie: __lt__sid = 09309a51-b4c83769
*********Cookie: cathaybk_new = 4bb3a3d8d4f078cfaa7badb04abb60df7ed08c3d037be7593e9c32d57ce56d7fc2c8d446
*********Cookie: _mg_ckp = eyJja1RrZERGIjoiIn0=
*********Cookie: __mguid_ = 43f49d3bcad348c0a4bcd65076a1e848
*********Cookie: FingerprintCookie = a83734ca5c2401a34f4ad325dff7c9ff
*********Cookie: shell#lang = en
*********Cookie: mbox = session#d1274a436c1f484a84357646e7436314#1743949596|PC#d1274a436c1f484a84357646e7436314.32_0#1807192536
*********Cookie: _td = 78188fc0-fea2-4b87-b8b1-0ee8f5793f72
*********Cookie: _uetvid = cffba1a012ee11f094678f5452366f67
*********Cookie: usy46gabsosd = cubcsa_17439477336180.c0186d1c7e1f4f5889ac8418450a90bb_4867
*********Cookie: _uetsid = cffb485012ee11f0a0284f7ddad84442
*********Cookie: AMCV_B877A5DB584931AC0A495EAA%40AdobeOrg = 1585540135%7CMCIDTS%7C20185%7CMCMID%7C16134603654607589644057199530895975531%7CMCAAMLH-1744552534%7C11%7CMCAAMB-1744552534%7C6G1ynYcLPuiQxYZrsz_pkqfLG9yMXBpb2zX5dvJdYQJzPXImdj0y%7CMCCIDH%7C1062709688%7CMCOPTOUT-1743954934s%7CNONE%7CMCSYNCSOP%7C411-20192%7CvVersion%7C4.4.0
*********Cookie: _ga_T2T689XRGT = GS1.1.1743947734.1.0.1743947734.60.0.0
*********Cookie: _ga = GA1.1.973155483.1743947734
*********Cookie: _fbp = fb.2.1743947734851.100092843963438776
*********Cookie: at_check = true
*********Cookie: __lt__cid = 1b7163de-1c61-4ec1-bce8-0e6009b86a53
*********Cookie: _gcl_au = 1.1.8117991.1743947734
*********Cookie: AMCVS_B877A5DB584931AC0A495EAA%40AdobeOrg = 1
21:55:37.013 [Forwarding getCurrentUrl on session e4b30e9b-4b96-4927-bd03-c9a8ff7d8b59 to remote] DEBUG org.asynchttpclient.netty.request.NettyRequestSender -- Using pooled Channel '[id: 0xd850032e, L:/127.0.0.1:49363 - R:/127.0.0.1:4723]' for 'GET' to 'http://127.0.0.1:4723/session/e4b30e9b-4b96-4927-bd03-c9a8ff7d8b59/url'
21:55:37.013 [Forwarding getCurrentUrl on session e4b30e9b-4b96-4927-bd03-c9a8ff7d8b59 to remote] DEBUG org.asynchttpclient.netty.request.NettyRequestSender -- Using open Channel [id: 0xd850032e, L:/127.0.0.1:49363 - R:/127.0.0.1:4723] for GET '/session/e4b30e9b-4b96-4927-bd03-c9a8ff7d8b59/url'
21:55:37.027 [AsyncHttpClient-1-2] DEBUG org.asynchttpclient.netty.handler.HttpHandler -- 

Request DefaultFullHttpRequest(decodeResult: success, version: HTTP/1.1, content: EmptyByteBufBE)
GET /session/e4b30e9b-4b96-4927-bd03-c9a8ff7d8b59/url HTTP/1.1
Cache-Control: no-cache
User-Agent: appium/8.3.0 (selenium/4.8.3 (java mac))
Content-Type: application/json; charset=utf-8
host: 127.0.0.1:4723
accept: */*

Response DefaultHttpResponse(decodeResult: success, version: HTTP/1.1)
HTTP/1.1 200 OK
X-Powered-By: Express
Content-Type: application/json; charset=utf-8
Content-Length: 90
ETag: W/"5a-SVzTdoqQsw2ztnbhgzn9TDJ+oVM"
Date: Sun, 06 Apr 2025 13:55:37 GMT
Connection: keep-alive
Keep-Alive: timeout=600

21:55:37.027 [AsyncHttpClient-1-2] DEBUG org.asynchttpclient.netty.channel.ChannelManager -- Adding key: http://127.0.0.1:4723 for channel [id: 0xd850032e, L:/127.0.0.1:49363 - R:/127.0.0.1:4723]
21:55:37.028 [Forwarding setTimeout on session e4b30e9b-4b96-4927-bd03-c9a8ff7d8b59 to remote] DEBUG org.asynchttpclient.netty.request.NettyRequestSender -- Using pooled Channel '[id: 0xd850032e, L:/127.0.0.1:49363 - R:/127.0.0.1:4723]' for 'POST' to 'http://127.0.0.1:4723/session/e4b30e9b-4b96-4927-bd03-c9a8ff7d8b59/timeouts'
21:55:37.028 [Forwarding setTimeout on session e4b30e9b-4b96-4927-bd03-c9a8ff7d8b59 to remote] DEBUG org.asynchttpclient.netty.request.NettyRequestSender -- Using open Channel [id: 0xd850032e, L:/127.0.0.1:49363 - R:/127.0.0.1:4723] for POST '/session/e4b30e9b-4b96-4927-bd03-c9a8ff7d8b59/timeouts'
21:55:37.031 [AsyncHttpClient-1-2] DEBUG org.asynchttpclient.netty.handler.HttpHandler -- 

Request DefaultHttpRequest(decodeResult: success, version: HTTP/1.1)
POST /session/e4b30e9b-4b96-4927-bd03-c9a8ff7d8b59/timeouts HTTP/1.1
User-Agent: appium/8.3.0 (selenium/4.8.3 (java mac))
Content-Length: 23
Content-Type: application/json; charset=utf-8
host: 127.0.0.1:4723
accept: */*

Response DefaultHttpResponse(decodeResult: success, version: HTTP/1.1)
HTTP/1.1 200 OK
X-Powered-By: Express
Vary: X-HTTP-Method-Override
Content-Type: application/json; charset=utf-8
Content-Length: 14
ETag: W/"e-9/1BuKMgFObM1mWJm+YjxtXJnUM"
Date: Sun, 06 Apr 2025 13:55:37 GMT
Connection: keep-alive
Keep-Alive: timeout=600

21:55:37.032 [AsyncHttpClient-1-2] DEBUG org.asynchttpclient.netty.channel.ChannelManager -- Adding key: http://127.0.0.1:4723 for channel [id: 0xd850032e, L:/127.0.0.1:49363 - R:/127.0.0.1:4723]
21:55:37.032 [Forwarding setTimeout on session e4b30e9b-4b96-4927-bd03-c9a8ff7d8b59 to remote] DEBUG org.asynchttpclient.netty.request.NettyRequestSender -- Using pooled Channel '[id: 0xd850032e, L:/127.0.0.1:49363 - R:/127.0.0.1:4723]' for 'POST' to 'http://127.0.0.1:4723/session/e4b30e9b-4b96-4927-bd03-c9a8ff7d8b59/timeouts'
21:55:37.032 [Forwarding setTimeout on session e4b30e9b-4b96-4927-bd03-c9a8ff7d8b59 to remote] DEBUG org.asynchttpclient.netty.request.NettyRequestSender -- Using open Channel [id: 0xd850032e, L:/127.0.0.1:49363 - R:/127.0.0.1:4723] for POST '/session/e4b30e9b-4b96-4927-bd03-c9a8ff7d8b59/timeouts'
21:55:37.035 [AsyncHttpClient-1-2] DEBUG org.asynchttpclient.netty.handler.HttpHandler -- 

Request DefaultHttpRequest(decodeResult: success, version: HTTP/1.1)
POST /session/e4b30e9b-4b96-4927-bd03-c9a8ff7d8b59/timeouts HTTP/1.1
User-Agent: appium/8.3.0 (selenium/4.8.3 (java mac))
Content-Length: 23
Content-Type: application/json; charset=utf-8
host: 127.0.0.1:4723
accept: */*

Response DefaultHttpResponse(decodeResult: success, version: HTTP/1.1)
HTTP/1.1 200 OK
X-Powered-By: Express
Vary: X-HTTP-Method-Override
Content-Type: application/json; charset=utf-8
Content-Length: 14
ETag: W/"e-9/1BuKMgFObM1mWJm+YjxtXJnUM"
Date: Sun, 06 Apr 2025 13:55:37 GMT
Connection: keep-alive
Keep-Alive: timeout=600

21:55:37.035 [AsyncHttpClient-1-2] DEBUG org.asynchttpclient.netty.channel.ChannelManager -- Adding key: http://127.0.0.1:4723 for channel [id: 0xd850032e, L:/127.0.0.1:49363 - R:/127.0.0.1:4723]
21:55:37.036 [Forwarding setTimeout on session e4b30e9b-4b96-4927-bd03-c9a8ff7d8b59 to remote] DEBUG org.asynchttpclient.netty.request.NettyRequestSender -- Using pooled Channel '[id: 0xd850032e, L:/127.0.0.1:49363 - R:/127.0.0.1:4723]' for 'POST' to 'http://127.0.0.1:4723/session/e4b30e9b-4b96-4927-bd03-c9a8ff7d8b59/timeouts'
21:55:37.036 [Forwarding setTimeout on session e4b30e9b-4b96-4927-bd03-c9a8ff7d8b59 to remote] DEBUG org.asynchttpclient.netty.request.NettyRequestSender -- Using open Channel [id: 0xd850032e, L:/127.0.0.1:49363 - R:/127.0.0.1:4723] for POST '/session/e4b30e9b-4b96-4927-bd03-c9a8ff7d8b59/timeouts'
21:55:37.039 [AsyncHttpClient-1-2] DEBUG org.asynchttpclient.netty.handler.HttpHandler -- 

Request DefaultHttpRequest(decodeResult: success, version: HTTP/1.1)
POST /session/e4b30e9b-4b96-4927-bd03-c9a8ff7d8b59/timeouts HTTP/1.1
User-Agent: appium/8.3.0 (selenium/4.8.3 (java mac))
Content-Length: 21
Content-Type: application/json; charset=utf-8
host: 127.0.0.1:4723
accept: */*

Response DefaultHttpResponse(decodeResult: success, version: HTTP/1.1)
HTTP/1.1 200 OK
X-Powered-By: Express
Vary: X-HTTP-Method-Override
Content-Type: application/json; charset=utf-8
Content-Length: 14
ETag: W/"e-9/1BuKMgFObM1mWJm+YjxtXJnUM"
Date: Sun, 06 Apr 2025 13:55:37 GMT
Connection: keep-alive
Keep-Alive: timeout=600

21:55:37.039 [AsyncHttpClient-1-2] DEBUG org.asynchttpclient.netty.channel.ChannelManager -- Adding key: http://127.0.0.1:4723 for channel [id: 0xd850032e, L:/127.0.0.1:49363 - R:/127.0.0.1:4723]
21:55:37.039 [main] INFO  com.cathay.test.config.AppiumConfig - MortgageCalculatorTest 初始化完成
21:55:37.040 [main] INFO com.cathay.test.tests.MortgageCalculatorTest -- 驗證 driver session 與重新導頁...
21:55:37.040 [Forwarding get on session e4b30e9b-4b96-4927-bd03-c9a8ff7d8b59 to remote] DEBUG org.asynchttpclient.netty.request.NettyRequestSender -- Using pooled Channel '[id: 0xd850032e, L:/127.0.0.1:49363 - R:/127.0.0.1:4723]' for 'POST' to 'http://127.0.0.1:4723/session/e4b30e9b-4b96-4927-bd03-c9a8ff7d8b59/url'
21:55:37.040 [Forwarding get on session e4b30e9b-4b96-4927-bd03-c9a8ff7d8b59 to remote] DEBUG org.asynchttpclient.netty.request.NettyRequestSender -- Using open Channel [id: 0xd850032e, L:/127.0.0.1:49363 - R:/127.0.0.1:4723] for POST '/session/e4b30e9b-4b96-4927-bd03-c9a8ff7d8b59/url'
21:55:38.777 [AsyncHttpClient-1-2] DEBUG org.asynchttpclient.netty.handler.HttpHandler -- 

Request DefaultHttpRequest(decodeResult: success, version: HTTP/1.1)
POST /session/e4b30e9b-4b96-4927-bd03-c9a8ff7d8b59/url HTTP/1.1
User-Agent: appium/8.3.0 (selenium/4.8.3 (java mac))
Content-Length: 133
Content-Type: application/json; charset=utf-8
host: 127.0.0.1:4723
accept: */*

Response DefaultHttpResponse(decodeResult: success, version: HTTP/1.1)
HTTP/1.1 200 OK
X-Powered-By: Express
Vary: X-HTTP-Method-Override
Content-Type: application/json; charset=utf-8
Content-Length: 14
ETag: W/"e-9/1BuKMgFObM1mWJm+YjxtXJnUM"
Date: Sun, 06 Apr 2025 13:55:38 GMT
Connection: keep-alive
Keep-Alive: timeout=600

21:55:38.778 [AsyncHttpClient-1-2] DEBUG org.asynchttpclient.netty.channel.ChannelManager -- Adding key: http://127.0.0.1:4723 for channel [id: 0xd850032e, L:/127.0.0.1:49363 - R:/127.0.0.1:4723]
21:55:38.778 [Forwarding getCurrentUrl on session e4b30e9b-4b96-4927-bd03-c9a8ff7d8b59 to remote] DEBUG org.asynchttpclient.netty.request.NettyRequestSender -- Using pooled Channel '[id: 0xd850032e, L:/127.0.0.1:49363 - R:/127.0.0.1:4723]' for 'GET' to 'http://127.0.0.1:4723/session/e4b30e9b-4b96-4927-bd03-c9a8ff7d8b59/url'
21:55:38.778 [Forwarding getCurrentUrl on session e4b30e9b-4b96-4927-bd03-c9a8ff7d8b59 to remote] DEBUG org.asynchttpclient.netty.request.NettyRequestSender -- Using open Channel [id: 0xd850032e, L:/127.0.0.1:49363 - R:/127.0.0.1:4723] for GET '/session/e4b30e9b-4b96-4927-bd03-c9a8ff7d8b59/url'
21:55:38.794 [AsyncHttpClient-1-2] DEBUG org.asynchttpclient.netty.handler.HttpHandler -- 

Request DefaultFullHttpRequest(decodeResult: success, version: HTTP/1.1, content: EmptyByteBufBE)
GET /session/e4b30e9b-4b96-4927-bd03-c9a8ff7d8b59/url HTTP/1.1
Cache-Control: no-cache
User-Agent: appium/8.3.0 (selenium/4.8.3 (java mac))
Content-Type: application/json; charset=utf-8
host: 127.0.0.1:4723
accept: */*

Response DefaultHttpResponse(decodeResult: success, version: HTTP/1.1)
HTTP/1.1 200 OK
X-Powered-By: Express
Content-Type: application/json; charset=utf-8
Content-Length: 90
ETag: W/"5a-SVzTdoqQsw2ztnbhgzn9TDJ+oVM"
Date: Sun, 06 Apr 2025 13:55:38 GMT
Connection: keep-alive
Keep-Alive: timeout=600

21:55:38.794 [AsyncHttpClient-1-2] DEBUG org.asynchttpclient.netty.channel.ChannelManager -- Adding key: http://127.0.0.1:4723 for channel [id: 0xd850032e, L:/127.0.0.1:49363 - R:/127.0.0.1:4723]
*********3rd party cookie Current URL: https://www.cathaybk.com.tw/cathaybk/personal/loan/calculator/mortgage-budget/
21:55:38.795 [Forwarding getCookies on session e4b30e9b-4b96-4927-bd03-c9a8ff7d8b59 to remote] DEBUG org.asynchttpclient.netty.request.NettyRequestSender -- Using pooled Channel '[id: 0xd850032e, L:/127.0.0.1:49363 - R:/127.0.0.1:4723]' for 'GET' to 'http://127.0.0.1:4723/session/e4b30e9b-4b96-4927-bd03-c9a8ff7d8b59/cookie'
21:55:38.795 [Forwarding getCookies on session e4b30e9b-4b96-4927-bd03-c9a8ff7d8b59 to remote] DEBUG org.asynchttpclient.netty.request.NettyRequestSender -- Using open Channel [id: 0xd850032e, L:/127.0.0.1:49363 - R:/127.0.0.1:4723] for GET '/session/e4b30e9b-4b96-4927-bd03-c9a8ff7d8b59/cookie'
21:55:38.828 [AsyncHttpClient-1-2] DEBUG org.asynchttpclient.netty.handler.HttpHandler -- 

Request DefaultFullHttpRequest(decodeResult: success, version: HTTP/1.1, content: EmptyByteBufBE)
GET /session/e4b30e9b-4b96-4927-bd03-c9a8ff7d8b59/cookie HTTP/1.1
Cache-Control: no-cache
User-Agent: appium/8.3.0 (selenium/4.8.3 (java mac))
Content-Type: application/json; charset=utf-8
host: 127.0.0.1:4723
accept: */*

Response DefaultHttpResponse(decodeResult: success, version: HTTP/1.1)
HTTP/1.1 200 OK
X-Powered-By: Express
Content-Type: application/json; charset=utf-8
Content-Length: 7717
ETag: W/"1e25-cTQ1VawmCWw7uaD5D3Z6LVvwtNg"
Date: Sun, 06 Apr 2025 13:55:38 GMT
Connection: keep-alive
Keep-Alive: timeout=600

21:55:38.829 [AsyncHttpClient-1-2] DEBUG org.asynchttpclient.netty.channel.ChannelManager -- Adding key: http://127.0.0.1:4723 for channel [id: 0xd850032e, L:/127.0.0.1:49363 - R:/127.0.0.1:4723]
*********Cookie: dv0qai26lg6v2y6kl7yyc36brextdrk16zga0ixg = 1k0h15ksl3p
*********Cookie: citrix_ns_id = AAE71IfyZzsrhlcHAAAAADvLSubBRkGc__LEO6ELGaG0bRrxaUs5VJvomfRtXIpqOw==XYvyZw==kBq3SwNKkpn5hvgU2jkQZBIHwAE=
*********Cookie: ASP.NET_SessionId = egke5ulueqfxuvy2pxmjiaya
*********Cookie: dv0qai26lg6v2y6kl7yyc36brextdzzr4u7klvij = bifbgox7ar
*********Cookie: dv0qai26lg6v2y6kl7yyc36brextd67pube0pgn3 = oqelw8lffz
*********Cookie: dv0qai26lg6v2y6kl7yyc36brextdrfe58l6pab = buq7ilcr60q
*********Cookie: dv0qai26lg6v2y6kl7yyc36brextdkpad9dgd0lc = 7chw4t35z7d
*********Cookie: dv0qai26lg6v2y6kl7yyc36brextd4x33tjfjxb7 = bds852yamta
*********Cookie: _ss_pp_id = 5d0dea898972d2ac9661743918934873
*********Cookie: _mg_ckp = eyJja1RrZERGIjoiIn0=
*********Cookie: shell#lang = en
*********Cookie: mbox = session#d1274a436c1f484a84357646e7436314#1743949599|PC#d1274a436c1f484a84357646e7436314.32_0#1807192539
*********Cookie: dv0qai26lg6v2y6kl7yyc36brextdmrvlcnyl17 = oq2jzn8icvd
*********Cookie: dv0qai26lg6v2y6kl7yyc36brextdmoo7a6mla4c = cd1d6g5w9in
*********Cookie: _td = 78188fc0-fea2-4b87-b8b1-0ee8f5793f72
*********Cookie: dv0qai26lg6v2y6kl7yyc36brextdb3lwxszv88e = 24u9r9rln9ai
*********Cookie: _uetvid = cffba1a012ee11f094678f5452366f67
*********Cookie: dv0qai26lg6v2y6kl7yyc36brextde27zobnbd2g = w4c4m2wxxg
*********Cookie: dv0qai26lg6v2y6kl7yyc36brextdpbjgv9uphip = p8hh39h31fi
*********Cookie: _uetsid = cffb485012ee11f0a0284f7ddad84442
*********Cookie: dv0qai26lg6v2y6kl7yyc36brextd8ahz43t1dxq = t769j2baobl
*********Cookie: _ga_T2T689XRGT = GS1.1.1743947734.1.1.1743947738.56.0.0
*********Cookie: AMCV_B877A5DB584931AC0A495EAA%40AdobeOrg = 1585540135%7CMCIDTS%7C20185%7CMCMID%7C16134603654607589644057199530895975531%7CMCAAMLH-1744552534%7C11%7CMCAAMB-1744552534%7C6G1ynYcLPuiQxYZrsz_pkqfLG9yMXBpb2zX5dvJdYQJzPXImdj0y%7CMCCIDH%7C1062709688%7CMCOPTOUT-1743954934s%7CNONE%7CMCSYNCSOP%7C411-20192%7CvVersion%7C4.4.0
*********Cookie: at_check = true
*********Cookie: _fbp = fb.2.1743947734851.100092843963438776
*********Cookie: __lt__cid = 1b7163de-1c61-4ec1-bce8-0e6009b86a53
*********Cookie: dv0qai26lg6v2y6kl7yyc36brextd823ivnhqk5 = fkf8s6t1guh
*********Cookie: dv0qai26lg6v2y6kl7yyc36brextdvaylely2y7 = 3oi9oeik7lv
*********Cookie: __lt__sid = 09309a51-b4c83769
*********Cookie: dv0qai26lg6v2y6kl7yyc36brextdhvmx3qfpy2m = i9xm7lbj2h
*********Cookie: cathaybk_new = 4bb3a3d8d4f078cfaa7badb04abb60df7ed08c3d037be7593e9c32d57ce56d7fc2c8d446
*********Cookie: __mguid_ = 43f49d3bcad348c0a4bcd65076a1e848
*********Cookie: FingerprintCookie = a83734ca5c2401a34f4ad325dff7c9ff
*********Cookie: dv0qai26lg6v2y6kl7yyc36brextdr7cyk9fgcmg = r26g7frzzba
*********Cookie: dv0qai26lg6v2y6kl7yyc36brextdihiqpi8kj6j = p9u39rp444
*********Cookie: dv0qai26lg6v2y6kl7yyc36brextdlsm23ngwadm = jw7yrv1j3nk
*********Cookie: usy46gabsosd = cubcsa_17439477336180.c0186d1c7e1f4f5889ac8418450a90bb_4867
*********Cookie: _ga = GA1.1.973155483.1743947734
*********Cookie: dv0qai26lg6v2y6kl7yyc36brextdzek81zknjar = 60o40eun77x
*********Cookie: _gcl_au = 1.1.8117991.1743947734
*********Cookie: AMCVS_B877A5DB584931AC0A495EAA%40AdobeOrg = 1
*********Cookie: dv0qai26lg6v2y6kl7yyc36brextdq0kh2iyina = obau4o0g6k
21:55:38.830 [Forwarding getCurrentUrl on session e4b30e9b-4b96-4927-bd03-c9a8ff7d8b59 to remote] DEBUG org.asynchttpclient.netty.request.NettyRequestSender -- Using pooled Channel '[id: 0xd850032e, L:/127.0.0.1:49363 - R:/127.0.0.1:4723]' for 'GET' to 'http://127.0.0.1:4723/session/e4b30e9b-4b96-4927-bd03-c9a8ff7d8b59/url'
21:55:38.830 [Forwarding getCurrentUrl on session e4b30e9b-4b96-4927-bd03-c9a8ff7d8b59 to remote] DEBUG org.asynchttpclient.netty.request.NettyRequestSender -- Using open Channel [id: 0xd850032e, L:/127.0.0.1:49363 - R:/127.0.0.1:4723] for GET '/session/e4b30e9b-4b96-4927-bd03-c9a8ff7d8b59/url'
21:55:38.860 [AsyncHttpClient-1-2] DEBUG org.asynchttpclient.netty.handler.HttpHandler -- 

Request DefaultFullHttpRequest(decodeResult: success, version: HTTP/1.1, content: EmptyByteBufBE)
GET /session/e4b30e9b-4b96-4927-bd03-c9a8ff7d8b59/url HTTP/1.1
Cache-Control: no-cache
User-Agent: appium/8.3.0 (selenium/4.8.3 (java mac))
Content-Type: application/json; charset=utf-8
host: 127.0.0.1:4723
accept: */*

Response DefaultHttpResponse(decodeResult: success, version: HTTP/1.1)
HTTP/1.1 200 OK
X-Powered-By: Express
Content-Type: application/json; charset=utf-8
Content-Length: 90
ETag: W/"5a-SVzTdoqQsw2ztnbhgzn9TDJ+oVM"
Date: Sun, 06 Apr 2025 13:55:38 GMT
Connection: keep-alive
Keep-Alive: timeout=600

21:55:38.860 [AsyncHttpClient-1-2] DEBUG org.asynchttpclient.netty.channel.ChannelManager -- Adding key: http://127.0.0.1:4723 for channel [id: 0xd850032e, L:/127.0.0.1:49363 - R:/127.0.0.1:4723]
21:55:38.860 [Forwarding setTimeout on session e4b30e9b-4b96-4927-bd03-c9a8ff7d8b59 to remote] DEBUG org.asynchttpclient.netty.request.NettyRequestSender -- Using pooled Channel '[id: 0xd850032e, L:/127.0.0.1:49363 - R:/127.0.0.1:4723]' for 'POST' to 'http://127.0.0.1:4723/session/e4b30e9b-4b96-4927-bd03-c9a8ff7d8b59/timeouts'
21:55:38.860 [Forwarding setTimeout on session e4b30e9b-4b96-4927-bd03-c9a8ff7d8b59 to remote] DEBUG org.asynchttpclient.netty.request.NettyRequestSender -- Using open Channel [id: 0xd850032e, L:/127.0.0.1:49363 - R:/127.0.0.1:4723] for POST '/session/e4b30e9b-4b96-4927-bd03-c9a8ff7d8b59/timeouts'
21:55:38.863 [AsyncHttpClient-1-2] DEBUG org.asynchttpclient.netty.handler.HttpHandler -- 

Request DefaultHttpRequest(decodeResult: success, version: HTTP/1.1)
POST /session/e4b30e9b-4b96-4927-bd03-c9a8ff7d8b59/timeouts HTTP/1.1
User-Agent: appium/8.3.0 (selenium/4.8.3 (java mac))
Content-Length: 23
Content-Type: application/json; charset=utf-8
host: 127.0.0.1:4723
accept: */*

Response DefaultHttpResponse(decodeResult: success, version: HTTP/1.1)
HTTP/1.1 200 OK
X-Powered-By: Express
Vary: X-HTTP-Method-Override
Content-Type: application/json; charset=utf-8
Content-Length: 14
ETag: W/"e-9/1BuKMgFObM1mWJm+YjxtXJnUM"
Date: Sun, 06 Apr 2025 13:55:38 GMT
Connection: keep-alive
Keep-Alive: timeout=600

21:55:38.863 [AsyncHttpClient-1-2] DEBUG org.asynchttpclient.netty.channel.ChannelManager -- Adding key: http://127.0.0.1:4723 for channel [id: 0xd850032e, L:/127.0.0.1:49363 - R:/127.0.0.1:4723]
21:55:38.865 [Forwarding setTimeout on session e4b30e9b-4b96-4927-bd03-c9a8ff7d8b59 to remote] DEBUG org.asynchttpclient.netty.request.NettyRequestSender -- Using pooled Channel '[id: 0xd850032e, L:/127.0.0.1:49363 - R:/127.0.0.1:4723]' for 'POST' to 'http://127.0.0.1:4723/session/e4b30e9b-4b96-4927-bd03-c9a8ff7d8b59/timeouts'
21:55:38.865 [Forwarding setTimeout on session e4b30e9b-4b96-4927-bd03-c9a8ff7d8b59 to remote] DEBUG org.asynchttpclient.netty.request.NettyRequestSender -- Using open Channel [id: 0xd850032e, L:/127.0.0.1:49363 - R:/127.0.0.1:4723] for POST '/session/e4b30e9b-4b96-4927-bd03-c9a8ff7d8b59/timeouts'
21:55:38.874 [AsyncHttpClient-1-2] DEBUG org.asynchttpclient.netty.handler.HttpHandler -- 

Request DefaultHttpRequest(decodeResult: success, version: HTTP/1.1)
POST /session/e4b30e9b-4b96-4927-bd03-c9a8ff7d8b59/timeouts HTTP/1.1
User-Agent: appium/8.3.0 (selenium/4.8.3 (java mac))
Content-Length: 23
Content-Type: application/json; charset=utf-8
host: 127.0.0.1:4723
accept: */*

Response DefaultHttpResponse(decodeResult: success, version: HTTP/1.1)
HTTP/1.1 200 OK
X-Powered-By: Express
Vary: X-HTTP-Method-Override
Content-Type: application/json; charset=utf-8
Content-Length: 14
ETag: W/"e-9/1BuKMgFObM1mWJm+YjxtXJnUM"
Date: Sun, 06 Apr 2025 13:55:38 GMT
Connection: keep-alive
Keep-Alive: timeout=600

21:55:38.874 [AsyncHttpClient-1-2] DEBUG org.asynchttpclient.netty.channel.ChannelManager -- Adding key: http://127.0.0.1:4723 for channel [id: 0xd850032e, L:/127.0.0.1:49363 - R:/127.0.0.1:4723]
21:55:38.875 [Forwarding setTimeout on session e4b30e9b-4b96-4927-bd03-c9a8ff7d8b59 to remote] DEBUG org.asynchttpclient.netty.request.NettyRequestSender -- Using pooled Channel '[id: 0xd850032e, L:/127.0.0.1:49363 - R:/127.0.0.1:4723]' for 'POST' to 'http://127.0.0.1:4723/session/e4b30e9b-4b96-4927-bd03-c9a8ff7d8b59/timeouts'
21:55:38.875 [Forwarding setTimeout on session e4b30e9b-4b96-4927-bd03-c9a8ff7d8b59 to remote] DEBUG org.asynchttpclient.netty.request.NettyRequestSender -- Using open Channel [id: 0xd850032e, L:/127.0.0.1:49363 - R:/127.0.0.1:4723] for POST '/session/e4b30e9b-4b96-4927-bd03-c9a8ff7d8b59/timeouts'
21:55:38.879 [AsyncHttpClient-1-2] DEBUG org.asynchttpclient.netty.handler.HttpHandler -- 

Request DefaultHttpRequest(decodeResult: success, version: HTTP/1.1)
POST /session/e4b30e9b-4b96-4927-bd03-c9a8ff7d8b59/timeouts HTTP/1.1
User-Agent: appium/8.3.0 (selenium/4.8.3 (java mac))
Content-Length: 21
Content-Type: application/json; charset=utf-8
host: 127.0.0.1:4723
accept: */*

Response DefaultHttpResponse(decodeResult: success, version: HTTP/1.1)
HTTP/1.1 200 OK
X-Powered-By: Express
Vary: X-HTTP-Method-Override
Content-Type: application/json; charset=utf-8
Content-Length: 14
ETag: W/"e-9/1BuKMgFObM1mWJm+YjxtXJnUM"
Date: Sun, 06 Apr 2025 13:55:38 GMT
Connection: keep-alive
Keep-Alive: timeout=600

21:55:38.879 [AsyncHttpClient-1-2] DEBUG org.asynchttpclient.netty.channel.ChannelManager -- Adding key: http://127.0.0.1:4723 for channel [id: 0xd850032e, L:/127.0.0.1:49363 - R:/127.0.0.1:4723]
21:55:38.880 [main] INFO com.cathay.test.tests.MortgageCalculatorTest -- MortgageCalculatorTest 驗證完成
房貸試算功能測試 - 點選重新試算
21:55:38.881 [main] INFO com.cathay.test.tests.MortgageCalculatorTest -- testMortgageCalculationReset
21:55:38.881 [Forwarding get on session e4b30e9b-4b96-4927-bd03-c9a8ff7d8b59 to remote] DEBUG org.asynchttpclient.netty.request.NettyRequestSender -- Using pooled Channel '[id: 0xd850032e, L:/127.0.0.1:49363 - R:/127.0.0.1:4723]' for 'POST' to 'http://127.0.0.1:4723/session/e4b30e9b-4b96-4927-bd03-c9a8ff7d8b59/url'
21:55:38.881 [Forwarding get on session e4b30e9b-4b96-4927-bd03-c9a8ff7d8b59 to remote] DEBUG org.asynchttpclient.netty.request.NettyRequestSender -- Using open Channel [id: 0xd850032e, L:/127.0.0.1:49363 - R:/127.0.0.1:4723] for POST '/session/e4b30e9b-4b96-4927-bd03-c9a8ff7d8b59/url'
21:55:40.497 [AsyncHttpClient-1-2] DEBUG org.asynchttpclient.netty.handler.HttpHandler -- 

Request DefaultHttpRequest(decodeResult: success, version: HTTP/1.1)
POST /session/e4b30e9b-4b96-4927-bd03-c9a8ff7d8b59/url HTTP/1.1
User-Agent: appium/8.3.0 (selenium/4.8.3 (java mac))
Content-Length: 133
Content-Type: application/json; charset=utf-8
host: 127.0.0.1:4723
accept: */*

Response DefaultHttpResponse(decodeResult: success, version: HTTP/1.1)
HTTP/1.1 200 OK
X-Powered-By: Express
Vary: X-HTTP-Method-Override
Content-Type: application/json; charset=utf-8
Content-Length: 14
ETag: W/"e-9/1BuKMgFObM1mWJm+YjxtXJnUM"
Date: Sun, 06 Apr 2025 13:55:40 GMT
Connection: keep-alive
Keep-Alive: timeout=600

21:55:40.497 [AsyncHttpClient-1-2] DEBUG org.asynchttpclient.netty.channel.ChannelManager -- Adding key: http://127.0.0.1:4723 for channel [id: 0xd850032e, L:/127.0.0.1:49363 - R:/127.0.0.1:4723]
21:55:40.497 [Forwarding getCurrentUrl on session e4b30e9b-4b96-4927-bd03-c9a8ff7d8b59 to remote] DEBUG org.asynchttpclient.netty.request.NettyRequestSender -- Using pooled Channel '[id: 0xd850032e, L:/127.0.0.1:49363 - R:/127.0.0.1:4723]' for 'GET' to 'http://127.0.0.1:4723/session/e4b30e9b-4b96-4927-bd03-c9a8ff7d8b59/url'
21:55:40.497 [Forwarding getCurrentUrl on session e4b30e9b-4b96-4927-bd03-c9a8ff7d8b59 to remote] DEBUG org.asynchttpclient.netty.request.NettyRequestSender -- Using open Channel [id: 0xd850032e, L:/127.0.0.1:49363 - R:/127.0.0.1:4723] for GET '/session/e4b30e9b-4b96-4927-bd03-c9a8ff7d8b59/url'
21:55:40.602 [AsyncHttpClient-1-2] DEBUG org.asynchttpclient.netty.handler.HttpHandler -- 

Request DefaultFullHttpRequest(decodeResult: success, version: HTTP/1.1, content: EmptyByteBufBE)
GET /session/e4b30e9b-4b96-4927-bd03-c9a8ff7d8b59/url HTTP/1.1
Cache-Control: no-cache
User-Agent: appium/8.3.0 (selenium/4.8.3 (java mac))
Content-Type: application/json; charset=utf-8
host: 127.0.0.1:4723
accept: */*

Response DefaultHttpResponse(decodeResult: success, version: HTTP/1.1)
HTTP/1.1 200 OK
X-Powered-By: Express
Content-Type: application/json; charset=utf-8
Content-Length: 90
ETag: W/"5a-SVzTdoqQsw2ztnbhgzn9TDJ+oVM"
Date: Sun, 06 Apr 2025 13:55:40 GMT
Connection: keep-alive
Keep-Alive: timeout=600

21:55:40.602 [AsyncHttpClient-1-2] DEBUG org.asynchttpclient.netty.channel.ChannelManager -- Adding key: http://127.0.0.1:4723 for channel [id: 0xd850032e, L:/127.0.0.1:49363 - R:/127.0.0.1:4723]
*********3rd party cookie Current URL: https://www.cathaybk.com.tw/cathaybk/personal/loan/calculator/mortgage-budget/
21:55:40.602 [Forwarding getCookies on session e4b30e9b-4b96-4927-bd03-c9a8ff7d8b59 to remote] DEBUG org.asynchttpclient.netty.request.NettyRequestSender -- Using pooled Channel '[id: 0xd850032e, L:/127.0.0.1:49363 - R:/127.0.0.1:4723]' for 'GET' to 'http://127.0.0.1:4723/session/e4b30e9b-4b96-4927-bd03-c9a8ff7d8b59/cookie'
21:55:40.602 [Forwarding getCookies on session e4b30e9b-4b96-4927-bd03-c9a8ff7d8b59 to remote] DEBUG org.asynchttpclient.netty.request.NettyRequestSender -- Using open Channel [id: 0xd850032e, L:/127.0.0.1:49363 - R:/127.0.0.1:4723] for GET '/session/e4b30e9b-4b96-4927-bd03-c9a8ff7d8b59/cookie'
21:55:40.632 [AsyncHttpClient-1-2] DEBUG org.asynchttpclient.netty.handler.HttpHandler -- 

Request DefaultFullHttpRequest(decodeResult: success, version: HTTP/1.1, content: EmptyByteBufBE)
GET /session/e4b30e9b-4b96-4927-bd03-c9a8ff7d8b59/cookie HTTP/1.1
Cache-Control: no-cache
User-Agent: appium/8.3.0 (selenium/4.8.3 (java mac))
Content-Type: application/json; charset=utf-8
host: 127.0.0.1:4723
accept: */*

Response DefaultHttpResponse(decodeResult: success, version: HTTP/1.1)
HTTP/1.1 200 OK
X-Powered-By: Express
Content-Type: application/json; charset=utf-8
Content-Length: 4087
ETag: W/"ff7-rUALk7SN5Le+X2M57q3ItlPNt0U"
Date: Sun, 06 Apr 2025 13:55:40 GMT
Connection: keep-alive
Keep-Alive: timeout=600

21:55:40.633 [AsyncHttpClient-1-2] DEBUG org.asynchttpclient.netty.channel.ChannelManager -- Adding key: http://127.0.0.1:4723 for channel [id: 0xd850032e, L:/127.0.0.1:49363 - R:/127.0.0.1:4723]
*********Cookie: citrix_ns_id = AAE71IfyZzsrhlcHAAAAADvLSubBRkGc__LEO6ELGaG0bRrxaUs5VJvomfRtXIpqOw==X4vyZw==I6o3lMP4PLq6UvgPcPTZ-LIKdag=
*********Cookie: ASP.NET_SessionId = egke5ulueqfxuvy2pxmjiaya
*********Cookie: _ss_pp_id = 5d0dea898972d2ac9661743918934873
*********Cookie: __lt__sid = 09309a51-b4c83769
*********Cookie: _mg_ckp = eyJja1RrZERGIjoiIn0=
*********Cookie: cathaybk_new = 4bb3a3d8d4f078cfaa7badb04abb60df7ed08c3d037be7593e9c32d57ce56d7fc2c8d446
*********Cookie: __mguid_ = 43f49d3bcad348c0a4bcd65076a1e848
*********Cookie: FingerprintCookie = a83734ca5c2401a34f4ad325dff7c9ff
*********Cookie: shell#lang = en
*********Cookie: mbox = session#d1274a436c1f484a84357646e7436314#1743949600|PC#d1274a436c1f484a84357646e7436314.32_0#1807192540
*********Cookie: _td = 78188fc0-fea2-4b87-b8b1-0ee8f5793f72
*********Cookie: _uetvid = cffba1a012ee11f094678f5452366f67
*********Cookie: usy46gabsosd = cubcsa_17439477336180.c0186d1c7e1f4f5889ac8418450a90bb_4867
*********Cookie: _uetsid = cffb485012ee11f0a0284f7ddad84442
*********Cookie: _ga_T2T689XRGT = GS1.1.1743947734.1.1.1743947740.54.0.0
*********Cookie: AMCV_B877A5DB584931AC0A495EAA%40AdobeOrg = 1585540135%7CMCIDTS%7C20185%7CMCMID%7C16134603654607589644057199530895975531%7CMCAAMLH-1744552534%7C11%7CMCAAMB-1744552534%7C6G1ynYcLPuiQxYZrsz_pkqfLG9yMXBpb2zX5dvJdYQJzPXImdj0y%7CMCCIDH%7C1062709688%7CMCOPTOUT-1743954934s%7CNONE%7CMCSYNCSOP%7C411-20192%7CvVersion%7C4.4.0
*********Cookie: _ga = GA1.1.973155483.1743947734
*********Cookie: _fbp = fb.2.1743947734851.100092843963438776
*********Cookie: at_check = true
*********Cookie: __lt__cid = 1b7163de-1c61-4ec1-bce8-0e6009b86a53
*********Cookie: _gcl_au = 1.1.8117991.1743947734
*********Cookie: AMCVS_B877A5DB584931AC0A495EAA%40AdobeOrg = 1
21:55:40.634 [Forwarding getCurrentUrl on session e4b30e9b-4b96-4927-bd03-c9a8ff7d8b59 to remote] DEBUG org.asynchttpclient.netty.request.NettyRequestSender -- Using pooled Channel '[id: 0xd850032e, L:/127.0.0.1:49363 - R:/127.0.0.1:4723]' for 'GET' to 'http://127.0.0.1:4723/session/e4b30e9b-4b96-4927-bd03-c9a8ff7d8b59/url'
21:55:40.634 [Forwarding getCurrentUrl on session e4b30e9b-4b96-4927-bd03-c9a8ff7d8b59 to remote] DEBUG org.asynchttpclient.netty.request.NettyRequestSender -- Using open Channel [id: 0xd850032e, L:/127.0.0.1:49363 - R:/127.0.0.1:4723] for GET '/session/e4b30e9b-4b96-4927-bd03-c9a8ff7d8b59/url'
21:55:40.661 [AsyncHttpClient-1-2] DEBUG org.asynchttpclient.netty.handler.HttpHandler -- 

Request DefaultFullHttpRequest(decodeResult: success, version: HTTP/1.1, content: EmptyByteBufBE)
GET /session/e4b30e9b-4b96-4927-bd03-c9a8ff7d8b59/url HTTP/1.1
Cache-Control: no-cache
User-Agent: appium/8.3.0 (selenium/4.8.3 (java mac))
Content-Type: application/json; charset=utf-8
host: 127.0.0.1:4723
accept: */*

Response DefaultHttpResponse(decodeResult: success, version: HTTP/1.1)
HTTP/1.1 200 OK
X-Powered-By: Express
Content-Type: application/json; charset=utf-8
Content-Length: 90
ETag: W/"5a-SVzTdoqQsw2ztnbhgzn9TDJ+oVM"
Date: Sun, 06 Apr 2025 13:55:40 GMT
Connection: keep-alive
Keep-Alive: timeout=600

21:55:40.661 [AsyncHttpClient-1-2] DEBUG org.asynchttpclient.netty.channel.ChannelManager -- Adding key: http://127.0.0.1:4723 for channel [id: 0xd850032e, L:/127.0.0.1:49363 - R:/127.0.0.1:4723]
21:55:40.662 [main] INFO com.cathay.test.tests.MortgageCalculatorTest -- 已開啟房貸試算頁面: https://www.cathaybk.com.tw/cathaybk/personal/loan/calculator/mortgage-budget/
21:55:40.662 [Forwarding findElement on session e4b30e9b-4b96-4927-bd03-c9a8ff7d8b59 to remote] DEBUG org.asynchttpclient.netty.request.NettyRequestSender -- Using pooled Channel '[id: 0xd850032e, L:/127.0.0.1:49363 - R:/127.0.0.1:4723]' for 'POST' to 'http://127.0.0.1:4723/session/e4b30e9b-4b96-4927-bd03-c9a8ff7d8b59/element'
21:55:40.662 [Forwarding findElement on session e4b30e9b-4b96-4927-bd03-c9a8ff7d8b59 to remote] DEBUG org.asynchttpclient.netty.request.NettyRequestSender -- Using open Channel [id: 0xd850032e, L:/127.0.0.1:49363 - R:/127.0.0.1:4723] for POST '/session/e4b30e9b-4b96-4927-bd03-c9a8ff7d8b59/element'
21:55:40.689 [AsyncHttpClient-1-2] DEBUG org.asynchttpclient.netty.handler.HttpHandler -- 

Request DefaultHttpRequest(decodeResult: success, version: HTTP/1.1)
POST /session/e4b30e9b-4b96-4927-bd03-c9a8ff7d8b59/element HTTP/1.1
User-Agent: appium/8.3.0 (selenium/4.8.3 (java mac))
Content-Length: 64
Content-Type: application/json; charset=utf-8
host: 127.0.0.1:4723
accept: */*

Response DefaultHttpResponse(decodeResult: success, version: HTTP/1.1)
HTTP/1.1 200 OK
X-Powered-By: Express
Vary: X-HTTP-Method-Override
Content-Type: application/json; charset=utf-8
Content-Length: 215
ETag: W/"d7-O/stnbfxXs+WUoh2XF6hu/Fasz0"
Date: Sun, 06 Apr 2025 13:55:40 GMT
Connection: keep-alive
Keep-Alive: timeout=600

21:55:40.689 [AsyncHttpClient-1-2] DEBUG org.asynchttpclient.netty.channel.ChannelManager -- Adding key: http://127.0.0.1:4723 for channel [id: 0xd850032e, L:/127.0.0.1:49363 - R:/127.0.0.1:4723]
21:55:40.692 [Forwarding executeScript on session e4b30e9b-4b96-4927-bd03-c9a8ff7d8b59 to remote] DEBUG org.asynchttpclient.netty.request.NettyRequestSender -- Using pooled Channel '[id: 0xd850032e, L:/127.0.0.1:49363 - R:/127.0.0.1:4723]' for 'POST' to 'http://127.0.0.1:4723/session/e4b30e9b-4b96-4927-bd03-c9a8ff7d8b59/execute/sync'
21:55:40.692 [Forwarding executeScript on session e4b30e9b-4b96-4927-bd03-c9a8ff7d8b59 to remote] DEBUG org.asynchttpclient.netty.request.NettyRequestSender -- Using open Channel [id: 0xd850032e, L:/127.0.0.1:49363 - R:/127.0.0.1:4723] for POST '/session/e4b30e9b-4b96-4927-bd03-c9a8ff7d8b59/execute/sync'
21:55:40.731 [AsyncHttpClient-1-2] DEBUG org.asynchttpclient.netty.handler.HttpHandler -- 

Request DefaultHttpRequest(decodeResult: success, version: HTTP/1.1)
POST /session/e4b30e9b-4b96-4927-bd03-c9a8ff7d8b59/execute/sync HTTP/1.1
User-Agent: appium/8.3.0 (selenium/4.8.3 (java mac))
Content-Length: 347
Content-Type: application/json; charset=utf-8
host: 127.0.0.1:4723
accept: */*

Response DefaultHttpResponse(decodeResult: success, version: HTTP/1.1)
HTTP/1.1 200 OK
X-Powered-By: Express
Vary: X-HTTP-Method-Override
Content-Type: application/json; charset=utf-8
Content-Length: 14
ETag: W/"e-9/1BuKMgFObM1mWJm+YjxtXJnUM"
Date: Sun, 06 Apr 2025 13:55:40 GMT
Connection: keep-alive
Keep-Alive: timeout=600

21:55:40.731 [AsyncHttpClient-1-2] DEBUG org.asynchttpclient.netty.channel.ChannelManager -- Adding key: http://127.0.0.1:4723 for channel [id: 0xd850032e, L:/127.0.0.1:49363 - R:/127.0.0.1:4723]
21:55:40.732 [Forwarding findElement on session e4b30e9b-4b96-4927-bd03-c9a8ff7d8b59 to remote] DEBUG org.asynchttpclient.netty.request.NettyRequestSender -- Using pooled Channel '[id: 0xd850032e, L:/127.0.0.1:49363 - R:/127.0.0.1:4723]' for 'POST' to 'http://127.0.0.1:4723/session/e4b30e9b-4b96-4927-bd03-c9a8ff7d8b59/element'
21:55:40.732 [Forwarding findElement on session e4b30e9b-4b96-4927-bd03-c9a8ff7d8b59 to remote] DEBUG org.asynchttpclient.netty.request.NettyRequestSender -- Using open Channel [id: 0xd850032e, L:/127.0.0.1:49363 - R:/127.0.0.1:4723] for POST '/session/e4b30e9b-4b96-4927-bd03-c9a8ff7d8b59/element'
21:55:40.761 [AsyncHttpClient-1-2] DEBUG org.asynchttpclient.netty.handler.HttpHandler -- 

Request DefaultHttpRequest(decodeResult: success, version: HTTP/1.1)
POST /session/e4b30e9b-4b96-4927-bd03-c9a8ff7d8b59/element HTTP/1.1
User-Agent: appium/8.3.0 (selenium/4.8.3 (java mac))
Content-Length: 64
Content-Type: application/json; charset=utf-8
host: 127.0.0.1:4723
accept: */*

Response DefaultHttpResponse(decodeResult: success, version: HTTP/1.1)
HTTP/1.1 200 OK
X-Powered-By: Express
Vary: X-HTTP-Method-Override
Content-Type: application/json; charset=utf-8
Content-Length: 215
ETag: W/"d7-lw4xnczPTz4Piphwjb+XAczYAs8"
Date: Sun, 06 Apr 2025 13:55:40 GMT
Connection: keep-alive
Keep-Alive: timeout=600

21:55:40.761 [AsyncHttpClient-1-2] DEBUG org.asynchttpclient.netty.channel.ChannelManager -- Adding key: http://127.0.0.1:4723 for channel [id: 0xd850032e, L:/127.0.0.1:49363 - R:/127.0.0.1:4723]
21:55:40.762 [Forwarding executeScript on session e4b30e9b-4b96-4927-bd03-c9a8ff7d8b59 to remote] DEBUG org.asynchttpclient.netty.request.NettyRequestSender -- Using pooled Channel '[id: 0xd850032e, L:/127.0.0.1:49363 - R:/127.0.0.1:4723]' for 'POST' to 'http://127.0.0.1:4723/session/e4b30e9b-4b96-4927-bd03-c9a8ff7d8b59/execute/sync'
21:55:40.762 [Forwarding executeScript on session e4b30e9b-4b96-4927-bd03-c9a8ff7d8b59 to remote] DEBUG org.asynchttpclient.netty.request.NettyRequestSender -- Using open Channel [id: 0xd850032e, L:/127.0.0.1:49363 - R:/127.0.0.1:4723] for POST '/session/e4b30e9b-4b96-4927-bd03-c9a8ff7d8b59/execute/sync'
21:55:40.785 [AsyncHttpClient-1-2] DEBUG org.asynchttpclient.netty.handler.HttpHandler -- 

Request DefaultHttpRequest(decodeResult: success, version: HTTP/1.1)
POST /session/e4b30e9b-4b96-4927-bd03-c9a8ff7d8b59/execute/sync HTTP/1.1
User-Agent: appium/8.3.0 (selenium/4.8.3 (java mac))
Content-Length: 347
Content-Type: application/json; charset=utf-8
host: 127.0.0.1:4723
accept: */*

Response DefaultHttpResponse(decodeResult: success, version: HTTP/1.1)
HTTP/1.1 200 OK
X-Powered-By: Express
Vary: X-HTTP-Method-Override
Content-Type: application/json; charset=utf-8
Content-Length: 14
ETag: W/"e-9/1BuKMgFObM1mWJm+YjxtXJnUM"
Date: Sun, 06 Apr 2025 13:55:40 GMT
Connection: keep-alive
Keep-Alive: timeout=600

21:55:40.785 [AsyncHttpClient-1-2] DEBUG org.asynchttpclient.netty.channel.ChannelManager -- Adding key: http://127.0.0.1:4723 for channel [id: 0xd850032e, L:/127.0.0.1:49363 - R:/127.0.0.1:4723]
21:55:40.786 [Forwarding findElement on session e4b30e9b-4b96-4927-bd03-c9a8ff7d8b59 to remote] DEBUG org.asynchttpclient.netty.request.NettyRequestSender -- Using pooled Channel '[id: 0xd850032e, L:/127.0.0.1:49363 - R:/127.0.0.1:4723]' for 'POST' to 'http://127.0.0.1:4723/session/e4b30e9b-4b96-4927-bd03-c9a8ff7d8b59/element'
21:55:40.786 [Forwarding findElement on session e4b30e9b-4b96-4927-bd03-c9a8ff7d8b59 to remote] DEBUG org.asynchttpclient.netty.request.NettyRequestSender -- Using open Channel [id: 0xd850032e, L:/127.0.0.1:49363 - R:/127.0.0.1:4723] for POST '/session/e4b30e9b-4b96-4927-bd03-c9a8ff7d8b59/element'
21:55:40.820 [AsyncHttpClient-1-2] DEBUG org.asynchttpclient.netty.handler.HttpHandler -- 

Request DefaultHttpRequest(decodeResult: success, version: HTTP/1.1)
POST /session/e4b30e9b-4b96-4927-bd03-c9a8ff7d8b59/element HTTP/1.1
User-Agent: appium/8.3.0 (selenium/4.8.3 (java mac))
Content-Length: 65
Content-Type: application/json; charset=utf-8
host: 127.0.0.1:4723
accept: */*

Response DefaultHttpResponse(decodeResult: success, version: HTTP/1.1)
HTTP/1.1 200 OK
X-Powered-By: Express
Vary: X-HTTP-Method-Override
Content-Type: application/json; charset=utf-8
Content-Length: 215
ETag: W/"d7-aHJbLyz1TQRcdXv7Mlaa8+3RuvM"
Date: Sun, 06 Apr 2025 13:55:40 GMT
Connection: keep-alive
Keep-Alive: timeout=600

21:55:40.820 [AsyncHttpClient-1-2] DEBUG org.asynchttpclient.netty.channel.ChannelManager -- Adding key: http://127.0.0.1:4723 for channel [id: 0xd850032e, L:/127.0.0.1:49363 - R:/127.0.0.1:4723]
21:55:40.821 [Forwarding clearElement on session e4b30e9b-4b96-4927-bd03-c9a8ff7d8b59 to remote] DEBUG org.asynchttpclient.netty.request.NettyRequestSender -- Using pooled Channel '[id: 0xd850032e, L:/127.0.0.1:49363 - R:/127.0.0.1:4723]' for 'POST' to 'http://127.0.0.1:4723/session/e4b30e9b-4b96-4927-bd03-c9a8ff7d8b59/element/f.CD957E4233BC3672886B7A63DC27F6AB.d.49BFC4C59FBFD812DD6F809FD94186B5.e.380/clear'
21:55:40.821 [Forwarding clearElement on session e4b30e9b-4b96-4927-bd03-c9a8ff7d8b59 to remote] DEBUG org.asynchttpclient.netty.request.NettyRequestSender -- Using open Channel [id: 0xd850032e, L:/127.0.0.1:49363 - R:/127.0.0.1:4723] for POST '/session/e4b30e9b-4b96-4927-bd03-c9a8ff7d8b59/element/f.CD957E4233BC3672886B7A63DC27F6AB.d.49BFC4C59FBFD812DD6F809FD94186B5.e.380/clear'
21:55:40.926 [AsyncHttpClient-1-2] DEBUG org.asynchttpclient.netty.handler.HttpHandler -- 

Request DefaultHttpRequest(decodeResult: success, version: HTTP/1.1)
POST /session/e4b30e9b-4b96-4927-bd03-c9a8ff7d8b59/element/f.CD957E4233BC3672886B7A63DC27F6AB.d.49BFC4C59FBFD812DD6F809FD94186B5.e.380/clear HTTP/1.1
User-Agent: appium/8.3.0 (selenium/4.8.3 (java mac))
Content-Length: 89
Content-Type: application/json; charset=utf-8
host: 127.0.0.1:4723
accept: */*

Response DefaultHttpResponse(decodeResult: success, version: HTTP/1.1)
HTTP/1.1 200 OK
X-Powered-By: Express
Vary: X-HTTP-Method-Override
Content-Type: application/json; charset=utf-8
Content-Length: 14
ETag: W/"e-9/1BuKMgFObM1mWJm+YjxtXJnUM"
Date: Sun, 06 Apr 2025 13:55:40 GMT
Connection: keep-alive
Keep-Alive: timeout=600

21:55:40.926 [AsyncHttpClient-1-2] DEBUG org.asynchttpclient.netty.channel.ChannelManager -- Adding key: http://127.0.0.1:4723 for channel [id: 0xd850032e, L:/127.0.0.1:49363 - R:/127.0.0.1:4723]
21:55:40.927 [Forwarding sendKeysToElement on session e4b30e9b-4b96-4927-bd03-c9a8ff7d8b59 to remote] DEBUG org.asynchttpclient.netty.request.NettyRequestSender -- Using pooled Channel '[id: 0xd850032e, L:/127.0.0.1:49363 - R:/127.0.0.1:4723]' for 'POST' to 'http://127.0.0.1:4723/session/e4b30e9b-4b96-4927-bd03-c9a8ff7d8b59/element/f.CD957E4233BC3672886B7A63DC27F6AB.d.49BFC4C59FBFD812DD6F809FD94186B5.e.380/value'
21:55:40.927 [Forwarding sendKeysToElement on session e4b30e9b-4b96-4927-bd03-c9a8ff7d8b59 to remote] DEBUG org.asynchttpclient.netty.request.NettyRequestSender -- Using open Channel [id: 0xd850032e, L:/127.0.0.1:49363 - R:/127.0.0.1:4723] for POST '/session/e4b30e9b-4b96-4927-bd03-c9a8ff7d8b59/element/f.CD957E4233BC3672886B7A63DC27F6AB.d.49BFC4C59FBFD812DD6F809FD94186B5.e.380/value'
21:55:41.127 [AsyncHttpClient-1-2] DEBUG org.asynchttpclient.netty.handler.HttpHandler -- 

Request DefaultHttpRequest(decodeResult: success, version: HTTP/1.1)
POST /session/e4b30e9b-4b96-4927-bd03-c9a8ff7d8b59/element/f.CD957E4233BC3672886B7A63DC27F6AB.d.49BFC4C59FBFD812DD6F809FD94186B5.e.380/value HTTP/1.1
User-Agent: appium/8.3.0 (selenium/4.8.3 (java mac))
Content-Length: 130
Content-Type: application/json; charset=utf-8
host: 127.0.0.1:4723
accept: */*

Response DefaultHttpResponse(decodeResult: success, version: HTTP/1.1)
HTTP/1.1 200 OK
X-Powered-By: Express
Vary: X-HTTP-Method-Override
Content-Type: application/json; charset=utf-8
Content-Length: 14
ETag: W/"e-9/1BuKMgFObM1mWJm+YjxtXJnUM"
Date: Sun, 06 Apr 2025 13:55:41 GMT
Connection: keep-alive
Keep-Alive: timeout=600

21:55:41.127 [AsyncHttpClient-1-2] DEBUG org.asynchttpclient.netty.channel.ChannelManager -- Adding key: http://127.0.0.1:4723 for channel [id: 0xd850032e, L:/127.0.0.1:49363 - R:/127.0.0.1:4723]
21:55:41.128 [Forwarding findElement on session e4b30e9b-4b96-4927-bd03-c9a8ff7d8b59 to remote] DEBUG org.asynchttpclient.netty.request.NettyRequestSender -- Using pooled Channel '[id: 0xd850032e, L:/127.0.0.1:49363 - R:/127.0.0.1:4723]' for 'POST' to 'http://127.0.0.1:4723/session/e4b30e9b-4b96-4927-bd03-c9a8ff7d8b59/element'
21:55:41.128 [Forwarding findElement on session e4b30e9b-4b96-4927-bd03-c9a8ff7d8b59 to remote] DEBUG org.asynchttpclient.netty.request.NettyRequestSender -- Using open Channel [id: 0xd850032e, L:/127.0.0.1:49363 - R:/127.0.0.1:4723] for POST '/session/e4b30e9b-4b96-4927-bd03-c9a8ff7d8b59/element'
21:55:41.149 [AsyncHttpClient-1-2] DEBUG org.asynchttpclient.netty.handler.HttpHandler -- 

Request DefaultHttpRequest(decodeResult: success, version: HTTP/1.1)
POST /session/e4b30e9b-4b96-4927-bd03-c9a8ff7d8b59/element HTTP/1.1
User-Agent: appium/8.3.0 (selenium/4.8.3 (java mac))
Content-Length: 60
Content-Type: application/json; charset=utf-8
host: 127.0.0.1:4723
accept: */*

Response DefaultHttpResponse(decodeResult: success, version: HTTP/1.1)
HTTP/1.1 200 OK
X-Powered-By: Express
Vary: X-HTTP-Method-Override
Content-Type: application/json; charset=utf-8
Content-Length: 215
ETag: W/"d7-9YGfAQhs52ellaGTGHkqx0Fy1yg"
Date: Sun, 06 Apr 2025 13:55:41 GMT
Connection: keep-alive
Keep-Alive: timeout=600

21:55:41.149 [AsyncHttpClient-1-2] DEBUG org.asynchttpclient.netty.channel.ChannelManager -- Adding key: http://127.0.0.1:4723 for channel [id: 0xd850032e, L:/127.0.0.1:49363 - R:/127.0.0.1:4723]
21:55:41.149 [Forwarding isElementDisplayed on session e4b30e9b-4b96-4927-bd03-c9a8ff7d8b59 to remote] DEBUG org.asynchttpclient.netty.request.NettyRequestSender -- Using pooled Channel '[id: 0xd850032e, L:/127.0.0.1:49363 - R:/127.0.0.1:4723]' for 'GET' to 'http://127.0.0.1:4723/session/e4b30e9b-4b96-4927-bd03-c9a8ff7d8b59/element/f.CD957E4233BC3672886B7A63DC27F6AB.d.49BFC4C59FBFD812DD6F809FD94186B5.e.385/displayed'
21:55:41.149 [Forwarding isElementDisplayed on session e4b30e9b-4b96-4927-bd03-c9a8ff7d8b59 to remote] DEBUG org.asynchttpclient.netty.request.NettyRequestSender -- Using open Channel [id: 0xd850032e, L:/127.0.0.1:49363 - R:/127.0.0.1:4723] for GET '/session/e4b30e9b-4b96-4927-bd03-c9a8ff7d8b59/element/f.CD957E4233BC3672886B7A63DC27F6AB.d.49BFC4C59FBFD812DD6F809FD94186B5.e.385/displayed'
21:55:41.176 [AsyncHttpClient-1-2] DEBUG org.asynchttpclient.netty.handler.HttpHandler -- 

Request DefaultFullHttpRequest(decodeResult: success, version: HTTP/1.1, content: EmptyByteBufBE)
GET /session/e4b30e9b-4b96-4927-bd03-c9a8ff7d8b59/element/f.CD957E4233BC3672886B7A63DC27F6AB.d.49BFC4C59FBFD812DD6F809FD94186B5.e.385/displayed HTTP/1.1
Cache-Control: no-cache
User-Agent: appium/8.3.0 (selenium/4.8.3 (java mac))
Content-Type: application/json; charset=utf-8
host: 127.0.0.1:4723
accept: */*

Response DefaultHttpResponse(decodeResult: success, version: HTTP/1.1)
HTTP/1.1 200 OK
X-Powered-By: Express
Content-Type: application/json; charset=utf-8
Content-Length: 14
ETag: W/"e-2ZHvAWebNQpyjGZTg6uyV8/spTo"
Date: Sun, 06 Apr 2025 13:55:41 GMT
Connection: keep-alive
Keep-Alive: timeout=600

21:55:41.176 [AsyncHttpClient-1-2] DEBUG org.asynchttpclient.netty.channel.ChannelManager -- Adding key: http://127.0.0.1:4723 for channel [id: 0xd850032e, L:/127.0.0.1:49363 - R:/127.0.0.1:4723]
21:55:41.177 [Forwarding isElementEnabled on session e4b30e9b-4b96-4927-bd03-c9a8ff7d8b59 to remote] DEBUG org.asynchttpclient.netty.request.NettyRequestSender -- Using pooled Channel '[id: 0xd850032e, L:/127.0.0.1:49363 - R:/127.0.0.1:4723]' for 'GET' to 'http://127.0.0.1:4723/session/e4b30e9b-4b96-4927-bd03-c9a8ff7d8b59/element/f.CD957E4233BC3672886B7A63DC27F6AB.d.49BFC4C59FBFD812DD6F809FD94186B5.e.385/enabled'
21:55:41.177 [Forwarding isElementEnabled on session e4b30e9b-4b96-4927-bd03-c9a8ff7d8b59 to remote] DEBUG org.asynchttpclient.netty.request.NettyRequestSender -- Using open Channel [id: 0xd850032e, L:/127.0.0.1:49363 - R:/127.0.0.1:4723] for GET '/session/e4b30e9b-4b96-4927-bd03-c9a8ff7d8b59/element/f.CD957E4233BC3672886B7A63DC27F6AB.d.49BFC4C59FBFD812DD6F809FD94186B5.e.385/enabled'
21:55:41.200 [AsyncHttpClient-1-2] DEBUG org.asynchttpclient.netty.handler.HttpHandler -- 

Request DefaultFullHttpRequest(decodeResult: success, version: HTTP/1.1, content: EmptyByteBufBE)
GET /session/e4b30e9b-4b96-4927-bd03-c9a8ff7d8b59/element/f.CD957E4233BC3672886B7A63DC27F6AB.d.49BFC4C59FBFD812DD6F809FD94186B5.e.385/enabled HTTP/1.1
Cache-Control: no-cache
User-Agent: appium/8.3.0 (selenium/4.8.3 (java mac))
Content-Type: application/json; charset=utf-8
host: 127.0.0.1:4723
accept: */*

Response DefaultHttpResponse(decodeResult: success, version: HTTP/1.1)
HTTP/1.1 200 OK
X-Powered-By: Express
Content-Type: application/json; charset=utf-8
Content-Length: 14
ETag: W/"e-2ZHvAWebNQpyjGZTg6uyV8/spTo"
Date: Sun, 06 Apr 2025 13:55:41 GMT
Connection: keep-alive
Keep-Alive: timeout=600

21:55:41.200 [AsyncHttpClient-1-2] DEBUG org.asynchttpclient.netty.channel.ChannelManager -- Adding key: http://127.0.0.1:4723 for channel [id: 0xd850032e, L:/127.0.0.1:49363 - R:/127.0.0.1:4723]
21:55:41.200 [Forwarding clearElement on session e4b30e9b-4b96-4927-bd03-c9a8ff7d8b59 to remote] DEBUG org.asynchttpclient.netty.request.NettyRequestSender -- Using pooled Channel '[id: 0xd850032e, L:/127.0.0.1:49363 - R:/127.0.0.1:4723]' for 'POST' to 'http://127.0.0.1:4723/session/e4b30e9b-4b96-4927-bd03-c9a8ff7d8b59/element/f.CD957E4233BC3672886B7A63DC27F6AB.d.49BFC4C59FBFD812DD6F809FD94186B5.e.385/clear'
21:55:41.200 [Forwarding clearElement on session e4b30e9b-4b96-4927-bd03-c9a8ff7d8b59 to remote] DEBUG org.asynchttpclient.netty.request.NettyRequestSender -- Using open Channel [id: 0xd850032e, L:/127.0.0.1:49363 - R:/127.0.0.1:4723] for POST '/session/e4b30e9b-4b96-4927-bd03-c9a8ff7d8b59/element/f.CD957E4233BC3672886B7A63DC27F6AB.d.49BFC4C59FBFD812DD6F809FD94186B5.e.385/clear'
21:55:41.269 [AsyncHttpClient-1-2] DEBUG org.asynchttpclient.netty.handler.HttpHandler -- 

Request DefaultHttpRequest(decodeResult: success, version: HTTP/1.1)
POST /session/e4b30e9b-4b96-4927-bd03-c9a8ff7d8b59/element/f.CD957E4233BC3672886B7A63DC27F6AB.d.49BFC4C59FBFD812DD6F809FD94186B5.e.385/clear HTTP/1.1
User-Agent: appium/8.3.0 (selenium/4.8.3 (java mac))
Content-Length: 89
Content-Type: application/json; charset=utf-8
host: 127.0.0.1:4723
accept: */*

Response DefaultHttpResponse(decodeResult: success, version: HTTP/1.1)
HTTP/1.1 200 OK
X-Powered-By: Express
Vary: X-HTTP-Method-Override
Content-Type: application/json; charset=utf-8
Content-Length: 14
ETag: W/"e-9/1BuKMgFObM1mWJm+YjxtXJnUM"
Date: Sun, 06 Apr 2025 13:55:41 GMT
Connection: keep-alive
Keep-Alive: timeout=600

21:55:41.269 [AsyncHttpClient-1-2] DEBUG org.asynchttpclient.netty.channel.ChannelManager -- Adding key: http://127.0.0.1:4723 for channel [id: 0xd850032e, L:/127.0.0.1:49363 - R:/127.0.0.1:4723]
21:55:41.270 [Forwarding sendKeysToElement on session e4b30e9b-4b96-4927-bd03-c9a8ff7d8b59 to remote] DEBUG org.asynchttpclient.netty.request.NettyRequestSender -- Using pooled Channel '[id: 0xd850032e, L:/127.0.0.1:49363 - R:/127.0.0.1:4723]' for 'POST' to 'http://127.0.0.1:4723/session/e4b30e9b-4b96-4927-bd03-c9a8ff7d8b59/element/f.CD957E4233BC3672886B7A63DC27F6AB.d.49BFC4C59FBFD812DD6F809FD94186B5.e.385/value'
21:55:41.270 [Forwarding sendKeysToElement on session e4b30e9b-4b96-4927-bd03-c9a8ff7d8b59 to remote] DEBUG org.asynchttpclient.netty.request.NettyRequestSender -- Using open Channel [id: 0xd850032e, L:/127.0.0.1:49363 - R:/127.0.0.1:4723] for POST '/session/e4b30e9b-4b96-4927-bd03-c9a8ff7d8b59/element/f.CD957E4233BC3672886B7A63DC27F6AB.d.49BFC4C59FBFD812DD6F809FD94186B5.e.385/value'
21:55:41.481 [AsyncHttpClient-1-2] DEBUG org.asynchttpclient.netty.handler.HttpHandler -- 

Request DefaultHttpRequest(decodeResult: success, version: HTTP/1.1)
POST /session/e4b30e9b-4b96-4927-bd03-c9a8ff7d8b59/element/f.CD957E4233BC3672886B7A63DC27F6AB.d.49BFC4C59FBFD812DD6F809FD94186B5.e.385/value HTTP/1.1
User-Agent: appium/8.3.0 (selenium/4.8.3 (java mac))
Content-Length: 150
Content-Type: application/json; charset=utf-8
host: 127.0.0.1:4723
accept: */*

Response DefaultHttpResponse(decodeResult: success, version: HTTP/1.1)
HTTP/1.1 200 OK
X-Powered-By: Express
Vary: X-HTTP-Method-Override
Content-Type: application/json; charset=utf-8
Content-Length: 14
ETag: W/"e-9/1BuKMgFObM1mWJm+YjxtXJnUM"
Date: Sun, 06 Apr 2025 13:55:41 GMT
Connection: keep-alive
Keep-Alive: timeout=600

21:55:41.481 [AsyncHttpClient-1-2] DEBUG org.asynchttpclient.netty.channel.ChannelManager -- Adding key: http://127.0.0.1:4723 for channel [id: 0xd850032e, L:/127.0.0.1:49363 - R:/127.0.0.1:4723]
21:55:41.482 [Forwarding findElement on session e4b30e9b-4b96-4927-bd03-c9a8ff7d8b59 to remote] DEBUG org.asynchttpclient.netty.request.NettyRequestSender -- Using pooled Channel '[id: 0xd850032e, L:/127.0.0.1:49363 - R:/127.0.0.1:4723]' for 'POST' to 'http://127.0.0.1:4723/session/e4b30e9b-4b96-4927-bd03-c9a8ff7d8b59/element'
21:55:41.482 [Forwarding findElement on session e4b30e9b-4b96-4927-bd03-c9a8ff7d8b59 to remote] DEBUG org.asynchttpclient.netty.request.NettyRequestSender -- Using open Channel [id: 0xd850032e, L:/127.0.0.1:49363 - R:/127.0.0.1:4723] for POST '/session/e4b30e9b-4b96-4927-bd03-c9a8ff7d8b59/element'
21:55:41.517 [AsyncHttpClient-1-2] DEBUG org.asynchttpclient.netty.handler.HttpHandler -- 

Request DefaultHttpRequest(decodeResult: success, version: HTTP/1.1)
POST /session/e4b30e9b-4b96-4927-bd03-c9a8ff7d8b59/element HTTP/1.1
User-Agent: appium/8.3.0 (selenium/4.8.3 (java mac))
Content-Length: 57
Content-Type: application/json; charset=utf-8
host: 127.0.0.1:4723
accept: */*

Response DefaultHttpResponse(decodeResult: success, version: HTTP/1.1)
HTTP/1.1 200 OK
X-Powered-By: Express
Vary: X-HTTP-Method-Override
Content-Type: application/json; charset=utf-8
Content-Length: 215
ETag: W/"d7-skvxtwxDosBFmc/w0txM8Jzl5xU"
Date: Sun, 06 Apr 2025 13:55:41 GMT
Connection: keep-alive
Keep-Alive: timeout=600

21:55:41.518 [AsyncHttpClient-1-2] DEBUG org.asynchttpclient.netty.channel.ChannelManager -- Adding key: http://127.0.0.1:4723 for channel [id: 0xd850032e, L:/127.0.0.1:49363 - R:/127.0.0.1:4723]
21:55:41.518 [Forwarding isElementDisplayed on session e4b30e9b-4b96-4927-bd03-c9a8ff7d8b59 to remote] DEBUG org.asynchttpclient.netty.request.NettyRequestSender -- Using pooled Channel '[id: 0xd850032e, L:/127.0.0.1:49363 - R:/127.0.0.1:4723]' for 'GET' to 'http://127.0.0.1:4723/session/e4b30e9b-4b96-4927-bd03-c9a8ff7d8b59/element/f.CD957E4233BC3672886B7A63DC27F6AB.d.49BFC4C59FBFD812DD6F809FD94186B5.e.374/displayed'
21:55:41.518 [Forwarding isElementDisplayed on session e4b30e9b-4b96-4927-bd03-c9a8ff7d8b59 to remote] DEBUG org.asynchttpclient.netty.request.NettyRequestSender -- Using open Channel [id: 0xd850032e, L:/127.0.0.1:49363 - R:/127.0.0.1:4723] for GET '/session/e4b30e9b-4b96-4927-bd03-c9a8ff7d8b59/element/f.CD957E4233BC3672886B7A63DC27F6AB.d.49BFC4C59FBFD812DD6F809FD94186B5.e.374/displayed'
21:55:41.552 [AsyncHttpClient-1-2] DEBUG org.asynchttpclient.netty.handler.HttpHandler -- 

Request DefaultFullHttpRequest(decodeResult: success, version: HTTP/1.1, content: EmptyByteBufBE)
GET /session/e4b30e9b-4b96-4927-bd03-c9a8ff7d8b59/element/f.CD957E4233BC3672886B7A63DC27F6AB.d.49BFC4C59FBFD812DD6F809FD94186B5.e.374/displayed HTTP/1.1
Cache-Control: no-cache
User-Agent: appium/8.3.0 (selenium/4.8.3 (java mac))
Content-Type: application/json; charset=utf-8
host: 127.0.0.1:4723
accept: */*

Response DefaultHttpResponse(decodeResult: success, version: HTTP/1.1)
HTTP/1.1 200 OK
X-Powered-By: Express
Content-Type: application/json; charset=utf-8
Content-Length: 14
ETag: W/"e-2ZHvAWebNQpyjGZTg6uyV8/spTo"
Date: Sun, 06 Apr 2025 13:55:41 GMT
Connection: keep-alive
Keep-Alive: timeout=600

21:55:41.552 [AsyncHttpClient-1-2] DEBUG org.asynchttpclient.netty.channel.ChannelManager -- Adding key: http://127.0.0.1:4723 for channel [id: 0xd850032e, L:/127.0.0.1:49363 - R:/127.0.0.1:4723]
21:55:41.556 [Forwarding isElementEnabled on session e4b30e9b-4b96-4927-bd03-c9a8ff7d8b59 to remote] DEBUG org.asynchttpclient.netty.request.NettyRequestSender -- Using pooled Channel '[id: 0xd850032e, L:/127.0.0.1:49363 - R:/127.0.0.1:4723]' for 'GET' to 'http://127.0.0.1:4723/session/e4b30e9b-4b96-4927-bd03-c9a8ff7d8b59/element/f.CD957E4233BC3672886B7A63DC27F6AB.d.49BFC4C59FBFD812DD6F809FD94186B5.e.374/enabled'
21:55:41.556 [Forwarding isElementEnabled on session e4b30e9b-4b96-4927-bd03-c9a8ff7d8b59 to remote] DEBUG org.asynchttpclient.netty.request.NettyRequestSender -- Using open Channel [id: 0xd850032e, L:/127.0.0.1:49363 - R:/127.0.0.1:4723] for GET '/session/e4b30e9b-4b96-4927-bd03-c9a8ff7d8b59/element/f.CD957E4233BC3672886B7A63DC27F6AB.d.49BFC4C59FBFD812DD6F809FD94186B5.e.374/enabled'
21:55:41.594 [AsyncHttpClient-1-2] DEBUG org.asynchttpclient.netty.handler.HttpHandler -- 

Request DefaultFullHttpRequest(decodeResult: success, version: HTTP/1.1, content: EmptyByteBufBE)
GET /session/e4b30e9b-4b96-4927-bd03-c9a8ff7d8b59/element/f.CD957E4233BC3672886B7A63DC27F6AB.d.49BFC4C59FBFD812DD6F809FD94186B5.e.374/enabled HTTP/1.1
Cache-Control: no-cache
User-Agent: appium/8.3.0 (selenium/4.8.3 (java mac))
Content-Type: application/json; charset=utf-8
host: 127.0.0.1:4723
accept: */*

Response DefaultHttpResponse(decodeResult: success, version: HTTP/1.1)
HTTP/1.1 200 OK
X-Powered-By: Express
Content-Type: application/json; charset=utf-8
Content-Length: 14
ETag: W/"e-2ZHvAWebNQpyjGZTg6uyV8/spTo"
Date: Sun, 06 Apr 2025 13:55:41 GMT
Connection: keep-alive
Keep-Alive: timeout=600

21:55:41.595 [AsyncHttpClient-1-2] DEBUG org.asynchttpclient.netty.channel.ChannelManager -- Adding key: http://127.0.0.1:4723 for channel [id: 0xd850032e, L:/127.0.0.1:49363 - R:/127.0.0.1:4723]
21:55:41.596 [Forwarding clickElement on session e4b30e9b-4b96-4927-bd03-c9a8ff7d8b59 to remote] DEBUG org.asynchttpclient.netty.request.NettyRequestSender -- Using pooled Channel '[id: 0xd850032e, L:/127.0.0.1:49363 - R:/127.0.0.1:4723]' for 'POST' to 'http://127.0.0.1:4723/session/e4b30e9b-4b96-4927-bd03-c9a8ff7d8b59/element/f.CD957E4233BC3672886B7A63DC27F6AB.d.49BFC4C59FBFD812DD6F809FD94186B5.e.374/click'
21:55:41.596 [Forwarding clickElement on session e4b30e9b-4b96-4927-bd03-c9a8ff7d8b59 to remote] DEBUG org.asynchttpclient.netty.request.NettyRequestSender -- Using open Channel [id: 0xd850032e, L:/127.0.0.1:49363 - R:/127.0.0.1:4723] for POST '/session/e4b30e9b-4b96-4927-bd03-c9a8ff7d8b59/element/f.CD957E4233BC3672886B7A63DC27F6AB.d.49BFC4C59FBFD812DD6F809FD94186B5.e.374/click'
21:55:41.869 [AsyncHttpClient-1-2] DEBUG org.asynchttpclient.netty.handler.HttpHandler -- 

Request DefaultHttpRequest(decodeResult: success, version: HTTP/1.1)
POST /session/e4b30e9b-4b96-4927-bd03-c9a8ff7d8b59/element/f.CD957E4233BC3672886B7A63DC27F6AB.d.49BFC4C59FBFD812DD6F809FD94186B5.e.374/click HTTP/1.1
User-Agent: appium/8.3.0 (selenium/4.8.3 (java mac))
Content-Length: 89
Content-Type: application/json; charset=utf-8
host: 127.0.0.1:4723
accept: */*

Response DefaultHttpResponse(decodeResult: success, version: HTTP/1.1)
HTTP/1.1 200 OK
X-Powered-By: Express
Vary: X-HTTP-Method-Override
Content-Type: application/json; charset=utf-8
Content-Length: 14
ETag: W/"e-9/1BuKMgFObM1mWJm+YjxtXJnUM"
Date: Sun, 06 Apr 2025 13:55:41 GMT
Connection: keep-alive
Keep-Alive: timeout=600

21:55:41.869 [AsyncHttpClient-1-2] DEBUG org.asynchttpclient.netty.channel.ChannelManager -- Adding key: http://127.0.0.1:4723 for channel [id: 0xd850032e, L:/127.0.0.1:49363 - R:/127.0.0.1:4723]
21:55:42.095 [AsyncHttpClient-1-1] DEBUG org.asynchttpclient.netty.channel.DefaultChannelPool -- Entry count for : http://127.0.0.1:4723 : 1
21:55:42.171 [Forwarding findElement on session e4b30e9b-4b96-4927-bd03-c9a8ff7d8b59 to remote] DEBUG org.asynchttpclient.netty.request.NettyRequestSender -- Using pooled Channel '[id: 0xd850032e, L:/127.0.0.1:49363 - R:/127.0.0.1:4723]' for 'POST' to 'http://127.0.0.1:4723/session/e4b30e9b-4b96-4927-bd03-c9a8ff7d8b59/element'
21:55:42.172 [Forwarding findElement on session e4b30e9b-4b96-4927-bd03-c9a8ff7d8b59 to remote] DEBUG org.asynchttpclient.netty.request.NettyRequestSender -- Using open Channel [id: 0xd850032e, L:/127.0.0.1:49363 - R:/127.0.0.1:4723] for POST '/session/e4b30e9b-4b96-4927-bd03-c9a8ff7d8b59/element'
21:55:42.203 [AsyncHttpClient-1-2] DEBUG org.asynchttpclient.netty.handler.HttpHandler -- 

Request DefaultHttpRequest(decodeResult: success, version: HTTP/1.1)
POST /session/e4b30e9b-4b96-4927-bd03-c9a8ff7d8b59/element HTTP/1.1
User-Agent: appium/8.3.0 (selenium/4.8.3 (java mac))
Content-Length: 66
Content-Type: application/json; charset=utf-8
host: 127.0.0.1:4723
accept: */*

Response DefaultHttpResponse(decodeResult: success, version: HTTP/1.1)
HTTP/1.1 200 OK
X-Powered-By: Express
Vary: X-HTTP-Method-Override
Content-Type: application/json; charset=utf-8
Content-Length: 215
ETag: W/"d7-1Va2GaxnwNyABPzSfOue7tzFoJc"
Date: Sun, 06 Apr 2025 13:55:42 GMT
Connection: keep-alive
Keep-Alive: timeout=600

21:55:42.203 [AsyncHttpClient-1-2] DEBUG org.asynchttpclient.netty.channel.ChannelManager -- Adding key: http://127.0.0.1:4723 for channel [id: 0xd850032e, L:/127.0.0.1:49363 - R:/127.0.0.1:4723]
21:55:42.204 [Forwarding findElement on session e4b30e9b-4b96-4927-bd03-c9a8ff7d8b59 to remote] DEBUG org.asynchttpclient.netty.request.NettyRequestSender -- Using pooled Channel '[id: 0xd850032e, L:/127.0.0.1:49363 - R:/127.0.0.1:4723]' for 'POST' to 'http://127.0.0.1:4723/session/e4b30e9b-4b96-4927-bd03-c9a8ff7d8b59/element'
21:55:42.204 [Forwarding findElement on session e4b30e9b-4b96-4927-bd03-c9a8ff7d8b59 to remote] DEBUG org.asynchttpclient.netty.request.NettyRequestSender -- Using open Channel [id: 0xd850032e, L:/127.0.0.1:49363 - R:/127.0.0.1:4723] for POST '/session/e4b30e9b-4b96-4927-bd03-c9a8ff7d8b59/element'
21:55:42.252 [AsyncHttpClient-1-2] DEBUG org.asynchttpclient.netty.handler.HttpHandler -- 

Request DefaultHttpRequest(decodeResult: success, version: HTTP/1.1)
POST /session/e4b30e9b-4b96-4927-bd03-c9a8ff7d8b59/element HTTP/1.1
User-Agent: appium/8.3.0 (selenium/4.8.3 (java mac))
Content-Length: 69
Content-Type: application/json; charset=utf-8
host: 127.0.0.1:4723
accept: */*

Response DefaultHttpResponse(decodeResult: success, version: HTTP/1.1)
HTTP/1.1 200 OK
X-Powered-By: Express
Vary: X-HTTP-Method-Override
Content-Type: application/json; charset=utf-8
Content-Length: 215
ETag: W/"d7-OS/w6I1xlMJKmk7xXJ1s2UjGBBA"
Date: Sun, 06 Apr 2025 13:55:42 GMT
Connection: keep-alive
Keep-Alive: timeout=600

21:55:42.253 [AsyncHttpClient-1-2] DEBUG org.asynchttpclient.netty.channel.ChannelManager -- Adding key: http://127.0.0.1:4723 for channel [id: 0xd850032e, L:/127.0.0.1:49363 - R:/127.0.0.1:4723]
21:55:42.253 [Forwarding getElementText on session e4b30e9b-4b96-4927-bd03-c9a8ff7d8b59 to remote] DEBUG org.asynchttpclient.netty.request.NettyRequestSender -- Using pooled Channel '[id: 0xd850032e, L:/127.0.0.1:49363 - R:/127.0.0.1:4723]' for 'GET' to 'http://127.0.0.1:4723/session/e4b30e9b-4b96-4927-bd03-c9a8ff7d8b59/element/f.CD957E4233BC3672886B7A63DC27F6AB.d.49BFC4C59FBFD812DD6F809FD94186B5.e.431/text'
21:55:42.253 [Forwarding getElementText on session e4b30e9b-4b96-4927-bd03-c9a8ff7d8b59 to remote] DEBUG org.asynchttpclient.netty.request.NettyRequestSender -- Using open Channel [id: 0xd850032e, L:/127.0.0.1:49363 - R:/127.0.0.1:4723] for GET '/session/e4b30e9b-4b96-4927-bd03-c9a8ff7d8b59/element/f.CD957E4233BC3672886B7A63DC27F6AB.d.49BFC4C59FBFD812DD6F809FD94186B5.e.431/text'
21:55:42.301 [AsyncHttpClient-1-2] DEBUG org.asynchttpclient.netty.handler.HttpHandler -- 

Request DefaultFullHttpRequest(decodeResult: success, version: HTTP/1.1, content: EmptyByteBufBE)
GET /session/e4b30e9b-4b96-4927-bd03-c9a8ff7d8b59/element/f.CD957E4233BC3672886B7A63DC27F6AB.d.49BFC4C59FBFD812DD6F809FD94186B5.e.431/text HTTP/1.1
Cache-Control: no-cache
User-Agent: appium/8.3.0 (selenium/4.8.3 (java mac))
Content-Type: application/json; charset=utf-8
host: 127.0.0.1:4723
accept: */*

Response DefaultHttpResponse(decodeResult: success, version: HTTP/1.1)
HTTP/1.1 200 OK
X-Powered-By: Express
Content-Type: application/json; charset=utf-8
Content-Length: 16
ETag: W/"10-a/p2KHKx5Iv6ze67SQmfyX59Q1I"
Date: Sun, 06 Apr 2025 13:55:42 GMT
Connection: keep-alive
Keep-Alive: timeout=600

21:55:42.301 [AsyncHttpClient-1-2] DEBUG org.asynchttpclient.netty.channel.ChannelManager -- Adding key: http://127.0.0.1:4723 for channel [id: 0xd850032e, L:/127.0.0.1:49363 - R:/127.0.0.1:4723]
21:55:42.302 [Forwarding getElementText on session e4b30e9b-4b96-4927-bd03-c9a8ff7d8b59 to remote] DEBUG org.asynchttpclient.netty.request.NettyRequestSender -- Using pooled Channel '[id: 0xd850032e, L:/127.0.0.1:49363 - R:/127.0.0.1:4723]' for 'GET' to 'http://127.0.0.1:4723/session/e4b30e9b-4b96-4927-bd03-c9a8ff7d8b59/element/f.CD957E4233BC3672886B7A63DC27F6AB.d.49BFC4C59FBFD812DD6F809FD94186B5.e.432/text'
21:55:42.302 [Forwarding getElementText on session e4b30e9b-4b96-4927-bd03-c9a8ff7d8b59 to remote] DEBUG org.asynchttpclient.netty.request.NettyRequestSender -- Using open Channel [id: 0xd850032e, L:/127.0.0.1:49363 - R:/127.0.0.1:4723] for GET '/session/e4b30e9b-4b96-4927-bd03-c9a8ff7d8b59/element/f.CD957E4233BC3672886B7A63DC27F6AB.d.49BFC4C59FBFD812DD6F809FD94186B5.e.432/text'
21:55:42.356 [AsyncHttpClient-1-2] DEBUG org.asynchttpclient.netty.handler.HttpHandler -- 

Request DefaultFullHttpRequest(decodeResult: success, version: HTTP/1.1, content: EmptyByteBufBE)
GET /session/e4b30e9b-4b96-4927-bd03-c9a8ff7d8b59/element/f.CD957E4233BC3672886B7A63DC27F6AB.d.49BFC4C59FBFD812DD6F809FD94186B5.e.432/text HTTP/1.1
Cache-Control: no-cache
User-Agent: appium/8.3.0 (selenium/4.8.3 (java mac))
Content-Type: application/json; charset=utf-8
host: 127.0.0.1:4723
accept: */*

Response DefaultHttpResponse(decodeResult: success, version: HTTP/1.1)
HTTP/1.1 200 OK
X-Powered-By: Express
Content-Type: application/json; charset=utf-8
Content-Length: 18
ETag: W/"12-Ud8uIwnIJKdfUlxGYRDm6N6BtQY"
Date: Sun, 06 Apr 2025 13:55:42 GMT
Connection: keep-alive
Keep-Alive: timeout=600

21:55:42.356 [AsyncHttpClient-1-2] DEBUG org.asynchttpclient.netty.channel.ChannelManager -- Adding key: http://127.0.0.1:4723 for channel [id: 0xd850032e, L:/127.0.0.1:49363 - R:/127.0.0.1:4723]
21:55:42.357 [main] INFO com.cathay.test.tests.MortgageCalculatorTest -- 顯示貸款總額與購屋總價成功
21:55:42.357 [Forwarding findElement on session e4b30e9b-4b96-4927-bd03-c9a8ff7d8b59 to remote] DEBUG org.asynchttpclient.netty.request.NettyRequestSender -- Using pooled Channel '[id: 0xd850032e, L:/127.0.0.1:49363 - R:/127.0.0.1:4723]' for 'POST' to 'http://127.0.0.1:4723/session/e4b30e9b-4b96-4927-bd03-c9a8ff7d8b59/element'
21:55:42.357 [Forwarding findElement on session e4b30e9b-4b96-4927-bd03-c9a8ff7d8b59 to remote] DEBUG org.asynchttpclient.netty.request.NettyRequestSender -- Using open Channel [id: 0xd850032e, L:/127.0.0.1:49363 - R:/127.0.0.1:4723] for POST '/session/e4b30e9b-4b96-4927-bd03-c9a8ff7d8b59/element'
21:55:42.387 [AsyncHttpClient-1-2] DEBUG org.asynchttpclient.netty.handler.HttpHandler -- 

Request DefaultHttpRequest(decodeResult: success, version: HTTP/1.1)
POST /session/e4b30e9b-4b96-4927-bd03-c9a8ff7d8b59/element HTTP/1.1
User-Agent: appium/8.3.0 (selenium/4.8.3 (java mac))
Content-Length: 90
Content-Type: application/json; charset=utf-8
host: 127.0.0.1:4723
accept: */*

Response DefaultHttpResponse(decodeResult: success, version: HTTP/1.1)
HTTP/1.1 200 OK
X-Powered-By: Express
Vary: X-HTTP-Method-Override
Content-Type: application/json; charset=utf-8
Content-Length: 215
ETag: W/"d7-vjuY8UxzHOKt/Re6pRuDf4h74w0"
Date: Sun, 06 Apr 2025 13:55:42 GMT
Connection: keep-alive
Keep-Alive: timeout=600

21:55:42.388 [AsyncHttpClient-1-2] DEBUG org.asynchttpclient.netty.channel.ChannelManager -- Adding key: http://127.0.0.1:4723 for channel [id: 0xd850032e, L:/127.0.0.1:49363 - R:/127.0.0.1:4723]
21:55:42.389 [Forwarding isElementDisplayed on session e4b30e9b-4b96-4927-bd03-c9a8ff7d8b59 to remote] DEBUG org.asynchttpclient.netty.request.NettyRequestSender -- Using pooled Channel '[id: 0xd850032e, L:/127.0.0.1:49363 - R:/127.0.0.1:4723]' for 'GET' to 'http://127.0.0.1:4723/session/e4b30e9b-4b96-4927-bd03-c9a8ff7d8b59/element/f.CD957E4233BC3672886B7A63DC27F6AB.d.49BFC4C59FBFD812DD6F809FD94186B5.e.435/displayed'
21:55:42.389 [Forwarding isElementDisplayed on session e4b30e9b-4b96-4927-bd03-c9a8ff7d8b59 to remote] DEBUG org.asynchttpclient.netty.request.NettyRequestSender -- Using open Channel [id: 0xd850032e, L:/127.0.0.1:49363 - R:/127.0.0.1:4723] for GET '/session/e4b30e9b-4b96-4927-bd03-c9a8ff7d8b59/element/f.CD957E4233BC3672886B7A63DC27F6AB.d.49BFC4C59FBFD812DD6F809FD94186B5.e.435/displayed'
21:55:42.433 [AsyncHttpClient-1-2] DEBUG org.asynchttpclient.netty.handler.HttpHandler -- 

Request DefaultFullHttpRequest(decodeResult: success, version: HTTP/1.1, content: EmptyByteBufBE)
GET /session/e4b30e9b-4b96-4927-bd03-c9a8ff7d8b59/element/f.CD957E4233BC3672886B7A63DC27F6AB.d.49BFC4C59FBFD812DD6F809FD94186B5.e.435/displayed HTTP/1.1
Cache-Control: no-cache
User-Agent: appium/8.3.0 (selenium/4.8.3 (java mac))
Content-Type: application/json; charset=utf-8
host: 127.0.0.1:4723
accept: */*

Response DefaultHttpResponse(decodeResult: success, version: HTTP/1.1)
HTTP/1.1 200 OK
X-Powered-By: Express
Content-Type: application/json; charset=utf-8
Content-Length: 14
ETag: W/"e-2ZHvAWebNQpyjGZTg6uyV8/spTo"
Date: Sun, 06 Apr 2025 13:55:42 GMT
Connection: keep-alive
Keep-Alive: timeout=600

21:55:42.433 [AsyncHttpClient-1-2] DEBUG org.asynchttpclient.netty.channel.ChannelManager -- Adding key: http://127.0.0.1:4723 for channel [id: 0xd850032e, L:/127.0.0.1:49363 - R:/127.0.0.1:4723]
21:55:42.433 [Forwarding isElementEnabled on session e4b30e9b-4b96-4927-bd03-c9a8ff7d8b59 to remote] DEBUG org.asynchttpclient.netty.request.NettyRequestSender -- Using pooled Channel '[id: 0xd850032e, L:/127.0.0.1:49363 - R:/127.0.0.1:4723]' for 'GET' to 'http://127.0.0.1:4723/session/e4b30e9b-4b96-4927-bd03-c9a8ff7d8b59/element/f.CD957E4233BC3672886B7A63DC27F6AB.d.49BFC4C59FBFD812DD6F809FD94186B5.e.435/enabled'
21:55:42.433 [Forwarding isElementEnabled on session e4b30e9b-4b96-4927-bd03-c9a8ff7d8b59 to remote] DEBUG org.asynchttpclient.netty.request.NettyRequestSender -- Using open Channel [id: 0xd850032e, L:/127.0.0.1:49363 - R:/127.0.0.1:4723] for GET '/session/e4b30e9b-4b96-4927-bd03-c9a8ff7d8b59/element/f.CD957E4233BC3672886B7A63DC27F6AB.d.49BFC4C59FBFD812DD6F809FD94186B5.e.435/enabled'
21:55:42.474 [AsyncHttpClient-1-2] DEBUG org.asynchttpclient.netty.handler.HttpHandler -- 

Request DefaultFullHttpRequest(decodeResult: success, version: HTTP/1.1, content: EmptyByteBufBE)
GET /session/e4b30e9b-4b96-4927-bd03-c9a8ff7d8b59/element/f.CD957E4233BC3672886B7A63DC27F6AB.d.49BFC4C59FBFD812DD6F809FD94186B5.e.435/enabled HTTP/1.1
Cache-Control: no-cache
User-Agent: appium/8.3.0 (selenium/4.8.3 (java mac))
Content-Type: application/json; charset=utf-8
host: 127.0.0.1:4723
accept: */*

Response DefaultHttpResponse(decodeResult: success, version: HTTP/1.1)
HTTP/1.1 200 OK
X-Powered-By: Express
Content-Type: application/json; charset=utf-8
Content-Length: 14
ETag: W/"e-2ZHvAWebNQpyjGZTg6uyV8/spTo"
Date: Sun, 06 Apr 2025 13:55:42 GMT
Connection: keep-alive
Keep-Alive: timeout=600

21:55:42.474 [AsyncHttpClient-1-2] DEBUG org.asynchttpclient.netty.channel.ChannelManager -- Adding key: http://127.0.0.1:4723 for channel [id: 0xd850032e, L:/127.0.0.1:49363 - R:/127.0.0.1:4723]
21:55:42.475 [Forwarding isElementDisplayed on session e4b30e9b-4b96-4927-bd03-c9a8ff7d8b59 to remote] DEBUG org.asynchttpclient.netty.request.NettyRequestSender -- Using pooled Channel '[id: 0xd850032e, L:/127.0.0.1:49363 - R:/127.0.0.1:4723]' for 'GET' to 'http://127.0.0.1:4723/session/e4b30e9b-4b96-4927-bd03-c9a8ff7d8b59/element/f.CD957E4233BC3672886B7A63DC27F6AB.d.49BFC4C59FBFD812DD6F809FD94186B5.e.435/displayed'
21:55:42.475 [Forwarding isElementDisplayed on session e4b30e9b-4b96-4927-bd03-c9a8ff7d8b59 to remote] DEBUG org.asynchttpclient.netty.request.NettyRequestSender -- Using open Channel [id: 0xd850032e, L:/127.0.0.1:49363 - R:/127.0.0.1:4723] for GET '/session/e4b30e9b-4b96-4927-bd03-c9a8ff7d8b59/element/f.CD957E4233BC3672886B7A63DC27F6AB.d.49BFC4C59FBFD812DD6F809FD94186B5.e.435/displayed'
21:55:42.511 [AsyncHttpClient-1-2] DEBUG org.asynchttpclient.netty.handler.HttpHandler -- 

Request DefaultFullHttpRequest(decodeResult: success, version: HTTP/1.1, content: EmptyByteBufBE)
GET /session/e4b30e9b-4b96-4927-bd03-c9a8ff7d8b59/element/f.CD957E4233BC3672886B7A63DC27F6AB.d.49BFC4C59FBFD812DD6F809FD94186B5.e.435/displayed HTTP/1.1
Cache-Control: no-cache
User-Agent: appium/8.3.0 (selenium/4.8.3 (java mac))
Content-Type: application/json; charset=utf-8
host: 127.0.0.1:4723
accept: */*

Response DefaultHttpResponse(decodeResult: success, version: HTTP/1.1)
HTTP/1.1 200 OK
X-Powered-By: Express
Content-Type: application/json; charset=utf-8
Content-Length: 14
ETag: W/"e-2ZHvAWebNQpyjGZTg6uyV8/spTo"
Date: Sun, 06 Apr 2025 13:55:42 GMT
Connection: keep-alive
Keep-Alive: timeout=600

21:55:42.511 [AsyncHttpClient-1-2] DEBUG org.asynchttpclient.netty.channel.ChannelManager -- Adding key: http://127.0.0.1:4723 for channel [id: 0xd850032e, L:/127.0.0.1:49363 - R:/127.0.0.1:4723]
21:55:42.513 [Forwarding findElement on session e4b30e9b-4b96-4927-bd03-c9a8ff7d8b59 to remote] DEBUG org.asynchttpclient.netty.request.NettyRequestSender -- Using pooled Channel '[id: 0xd850032e, L:/127.0.0.1:49363 - R:/127.0.0.1:4723]' for 'POST' to 'http://127.0.0.1:4723/session/e4b30e9b-4b96-4927-bd03-c9a8ff7d8b59/element'
21:55:42.513 [Forwarding findElement on session e4b30e9b-4b96-4927-bd03-c9a8ff7d8b59 to remote] DEBUG org.asynchttpclient.netty.request.NettyRequestSender -- Using open Channel [id: 0xd850032e, L:/127.0.0.1:49363 - R:/127.0.0.1:4723] for POST '/session/e4b30e9b-4b96-4927-bd03-c9a8ff7d8b59/element'
21:55:42.566 [AsyncHttpClient-1-2] DEBUG org.asynchttpclient.netty.handler.HttpHandler -- 

Request DefaultHttpRequest(decodeResult: success, version: HTTP/1.1)
POST /session/e4b30e9b-4b96-4927-bd03-c9a8ff7d8b59/element HTTP/1.1
User-Agent: appium/8.3.0 (selenium/4.8.3 (java mac))
Content-Length: 53
Content-Type: application/json; charset=utf-8
host: 127.0.0.1:4723
accept: */*

Response DefaultHttpResponse(decodeResult: success, version: HTTP/1.1)
HTTP/1.1 200 OK
X-Powered-By: Express
Vary: X-HTTP-Method-Override
Content-Type: application/json; charset=utf-8
Content-Length: 215
ETag: W/"d7-+o7vKcz1Y8otJGtDysVWvTP2tLM"
Date: Sun, 06 Apr 2025 13:55:42 GMT
Connection: keep-alive
Keep-Alive: timeout=600

21:55:42.566 [AsyncHttpClient-1-2] DEBUG org.asynchttpclient.netty.channel.ChannelManager -- Adding key: http://127.0.0.1:4723 for channel [id: 0xd850032e, L:/127.0.0.1:49363 - R:/127.0.0.1:4723]
21:55:42.567 [Forwarding isElementDisplayed on session e4b30e9b-4b96-4927-bd03-c9a8ff7d8b59 to remote] DEBUG org.asynchttpclient.netty.request.NettyRequestSender -- Using pooled Channel '[id: 0xd850032e, L:/127.0.0.1:49363 - R:/127.0.0.1:4723]' for 'GET' to 'http://127.0.0.1:4723/session/e4b30e9b-4b96-4927-bd03-c9a8ff7d8b59/element/f.CD957E4233BC3672886B7A63DC27F6AB.d.49BFC4C59FBFD812DD6F809FD94186B5.e.436/displayed'
21:55:42.567 [Forwarding isElementDisplayed on session e4b30e9b-4b96-4927-bd03-c9a8ff7d8b59 to remote] DEBUG org.asynchttpclient.netty.request.NettyRequestSender -- Using open Channel [id: 0xd850032e, L:/127.0.0.1:49363 - R:/127.0.0.1:4723] for GET '/session/e4b30e9b-4b96-4927-bd03-c9a8ff7d8b59/element/f.CD957E4233BC3672886B7A63DC27F6AB.d.49BFC4C59FBFD812DD6F809FD94186B5.e.436/displayed'
21:55:42.607 [AsyncHttpClient-1-2] DEBUG org.asynchttpclient.netty.handler.HttpHandler -- 

Request DefaultFullHttpRequest(decodeResult: success, version: HTTP/1.1, content: EmptyByteBufBE)
GET /session/e4b30e9b-4b96-4927-bd03-c9a8ff7d8b59/element/f.CD957E4233BC3672886B7A63DC27F6AB.d.49BFC4C59FBFD812DD6F809FD94186B5.e.436/displayed HTTP/1.1
Cache-Control: no-cache
User-Agent: appium/8.3.0 (selenium/4.8.3 (java mac))
Content-Type: application/json; charset=utf-8
host: 127.0.0.1:4723
accept: */*

Response DefaultHttpResponse(decodeResult: success, version: HTTP/1.1)
HTTP/1.1 200 OK
X-Powered-By: Express
Content-Type: application/json; charset=utf-8
Content-Length: 14
ETag: W/"e-2ZHvAWebNQpyjGZTg6uyV8/spTo"
Date: Sun, 06 Apr 2025 13:55:42 GMT
Connection: keep-alive
Keep-Alive: timeout=600

21:55:42.607 [AsyncHttpClient-1-2] DEBUG org.asynchttpclient.netty.channel.ChannelManager -- Adding key: http://127.0.0.1:4723 for channel [id: 0xd850032e, L:/127.0.0.1:49363 - R:/127.0.0.1:4723]
21:55:42.608 [Forwarding isElementEnabled on session e4b30e9b-4b96-4927-bd03-c9a8ff7d8b59 to remote] DEBUG org.asynchttpclient.netty.request.NettyRequestSender -- Using pooled Channel '[id: 0xd850032e, L:/127.0.0.1:49363 - R:/127.0.0.1:4723]' for 'GET' to 'http://127.0.0.1:4723/session/e4b30e9b-4b96-4927-bd03-c9a8ff7d8b59/element/f.CD957E4233BC3672886B7A63DC27F6AB.d.49BFC4C59FBFD812DD6F809FD94186B5.e.436/enabled'
21:55:42.608 [Forwarding isElementEnabled on session e4b30e9b-4b96-4927-bd03-c9a8ff7d8b59 to remote] DEBUG org.asynchttpclient.netty.request.NettyRequestSender -- Using open Channel [id: 0xd850032e, L:/127.0.0.1:49363 - R:/127.0.0.1:4723] for GET '/session/e4b30e9b-4b96-4927-bd03-c9a8ff7d8b59/element/f.CD957E4233BC3672886B7A63DC27F6AB.d.49BFC4C59FBFD812DD6F809FD94186B5.e.436/enabled'
21:55:42.639 [AsyncHttpClient-1-2] DEBUG org.asynchttpclient.netty.handler.HttpHandler -- 

Request DefaultFullHttpRequest(decodeResult: success, version: HTTP/1.1, content: EmptyByteBufBE)
GET /session/e4b30e9b-4b96-4927-bd03-c9a8ff7d8b59/element/f.CD957E4233BC3672886B7A63DC27F6AB.d.49BFC4C59FBFD812DD6F809FD94186B5.e.436/enabled HTTP/1.1
Cache-Control: no-cache
User-Agent: appium/8.3.0 (selenium/4.8.3 (java mac))
Content-Type: application/json; charset=utf-8
host: 127.0.0.1:4723
accept: */*

Response DefaultHttpResponse(decodeResult: success, version: HTTP/1.1)
HTTP/1.1 200 OK
X-Powered-By: Express
Content-Type: application/json; charset=utf-8
Content-Length: 14
ETag: W/"e-2ZHvAWebNQpyjGZTg6uyV8/spTo"
Date: Sun, 06 Apr 2025 13:55:42 GMT
Connection: keep-alive
Keep-Alive: timeout=600

21:55:42.639 [AsyncHttpClient-1-2] DEBUG org.asynchttpclient.netty.channel.ChannelManager -- Adding key: http://127.0.0.1:4723 for channel [id: 0xd850032e, L:/127.0.0.1:49363 - R:/127.0.0.1:4723]
21:55:42.640 [Forwarding executeScript on session e4b30e9b-4b96-4927-bd03-c9a8ff7d8b59 to remote] DEBUG org.asynchttpclient.netty.request.NettyRequestSender -- Using pooled Channel '[id: 0xd850032e, L:/127.0.0.1:49363 - R:/127.0.0.1:4723]' for 'POST' to 'http://127.0.0.1:4723/session/e4b30e9b-4b96-4927-bd03-c9a8ff7d8b59/execute/sync'
21:55:42.640 [Forwarding executeScript on session e4b30e9b-4b96-4927-bd03-c9a8ff7d8b59 to remote] DEBUG org.asynchttpclient.netty.request.NettyRequestSender -- Using open Channel [id: 0xd850032e, L:/127.0.0.1:49363 - R:/127.0.0.1:4723] for POST '/session/e4b30e9b-4b96-4927-bd03-c9a8ff7d8b59/execute/sync'
21:55:42.734 [AsyncHttpClient-1-2] DEBUG org.asynchttpclient.netty.handler.HttpHandler -- 

Request DefaultHttpRequest(decodeResult: success, version: HTTP/1.1)
POST /session/e4b30e9b-4b96-4927-bd03-c9a8ff7d8b59/execute/sync HTTP/1.1
User-Agent: appium/8.3.0 (selenium/4.8.3 (java mac))
Content-Length: 287
Content-Type: application/json; charset=utf-8
host: 127.0.0.1:4723
accept: */*

Response DefaultHttpResponse(decodeResult: success, version: HTTP/1.1)
HTTP/1.1 200 OK
X-Powered-By: Express
Vary: X-HTTP-Method-Override
Content-Type: application/json; charset=utf-8
Content-Length: 14
ETag: W/"e-9/1BuKMgFObM1mWJm+YjxtXJnUM"
Date: Sun, 06 Apr 2025 13:55:42 GMT
Connection: keep-alive
Keep-Alive: timeout=600

21:55:42.734 [AsyncHttpClient-1-2] DEBUG org.asynchttpclient.netty.channel.ChannelManager -- Adding key: http://127.0.0.1:4723 for channel [id: 0xd850032e, L:/127.0.0.1:49363 - R:/127.0.0.1:4723]
21:55:43.040 [Forwarding getElementAttribute on session e4b30e9b-4b96-4927-bd03-c9a8ff7d8b59 to remote] DEBUG org.asynchttpclient.netty.request.NettyRequestSender -- Using pooled Channel '[id: 0xd850032e, L:/127.0.0.1:49363 - R:/127.0.0.1:4723]' for 'GET' to 'http://127.0.0.1:4723/session/e4b30e9b-4b96-4927-bd03-c9a8ff7d8b59/element/f.CD957E4233BC3672886B7A63DC27F6AB.d.49BFC4C59FBFD812DD6F809FD94186B5.e.378/attribute/value'
21:55:43.041 [Forwarding getElementAttribute on session e4b30e9b-4b96-4927-bd03-c9a8ff7d8b59 to remote] DEBUG org.asynchttpclient.netty.request.NettyRequestSender -- Using open Channel [id: 0xd850032e, L:/127.0.0.1:49363 - R:/127.0.0.1:4723] for GET '/session/e4b30e9b-4b96-4927-bd03-c9a8ff7d8b59/element/f.CD957E4233BC3672886B7A63DC27F6AB.d.49BFC4C59FBFD812DD6F809FD94186B5.e.378/attribute/value'
21:55:43.068 [AsyncHttpClient-1-2] DEBUG org.asynchttpclient.netty.handler.HttpHandler -- 

Request DefaultFullHttpRequest(decodeResult: success, version: HTTP/1.1, content: EmptyByteBufBE)
GET /session/e4b30e9b-4b96-4927-bd03-c9a8ff7d8b59/element/f.CD957E4233BC3672886B7A63DC27F6AB.d.49BFC4C59FBFD812DD6F809FD94186B5.e.378/attribute/value HTTP/1.1
Cache-Control: no-cache
User-Agent: appium/8.3.0 (selenium/4.8.3 (java mac))
Content-Type: application/json; charset=utf-8
host: 127.0.0.1:4723
accept: */*

Response DefaultHttpResponse(decodeResult: success, version: HTTP/1.1)
HTTP/1.1 200 OK
X-Powered-By: Express
Content-Type: application/json; charset=utf-8
Content-Length: 14
ETag: W/"e-9/1BuKMgFObM1mWJm+YjxtXJnUM"
Date: Sun, 06 Apr 2025 13:55:43 GMT
Connection: keep-alive
Keep-Alive: timeout=600

21:55:43.068 [AsyncHttpClient-1-2] DEBUG org.asynchttpclient.netty.channel.ChannelManager -- Adding key: http://127.0.0.1:4723 for channel [id: 0xd850032e, L:/127.0.0.1:49363 - R:/127.0.0.1:4723]
21:55:43.069 [Forwarding getElementTagName on session e4b30e9b-4b96-4927-bd03-c9a8ff7d8b59 to remote] DEBUG org.asynchttpclient.netty.request.NettyRequestSender -- Using pooled Channel '[id: 0xd850032e, L:/127.0.0.1:49363 - R:/127.0.0.1:4723]' for 'GET' to 'http://127.0.0.1:4723/session/e4b30e9b-4b96-4927-bd03-c9a8ff7d8b59/element/f.CD957E4233BC3672886B7A63DC27F6AB.d.49BFC4C59FBFD812DD6F809FD94186B5.e.378/name'
21:55:43.070 [Forwarding getElementTagName on session e4b30e9b-4b96-4927-bd03-c9a8ff7d8b59 to remote] DEBUG org.asynchttpclient.netty.request.NettyRequestSender -- Using open Channel [id: 0xd850032e, L:/127.0.0.1:49363 - R:/127.0.0.1:4723] for GET '/session/e4b30e9b-4b96-4927-bd03-c9a8ff7d8b59/element/f.CD957E4233BC3672886B7A63DC27F6AB.d.49BFC4C59FBFD812DD6F809FD94186B5.e.378/name'
21:55:43.091 [AsyncHttpClient-1-2] DEBUG org.asynchttpclient.netty.handler.HttpHandler -- 

Request DefaultFullHttpRequest(decodeResult: success, version: HTTP/1.1, content: EmptyByteBufBE)
GET /session/e4b30e9b-4b96-4927-bd03-c9a8ff7d8b59/element/f.CD957E4233BC3672886B7A63DC27F6AB.d.49BFC4C59FBFD812DD6F809FD94186B5.e.378/name HTTP/1.1
Cache-Control: no-cache
User-Agent: appium/8.3.0 (selenium/4.8.3 (java mac))
Content-Type: application/json; charset=utf-8
host: 127.0.0.1:4723
accept: */*

Response DefaultHttpResponse(decodeResult: success, version: HTTP/1.1)
HTTP/1.1 200 OK
X-Powered-By: Express
Content-Type: application/json; charset=utf-8
Content-Length: 18
ETag: W/"12-ceOgoOCjDdl6f9shBpqJtH3AU6Q"
Date: Sun, 06 Apr 2025 13:55:43 GMT
Connection: keep-alive
Keep-Alive: timeout=600

21:55:43.091 [AsyncHttpClient-1-2] DEBUG org.asynchttpclient.netty.channel.ChannelManager -- Adding key: http://127.0.0.1:4723 for channel [id: 0xd850032e, L:/127.0.0.1:49363 - R:/127.0.0.1:4723]
21:55:43.092 [Forwarding getElementDomAttribute on session e4b30e9b-4b96-4927-bd03-c9a8ff7d8b59 to remote] DEBUG org.asynchttpclient.netty.request.NettyRequestSender -- Using pooled Channel '[id: 0xd850032e, L:/127.0.0.1:49363 - R:/127.0.0.1:4723]' for 'GET' to 'http://127.0.0.1:4723/session/e4b30e9b-4b96-4927-bd03-c9a8ff7d8b59/element/f.CD957E4233BC3672886B7A63DC27F6AB.d.49BFC4C59FBFD812DD6F809FD94186B5.e.378/attribute/multiple'
21:55:43.092 [Forwarding getElementDomAttribute on session e4b30e9b-4b96-4927-bd03-c9a8ff7d8b59 to remote] DEBUG org.asynchttpclient.netty.request.NettyRequestSender -- Using open Channel [id: 0xd850032e, L:/127.0.0.1:49363 - R:/127.0.0.1:4723] for GET '/session/e4b30e9b-4b96-4927-bd03-c9a8ff7d8b59/element/f.CD957E4233BC3672886B7A63DC27F6AB.d.49BFC4C59FBFD812DD6F809FD94186B5.e.378/attribute/multiple'
21:55:43.111 [AsyncHttpClient-1-2] DEBUG org.asynchttpclient.netty.handler.HttpHandler -- 

Request DefaultFullHttpRequest(decodeResult: success, version: HTTP/1.1, content: EmptyByteBufBE)
GET /session/e4b30e9b-4b96-4927-bd03-c9a8ff7d8b59/element/f.CD957E4233BC3672886B7A63DC27F6AB.d.49BFC4C59FBFD812DD6F809FD94186B5.e.378/attribute/multiple HTTP/1.1
Cache-Control: no-cache
User-Agent: appium/8.3.0 (selenium/4.8.3 (java mac))
Content-Type: application/json; charset=utf-8
host: 127.0.0.1:4723
accept: */*

Response DefaultHttpResponse(decodeResult: success, version: HTTP/1.1)
HTTP/1.1 200 OK
X-Powered-By: Express
Content-Type: application/json; charset=utf-8
Content-Length: 14
ETag: W/"e-9/1BuKMgFObM1mWJm+YjxtXJnUM"
Date: Sun, 06 Apr 2025 13:55:43 GMT
Connection: keep-alive
Keep-Alive: timeout=600

21:55:43.111 [AsyncHttpClient-1-2] DEBUG org.asynchttpclient.netty.channel.ChannelManager -- Adding key: http://127.0.0.1:4723 for channel [id: 0xd850032e, L:/127.0.0.1:49363 - R:/127.0.0.1:4723]
21:55:43.112 [Forwarding findChildElements on session e4b30e9b-4b96-4927-bd03-c9a8ff7d8b59 to remote] DEBUG org.asynchttpclient.netty.request.NettyRequestSender -- Using pooled Channel '[id: 0xd850032e, L:/127.0.0.1:49363 - R:/127.0.0.1:4723]' for 'POST' to 'http://127.0.0.1:4723/session/e4b30e9b-4b96-4927-bd03-c9a8ff7d8b59/element/f.CD957E4233BC3672886B7A63DC27F6AB.d.49BFC4C59FBFD812DD6F809FD94186B5.e.378/elements'
21:55:43.112 [Forwarding findChildElements on session e4b30e9b-4b96-4927-bd03-c9a8ff7d8b59 to remote] DEBUG org.asynchttpclient.netty.request.NettyRequestSender -- Using open Channel [id: 0xd850032e, L:/127.0.0.1:49363 - R:/127.0.0.1:4723] for POST '/session/e4b30e9b-4b96-4927-bd03-c9a8ff7d8b59/element/f.CD957E4233BC3672886B7A63DC27F6AB.d.49BFC4C59FBFD812DD6F809FD94186B5.e.378/elements'
21:55:43.138 [AsyncHttpClient-1-2] DEBUG org.asynchttpclient.netty.handler.HttpHandler -- 

Request DefaultHttpRequest(decodeResult: success, version: HTTP/1.1)
POST /session/e4b30e9b-4b96-4927-bd03-c9a8ff7d8b59/element/f.CD957E4233BC3672886B7A63DC27F6AB.d.49BFC4C59FBFD812DD6F809FD94186B5.e.378/elements HTTP/1.1
User-Agent: appium/8.3.0 (selenium/4.8.3 (java mac))
Content-Length: 133
Content-Type: application/json; charset=utf-8
host: 127.0.0.1:4723
accept: */*

Response DefaultHttpResponse(decodeResult: success, version: HTTP/1.1)
HTTP/1.1 200 OK
X-Powered-By: Express
Vary: X-HTTP-Method-Override
Content-Type: application/json; charset=utf-8
Content-Length: 4543
ETag: W/"11bf-ZbJCu7pi3ZtdyLxTMKJ/hImLNKw"
Date: Sun, 06 Apr 2025 13:55:43 GMT
Connection: keep-alive
Keep-Alive: timeout=600

21:55:43.138 [AsyncHttpClient-1-2] DEBUG org.asynchttpclient.netty.channel.ChannelManager -- Adding key: http://127.0.0.1:4723 for channel [id: 0xd850032e, L:/127.0.0.1:49363 - R:/127.0.0.1:4723]
21:55:43.138 [Forwarding isElementSelected on session e4b30e9b-4b96-4927-bd03-c9a8ff7d8b59 to remote] DEBUG org.asynchttpclient.netty.request.NettyRequestSender -- Using pooled Channel '[id: 0xd850032e, L:/127.0.0.1:49363 - R:/127.0.0.1:4723]' for 'GET' to 'http://127.0.0.1:4723/session/e4b30e9b-4b96-4927-bd03-c9a8ff7d8b59/element/f.CD957E4233BC3672886B7A63DC27F6AB.d.49BFC4C59FBFD812DD6F809FD94186B5.e.456/selected'
21:55:43.138 [Forwarding isElementSelected on session e4b30e9b-4b96-4927-bd03-c9a8ff7d8b59 to remote] DEBUG org.asynchttpclient.netty.request.NettyRequestSender -- Using open Channel [id: 0xd850032e, L:/127.0.0.1:49363 - R:/127.0.0.1:4723] for GET '/session/e4b30e9b-4b96-4927-bd03-c9a8ff7d8b59/element/f.CD957E4233BC3672886B7A63DC27F6AB.d.49BFC4C59FBFD812DD6F809FD94186B5.e.456/selected'
21:55:43.159 [AsyncHttpClient-1-2] DEBUG org.asynchttpclient.netty.handler.HttpHandler -- 

Request DefaultFullHttpRequest(decodeResult: success, version: HTTP/1.1, content: EmptyByteBufBE)
GET /session/e4b30e9b-4b96-4927-bd03-c9a8ff7d8b59/element/f.CD957E4233BC3672886B7A63DC27F6AB.d.49BFC4C59FBFD812DD6F809FD94186B5.e.456/selected HTTP/1.1
Cache-Control: no-cache
User-Agent: appium/8.3.0 (selenium/4.8.3 (java mac))
Content-Type: application/json; charset=utf-8
host: 127.0.0.1:4723
accept: */*

Response DefaultHttpResponse(decodeResult: success, version: HTTP/1.1)
HTTP/1.1 200 OK
X-Powered-By: Express
Content-Type: application/json; charset=utf-8
Content-Length: 14
ETag: W/"e-2ZHvAWebNQpyjGZTg6uyV8/spTo"
Date: Sun, 06 Apr 2025 13:55:43 GMT
Connection: keep-alive
Keep-Alive: timeout=600

21:55:43.159 [AsyncHttpClient-1-2] DEBUG org.asynchttpclient.netty.channel.ChannelManager -- Adding key: http://127.0.0.1:4723 for channel [id: 0xd850032e, L:/127.0.0.1:49363 - R:/127.0.0.1:4723]
21:55:43.160 [Forwarding getElementText on session e4b30e9b-4b96-4927-bd03-c9a8ff7d8b59 to remote] DEBUG org.asynchttpclient.netty.request.NettyRequestSender -- Using pooled Channel '[id: 0xd850032e, L:/127.0.0.1:49363 - R:/127.0.0.1:4723]' for 'GET' to 'http://127.0.0.1:4723/session/e4b30e9b-4b96-4927-bd03-c9a8ff7d8b59/element/f.CD957E4233BC3672886B7A63DC27F6AB.d.49BFC4C59FBFD812DD6F809FD94186B5.e.456/text'
21:55:43.160 [Forwarding getElementText on session e4b30e9b-4b96-4927-bd03-c9a8ff7d8b59 to remote] DEBUG org.asynchttpclient.netty.request.NettyRequestSender -- Using open Channel [id: 0xd850032e, L:/127.0.0.1:49363 - R:/127.0.0.1:4723] for GET '/session/e4b30e9b-4b96-4927-bd03-c9a8ff7d8b59/element/f.CD957E4233BC3672886B7A63DC27F6AB.d.49BFC4C59FBFD812DD6F809FD94186B5.e.456/text'
21:55:43.183 [AsyncHttpClient-1-2] DEBUG org.asynchttpclient.netty.handler.HttpHandler -- 

Request DefaultFullHttpRequest(decodeResult: success, version: HTTP/1.1, content: EmptyByteBufBE)
GET /session/e4b30e9b-4b96-4927-bd03-c9a8ff7d8b59/element/f.CD957E4233BC3672886B7A63DC27F6AB.d.49BFC4C59FBFD812DD6F809FD94186B5.e.456/text HTTP/1.1
Cache-Control: no-cache
User-Agent: appium/8.3.0 (selenium/4.8.3 (java mac))
Content-Type: application/json; charset=utf-8
host: 127.0.0.1:4723
accept: */*

Response DefaultHttpResponse(decodeResult: success, version: HTTP/1.1)
HTTP/1.1 200 OK
X-Powered-By: Express
Content-Type: application/json; charset=utf-8
Content-Length: 24
ETag: W/"18-34B2ApjykviQmAEdVkZ0RR0kj4A"
Date: Sun, 06 Apr 2025 13:55:43 GMT
Connection: keep-alive
Keep-Alive: timeout=600

21:55:43.183 [AsyncHttpClient-1-2] DEBUG org.asynchttpclient.netty.channel.ChannelManager -- Adding key: http://127.0.0.1:4723 for channel [id: 0xd850032e, L:/127.0.0.1:49363 - R:/127.0.0.1:4723]
21:55:43.184 [Forwarding getElementAttribute on session e4b30e9b-4b96-4927-bd03-c9a8ff7d8b59 to remote] DEBUG org.asynchttpclient.netty.request.NettyRequestSender -- Using pooled Channel '[id: 0xd850032e, L:/127.0.0.1:49363 - R:/127.0.0.1:4723]' for 'GET' to 'http://127.0.0.1:4723/session/e4b30e9b-4b96-4927-bd03-c9a8ff7d8b59/element/f.CD957E4233BC3672886B7A63DC27F6AB.d.49BFC4C59FBFD812DD6F809FD94186B5.e.379/attribute/value'
21:55:43.184 [Forwarding getElementAttribute on session e4b30e9b-4b96-4927-bd03-c9a8ff7d8b59 to remote] DEBUG org.asynchttpclient.netty.request.NettyRequestSender -- Using open Channel [id: 0xd850032e, L:/127.0.0.1:49363 - R:/127.0.0.1:4723] for GET '/session/e4b30e9b-4b96-4927-bd03-c9a8ff7d8b59/element/f.CD957E4233BC3672886B7A63DC27F6AB.d.49BFC4C59FBFD812DD6F809FD94186B5.e.379/attribute/value'
21:55:43.216 [AsyncHttpClient-1-2] DEBUG org.asynchttpclient.netty.handler.HttpHandler -- 

Request DefaultFullHttpRequest(decodeResult: success, version: HTTP/1.1, content: EmptyByteBufBE)
GET /session/e4b30e9b-4b96-4927-bd03-c9a8ff7d8b59/element/f.CD957E4233BC3672886B7A63DC27F6AB.d.49BFC4C59FBFD812DD6F809FD94186B5.e.379/attribute/value HTTP/1.1
Cache-Control: no-cache
User-Agent: appium/8.3.0 (selenium/4.8.3 (java mac))
Content-Type: application/json; charset=utf-8
host: 127.0.0.1:4723
accept: */*

Response DefaultHttpResponse(decodeResult: success, version: HTTP/1.1)
HTTP/1.1 200 OK
X-Powered-By: Express
Content-Type: application/json; charset=utf-8
Content-Length: 14
ETag: W/"e-9/1BuKMgFObM1mWJm+YjxtXJnUM"
Date: Sun, 06 Apr 2025 13:55:43 GMT
Connection: keep-alive
Keep-Alive: timeout=600

21:55:43.217 [AsyncHttpClient-1-2] DEBUG org.asynchttpclient.netty.channel.ChannelManager -- Adding key: http://127.0.0.1:4723 for channel [id: 0xd850032e, L:/127.0.0.1:49363 - R:/127.0.0.1:4723]
21:55:43.217 [Forwarding getElementTagName on session e4b30e9b-4b96-4927-bd03-c9a8ff7d8b59 to remote] DEBUG org.asynchttpclient.netty.request.NettyRequestSender -- Using pooled Channel '[id: 0xd850032e, L:/127.0.0.1:49363 - R:/127.0.0.1:4723]' for 'GET' to 'http://127.0.0.1:4723/session/e4b30e9b-4b96-4927-bd03-c9a8ff7d8b59/element/f.CD957E4233BC3672886B7A63DC27F6AB.d.49BFC4C59FBFD812DD6F809FD94186B5.e.379/name'
21:55:43.217 [Forwarding getElementTagName on session e4b30e9b-4b96-4927-bd03-c9a8ff7d8b59 to remote] DEBUG org.asynchttpclient.netty.request.NettyRequestSender -- Using open Channel [id: 0xd850032e, L:/127.0.0.1:49363 - R:/127.0.0.1:4723] for GET '/session/e4b30e9b-4b96-4927-bd03-c9a8ff7d8b59/element/f.CD957E4233BC3672886B7A63DC27F6AB.d.49BFC4C59FBFD812DD6F809FD94186B5.e.379/name'
21:55:43.236 [AsyncHttpClient-1-2] DEBUG org.asynchttpclient.netty.handler.HttpHandler -- 

Request DefaultFullHttpRequest(decodeResult: success, version: HTTP/1.1, content: EmptyByteBufBE)
GET /session/e4b30e9b-4b96-4927-bd03-c9a8ff7d8b59/element/f.CD957E4233BC3672886B7A63DC27F6AB.d.49BFC4C59FBFD812DD6F809FD94186B5.e.379/name HTTP/1.1
Cache-Control: no-cache
User-Agent: appium/8.3.0 (selenium/4.8.3 (java mac))
Content-Type: application/json; charset=utf-8
host: 127.0.0.1:4723
accept: */*

Response DefaultHttpResponse(decodeResult: success, version: HTTP/1.1)
HTTP/1.1 200 OK
X-Powered-By: Express
Content-Type: application/json; charset=utf-8
Content-Length: 18
ETag: W/"12-ceOgoOCjDdl6f9shBpqJtH3AU6Q"
Date: Sun, 06 Apr 2025 13:55:43 GMT
Connection: keep-alive
Keep-Alive: timeout=600

21:55:43.239 [AsyncHttpClient-1-2] DEBUG org.asynchttpclient.netty.channel.ChannelManager -- Adding key: http://127.0.0.1:4723 for channel [id: 0xd850032e, L:/127.0.0.1:49363 - R:/127.0.0.1:4723]
21:55:43.239 [Forwarding getElementDomAttribute on session e4b30e9b-4b96-4927-bd03-c9a8ff7d8b59 to remote] DEBUG org.asynchttpclient.netty.request.NettyRequestSender -- Using pooled Channel '[id: 0xd850032e, L:/127.0.0.1:49363 - R:/127.0.0.1:4723]' for 'GET' to 'http://127.0.0.1:4723/session/e4b30e9b-4b96-4927-bd03-c9a8ff7d8b59/element/f.CD957E4233BC3672886B7A63DC27F6AB.d.49BFC4C59FBFD812DD6F809FD94186B5.e.379/attribute/multiple'
21:55:43.239 [Forwarding getElementDomAttribute on session e4b30e9b-4b96-4927-bd03-c9a8ff7d8b59 to remote] DEBUG org.asynchttpclient.netty.request.NettyRequestSender -- Using open Channel [id: 0xd850032e, L:/127.0.0.1:49363 - R:/127.0.0.1:4723] for GET '/session/e4b30e9b-4b96-4927-bd03-c9a8ff7d8b59/element/f.CD957E4233BC3672886B7A63DC27F6AB.d.49BFC4C59FBFD812DD6F809FD94186B5.e.379/attribute/multiple'
21:55:43.257 [AsyncHttpClient-1-2] DEBUG org.asynchttpclient.netty.handler.HttpHandler -- 

Request DefaultFullHttpRequest(decodeResult: success, version: HTTP/1.1, content: EmptyByteBufBE)
GET /session/e4b30e9b-4b96-4927-bd03-c9a8ff7d8b59/element/f.CD957E4233BC3672886B7A63DC27F6AB.d.49BFC4C59FBFD812DD6F809FD94186B5.e.379/attribute/multiple HTTP/1.1
Cache-Control: no-cache
User-Agent: appium/8.3.0 (selenium/4.8.3 (java mac))
Content-Type: application/json; charset=utf-8
host: 127.0.0.1:4723
accept: */*

Response DefaultHttpResponse(decodeResult: success, version: HTTP/1.1)
HTTP/1.1 200 OK
X-Powered-By: Express
Content-Type: application/json; charset=utf-8
Content-Length: 14
ETag: W/"e-9/1BuKMgFObM1mWJm+YjxtXJnUM"
Date: Sun, 06 Apr 2025 13:55:43 GMT
Connection: keep-alive
Keep-Alive: timeout=600

21:55:43.257 [AsyncHttpClient-1-2] DEBUG org.asynchttpclient.netty.channel.ChannelManager -- Adding key: http://127.0.0.1:4723 for channel [id: 0xd850032e, L:/127.0.0.1:49363 - R:/127.0.0.1:4723]
21:55:43.258 [Forwarding findChildElements on session e4b30e9b-4b96-4927-bd03-c9a8ff7d8b59 to remote] DEBUG org.asynchttpclient.netty.request.NettyRequestSender -- Using pooled Channel '[id: 0xd850032e, L:/127.0.0.1:49363 - R:/127.0.0.1:4723]' for 'POST' to 'http://127.0.0.1:4723/session/e4b30e9b-4b96-4927-bd03-c9a8ff7d8b59/element/f.CD957E4233BC3672886B7A63DC27F6AB.d.49BFC4C59FBFD812DD6F809FD94186B5.e.379/elements'
21:55:43.258 [Forwarding findChildElements on session e4b30e9b-4b96-4927-bd03-c9a8ff7d8b59 to remote] DEBUG org.asynchttpclient.netty.request.NettyRequestSender -- Using open Channel [id: 0xd850032e, L:/127.0.0.1:49363 - R:/127.0.0.1:4723] for POST '/session/e4b30e9b-4b96-4927-bd03-c9a8ff7d8b59/element/f.CD957E4233BC3672886B7A63DC27F6AB.d.49BFC4C59FBFD812DD6F809FD94186B5.e.379/elements'
21:55:43.279 [AsyncHttpClient-1-2] DEBUG org.asynchttpclient.netty.handler.HttpHandler -- 

Request DefaultHttpRequest(decodeResult: success, version: HTTP/1.1)
POST /session/e4b30e9b-4b96-4927-bd03-c9a8ff7d8b59/element/f.CD957E4233BC3672886B7A63DC27F6AB.d.49BFC4C59FBFD812DD6F809FD94186B5.e.379/elements HTTP/1.1
User-Agent: appium/8.3.0 (selenium/4.8.3 (java mac))
Content-Length: 133
Content-Type: application/json; charset=utf-8
host: 127.0.0.1:4723
accept: */*

Response DefaultHttpResponse(decodeResult: success, version: HTTP/1.1)
HTTP/1.1 200 OK
X-Powered-By: Express
Vary: X-HTTP-Method-Override
Content-Type: application/json; charset=utf-8
Content-Length: 217
ETag: W/"d9-PSM1SuK2CkKiCT8S6tsI6glGI4w"
Date: Sun, 06 Apr 2025 13:55:43 GMT
Connection: keep-alive
Keep-Alive: timeout=600

21:55:43.279 [AsyncHttpClient-1-2] DEBUG org.asynchttpclient.netty.channel.ChannelManager -- Adding key: http://127.0.0.1:4723 for channel [id: 0xd850032e, L:/127.0.0.1:49363 - R:/127.0.0.1:4723]
21:55:43.279 [Forwarding isElementSelected on session e4b30e9b-4b96-4927-bd03-c9a8ff7d8b59 to remote] DEBUG org.asynchttpclient.netty.request.NettyRequestSender -- Using pooled Channel '[id: 0xd850032e, L:/127.0.0.1:49363 - R:/127.0.0.1:4723]' for 'GET' to 'http://127.0.0.1:4723/session/e4b30e9b-4b96-4927-bd03-c9a8ff7d8b59/element/f.CD957E4233BC3672886B7A63DC27F6AB.d.49BFC4C59FBFD812DD6F809FD94186B5.e.500/selected'
21:55:43.279 [Forwarding isElementSelected on session e4b30e9b-4b96-4927-bd03-c9a8ff7d8b59 to remote] DEBUG org.asynchttpclient.netty.request.NettyRequestSender -- Using open Channel [id: 0xd850032e, L:/127.0.0.1:49363 - R:/127.0.0.1:4723] for GET '/session/e4b30e9b-4b96-4927-bd03-c9a8ff7d8b59/element/f.CD957E4233BC3672886B7A63DC27F6AB.d.49BFC4C59FBFD812DD6F809FD94186B5.e.500/selected'
21:55:43.301 [AsyncHttpClient-1-2] DEBUG org.asynchttpclient.netty.handler.HttpHandler -- 

Request DefaultFullHttpRequest(decodeResult: success, version: HTTP/1.1, content: EmptyByteBufBE)
GET /session/e4b30e9b-4b96-4927-bd03-c9a8ff7d8b59/element/f.CD957E4233BC3672886B7A63DC27F6AB.d.49BFC4C59FBFD812DD6F809FD94186B5.e.500/selected HTTP/1.1
Cache-Control: no-cache
User-Agent: appium/8.3.0 (selenium/4.8.3 (java mac))
Content-Type: application/json; charset=utf-8
host: 127.0.0.1:4723
accept: */*

Response DefaultHttpResponse(decodeResult: success, version: HTTP/1.1)
HTTP/1.1 200 OK
X-Powered-By: Express
Content-Type: application/json; charset=utf-8
Content-Length: 14
ETag: W/"e-2ZHvAWebNQpyjGZTg6uyV8/spTo"
Date: Sun, 06 Apr 2025 13:55:43 GMT
Connection: keep-alive
Keep-Alive: timeout=600

21:55:43.301 [AsyncHttpClient-1-2] DEBUG org.asynchttpclient.netty.channel.ChannelManager -- Adding key: http://127.0.0.1:4723 for channel [id: 0xd850032e, L:/127.0.0.1:49363 - R:/127.0.0.1:4723]
21:55:43.302 [Forwarding getElementText on session e4b30e9b-4b96-4927-bd03-c9a8ff7d8b59 to remote] DEBUG org.asynchttpclient.netty.request.NettyRequestSender -- Using pooled Channel '[id: 0xd850032e, L:/127.0.0.1:49363 - R:/127.0.0.1:4723]' for 'GET' to 'http://127.0.0.1:4723/session/e4b30e9b-4b96-4927-bd03-c9a8ff7d8b59/element/f.CD957E4233BC3672886B7A63DC27F6AB.d.49BFC4C59FBFD812DD6F809FD94186B5.e.500/text'
21:55:43.302 [Forwarding getElementText on session e4b30e9b-4b96-4927-bd03-c9a8ff7d8b59 to remote] DEBUG org.asynchttpclient.netty.request.NettyRequestSender -- Using open Channel [id: 0xd850032e, L:/127.0.0.1:49363 - R:/127.0.0.1:4723] for GET '/session/e4b30e9b-4b96-4927-bd03-c9a8ff7d8b59/element/f.CD957E4233BC3672886B7A63DC27F6AB.d.49BFC4C59FBFD812DD6F809FD94186B5.e.500/text'
21:55:43.326 [AsyncHttpClient-1-2] DEBUG org.asynchttpclient.netty.handler.HttpHandler -- 

Request DefaultFullHttpRequest(decodeResult: success, version: HTTP/1.1, content: EmptyByteBufBE)
GET /session/e4b30e9b-4b96-4927-bd03-c9a8ff7d8b59/element/f.CD957E4233BC3672886B7A63DC27F6AB.d.49BFC4C59FBFD812DD6F809FD94186B5.e.500/text HTTP/1.1
Cache-Control: no-cache
User-Agent: appium/8.3.0 (selenium/4.8.3 (java mac))
Content-Type: application/json; charset=utf-8
host: 127.0.0.1:4723
accept: */*

Response DefaultHttpResponse(decodeResult: success, version: HTTP/1.1)
HTTP/1.1 200 OK
X-Powered-By: Express
Content-Type: application/json; charset=utf-8
Content-Length: 27
ETag: W/"1b-WszMrTDLUBhetLFWttbtrso7fzY"
Date: Sun, 06 Apr 2025 13:55:43 GMT
Connection: keep-alive
Keep-Alive: timeout=600

21:55:43.326 [AsyncHttpClient-1-2] DEBUG org.asynchttpclient.netty.channel.ChannelManager -- Adding key: http://127.0.0.1:4723 for channel [id: 0xd850032e, L:/127.0.0.1:49363 - R:/127.0.0.1:4723]
21:55:43.326 [Forwarding getElementAttribute on session e4b30e9b-4b96-4927-bd03-c9a8ff7d8b59 to remote] DEBUG org.asynchttpclient.netty.request.NettyRequestSender -- Using pooled Channel '[id: 0xd850032e, L:/127.0.0.1:49363 - R:/127.0.0.1:4723]' for 'GET' to 'http://127.0.0.1:4723/session/e4b30e9b-4b96-4927-bd03-c9a8ff7d8b59/element/f.CD957E4233BC3672886B7A63DC27F6AB.d.49BFC4C59FBFD812DD6F809FD94186B5.e.380/attribute/value'
21:55:43.326 [Forwarding getElementAttribute on session e4b30e9b-4b96-4927-bd03-c9a8ff7d8b59 to remote] DEBUG org.asynchttpclient.netty.request.NettyRequestSender -- Using open Channel [id: 0xd850032e, L:/127.0.0.1:49363 - R:/127.0.0.1:4723] for GET '/session/e4b30e9b-4b96-4927-bd03-c9a8ff7d8b59/element/f.CD957E4233BC3672886B7A63DC27F6AB.d.49BFC4C59FBFD812DD6F809FD94186B5.e.380/attribute/value'
21:55:43.347 [AsyncHttpClient-1-2] DEBUG org.asynchttpclient.netty.handler.HttpHandler -- 

Request DefaultFullHttpRequest(decodeResult: success, version: HTTP/1.1, content: EmptyByteBufBE)
GET /session/e4b30e9b-4b96-4927-bd03-c9a8ff7d8b59/element/f.CD957E4233BC3672886B7A63DC27F6AB.d.49BFC4C59FBFD812DD6F809FD94186B5.e.380/attribute/value HTTP/1.1
Cache-Control: no-cache
User-Agent: appium/8.3.0 (selenium/4.8.3 (java mac))
Content-Type: application/json; charset=utf-8
host: 127.0.0.1:4723
accept: */*

Response DefaultHttpResponse(decodeResult: success, version: HTTP/1.1)
HTTP/1.1 200 OK
X-Powered-By: Express
Content-Type: application/json; charset=utf-8
Content-Length: 12
ETag: W/"c-XhZ6Dv5auutI3mUJ9l6zqgjSbvk"
Date: Sun, 06 Apr 2025 13:55:43 GMT
Connection: keep-alive
Keep-Alive: timeout=600

21:55:43.347 [AsyncHttpClient-1-2] DEBUG org.asynchttpclient.netty.channel.ChannelManager -- Adding key: http://127.0.0.1:4723 for channel [id: 0xd850032e, L:/127.0.0.1:49363 - R:/127.0.0.1:4723]
21:55:43.348 [Forwarding getElementAttribute on session e4b30e9b-4b96-4927-bd03-c9a8ff7d8b59 to remote] DEBUG org.asynchttpclient.netty.request.NettyRequestSender -- Using pooled Channel '[id: 0xd850032e, L:/127.0.0.1:49363 - R:/127.0.0.1:4723]' for 'GET' to 'http://127.0.0.1:4723/session/e4b30e9b-4b96-4927-bd03-c9a8ff7d8b59/element/f.CD957E4233BC3672886B7A63DC27F6AB.d.49BFC4C59FBFD812DD6F809FD94186B5.e.385/attribute/value'
21:55:43.348 [Forwarding getElementAttribute on session e4b30e9b-4b96-4927-bd03-c9a8ff7d8b59 to remote] DEBUG org.asynchttpclient.netty.request.NettyRequestSender -- Using open Channel [id: 0xd850032e, L:/127.0.0.1:49363 - R:/127.0.0.1:4723] for GET '/session/e4b30e9b-4b96-4927-bd03-c9a8ff7d8b59/element/f.CD957E4233BC3672886B7A63DC27F6AB.d.49BFC4C59FBFD812DD6F809FD94186B5.e.385/attribute/value'
21:55:43.366 [AsyncHttpClient-1-2] DEBUG org.asynchttpclient.netty.handler.HttpHandler -- 

Request DefaultFullHttpRequest(decodeResult: success, version: HTTP/1.1, content: EmptyByteBufBE)
GET /session/e4b30e9b-4b96-4927-bd03-c9a8ff7d8b59/element/f.CD957E4233BC3672886B7A63DC27F6AB.d.49BFC4C59FBFD812DD6F809FD94186B5.e.385/attribute/value HTTP/1.1
Cache-Control: no-cache
User-Agent: appium/8.3.0 (selenium/4.8.3 (java mac))
Content-Type: application/json; charset=utf-8
host: 127.0.0.1:4723
accept: */*

Response DefaultHttpResponse(decodeResult: success, version: HTTP/1.1)
HTTP/1.1 200 OK
X-Powered-By: Express
Content-Type: application/json; charset=utf-8
Content-Length: 12
ETag: W/"c-XhZ6Dv5auutI3mUJ9l6zqgjSbvk"
Date: Sun, 06 Apr 2025 13:55:43 GMT
Connection: keep-alive
Keep-Alive: timeout=600

21:55:43.367 [AsyncHttpClient-1-2] DEBUG org.asynchttpclient.netty.channel.ChannelManager -- Adding key: http://127.0.0.1:4723 for channel [id: 0xd850032e, L:/127.0.0.1:49363 - R:/127.0.0.1:4723]
21:55:43.367 [Forwarding getElementText on session e4b30e9b-4b96-4927-bd03-c9a8ff7d8b59 to remote] DEBUG org.asynchttpclient.netty.request.NettyRequestSender -- Using pooled Channel '[id: 0xd850032e, L:/127.0.0.1:49363 - R:/127.0.0.1:4723]' for 'GET' to 'http://127.0.0.1:4723/session/e4b30e9b-4b96-4927-bd03-c9a8ff7d8b59/element/f.CD957E4233BC3672886B7A63DC27F6AB.d.49BFC4C59FBFD812DD6F809FD94186B5.e.431/text'
21:55:43.367 [Forwarding getElementText on session e4b30e9b-4b96-4927-bd03-c9a8ff7d8b59 to remote] DEBUG org.asynchttpclient.netty.request.NettyRequestSender -- Using open Channel [id: 0xd850032e, L:/127.0.0.1:49363 - R:/127.0.0.1:4723] for GET '/session/e4b30e9b-4b96-4927-bd03-c9a8ff7d8b59/element/f.CD957E4233BC3672886B7A63DC27F6AB.d.49BFC4C59FBFD812DD6F809FD94186B5.e.431/text'
21:55:43.388 [AsyncHttpClient-1-2] DEBUG org.asynchttpclient.netty.handler.HttpHandler -- 

Request DefaultFullHttpRequest(decodeResult: success, version: HTTP/1.1, content: EmptyByteBufBE)
GET /session/e4b30e9b-4b96-4927-bd03-c9a8ff7d8b59/element/f.CD957E4233BC3672886B7A63DC27F6AB.d.49BFC4C59FBFD812DD6F809FD94186B5.e.431/text HTTP/1.1
Cache-Control: no-cache
User-Agent: appium/8.3.0 (selenium/4.8.3 (java mac))
Content-Type: application/json; charset=utf-8
host: 127.0.0.1:4723
accept: */*

Response DefaultHttpResponse(decodeResult: success, version: HTTP/1.1)
HTTP/1.1 200 OK
X-Powered-By: Express
Content-Type: application/json; charset=utf-8
Content-Length: 12
ETag: W/"c-XhZ6Dv5auutI3mUJ9l6zqgjSbvk"
Date: Sun, 06 Apr 2025 13:55:43 GMT
Connection: keep-alive
Keep-Alive: timeout=600

21:55:43.389 [AsyncHttpClient-1-2] DEBUG org.asynchttpclient.netty.channel.ChannelManager -- Adding key: http://127.0.0.1:4723 for channel [id: 0xd850032e, L:/127.0.0.1:49363 - R:/127.0.0.1:4723]
21:55:43.389 [Forwarding getElementText on session e4b30e9b-4b96-4927-bd03-c9a8ff7d8b59 to remote] DEBUG org.asynchttpclient.netty.request.NettyRequestSender -- Using pooled Channel '[id: 0xd850032e, L:/127.0.0.1:49363 - R:/127.0.0.1:4723]' for 'GET' to 'http://127.0.0.1:4723/session/e4b30e9b-4b96-4927-bd03-c9a8ff7d8b59/element/f.CD957E4233BC3672886B7A63DC27F6AB.d.49BFC4C59FBFD812DD6F809FD94186B5.e.432/text'
21:55:43.389 [Forwarding getElementText on session e4b30e9b-4b96-4927-bd03-c9a8ff7d8b59 to remote] DEBUG org.asynchttpclient.netty.request.NettyRequestSender -- Using open Channel [id: 0xd850032e, L:/127.0.0.1:49363 - R:/127.0.0.1:4723] for GET '/session/e4b30e9b-4b96-4927-bd03-c9a8ff7d8b59/element/f.CD957E4233BC3672886B7A63DC27F6AB.d.49BFC4C59FBFD812DD6F809FD94186B5.e.432/text'
21:55:43.409 [AsyncHttpClient-1-2] DEBUG org.asynchttpclient.netty.handler.HttpHandler -- 

Request DefaultFullHttpRequest(decodeResult: success, version: HTTP/1.1, content: EmptyByteBufBE)
GET /session/e4b30e9b-4b96-4927-bd03-c9a8ff7d8b59/element/f.CD957E4233BC3672886B7A63DC27F6AB.d.49BFC4C59FBFD812DD6F809FD94186B5.e.432/text HTTP/1.1
Cache-Control: no-cache
User-Agent: appium/8.3.0 (selenium/4.8.3 (java mac))
Content-Type: application/json; charset=utf-8
host: 127.0.0.1:4723
accept: */*

Response DefaultHttpResponse(decodeResult: success, version: HTTP/1.1)
HTTP/1.1 200 OK
X-Powered-By: Express
Content-Type: application/json; charset=utf-8
Content-Length: 12
ETag: W/"c-XhZ6Dv5auutI3mUJ9l6zqgjSbvk"
Date: Sun, 06 Apr 2025 13:55:43 GMT
Connection: keep-alive
Keep-Alive: timeout=600

21:55:43.409 [AsyncHttpClient-1-2] DEBUG org.asynchttpclient.netty.channel.ChannelManager -- Adding key: http://127.0.0.1:4723 for channel [id: 0xd850032e, L:/127.0.0.1:49363 - R:/127.0.0.1:4723]
21:55:43.410 [main] INFO com.cathay.test.tests.MortgageCalculatorTest -- 重新試算功能驗證成功
]]></system-out>
  </testcase>
  <testcase name="testMortgageCalculationTwice" classname="com.cathay.test.tests.MortgageCalculatorTest" time="6.28">
    <system-out><![CDATA[21:55:43.411 [main] INFO com.cathay.test.tests.MortgageCalculatorTest -- 正在清理 driver session: e4b30e9b-4b96-4927-bd03-c9a8ff7d8b59
21:55:43.411 [main] INFO  com.cathay.test.config.AppiumConfig - 正在關閉 Driver...
21:55:43.411 [Forwarding quit on session e4b30e9b-4b96-4927-bd03-c9a8ff7d8b59 to remote] DEBUG org.asynchttpclient.netty.request.NettyRequestSender -- Using pooled Channel '[id: 0xd850032e, L:/127.0.0.1:49363 - R:/127.0.0.1:4723]' for 'DELETE' to 'http://127.0.0.1:4723/session/e4b30e9b-4b96-4927-bd03-c9a8ff7d8b59'
21:55:43.411 [Forwarding quit on session e4b30e9b-4b96-4927-bd03-c9a8ff7d8b59 to remote] DEBUG org.asynchttpclient.netty.request.NettyRequestSender -- Using open Channel [id: 0xd850032e, L:/127.0.0.1:49363 - R:/127.0.0.1:4723] for DELETE '/session/e4b30e9b-4b96-4927-bd03-c9a8ff7d8b59'
21:55:43.748 [AsyncHttpClient-1-2] DEBUG org.asynchttpclient.netty.handler.HttpHandler -- 

Request DefaultFullHttpRequest(decodeResult: success, version: HTTP/1.1, content: EmptyByteBufBE)
DELETE /session/e4b30e9b-4b96-4927-bd03-c9a8ff7d8b59 HTTP/1.1
User-Agent: appium/8.3.0 (selenium/4.8.3 (java mac))
Content-Type: application/json; charset=utf-8
host: 127.0.0.1:4723
accept: */*

Response DefaultHttpResponse(decodeResult: success, version: HTTP/1.1)
HTTP/1.1 200 OK
X-Powered-By: Express
Content-Type: application/json; charset=utf-8
Content-Length: 14
ETag: W/"e-9/1BuKMgFObM1mWJm+YjxtXJnUM"
Date: Sun, 06 Apr 2025 13:55:43 GMT
Connection: keep-alive
Keep-Alive: timeout=600

21:55:43.748 [AsyncHttpClient-1-2] DEBUG org.asynchttpclient.netty.channel.ChannelManager -- Adding key: http://127.0.0.1:4723 for channel [id: 0xd850032e, L:/127.0.0.1:49363 - R:/127.0.0.1:4723]
21:55:43.748 [main] INFO  com.cathay.test.config.AppiumConfig - Driver 已成功關閉
21:55:43.748 [main] INFO com.cathay.test.tests.MortgageCalculatorTest -- MortgageCalculatorTest 清理完成
*******MortgageCalculatorTest.setUp() 執行！
21:55:43.749 [main] INFO  com.cathay.test.config.AppiumConfig - 開始初始化 MortgageCalculatorTest (嘗試 1/3)
21:55:43.749 [main] INFO  com.cathay.test.config.AppiumConfig - Appium 服務器可用
21:55:43.770 [main] INFO  com.cathay.test.config.AppiumConfig - Android 模擬器可用
21:55:43.773 [Forwarding newSession on session null to remote] DEBUG org.asynchttpclient.netty.request.NettyRequestSender -- Using pooled Channel '[id: 0xd850032e, L:/127.0.0.1:49363 - R:/127.0.0.1:4723]' for 'POST' to 'http://127.0.0.1:4723/session'
21:55:43.773 [Forwarding newSession on session null to remote] DEBUG org.asynchttpclient.netty.request.NettyRequestSender -- Using open Channel [id: 0xd850032e, L:/127.0.0.1:49363 - R:/127.0.0.1:4723] for POST '/session'
21:55:46.884 [AsyncHttpClient-1-2] DEBUG org.asynchttpclient.netty.handler.HttpHandler -- 

Request DefaultHttpRequest(decodeResult: success, version: HTTP/1.1)
POST /session HTTP/1.1
X-Idempotency-Key: 34759a5a-1e75-4040-aabe-3716e919bf4d
User-Agent: appium/8.3.0 (selenium/4.8.3 (java mac))
Content-Length: 952
Content-Type: application/json; charset=utf-8
host: 127.0.0.1:4723
accept: */*

Response DefaultHttpResponse(decodeResult: success, version: HTTP/1.1)
HTTP/1.1 200 OK
X-Powered-By: Express
Vary: X-HTTP-Method-Override
Content-Type: application/json; charset=utf-8
Content-Length: 1816
ETag: W/"718-DYY19KZtioLyNuheKcuIGVQNmoI"
Date: Sun, 06 Apr 2025 13:55:46 GMT
Connection: keep-alive
Keep-Alive: timeout=600

21:55:46.884 [AsyncHttpClient-1-2] DEBUG org.asynchttpclient.netty.channel.ChannelManager -- Adding key: http://127.0.0.1:4723 for channel [id: 0xd850032e, L:/127.0.0.1:49363 - R:/127.0.0.1:4723]
21:55:46.888 [Forwarding executeCdp on session 2089427a-d4cc-4354-8215-1c7125110b81 to remote] DEBUG org.asynchttpclient.netty.request.NettyRequestSender -- Using pooled Channel '[id: 0xd850032e, L:/127.0.0.1:49363 - R:/127.0.0.1:4723]' for 'POST' to 'http://127.0.0.1:4723/session/2089427a-d4cc-4354-8215-1c7125110b81/goog/cdp/execute'
21:55:46.888 [Forwarding executeCdp on session 2089427a-d4cc-4354-8215-1c7125110b81 to remote] DEBUG org.asynchttpclient.netty.request.NettyRequestSender -- Using open Channel [id: 0xd850032e, L:/127.0.0.1:49363 - R:/127.0.0.1:4723] for POST '/session/2089427a-d4cc-4354-8215-1c7125110b81/goog/cdp/execute'
21:55:46.915 [AsyncHttpClient-1-2] DEBUG org.asynchttpclient.netty.handler.HttpHandler -- 

Request DefaultHttpRequest(decodeResult: success, version: HTTP/1.1)
POST /session/2089427a-d4cc-4354-8215-1c7125110b81/goog/cdp/execute HTTP/1.1
User-Agent: appium/8.3.0 (selenium/4.8.3 (java mac))
Content-Length: 87
Content-Type: application/json; charset=utf-8
host: 127.0.0.1:4723
accept: */*

Response DefaultHttpResponse(decodeResult: success, version: HTTP/1.1)
HTTP/1.1 404 Not Found
X-Powered-By: Express
Vary: X-HTTP-Method-Override
Content-Type: application/json; charset=utf-8
Content-Length: 1990
ETag: W/"7c6-zOdkslGPZIvV0EjCmLTBGce/zrs"
Date: Sun, 06 Apr 2025 13:55:46 GMT
Connection: keep-alive
Keep-Alive: timeout=600

21:55:46.915 [AsyncHttpClient-1-2] DEBUG org.asynchttpclient.netty.channel.ChannelManager -- Adding key: http://127.0.0.1:4723 for channel [id: 0xd850032e, L:/127.0.0.1:49363 - R:/127.0.0.1:4723]
21:55:46.916 [main] WARN  com.cathay.test.config.AppiumConfig - ⚠️ 設定第三方 Cookie 支援時發生例外: unknown command: 'Network.setCookieBlockingEnabled' wasn't found
  (Session info: chrome=128.0.6613.88)
Build info: version: '4.8.3', revision: 'e5e76298c3'
System info: os.name: 'Mac OS X', os.arch: 'aarch64', os.version: '13.4', java.version: '23.0.2'
Driver info: io.appium.java_client.android.AndroidDriver
Command: [2089427a-d4cc-4354-8215-1c7125110b81, executeCdp {cmd=Network.setCookieBlockingEnabled, params={enabled=false}}]
Capabilities {appium:autoAcceptAlerts: true, appium:autoGrantPermissions: true, appium:automationName: UiAutomator2, appium:chromedriverExecutable: /opt/homebrew/bin/chromedriver, appium:databaseEnabled: false, appium:desired: {appActivity: com.android.chrome/com.goog..., appPackage: com.android.chrome, autoAcceptAlerts: true, autoGrantPermissions: true, automationName: UiAutomator2, browserName: chrome, chromedriverExecutable: /opt/homebrew/bin/chromedriver, deviceName: Pixel_3a_API_34_extension_l..., goog:chromeOptions: {args: [--no-sandbox, --disable-dev-shm-usage, --ignore-certificate-errors, --remote-allow-origins=*, --disable-features=SameSite..., --enable-features=NetworkSe...], w3c: true}, newCommandTimeout: 120, noReset: true, platformName: android, platformVersion: 16.0}, appium:deviceApiLevel: 36, appium:deviceManufacturer: Google, appium:deviceModel: sdk_gphone64_arm64, appium:deviceName: emulator-5554, appium:deviceScreenDensity: 420, appium:deviceScreenSize: 1080x2424, appium:deviceUDID: emulator-5554, appium:javascriptEnabled: true, appium:locationContextEnabled: false, appium:networkConnectionEnabled: true, appium:newCommandTimeout: 120, appium:noReset: true, appium:pixelRatio: 2.625, appium:platformVersion: 16, appium:statBarHeight: 137, appium:takesScreenshot: true, appium:viewportRect: {height: 2287, left: 0, top: 137, width: 1080}, appium:warnings: {}, appium:webStorageEnabled: false, browserName: chrome, goog:chromeOptions: {args: [--no-sandbox, --disable-dev-shm-usage, --ignore-certificate-errors, --remote-allow-origins=*, --disable-features=SameSite..., --enable-features=NetworkSe...], w3c: true}, platformName: ANDROID}
Session ID: 2089427a-d4cc-4354-8215-1c7125110b81
21:55:47.589 [AsyncHttpClient-1-1] DEBUG org.asynchttpclient.netty.channel.DefaultChannelPool -- Entry count for : http://127.0.0.1:4723 : 1
21:55:48.691 [AsyncHttpClient-1-1] DEBUG org.asynchttpclient.netty.channel.DefaultChannelPool -- Entry count for : http://127.0.0.1:4723 : 1
21:55:49.793 [AsyncHttpClient-1-1] DEBUG org.asynchttpclient.netty.channel.DefaultChannelPool -- Entry count for : http://127.0.0.1:4723 : 1
21:55:49.917 [main] INFO  com.cathay.test.config.AppiumConfig - Driver session ID: 2089427a-d4cc-4354-8215-1c7125110b81
21:55:49.918 [Forwarding get on session 2089427a-d4cc-4354-8215-1c7125110b81 to remote] DEBUG org.asynchttpclient.netty.request.NettyRequestSender -- Using pooled Channel '[id: 0xd850032e, L:/127.0.0.1:49363 - R:/127.0.0.1:4723]' for 'POST' to 'http://127.0.0.1:4723/session/2089427a-d4cc-4354-8215-1c7125110b81/url'
21:55:49.918 [Forwarding get on session 2089427a-d4cc-4354-8215-1c7125110b81 to remote] DEBUG org.asynchttpclient.netty.request.NettyRequestSender -- Using open Channel [id: 0xd850032e, L:/127.0.0.1:49363 - R:/127.0.0.1:4723] for POST '/session/2089427a-d4cc-4354-8215-1c7125110b81/url'
21:55:54.623 [AsyncHttpClient-1-2] DEBUG org.asynchttpclient.netty.handler.HttpHandler -- 

Request DefaultHttpRequest(decodeResult: success, version: HTTP/1.1)
POST /session/2089427a-d4cc-4354-8215-1c7125110b81/url HTTP/1.1
User-Agent: appium/8.3.0 (selenium/4.8.3 (java mac))
Content-Length: 133
Content-Type: application/json; charset=utf-8
host: 127.0.0.1:4723
accept: */*

Response DefaultHttpResponse(decodeResult: success, version: HTTP/1.1)
HTTP/1.1 200 OK
X-Powered-By: Express
Vary: X-HTTP-Method-Override
Content-Type: application/json; charset=utf-8
Content-Length: 14
ETag: W/"e-9/1BuKMgFObM1mWJm+YjxtXJnUM"
Date: Sun, 06 Apr 2025 13:55:54 GMT
Connection: keep-alive
Keep-Alive: timeout=600

21:55:54.623 [AsyncHttpClient-1-2] DEBUG org.asynchttpclient.netty.channel.ChannelManager -- Adding key: http://127.0.0.1:4723 for channel [id: 0xd850032e, L:/127.0.0.1:49363 - R:/127.0.0.1:4723]
21:55:54.624 [Forwarding getCurrentUrl on session 2089427a-d4cc-4354-8215-1c7125110b81 to remote] DEBUG org.asynchttpclient.netty.request.NettyRequestSender -- Using pooled Channel '[id: 0xd850032e, L:/127.0.0.1:49363 - R:/127.0.0.1:4723]' for 'GET' to 'http://127.0.0.1:4723/session/2089427a-d4cc-4354-8215-1c7125110b81/url'
21:55:54.624 [Forwarding getCurrentUrl on session 2089427a-d4cc-4354-8215-1c7125110b81 to remote] DEBUG org.asynchttpclient.netty.request.NettyRequestSender -- Using open Channel [id: 0xd850032e, L:/127.0.0.1:49363 - R:/127.0.0.1:4723] for GET '/session/2089427a-d4cc-4354-8215-1c7125110b81/url'
21:55:54.684 [AsyncHttpClient-1-2] DEBUG org.asynchttpclient.netty.handler.HttpHandler -- 

Request DefaultFullHttpRequest(decodeResult: success, version: HTTP/1.1, content: EmptyByteBufBE)
GET /session/2089427a-d4cc-4354-8215-1c7125110b81/url HTTP/1.1
Cache-Control: no-cache
User-Agent: appium/8.3.0 (selenium/4.8.3 (java mac))
Content-Type: application/json; charset=utf-8
host: 127.0.0.1:4723
accept: */*

Response DefaultHttpResponse(decodeResult: success, version: HTTP/1.1)
HTTP/1.1 200 OK
X-Powered-By: Express
Content-Type: application/json; charset=utf-8
Content-Length: 90
ETag: W/"5a-SVzTdoqQsw2ztnbhgzn9TDJ+oVM"
Date: Sun, 06 Apr 2025 13:55:54 GMT
Connection: keep-alive
Keep-Alive: timeout=600

21:55:54.685 [AsyncHttpClient-1-2] DEBUG org.asynchttpclient.netty.channel.ChannelManager -- Adding key: http://127.0.0.1:4723 for channel [id: 0xd850032e, L:/127.0.0.1:49363 - R:/127.0.0.1:4723]
*********3rd party cookie Current URL: https://www.cathaybk.com.tw/cathaybk/personal/loan/calculator/mortgage-budget/
21:55:54.685 [Forwarding getCookies on session 2089427a-d4cc-4354-8215-1c7125110b81 to remote] DEBUG org.asynchttpclient.netty.request.NettyRequestSender -- Using pooled Channel '[id: 0xd850032e, L:/127.0.0.1:49363 - R:/127.0.0.1:4723]' for 'GET' to 'http://127.0.0.1:4723/session/2089427a-d4cc-4354-8215-1c7125110b81/cookie'
21:55:54.685 [Forwarding getCookies on session 2089427a-d4cc-4354-8215-1c7125110b81 to remote] DEBUG org.asynchttpclient.netty.request.NettyRequestSender -- Using open Channel [id: 0xd850032e, L:/127.0.0.1:49363 - R:/127.0.0.1:4723] for GET '/session/2089427a-d4cc-4354-8215-1c7125110b81/cookie'
21:55:54.713 [AsyncHttpClient-1-2] DEBUG org.asynchttpclient.netty.handler.HttpHandler -- 

Request DefaultFullHttpRequest(decodeResult: success, version: HTTP/1.1, content: EmptyByteBufBE)
GET /session/2089427a-d4cc-4354-8215-1c7125110b81/cookie HTTP/1.1
Cache-Control: no-cache
User-Agent: appium/8.3.0 (selenium/4.8.3 (java mac))
Content-Type: application/json; charset=utf-8
host: 127.0.0.1:4723
accept: */*

Response DefaultHttpResponse(decodeResult: success, version: HTTP/1.1)
HTTP/1.1 200 OK
X-Powered-By: Express
Content-Type: application/json; charset=utf-8
Content-Length: 4091
ETag: W/"ffb-L+Kgs/ftYYn33RMwkC8rc+sJlXU"
Date: Sun, 06 Apr 2025 13:55:54 GMT
Connection: keep-alive
Keep-Alive: timeout=600

21:55:54.713 [AsyncHttpClient-1-2] DEBUG org.asynchttpclient.netty.channel.ChannelManager -- Adding key: http://127.0.0.1:4723 for channel [id: 0xd850032e, L:/127.0.0.1:49363 - R:/127.0.0.1:4723]
*********Cookie: citrix_ns_id = AAg75ofyZzuAHU4HAAAAADvLSubBRkGc__LEO0TpW6Nr8OHaeWszYsWPvdq6uQF6Ow==bYvyZw==2M0omfQURinoZWO6eDzW1BFERTc=
*********Cookie: ASP.NET_SessionId = dluovrstyc0hcw3rwefakrfn
*********Cookie: _ss_pp_id = d946877cf2604252b0d1743918952863
*********Cookie: __lt__sid = 9c26c6ab-6d73b181
*********Cookie: cathaybk_new = 4bb3a3d8d4f078cfaa7badb04abb60df7ed08c3d037be7593e9c32d57ce56d7fc2c8d446
*********Cookie: _mg_ckp = eyJja1RrZERGIjoiIn0=
*********Cookie: __mguid_ = 31e915dd4e0141a293fe4f886e0ab89e
*********Cookie: FingerprintCookie = a83734ca5c2401a34f4ad325dff7c9ff
*********Cookie: shell#lang = en
*********Cookie: mbox = session#b3b99e6c40aa4a139f320c4ace035f46#1743949614|PC#b3b99e6c40aa4a139f320c4ace035f46.32_0#1807192554
*********Cookie: _td = 520cdd67-c5b8-47ba-aefa-de20a9046a76
*********Cookie: _uetvid = daacb55012ee11f08febd1cdb67eaa30
*********Cookie: usy46gabsosd = cubcsa_17439477517740.976ff5e47dabd72b331d7dd1b26c8534_6945
*********Cookie: _uetsid = daabe59012ee11f0a605a7ea7cb11268
*********Cookie: AMCV_B877A5DB584931AC0A495EAA%40AdobeOrg = 1585540135%7CMCIDTS%7C20185%7CMCMID%7C26164123152066107144368657099085652546%7CMCAAMLH-1744552553%7C11%7CMCAAMB-1744552553%7C6G1ynYcLPuiQxYZrsz_pkqfLG9yMXBpb2zX5dvJdYQJzPXImdj0y%7CMCCIDH%7C1062709688%7CMCOPTOUT-1743954953s%7CNONE%7CMCSYNCSOP%7C411-20192%7CvVersion%7C4.4.0
*********Cookie: _ga_T2T689XRGT = GS1.1.1743947752.1.0.1743947752.60.0.0
*********Cookie: _ga = GA1.1.1466154110.1743947752
*********Cookie: at_check = true
*********Cookie: _fbp = fb.2.1743947752585.704639944454030758
*********Cookie: __lt__cid = 791e599d-456a-4bef-8156-cc5d33a41977
*********Cookie: _gcl_au = 1.1.1392476457.1743947752
*********Cookie: AMCVS_B877A5DB584931AC0A495EAA%40AdobeOrg = 1
21:55:54.715 [Forwarding getCurrentUrl on session 2089427a-d4cc-4354-8215-1c7125110b81 to remote] DEBUG org.asynchttpclient.netty.request.NettyRequestSender -- Using pooled Channel '[id: 0xd850032e, L:/127.0.0.1:49363 - R:/127.0.0.1:4723]' for 'GET' to 'http://127.0.0.1:4723/session/2089427a-d4cc-4354-8215-1c7125110b81/url'
21:55:54.715 [Forwarding getCurrentUrl on session 2089427a-d4cc-4354-8215-1c7125110b81 to remote] DEBUG org.asynchttpclient.netty.request.NettyRequestSender -- Using open Channel [id: 0xd850032e, L:/127.0.0.1:49363 - R:/127.0.0.1:4723] for GET '/session/2089427a-d4cc-4354-8215-1c7125110b81/url'
21:55:54.730 [AsyncHttpClient-1-2] DEBUG org.asynchttpclient.netty.handler.HttpHandler -- 

Request DefaultFullHttpRequest(decodeResult: success, version: HTTP/1.1, content: EmptyByteBufBE)
GET /session/2089427a-d4cc-4354-8215-1c7125110b81/url HTTP/1.1
Cache-Control: no-cache
User-Agent: appium/8.3.0 (selenium/4.8.3 (java mac))
Content-Type: application/json; charset=utf-8
host: 127.0.0.1:4723
accept: */*

Response DefaultHttpResponse(decodeResult: success, version: HTTP/1.1)
HTTP/1.1 200 OK
X-Powered-By: Express
Content-Type: application/json; charset=utf-8
Content-Length: 90
ETag: W/"5a-SVzTdoqQsw2ztnbhgzn9TDJ+oVM"
Date: Sun, 06 Apr 2025 13:55:54 GMT
Connection: keep-alive
Keep-Alive: timeout=600

21:55:54.730 [AsyncHttpClient-1-2] DEBUG org.asynchttpclient.netty.channel.ChannelManager -- Adding key: http://127.0.0.1:4723 for channel [id: 0xd850032e, L:/127.0.0.1:49363 - R:/127.0.0.1:4723]
21:55:54.731 [Forwarding setTimeout on session 2089427a-d4cc-4354-8215-1c7125110b81 to remote] DEBUG org.asynchttpclient.netty.request.NettyRequestSender -- Using pooled Channel '[id: 0xd850032e, L:/127.0.0.1:49363 - R:/127.0.0.1:4723]' for 'POST' to 'http://127.0.0.1:4723/session/2089427a-d4cc-4354-8215-1c7125110b81/timeouts'
21:55:54.731 [Forwarding setTimeout on session 2089427a-d4cc-4354-8215-1c7125110b81 to remote] DEBUG org.asynchttpclient.netty.request.NettyRequestSender -- Using open Channel [id: 0xd850032e, L:/127.0.0.1:49363 - R:/127.0.0.1:4723] for POST '/session/2089427a-d4cc-4354-8215-1c7125110b81/timeouts'
21:55:54.734 [AsyncHttpClient-1-2] DEBUG org.asynchttpclient.netty.handler.HttpHandler -- 

Request DefaultHttpRequest(decodeResult: success, version: HTTP/1.1)
POST /session/2089427a-d4cc-4354-8215-1c7125110b81/timeouts HTTP/1.1
User-Agent: appium/8.3.0 (selenium/4.8.3 (java mac))
Content-Length: 23
Content-Type: application/json; charset=utf-8
host: 127.0.0.1:4723
accept: */*

Response DefaultHttpResponse(decodeResult: success, version: HTTP/1.1)
HTTP/1.1 200 OK
X-Powered-By: Express
Vary: X-HTTP-Method-Override
Content-Type: application/json; charset=utf-8
Content-Length: 14
ETag: W/"e-9/1BuKMgFObM1mWJm+YjxtXJnUM"
Date: Sun, 06 Apr 2025 13:55:54 GMT
Connection: keep-alive
Keep-Alive: timeout=600

21:55:54.734 [AsyncHttpClient-1-2] DEBUG org.asynchttpclient.netty.channel.ChannelManager -- Adding key: http://127.0.0.1:4723 for channel [id: 0xd850032e, L:/127.0.0.1:49363 - R:/127.0.0.1:4723]
21:55:54.734 [Forwarding setTimeout on session 2089427a-d4cc-4354-8215-1c7125110b81 to remote] DEBUG org.asynchttpclient.netty.request.NettyRequestSender -- Using pooled Channel '[id: 0xd850032e, L:/127.0.0.1:49363 - R:/127.0.0.1:4723]' for 'POST' to 'http://127.0.0.1:4723/session/2089427a-d4cc-4354-8215-1c7125110b81/timeouts'
21:55:54.734 [Forwarding setTimeout on session 2089427a-d4cc-4354-8215-1c7125110b81 to remote] DEBUG org.asynchttpclient.netty.request.NettyRequestSender -- Using open Channel [id: 0xd850032e, L:/127.0.0.1:49363 - R:/127.0.0.1:4723] for POST '/session/2089427a-d4cc-4354-8215-1c7125110b81/timeouts'
21:55:54.737 [AsyncHttpClient-1-2] DEBUG org.asynchttpclient.netty.handler.HttpHandler -- 

Request DefaultHttpRequest(decodeResult: success, version: HTTP/1.1)
POST /session/2089427a-d4cc-4354-8215-1c7125110b81/timeouts HTTP/1.1
User-Agent: appium/8.3.0 (selenium/4.8.3 (java mac))
Content-Length: 23
Content-Type: application/json; charset=utf-8
host: 127.0.0.1:4723
accept: */*

Response DefaultHttpResponse(decodeResult: success, version: HTTP/1.1)
HTTP/1.1 200 OK
X-Powered-By: Express
Vary: X-HTTP-Method-Override
Content-Type: application/json; charset=utf-8
Content-Length: 14
ETag: W/"e-9/1BuKMgFObM1mWJm+YjxtXJnUM"
Date: Sun, 06 Apr 2025 13:55:54 GMT
Connection: keep-alive
Keep-Alive: timeout=600

21:55:54.737 [AsyncHttpClient-1-2] DEBUG org.asynchttpclient.netty.channel.ChannelManager -- Adding key: http://127.0.0.1:4723 for channel [id: 0xd850032e, L:/127.0.0.1:49363 - R:/127.0.0.1:4723]
21:55:54.738 [Forwarding setTimeout on session 2089427a-d4cc-4354-8215-1c7125110b81 to remote] DEBUG org.asynchttpclient.netty.request.NettyRequestSender -- Using pooled Channel '[id: 0xd850032e, L:/127.0.0.1:49363 - R:/127.0.0.1:4723]' for 'POST' to 'http://127.0.0.1:4723/session/2089427a-d4cc-4354-8215-1c7125110b81/timeouts'
21:55:54.738 [Forwarding setTimeout on session 2089427a-d4cc-4354-8215-1c7125110b81 to remote] DEBUG org.asynchttpclient.netty.request.NettyRequestSender -- Using open Channel [id: 0xd850032e, L:/127.0.0.1:49363 - R:/127.0.0.1:4723] for POST '/session/2089427a-d4cc-4354-8215-1c7125110b81/timeouts'
21:55:54.740 [AsyncHttpClient-1-2] DEBUG org.asynchttpclient.netty.handler.HttpHandler -- 

Request DefaultHttpRequest(decodeResult: success, version: HTTP/1.1)
POST /session/2089427a-d4cc-4354-8215-1c7125110b81/timeouts HTTP/1.1
User-Agent: appium/8.3.0 (selenium/4.8.3 (java mac))
Content-Length: 21
Content-Type: application/json; charset=utf-8
host: 127.0.0.1:4723
accept: */*

Response DefaultHttpResponse(decodeResult: success, version: HTTP/1.1)
HTTP/1.1 200 OK
X-Powered-By: Express
Vary: X-HTTP-Method-Override
Content-Type: application/json; charset=utf-8
Content-Length: 14
ETag: W/"e-9/1BuKMgFObM1mWJm+YjxtXJnUM"
Date: Sun, 06 Apr 2025 13:55:54 GMT
Connection: keep-alive
Keep-Alive: timeout=600

21:55:54.740 [AsyncHttpClient-1-2] DEBUG org.asynchttpclient.netty.channel.ChannelManager -- Adding key: http://127.0.0.1:4723 for channel [id: 0xd850032e, L:/127.0.0.1:49363 - R:/127.0.0.1:4723]
21:55:54.741 [main] INFO  com.cathay.test.config.AppiumConfig - MortgageCalculatorTest 初始化完成
21:55:54.741 [main] INFO com.cathay.test.tests.MortgageCalculatorTest -- 驗證 driver session 與重新導頁...
21:55:54.741 [Forwarding get on session 2089427a-d4cc-4354-8215-1c7125110b81 to remote] DEBUG org.asynchttpclient.netty.request.NettyRequestSender -- Using pooled Channel '[id: 0xd850032e, L:/127.0.0.1:49363 - R:/127.0.0.1:4723]' for 'POST' to 'http://127.0.0.1:4723/session/2089427a-d4cc-4354-8215-1c7125110b81/url'
21:55:54.741 [Forwarding get on session 2089427a-d4cc-4354-8215-1c7125110b81 to remote] DEBUG org.asynchttpclient.netty.request.NettyRequestSender -- Using open Channel [id: 0xd850032e, L:/127.0.0.1:49363 - R:/127.0.0.1:4723] for POST '/session/2089427a-d4cc-4354-8215-1c7125110b81/url'
21:55:56.184 [AsyncHttpClient-1-2] DEBUG org.asynchttpclient.netty.handler.HttpHandler -- 

Request DefaultHttpRequest(decodeResult: success, version: HTTP/1.1)
POST /session/2089427a-d4cc-4354-8215-1c7125110b81/url HTTP/1.1
User-Agent: appium/8.3.0 (selenium/4.8.3 (java mac))
Content-Length: 133
Content-Type: application/json; charset=utf-8
host: 127.0.0.1:4723
accept: */*

Response DefaultHttpResponse(decodeResult: success, version: HTTP/1.1)
HTTP/1.1 200 OK
X-Powered-By: Express
Vary: X-HTTP-Method-Override
Content-Type: application/json; charset=utf-8
Content-Length: 14
ETag: W/"e-9/1BuKMgFObM1mWJm+YjxtXJnUM"
Date: Sun, 06 Apr 2025 13:55:56 GMT
Connection: keep-alive
Keep-Alive: timeout=600

21:55:56.185 [AsyncHttpClient-1-2] DEBUG org.asynchttpclient.netty.channel.ChannelManager -- Adding key: http://127.0.0.1:4723 for channel [id: 0xd850032e, L:/127.0.0.1:49363 - R:/127.0.0.1:4723]
21:55:56.185 [Forwarding getCurrentUrl on session 2089427a-d4cc-4354-8215-1c7125110b81 to remote] DEBUG org.asynchttpclient.netty.request.NettyRequestSender -- Using pooled Channel '[id: 0xd850032e, L:/127.0.0.1:49363 - R:/127.0.0.1:4723]' for 'GET' to 'http://127.0.0.1:4723/session/2089427a-d4cc-4354-8215-1c7125110b81/url'
21:55:56.185 [Forwarding getCurrentUrl on session 2089427a-d4cc-4354-8215-1c7125110b81 to remote] DEBUG org.asynchttpclient.netty.request.NettyRequestSender -- Using open Channel [id: 0xd850032e, L:/127.0.0.1:49363 - R:/127.0.0.1:4723] for GET '/session/2089427a-d4cc-4354-8215-1c7125110b81/url'
21:55:56.269 [AsyncHttpClient-1-2] DEBUG org.asynchttpclient.netty.handler.HttpHandler -- 

Request DefaultFullHttpRequest(decodeResult: success, version: HTTP/1.1, content: EmptyByteBufBE)
GET /session/2089427a-d4cc-4354-8215-1c7125110b81/url HTTP/1.1
Cache-Control: no-cache
User-Agent: appium/8.3.0 (selenium/4.8.3 (java mac))
Content-Type: application/json; charset=utf-8
host: 127.0.0.1:4723
accept: */*

Response DefaultHttpResponse(decodeResult: success, version: HTTP/1.1)
HTTP/1.1 200 OK
X-Powered-By: Express
Content-Type: application/json; charset=utf-8
Content-Length: 90
ETag: W/"5a-SVzTdoqQsw2ztnbhgzn9TDJ+oVM"
Date: Sun, 06 Apr 2025 13:55:56 GMT
Connection: keep-alive
Keep-Alive: timeout=600

21:55:56.270 [AsyncHttpClient-1-2] DEBUG org.asynchttpclient.netty.channel.ChannelManager -- Adding key: http://127.0.0.1:4723 for channel [id: 0xd850032e, L:/127.0.0.1:49363 - R:/127.0.0.1:4723]
*********3rd party cookie Current URL: https://www.cathaybk.com.tw/cathaybk/personal/loan/calculator/mortgage-budget/
21:55:56.270 [Forwarding getCookies on session 2089427a-d4cc-4354-8215-1c7125110b81 to remote] DEBUG org.asynchttpclient.netty.request.NettyRequestSender -- Using pooled Channel '[id: 0xd850032e, L:/127.0.0.1:49363 - R:/127.0.0.1:4723]' for 'GET' to 'http://127.0.0.1:4723/session/2089427a-d4cc-4354-8215-1c7125110b81/cookie'
21:55:56.270 [Forwarding getCookies on session 2089427a-d4cc-4354-8215-1c7125110b81 to remote] DEBUG org.asynchttpclient.netty.request.NettyRequestSender -- Using open Channel [id: 0xd850032e, L:/127.0.0.1:49363 - R:/127.0.0.1:4723] for GET '/session/2089427a-d4cc-4354-8215-1c7125110b81/cookie'
21:55:56.290 [AsyncHttpClient-1-2] DEBUG org.asynchttpclient.netty.handler.HttpHandler -- 

Request DefaultFullHttpRequest(decodeResult: success, version: HTTP/1.1, content: EmptyByteBufBE)
GET /session/2089427a-d4cc-4354-8215-1c7125110b81/cookie HTTP/1.1
Cache-Control: no-cache
User-Agent: appium/8.3.0 (selenium/4.8.3 (java mac))
Content-Type: application/json; charset=utf-8
host: 127.0.0.1:4723
accept: */*

Response DefaultHttpResponse(decodeResult: success, version: HTTP/1.1)
HTTP/1.1 200 OK
X-Powered-By: Express
Content-Type: application/json; charset=utf-8
Content-Length: 10445
ETag: W/"28cd-jeiqMA3GRox+aDsMZe79Kv6JB7M"
Date: Sun, 06 Apr 2025 13:55:56 GMT
Connection: keep-alive
Keep-Alive: timeout=600

21:55:56.291 [AsyncHttpClient-1-2] DEBUG org.asynchttpclient.netty.channel.ChannelManager -- Adding key: http://127.0.0.1:4723 for channel [id: 0xd850032e, L:/127.0.0.1:49363 - R:/127.0.0.1:4723]
*********Cookie: dv0qai26lg6v2y6kl7yyc36brextdh6zh55ydj59 = 0y0nt9o4aar
*********Cookie: dv0qai26lg6v2y6kl7yyc36brextd44ocvuygvsr = ejodfizrdib
*********Cookie: dv0qai26lg6v2y6kl7yyc36brextdjhxotcmfys = k3s719bbpza
*********Cookie: dv0qai26lg6v2y6kl7yyc36brextdvcr4pweiti = 4ujzc0tw3gf
*********Cookie: _ss_pp_id = d946877cf2604252b0d1743918952863
*********Cookie: dv0qai26lg6v2y6kl7yyc36brextd8713b95zneq = 2uxuxrlij0z
*********Cookie: mbox = session#b3b99e6c40aa4a139f320c4ace035f46#1743949616|PC#b3b99e6c40aa4a139f320c4ace035f46.32_0#1807192556
*********Cookie: _td = 520cdd67-c5b8-47ba-aefa-de20a9046a76
*********Cookie: dv0qai26lg6v2y6kl7yyc36brextd1eoln56zegn = zodynv73nl
*********Cookie: dv0qai26lg6v2y6kl7yyc36brextdl90995189om = 2wx1kq7r8lo
*********Cookie: dv0qai26lg6v2y6kl7yyc36brextd7m98apvub6m = x9u5zdnindg
*********Cookie: _uetvid = daacb55012ee11f08febd1cdb67eaa30
*********Cookie: dv0qai26lg6v2y6kl7yyc36brextdvp1dp3ljwqk = 7xe5bmsdgv
*********Cookie: AMCV_B877A5DB584931AC0A495EAA%40AdobeOrg = 1585540135%7CMCIDTS%7C20185%7CMCMID%7C26164123152066107144368657099085652546%7CMCAAMLH-1744552553%7C11%7CMCAAMB-1744552553%7C6G1ynYcLPuiQxYZrsz_pkqfLG9yMXBpb2zX5dvJdYQJzPXImdj0y%7CMCCIDH%7C1062709688%7CMCOPTOUT-1743954953s%7CNONE%7CMCSYNCSOP%7C411-20192%7CvVersion%7C4.4.0
*********Cookie: __lt__cid = 791e599d-456a-4bef-8156-cc5d33a41977
*********Cookie: at_check = true
*********Cookie: dv0qai26lg6v2y6kl7yyc36brextdz90gcyuqnir = biwghxacseg
*********Cookie: dv0qai26lg6v2y6kl7yyc36brextdxbjtc1urnx = tzgd55vmf2k
*********Cookie: dv0qai26lg6v2y6kl7yyc36brextd3dszb25m0a = v1kcsqg35v
*********Cookie: dv0qai26lg6v2y6kl7yyc36brextd4uufs1wqg1x = aaib3mccqjq
*********Cookie: dv0qai26lg6v2y6kl7yyc36brextd1jr3w84he0w = hd7xd4ssgpf
*********Cookie: dv0qai26lg6v2y6kl7yyc36brextd3sygb9yt1ml = uh7azayftzb
*********Cookie: dv0qai26lg6v2y6kl7yyc36brextdx1up02gjpt = zjyyfk4o2kp
*********Cookie: dv0qai26lg6v2y6kl7yyc36brextdpzir6q5hjun = ieor9q9532
*********Cookie: dv0qai26lg6v2y6kl7yyc36brextdj8a7fwktavk = v91br3zuiyr
*********Cookie: dv0qai26lg6v2y6kl7yyc36brextdyxw6ztah1og = vgi5uy9kzxm
*********Cookie: usy46gabsosd = cubcsa_17439477517740.976ff5e47dabd72b331d7dd1b26c8534_6945
*********Cookie: _gcl_au = 1.1.1392476457.1743947752
*********Cookie: citrix_ns_id = AAg75ofyZzuAHU4HAAAAADvLSubBRkGc__LEO0TpW6Nr8OHaeWszYsWPvdq6uQF6Ow==b4vyZw==ZOwNUMkem2-X0AQI1N-QFdtCzz0=
*********Cookie: ASP.NET_SessionId = dluovrstyc0hcw3rwefakrfn
*********Cookie: dv0qai26lg6v2y6kl7yyc36brextdlbog7zyzwmf = vmkojx1j0zi
*********Cookie: dv0qai26lg6v2y6kl7yyc36brextdqf5rgjsboh = cyd14zjfvrv
*********Cookie: _mg_ckp = eyJja1RrZERGIjoiIn0=
*********Cookie: dv0qai26lg6v2y6kl7yyc36brextd46tk88y3sj9 = kj27dbldqhq
*********Cookie: shell#lang = en
*********Cookie: dv0qai26lg6v2y6kl7yyc36brextd9mpg1hjkjp5 = pbs72tkkatd
*********Cookie: dv0qai26lg6v2y6kl7yyc36brextdty64ahnlv6a = 4lxagshtirq
*********Cookie: _uetsid = daabe59012ee11f0a605a7ea7cb11268
*********Cookie: _ga_T2T689XRGT = GS1.1.1743947752.1.1.1743947756.56.0.0
*********Cookie: _fbp = fb.2.1743947752585.704639944454030758
*********Cookie: dv0qai26lg6v2y6kl7yyc36brextdijq6ts8t0t = t2wb7rgqv1b
*********Cookie: dv0qai26lg6v2y6kl7yyc36brextd356sxnm5s3c = 2c2yazv5tzm
*********Cookie: dv0qai26lg6v2y6kl7yyc36brextdhq2vfnqm2y = cfvu0f2b0pq
*********Cookie: dv0qai26lg6v2y6kl7yyc36brextde01va03m0v7 = pa570o2y0gm
*********Cookie: dv0qai26lg6v2y6kl7yyc36brextd15g96eyvjob = 8bfuzjumzr4
*********Cookie: __lt__sid = 9c26c6ab-6d73b181
*********Cookie: cathaybk_new = 4bb3a3d8d4f078cfaa7badb04abb60df7ed08c3d037be7593e9c32d57ce56d7fc2c8d446
*********Cookie: dv0qai26lg6v2y6kl7yyc36brextdybk9nv33cp = 4cmm8rtml4s
*********Cookie: __mguid_ = 31e915dd4e0141a293fe4f886e0ab89e
*********Cookie: FingerprintCookie = a83734ca5c2401a34f4ad325dff7c9ff
*********Cookie: dv0qai26lg6v2y6kl7yyc36brextdonoigr681uk = 2out8bvo0z
*********Cookie: dv0qai26lg6v2y6kl7yyc36brextdbtg704pfrxe = j2clpfsxpt
*********Cookie: dv0qai26lg6v2y6kl7yyc36brextdhpiabehb6qm = mbf5842112
*********Cookie: _ga = GA1.1.1466154110.1743947752
*********Cookie: dv0qai26lg6v2y6kl7yyc36brextdsal2sqx937o = lvg8k82rxic
*********Cookie: AMCVS_B877A5DB584931AC0A495EAA%40AdobeOrg = 1
*********Cookie: dv0qai26lg6v2y6kl7yyc36brextdm0fagy9j56t = 44n5wadghem
21:55:56.293 [Forwarding getCurrentUrl on session 2089427a-d4cc-4354-8215-1c7125110b81 to remote] DEBUG org.asynchttpclient.netty.request.NettyRequestSender -- Using pooled Channel '[id: 0xd850032e, L:/127.0.0.1:49363 - R:/127.0.0.1:4723]' for 'GET' to 'http://127.0.0.1:4723/session/2089427a-d4cc-4354-8215-1c7125110b81/url'
21:55:56.293 [Forwarding getCurrentUrl on session 2089427a-d4cc-4354-8215-1c7125110b81 to remote] DEBUG org.asynchttpclient.netty.request.NettyRequestSender -- Using open Channel [id: 0xd850032e, L:/127.0.0.1:49363 - R:/127.0.0.1:4723] for GET '/session/2089427a-d4cc-4354-8215-1c7125110b81/url'
21:55:56.310 [AsyncHttpClient-1-2] DEBUG org.asynchttpclient.netty.handler.HttpHandler -- 

Request DefaultFullHttpRequest(decodeResult: success, version: HTTP/1.1, content: EmptyByteBufBE)
GET /session/2089427a-d4cc-4354-8215-1c7125110b81/url HTTP/1.1
Cache-Control: no-cache
User-Agent: appium/8.3.0 (selenium/4.8.3 (java mac))
Content-Type: application/json; charset=utf-8
host: 127.0.0.1:4723
accept: */*

Response DefaultHttpResponse(decodeResult: success, version: HTTP/1.1)
HTTP/1.1 200 OK
X-Powered-By: Express
Content-Type: application/json; charset=utf-8
Content-Length: 90
ETag: W/"5a-SVzTdoqQsw2ztnbhgzn9TDJ+oVM"
Date: Sun, 06 Apr 2025 13:55:56 GMT
Connection: keep-alive
Keep-Alive: timeout=600

21:55:56.310 [AsyncHttpClient-1-2] DEBUG org.asynchttpclient.netty.channel.ChannelManager -- Adding key: http://127.0.0.1:4723 for channel [id: 0xd850032e, L:/127.0.0.1:49363 - R:/127.0.0.1:4723]
21:55:56.311 [Forwarding setTimeout on session 2089427a-d4cc-4354-8215-1c7125110b81 to remote] DEBUG org.asynchttpclient.netty.request.NettyRequestSender -- Using pooled Channel '[id: 0xd850032e, L:/127.0.0.1:49363 - R:/127.0.0.1:4723]' for 'POST' to 'http://127.0.0.1:4723/session/2089427a-d4cc-4354-8215-1c7125110b81/timeouts'
21:55:56.311 [Forwarding setTimeout on session 2089427a-d4cc-4354-8215-1c7125110b81 to remote] DEBUG org.asynchttpclient.netty.request.NettyRequestSender -- Using open Channel [id: 0xd850032e, L:/127.0.0.1:49363 - R:/127.0.0.1:4723] for POST '/session/2089427a-d4cc-4354-8215-1c7125110b81/timeouts'
21:55:56.313 [AsyncHttpClient-1-2] DEBUG org.asynchttpclient.netty.handler.HttpHandler -- 

Request DefaultHttpRequest(decodeResult: success, version: HTTP/1.1)
POST /session/2089427a-d4cc-4354-8215-1c7125110b81/timeouts HTTP/1.1
User-Agent: appium/8.3.0 (selenium/4.8.3 (java mac))
Content-Length: 23
Content-Type: application/json; charset=utf-8
host: 127.0.0.1:4723
accept: */*

Response DefaultHttpResponse(decodeResult: success, version: HTTP/1.1)
HTTP/1.1 200 OK
X-Powered-By: Express
Vary: X-HTTP-Method-Override
Content-Type: application/json; charset=utf-8
Content-Length: 14
ETag: W/"e-9/1BuKMgFObM1mWJm+YjxtXJnUM"
Date: Sun, 06 Apr 2025 13:55:56 GMT
Connection: keep-alive
Keep-Alive: timeout=600

21:55:56.313 [AsyncHttpClient-1-2] DEBUG org.asynchttpclient.netty.channel.ChannelManager -- Adding key: http://127.0.0.1:4723 for channel [id: 0xd850032e, L:/127.0.0.1:49363 - R:/127.0.0.1:4723]
21:55:56.314 [Forwarding setTimeout on session 2089427a-d4cc-4354-8215-1c7125110b81 to remote] DEBUG org.asynchttpclient.netty.request.NettyRequestSender -- Using pooled Channel '[id: 0xd850032e, L:/127.0.0.1:49363 - R:/127.0.0.1:4723]' for 'POST' to 'http://127.0.0.1:4723/session/2089427a-d4cc-4354-8215-1c7125110b81/timeouts'
21:55:56.314 [Forwarding setTimeout on session 2089427a-d4cc-4354-8215-1c7125110b81 to remote] DEBUG org.asynchttpclient.netty.request.NettyRequestSender -- Using open Channel [id: 0xd850032e, L:/127.0.0.1:49363 - R:/127.0.0.1:4723] for POST '/session/2089427a-d4cc-4354-8215-1c7125110b81/timeouts'
21:55:56.316 [AsyncHttpClient-1-2] DEBUG org.asynchttpclient.netty.handler.HttpHandler -- 

Request DefaultHttpRequest(decodeResult: success, version: HTTP/1.1)
POST /session/2089427a-d4cc-4354-8215-1c7125110b81/timeouts HTTP/1.1
User-Agent: appium/8.3.0 (selenium/4.8.3 (java mac))
Content-Length: 23
Content-Type: application/json; charset=utf-8
host: 127.0.0.1:4723
accept: */*

Response DefaultHttpResponse(decodeResult: success, version: HTTP/1.1)
HTTP/1.1 200 OK
X-Powered-By: Express
Vary: X-HTTP-Method-Override
Content-Type: application/json; charset=utf-8
Content-Length: 14
ETag: W/"e-9/1BuKMgFObM1mWJm+YjxtXJnUM"
Date: Sun, 06 Apr 2025 13:55:56 GMT
Connection: keep-alive
Keep-Alive: timeout=600

21:55:56.316 [AsyncHttpClient-1-2] DEBUG org.asynchttpclient.netty.channel.ChannelManager -- Adding key: http://127.0.0.1:4723 for channel [id: 0xd850032e, L:/127.0.0.1:49363 - R:/127.0.0.1:4723]
21:55:56.317 [Forwarding setTimeout on session 2089427a-d4cc-4354-8215-1c7125110b81 to remote] DEBUG org.asynchttpclient.netty.request.NettyRequestSender -- Using pooled Channel '[id: 0xd850032e, L:/127.0.0.1:49363 - R:/127.0.0.1:4723]' for 'POST' to 'http://127.0.0.1:4723/session/2089427a-d4cc-4354-8215-1c7125110b81/timeouts'
21:55:56.317 [Forwarding setTimeout on session 2089427a-d4cc-4354-8215-1c7125110b81 to remote] DEBUG org.asynchttpclient.netty.request.NettyRequestSender -- Using open Channel [id: 0xd850032e, L:/127.0.0.1:49363 - R:/127.0.0.1:4723] for POST '/session/2089427a-d4cc-4354-8215-1c7125110b81/timeouts'
21:55:56.320 [AsyncHttpClient-1-2] DEBUG org.asynchttpclient.netty.handler.HttpHandler -- 

Request DefaultHttpRequest(decodeResult: success, version: HTTP/1.1)
POST /session/2089427a-d4cc-4354-8215-1c7125110b81/timeouts HTTP/1.1
User-Agent: appium/8.3.0 (selenium/4.8.3 (java mac))
Content-Length: 21
Content-Type: application/json; charset=utf-8
host: 127.0.0.1:4723
accept: */*

Response DefaultHttpResponse(decodeResult: success, version: HTTP/1.1)
HTTP/1.1 200 OK
X-Powered-By: Express
Vary: X-HTTP-Method-Override
Content-Type: application/json; charset=utf-8
Content-Length: 14
ETag: W/"e-9/1BuKMgFObM1mWJm+YjxtXJnUM"
Date: Sun, 06 Apr 2025 13:55:56 GMT
Connection: keep-alive
Keep-Alive: timeout=600

21:55:56.320 [AsyncHttpClient-1-2] DEBUG org.asynchttpclient.netty.channel.ChannelManager -- Adding key: http://127.0.0.1:4723 for channel [id: 0xd850032e, L:/127.0.0.1:49363 - R:/127.0.0.1:4723]
21:55:56.320 [main] INFO com.cathay.test.tests.MortgageCalculatorTest -- MortgageCalculatorTest 驗證完成
房貸試算功能測試 - 重新試算，檢查試算結果
21:55:56.320 [main] INFO com.cathay.test.tests.MortgageCalculatorTest -- testMortgageCalculationTwice
21:55:56.321 [Forwarding get on session 2089427a-d4cc-4354-8215-1c7125110b81 to remote] DEBUG org.asynchttpclient.netty.request.NettyRequestSender -- Using pooled Channel '[id: 0xd850032e, L:/127.0.0.1:49363 - R:/127.0.0.1:4723]' for 'POST' to 'http://127.0.0.1:4723/session/2089427a-d4cc-4354-8215-1c7125110b81/url'
21:55:56.321 [Forwarding get on session 2089427a-d4cc-4354-8215-1c7125110b81 to remote] DEBUG org.asynchttpclient.netty.request.NettyRequestSender -- Using open Channel [id: 0xd850032e, L:/127.0.0.1:49363 - R:/127.0.0.1:4723] for POST '/session/2089427a-d4cc-4354-8215-1c7125110b81/url'
21:55:58.241 [AsyncHttpClient-1-2] DEBUG org.asynchttpclient.netty.handler.HttpHandler -- 

Request DefaultHttpRequest(decodeResult: success, version: HTTP/1.1)
POST /session/2089427a-d4cc-4354-8215-1c7125110b81/url HTTP/1.1
User-Agent: appium/8.3.0 (selenium/4.8.3 (java mac))
Content-Length: 133
Content-Type: application/json; charset=utf-8
host: 127.0.0.1:4723
accept: */*

Response DefaultHttpResponse(decodeResult: success, version: HTTP/1.1)
HTTP/1.1 200 OK
X-Powered-By: Express
Vary: X-HTTP-Method-Override
Content-Type: application/json; charset=utf-8
Content-Length: 14
ETag: W/"e-9/1BuKMgFObM1mWJm+YjxtXJnUM"
Date: Sun, 06 Apr 2025 13:55:58 GMT
Connection: keep-alive
Keep-Alive: timeout=600

21:55:58.241 [AsyncHttpClient-1-2] DEBUG org.asynchttpclient.netty.channel.ChannelManager -- Adding key: http://127.0.0.1:4723 for channel [id: 0xd850032e, L:/127.0.0.1:49363 - R:/127.0.0.1:4723]
21:55:58.242 [Forwarding getCurrentUrl on session 2089427a-d4cc-4354-8215-1c7125110b81 to remote] DEBUG org.asynchttpclient.netty.request.NettyRequestSender -- Using pooled Channel '[id: 0xd850032e, L:/127.0.0.1:49363 - R:/127.0.0.1:4723]' for 'GET' to 'http://127.0.0.1:4723/session/2089427a-d4cc-4354-8215-1c7125110b81/url'
21:55:58.242 [Forwarding getCurrentUrl on session 2089427a-d4cc-4354-8215-1c7125110b81 to remote] DEBUG org.asynchttpclient.netty.request.NettyRequestSender -- Using open Channel [id: 0xd850032e, L:/127.0.0.1:49363 - R:/127.0.0.1:4723] for GET '/session/2089427a-d4cc-4354-8215-1c7125110b81/url'
21:55:58.263 [AsyncHttpClient-1-2] DEBUG org.asynchttpclient.netty.handler.HttpHandler -- 

Request DefaultFullHttpRequest(decodeResult: success, version: HTTP/1.1, content: EmptyByteBufBE)
GET /session/2089427a-d4cc-4354-8215-1c7125110b81/url HTTP/1.1
Cache-Control: no-cache
User-Agent: appium/8.3.0 (selenium/4.8.3 (java mac))
Content-Type: application/json; charset=utf-8
host: 127.0.0.1:4723
accept: */*

Response DefaultHttpResponse(decodeResult: success, version: HTTP/1.1)
HTTP/1.1 200 OK
X-Powered-By: Express
Content-Type: application/json; charset=utf-8
Content-Length: 90
ETag: W/"5a-SVzTdoqQsw2ztnbhgzn9TDJ+oVM"
Date: Sun, 06 Apr 2025 13:55:58 GMT
Connection: keep-alive
Keep-Alive: timeout=600

21:55:58.263 [AsyncHttpClient-1-2] DEBUG org.asynchttpclient.netty.channel.ChannelManager -- Adding key: http://127.0.0.1:4723 for channel [id: 0xd850032e, L:/127.0.0.1:49363 - R:/127.0.0.1:4723]
*********3rd party cookie Current URL: https://www.cathaybk.com.tw/cathaybk/personal/loan/calculator/mortgage-budget/
21:55:58.264 [Forwarding getCookies on session 2089427a-d4cc-4354-8215-1c7125110b81 to remote] DEBUG org.asynchttpclient.netty.request.NettyRequestSender -- Using pooled Channel '[id: 0xd850032e, L:/127.0.0.1:49363 - R:/127.0.0.1:4723]' for 'GET' to 'http://127.0.0.1:4723/session/2089427a-d4cc-4354-8215-1c7125110b81/cookie'
21:55:58.264 [Forwarding getCookies on session 2089427a-d4cc-4354-8215-1c7125110b81 to remote] DEBUG org.asynchttpclient.netty.request.NettyRequestSender -- Using open Channel [id: 0xd850032e, L:/127.0.0.1:49363 - R:/127.0.0.1:4723] for GET '/session/2089427a-d4cc-4354-8215-1c7125110b81/cookie'
21:55:58.287 [AsyncHttpClient-1-2] DEBUG org.asynchttpclient.netty.handler.HttpHandler -- 

Request DefaultFullHttpRequest(decodeResult: success, version: HTTP/1.1, content: EmptyByteBufBE)
GET /session/2089427a-d4cc-4354-8215-1c7125110b81/cookie HTTP/1.1
Cache-Control: no-cache
User-Agent: appium/8.3.0 (selenium/4.8.3 (java mac))
Content-Type: application/json; charset=utf-8
host: 127.0.0.1:4723
accept: */*

Response DefaultHttpResponse(decodeResult: success, version: HTTP/1.1)
HTTP/1.1 200 OK
X-Powered-By: Express
Content-Type: application/json; charset=utf-8
Content-Length: 6086
ETag: W/"17c6-JCPZANeeW3EesE7mvir/fm304+s"
Date: Sun, 06 Apr 2025 13:55:58 GMT
Connection: keep-alive
Keep-Alive: timeout=600

21:55:58.287 [AsyncHttpClient-1-2] DEBUG org.asynchttpclient.netty.channel.ChannelManager -- Adding key: http://127.0.0.1:4723 for channel [id: 0xd850032e, L:/127.0.0.1:49363 - R:/127.0.0.1:4723]
*********Cookie: dv0qai26lg6v2y6kl7yyc36brextd4u2xtgc7wgd = 4gy0qnkwy66
*********Cookie: citrix_ns_id = AAg75ofyZzuAHU4HAAAAADvLSubBRkGc__LEO0TpW6Nr8OHaeWszYsWPvdq6uQF6Ow==cYvyZw==M-0j_aPMviRRUSeHBBUU4-HTrNE=
*********Cookie: ASP.NET_SessionId = dluovrstyc0hcw3rwefakrfn
*********Cookie: dv0qai26lg6v2y6kl7yyc36brextdm0ah0rsinqa = d9le0ypxniw
*********Cookie: dv0qai26lg6v2y6kl7yyc36brextdvrjwygf93s = zxf1geyn4ri
*********Cookie: dv0qai26lg6v2y6kl7yyc36brextd9xx5w3cem0h = bqbx0fp0ke7
*********Cookie: _ss_pp_id = d946877cf2604252b0d1743918952863
*********Cookie: _mg_ckp = eyJja1RrZERGIjoiIn0=
*********Cookie: shell#lang = en
*********Cookie: mbox = session#b3b99e6c40aa4a139f320c4ace035f46#1743949618|PC#b3b99e6c40aa4a139f320c4ace035f46.32_0#1807192558
*********Cookie: _td = 520cdd67-c5b8-47ba-aefa-de20a9046a76
*********Cookie: _uetvid = daacb55012ee11f08febd1cdb67eaa30
*********Cookie: _uetsid = daabe59012ee11f0a605a7ea7cb11268
*********Cookie: _ga_T2T689XRGT = GS1.1.1743947752.1.1.1743947758.54.0.0
*********Cookie: AMCV_B877A5DB584931AC0A495EAA%40AdobeOrg = 1585540135%7CMCIDTS%7C20185%7CMCMID%7C26164123152066107144368657099085652546%7CMCAAMLH-1744552553%7C11%7CMCAAMB-1744552553%7C6G1ynYcLPuiQxYZrsz_pkqfLG9yMXBpb2zX5dvJdYQJzPXImdj0y%7CMCCIDH%7C1062709688%7CMCOPTOUT-1743954953s%7CNONE%7CMCSYNCSOP%7C411-20192%7CvVersion%7C4.4.0
*********Cookie: dv0qai26lg6v2y6kl7yyc36brextdqfrhbgxrmx = buc8qhp1cxq
*********Cookie: dv0qai26lg6v2y6kl7yyc36brextdq8dwcmk02r = rvl9humq5k
*********Cookie: at_check = true
*********Cookie: _fbp = fb.2.1743947752585.704639944454030758
*********Cookie: __lt__cid = 791e599d-456a-4bef-8156-cc5d33a41977
*********Cookie: dv0qai26lg6v2y6kl7yyc36brextdaqo4n7z5hzs = unx1391zcvj
*********Cookie: dv0qai26lg6v2y6kl7yyc36brextdksmx8mqlown = ocbp6av0l8i
*********Cookie: __lt__sid = 9c26c6ab-6d73b181
*********Cookie: cathaybk_new = 4bb3a3d8d4f078cfaa7badb04abb60df7ed08c3d037be7593e9c32d57ce56d7fc2c8d446
*********Cookie: __mguid_ = 31e915dd4e0141a293fe4f886e0ab89e
*********Cookie: FingerprintCookie = a83734ca5c2401a34f4ad325dff7c9ff
*********Cookie: dv0qai26lg6v2y6kl7yyc36brextd6jp8cbcd1le = 83o7jmjz7cy
*********Cookie: dv0qai26lg6v2y6kl7yyc36brextdst8k9b8mig = w59h5tes0s
*********Cookie: dv0qai26lg6v2y6kl7yyc36brextdqnp390um0v9 = fx0k0dtfmu
*********Cookie: usy46gabsosd = cubcsa_17439477517740.976ff5e47dabd72b331d7dd1b26c8534_6945
*********Cookie: _ga = GA1.1.1466154110.1743947752
*********Cookie: _gcl_au = 1.1.1392476457.1743947752
*********Cookie: AMCVS_B877A5DB584931AC0A495EAA%40AdobeOrg = 1
21:55:58.289 [Forwarding getCurrentUrl on session 2089427a-d4cc-4354-8215-1c7125110b81 to remote] DEBUG org.asynchttpclient.netty.request.NettyRequestSender -- Using pooled Channel '[id: 0xd850032e, L:/127.0.0.1:49363 - R:/127.0.0.1:4723]' for 'GET' to 'http://127.0.0.1:4723/session/2089427a-d4cc-4354-8215-1c7125110b81/url'
21:55:58.289 [Forwarding getCurrentUrl on session 2089427a-d4cc-4354-8215-1c7125110b81 to remote] DEBUG org.asynchttpclient.netty.request.NettyRequestSender -- Using open Channel [id: 0xd850032e, L:/127.0.0.1:49363 - R:/127.0.0.1:4723] for GET '/session/2089427a-d4cc-4354-8215-1c7125110b81/url'
21:55:58.357 [AsyncHttpClient-1-2] DEBUG org.asynchttpclient.netty.handler.HttpHandler -- 

Request DefaultFullHttpRequest(decodeResult: success, version: HTTP/1.1, content: EmptyByteBufBE)
GET /session/2089427a-d4cc-4354-8215-1c7125110b81/url HTTP/1.1
Cache-Control: no-cache
User-Agent: appium/8.3.0 (selenium/4.8.3 (java mac))
Content-Type: application/json; charset=utf-8
host: 127.0.0.1:4723
accept: */*

Response DefaultHttpResponse(decodeResult: success, version: HTTP/1.1)
HTTP/1.1 200 OK
X-Powered-By: Express
Content-Type: application/json; charset=utf-8
Content-Length: 90
ETag: W/"5a-SVzTdoqQsw2ztnbhgzn9TDJ+oVM"
Date: Sun, 06 Apr 2025 13:55:58 GMT
Connection: keep-alive
Keep-Alive: timeout=600

21:55:58.357 [AsyncHttpClient-1-2] DEBUG org.asynchttpclient.netty.channel.ChannelManager -- Adding key: http://127.0.0.1:4723 for channel [id: 0xd850032e, L:/127.0.0.1:49363 - R:/127.0.0.1:4723]
21:55:58.357 [main] INFO com.cathay.test.tests.MortgageCalculatorTest -- 已開啟房貸試算頁面: https://www.cathaybk.com.tw/cathaybk/personal/loan/calculator/mortgage-budget/
21:55:58.358 [Forwarding findElement on session 2089427a-d4cc-4354-8215-1c7125110b81 to remote] DEBUG org.asynchttpclient.netty.request.NettyRequestSender -- Using pooled Channel '[id: 0xd850032e, L:/127.0.0.1:49363 - R:/127.0.0.1:4723]' for 'POST' to 'http://127.0.0.1:4723/session/2089427a-d4cc-4354-8215-1c7125110b81/element'
21:55:58.358 [Forwarding findElement on session 2089427a-d4cc-4354-8215-1c7125110b81 to remote] DEBUG org.asynchttpclient.netty.request.NettyRequestSender -- Using open Channel [id: 0xd850032e, L:/127.0.0.1:49363 - R:/127.0.0.1:4723] for POST '/session/2089427a-d4cc-4354-8215-1c7125110b81/element'
21:55:58.379 [AsyncHttpClient-1-2] DEBUG org.asynchttpclient.netty.handler.HttpHandler -- 

Request DefaultHttpRequest(decodeResult: success, version: HTTP/1.1)
POST /session/2089427a-d4cc-4354-8215-1c7125110b81/element HTTP/1.1
User-Agent: appium/8.3.0 (selenium/4.8.3 (java mac))
Content-Length: 64
Content-Type: application/json; charset=utf-8
host: 127.0.0.1:4723
accept: */*

Response DefaultHttpResponse(decodeResult: success, version: HTTP/1.1)
HTTP/1.1 200 OK
X-Powered-By: Express
Vary: X-HTTP-Method-Override
Content-Type: application/json; charset=utf-8
Content-Length: 215
ETag: W/"d7-XB7Cz1lVuU/5AV3VS3tJzJh9ogs"
Date: Sun, 06 Apr 2025 13:55:58 GMT
Connection: keep-alive
Keep-Alive: timeout=600

21:55:58.379 [AsyncHttpClient-1-2] DEBUG org.asynchttpclient.netty.channel.ChannelManager -- Adding key: http://127.0.0.1:4723 for channel [id: 0xd850032e, L:/127.0.0.1:49363 - R:/127.0.0.1:4723]
21:55:58.381 [Forwarding executeScript on session 2089427a-d4cc-4354-8215-1c7125110b81 to remote] DEBUG org.asynchttpclient.netty.request.NettyRequestSender -- Using pooled Channel '[id: 0xd850032e, L:/127.0.0.1:49363 - R:/127.0.0.1:4723]' for 'POST' to 'http://127.0.0.1:4723/session/2089427a-d4cc-4354-8215-1c7125110b81/execute/sync'
21:55:58.381 [Forwarding executeScript on session 2089427a-d4cc-4354-8215-1c7125110b81 to remote] DEBUG org.asynchttpclient.netty.request.NettyRequestSender -- Using open Channel [id: 0xd850032e, L:/127.0.0.1:49363 - R:/127.0.0.1:4723] for POST '/session/2089427a-d4cc-4354-8215-1c7125110b81/execute/sync'
21:55:58.415 [AsyncHttpClient-1-2] DEBUG org.asynchttpclient.netty.handler.HttpHandler -- 

Request DefaultHttpRequest(decodeResult: success, version: HTTP/1.1)
POST /session/2089427a-d4cc-4354-8215-1c7125110b81/execute/sync HTTP/1.1
User-Agent: appium/8.3.0 (selenium/4.8.3 (java mac))
Content-Length: 347
Content-Type: application/json; charset=utf-8
host: 127.0.0.1:4723
accept: */*

Response DefaultHttpResponse(decodeResult: success, version: HTTP/1.1)
HTTP/1.1 200 OK
X-Powered-By: Express
Vary: X-HTTP-Method-Override
Content-Type: application/json; charset=utf-8
Content-Length: 14
ETag: W/"e-9/1BuKMgFObM1mWJm+YjxtXJnUM"
Date: Sun, 06 Apr 2025 13:55:58 GMT
Connection: keep-alive
Keep-Alive: timeout=600

21:55:58.415 [AsyncHttpClient-1-2] DEBUG org.asynchttpclient.netty.channel.ChannelManager -- Adding key: http://127.0.0.1:4723 for channel [id: 0xd850032e, L:/127.0.0.1:49363 - R:/127.0.0.1:4723]
21:55:58.416 [Forwarding findElement on session 2089427a-d4cc-4354-8215-1c7125110b81 to remote] DEBUG org.asynchttpclient.netty.request.NettyRequestSender -- Using pooled Channel '[id: 0xd850032e, L:/127.0.0.1:49363 - R:/127.0.0.1:4723]' for 'POST' to 'http://127.0.0.1:4723/session/2089427a-d4cc-4354-8215-1c7125110b81/element'
21:55:58.416 [Forwarding findElement on session 2089427a-d4cc-4354-8215-1c7125110b81 to remote] DEBUG org.asynchttpclient.netty.request.NettyRequestSender -- Using open Channel [id: 0xd850032e, L:/127.0.0.1:49363 - R:/127.0.0.1:4723] for POST '/session/2089427a-d4cc-4354-8215-1c7125110b81/element'
21:55:58.438 [AsyncHttpClient-1-2] DEBUG org.asynchttpclient.netty.handler.HttpHandler -- 

Request DefaultHttpRequest(decodeResult: success, version: HTTP/1.1)
POST /session/2089427a-d4cc-4354-8215-1c7125110b81/element HTTP/1.1
User-Agent: appium/8.3.0 (selenium/4.8.3 (java mac))
Content-Length: 64
Content-Type: application/json; charset=utf-8
host: 127.0.0.1:4723
accept: */*

Response DefaultHttpResponse(decodeResult: success, version: HTTP/1.1)
HTTP/1.1 200 OK
X-Powered-By: Express
Vary: X-HTTP-Method-Override
Content-Type: application/json; charset=utf-8
Content-Length: 215
ETag: W/"d7-BhxxGR1EUAVntq8OaY7TD28oSts"
Date: Sun, 06 Apr 2025 13:55:58 GMT
Connection: keep-alive
Keep-Alive: timeout=600

21:55:58.438 [AsyncHttpClient-1-2] DEBUG org.asynchttpclient.netty.channel.ChannelManager -- Adding key: http://127.0.0.1:4723 for channel [id: 0xd850032e, L:/127.0.0.1:49363 - R:/127.0.0.1:4723]
21:55:58.439 [Forwarding executeScript on session 2089427a-d4cc-4354-8215-1c7125110b81 to remote] DEBUG org.asynchttpclient.netty.request.NettyRequestSender -- Using pooled Channel '[id: 0xd850032e, L:/127.0.0.1:49363 - R:/127.0.0.1:4723]' for 'POST' to 'http://127.0.0.1:4723/session/2089427a-d4cc-4354-8215-1c7125110b81/execute/sync'
21:55:58.439 [Forwarding executeScript on session 2089427a-d4cc-4354-8215-1c7125110b81 to remote] DEBUG org.asynchttpclient.netty.request.NettyRequestSender -- Using open Channel [id: 0xd850032e, L:/127.0.0.1:49363 - R:/127.0.0.1:4723] for POST '/session/2089427a-d4cc-4354-8215-1c7125110b81/execute/sync'
21:55:58.459 [AsyncHttpClient-1-2] DEBUG org.asynchttpclient.netty.handler.HttpHandler -- 

Request DefaultHttpRequest(decodeResult: success, version: HTTP/1.1)
POST /session/2089427a-d4cc-4354-8215-1c7125110b81/execute/sync HTTP/1.1
User-Agent: appium/8.3.0 (selenium/4.8.3 (java mac))
Content-Length: 347
Content-Type: application/json; charset=utf-8
host: 127.0.0.1:4723
accept: */*

Response DefaultHttpResponse(decodeResult: success, version: HTTP/1.1)
HTTP/1.1 200 OK
X-Powered-By: Express
Vary: X-HTTP-Method-Override
Content-Type: application/json; charset=utf-8
Content-Length: 14
ETag: W/"e-9/1BuKMgFObM1mWJm+YjxtXJnUM"
Date: Sun, 06 Apr 2025 13:55:58 GMT
Connection: keep-alive
Keep-Alive: timeout=600

21:55:58.459 [AsyncHttpClient-1-2] DEBUG org.asynchttpclient.netty.channel.ChannelManager -- Adding key: http://127.0.0.1:4723 for channel [id: 0xd850032e, L:/127.0.0.1:49363 - R:/127.0.0.1:4723]
21:55:58.459 [Forwarding findElement on session 2089427a-d4cc-4354-8215-1c7125110b81 to remote] DEBUG org.asynchttpclient.netty.request.NettyRequestSender -- Using pooled Channel '[id: 0xd850032e, L:/127.0.0.1:49363 - R:/127.0.0.1:4723]' for 'POST' to 'http://127.0.0.1:4723/session/2089427a-d4cc-4354-8215-1c7125110b81/element'
21:55:58.459 [Forwarding findElement on session 2089427a-d4cc-4354-8215-1c7125110b81 to remote] DEBUG org.asynchttpclient.netty.request.NettyRequestSender -- Using open Channel [id: 0xd850032e, L:/127.0.0.1:49363 - R:/127.0.0.1:4723] for POST '/session/2089427a-d4cc-4354-8215-1c7125110b81/element'
21:55:58.481 [AsyncHttpClient-1-2] DEBUG org.asynchttpclient.netty.handler.HttpHandler -- 

Request DefaultHttpRequest(decodeResult: success, version: HTTP/1.1)
POST /session/2089427a-d4cc-4354-8215-1c7125110b81/element HTTP/1.1
User-Agent: appium/8.3.0 (selenium/4.8.3 (java mac))
Content-Length: 65
Content-Type: application/json; charset=utf-8
host: 127.0.0.1:4723
accept: */*

Response DefaultHttpResponse(decodeResult: success, version: HTTP/1.1)
HTTP/1.1 200 OK
X-Powered-By: Express
Vary: X-HTTP-Method-Override
Content-Type: application/json; charset=utf-8
Content-Length: 215
ETag: W/"d7-m+vpNSuKiIKijm1AR0G1CXxNytA"
Date: Sun, 06 Apr 2025 13:55:58 GMT
Connection: keep-alive
Keep-Alive: timeout=600

21:55:58.482 [AsyncHttpClient-1-2] DEBUG org.asynchttpclient.netty.channel.ChannelManager -- Adding key: http://127.0.0.1:4723 for channel [id: 0xd850032e, L:/127.0.0.1:49363 - R:/127.0.0.1:4723]
21:55:58.482 [Forwarding clearElement on session 2089427a-d4cc-4354-8215-1c7125110b81 to remote] DEBUG org.asynchttpclient.netty.request.NettyRequestSender -- Using pooled Channel '[id: 0xd850032e, L:/127.0.0.1:49363 - R:/127.0.0.1:4723]' for 'POST' to 'http://127.0.0.1:4723/session/2089427a-d4cc-4354-8215-1c7125110b81/element/f.4E042DFDA11A37A3872D064BCE888EE9.d.E38B24485C0DDCE9BD342D2F960D0A55.e.383/clear'
21:55:58.482 [Forwarding clearElement on session 2089427a-d4cc-4354-8215-1c7125110b81 to remote] DEBUG org.asynchttpclient.netty.request.NettyRequestSender -- Using open Channel [id: 0xd850032e, L:/127.0.0.1:49363 - R:/127.0.0.1:4723] for POST '/session/2089427a-d4cc-4354-8215-1c7125110b81/element/f.4E042DFDA11A37A3872D064BCE888EE9.d.E38B24485C0DDCE9BD342D2F960D0A55.e.383/clear'
21:55:58.569 [AsyncHttpClient-1-2] DEBUG org.asynchttpclient.netty.handler.HttpHandler -- 

Request DefaultHttpRequest(decodeResult: success, version: HTTP/1.1)
POST /session/2089427a-d4cc-4354-8215-1c7125110b81/element/f.4E042DFDA11A37A3872D064BCE888EE9.d.E38B24485C0DDCE9BD342D2F960D0A55.e.383/clear HTTP/1.1
User-Agent: appium/8.3.0 (selenium/4.8.3 (java mac))
Content-Length: 89
Content-Type: application/json; charset=utf-8
host: 127.0.0.1:4723
accept: */*

Response DefaultHttpResponse(decodeResult: success, version: HTTP/1.1)
HTTP/1.1 200 OK
X-Powered-By: Express
Vary: X-HTTP-Method-Override
Content-Type: application/json; charset=utf-8
Content-Length: 14
ETag: W/"e-9/1BuKMgFObM1mWJm+YjxtXJnUM"
Date: Sun, 06 Apr 2025 13:55:58 GMT
Connection: keep-alive
Keep-Alive: timeout=600

21:55:58.569 [AsyncHttpClient-1-2] DEBUG org.asynchttpclient.netty.channel.ChannelManager -- Adding key: http://127.0.0.1:4723 for channel [id: 0xd850032e, L:/127.0.0.1:49363 - R:/127.0.0.1:4723]
21:55:58.570 [Forwarding sendKeysToElement on session 2089427a-d4cc-4354-8215-1c7125110b81 to remote] DEBUG org.asynchttpclient.netty.request.NettyRequestSender -- Using pooled Channel '[id: 0xd850032e, L:/127.0.0.1:49363 - R:/127.0.0.1:4723]' for 'POST' to 'http://127.0.0.1:4723/session/2089427a-d4cc-4354-8215-1c7125110b81/element/f.4E042DFDA11A37A3872D064BCE888EE9.d.E38B24485C0DDCE9BD342D2F960D0A55.e.383/value'
21:55:58.570 [Forwarding sendKeysToElement on session 2089427a-d4cc-4354-8215-1c7125110b81 to remote] DEBUG org.asynchttpclient.netty.request.NettyRequestSender -- Using open Channel [id: 0xd850032e, L:/127.0.0.1:49363 - R:/127.0.0.1:4723] for POST '/session/2089427a-d4cc-4354-8215-1c7125110b81/element/f.4E042DFDA11A37A3872D064BCE888EE9.d.E38B24485C0DDCE9BD342D2F960D0A55.e.383/value'
21:55:58.750 [AsyncHttpClient-1-2] DEBUG org.asynchttpclient.netty.handler.HttpHandler -- 

Request DefaultHttpRequest(decodeResult: success, version: HTTP/1.1)
POST /session/2089427a-d4cc-4354-8215-1c7125110b81/element/f.4E042DFDA11A37A3872D064BCE888EE9.d.E38B24485C0DDCE9BD342D2F960D0A55.e.383/value HTTP/1.1
User-Agent: appium/8.3.0 (selenium/4.8.3 (java mac))
Content-Length: 130
Content-Type: application/json; charset=utf-8
host: 127.0.0.1:4723
accept: */*

Response DefaultHttpResponse(decodeResult: success, version: HTTP/1.1)
HTTP/1.1 200 OK
X-Powered-By: Express
Vary: X-HTTP-Method-Override
Content-Type: application/json; charset=utf-8
Content-Length: 14
ETag: W/"e-9/1BuKMgFObM1mWJm+YjxtXJnUM"
Date: Sun, 06 Apr 2025 13:55:58 GMT
Connection: keep-alive
Keep-Alive: timeout=600

21:55:58.750 [AsyncHttpClient-1-2] DEBUG org.asynchttpclient.netty.channel.ChannelManager -- Adding key: http://127.0.0.1:4723 for channel [id: 0xd850032e, L:/127.0.0.1:49363 - R:/127.0.0.1:4723]
21:55:58.750 [Forwarding findElement on session 2089427a-d4cc-4354-8215-1c7125110b81 to remote] DEBUG org.asynchttpclient.netty.request.NettyRequestSender -- Using pooled Channel '[id: 0xd850032e, L:/127.0.0.1:49363 - R:/127.0.0.1:4723]' for 'POST' to 'http://127.0.0.1:4723/session/2089427a-d4cc-4354-8215-1c7125110b81/element'
21:55:58.750 [Forwarding findElement on session 2089427a-d4cc-4354-8215-1c7125110b81 to remote] DEBUG org.asynchttpclient.netty.request.NettyRequestSender -- Using open Channel [id: 0xd850032e, L:/127.0.0.1:49363 - R:/127.0.0.1:4723] for POST '/session/2089427a-d4cc-4354-8215-1c7125110b81/element'
21:55:58.774 [AsyncHttpClient-1-2] DEBUG org.asynchttpclient.netty.handler.HttpHandler -- 

Request DefaultHttpRequest(decodeResult: success, version: HTTP/1.1)
POST /session/2089427a-d4cc-4354-8215-1c7125110b81/element HTTP/1.1
User-Agent: appium/8.3.0 (selenium/4.8.3 (java mac))
Content-Length: 60
Content-Type: application/json; charset=utf-8
host: 127.0.0.1:4723
accept: */*

Response DefaultHttpResponse(decodeResult: success, version: HTTP/1.1)
HTTP/1.1 200 OK
X-Powered-By: Express
Vary: X-HTTP-Method-Override
Content-Type: application/json; charset=utf-8
Content-Length: 215
ETag: W/"d7-2RvZYqUUPp7WxvWlPVLuncuggLs"
Date: Sun, 06 Apr 2025 13:55:58 GMT
Connection: keep-alive
Keep-Alive: timeout=600

21:55:58.774 [AsyncHttpClient-1-2] DEBUG org.asynchttpclient.netty.channel.ChannelManager -- Adding key: http://127.0.0.1:4723 for channel [id: 0xd850032e, L:/127.0.0.1:49363 - R:/127.0.0.1:4723]
21:55:58.774 [Forwarding isElementDisplayed on session 2089427a-d4cc-4354-8215-1c7125110b81 to remote] DEBUG org.asynchttpclient.netty.request.NettyRequestSender -- Using pooled Channel '[id: 0xd850032e, L:/127.0.0.1:49363 - R:/127.0.0.1:4723]' for 'GET' to 'http://127.0.0.1:4723/session/2089427a-d4cc-4354-8215-1c7125110b81/element/f.4E042DFDA11A37A3872D064BCE888EE9.d.E38B24485C0DDCE9BD342D2F960D0A55.e.388/displayed'
21:55:58.774 [Forwarding isElementDisplayed on session 2089427a-d4cc-4354-8215-1c7125110b81 to remote] DEBUG org.asynchttpclient.netty.request.NettyRequestSender -- Using open Channel [id: 0xd850032e, L:/127.0.0.1:49363 - R:/127.0.0.1:4723] for GET '/session/2089427a-d4cc-4354-8215-1c7125110b81/element/f.4E042DFDA11A37A3872D064BCE888EE9.d.E38B24485C0DDCE9BD342D2F960D0A55.e.388/displayed'
21:55:58.800 [AsyncHttpClient-1-2] DEBUG org.asynchttpclient.netty.handler.HttpHandler -- 

Request DefaultFullHttpRequest(decodeResult: success, version: HTTP/1.1, content: EmptyByteBufBE)
GET /session/2089427a-d4cc-4354-8215-1c7125110b81/element/f.4E042DFDA11A37A3872D064BCE888EE9.d.E38B24485C0DDCE9BD342D2F960D0A55.e.388/displayed HTTP/1.1
Cache-Control: no-cache
User-Agent: appium/8.3.0 (selenium/4.8.3 (java mac))
Content-Type: application/json; charset=utf-8
host: 127.0.0.1:4723
accept: */*

Response DefaultHttpResponse(decodeResult: success, version: HTTP/1.1)
HTTP/1.1 200 OK
X-Powered-By: Express
Content-Type: application/json; charset=utf-8
Content-Length: 14
ETag: W/"e-2ZHvAWebNQpyjGZTg6uyV8/spTo"
Date: Sun, 06 Apr 2025 13:55:58 GMT
Connection: keep-alive
Keep-Alive: timeout=600

21:55:58.800 [AsyncHttpClient-1-2] DEBUG org.asynchttpclient.netty.channel.ChannelManager -- Adding key: http://127.0.0.1:4723 for channel [id: 0xd850032e, L:/127.0.0.1:49363 - R:/127.0.0.1:4723]
21:55:58.800 [Forwarding isElementEnabled on session 2089427a-d4cc-4354-8215-1c7125110b81 to remote] DEBUG org.asynchttpclient.netty.request.NettyRequestSender -- Using pooled Channel '[id: 0xd850032e, L:/127.0.0.1:49363 - R:/127.0.0.1:4723]' for 'GET' to 'http://127.0.0.1:4723/session/2089427a-d4cc-4354-8215-1c7125110b81/element/f.4E042DFDA11A37A3872D064BCE888EE9.d.E38B24485C0DDCE9BD342D2F960D0A55.e.388/enabled'
21:55:58.800 [Forwarding isElementEnabled on session 2089427a-d4cc-4354-8215-1c7125110b81 to remote] DEBUG org.asynchttpclient.netty.request.NettyRequestSender -- Using open Channel [id: 0xd850032e, L:/127.0.0.1:49363 - R:/127.0.0.1:4723] for GET '/session/2089427a-d4cc-4354-8215-1c7125110b81/element/f.4E042DFDA11A37A3872D064BCE888EE9.d.E38B24485C0DDCE9BD342D2F960D0A55.e.388/enabled'
21:55:58.820 [AsyncHttpClient-1-2] DEBUG org.asynchttpclient.netty.handler.HttpHandler -- 

Request DefaultFullHttpRequest(decodeResult: success, version: HTTP/1.1, content: EmptyByteBufBE)
GET /session/2089427a-d4cc-4354-8215-1c7125110b81/element/f.4E042DFDA11A37A3872D064BCE888EE9.d.E38B24485C0DDCE9BD342D2F960D0A55.e.388/enabled HTTP/1.1
Cache-Control: no-cache
User-Agent: appium/8.3.0 (selenium/4.8.3 (java mac))
Content-Type: application/json; charset=utf-8
host: 127.0.0.1:4723
accept: */*

Response DefaultHttpResponse(decodeResult: success, version: HTTP/1.1)
HTTP/1.1 200 OK
X-Powered-By: Express
Content-Type: application/json; charset=utf-8
Content-Length: 14
ETag: W/"e-2ZHvAWebNQpyjGZTg6uyV8/spTo"
Date: Sun, 06 Apr 2025 13:55:58 GMT
Connection: keep-alive
Keep-Alive: timeout=600

21:55:58.820 [AsyncHttpClient-1-2] DEBUG org.asynchttpclient.netty.channel.ChannelManager -- Adding key: http://127.0.0.1:4723 for channel [id: 0xd850032e, L:/127.0.0.1:49363 - R:/127.0.0.1:4723]
21:55:58.821 [Forwarding clearElement on session 2089427a-d4cc-4354-8215-1c7125110b81 to remote] DEBUG org.asynchttpclient.netty.request.NettyRequestSender -- Using pooled Channel '[id: 0xd850032e, L:/127.0.0.1:49363 - R:/127.0.0.1:4723]' for 'POST' to 'http://127.0.0.1:4723/session/2089427a-d4cc-4354-8215-1c7125110b81/element/f.4E042DFDA11A37A3872D064BCE888EE9.d.E38B24485C0DDCE9BD342D2F960D0A55.e.388/clear'
21:55:58.821 [Forwarding clearElement on session 2089427a-d4cc-4354-8215-1c7125110b81 to remote] DEBUG org.asynchttpclient.netty.request.NettyRequestSender -- Using open Channel [id: 0xd850032e, L:/127.0.0.1:49363 - R:/127.0.0.1:4723] for POST '/session/2089427a-d4cc-4354-8215-1c7125110b81/element/f.4E042DFDA11A37A3872D064BCE888EE9.d.E38B24485C0DDCE9BD342D2F960D0A55.e.388/clear'
21:55:58.891 [AsyncHttpClient-1-2] DEBUG org.asynchttpclient.netty.handler.HttpHandler -- 

Request DefaultHttpRequest(decodeResult: success, version: HTTP/1.1)
POST /session/2089427a-d4cc-4354-8215-1c7125110b81/element/f.4E042DFDA11A37A3872D064BCE888EE9.d.E38B24485C0DDCE9BD342D2F960D0A55.e.388/clear HTTP/1.1
User-Agent: appium/8.3.0 (selenium/4.8.3 (java mac))
Content-Length: 89
Content-Type: application/json; charset=utf-8
host: 127.0.0.1:4723
accept: */*

Response DefaultHttpResponse(decodeResult: success, version: HTTP/1.1)
HTTP/1.1 200 OK
X-Powered-By: Express
Vary: X-HTTP-Method-Override
Content-Type: application/json; charset=utf-8
Content-Length: 14
ETag: W/"e-9/1BuKMgFObM1mWJm+YjxtXJnUM"
Date: Sun, 06 Apr 2025 13:55:58 GMT
Connection: keep-alive
Keep-Alive: timeout=600

21:55:58.891 [AsyncHttpClient-1-2] DEBUG org.asynchttpclient.netty.channel.ChannelManager -- Adding key: http://127.0.0.1:4723 for channel [id: 0xd850032e, L:/127.0.0.1:49363 - R:/127.0.0.1:4723]
21:55:58.892 [Forwarding sendKeysToElement on session 2089427a-d4cc-4354-8215-1c7125110b81 to remote] DEBUG org.asynchttpclient.netty.request.NettyRequestSender -- Using pooled Channel '[id: 0xd850032e, L:/127.0.0.1:49363 - R:/127.0.0.1:4723]' for 'POST' to 'http://127.0.0.1:4723/session/2089427a-d4cc-4354-8215-1c7125110b81/element/f.4E042DFDA11A37A3872D064BCE888EE9.d.E38B24485C0DDCE9BD342D2F960D0A55.e.388/value'
21:55:58.892 [Forwarding sendKeysToElement on session 2089427a-d4cc-4354-8215-1c7125110b81 to remote] DEBUG org.asynchttpclient.netty.request.NettyRequestSender -- Using open Channel [id: 0xd850032e, L:/127.0.0.1:49363 - R:/127.0.0.1:4723] for POST '/session/2089427a-d4cc-4354-8215-1c7125110b81/element/f.4E042DFDA11A37A3872D064BCE888EE9.d.E38B24485C0DDCE9BD342D2F960D0A55.e.388/value'
21:55:59.077 [AsyncHttpClient-1-2] DEBUG org.asynchttpclient.netty.handler.HttpHandler -- 

Request DefaultHttpRequest(decodeResult: success, version: HTTP/1.1)
POST /session/2089427a-d4cc-4354-8215-1c7125110b81/element/f.4E042DFDA11A37A3872D064BCE888EE9.d.E38B24485C0DDCE9BD342D2F960D0A55.e.388/value HTTP/1.1
User-Agent: appium/8.3.0 (selenium/4.8.3 (java mac))
Content-Length: 150
Content-Type: application/json; charset=utf-8
host: 127.0.0.1:4723
accept: */*

Response DefaultHttpResponse(decodeResult: success, version: HTTP/1.1)
HTTP/1.1 200 OK
X-Powered-By: Express
Vary: X-HTTP-Method-Override
Content-Type: application/json; charset=utf-8
Content-Length: 14
ETag: W/"e-9/1BuKMgFObM1mWJm+YjxtXJnUM"
Date: Sun, 06 Apr 2025 13:55:59 GMT
Connection: keep-alive
Keep-Alive: timeout=600

21:55:59.078 [AsyncHttpClient-1-2] DEBUG org.asynchttpclient.netty.channel.ChannelManager -- Adding key: http://127.0.0.1:4723 for channel [id: 0xd850032e, L:/127.0.0.1:49363 - R:/127.0.0.1:4723]
21:55:59.078 [Forwarding findElement on session 2089427a-d4cc-4354-8215-1c7125110b81 to remote] DEBUG org.asynchttpclient.netty.request.NettyRequestSender -- Using pooled Channel '[id: 0xd850032e, L:/127.0.0.1:49363 - R:/127.0.0.1:4723]' for 'POST' to 'http://127.0.0.1:4723/session/2089427a-d4cc-4354-8215-1c7125110b81/element'
21:55:59.078 [Forwarding findElement on session 2089427a-d4cc-4354-8215-1c7125110b81 to remote] DEBUG org.asynchttpclient.netty.request.NettyRequestSender -- Using open Channel [id: 0xd850032e, L:/127.0.0.1:49363 - R:/127.0.0.1:4723] for POST '/session/2089427a-d4cc-4354-8215-1c7125110b81/element'
21:55:59.130 [AsyncHttpClient-1-2] DEBUG org.asynchttpclient.netty.handler.HttpHandler -- 

Request DefaultHttpRequest(decodeResult: success, version: HTTP/1.1)
POST /session/2089427a-d4cc-4354-8215-1c7125110b81/element HTTP/1.1
User-Agent: appium/8.3.0 (selenium/4.8.3 (java mac))
Content-Length: 57
Content-Type: application/json; charset=utf-8
host: 127.0.0.1:4723
accept: */*

Response DefaultHttpResponse(decodeResult: success, version: HTTP/1.1)
HTTP/1.1 200 OK
X-Powered-By: Express
Vary: X-HTTP-Method-Override
Content-Type: application/json; charset=utf-8
Content-Length: 215
ETag: W/"d7-sz01Dif/LJ58k1wUA6Uz7IJAw20"
Date: Sun, 06 Apr 2025 13:55:59 GMT
Connection: keep-alive
Keep-Alive: timeout=600

21:55:59.130 [AsyncHttpClient-1-2] DEBUG org.asynchttpclient.netty.channel.ChannelManager -- Adding key: http://127.0.0.1:4723 for channel [id: 0xd850032e, L:/127.0.0.1:49363 - R:/127.0.0.1:4723]
21:55:59.131 [Forwarding isElementDisplayed on session 2089427a-d4cc-4354-8215-1c7125110b81 to remote] DEBUG org.asynchttpclient.netty.request.NettyRequestSender -- Using pooled Channel '[id: 0xd850032e, L:/127.0.0.1:49363 - R:/127.0.0.1:4723]' for 'GET' to 'http://127.0.0.1:4723/session/2089427a-d4cc-4354-8215-1c7125110b81/element/f.4E042DFDA11A37A3872D064BCE888EE9.d.E38B24485C0DDCE9BD342D2F960D0A55.e.390/displayed'
21:55:59.131 [Forwarding isElementDisplayed on session 2089427a-d4cc-4354-8215-1c7125110b81 to remote] DEBUG org.asynchttpclient.netty.request.NettyRequestSender -- Using open Channel [id: 0xd850032e, L:/127.0.0.1:49363 - R:/127.0.0.1:4723] for GET '/session/2089427a-d4cc-4354-8215-1c7125110b81/element/f.4E042DFDA11A37A3872D064BCE888EE9.d.E38B24485C0DDCE9BD342D2F960D0A55.e.390/displayed'
21:55:59.161 [AsyncHttpClient-1-2] DEBUG org.asynchttpclient.netty.handler.HttpHandler -- 

Request DefaultFullHttpRequest(decodeResult: success, version: HTTP/1.1, content: EmptyByteBufBE)
GET /session/2089427a-d4cc-4354-8215-1c7125110b81/element/f.4E042DFDA11A37A3872D064BCE888EE9.d.E38B24485C0DDCE9BD342D2F960D0A55.e.390/displayed HTTP/1.1
Cache-Control: no-cache
User-Agent: appium/8.3.0 (selenium/4.8.3 (java mac))
Content-Type: application/json; charset=utf-8
host: 127.0.0.1:4723
accept: */*

Response DefaultHttpResponse(decodeResult: success, version: HTTP/1.1)
HTTP/1.1 200 OK
X-Powered-By: Express
Content-Type: application/json; charset=utf-8
Content-Length: 14
ETag: W/"e-2ZHvAWebNQpyjGZTg6uyV8/spTo"
Date: Sun, 06 Apr 2025 13:55:59 GMT
Connection: keep-alive
Keep-Alive: timeout=600

21:55:59.161 [AsyncHttpClient-1-2] DEBUG org.asynchttpclient.netty.channel.ChannelManager -- Adding key: http://127.0.0.1:4723 for channel [id: 0xd850032e, L:/127.0.0.1:49363 - R:/127.0.0.1:4723]
21:55:59.162 [Forwarding isElementEnabled on session 2089427a-d4cc-4354-8215-1c7125110b81 to remote] DEBUG org.asynchttpclient.netty.request.NettyRequestSender -- Using pooled Channel '[id: 0xd850032e, L:/127.0.0.1:49363 - R:/127.0.0.1:4723]' for 'GET' to 'http://127.0.0.1:4723/session/2089427a-d4cc-4354-8215-1c7125110b81/element/f.4E042DFDA11A37A3872D064BCE888EE9.d.E38B24485C0DDCE9BD342D2F960D0A55.e.390/enabled'
21:55:59.162 [Forwarding isElementEnabled on session 2089427a-d4cc-4354-8215-1c7125110b81 to remote] DEBUG org.asynchttpclient.netty.request.NettyRequestSender -- Using open Channel [id: 0xd850032e, L:/127.0.0.1:49363 - R:/127.0.0.1:4723] for GET '/session/2089427a-d4cc-4354-8215-1c7125110b81/element/f.4E042DFDA11A37A3872D064BCE888EE9.d.E38B24485C0DDCE9BD342D2F960D0A55.e.390/enabled'
21:55:59.194 [AsyncHttpClient-1-2] DEBUG org.asynchttpclient.netty.handler.HttpHandler -- 

Request DefaultFullHttpRequest(decodeResult: success, version: HTTP/1.1, content: EmptyByteBufBE)
GET /session/2089427a-d4cc-4354-8215-1c7125110b81/element/f.4E042DFDA11A37A3872D064BCE888EE9.d.E38B24485C0DDCE9BD342D2F960D0A55.e.390/enabled HTTP/1.1
Cache-Control: no-cache
User-Agent: appium/8.3.0 (selenium/4.8.3 (java mac))
Content-Type: application/json; charset=utf-8
host: 127.0.0.1:4723
accept: */*

Response DefaultHttpResponse(decodeResult: success, version: HTTP/1.1)
HTTP/1.1 200 OK
X-Powered-By: Express
Content-Type: application/json; charset=utf-8
Content-Length: 14
ETag: W/"e-2ZHvAWebNQpyjGZTg6uyV8/spTo"
Date: Sun, 06 Apr 2025 13:55:59 GMT
Connection: keep-alive
Keep-Alive: timeout=600

21:55:59.194 [AsyncHttpClient-1-2] DEBUG org.asynchttpclient.netty.channel.ChannelManager -- Adding key: http://127.0.0.1:4723 for channel [id: 0xd850032e, L:/127.0.0.1:49363 - R:/127.0.0.1:4723]
21:55:59.195 [Forwarding clickElement on session 2089427a-d4cc-4354-8215-1c7125110b81 to remote] DEBUG org.asynchttpclient.netty.request.NettyRequestSender -- Using pooled Channel '[id: 0xd850032e, L:/127.0.0.1:49363 - R:/127.0.0.1:4723]' for 'POST' to 'http://127.0.0.1:4723/session/2089427a-d4cc-4354-8215-1c7125110b81/element/f.4E042DFDA11A37A3872D064BCE888EE9.d.E38B24485C0DDCE9BD342D2F960D0A55.e.390/click'
21:55:59.195 [Forwarding clickElement on session 2089427a-d4cc-4354-8215-1c7125110b81 to remote] DEBUG org.asynchttpclient.netty.request.NettyRequestSender -- Using open Channel [id: 0xd850032e, L:/127.0.0.1:49363 - R:/127.0.0.1:4723] for POST '/session/2089427a-d4cc-4354-8215-1c7125110b81/element/f.4E042DFDA11A37A3872D064BCE888EE9.d.E38B24485C0DDCE9BD342D2F960D0A55.e.390/click'
21:55:59.398 [AsyncHttpClient-1-2] DEBUG org.asynchttpclient.netty.handler.HttpHandler -- 

Request DefaultHttpRequest(decodeResult: success, version: HTTP/1.1)
POST /session/2089427a-d4cc-4354-8215-1c7125110b81/element/f.4E042DFDA11A37A3872D064BCE888EE9.d.E38B24485C0DDCE9BD342D2F960D0A55.e.390/click HTTP/1.1
User-Agent: appium/8.3.0 (selenium/4.8.3 (java mac))
Content-Length: 89
Content-Type: application/json; charset=utf-8
host: 127.0.0.1:4723
accept: */*

Response DefaultHttpResponse(decodeResult: success, version: HTTP/1.1)
HTTP/1.1 200 OK
X-Powered-By: Express
Vary: X-HTTP-Method-Override
Content-Type: application/json; charset=utf-8
Content-Length: 14
ETag: W/"e-9/1BuKMgFObM1mWJm+YjxtXJnUM"
Date: Sun, 06 Apr 2025 13:55:59 GMT
Connection: keep-alive
Keep-Alive: timeout=600

21:55:59.398 [AsyncHttpClient-1-2] DEBUG org.asynchttpclient.netty.channel.ChannelManager -- Adding key: http://127.0.0.1:4723 for channel [id: 0xd850032e, L:/127.0.0.1:49363 - R:/127.0.0.1:4723]
21:55:59.687 [AsyncHttpClient-1-1] DEBUG org.asynchttpclient.netty.channel.DefaultChannelPool -- Entry count for : http://127.0.0.1:4723 : 1
21:55:59.703 [Forwarding findElement on session 2089427a-d4cc-4354-8215-1c7125110b81 to remote] DEBUG org.asynchttpclient.netty.request.NettyRequestSender -- Using pooled Channel '[id: 0xd850032e, L:/127.0.0.1:49363 - R:/127.0.0.1:4723]' for 'POST' to 'http://127.0.0.1:4723/session/2089427a-d4cc-4354-8215-1c7125110b81/element'
21:55:59.703 [Forwarding findElement on session 2089427a-d4cc-4354-8215-1c7125110b81 to remote] DEBUG org.asynchttpclient.netty.request.NettyRequestSender -- Using open Channel [id: 0xd850032e, L:/127.0.0.1:49363 - R:/127.0.0.1:4723] for POST '/session/2089427a-d4cc-4354-8215-1c7125110b81/element'
21:55:59.729 [AsyncHttpClient-1-2] DEBUG org.asynchttpclient.netty.handler.HttpHandler -- 

Request DefaultHttpRequest(decodeResult: success, version: HTTP/1.1)
POST /session/2089427a-d4cc-4354-8215-1c7125110b81/element HTTP/1.1
User-Agent: appium/8.3.0 (selenium/4.8.3 (java mac))
Content-Length: 66
Content-Type: application/json; charset=utf-8
host: 127.0.0.1:4723
accept: */*

Response DefaultHttpResponse(decodeResult: success, version: HTTP/1.1)
HTTP/1.1 200 OK
X-Powered-By: Express
Vary: X-HTTP-Method-Override
Content-Type: application/json; charset=utf-8
Content-Length: 215
ETag: W/"d7-yA3Nlzhb0yxd4rPiElWz6zCVxqo"
Date: Sun, 06 Apr 2025 13:55:59 GMT
Connection: keep-alive
Keep-Alive: timeout=600

21:55:59.730 [AsyncHttpClient-1-2] DEBUG org.asynchttpclient.netty.channel.ChannelManager -- Adding key: http://127.0.0.1:4723 for channel [id: 0xd850032e, L:/127.0.0.1:49363 - R:/127.0.0.1:4723]
21:55:59.731 [Forwarding findElement on session 2089427a-d4cc-4354-8215-1c7125110b81 to remote] DEBUG org.asynchttpclient.netty.request.NettyRequestSender -- Using pooled Channel '[id: 0xd850032e, L:/127.0.0.1:49363 - R:/127.0.0.1:4723]' for 'POST' to 'http://127.0.0.1:4723/session/2089427a-d4cc-4354-8215-1c7125110b81/element'
21:55:59.731 [Forwarding findElement on session 2089427a-d4cc-4354-8215-1c7125110b81 to remote] DEBUG org.asynchttpclient.netty.request.NettyRequestSender -- Using open Channel [id: 0xd850032e, L:/127.0.0.1:49363 - R:/127.0.0.1:4723] for POST '/session/2089427a-d4cc-4354-8215-1c7125110b81/element'
21:55:59.767 [AsyncHttpClient-1-2] DEBUG org.asynchttpclient.netty.handler.HttpHandler -- 

Request DefaultHttpRequest(decodeResult: success, version: HTTP/1.1)
POST /session/2089427a-d4cc-4354-8215-1c7125110b81/element HTTP/1.1
User-Agent: appium/8.3.0 (selenium/4.8.3 (java mac))
Content-Length: 69
Content-Type: application/json; charset=utf-8
host: 127.0.0.1:4723
accept: */*

Response DefaultHttpResponse(decodeResult: success, version: HTTP/1.1)
HTTP/1.1 200 OK
X-Powered-By: Express
Vary: X-HTTP-Method-Override
Content-Type: application/json; charset=utf-8
Content-Length: 215
ETag: W/"d7-Eorhckp1zbPaOWDq0UmD1gujLEo"
Date: Sun, 06 Apr 2025 13:55:59 GMT
Connection: keep-alive
Keep-Alive: timeout=600

21:55:59.768 [AsyncHttpClient-1-2] DEBUG org.asynchttpclient.netty.channel.ChannelManager -- Adding key: http://127.0.0.1:4723 for channel [id: 0xd850032e, L:/127.0.0.1:49363 - R:/127.0.0.1:4723]
21:55:59.768 [Forwarding getElementText on session 2089427a-d4cc-4354-8215-1c7125110b81 to remote] DEBUG org.asynchttpclient.netty.request.NettyRequestSender -- Using pooled Channel '[id: 0xd850032e, L:/127.0.0.1:49363 - R:/127.0.0.1:4723]' for 'GET' to 'http://127.0.0.1:4723/session/2089427a-d4cc-4354-8215-1c7125110b81/element/f.4E042DFDA11A37A3872D064BCE888EE9.d.E38B24485C0DDCE9BD342D2F960D0A55.e.437/text'
21:55:59.768 [Forwarding getElementText on session 2089427a-d4cc-4354-8215-1c7125110b81 to remote] DEBUG org.asynchttpclient.netty.request.NettyRequestSender -- Using open Channel [id: 0xd850032e, L:/127.0.0.1:49363 - R:/127.0.0.1:4723] for GET '/session/2089427a-d4cc-4354-8215-1c7125110b81/element/f.4E042DFDA11A37A3872D064BCE888EE9.d.E38B24485C0DDCE9BD342D2F960D0A55.e.437/text'
21:55:59.812 [AsyncHttpClient-1-2] DEBUG org.asynchttpclient.netty.handler.HttpHandler -- 

Request DefaultFullHttpRequest(decodeResult: success, version: HTTP/1.1, content: EmptyByteBufBE)
GET /session/2089427a-d4cc-4354-8215-1c7125110b81/element/f.4E042DFDA11A37A3872D064BCE888EE9.d.E38B24485C0DDCE9BD342D2F960D0A55.e.437/text HTTP/1.1
Cache-Control: no-cache
User-Agent: appium/8.3.0 (selenium/4.8.3 (java mac))
Content-Type: application/json; charset=utf-8
host: 127.0.0.1:4723
accept: */*

Response DefaultHttpResponse(decodeResult: success, version: HTTP/1.1)
HTTP/1.1 200 OK
X-Powered-By: Express
Content-Type: application/json; charset=utf-8
Content-Length: 16
ETag: W/"10-a/p2KHKx5Iv6ze67SQmfyX59Q1I"
Date: Sun, 06 Apr 2025 13:55:59 GMT
Connection: keep-alive
Keep-Alive: timeout=600

21:55:59.812 [AsyncHttpClient-1-2] DEBUG org.asynchttpclient.netty.channel.ChannelManager -- Adding key: http://127.0.0.1:4723 for channel [id: 0xd850032e, L:/127.0.0.1:49363 - R:/127.0.0.1:4723]
21:55:59.813 [Forwarding getElementText on session 2089427a-d4cc-4354-8215-1c7125110b81 to remote] DEBUG org.asynchttpclient.netty.request.NettyRequestSender -- Using pooled Channel '[id: 0xd850032e, L:/127.0.0.1:49363 - R:/127.0.0.1:4723]' for 'GET' to 'http://127.0.0.1:4723/session/2089427a-d4cc-4354-8215-1c7125110b81/element/f.4E042DFDA11A37A3872D064BCE888EE9.d.E38B24485C0DDCE9BD342D2F960D0A55.e.438/text'
21:55:59.813 [Forwarding getElementText on session 2089427a-d4cc-4354-8215-1c7125110b81 to remote] DEBUG org.asynchttpclient.netty.request.NettyRequestSender -- Using open Channel [id: 0xd850032e, L:/127.0.0.1:49363 - R:/127.0.0.1:4723] for GET '/session/2089427a-d4cc-4354-8215-1c7125110b81/element/f.4E042DFDA11A37A3872D064BCE888EE9.d.E38B24485C0DDCE9BD342D2F960D0A55.e.438/text'
21:55:59.842 [AsyncHttpClient-1-2] DEBUG org.asynchttpclient.netty.handler.HttpHandler -- 

Request DefaultFullHttpRequest(decodeResult: success, version: HTTP/1.1, content: EmptyByteBufBE)
GET /session/2089427a-d4cc-4354-8215-1c7125110b81/element/f.4E042DFDA11A37A3872D064BCE888EE9.d.E38B24485C0DDCE9BD342D2F960D0A55.e.438/text HTTP/1.1
Cache-Control: no-cache
User-Agent: appium/8.3.0 (selenium/4.8.3 (java mac))
Content-Type: application/json; charset=utf-8
host: 127.0.0.1:4723
accept: */*

Response DefaultHttpResponse(decodeResult: success, version: HTTP/1.1)
HTTP/1.1 200 OK
X-Powered-By: Express
Content-Type: application/json; charset=utf-8
Content-Length: 18
ETag: W/"12-Ud8uIwnIJKdfUlxGYRDm6N6BtQY"
Date: Sun, 06 Apr 2025 13:55:59 GMT
Connection: keep-alive
Keep-Alive: timeout=600

21:55:59.842 [AsyncHttpClient-1-2] DEBUG org.asynchttpclient.netty.channel.ChannelManager -- Adding key: http://127.0.0.1:4723 for channel [id: 0xd850032e, L:/127.0.0.1:49363 - R:/127.0.0.1:4723]
21:55:59.843 [main] INFO com.cathay.test.tests.MortgageCalculatorTest -- 顯示貸款總額與購屋總價成功
21:55:59.843 [Forwarding findElement on session 2089427a-d4cc-4354-8215-1c7125110b81 to remote] DEBUG org.asynchttpclient.netty.request.NettyRequestSender -- Using pooled Channel '[id: 0xd850032e, L:/127.0.0.1:49363 - R:/127.0.0.1:4723]' for 'POST' to 'http://127.0.0.1:4723/session/2089427a-d4cc-4354-8215-1c7125110b81/element'
21:55:59.843 [Forwarding findElement on session 2089427a-d4cc-4354-8215-1c7125110b81 to remote] DEBUG org.asynchttpclient.netty.request.NettyRequestSender -- Using open Channel [id: 0xd850032e, L:/127.0.0.1:49363 - R:/127.0.0.1:4723] for POST '/session/2089427a-d4cc-4354-8215-1c7125110b81/element'
21:55:59.870 [AsyncHttpClient-1-2] DEBUG org.asynchttpclient.netty.handler.HttpHandler -- 

Request DefaultHttpRequest(decodeResult: success, version: HTTP/1.1)
POST /session/2089427a-d4cc-4354-8215-1c7125110b81/element HTTP/1.1
User-Agent: appium/8.3.0 (selenium/4.8.3 (java mac))
Content-Length: 53
Content-Type: application/json; charset=utf-8
host: 127.0.0.1:4723
accept: */*

Response DefaultHttpResponse(decodeResult: success, version: HTTP/1.1)
HTTP/1.1 200 OK
X-Powered-By: Express
Vary: X-HTTP-Method-Override
Content-Type: application/json; charset=utf-8
Content-Length: 215
ETag: W/"d7-PFdwgyOSiwUqhTSIChKegVYj6N4"
Date: Sun, 06 Apr 2025 13:55:59 GMT
Connection: keep-alive
Keep-Alive: timeout=600

21:55:59.870 [AsyncHttpClient-1-2] DEBUG org.asynchttpclient.netty.channel.ChannelManager -- Adding key: http://127.0.0.1:4723 for channel [id: 0xd850032e, L:/127.0.0.1:49363 - R:/127.0.0.1:4723]
21:55:59.871 [Forwarding isElementDisplayed on session 2089427a-d4cc-4354-8215-1c7125110b81 to remote] DEBUG org.asynchttpclient.netty.request.NettyRequestSender -- Using pooled Channel '[id: 0xd850032e, L:/127.0.0.1:49363 - R:/127.0.0.1:4723]' for 'GET' to 'http://127.0.0.1:4723/session/2089427a-d4cc-4354-8215-1c7125110b81/element/f.4E042DFDA11A37A3872D064BCE888EE9.d.E38B24485C0DDCE9BD342D2F960D0A55.e.353/displayed'
21:55:59.871 [Forwarding isElementDisplayed on session 2089427a-d4cc-4354-8215-1c7125110b81 to remote] DEBUG org.asynchttpclient.netty.request.NettyRequestSender -- Using open Channel [id: 0xd850032e, L:/127.0.0.1:49363 - R:/127.0.0.1:4723] for GET '/session/2089427a-d4cc-4354-8215-1c7125110b81/element/f.4E042DFDA11A37A3872D064BCE888EE9.d.E38B24485C0DDCE9BD342D2F960D0A55.e.353/displayed'
21:55:59.905 [AsyncHttpClient-1-2] DEBUG org.asynchttpclient.netty.handler.HttpHandler -- 

Request DefaultFullHttpRequest(decodeResult: success, version: HTTP/1.1, content: EmptyByteBufBE)
GET /session/2089427a-d4cc-4354-8215-1c7125110b81/element/f.4E042DFDA11A37A3872D064BCE888EE9.d.E38B24485C0DDCE9BD342D2F960D0A55.e.353/displayed HTTP/1.1
Cache-Control: no-cache
User-Agent: appium/8.3.0 (selenium/4.8.3 (java mac))
Content-Type: application/json; charset=utf-8
host: 127.0.0.1:4723
accept: */*

Response DefaultHttpResponse(decodeResult: success, version: HTTP/1.1)
HTTP/1.1 200 OK
X-Powered-By: Express
Content-Type: application/json; charset=utf-8
Content-Length: 14
ETag: W/"e-2ZHvAWebNQpyjGZTg6uyV8/spTo"
Date: Sun, 06 Apr 2025 13:55:59 GMT
Connection: keep-alive
Keep-Alive: timeout=600

21:55:59.905 [AsyncHttpClient-1-2] DEBUG org.asynchttpclient.netty.channel.ChannelManager -- Adding key: http://127.0.0.1:4723 for channel [id: 0xd850032e, L:/127.0.0.1:49363 - R:/127.0.0.1:4723]
21:55:59.905 [Forwarding isElementEnabled on session 2089427a-d4cc-4354-8215-1c7125110b81 to remote] DEBUG org.asynchttpclient.netty.request.NettyRequestSender -- Using pooled Channel '[id: 0xd850032e, L:/127.0.0.1:49363 - R:/127.0.0.1:4723]' for 'GET' to 'http://127.0.0.1:4723/session/2089427a-d4cc-4354-8215-1c7125110b81/element/f.4E042DFDA11A37A3872D064BCE888EE9.d.E38B24485C0DDCE9BD342D2F960D0A55.e.353/enabled'
21:55:59.905 [Forwarding isElementEnabled on session 2089427a-d4cc-4354-8215-1c7125110b81 to remote] DEBUG org.asynchttpclient.netty.request.NettyRequestSender -- Using open Channel [id: 0xd850032e, L:/127.0.0.1:49363 - R:/127.0.0.1:4723] for GET '/session/2089427a-d4cc-4354-8215-1c7125110b81/element/f.4E042DFDA11A37A3872D064BCE888EE9.d.E38B24485C0DDCE9BD342D2F960D0A55.e.353/enabled'
21:55:59.932 [AsyncHttpClient-1-2] DEBUG org.asynchttpclient.netty.handler.HttpHandler -- 

Request DefaultFullHttpRequest(decodeResult: success, version: HTTP/1.1, content: EmptyByteBufBE)
GET /session/2089427a-d4cc-4354-8215-1c7125110b81/element/f.4E042DFDA11A37A3872D064BCE888EE9.d.E38B24485C0DDCE9BD342D2F960D0A55.e.353/enabled HTTP/1.1
Cache-Control: no-cache
User-Agent: appium/8.3.0 (selenium/4.8.3 (java mac))
Content-Type: application/json; charset=utf-8
host: 127.0.0.1:4723
accept: */*

Response DefaultHttpResponse(decodeResult: success, version: HTTP/1.1)
HTTP/1.1 200 OK
X-Powered-By: Express
Content-Type: application/json; charset=utf-8
Content-Length: 14
ETag: W/"e-2ZHvAWebNQpyjGZTg6uyV8/spTo"
Date: Sun, 06 Apr 2025 13:55:59 GMT
Connection: keep-alive
Keep-Alive: timeout=600

21:55:59.932 [AsyncHttpClient-1-2] DEBUG org.asynchttpclient.netty.channel.ChannelManager -- Adding key: http://127.0.0.1:4723 for channel [id: 0xd850032e, L:/127.0.0.1:49363 - R:/127.0.0.1:4723]
21:55:59.932 [Forwarding executeScript on session 2089427a-d4cc-4354-8215-1c7125110b81 to remote] DEBUG org.asynchttpclient.netty.request.NettyRequestSender -- Using pooled Channel '[id: 0xd850032e, L:/127.0.0.1:49363 - R:/127.0.0.1:4723]' for 'POST' to 'http://127.0.0.1:4723/session/2089427a-d4cc-4354-8215-1c7125110b81/execute/sync'
21:55:59.932 [Forwarding executeScript on session 2089427a-d4cc-4354-8215-1c7125110b81 to remote] DEBUG org.asynchttpclient.netty.request.NettyRequestSender -- Using open Channel [id: 0xd850032e, L:/127.0.0.1:49363 - R:/127.0.0.1:4723] for POST '/session/2089427a-d4cc-4354-8215-1c7125110b81/execute/sync'
21:56:00.030 [AsyncHttpClient-1-2] DEBUG org.asynchttpclient.netty.handler.HttpHandler -- 

Request DefaultHttpRequest(decodeResult: success, version: HTTP/1.1)
POST /session/2089427a-d4cc-4354-8215-1c7125110b81/execute/sync HTTP/1.1
User-Agent: appium/8.3.0 (selenium/4.8.3 (java mac))
Content-Length: 287
Content-Type: application/json; charset=utf-8
host: 127.0.0.1:4723
accept: */*

Response DefaultHttpResponse(decodeResult: success, version: HTTP/1.1)
HTTP/1.1 200 OK
X-Powered-By: Express
Vary: X-HTTP-Method-Override
Content-Type: application/json; charset=utf-8
Content-Length: 14
ETag: W/"e-9/1BuKMgFObM1mWJm+YjxtXJnUM"
Date: Sun, 06 Apr 2025 13:56:00 GMT
Connection: keep-alive
Keep-Alive: timeout=600

21:56:00.030 [AsyncHttpClient-1-2] DEBUG org.asynchttpclient.netty.channel.ChannelManager -- Adding key: http://127.0.0.1:4723 for channel [id: 0xd850032e, L:/127.0.0.1:49363 - R:/127.0.0.1:4723]
21:56:00.334 [Forwarding getElementText on session 2089427a-d4cc-4354-8215-1c7125110b81 to remote] DEBUG org.asynchttpclient.netty.request.NettyRequestSender -- Using pooled Channel '[id: 0xd850032e, L:/127.0.0.1:49363 - R:/127.0.0.1:4723]' for 'GET' to 'http://127.0.0.1:4723/session/2089427a-d4cc-4354-8215-1c7125110b81/element/f.4E042DFDA11A37A3872D064BCE888EE9.d.E38B24485C0DDCE9BD342D2F960D0A55.e.437/text'
21:56:00.334 [Forwarding getElementText on session 2089427a-d4cc-4354-8215-1c7125110b81 to remote] DEBUG org.asynchttpclient.netty.request.NettyRequestSender -- Using open Channel [id: 0xd850032e, L:/127.0.0.1:49363 - R:/127.0.0.1:4723] for GET '/session/2089427a-d4cc-4354-8215-1c7125110b81/element/f.4E042DFDA11A37A3872D064BCE888EE9.d.E38B24485C0DDCE9BD342D2F960D0A55.e.437/text'
21:56:00.364 [AsyncHttpClient-1-2] DEBUG org.asynchttpclient.netty.handler.HttpHandler -- 

Request DefaultFullHttpRequest(decodeResult: success, version: HTTP/1.1, content: EmptyByteBufBE)
GET /session/2089427a-d4cc-4354-8215-1c7125110b81/element/f.4E042DFDA11A37A3872D064BCE888EE9.d.E38B24485C0DDCE9BD342D2F960D0A55.e.437/text HTTP/1.1
Cache-Control: no-cache
User-Agent: appium/8.3.0 (selenium/4.8.3 (java mac))
Content-Type: application/json; charset=utf-8
host: 127.0.0.1:4723
accept: */*

Response DefaultHttpResponse(decodeResult: success, version: HTTP/1.1)
HTTP/1.1 200 OK
X-Powered-By: Express
Content-Type: application/json; charset=utf-8
Content-Length: 12
ETag: W/"c-XhZ6Dv5auutI3mUJ9l6zqgjSbvk"
Date: Sun, 06 Apr 2025 13:56:00 GMT
Connection: keep-alive
Keep-Alive: timeout=600

21:56:00.364 [AsyncHttpClient-1-2] DEBUG org.asynchttpclient.netty.channel.ChannelManager -- Adding key: http://127.0.0.1:4723 for channel [id: 0xd850032e, L:/127.0.0.1:49363 - R:/127.0.0.1:4723]
21:56:00.365 [Forwarding getElementText on session 2089427a-d4cc-4354-8215-1c7125110b81 to remote] DEBUG org.asynchttpclient.netty.request.NettyRequestSender -- Using pooled Channel '[id: 0xd850032e, L:/127.0.0.1:49363 - R:/127.0.0.1:4723]' for 'GET' to 'http://127.0.0.1:4723/session/2089427a-d4cc-4354-8215-1c7125110b81/element/f.4E042DFDA11A37A3872D064BCE888EE9.d.E38B24485C0DDCE9BD342D2F960D0A55.e.438/text'
21:56:00.365 [Forwarding getElementText on session 2089427a-d4cc-4354-8215-1c7125110b81 to remote] DEBUG org.asynchttpclient.netty.request.NettyRequestSender -- Using open Channel [id: 0xd850032e, L:/127.0.0.1:49363 - R:/127.0.0.1:4723] for GET '/session/2089427a-d4cc-4354-8215-1c7125110b81/element/f.4E042DFDA11A37A3872D064BCE888EE9.d.E38B24485C0DDCE9BD342D2F960D0A55.e.438/text'
21:56:00.387 [AsyncHttpClient-1-2] DEBUG org.asynchttpclient.netty.handler.HttpHandler -- 

Request DefaultFullHttpRequest(decodeResult: success, version: HTTP/1.1, content: EmptyByteBufBE)
GET /session/2089427a-d4cc-4354-8215-1c7125110b81/element/f.4E042DFDA11A37A3872D064BCE888EE9.d.E38B24485C0DDCE9BD342D2F960D0A55.e.438/text HTTP/1.1
Cache-Control: no-cache
User-Agent: appium/8.3.0 (selenium/4.8.3 (java mac))
Content-Type: application/json; charset=utf-8
host: 127.0.0.1:4723
accept: */*

Response DefaultHttpResponse(decodeResult: success, version: HTTP/1.1)
HTTP/1.1 200 OK
X-Powered-By: Express
Content-Type: application/json; charset=utf-8
Content-Length: 12
ETag: W/"c-XhZ6Dv5auutI3mUJ9l6zqgjSbvk"
Date: Sun, 06 Apr 2025 13:56:00 GMT
Connection: keep-alive
Keep-Alive: timeout=600

21:56:00.387 [AsyncHttpClient-1-2] DEBUG org.asynchttpclient.netty.channel.ChannelManager -- Adding key: http://127.0.0.1:4723 for channel [id: 0xd850032e, L:/127.0.0.1:49363 - R:/127.0.0.1:4723]
21:56:00.388 [Forwarding executeScript on session 2089427a-d4cc-4354-8215-1c7125110b81 to remote] DEBUG org.asynchttpclient.netty.request.NettyRequestSender -- Using pooled Channel '[id: 0xd850032e, L:/127.0.0.1:49363 - R:/127.0.0.1:4723]' for 'POST' to 'http://127.0.0.1:4723/session/2089427a-d4cc-4354-8215-1c7125110b81/execute/sync'
21:56:00.388 [Forwarding executeScript on session 2089427a-d4cc-4354-8215-1c7125110b81 to remote] DEBUG org.asynchttpclient.netty.request.NettyRequestSender -- Using open Channel [id: 0xd850032e, L:/127.0.0.1:49363 - R:/127.0.0.1:4723] for POST '/session/2089427a-d4cc-4354-8215-1c7125110b81/execute/sync'
21:56:00.419 [AsyncHttpClient-1-2] DEBUG org.asynchttpclient.netty.handler.HttpHandler -- 

Request DefaultHttpRequest(decodeResult: success, version: HTTP/1.1)
POST /session/2089427a-d4cc-4354-8215-1c7125110b81/execute/sync HTTP/1.1
User-Agent: appium/8.3.0 (selenium/4.8.3 (java mac))
Content-Length: 347
Content-Type: application/json; charset=utf-8
host: 127.0.0.1:4723
accept: */*

Response DefaultHttpResponse(decodeResult: success, version: HTTP/1.1)
HTTP/1.1 200 OK
X-Powered-By: Express
Vary: X-HTTP-Method-Override
Content-Type: application/json; charset=utf-8
Content-Length: 14
ETag: W/"e-9/1BuKMgFObM1mWJm+YjxtXJnUM"
Date: Sun, 06 Apr 2025 13:56:00 GMT
Connection: keep-alive
Keep-Alive: timeout=600

21:56:00.419 [AsyncHttpClient-1-2] DEBUG org.asynchttpclient.netty.channel.ChannelManager -- Adding key: http://127.0.0.1:4723 for channel [id: 0xd850032e, L:/127.0.0.1:49363 - R:/127.0.0.1:4723]
21:56:00.420 [Forwarding executeScript on session 2089427a-d4cc-4354-8215-1c7125110b81 to remote] DEBUG org.asynchttpclient.netty.request.NettyRequestSender -- Using pooled Channel '[id: 0xd850032e, L:/127.0.0.1:49363 - R:/127.0.0.1:4723]' for 'POST' to 'http://127.0.0.1:4723/session/2089427a-d4cc-4354-8215-1c7125110b81/execute/sync'
21:56:00.420 [Forwarding executeScript on session 2089427a-d4cc-4354-8215-1c7125110b81 to remote] DEBUG org.asynchttpclient.netty.request.NettyRequestSender -- Using open Channel [id: 0xd850032e, L:/127.0.0.1:49363 - R:/127.0.0.1:4723] for POST '/session/2089427a-d4cc-4354-8215-1c7125110b81/execute/sync'
21:56:00.453 [AsyncHttpClient-1-2] DEBUG org.asynchttpclient.netty.handler.HttpHandler -- 

Request DefaultHttpRequest(decodeResult: success, version: HTTP/1.1)
POST /session/2089427a-d4cc-4354-8215-1c7125110b81/execute/sync HTTP/1.1
User-Agent: appium/8.3.0 (selenium/4.8.3 (java mac))
Content-Length: 344
Content-Type: application/json; charset=utf-8
host: 127.0.0.1:4723
accept: */*

Response DefaultHttpResponse(decodeResult: success, version: HTTP/1.1)
HTTP/1.1 200 OK
X-Powered-By: Express
Vary: X-HTTP-Method-Override
Content-Type: application/json; charset=utf-8
Content-Length: 14
ETag: W/"e-9/1BuKMgFObM1mWJm+YjxtXJnUM"
Date: Sun, 06 Apr 2025 13:56:00 GMT
Connection: keep-alive
Keep-Alive: timeout=600

21:56:00.453 [AsyncHttpClient-1-2] DEBUG org.asynchttpclient.netty.channel.ChannelManager -- Adding key: http://127.0.0.1:4723 for channel [id: 0xd850032e, L:/127.0.0.1:49363 - R:/127.0.0.1:4723]
21:56:00.453 [Forwarding findElement on session 2089427a-d4cc-4354-8215-1c7125110b81 to remote] DEBUG org.asynchttpclient.netty.request.NettyRequestSender -- Using pooled Channel '[id: 0xd850032e, L:/127.0.0.1:49363 - R:/127.0.0.1:4723]' for 'POST' to 'http://127.0.0.1:4723/session/2089427a-d4cc-4354-8215-1c7125110b81/element'
21:56:00.453 [Forwarding findElement on session 2089427a-d4cc-4354-8215-1c7125110b81 to remote] DEBUG org.asynchttpclient.netty.request.NettyRequestSender -- Using open Channel [id: 0xd850032e, L:/127.0.0.1:49363 - R:/127.0.0.1:4723] for POST '/session/2089427a-d4cc-4354-8215-1c7125110b81/element'
21:56:00.472 [AsyncHttpClient-1-2] DEBUG org.asynchttpclient.netty.handler.HttpHandler -- 

Request DefaultHttpRequest(decodeResult: success, version: HTTP/1.1)
POST /session/2089427a-d4cc-4354-8215-1c7125110b81/element HTTP/1.1
User-Agent: appium/8.3.0 (selenium/4.8.3 (java mac))
Content-Length: 65
Content-Type: application/json; charset=utf-8
host: 127.0.0.1:4723
accept: */*

Response DefaultHttpResponse(decodeResult: success, version: HTTP/1.1)
HTTP/1.1 200 OK
X-Powered-By: Express
Vary: X-HTTP-Method-Override
Content-Type: application/json; charset=utf-8
Content-Length: 215
ETag: W/"d7-m+vpNSuKiIKijm1AR0G1CXxNytA"
Date: Sun, 06 Apr 2025 13:56:00 GMT
Connection: keep-alive
Keep-Alive: timeout=600

21:56:00.472 [AsyncHttpClient-1-2] DEBUG org.asynchttpclient.netty.channel.ChannelManager -- Adding key: http://127.0.0.1:4723 for channel [id: 0xd850032e, L:/127.0.0.1:49363 - R:/127.0.0.1:4723]
21:56:00.473 [Forwarding clearElement on session 2089427a-d4cc-4354-8215-1c7125110b81 to remote] DEBUG org.asynchttpclient.netty.request.NettyRequestSender -- Using pooled Channel '[id: 0xd850032e, L:/127.0.0.1:49363 - R:/127.0.0.1:4723]' for 'POST' to 'http://127.0.0.1:4723/session/2089427a-d4cc-4354-8215-1c7125110b81/element/f.4E042DFDA11A37A3872D064BCE888EE9.d.E38B24485C0DDCE9BD342D2F960D0A55.e.383/clear'
21:56:00.473 [Forwarding clearElement on session 2089427a-d4cc-4354-8215-1c7125110b81 to remote] DEBUG org.asynchttpclient.netty.request.NettyRequestSender -- Using open Channel [id: 0xd850032e, L:/127.0.0.1:49363 - R:/127.0.0.1:4723] for POST '/session/2089427a-d4cc-4354-8215-1c7125110b81/element/f.4E042DFDA11A37A3872D064BCE888EE9.d.E38B24485C0DDCE9BD342D2F960D0A55.e.383/clear'
21:56:00.544 [AsyncHttpClient-1-2] DEBUG org.asynchttpclient.netty.handler.HttpHandler -- 

Request DefaultHttpRequest(decodeResult: success, version: HTTP/1.1)
POST /session/2089427a-d4cc-4354-8215-1c7125110b81/element/f.4E042DFDA11A37A3872D064BCE888EE9.d.E38B24485C0DDCE9BD342D2F960D0A55.e.383/clear HTTP/1.1
User-Agent: appium/8.3.0 (selenium/4.8.3 (java mac))
Content-Length: 89
Content-Type: application/json; charset=utf-8
host: 127.0.0.1:4723
accept: */*

Response DefaultHttpResponse(decodeResult: success, version: HTTP/1.1)
HTTP/1.1 200 OK
X-Powered-By: Express
Vary: X-HTTP-Method-Override
Content-Type: application/json; charset=utf-8
Content-Length: 14
ETag: W/"e-9/1BuKMgFObM1mWJm+YjxtXJnUM"
Date: Sun, 06 Apr 2025 13:56:00 GMT
Connection: keep-alive
Keep-Alive: timeout=600

21:56:00.544 [AsyncHttpClient-1-2] DEBUG org.asynchttpclient.netty.channel.ChannelManager -- Adding key: http://127.0.0.1:4723 for channel [id: 0xd850032e, L:/127.0.0.1:49363 - R:/127.0.0.1:4723]
21:56:00.545 [Forwarding sendKeysToElement on session 2089427a-d4cc-4354-8215-1c7125110b81 to remote] DEBUG org.asynchttpclient.netty.request.NettyRequestSender -- Using pooled Channel '[id: 0xd850032e, L:/127.0.0.1:49363 - R:/127.0.0.1:4723]' for 'POST' to 'http://127.0.0.1:4723/session/2089427a-d4cc-4354-8215-1c7125110b81/element/f.4E042DFDA11A37A3872D064BCE888EE9.d.E38B24485C0DDCE9BD342D2F960D0A55.e.383/value'
21:56:00.545 [Forwarding sendKeysToElement on session 2089427a-d4cc-4354-8215-1c7125110b81 to remote] DEBUG org.asynchttpclient.netty.request.NettyRequestSender -- Using open Channel [id: 0xd850032e, L:/127.0.0.1:49363 - R:/127.0.0.1:4723] for POST '/session/2089427a-d4cc-4354-8215-1c7125110b81/element/f.4E042DFDA11A37A3872D064BCE888EE9.d.E38B24485C0DDCE9BD342D2F960D0A55.e.383/value'
21:56:00.696 [AsyncHttpClient-1-2] DEBUG org.asynchttpclient.netty.handler.HttpHandler -- 

Request DefaultHttpRequest(decodeResult: success, version: HTTP/1.1)
POST /session/2089427a-d4cc-4354-8215-1c7125110b81/element/f.4E042DFDA11A37A3872D064BCE888EE9.d.E38B24485C0DDCE9BD342D2F960D0A55.e.383/value HTTP/1.1
User-Agent: appium/8.3.0 (selenium/4.8.3 (java mac))
Content-Length: 130
Content-Type: application/json; charset=utf-8
host: 127.0.0.1:4723
accept: */*

Response DefaultHttpResponse(decodeResult: success, version: HTTP/1.1)
HTTP/1.1 200 OK
X-Powered-By: Express
Vary: X-HTTP-Method-Override
Content-Type: application/json; charset=utf-8
Content-Length: 14
ETag: W/"e-9/1BuKMgFObM1mWJm+YjxtXJnUM"
Date: Sun, 06 Apr 2025 13:56:00 GMT
Connection: keep-alive
Keep-Alive: timeout=600

21:56:00.696 [AsyncHttpClient-1-2] DEBUG org.asynchttpclient.netty.channel.ChannelManager -- Adding key: http://127.0.0.1:4723 for channel [id: 0xd850032e, L:/127.0.0.1:49363 - R:/127.0.0.1:4723]
21:56:00.697 [Forwarding findElement on session 2089427a-d4cc-4354-8215-1c7125110b81 to remote] DEBUG org.asynchttpclient.netty.request.NettyRequestSender -- Using pooled Channel '[id: 0xd850032e, L:/127.0.0.1:49363 - R:/127.0.0.1:4723]' for 'POST' to 'http://127.0.0.1:4723/session/2089427a-d4cc-4354-8215-1c7125110b81/element'
21:56:00.697 [Forwarding findElement on session 2089427a-d4cc-4354-8215-1c7125110b81 to remote] DEBUG org.asynchttpclient.netty.request.NettyRequestSender -- Using open Channel [id: 0xd850032e, L:/127.0.0.1:49363 - R:/127.0.0.1:4723] for POST '/session/2089427a-d4cc-4354-8215-1c7125110b81/element'
21:56:00.745 [AsyncHttpClient-1-2] DEBUG org.asynchttpclient.netty.handler.HttpHandler -- 

Request DefaultHttpRequest(decodeResult: success, version: HTTP/1.1)
POST /session/2089427a-d4cc-4354-8215-1c7125110b81/element HTTP/1.1
User-Agent: appium/8.3.0 (selenium/4.8.3 (java mac))
Content-Length: 71
Content-Type: application/json; charset=utf-8
host: 127.0.0.1:4723
accept: */*

Response DefaultHttpResponse(decodeResult: success, version: HTTP/1.1)
HTTP/1.1 200 OK
X-Powered-By: Express
Vary: X-HTTP-Method-Override
Content-Type: application/json; charset=utf-8
Content-Length: 215
ETag: W/"d7-AHog6+/wCPE/X2g4CY+mEct46bE"
Date: Sun, 06 Apr 2025 13:56:00 GMT
Connection: keep-alive
Keep-Alive: timeout=600

21:56:00.746 [AsyncHttpClient-1-2] DEBUG org.asynchttpclient.netty.channel.ChannelManager -- Adding key: http://127.0.0.1:4723 for channel [id: 0xd850032e, L:/127.0.0.1:49363 - R:/127.0.0.1:4723]
21:56:00.746 [Forwarding isElementDisplayed on session 2089427a-d4cc-4354-8215-1c7125110b81 to remote] DEBUG org.asynchttpclient.netty.request.NettyRequestSender -- Using pooled Channel '[id: 0xd850032e, L:/127.0.0.1:49363 - R:/127.0.0.1:4723]' for 'GET' to 'http://127.0.0.1:4723/session/2089427a-d4cc-4354-8215-1c7125110b81/element/f.4E042DFDA11A37A3872D064BCE888EE9.d.E38B24485C0DDCE9BD342D2F960D0A55.e.470/displayed'
21:56:00.746 [Forwarding isElementDisplayed on session 2089427a-d4cc-4354-8215-1c7125110b81 to remote] DEBUG org.asynchttpclient.netty.request.NettyRequestSender -- Using open Channel [id: 0xd850032e, L:/127.0.0.1:49363 - R:/127.0.0.1:4723] for GET '/session/2089427a-d4cc-4354-8215-1c7125110b81/element/f.4E042DFDA11A37A3872D064BCE888EE9.d.E38B24485C0DDCE9BD342D2F960D0A55.e.470/displayed'
21:56:00.781 [AsyncHttpClient-1-2] DEBUG org.asynchttpclient.netty.handler.HttpHandler -- 

Request DefaultFullHttpRequest(decodeResult: success, version: HTTP/1.1, content: EmptyByteBufBE)
GET /session/2089427a-d4cc-4354-8215-1c7125110b81/element/f.4E042DFDA11A37A3872D064BCE888EE9.d.E38B24485C0DDCE9BD342D2F960D0A55.e.470/displayed HTTP/1.1
Cache-Control: no-cache
User-Agent: appium/8.3.0 (selenium/4.8.3 (java mac))
Content-Type: application/json; charset=utf-8
host: 127.0.0.1:4723
accept: */*

Response DefaultHttpResponse(decodeResult: success, version: HTTP/1.1)
HTTP/1.1 200 OK
X-Powered-By: Express
Content-Type: application/json; charset=utf-8
Content-Length: 14
ETag: W/"e-2ZHvAWebNQpyjGZTg6uyV8/spTo"
Date: Sun, 06 Apr 2025 13:56:00 GMT
Connection: keep-alive
Keep-Alive: timeout=600

21:56:00.781 [AsyncHttpClient-1-2] DEBUG org.asynchttpclient.netty.channel.ChannelManager -- Adding key: http://127.0.0.1:4723 for channel [id: 0xd850032e, L:/127.0.0.1:49363 - R:/127.0.0.1:4723]
21:56:00.782 [Forwarding isElementEnabled on session 2089427a-d4cc-4354-8215-1c7125110b81 to remote] DEBUG org.asynchttpclient.netty.request.NettyRequestSender -- Using pooled Channel '[id: 0xd850032e, L:/127.0.0.1:49363 - R:/127.0.0.1:4723]' for 'GET' to 'http://127.0.0.1:4723/session/2089427a-d4cc-4354-8215-1c7125110b81/element/f.4E042DFDA11A37A3872D064BCE888EE9.d.E38B24485C0DDCE9BD342D2F960D0A55.e.470/enabled'
21:56:00.782 [Forwarding isElementEnabled on session 2089427a-d4cc-4354-8215-1c7125110b81 to remote] DEBUG org.asynchttpclient.netty.request.NettyRequestSender -- Using open Channel [id: 0xd850032e, L:/127.0.0.1:49363 - R:/127.0.0.1:4723] for GET '/session/2089427a-d4cc-4354-8215-1c7125110b81/element/f.4E042DFDA11A37A3872D064BCE888EE9.d.E38B24485C0DDCE9BD342D2F960D0A55.e.470/enabled'
21:56:00.816 [AsyncHttpClient-1-2] DEBUG org.asynchttpclient.netty.handler.HttpHandler -- 

Request DefaultFullHttpRequest(decodeResult: success, version: HTTP/1.1, content: EmptyByteBufBE)
GET /session/2089427a-d4cc-4354-8215-1c7125110b81/element/f.4E042DFDA11A37A3872D064BCE888EE9.d.E38B24485C0DDCE9BD342D2F960D0A55.e.470/enabled HTTP/1.1
Cache-Control: no-cache
User-Agent: appium/8.3.0 (selenium/4.8.3 (java mac))
Content-Type: application/json; charset=utf-8
host: 127.0.0.1:4723
accept: */*

Response DefaultHttpResponse(decodeResult: success, version: HTTP/1.1)
HTTP/1.1 200 OK
X-Powered-By: Express
Content-Type: application/json; charset=utf-8
Content-Length: 14
ETag: W/"e-2ZHvAWebNQpyjGZTg6uyV8/spTo"
Date: Sun, 06 Apr 2025 13:56:00 GMT
Connection: keep-alive
Keep-Alive: timeout=600

21:56:00.816 [AsyncHttpClient-1-2] DEBUG org.asynchttpclient.netty.channel.ChannelManager -- Adding key: http://127.0.0.1:4723 for channel [id: 0xd850032e, L:/127.0.0.1:49363 - R:/127.0.0.1:4723]
21:56:00.816 [Forwarding isElementDisplayed on session 2089427a-d4cc-4354-8215-1c7125110b81 to remote] DEBUG org.asynchttpclient.netty.request.NettyRequestSender -- Using pooled Channel '[id: 0xd850032e, L:/127.0.0.1:49363 - R:/127.0.0.1:4723]' for 'GET' to 'http://127.0.0.1:4723/session/2089427a-d4cc-4354-8215-1c7125110b81/element/f.4E042DFDA11A37A3872D064BCE888EE9.d.E38B24485C0DDCE9BD342D2F960D0A55.e.470/displayed'
21:56:00.816 [Forwarding isElementDisplayed on session 2089427a-d4cc-4354-8215-1c7125110b81 to remote] DEBUG org.asynchttpclient.netty.request.NettyRequestSender -- Using open Channel [id: 0xd850032e, L:/127.0.0.1:49363 - R:/127.0.0.1:4723] for GET '/session/2089427a-d4cc-4354-8215-1c7125110b81/element/f.4E042DFDA11A37A3872D064BCE888EE9.d.E38B24485C0DDCE9BD342D2F960D0A55.e.470/displayed'
21:56:00.848 [AsyncHttpClient-1-2] DEBUG org.asynchttpclient.netty.handler.HttpHandler -- 

Request DefaultFullHttpRequest(decodeResult: success, version: HTTP/1.1, content: EmptyByteBufBE)
GET /session/2089427a-d4cc-4354-8215-1c7125110b81/element/f.4E042DFDA11A37A3872D064BCE888EE9.d.E38B24485C0DDCE9BD342D2F960D0A55.e.470/displayed HTTP/1.1
Cache-Control: no-cache
User-Agent: appium/8.3.0 (selenium/4.8.3 (java mac))
Content-Type: application/json; charset=utf-8
host: 127.0.0.1:4723
accept: */*

Response DefaultHttpResponse(decodeResult: success, version: HTTP/1.1)
HTTP/1.1 200 OK
X-Powered-By: Express
Content-Type: application/json; charset=utf-8
Content-Length: 14
ETag: W/"e-2ZHvAWebNQpyjGZTg6uyV8/spTo"
Date: Sun, 06 Apr 2025 13:56:00 GMT
Connection: keep-alive
Keep-Alive: timeout=600

21:56:00.848 [AsyncHttpClient-1-2] DEBUG org.asynchttpclient.netty.channel.ChannelManager -- Adding key: http://127.0.0.1:4723 for channel [id: 0xd850032e, L:/127.0.0.1:49363 - R:/127.0.0.1:4723]
貸款年限「label[for='rdoLoanTerm30y']」選項有出現！
21:56:00.849 [Forwarding executeScript on session 2089427a-d4cc-4354-8215-1c7125110b81 to remote] DEBUG org.asynchttpclient.netty.request.NettyRequestSender -- Using pooled Channel '[id: 0xd850032e, L:/127.0.0.1:49363 - R:/127.0.0.1:4723]' for 'POST' to 'http://127.0.0.1:4723/session/2089427a-d4cc-4354-8215-1c7125110b81/execute/sync'
21:56:00.849 [Forwarding executeScript on session 2089427a-d4cc-4354-8215-1c7125110b81 to remote] DEBUG org.asynchttpclient.netty.request.NettyRequestSender -- Using open Channel [id: 0xd850032e, L:/127.0.0.1:49363 - R:/127.0.0.1:4723] for POST '/session/2089427a-d4cc-4354-8215-1c7125110b81/execute/sync'
21:56:00.886 [AsyncHttpClient-1-2] DEBUG org.asynchttpclient.netty.handler.HttpHandler -- 

Request DefaultHttpRequest(decodeResult: success, version: HTTP/1.1)
POST /session/2089427a-d4cc-4354-8215-1c7125110b81/execute/sync HTTP/1.1
User-Agent: appium/8.3.0 (selenium/4.8.3 (java mac))
Content-Length: 300
Content-Type: application/json; charset=utf-8
host: 127.0.0.1:4723
accept: */*

Response DefaultHttpResponse(decodeResult: success, version: HTTP/1.1)
HTTP/1.1 200 OK
X-Powered-By: Express
Vary: X-HTTP-Method-Override
Content-Type: application/json; charset=utf-8
Content-Length: 14
ETag: W/"e-9/1BuKMgFObM1mWJm+YjxtXJnUM"
Date: Sun, 06 Apr 2025 13:56:00 GMT
Connection: keep-alive
Keep-Alive: timeout=600

21:56:00.886 [AsyncHttpClient-1-2] DEBUG org.asynchttpclient.netty.channel.ChannelManager -- Adding key: http://127.0.0.1:4723 for channel [id: 0xd850032e, L:/127.0.0.1:49363 - R:/127.0.0.1:4723]
21:56:00.887 [Forwarding executeScript on session 2089427a-d4cc-4354-8215-1c7125110b81 to remote] DEBUG org.asynchttpclient.netty.request.NettyRequestSender -- Using pooled Channel '[id: 0xd850032e, L:/127.0.0.1:49363 - R:/127.0.0.1:4723]' for 'POST' to 'http://127.0.0.1:4723/session/2089427a-d4cc-4354-8215-1c7125110b81/execute/sync'
21:56:00.887 [Forwarding executeScript on session 2089427a-d4cc-4354-8215-1c7125110b81 to remote] DEBUG org.asynchttpclient.netty.request.NettyRequestSender -- Using open Channel [id: 0xd850032e, L:/127.0.0.1:49363 - R:/127.0.0.1:4723] for POST '/session/2089427a-d4cc-4354-8215-1c7125110b81/execute/sync'
21:56:01.014 [AsyncHttpClient-1-2] DEBUG org.asynchttpclient.netty.handler.HttpHandler -- 

Request DefaultHttpRequest(decodeResult: success, version: HTTP/1.1)
POST /session/2089427a-d4cc-4354-8215-1c7125110b81/execute/sync HTTP/1.1
User-Agent: appium/8.3.0 (selenium/4.8.3 (java mac))
Content-Length: 287
Content-Type: application/json; charset=utf-8
host: 127.0.0.1:4723
accept: */*

Response DefaultHttpResponse(decodeResult: success, version: HTTP/1.1)
HTTP/1.1 200 OK
X-Powered-By: Express
Vary: X-HTTP-Method-Override
Content-Type: application/json; charset=utf-8
Content-Length: 14
ETag: W/"e-9/1BuKMgFObM1mWJm+YjxtXJnUM"
Date: Sun, 06 Apr 2025 13:56:01 GMT
Connection: keep-alive
Keep-Alive: timeout=600

21:56:01.014 [AsyncHttpClient-1-2] DEBUG org.asynchttpclient.netty.channel.ChannelManager -- Adding key: http://127.0.0.1:4723 for channel [id: 0xd850032e, L:/127.0.0.1:49363 - R:/127.0.0.1:4723]
21:56:01.015 [Forwarding findElement on session 2089427a-d4cc-4354-8215-1c7125110b81 to remote] DEBUG org.asynchttpclient.netty.request.NettyRequestSender -- Using pooled Channel '[id: 0xd850032e, L:/127.0.0.1:49363 - R:/127.0.0.1:4723]' for 'POST' to 'http://127.0.0.1:4723/session/2089427a-d4cc-4354-8215-1c7125110b81/element'
21:56:01.015 [Forwarding findElement on session 2089427a-d4cc-4354-8215-1c7125110b81 to remote] DEBUG org.asynchttpclient.netty.request.NettyRequestSender -- Using open Channel [id: 0xd850032e, L:/127.0.0.1:49363 - R:/127.0.0.1:4723] for POST '/session/2089427a-d4cc-4354-8215-1c7125110b81/element'
21:56:01.080 [AsyncHttpClient-1-2] DEBUG org.asynchttpclient.netty.handler.HttpHandler -- 

Request DefaultHttpRequest(decodeResult: success, version: HTTP/1.1)
POST /session/2089427a-d4cc-4354-8215-1c7125110b81/element HTTP/1.1
User-Agent: appium/8.3.0 (selenium/4.8.3 (java mac))
Content-Length: 60
Content-Type: application/json; charset=utf-8
host: 127.0.0.1:4723
accept: */*

Response DefaultHttpResponse(decodeResult: success, version: HTTP/1.1)
HTTP/1.1 200 OK
X-Powered-By: Express
Vary: X-HTTP-Method-Override
Content-Type: application/json; charset=utf-8
Content-Length: 215
ETag: W/"d7-2RvZYqUUPp7WxvWlPVLuncuggLs"
Date: Sun, 06 Apr 2025 13:56:01 GMT
Connection: keep-alive
Keep-Alive: timeout=600

21:56:01.080 [AsyncHttpClient-1-2] DEBUG org.asynchttpclient.netty.channel.ChannelManager -- Adding key: http://127.0.0.1:4723 for channel [id: 0xd850032e, L:/127.0.0.1:49363 - R:/127.0.0.1:4723]
21:56:01.081 [Forwarding isElementDisplayed on session 2089427a-d4cc-4354-8215-1c7125110b81 to remote] DEBUG org.asynchttpclient.netty.request.NettyRequestSender -- Using pooled Channel '[id: 0xd850032e, L:/127.0.0.1:49363 - R:/127.0.0.1:4723]' for 'GET' to 'http://127.0.0.1:4723/session/2089427a-d4cc-4354-8215-1c7125110b81/element/f.4E042DFDA11A37A3872D064BCE888EE9.d.E38B24485C0DDCE9BD342D2F960D0A55.e.388/displayed'
21:56:01.081 [Forwarding isElementDisplayed on session 2089427a-d4cc-4354-8215-1c7125110b81 to remote] DEBUG org.asynchttpclient.netty.request.NettyRequestSender -- Using open Channel [id: 0xd850032e, L:/127.0.0.1:49363 - R:/127.0.0.1:4723] for GET '/session/2089427a-d4cc-4354-8215-1c7125110b81/element/f.4E042DFDA11A37A3872D064BCE888EE9.d.E38B24485C0DDCE9BD342D2F960D0A55.e.388/displayed'
21:56:01.118 [AsyncHttpClient-1-2] DEBUG org.asynchttpclient.netty.handler.HttpHandler -- 

Request DefaultFullHttpRequest(decodeResult: success, version: HTTP/1.1, content: EmptyByteBufBE)
GET /session/2089427a-d4cc-4354-8215-1c7125110b81/element/f.4E042DFDA11A37A3872D064BCE888EE9.d.E38B24485C0DDCE9BD342D2F960D0A55.e.388/displayed HTTP/1.1
Cache-Control: no-cache
User-Agent: appium/8.3.0 (selenium/4.8.3 (java mac))
Content-Type: application/json; charset=utf-8
host: 127.0.0.1:4723
accept: */*

Response DefaultHttpResponse(decodeResult: success, version: HTTP/1.1)
HTTP/1.1 200 OK
X-Powered-By: Express
Content-Type: application/json; charset=utf-8
Content-Length: 14
ETag: W/"e-2ZHvAWebNQpyjGZTg6uyV8/spTo"
Date: Sun, 06 Apr 2025 13:56:01 GMT
Connection: keep-alive
Keep-Alive: timeout=600

21:56:01.118 [AsyncHttpClient-1-2] DEBUG org.asynchttpclient.netty.channel.ChannelManager -- Adding key: http://127.0.0.1:4723 for channel [id: 0xd850032e, L:/127.0.0.1:49363 - R:/127.0.0.1:4723]
21:56:01.122 [Forwarding isElementEnabled on session 2089427a-d4cc-4354-8215-1c7125110b81 to remote] DEBUG org.asynchttpclient.netty.request.NettyRequestSender -- Using pooled Channel '[id: 0xd850032e, L:/127.0.0.1:49363 - R:/127.0.0.1:4723]' for 'GET' to 'http://127.0.0.1:4723/session/2089427a-d4cc-4354-8215-1c7125110b81/element/f.4E042DFDA11A37A3872D064BCE888EE9.d.E38B24485C0DDCE9BD342D2F960D0A55.e.388/enabled'
21:56:01.123 [Forwarding isElementEnabled on session 2089427a-d4cc-4354-8215-1c7125110b81 to remote] DEBUG org.asynchttpclient.netty.request.NettyRequestSender -- Using open Channel [id: 0xd850032e, L:/127.0.0.1:49363 - R:/127.0.0.1:4723] for GET '/session/2089427a-d4cc-4354-8215-1c7125110b81/element/f.4E042DFDA11A37A3872D064BCE888EE9.d.E38B24485C0DDCE9BD342D2F960D0A55.e.388/enabled'
21:56:01.162 [AsyncHttpClient-1-2] DEBUG org.asynchttpclient.netty.handler.HttpHandler -- 

Request DefaultFullHttpRequest(decodeResult: success, version: HTTP/1.1, content: EmptyByteBufBE)
GET /session/2089427a-d4cc-4354-8215-1c7125110b81/element/f.4E042DFDA11A37A3872D064BCE888EE9.d.E38B24485C0DDCE9BD342D2F960D0A55.e.388/enabled HTTP/1.1
Cache-Control: no-cache
User-Agent: appium/8.3.0 (selenium/4.8.3 (java mac))
Content-Type: application/json; charset=utf-8
host: 127.0.0.1:4723
accept: */*

Response DefaultHttpResponse(decodeResult: success, version: HTTP/1.1)
HTTP/1.1 200 OK
X-Powered-By: Express
Content-Type: application/json; charset=utf-8
Content-Length: 14
ETag: W/"e-2ZHvAWebNQpyjGZTg6uyV8/spTo"
Date: Sun, 06 Apr 2025 13:56:01 GMT
Connection: keep-alive
Keep-Alive: timeout=600

21:56:01.162 [AsyncHttpClient-1-2] DEBUG org.asynchttpclient.netty.channel.ChannelManager -- Adding key: http://127.0.0.1:4723 for channel [id: 0xd850032e, L:/127.0.0.1:49363 - R:/127.0.0.1:4723]
21:56:01.163 [Forwarding clearElement on session 2089427a-d4cc-4354-8215-1c7125110b81 to remote] DEBUG org.asynchttpclient.netty.request.NettyRequestSender -- Using pooled Channel '[id: 0xd850032e, L:/127.0.0.1:49363 - R:/127.0.0.1:4723]' for 'POST' to 'http://127.0.0.1:4723/session/2089427a-d4cc-4354-8215-1c7125110b81/element/f.4E042DFDA11A37A3872D064BCE888EE9.d.E38B24485C0DDCE9BD342D2F960D0A55.e.388/clear'
21:56:01.163 [Forwarding clearElement on session 2089427a-d4cc-4354-8215-1c7125110b81 to remote] DEBUG org.asynchttpclient.netty.request.NettyRequestSender -- Using open Channel [id: 0xd850032e, L:/127.0.0.1:49363 - R:/127.0.0.1:4723] for POST '/session/2089427a-d4cc-4354-8215-1c7125110b81/element/f.4E042DFDA11A37A3872D064BCE888EE9.d.E38B24485C0DDCE9BD342D2F960D0A55.e.388/clear'
21:56:01.259 [AsyncHttpClient-1-2] DEBUG org.asynchttpclient.netty.handler.HttpHandler -- 

Request DefaultHttpRequest(decodeResult: success, version: HTTP/1.1)
POST /session/2089427a-d4cc-4354-8215-1c7125110b81/element/f.4E042DFDA11A37A3872D064BCE888EE9.d.E38B24485C0DDCE9BD342D2F960D0A55.e.388/clear HTTP/1.1
User-Agent: appium/8.3.0 (selenium/4.8.3 (java mac))
Content-Length: 89
Content-Type: application/json; charset=utf-8
host: 127.0.0.1:4723
accept: */*

Response DefaultHttpResponse(decodeResult: success, version: HTTP/1.1)
HTTP/1.1 200 OK
X-Powered-By: Express
Vary: X-HTTP-Method-Override
Content-Type: application/json; charset=utf-8
Content-Length: 14
ETag: W/"e-9/1BuKMgFObM1mWJm+YjxtXJnUM"
Date: Sun, 06 Apr 2025 13:56:01 GMT
Connection: keep-alive
Keep-Alive: timeout=600

21:56:01.259 [AsyncHttpClient-1-2] DEBUG org.asynchttpclient.netty.channel.ChannelManager -- Adding key: http://127.0.0.1:4723 for channel [id: 0xd850032e, L:/127.0.0.1:49363 - R:/127.0.0.1:4723]
21:56:01.260 [Forwarding sendKeysToElement on session 2089427a-d4cc-4354-8215-1c7125110b81 to remote] DEBUG org.asynchttpclient.netty.request.NettyRequestSender -- Using pooled Channel '[id: 0xd850032e, L:/127.0.0.1:49363 - R:/127.0.0.1:4723]' for 'POST' to 'http://127.0.0.1:4723/session/2089427a-d4cc-4354-8215-1c7125110b81/element/f.4E042DFDA11A37A3872D064BCE888EE9.d.E38B24485C0DDCE9BD342D2F960D0A55.e.388/value'
21:56:01.260 [Forwarding sendKeysToElement on session 2089427a-d4cc-4354-8215-1c7125110b81 to remote] DEBUG org.asynchttpclient.netty.request.NettyRequestSender -- Using open Channel [id: 0xd850032e, L:/127.0.0.1:49363 - R:/127.0.0.1:4723] for POST '/session/2089427a-d4cc-4354-8215-1c7125110b81/element/f.4E042DFDA11A37A3872D064BCE888EE9.d.E38B24485C0DDCE9BD342D2F960D0A55.e.388/value'
21:56:01.407 [AsyncHttpClient-1-2] DEBUG org.asynchttpclient.netty.handler.HttpHandler -- 

Request DefaultHttpRequest(decodeResult: success, version: HTTP/1.1)
POST /session/2089427a-d4cc-4354-8215-1c7125110b81/element/f.4E042DFDA11A37A3872D064BCE888EE9.d.E38B24485C0DDCE9BD342D2F960D0A55.e.388/value HTTP/1.1
User-Agent: appium/8.3.0 (selenium/4.8.3 (java mac))
Content-Length: 150
Content-Type: application/json; charset=utf-8
host: 127.0.0.1:4723
accept: */*

Response DefaultHttpResponse(decodeResult: success, version: HTTP/1.1)
HTTP/1.1 200 OK
X-Powered-By: Express
Vary: X-HTTP-Method-Override
Content-Type: application/json; charset=utf-8
Content-Length: 14
ETag: W/"e-9/1BuKMgFObM1mWJm+YjxtXJnUM"
Date: Sun, 06 Apr 2025 13:56:01 GMT
Connection: keep-alive
Keep-Alive: timeout=600

21:56:01.407 [AsyncHttpClient-1-2] DEBUG org.asynchttpclient.netty.channel.ChannelManager -- Adding key: http://127.0.0.1:4723 for channel [id: 0xd850032e, L:/127.0.0.1:49363 - R:/127.0.0.1:4723]
21:56:01.408 [Forwarding clickElement on session 2089427a-d4cc-4354-8215-1c7125110b81 to remote] DEBUG org.asynchttpclient.netty.request.NettyRequestSender -- Using pooled Channel '[id: 0xd850032e, L:/127.0.0.1:49363 - R:/127.0.0.1:4723]' for 'POST' to 'http://127.0.0.1:4723/session/2089427a-d4cc-4354-8215-1c7125110b81/element/f.4E042DFDA11A37A3872D064BCE888EE9.d.E38B24485C0DDCE9BD342D2F960D0A55.e.390/click'
21:56:01.408 [Forwarding clickElement on session 2089427a-d4cc-4354-8215-1c7125110b81 to remote] DEBUG org.asynchttpclient.netty.request.NettyRequestSender -- Using open Channel [id: 0xd850032e, L:/127.0.0.1:49363 - R:/127.0.0.1:4723] for POST '/session/2089427a-d4cc-4354-8215-1c7125110b81/element/f.4E042DFDA11A37A3872D064BCE888EE9.d.E38B24485C0DDCE9BD342D2F960D0A55.e.390/click'
21:56:01.624 [AsyncHttpClient-1-2] DEBUG org.asynchttpclient.netty.handler.HttpHandler -- 

Request DefaultHttpRequest(decodeResult: success, version: HTTP/1.1)
POST /session/2089427a-d4cc-4354-8215-1c7125110b81/element/f.4E042DFDA11A37A3872D064BCE888EE9.d.E38B24485C0DDCE9BD342D2F960D0A55.e.390/click HTTP/1.1
User-Agent: appium/8.3.0 (selenium/4.8.3 (java mac))
Content-Length: 89
Content-Type: application/json; charset=utf-8
host: 127.0.0.1:4723
accept: */*

Response DefaultHttpResponse(decodeResult: success, version: HTTP/1.1)
HTTP/1.1 200 OK
X-Powered-By: Express
Vary: X-HTTP-Method-Override
Content-Type: application/json; charset=utf-8
Content-Length: 14
ETag: W/"e-9/1BuKMgFObM1mWJm+YjxtXJnUM"
Date: Sun, 06 Apr 2025 13:56:01 GMT
Connection: keep-alive
Keep-Alive: timeout=600

21:56:01.624 [AsyncHttpClient-1-2] DEBUG org.asynchttpclient.netty.channel.ChannelManager -- Adding key: http://127.0.0.1:4723 for channel [id: 0xd850032e, L:/127.0.0.1:49363 - R:/127.0.0.1:4723]
21:56:01.625 [Forwarding getElementText on session 2089427a-d4cc-4354-8215-1c7125110b81 to remote] DEBUG org.asynchttpclient.netty.request.NettyRequestSender -- Using pooled Channel '[id: 0xd850032e, L:/127.0.0.1:49363 - R:/127.0.0.1:4723]' for 'GET' to 'http://127.0.0.1:4723/session/2089427a-d4cc-4354-8215-1c7125110b81/element/f.4E042DFDA11A37A3872D064BCE888EE9.d.E38B24485C0DDCE9BD342D2F960D0A55.e.437/text'
21:56:01.625 [Forwarding getElementText on session 2089427a-d4cc-4354-8215-1c7125110b81 to remote] DEBUG org.asynchttpclient.netty.request.NettyRequestSender -- Using open Channel [id: 0xd850032e, L:/127.0.0.1:49363 - R:/127.0.0.1:4723] for GET '/session/2089427a-d4cc-4354-8215-1c7125110b81/element/f.4E042DFDA11A37A3872D064BCE888EE9.d.E38B24485C0DDCE9BD342D2F960D0A55.e.437/text'
21:56:01.666 [AsyncHttpClient-1-2] DEBUG org.asynchttpclient.netty.handler.HttpHandler -- 

Request DefaultFullHttpRequest(decodeResult: success, version: HTTP/1.1, content: EmptyByteBufBE)
GET /session/2089427a-d4cc-4354-8215-1c7125110b81/element/f.4E042DFDA11A37A3872D064BCE888EE9.d.E38B24485C0DDCE9BD342D2F960D0A55.e.437/text HTTP/1.1
Cache-Control: no-cache
User-Agent: appium/8.3.0 (selenium/4.8.3 (java mac))
Content-Type: application/json; charset=utf-8
host: 127.0.0.1:4723
accept: */*

Response DefaultHttpResponse(decodeResult: success, version: HTTP/1.1)
HTTP/1.1 200 OK
X-Powered-By: Express
Content-Type: application/json; charset=utf-8
Content-Length: 16
ETag: W/"10-eXqZYEJa/G6Er4Qqqxx+dYUFR30"
Date: Sun, 06 Apr 2025 13:56:01 GMT
Connection: keep-alive
Keep-Alive: timeout=600

21:56:01.666 [AsyncHttpClient-1-2] DEBUG org.asynchttpclient.netty.channel.ChannelManager -- Adding key: http://127.0.0.1:4723 for channel [id: 0xd850032e, L:/127.0.0.1:49363 - R:/127.0.0.1:4723]
21:56:01.667 [Forwarding getElementText on session 2089427a-d4cc-4354-8215-1c7125110b81 to remote] DEBUG org.asynchttpclient.netty.request.NettyRequestSender -- Using pooled Channel '[id: 0xd850032e, L:/127.0.0.1:49363 - R:/127.0.0.1:4723]' for 'GET' to 'http://127.0.0.1:4723/session/2089427a-d4cc-4354-8215-1c7125110b81/element/f.4E042DFDA11A37A3872D064BCE888EE9.d.E38B24485C0DDCE9BD342D2F960D0A55.e.438/text'
21:56:01.667 [Forwarding getElementText on session 2089427a-d4cc-4354-8215-1c7125110b81 to remote] DEBUG org.asynchttpclient.netty.request.NettyRequestSender -- Using open Channel [id: 0xd850032e, L:/127.0.0.1:49363 - R:/127.0.0.1:4723] for GET '/session/2089427a-d4cc-4354-8215-1c7125110b81/element/f.4E042DFDA11A37A3872D064BCE888EE9.d.E38B24485C0DDCE9BD342D2F960D0A55.e.438/text'
21:56:01.699 [AsyncHttpClient-1-2] DEBUG org.asynchttpclient.netty.handler.HttpHandler -- 

Request DefaultFullHttpRequest(decodeResult: success, version: HTTP/1.1, content: EmptyByteBufBE)
GET /session/2089427a-d4cc-4354-8215-1c7125110b81/element/f.4E042DFDA11A37A3872D064BCE888EE9.d.E38B24485C0DDCE9BD342D2F960D0A55.e.438/text HTTP/1.1
Cache-Control: no-cache
User-Agent: appium/8.3.0 (selenium/4.8.3 (java mac))
Content-Type: application/json; charset=utf-8
host: 127.0.0.1:4723
accept: */*

Response DefaultHttpResponse(decodeResult: success, version: HTTP/1.1)
HTTP/1.1 200 OK
X-Powered-By: Express
Content-Type: application/json; charset=utf-8
Content-Length: 20
ETag: W/"14-SqE0ddW3Z2QA+ZukGiQqquMuGX4"
Date: Sun, 06 Apr 2025 13:56:01 GMT
Connection: keep-alive
Keep-Alive: timeout=600

21:56:01.699 [AsyncHttpClient-1-2] DEBUG org.asynchttpclient.netty.channel.ChannelManager -- Adding key: http://127.0.0.1:4723 for channel [id: 0xd850032e, L:/127.0.0.1:49363 - R:/127.0.0.1:4723]
21:56:01.700 [main] INFO com.cathay.test.tests.MortgageCalculatorTest -- 顯示貸款總額與購屋總價成功
21:56:01.700 [Forwarding getElementTagName on session 2089427a-d4cc-4354-8215-1c7125110b81 to remote] DEBUG org.asynchttpclient.netty.request.NettyRequestSender -- Using pooled Channel '[id: 0xd850032e, L:/127.0.0.1:49363 - R:/127.0.0.1:4723]' for 'GET' to 'http://127.0.0.1:4723/session/2089427a-d4cc-4354-8215-1c7125110b81/element/f.4E042DFDA11A37A3872D064BCE888EE9.d.E38B24485C0DDCE9BD342D2F960D0A55.e.381/name'
21:56:01.700 [Forwarding getElementTagName on session 2089427a-d4cc-4354-8215-1c7125110b81 to remote] DEBUG org.asynchttpclient.netty.request.NettyRequestSender -- Using open Channel [id: 0xd850032e, L:/127.0.0.1:49363 - R:/127.0.0.1:4723] for GET '/session/2089427a-d4cc-4354-8215-1c7125110b81/element/f.4E042DFDA11A37A3872D064BCE888EE9.d.E38B24485C0DDCE9BD342D2F960D0A55.e.381/name'
21:56:01.731 [AsyncHttpClient-1-2] DEBUG org.asynchttpclient.netty.handler.HttpHandler -- 

Request DefaultFullHttpRequest(decodeResult: success, version: HTTP/1.1, content: EmptyByteBufBE)
GET /session/2089427a-d4cc-4354-8215-1c7125110b81/element/f.4E042DFDA11A37A3872D064BCE888EE9.d.E38B24485C0DDCE9BD342D2F960D0A55.e.381/name HTTP/1.1
Cache-Control: no-cache
User-Agent: appium/8.3.0 (selenium/4.8.3 (java mac))
Content-Type: application/json; charset=utf-8
host: 127.0.0.1:4723
accept: */*

Response DefaultHttpResponse(decodeResult: success, version: HTTP/1.1)
HTTP/1.1 200 OK
X-Powered-By: Express
Content-Type: application/json; charset=utf-8
Content-Length: 18
ETag: W/"12-ceOgoOCjDdl6f9shBpqJtH3AU6Q"
Date: Sun, 06 Apr 2025 13:56:01 GMT
Connection: keep-alive
Keep-Alive: timeout=600

21:56:01.731 [AsyncHttpClient-1-2] DEBUG org.asynchttpclient.netty.channel.ChannelManager -- Adding key: http://127.0.0.1:4723 for channel [id: 0xd850032e, L:/127.0.0.1:49363 - R:/127.0.0.1:4723]
21:56:01.731 [Forwarding getElementDomAttribute on session 2089427a-d4cc-4354-8215-1c7125110b81 to remote] DEBUG org.asynchttpclient.netty.request.NettyRequestSender -- Using pooled Channel '[id: 0xd850032e, L:/127.0.0.1:49363 - R:/127.0.0.1:4723]' for 'GET' to 'http://127.0.0.1:4723/session/2089427a-d4cc-4354-8215-1c7125110b81/element/f.4E042DFDA11A37A3872D064BCE888EE9.d.E38B24485C0DDCE9BD342D2F960D0A55.e.381/attribute/multiple'
21:56:01.731 [Forwarding getElementDomAttribute on session 2089427a-d4cc-4354-8215-1c7125110b81 to remote] DEBUG org.asynchttpclient.netty.request.NettyRequestSender -- Using open Channel [id: 0xd850032e, L:/127.0.0.1:49363 - R:/127.0.0.1:4723] for GET '/session/2089427a-d4cc-4354-8215-1c7125110b81/element/f.4E042DFDA11A37A3872D064BCE888EE9.d.E38B24485C0DDCE9BD342D2F960D0A55.e.381/attribute/multiple'
21:56:01.764 [AsyncHttpClient-1-2] DEBUG org.asynchttpclient.netty.handler.HttpHandler -- 

Request DefaultFullHttpRequest(decodeResult: success, version: HTTP/1.1, content: EmptyByteBufBE)
GET /session/2089427a-d4cc-4354-8215-1c7125110b81/element/f.4E042DFDA11A37A3872D064BCE888EE9.d.E38B24485C0DDCE9BD342D2F960D0A55.e.381/attribute/multiple HTTP/1.1
Cache-Control: no-cache
User-Agent: appium/8.3.0 (selenium/4.8.3 (java mac))
Content-Type: application/json; charset=utf-8
host: 127.0.0.1:4723
accept: */*

Response DefaultHttpResponse(decodeResult: success, version: HTTP/1.1)
HTTP/1.1 200 OK
X-Powered-By: Express
Content-Type: application/json; charset=utf-8
Content-Length: 14
ETag: W/"e-9/1BuKMgFObM1mWJm+YjxtXJnUM"
Date: Sun, 06 Apr 2025 13:56:01 GMT
Connection: keep-alive
Keep-Alive: timeout=600

21:56:01.764 [AsyncHttpClient-1-2] DEBUG org.asynchttpclient.netty.channel.ChannelManager -- Adding key: http://127.0.0.1:4723 for channel [id: 0xd850032e, L:/127.0.0.1:49363 - R:/127.0.0.1:4723]
21:56:01.764 [Forwarding getElementTagName on session 2089427a-d4cc-4354-8215-1c7125110b81 to remote] DEBUG org.asynchttpclient.netty.request.NettyRequestSender -- Using pooled Channel '[id: 0xd850032e, L:/127.0.0.1:49363 - R:/127.0.0.1:4723]' for 'GET' to 'http://127.0.0.1:4723/session/2089427a-d4cc-4354-8215-1c7125110b81/element/f.4E042DFDA11A37A3872D064BCE888EE9.d.E38B24485C0DDCE9BD342D2F960D0A55.e.382/name'
21:56:01.764 [Forwarding getElementTagName on session 2089427a-d4cc-4354-8215-1c7125110b81 to remote] DEBUG org.asynchttpclient.netty.request.NettyRequestSender -- Using open Channel [id: 0xd850032e, L:/127.0.0.1:49363 - R:/127.0.0.1:4723] for GET '/session/2089427a-d4cc-4354-8215-1c7125110b81/element/f.4E042DFDA11A37A3872D064BCE888EE9.d.E38B24485C0DDCE9BD342D2F960D0A55.e.382/name'
21:56:01.794 [AsyncHttpClient-1-2] DEBUG org.asynchttpclient.netty.handler.HttpHandler -- 

Request DefaultFullHttpRequest(decodeResult: success, version: HTTP/1.1, content: EmptyByteBufBE)
GET /session/2089427a-d4cc-4354-8215-1c7125110b81/element/f.4E042DFDA11A37A3872D064BCE888EE9.d.E38B24485C0DDCE9BD342D2F960D0A55.e.382/name HTTP/1.1
Cache-Control: no-cache
User-Agent: appium/8.3.0 (selenium/4.8.3 (java mac))
Content-Type: application/json; charset=utf-8
host: 127.0.0.1:4723
accept: */*

Response DefaultHttpResponse(decodeResult: success, version: HTTP/1.1)
HTTP/1.1 200 OK
X-Powered-By: Express
Content-Type: application/json; charset=utf-8
Content-Length: 18
ETag: W/"12-ceOgoOCjDdl6f9shBpqJtH3AU6Q"
Date: Sun, 06 Apr 2025 13:56:01 GMT
Connection: keep-alive
Keep-Alive: timeout=600

21:56:01.794 [AsyncHttpClient-1-2] DEBUG org.asynchttpclient.netty.channel.ChannelManager -- Adding key: http://127.0.0.1:4723 for channel [id: 0xd850032e, L:/127.0.0.1:49363 - R:/127.0.0.1:4723]
21:56:01.795 [Forwarding getElementDomAttribute on session 2089427a-d4cc-4354-8215-1c7125110b81 to remote] DEBUG org.asynchttpclient.netty.request.NettyRequestSender -- Using pooled Channel '[id: 0xd850032e, L:/127.0.0.1:49363 - R:/127.0.0.1:4723]' for 'GET' to 'http://127.0.0.1:4723/session/2089427a-d4cc-4354-8215-1c7125110b81/element/f.4E042DFDA11A37A3872D064BCE888EE9.d.E38B24485C0DDCE9BD342D2F960D0A55.e.382/attribute/multiple'
21:56:01.795 [Forwarding getElementDomAttribute on session 2089427a-d4cc-4354-8215-1c7125110b81 to remote] DEBUG org.asynchttpclient.netty.request.NettyRequestSender -- Using open Channel [id: 0xd850032e, L:/127.0.0.1:49363 - R:/127.0.0.1:4723] for GET '/session/2089427a-d4cc-4354-8215-1c7125110b81/element/f.4E042DFDA11A37A3872D064BCE888EE9.d.E38B24485C0DDCE9BD342D2F960D0A55.e.382/attribute/multiple'
21:56:01.828 [AsyncHttpClient-1-2] DEBUG org.asynchttpclient.netty.handler.HttpHandler -- 

Request DefaultFullHttpRequest(decodeResult: success, version: HTTP/1.1, content: EmptyByteBufBE)
GET /session/2089427a-d4cc-4354-8215-1c7125110b81/element/f.4E042DFDA11A37A3872D064BCE888EE9.d.E38B24485C0DDCE9BD342D2F960D0A55.e.382/attribute/multiple HTTP/1.1
Cache-Control: no-cache
User-Agent: appium/8.3.0 (selenium/4.8.3 (java mac))
Content-Type: application/json; charset=utf-8
host: 127.0.0.1:4723
accept: */*

Response DefaultHttpResponse(decodeResult: success, version: HTTP/1.1)
HTTP/1.1 200 OK
X-Powered-By: Express
Content-Type: application/json; charset=utf-8
Content-Length: 14
ETag: W/"e-9/1BuKMgFObM1mWJm+YjxtXJnUM"
Date: Sun, 06 Apr 2025 13:56:01 GMT
Connection: keep-alive
Keep-Alive: timeout=600

21:56:01.828 [AsyncHttpClient-1-2] DEBUG org.asynchttpclient.netty.channel.ChannelManager -- Adding key: http://127.0.0.1:4723 for channel [id: 0xd850032e, L:/127.0.0.1:49363 - R:/127.0.0.1:4723]
21:56:01.828 [Forwarding findChildElements on session 2089427a-d4cc-4354-8215-1c7125110b81 to remote] DEBUG org.asynchttpclient.netty.request.NettyRequestSender -- Using pooled Channel '[id: 0xd850032e, L:/127.0.0.1:49363 - R:/127.0.0.1:4723]' for 'POST' to 'http://127.0.0.1:4723/session/2089427a-d4cc-4354-8215-1c7125110b81/element/f.4E042DFDA11A37A3872D064BCE888EE9.d.E38B24485C0DDCE9BD342D2F960D0A55.e.381/elements'
21:56:01.828 [Forwarding findChildElements on session 2089427a-d4cc-4354-8215-1c7125110b81 to remote] DEBUG org.asynchttpclient.netty.request.NettyRequestSender -- Using open Channel [id: 0xd850032e, L:/127.0.0.1:49363 - R:/127.0.0.1:4723] for POST '/session/2089427a-d4cc-4354-8215-1c7125110b81/element/f.4E042DFDA11A37A3872D064BCE888EE9.d.E38B24485C0DDCE9BD342D2F960D0A55.e.381/elements'
21:56:01.864 [AsyncHttpClient-1-2] DEBUG org.asynchttpclient.netty.handler.HttpHandler -- 

Request DefaultHttpRequest(decodeResult: success, version: HTTP/1.1)
POST /session/2089427a-d4cc-4354-8215-1c7125110b81/element/f.4E042DFDA11A37A3872D064BCE888EE9.d.E38B24485C0DDCE9BD342D2F960D0A55.e.381/elements HTTP/1.1
User-Agent: appium/8.3.0 (selenium/4.8.3 (java mac))
Content-Length: 133
Content-Type: application/json; charset=utf-8
host: 127.0.0.1:4723
accept: */*

Response DefaultHttpResponse(decodeResult: success, version: HTTP/1.1)
HTTP/1.1 200 OK
X-Powered-By: Express
Vary: X-HTTP-Method-Override
Content-Type: application/json; charset=utf-8
Content-Length: 4543
ETag: W/"11bf-mfGM+R+mMfqlMibHMXT67JYqtVs"
Date: Sun, 06 Apr 2025 13:56:01 GMT
Connection: keep-alive
Keep-Alive: timeout=600

21:56:01.865 [AsyncHttpClient-1-2] DEBUG org.asynchttpclient.netty.channel.ChannelManager -- Adding key: http://127.0.0.1:4723 for channel [id: 0xd850032e, L:/127.0.0.1:49363 - R:/127.0.0.1:4723]
21:56:01.865 [Forwarding isElementSelected on session 2089427a-d4cc-4354-8215-1c7125110b81 to remote] DEBUG org.asynchttpclient.netty.request.NettyRequestSender -- Using pooled Channel '[id: 0xd850032e, L:/127.0.0.1:49363 - R:/127.0.0.1:4723]' for 'GET' to 'http://127.0.0.1:4723/session/2089427a-d4cc-4354-8215-1c7125110b81/element/f.4E042DFDA11A37A3872D064BCE888EE9.d.E38B24485C0DDCE9BD342D2F960D0A55.e.478/selected'
21:56:01.865 [Forwarding isElementSelected on session 2089427a-d4cc-4354-8215-1c7125110b81 to remote] DEBUG org.asynchttpclient.netty.request.NettyRequestSender -- Using open Channel [id: 0xd850032e, L:/127.0.0.1:49363 - R:/127.0.0.1:4723] for GET '/session/2089427a-d4cc-4354-8215-1c7125110b81/element/f.4E042DFDA11A37A3872D064BCE888EE9.d.E38B24485C0DDCE9BD342D2F960D0A55.e.478/selected'
21:56:01.899 [AsyncHttpClient-1-2] DEBUG org.asynchttpclient.netty.handler.HttpHandler -- 

Request DefaultFullHttpRequest(decodeResult: success, version: HTTP/1.1, content: EmptyByteBufBE)
GET /session/2089427a-d4cc-4354-8215-1c7125110b81/element/f.4E042DFDA11A37A3872D064BCE888EE9.d.E38B24485C0DDCE9BD342D2F960D0A55.e.478/selected HTTP/1.1
Cache-Control: no-cache
User-Agent: appium/8.3.0 (selenium/4.8.3 (java mac))
Content-Type: application/json; charset=utf-8
host: 127.0.0.1:4723
accept: */*

Response DefaultHttpResponse(decodeResult: success, version: HTTP/1.1)
HTTP/1.1 200 OK
X-Powered-By: Express
Content-Type: application/json; charset=utf-8
Content-Length: 15
ETag: W/"f-wDOCiKvTD3LNZdrYODNEjzRfePo"
Date: Sun, 06 Apr 2025 13:56:01 GMT
Connection: keep-alive
Keep-Alive: timeout=600

21:56:01.899 [AsyncHttpClient-1-2] DEBUG org.asynchttpclient.netty.channel.ChannelManager -- Adding key: http://127.0.0.1:4723 for channel [id: 0xd850032e, L:/127.0.0.1:49363 - R:/127.0.0.1:4723]
21:56:01.899 [Forwarding isElementSelected on session 2089427a-d4cc-4354-8215-1c7125110b81 to remote] DEBUG org.asynchttpclient.netty.request.NettyRequestSender -- Using pooled Channel '[id: 0xd850032e, L:/127.0.0.1:49363 - R:/127.0.0.1:4723]' for 'GET' to 'http://127.0.0.1:4723/session/2089427a-d4cc-4354-8215-1c7125110b81/element/f.4E042DFDA11A37A3872D064BCE888EE9.d.E38B24485C0DDCE9BD342D2F960D0A55.e.480/selected'
21:56:01.899 [Forwarding isElementSelected on session 2089427a-d4cc-4354-8215-1c7125110b81 to remote] DEBUG org.asynchttpclient.netty.request.NettyRequestSender -- Using open Channel [id: 0xd850032e, L:/127.0.0.1:49363 - R:/127.0.0.1:4723] for GET '/session/2089427a-d4cc-4354-8215-1c7125110b81/element/f.4E042DFDA11A37A3872D064BCE888EE9.d.E38B24485C0DDCE9BD342D2F960D0A55.e.480/selected'
21:56:01.931 [AsyncHttpClient-1-2] DEBUG org.asynchttpclient.netty.handler.HttpHandler -- 

Request DefaultFullHttpRequest(decodeResult: success, version: HTTP/1.1, content: EmptyByteBufBE)
GET /session/2089427a-d4cc-4354-8215-1c7125110b81/element/f.4E042DFDA11A37A3872D064BCE888EE9.d.E38B24485C0DDCE9BD342D2F960D0A55.e.480/selected HTTP/1.1
Cache-Control: no-cache
User-Agent: appium/8.3.0 (selenium/4.8.3 (java mac))
Content-Type: application/json; charset=utf-8
host: 127.0.0.1:4723
accept: */*

Response DefaultHttpResponse(decodeResult: success, version: HTTP/1.1)
HTTP/1.1 200 OK
X-Powered-By: Express
Content-Type: application/json; charset=utf-8
Content-Length: 15
ETag: W/"f-wDOCiKvTD3LNZdrYODNEjzRfePo"
Date: Sun, 06 Apr 2025 13:56:01 GMT
Connection: keep-alive
Keep-Alive: timeout=600

21:56:01.931 [AsyncHttpClient-1-2] DEBUG org.asynchttpclient.netty.channel.ChannelManager -- Adding key: http://127.0.0.1:4723 for channel [id: 0xd850032e, L:/127.0.0.1:49363 - R:/127.0.0.1:4723]
21:56:01.932 [Forwarding isElementSelected on session 2089427a-d4cc-4354-8215-1c7125110b81 to remote] DEBUG org.asynchttpclient.netty.request.NettyRequestSender -- Using pooled Channel '[id: 0xd850032e, L:/127.0.0.1:49363 - R:/127.0.0.1:4723]' for 'GET' to 'http://127.0.0.1:4723/session/2089427a-d4cc-4354-8215-1c7125110b81/element/f.4E042DFDA11A37A3872D064BCE888EE9.d.E38B24485C0DDCE9BD342D2F960D0A55.e.482/selected'
21:56:01.932 [Forwarding isElementSelected on session 2089427a-d4cc-4354-8215-1c7125110b81 to remote] DEBUG org.asynchttpclient.netty.request.NettyRequestSender -- Using open Channel [id: 0xd850032e, L:/127.0.0.1:49363 - R:/127.0.0.1:4723] for GET '/session/2089427a-d4cc-4354-8215-1c7125110b81/element/f.4E042DFDA11A37A3872D064BCE888EE9.d.E38B24485C0DDCE9BD342D2F960D0A55.e.482/selected'
21:56:01.962 [AsyncHttpClient-1-2] DEBUG org.asynchttpclient.netty.handler.HttpHandler -- 

Request DefaultFullHttpRequest(decodeResult: success, version: HTTP/1.1, content: EmptyByteBufBE)
GET /session/2089427a-d4cc-4354-8215-1c7125110b81/element/f.4E042DFDA11A37A3872D064BCE888EE9.d.E38B24485C0DDCE9BD342D2F960D0A55.e.482/selected HTTP/1.1
Cache-Control: no-cache
User-Agent: appium/8.3.0 (selenium/4.8.3 (java mac))
Content-Type: application/json; charset=utf-8
host: 127.0.0.1:4723
accept: */*

Response DefaultHttpResponse(decodeResult: success, version: HTTP/1.1)
HTTP/1.1 200 OK
X-Powered-By: Express
Content-Type: application/json; charset=utf-8
Content-Length: 15
ETag: W/"f-wDOCiKvTD3LNZdrYODNEjzRfePo"
Date: Sun, 06 Apr 2025 13:56:01 GMT
Connection: keep-alive
Keep-Alive: timeout=600

21:56:01.962 [AsyncHttpClient-1-2] DEBUG org.asynchttpclient.netty.channel.ChannelManager -- Adding key: http://127.0.0.1:4723 for channel [id: 0xd850032e, L:/127.0.0.1:49363 - R:/127.0.0.1:4723]
21:56:01.962 [Forwarding isElementSelected on session 2089427a-d4cc-4354-8215-1c7125110b81 to remote] DEBUG org.asynchttpclient.netty.request.NettyRequestSender -- Using pooled Channel '[id: 0xd850032e, L:/127.0.0.1:49363 - R:/127.0.0.1:4723]' for 'GET' to 'http://127.0.0.1:4723/session/2089427a-d4cc-4354-8215-1c7125110b81/element/f.4E042DFDA11A37A3872D064BCE888EE9.d.E38B24485C0DDCE9BD342D2F960D0A55.e.484/selected'
21:56:01.962 [Forwarding isElementSelected on session 2089427a-d4cc-4354-8215-1c7125110b81 to remote] DEBUG org.asynchttpclient.netty.request.NettyRequestSender -- Using open Channel [id: 0xd850032e, L:/127.0.0.1:49363 - R:/127.0.0.1:4723] for GET '/session/2089427a-d4cc-4354-8215-1c7125110b81/element/f.4E042DFDA11A37A3872D064BCE888EE9.d.E38B24485C0DDCE9BD342D2F960D0A55.e.484/selected'
21:56:01.994 [AsyncHttpClient-1-2] DEBUG org.asynchttpclient.netty.handler.HttpHandler -- 

Request DefaultFullHttpRequest(decodeResult: success, version: HTTP/1.1, content: EmptyByteBufBE)
GET /session/2089427a-d4cc-4354-8215-1c7125110b81/element/f.4E042DFDA11A37A3872D064BCE888EE9.d.E38B24485C0DDCE9BD342D2F960D0A55.e.484/selected HTTP/1.1
Cache-Control: no-cache
User-Agent: appium/8.3.0 (selenium/4.8.3 (java mac))
Content-Type: application/json; charset=utf-8
host: 127.0.0.1:4723
accept: */*

Response DefaultHttpResponse(decodeResult: success, version: HTTP/1.1)
HTTP/1.1 200 OK
X-Powered-By: Express
Content-Type: application/json; charset=utf-8
Content-Length: 15
ETag: W/"f-wDOCiKvTD3LNZdrYODNEjzRfePo"
Date: Sun, 06 Apr 2025 13:56:01 GMT
Connection: keep-alive
Keep-Alive: timeout=600

21:56:01.994 [AsyncHttpClient-1-2] DEBUG org.asynchttpclient.netty.channel.ChannelManager -- Adding key: http://127.0.0.1:4723 for channel [id: 0xd850032e, L:/127.0.0.1:49363 - R:/127.0.0.1:4723]
21:56:01.994 [Forwarding isElementSelected on session 2089427a-d4cc-4354-8215-1c7125110b81 to remote] DEBUG org.asynchttpclient.netty.request.NettyRequestSender -- Using pooled Channel '[id: 0xd850032e, L:/127.0.0.1:49363 - R:/127.0.0.1:4723]' for 'GET' to 'http://127.0.0.1:4723/session/2089427a-d4cc-4354-8215-1c7125110b81/element/f.4E042DFDA11A37A3872D064BCE888EE9.d.E38B24485C0DDCE9BD342D2F960D0A55.e.486/selected'
21:56:01.994 [Forwarding isElementSelected on session 2089427a-d4cc-4354-8215-1c7125110b81 to remote] DEBUG org.asynchttpclient.netty.request.NettyRequestSender -- Using open Channel [id: 0xd850032e, L:/127.0.0.1:49363 - R:/127.0.0.1:4723] for GET '/session/2089427a-d4cc-4354-8215-1c7125110b81/element/f.4E042DFDA11A37A3872D064BCE888EE9.d.E38B24485C0DDCE9BD342D2F960D0A55.e.486/selected'
21:56:02.014 [AsyncHttpClient-1-2] DEBUG org.asynchttpclient.netty.handler.HttpHandler -- 

Request DefaultFullHttpRequest(decodeResult: success, version: HTTP/1.1, content: EmptyByteBufBE)
GET /session/2089427a-d4cc-4354-8215-1c7125110b81/element/f.4E042DFDA11A37A3872D064BCE888EE9.d.E38B24485C0DDCE9BD342D2F960D0A55.e.486/selected HTTP/1.1
Cache-Control: no-cache
User-Agent: appium/8.3.0 (selenium/4.8.3 (java mac))
Content-Type: application/json; charset=utf-8
host: 127.0.0.1:4723
accept: */*

Response DefaultHttpResponse(decodeResult: success, version: HTTP/1.1)
HTTP/1.1 200 OK
X-Powered-By: Express
Content-Type: application/json; charset=utf-8
Content-Length: 15
ETag: W/"f-wDOCiKvTD3LNZdrYODNEjzRfePo"
Date: Sun, 06 Apr 2025 13:56:02 GMT
Connection: keep-alive
Keep-Alive: timeout=600

21:56:02.014 [AsyncHttpClient-1-2] DEBUG org.asynchttpclient.netty.channel.ChannelManager -- Adding key: http://127.0.0.1:4723 for channel [id: 0xd850032e, L:/127.0.0.1:49363 - R:/127.0.0.1:4723]
21:56:02.014 [Forwarding isElementSelected on session 2089427a-d4cc-4354-8215-1c7125110b81 to remote] DEBUG org.asynchttpclient.netty.request.NettyRequestSender -- Using pooled Channel '[id: 0xd850032e, L:/127.0.0.1:49363 - R:/127.0.0.1:4723]' for 'GET' to 'http://127.0.0.1:4723/session/2089427a-d4cc-4354-8215-1c7125110b81/element/f.4E042DFDA11A37A3872D064BCE888EE9.d.E38B24485C0DDCE9BD342D2F960D0A55.e.488/selected'
21:56:02.014 [Forwarding isElementSelected on session 2089427a-d4cc-4354-8215-1c7125110b81 to remote] DEBUG org.asynchttpclient.netty.request.NettyRequestSender -- Using open Channel [id: 0xd850032e, L:/127.0.0.1:49363 - R:/127.0.0.1:4723] for GET '/session/2089427a-d4cc-4354-8215-1c7125110b81/element/f.4E042DFDA11A37A3872D064BCE888EE9.d.E38B24485C0DDCE9BD342D2F960D0A55.e.488/selected'
21:56:02.040 [AsyncHttpClient-1-2] DEBUG org.asynchttpclient.netty.handler.HttpHandler -- 

Request DefaultFullHttpRequest(decodeResult: success, version: HTTP/1.1, content: EmptyByteBufBE)
GET /session/2089427a-d4cc-4354-8215-1c7125110b81/element/f.4E042DFDA11A37A3872D064BCE888EE9.d.E38B24485C0DDCE9BD342D2F960D0A55.e.488/selected HTTP/1.1
Cache-Control: no-cache
User-Agent: appium/8.3.0 (selenium/4.8.3 (java mac))
Content-Type: application/json; charset=utf-8
host: 127.0.0.1:4723
accept: */*

Response DefaultHttpResponse(decodeResult: success, version: HTTP/1.1)
HTTP/1.1 200 OK
X-Powered-By: Express
Content-Type: application/json; charset=utf-8
Content-Length: 15
ETag: W/"f-wDOCiKvTD3LNZdrYODNEjzRfePo"
Date: Sun, 06 Apr 2025 13:56:02 GMT
Connection: keep-alive
Keep-Alive: timeout=600

21:56:02.040 [AsyncHttpClient-1-2] DEBUG org.asynchttpclient.netty.channel.ChannelManager -- Adding key: http://127.0.0.1:4723 for channel [id: 0xd850032e, L:/127.0.0.1:49363 - R:/127.0.0.1:4723]
21:56:02.040 [Forwarding isElementSelected on session 2089427a-d4cc-4354-8215-1c7125110b81 to remote] DEBUG org.asynchttpclient.netty.request.NettyRequestSender -- Using pooled Channel '[id: 0xd850032e, L:/127.0.0.1:49363 - R:/127.0.0.1:4723]' for 'GET' to 'http://127.0.0.1:4723/session/2089427a-d4cc-4354-8215-1c7125110b81/element/f.4E042DFDA11A37A3872D064BCE888EE9.d.E38B24485C0DDCE9BD342D2F960D0A55.e.490/selected'
21:56:02.040 [Forwarding isElementSelected on session 2089427a-d4cc-4354-8215-1c7125110b81 to remote] DEBUG org.asynchttpclient.netty.request.NettyRequestSender -- Using open Channel [id: 0xd850032e, L:/127.0.0.1:49363 - R:/127.0.0.1:4723] for GET '/session/2089427a-d4cc-4354-8215-1c7125110b81/element/f.4E042DFDA11A37A3872D064BCE888EE9.d.E38B24485C0DDCE9BD342D2F960D0A55.e.490/selected'
21:56:02.060 [AsyncHttpClient-1-2] DEBUG org.asynchttpclient.netty.handler.HttpHandler -- 

Request DefaultFullHttpRequest(decodeResult: success, version: HTTP/1.1, content: EmptyByteBufBE)
GET /session/2089427a-d4cc-4354-8215-1c7125110b81/element/f.4E042DFDA11A37A3872D064BCE888EE9.d.E38B24485C0DDCE9BD342D2F960D0A55.e.490/selected HTTP/1.1
Cache-Control: no-cache
User-Agent: appium/8.3.0 (selenium/4.8.3 (java mac))
Content-Type: application/json; charset=utf-8
host: 127.0.0.1:4723
accept: */*

Response DefaultHttpResponse(decodeResult: success, version: HTTP/1.1)
HTTP/1.1 200 OK
X-Powered-By: Express
Content-Type: application/json; charset=utf-8
Content-Length: 15
ETag: W/"f-wDOCiKvTD3LNZdrYODNEjzRfePo"
Date: Sun, 06 Apr 2025 13:56:02 GMT
Connection: keep-alive
Keep-Alive: timeout=600

21:56:02.060 [AsyncHttpClient-1-2] DEBUG org.asynchttpclient.netty.channel.ChannelManager -- Adding key: http://127.0.0.1:4723 for channel [id: 0xd850032e, L:/127.0.0.1:49363 - R:/127.0.0.1:4723]
21:56:02.060 [Forwarding isElementSelected on session 2089427a-d4cc-4354-8215-1c7125110b81 to remote] DEBUG org.asynchttpclient.netty.request.NettyRequestSender -- Using pooled Channel '[id: 0xd850032e, L:/127.0.0.1:49363 - R:/127.0.0.1:4723]' for 'GET' to 'http://127.0.0.1:4723/session/2089427a-d4cc-4354-8215-1c7125110b81/element/f.4E042DFDA11A37A3872D064BCE888EE9.d.E38B24485C0DDCE9BD342D2F960D0A55.e.492/selected'
21:56:02.060 [Forwarding isElementSelected on session 2089427a-d4cc-4354-8215-1c7125110b81 to remote] DEBUG org.asynchttpclient.netty.request.NettyRequestSender -- Using open Channel [id: 0xd850032e, L:/127.0.0.1:49363 - R:/127.0.0.1:4723] for GET '/session/2089427a-d4cc-4354-8215-1c7125110b81/element/f.4E042DFDA11A37A3872D064BCE888EE9.d.E38B24485C0DDCE9BD342D2F960D0A55.e.492/selected'
21:56:02.082 [AsyncHttpClient-1-2] DEBUG org.asynchttpclient.netty.handler.HttpHandler -- 

Request DefaultFullHttpRequest(decodeResult: success, version: HTTP/1.1, content: EmptyByteBufBE)
GET /session/2089427a-d4cc-4354-8215-1c7125110b81/element/f.4E042DFDA11A37A3872D064BCE888EE9.d.E38B24485C0DDCE9BD342D2F960D0A55.e.492/selected HTTP/1.1
Cache-Control: no-cache
User-Agent: appium/8.3.0 (selenium/4.8.3 (java mac))
Content-Type: application/json; charset=utf-8
host: 127.0.0.1:4723
accept: */*

Response DefaultHttpResponse(decodeResult: success, version: HTTP/1.1)
HTTP/1.1 200 OK
X-Powered-By: Express
Content-Type: application/json; charset=utf-8
Content-Length: 15
ETag: W/"f-wDOCiKvTD3LNZdrYODNEjzRfePo"
Date: Sun, 06 Apr 2025 13:56:02 GMT
Connection: keep-alive
Keep-Alive: timeout=600

21:56:02.082 [AsyncHttpClient-1-2] DEBUG org.asynchttpclient.netty.channel.ChannelManager -- Adding key: http://127.0.0.1:4723 for channel [id: 0xd850032e, L:/127.0.0.1:49363 - R:/127.0.0.1:4723]
21:56:02.082 [Forwarding isElementSelected on session 2089427a-d4cc-4354-8215-1c7125110b81 to remote] DEBUG org.asynchttpclient.netty.request.NettyRequestSender -- Using pooled Channel '[id: 0xd850032e, L:/127.0.0.1:49363 - R:/127.0.0.1:4723]' for 'GET' to 'http://127.0.0.1:4723/session/2089427a-d4cc-4354-8215-1c7125110b81/element/f.4E042DFDA11A37A3872D064BCE888EE9.d.E38B24485C0DDCE9BD342D2F960D0A55.e.494/selected'
21:56:02.082 [Forwarding isElementSelected on session 2089427a-d4cc-4354-8215-1c7125110b81 to remote] DEBUG org.asynchttpclient.netty.request.NettyRequestSender -- Using open Channel [id: 0xd850032e, L:/127.0.0.1:49363 - R:/127.0.0.1:4723] for GET '/session/2089427a-d4cc-4354-8215-1c7125110b81/element/f.4E042DFDA11A37A3872D064BCE888EE9.d.E38B24485C0DDCE9BD342D2F960D0A55.e.494/selected'
21:56:02.109 [AsyncHttpClient-1-2] DEBUG org.asynchttpclient.netty.handler.HttpHandler -- 

Request DefaultFullHttpRequest(decodeResult: success, version: HTTP/1.1, content: EmptyByteBufBE)
GET /session/2089427a-d4cc-4354-8215-1c7125110b81/element/f.4E042DFDA11A37A3872D064BCE888EE9.d.E38B24485C0DDCE9BD342D2F960D0A55.e.494/selected HTTP/1.1
Cache-Control: no-cache
User-Agent: appium/8.3.0 (selenium/4.8.3 (java mac))
Content-Type: application/json; charset=utf-8
host: 127.0.0.1:4723
accept: */*

Response DefaultHttpResponse(decodeResult: success, version: HTTP/1.1)
HTTP/1.1 200 OK
X-Powered-By: Express
Content-Type: application/json; charset=utf-8
Content-Length: 15
ETag: W/"f-wDOCiKvTD3LNZdrYODNEjzRfePo"
Date: Sun, 06 Apr 2025 13:56:02 GMT
Connection: keep-alive
Keep-Alive: timeout=600

21:56:02.109 [AsyncHttpClient-1-2] DEBUG org.asynchttpclient.netty.channel.ChannelManager -- Adding key: http://127.0.0.1:4723 for channel [id: 0xd850032e, L:/127.0.0.1:49363 - R:/127.0.0.1:4723]
21:56:02.110 [Forwarding isElementSelected on session 2089427a-d4cc-4354-8215-1c7125110b81 to remote] DEBUG org.asynchttpclient.netty.request.NettyRequestSender -- Using pooled Channel '[id: 0xd850032e, L:/127.0.0.1:49363 - R:/127.0.0.1:4723]' for 'GET' to 'http://127.0.0.1:4723/session/2089427a-d4cc-4354-8215-1c7125110b81/element/f.4E042DFDA11A37A3872D064BCE888EE9.d.E38B24485C0DDCE9BD342D2F960D0A55.e.496/selected'
21:56:02.110 [Forwarding isElementSelected on session 2089427a-d4cc-4354-8215-1c7125110b81 to remote] DEBUG org.asynchttpclient.netty.request.NettyRequestSender -- Using open Channel [id: 0xd850032e, L:/127.0.0.1:49363 - R:/127.0.0.1:4723] for GET '/session/2089427a-d4cc-4354-8215-1c7125110b81/element/f.4E042DFDA11A37A3872D064BCE888EE9.d.E38B24485C0DDCE9BD342D2F960D0A55.e.496/selected'
21:56:02.131 [AsyncHttpClient-1-2] DEBUG org.asynchttpclient.netty.handler.HttpHandler -- 

Request DefaultFullHttpRequest(decodeResult: success, version: HTTP/1.1, content: EmptyByteBufBE)
GET /session/2089427a-d4cc-4354-8215-1c7125110b81/element/f.4E042DFDA11A37A3872D064BCE888EE9.d.E38B24485C0DDCE9BD342D2F960D0A55.e.496/selected HTTP/1.1
Cache-Control: no-cache
User-Agent: appium/8.3.0 (selenium/4.8.3 (java mac))
Content-Type: application/json; charset=utf-8
host: 127.0.0.1:4723
accept: */*

Response DefaultHttpResponse(decodeResult: success, version: HTTP/1.1)
HTTP/1.1 200 OK
X-Powered-By: Express
Content-Type: application/json; charset=utf-8
Content-Length: 15
ETag: W/"f-wDOCiKvTD3LNZdrYODNEjzRfePo"
Date: Sun, 06 Apr 2025 13:56:02 GMT
Connection: keep-alive
Keep-Alive: timeout=600

21:56:02.131 [AsyncHttpClient-1-2] DEBUG org.asynchttpclient.netty.channel.ChannelManager -- Adding key: http://127.0.0.1:4723 for channel [id: 0xd850032e, L:/127.0.0.1:49363 - R:/127.0.0.1:4723]
21:56:02.131 [Forwarding isElementSelected on session 2089427a-d4cc-4354-8215-1c7125110b81 to remote] DEBUG org.asynchttpclient.netty.request.NettyRequestSender -- Using pooled Channel '[id: 0xd850032e, L:/127.0.0.1:49363 - R:/127.0.0.1:4723]' for 'GET' to 'http://127.0.0.1:4723/session/2089427a-d4cc-4354-8215-1c7125110b81/element/f.4E042DFDA11A37A3872D064BCE888EE9.d.E38B24485C0DDCE9BD342D2F960D0A55.e.498/selected'
21:56:02.131 [Forwarding isElementSelected on session 2089427a-d4cc-4354-8215-1c7125110b81 to remote] DEBUG org.asynchttpclient.netty.request.NettyRequestSender -- Using open Channel [id: 0xd850032e, L:/127.0.0.1:49363 - R:/127.0.0.1:4723] for GET '/session/2089427a-d4cc-4354-8215-1c7125110b81/element/f.4E042DFDA11A37A3872D064BCE888EE9.d.E38B24485C0DDCE9BD342D2F960D0A55.e.498/selected'
21:56:02.151 [AsyncHttpClient-1-2] DEBUG org.asynchttpclient.netty.handler.HttpHandler -- 

Request DefaultFullHttpRequest(decodeResult: success, version: HTTP/1.1, content: EmptyByteBufBE)
GET /session/2089427a-d4cc-4354-8215-1c7125110b81/element/f.4E042DFDA11A37A3872D064BCE888EE9.d.E38B24485C0DDCE9BD342D2F960D0A55.e.498/selected HTTP/1.1
Cache-Control: no-cache
User-Agent: appium/8.3.0 (selenium/4.8.3 (java mac))
Content-Type: application/json; charset=utf-8
host: 127.0.0.1:4723
accept: */*

Response DefaultHttpResponse(decodeResult: success, version: HTTP/1.1)
HTTP/1.1 200 OK
X-Powered-By: Express
Content-Type: application/json; charset=utf-8
Content-Length: 15
ETag: W/"f-wDOCiKvTD3LNZdrYODNEjzRfePo"
Date: Sun, 06 Apr 2025 13:56:02 GMT
Connection: keep-alive
Keep-Alive: timeout=600

21:56:02.152 [AsyncHttpClient-1-2] DEBUG org.asynchttpclient.netty.channel.ChannelManager -- Adding key: http://127.0.0.1:4723 for channel [id: 0xd850032e, L:/127.0.0.1:49363 - R:/127.0.0.1:4723]
21:56:02.152 [Forwarding isElementSelected on session 2089427a-d4cc-4354-8215-1c7125110b81 to remote] DEBUG org.asynchttpclient.netty.request.NettyRequestSender -- Using pooled Channel '[id: 0xd850032e, L:/127.0.0.1:49363 - R:/127.0.0.1:4723]' for 'GET' to 'http://127.0.0.1:4723/session/2089427a-d4cc-4354-8215-1c7125110b81/element/f.4E042DFDA11A37A3872D064BCE888EE9.d.E38B24485C0DDCE9BD342D2F960D0A55.e.500/selected'
21:56:02.152 [Forwarding isElementSelected on session 2089427a-d4cc-4354-8215-1c7125110b81 to remote] DEBUG org.asynchttpclient.netty.request.NettyRequestSender -- Using open Channel [id: 0xd850032e, L:/127.0.0.1:49363 - R:/127.0.0.1:4723] for GET '/session/2089427a-d4cc-4354-8215-1c7125110b81/element/f.4E042DFDA11A37A3872D064BCE888EE9.d.E38B24485C0DDCE9BD342D2F960D0A55.e.500/selected'
21:56:02.172 [AsyncHttpClient-1-2] DEBUG org.asynchttpclient.netty.handler.HttpHandler -- 

Request DefaultFullHttpRequest(decodeResult: success, version: HTTP/1.1, content: EmptyByteBufBE)
GET /session/2089427a-d4cc-4354-8215-1c7125110b81/element/f.4E042DFDA11A37A3872D064BCE888EE9.d.E38B24485C0DDCE9BD342D2F960D0A55.e.500/selected HTTP/1.1
Cache-Control: no-cache
User-Agent: appium/8.3.0 (selenium/4.8.3 (java mac))
Content-Type: application/json; charset=utf-8
host: 127.0.0.1:4723
accept: */*

Response DefaultHttpResponse(decodeResult: success, version: HTTP/1.1)
HTTP/1.1 200 OK
X-Powered-By: Express
Content-Type: application/json; charset=utf-8
Content-Length: 15
ETag: W/"f-wDOCiKvTD3LNZdrYODNEjzRfePo"
Date: Sun, 06 Apr 2025 13:56:02 GMT
Connection: keep-alive
Keep-Alive: timeout=600

21:56:02.173 [AsyncHttpClient-1-2] DEBUG org.asynchttpclient.netty.channel.ChannelManager -- Adding key: http://127.0.0.1:4723 for channel [id: 0xd850032e, L:/127.0.0.1:49363 - R:/127.0.0.1:4723]
21:56:02.173 [Forwarding isElementSelected on session 2089427a-d4cc-4354-8215-1c7125110b81 to remote] DEBUG org.asynchttpclient.netty.request.NettyRequestSender -- Using pooled Channel '[id: 0xd850032e, L:/127.0.0.1:49363 - R:/127.0.0.1:4723]' for 'GET' to 'http://127.0.0.1:4723/session/2089427a-d4cc-4354-8215-1c7125110b81/element/f.4E042DFDA11A37A3872D064BCE888EE9.d.E38B24485C0DDCE9BD342D2F960D0A55.e.502/selected'
21:56:02.173 [Forwarding isElementSelected on session 2089427a-d4cc-4354-8215-1c7125110b81 to remote] DEBUG org.asynchttpclient.netty.request.NettyRequestSender -- Using open Channel [id: 0xd850032e, L:/127.0.0.1:49363 - R:/127.0.0.1:4723] for GET '/session/2089427a-d4cc-4354-8215-1c7125110b81/element/f.4E042DFDA11A37A3872D064BCE888EE9.d.E38B24485C0DDCE9BD342D2F960D0A55.e.502/selected'
21:56:02.193 [AsyncHttpClient-1-2] DEBUG org.asynchttpclient.netty.handler.HttpHandler -- 

Request DefaultFullHttpRequest(decodeResult: success, version: HTTP/1.1, content: EmptyByteBufBE)
GET /session/2089427a-d4cc-4354-8215-1c7125110b81/element/f.4E042DFDA11A37A3872D064BCE888EE9.d.E38B24485C0DDCE9BD342D2F960D0A55.e.502/selected HTTP/1.1
Cache-Control: no-cache
User-Agent: appium/8.3.0 (selenium/4.8.3 (java mac))
Content-Type: application/json; charset=utf-8
host: 127.0.0.1:4723
accept: */*

Response DefaultHttpResponse(decodeResult: success, version: HTTP/1.1)
HTTP/1.1 200 OK
X-Powered-By: Express
Content-Type: application/json; charset=utf-8
Content-Length: 15
ETag: W/"f-wDOCiKvTD3LNZdrYODNEjzRfePo"
Date: Sun, 06 Apr 2025 13:56:02 GMT
Connection: keep-alive
Keep-Alive: timeout=600

21:56:02.193 [AsyncHttpClient-1-2] DEBUG org.asynchttpclient.netty.channel.ChannelManager -- Adding key: http://127.0.0.1:4723 for channel [id: 0xd850032e, L:/127.0.0.1:49363 - R:/127.0.0.1:4723]
21:56:02.193 [Forwarding isElementSelected on session 2089427a-d4cc-4354-8215-1c7125110b81 to remote] DEBUG org.asynchttpclient.netty.request.NettyRequestSender -- Using pooled Channel '[id: 0xd850032e, L:/127.0.0.1:49363 - R:/127.0.0.1:4723]' for 'GET' to 'http://127.0.0.1:4723/session/2089427a-d4cc-4354-8215-1c7125110b81/element/f.4E042DFDA11A37A3872D064BCE888EE9.d.E38B24485C0DDCE9BD342D2F960D0A55.e.504/selected'
21:56:02.193 [Forwarding isElementSelected on session 2089427a-d4cc-4354-8215-1c7125110b81 to remote] DEBUG org.asynchttpclient.netty.request.NettyRequestSender -- Using open Channel [id: 0xd850032e, L:/127.0.0.1:49363 - R:/127.0.0.1:4723] for GET '/session/2089427a-d4cc-4354-8215-1c7125110b81/element/f.4E042DFDA11A37A3872D064BCE888EE9.d.E38B24485C0DDCE9BD342D2F960D0A55.e.504/selected'
21:56:02.215 [AsyncHttpClient-1-2] DEBUG org.asynchttpclient.netty.handler.HttpHandler -- 

Request DefaultFullHttpRequest(decodeResult: success, version: HTTP/1.1, content: EmptyByteBufBE)
GET /session/2089427a-d4cc-4354-8215-1c7125110b81/element/f.4E042DFDA11A37A3872D064BCE888EE9.d.E38B24485C0DDCE9BD342D2F960D0A55.e.504/selected HTTP/1.1
Cache-Control: no-cache
User-Agent: appium/8.3.0 (selenium/4.8.3 (java mac))
Content-Type: application/json; charset=utf-8
host: 127.0.0.1:4723
accept: */*

Response DefaultHttpResponse(decodeResult: success, version: HTTP/1.1)
HTTP/1.1 200 OK
X-Powered-By: Express
Content-Type: application/json; charset=utf-8
Content-Length: 15
ETag: W/"f-wDOCiKvTD3LNZdrYODNEjzRfePo"
Date: Sun, 06 Apr 2025 13:56:02 GMT
Connection: keep-alive
Keep-Alive: timeout=600

21:56:02.215 [AsyncHttpClient-1-2] DEBUG org.asynchttpclient.netty.channel.ChannelManager -- Adding key: http://127.0.0.1:4723 for channel [id: 0xd850032e, L:/127.0.0.1:49363 - R:/127.0.0.1:4723]
21:56:02.215 [Forwarding isElementSelected on session 2089427a-d4cc-4354-8215-1c7125110b81 to remote] DEBUG org.asynchttpclient.netty.request.NettyRequestSender -- Using pooled Channel '[id: 0xd850032e, L:/127.0.0.1:49363 - R:/127.0.0.1:4723]' for 'GET' to 'http://127.0.0.1:4723/session/2089427a-d4cc-4354-8215-1c7125110b81/element/f.4E042DFDA11A37A3872D064BCE888EE9.d.E38B24485C0DDCE9BD342D2F960D0A55.e.506/selected'
21:56:02.215 [Forwarding isElementSelected on session 2089427a-d4cc-4354-8215-1c7125110b81 to remote] DEBUG org.asynchttpclient.netty.request.NettyRequestSender -- Using open Channel [id: 0xd850032e, L:/127.0.0.1:49363 - R:/127.0.0.1:4723] for GET '/session/2089427a-d4cc-4354-8215-1c7125110b81/element/f.4E042DFDA11A37A3872D064BCE888EE9.d.E38B24485C0DDCE9BD342D2F960D0A55.e.506/selected'
21:56:02.233 [AsyncHttpClient-1-2] DEBUG org.asynchttpclient.netty.handler.HttpHandler -- 

Request DefaultFullHttpRequest(decodeResult: success, version: HTTP/1.1, content: EmptyByteBufBE)
GET /session/2089427a-d4cc-4354-8215-1c7125110b81/element/f.4E042DFDA11A37A3872D064BCE888EE9.d.E38B24485C0DDCE9BD342D2F960D0A55.e.506/selected HTTP/1.1
Cache-Control: no-cache
User-Agent: appium/8.3.0 (selenium/4.8.3 (java mac))
Content-Type: application/json; charset=utf-8
host: 127.0.0.1:4723
accept: */*

Response DefaultHttpResponse(decodeResult: success, version: HTTP/1.1)
HTTP/1.1 200 OK
X-Powered-By: Express
Content-Type: application/json; charset=utf-8
Content-Length: 14
ETag: W/"e-2ZHvAWebNQpyjGZTg6uyV8/spTo"
Date: Sun, 06 Apr 2025 13:56:02 GMT
Connection: keep-alive
Keep-Alive: timeout=600

21:56:02.233 [AsyncHttpClient-1-2] DEBUG org.asynchttpclient.netty.channel.ChannelManager -- Adding key: http://127.0.0.1:4723 for channel [id: 0xd850032e, L:/127.0.0.1:49363 - R:/127.0.0.1:4723]
21:56:02.233 [Forwarding getElementText on session 2089427a-d4cc-4354-8215-1c7125110b81 to remote] DEBUG org.asynchttpclient.netty.request.NettyRequestSender -- Using pooled Channel '[id: 0xd850032e, L:/127.0.0.1:49363 - R:/127.0.0.1:4723]' for 'GET' to 'http://127.0.0.1:4723/session/2089427a-d4cc-4354-8215-1c7125110b81/element/f.4E042DFDA11A37A3872D064BCE888EE9.d.E38B24485C0DDCE9BD342D2F960D0A55.e.506/text'
21:56:02.233 [Forwarding getElementText on session 2089427a-d4cc-4354-8215-1c7125110b81 to remote] DEBUG org.asynchttpclient.netty.request.NettyRequestSender -- Using open Channel [id: 0xd850032e, L:/127.0.0.1:49363 - R:/127.0.0.1:4723] for GET '/session/2089427a-d4cc-4354-8215-1c7125110b81/element/f.4E042DFDA11A37A3872D064BCE888EE9.d.E38B24485C0DDCE9BD342D2F960D0A55.e.506/text'
21:56:02.253 [AsyncHttpClient-1-2] DEBUG org.asynchttpclient.netty.handler.HttpHandler -- 

Request DefaultFullHttpRequest(decodeResult: success, version: HTTP/1.1, content: EmptyByteBufBE)
GET /session/2089427a-d4cc-4354-8215-1c7125110b81/element/f.4E042DFDA11A37A3872D064BCE888EE9.d.E38B24485C0DDCE9BD342D2F960D0A55.e.506/text HTTP/1.1
Cache-Control: no-cache
User-Agent: appium/8.3.0 (selenium/4.8.3 (java mac))
Content-Type: application/json; charset=utf-8
host: 127.0.0.1:4723
accept: */*

Response DefaultHttpResponse(decodeResult: success, version: HTTP/1.1)
HTTP/1.1 200 OK
X-Powered-By: Express
Content-Type: application/json; charset=utf-8
Content-Length: 21
ETag: W/"15-9ErFL0ratj4DaMEawo4+sgVTcE0"
Date: Sun, 06 Apr 2025 13:56:02 GMT
Connection: keep-alive
Keep-Alive: timeout=600

21:56:02.253 [AsyncHttpClient-1-2] DEBUG org.asynchttpclient.netty.channel.ChannelManager -- Adding key: http://127.0.0.1:4723 for channel [id: 0xd850032e, L:/127.0.0.1:49363 - R:/127.0.0.1:4723]
21:56:02.254 [Forwarding findChildElements on session 2089427a-d4cc-4354-8215-1c7125110b81 to remote] DEBUG org.asynchttpclient.netty.request.NettyRequestSender -- Using pooled Channel '[id: 0xd850032e, L:/127.0.0.1:49363 - R:/127.0.0.1:4723]' for 'POST' to 'http://127.0.0.1:4723/session/2089427a-d4cc-4354-8215-1c7125110b81/element/f.4E042DFDA11A37A3872D064BCE888EE9.d.E38B24485C0DDCE9BD342D2F960D0A55.e.382/elements'
21:56:02.254 [Forwarding findChildElements on session 2089427a-d4cc-4354-8215-1c7125110b81 to remote] DEBUG org.asynchttpclient.netty.request.NettyRequestSender -- Using open Channel [id: 0xd850032e, L:/127.0.0.1:49363 - R:/127.0.0.1:4723] for POST '/session/2089427a-d4cc-4354-8215-1c7125110b81/element/f.4E042DFDA11A37A3872D064BCE888EE9.d.E38B24485C0DDCE9BD342D2F960D0A55.e.382/elements'
21:56:02.277 [AsyncHttpClient-1-2] DEBUG org.asynchttpclient.netty.handler.HttpHandler -- 

Request DefaultHttpRequest(decodeResult: success, version: HTTP/1.1)
POST /session/2089427a-d4cc-4354-8215-1c7125110b81/element/f.4E042DFDA11A37A3872D064BCE888EE9.d.E38B24485C0DDCE9BD342D2F960D0A55.e.382/elements HTTP/1.1
User-Agent: appium/8.3.0 (selenium/4.8.3 (java mac))
Content-Length: 133
Content-Type: application/json; charset=utf-8
host: 127.0.0.1:4723
accept: */*

Response DefaultHttpResponse(decodeResult: success, version: HTTP/1.1)
HTTP/1.1 200 OK
X-Powered-By: Express
Vary: X-HTTP-Method-Override
Content-Type: application/json; charset=utf-8
Content-Length: 7839
ETag: W/"1e9f-+xRE1/O2wOURrxNzrhu6cr6zQV4"
Date: Sun, 06 Apr 2025 13:56:02 GMT
Connection: keep-alive
Keep-Alive: timeout=600

21:56:02.277 [AsyncHttpClient-1-2] DEBUG org.asynchttpclient.netty.channel.ChannelManager -- Adding key: http://127.0.0.1:4723 for channel [id: 0xd850032e, L:/127.0.0.1:49363 - R:/127.0.0.1:4723]
21:56:02.277 [Forwarding isElementSelected on session 2089427a-d4cc-4354-8215-1c7125110b81 to remote] DEBUG org.asynchttpclient.netty.request.NettyRequestSender -- Using pooled Channel '[id: 0xd850032e, L:/127.0.0.1:49363 - R:/127.0.0.1:4723]' for 'GET' to 'http://127.0.0.1:4723/session/2089427a-d4cc-4354-8215-1c7125110b81/element/f.4E042DFDA11A37A3872D064BCE888EE9.d.E38B24485C0DDCE9BD342D2F960D0A55.e.522/selected'
21:56:02.277 [Forwarding isElementSelected on session 2089427a-d4cc-4354-8215-1c7125110b81 to remote] DEBUG org.asynchttpclient.netty.request.NettyRequestSender -- Using open Channel [id: 0xd850032e, L:/127.0.0.1:49363 - R:/127.0.0.1:4723] for GET '/session/2089427a-d4cc-4354-8215-1c7125110b81/element/f.4E042DFDA11A37A3872D064BCE888EE9.d.E38B24485C0DDCE9BD342D2F960D0A55.e.522/selected'
21:56:02.305 [AsyncHttpClient-1-2] DEBUG org.asynchttpclient.netty.handler.HttpHandler -- 

Request DefaultFullHttpRequest(decodeResult: success, version: HTTP/1.1, content: EmptyByteBufBE)
GET /session/2089427a-d4cc-4354-8215-1c7125110b81/element/f.4E042DFDA11A37A3872D064BCE888EE9.d.E38B24485C0DDCE9BD342D2F960D0A55.e.522/selected HTTP/1.1
Cache-Control: no-cache
User-Agent: appium/8.3.0 (selenium/4.8.3 (java mac))
Content-Type: application/json; charset=utf-8
host: 127.0.0.1:4723
accept: */*

Response DefaultHttpResponse(decodeResult: success, version: HTTP/1.1)
HTTP/1.1 200 OK
X-Powered-By: Express
Content-Type: application/json; charset=utf-8
Content-Length: 15
ETag: W/"f-wDOCiKvTD3LNZdrYODNEjzRfePo"
Date: Sun, 06 Apr 2025 13:56:02 GMT
Connection: keep-alive
Keep-Alive: timeout=600

21:56:02.305 [AsyncHttpClient-1-2] DEBUG org.asynchttpclient.netty.channel.ChannelManager -- Adding key: http://127.0.0.1:4723 for channel [id: 0xd850032e, L:/127.0.0.1:49363 - R:/127.0.0.1:4723]
21:56:02.305 [Forwarding isElementSelected on session 2089427a-d4cc-4354-8215-1c7125110b81 to remote] DEBUG org.asynchttpclient.netty.request.NettyRequestSender -- Using pooled Channel '[id: 0xd850032e, L:/127.0.0.1:49363 - R:/127.0.0.1:4723]' for 'GET' to 'http://127.0.0.1:4723/session/2089427a-d4cc-4354-8215-1c7125110b81/element/f.4E042DFDA11A37A3872D064BCE888EE9.d.E38B24485C0DDCE9BD342D2F960D0A55.e.524/selected'
21:56:02.305 [Forwarding isElementSelected on session 2089427a-d4cc-4354-8215-1c7125110b81 to remote] DEBUG org.asynchttpclient.netty.request.NettyRequestSender -- Using open Channel [id: 0xd850032e, L:/127.0.0.1:49363 - R:/127.0.0.1:4723] for GET '/session/2089427a-d4cc-4354-8215-1c7125110b81/element/f.4E042DFDA11A37A3872D064BCE888EE9.d.E38B24485C0DDCE9BD342D2F960D0A55.e.524/selected'
21:56:02.325 [AsyncHttpClient-1-2] DEBUG org.asynchttpclient.netty.handler.HttpHandler -- 

Request DefaultFullHttpRequest(decodeResult: success, version: HTTP/1.1, content: EmptyByteBufBE)
GET /session/2089427a-d4cc-4354-8215-1c7125110b81/element/f.4E042DFDA11A37A3872D064BCE888EE9.d.E38B24485C0DDCE9BD342D2F960D0A55.e.524/selected HTTP/1.1
Cache-Control: no-cache
User-Agent: appium/8.3.0 (selenium/4.8.3 (java mac))
Content-Type: application/json; charset=utf-8
host: 127.0.0.1:4723
accept: */*

Response DefaultHttpResponse(decodeResult: success, version: HTTP/1.1)
HTTP/1.1 200 OK
X-Powered-By: Express
Content-Type: application/json; charset=utf-8
Content-Length: 15
ETag: W/"f-wDOCiKvTD3LNZdrYODNEjzRfePo"
Date: Sun, 06 Apr 2025 13:56:02 GMT
Connection: keep-alive
Keep-Alive: timeout=600

21:56:02.325 [AsyncHttpClient-1-2] DEBUG org.asynchttpclient.netty.channel.ChannelManager -- Adding key: http://127.0.0.1:4723 for channel [id: 0xd850032e, L:/127.0.0.1:49363 - R:/127.0.0.1:4723]
21:56:02.325 [Forwarding isElementSelected on session 2089427a-d4cc-4354-8215-1c7125110b81 to remote] DEBUG org.asynchttpclient.netty.request.NettyRequestSender -- Using pooled Channel '[id: 0xd850032e, L:/127.0.0.1:49363 - R:/127.0.0.1:4723]' for 'GET' to 'http://127.0.0.1:4723/session/2089427a-d4cc-4354-8215-1c7125110b81/element/f.4E042DFDA11A37A3872D064BCE888EE9.d.E38B24485C0DDCE9BD342D2F960D0A55.e.526/selected'
21:56:02.325 [Forwarding isElementSelected on session 2089427a-d4cc-4354-8215-1c7125110b81 to remote] DEBUG org.asynchttpclient.netty.request.NettyRequestSender -- Using open Channel [id: 0xd850032e, L:/127.0.0.1:49363 - R:/127.0.0.1:4723] for GET '/session/2089427a-d4cc-4354-8215-1c7125110b81/element/f.4E042DFDA11A37A3872D064BCE888EE9.d.E38B24485C0DDCE9BD342D2F960D0A55.e.526/selected'
21:56:02.343 [AsyncHttpClient-1-2] DEBUG org.asynchttpclient.netty.handler.HttpHandler -- 

Request DefaultFullHttpRequest(decodeResult: success, version: HTTP/1.1, content: EmptyByteBufBE)
GET /session/2089427a-d4cc-4354-8215-1c7125110b81/element/f.4E042DFDA11A37A3872D064BCE888EE9.d.E38B24485C0DDCE9BD342D2F960D0A55.e.526/selected HTTP/1.1
Cache-Control: no-cache
User-Agent: appium/8.3.0 (selenium/4.8.3 (java mac))
Content-Type: application/json; charset=utf-8
host: 127.0.0.1:4723
accept: */*

Response DefaultHttpResponse(decodeResult: success, version: HTTP/1.1)
HTTP/1.1 200 OK
X-Powered-By: Express
Content-Type: application/json; charset=utf-8
Content-Length: 15
ETag: W/"f-wDOCiKvTD3LNZdrYODNEjzRfePo"
Date: Sun, 06 Apr 2025 13:56:02 GMT
Connection: keep-alive
Keep-Alive: timeout=600

21:56:02.343 [AsyncHttpClient-1-2] DEBUG org.asynchttpclient.netty.channel.ChannelManager -- Adding key: http://127.0.0.1:4723 for channel [id: 0xd850032e, L:/127.0.0.1:49363 - R:/127.0.0.1:4723]
21:56:02.344 [Forwarding isElementSelected on session 2089427a-d4cc-4354-8215-1c7125110b81 to remote] DEBUG org.asynchttpclient.netty.request.NettyRequestSender -- Using pooled Channel '[id: 0xd850032e, L:/127.0.0.1:49363 - R:/127.0.0.1:4723]' for 'GET' to 'http://127.0.0.1:4723/session/2089427a-d4cc-4354-8215-1c7125110b81/element/f.4E042DFDA11A37A3872D064BCE888EE9.d.E38B24485C0DDCE9BD342D2F960D0A55.e.528/selected'
21:56:02.344 [Forwarding isElementSelected on session 2089427a-d4cc-4354-8215-1c7125110b81 to remote] DEBUG org.asynchttpclient.netty.request.NettyRequestSender -- Using open Channel [id: 0xd850032e, L:/127.0.0.1:49363 - R:/127.0.0.1:4723] for GET '/session/2089427a-d4cc-4354-8215-1c7125110b81/element/f.4E042DFDA11A37A3872D064BCE888EE9.d.E38B24485C0DDCE9BD342D2F960D0A55.e.528/selected'
21:56:02.361 [AsyncHttpClient-1-2] DEBUG org.asynchttpclient.netty.handler.HttpHandler -- 

Request DefaultFullHttpRequest(decodeResult: success, version: HTTP/1.1, content: EmptyByteBufBE)
GET /session/2089427a-d4cc-4354-8215-1c7125110b81/element/f.4E042DFDA11A37A3872D064BCE888EE9.d.E38B24485C0DDCE9BD342D2F960D0A55.e.528/selected HTTP/1.1
Cache-Control: no-cache
User-Agent: appium/8.3.0 (selenium/4.8.3 (java mac))
Content-Type: application/json; charset=utf-8
host: 127.0.0.1:4723
accept: */*

Response DefaultHttpResponse(decodeResult: success, version: HTTP/1.1)
HTTP/1.1 200 OK
X-Powered-By: Express
Content-Type: application/json; charset=utf-8
Content-Length: 15
ETag: W/"f-wDOCiKvTD3LNZdrYODNEjzRfePo"
Date: Sun, 06 Apr 2025 13:56:02 GMT
Connection: keep-alive
Keep-Alive: timeout=600

21:56:02.361 [AsyncHttpClient-1-2] DEBUG org.asynchttpclient.netty.channel.ChannelManager -- Adding key: http://127.0.0.1:4723 for channel [id: 0xd850032e, L:/127.0.0.1:49363 - R:/127.0.0.1:4723]
21:56:02.361 [Forwarding isElementSelected on session 2089427a-d4cc-4354-8215-1c7125110b81 to remote] DEBUG org.asynchttpclient.netty.request.NettyRequestSender -- Using pooled Channel '[id: 0xd850032e, L:/127.0.0.1:49363 - R:/127.0.0.1:4723]' for 'GET' to 'http://127.0.0.1:4723/session/2089427a-d4cc-4354-8215-1c7125110b81/element/f.4E042DFDA11A37A3872D064BCE888EE9.d.E38B24485C0DDCE9BD342D2F960D0A55.e.530/selected'
21:56:02.361 [Forwarding isElementSelected on session 2089427a-d4cc-4354-8215-1c7125110b81 to remote] DEBUG org.asynchttpclient.netty.request.NettyRequestSender -- Using open Channel [id: 0xd850032e, L:/127.0.0.1:49363 - R:/127.0.0.1:4723] for GET '/session/2089427a-d4cc-4354-8215-1c7125110b81/element/f.4E042DFDA11A37A3872D064BCE888EE9.d.E38B24485C0DDCE9BD342D2F960D0A55.e.530/selected'
21:56:02.380 [AsyncHttpClient-1-2] DEBUG org.asynchttpclient.netty.handler.HttpHandler -- 

Request DefaultFullHttpRequest(decodeResult: success, version: HTTP/1.1, content: EmptyByteBufBE)
GET /session/2089427a-d4cc-4354-8215-1c7125110b81/element/f.4E042DFDA11A37A3872D064BCE888EE9.d.E38B24485C0DDCE9BD342D2F960D0A55.e.530/selected HTTP/1.1
Cache-Control: no-cache
User-Agent: appium/8.3.0 (selenium/4.8.3 (java mac))
Content-Type: application/json; charset=utf-8
host: 127.0.0.1:4723
accept: */*

Response DefaultHttpResponse(decodeResult: success, version: HTTP/1.1)
HTTP/1.1 200 OK
X-Powered-By: Express
Content-Type: application/json; charset=utf-8
Content-Length: 15
ETag: W/"f-wDOCiKvTD3LNZdrYODNEjzRfePo"
Date: Sun, 06 Apr 2025 13:56:02 GMT
Connection: keep-alive
Keep-Alive: timeout=600

21:56:02.380 [AsyncHttpClient-1-2] DEBUG org.asynchttpclient.netty.channel.ChannelManager -- Adding key: http://127.0.0.1:4723 for channel [id: 0xd850032e, L:/127.0.0.1:49363 - R:/127.0.0.1:4723]
21:56:02.380 [Forwarding isElementSelected on session 2089427a-d4cc-4354-8215-1c7125110b81 to remote] DEBUG org.asynchttpclient.netty.request.NettyRequestSender -- Using pooled Channel '[id: 0xd850032e, L:/127.0.0.1:49363 - R:/127.0.0.1:4723]' for 'GET' to 'http://127.0.0.1:4723/session/2089427a-d4cc-4354-8215-1c7125110b81/element/f.4E042DFDA11A37A3872D064BCE888EE9.d.E38B24485C0DDCE9BD342D2F960D0A55.e.532/selected'
21:56:02.380 [Forwarding isElementSelected on session 2089427a-d4cc-4354-8215-1c7125110b81 to remote] DEBUG org.asynchttpclient.netty.request.NettyRequestSender -- Using open Channel [id: 0xd850032e, L:/127.0.0.1:49363 - R:/127.0.0.1:4723] for GET '/session/2089427a-d4cc-4354-8215-1c7125110b81/element/f.4E042DFDA11A37A3872D064BCE888EE9.d.E38B24485C0DDCE9BD342D2F960D0A55.e.532/selected'
21:56:02.398 [AsyncHttpClient-1-2] DEBUG org.asynchttpclient.netty.handler.HttpHandler -- 

Request DefaultFullHttpRequest(decodeResult: success, version: HTTP/1.1, content: EmptyByteBufBE)
GET /session/2089427a-d4cc-4354-8215-1c7125110b81/element/f.4E042DFDA11A37A3872D064BCE888EE9.d.E38B24485C0DDCE9BD342D2F960D0A55.e.532/selected HTTP/1.1
Cache-Control: no-cache
User-Agent: appium/8.3.0 (selenium/4.8.3 (java mac))
Content-Type: application/json; charset=utf-8
host: 127.0.0.1:4723
accept: */*

Response DefaultHttpResponse(decodeResult: success, version: HTTP/1.1)
HTTP/1.1 200 OK
X-Powered-By: Express
Content-Type: application/json; charset=utf-8
Content-Length: 15
ETag: W/"f-wDOCiKvTD3LNZdrYODNEjzRfePo"
Date: Sun, 06 Apr 2025 13:56:02 GMT
Connection: keep-alive
Keep-Alive: timeout=600

21:56:02.398 [AsyncHttpClient-1-2] DEBUG org.asynchttpclient.netty.channel.ChannelManager -- Adding key: http://127.0.0.1:4723 for channel [id: 0xd850032e, L:/127.0.0.1:49363 - R:/127.0.0.1:4723]
21:56:02.399 [Forwarding isElementSelected on session 2089427a-d4cc-4354-8215-1c7125110b81 to remote] DEBUG org.asynchttpclient.netty.request.NettyRequestSender -- Using pooled Channel '[id: 0xd850032e, L:/127.0.0.1:49363 - R:/127.0.0.1:4723]' for 'GET' to 'http://127.0.0.1:4723/session/2089427a-d4cc-4354-8215-1c7125110b81/element/f.4E042DFDA11A37A3872D064BCE888EE9.d.E38B24485C0DDCE9BD342D2F960D0A55.e.534/selected'
21:56:02.399 [Forwarding isElementSelected on session 2089427a-d4cc-4354-8215-1c7125110b81 to remote] DEBUG org.asynchttpclient.netty.request.NettyRequestSender -- Using open Channel [id: 0xd850032e, L:/127.0.0.1:49363 - R:/127.0.0.1:4723] for GET '/session/2089427a-d4cc-4354-8215-1c7125110b81/element/f.4E042DFDA11A37A3872D064BCE888EE9.d.E38B24485C0DDCE9BD342D2F960D0A55.e.534/selected'
21:56:02.417 [AsyncHttpClient-1-2] DEBUG org.asynchttpclient.netty.handler.HttpHandler -- 

Request DefaultFullHttpRequest(decodeResult: success, version: HTTP/1.1, content: EmptyByteBufBE)
GET /session/2089427a-d4cc-4354-8215-1c7125110b81/element/f.4E042DFDA11A37A3872D064BCE888EE9.d.E38B24485C0DDCE9BD342D2F960D0A55.e.534/selected HTTP/1.1
Cache-Control: no-cache
User-Agent: appium/8.3.0 (selenium/4.8.3 (java mac))
Content-Type: application/json; charset=utf-8
host: 127.0.0.1:4723
accept: */*

Response DefaultHttpResponse(decodeResult: success, version: HTTP/1.1)
HTTP/1.1 200 OK
X-Powered-By: Express
Content-Type: application/json; charset=utf-8
Content-Length: 15
ETag: W/"f-wDOCiKvTD3LNZdrYODNEjzRfePo"
Date: Sun, 06 Apr 2025 13:56:02 GMT
Connection: keep-alive
Keep-Alive: timeout=600

21:56:02.417 [AsyncHttpClient-1-2] DEBUG org.asynchttpclient.netty.channel.ChannelManager -- Adding key: http://127.0.0.1:4723 for channel [id: 0xd850032e, L:/127.0.0.1:49363 - R:/127.0.0.1:4723]
21:56:02.418 [Forwarding isElementSelected on session 2089427a-d4cc-4354-8215-1c7125110b81 to remote] DEBUG org.asynchttpclient.netty.request.NettyRequestSender -- Using pooled Channel '[id: 0xd850032e, L:/127.0.0.1:49363 - R:/127.0.0.1:4723]' for 'GET' to 'http://127.0.0.1:4723/session/2089427a-d4cc-4354-8215-1c7125110b81/element/f.4E042DFDA11A37A3872D064BCE888EE9.d.E38B24485C0DDCE9BD342D2F960D0A55.e.536/selected'
21:56:02.418 [Forwarding isElementSelected on session 2089427a-d4cc-4354-8215-1c7125110b81 to remote] DEBUG org.asynchttpclient.netty.request.NettyRequestSender -- Using open Channel [id: 0xd850032e, L:/127.0.0.1:49363 - R:/127.0.0.1:4723] for GET '/session/2089427a-d4cc-4354-8215-1c7125110b81/element/f.4E042DFDA11A37A3872D064BCE888EE9.d.E38B24485C0DDCE9BD342D2F960D0A55.e.536/selected'
21:56:02.436 [AsyncHttpClient-1-2] DEBUG org.asynchttpclient.netty.handler.HttpHandler -- 

Request DefaultFullHttpRequest(decodeResult: success, version: HTTP/1.1, content: EmptyByteBufBE)
GET /session/2089427a-d4cc-4354-8215-1c7125110b81/element/f.4E042DFDA11A37A3872D064BCE888EE9.d.E38B24485C0DDCE9BD342D2F960D0A55.e.536/selected HTTP/1.1
Cache-Control: no-cache
User-Agent: appium/8.3.0 (selenium/4.8.3 (java mac))
Content-Type: application/json; charset=utf-8
host: 127.0.0.1:4723
accept: */*

Response DefaultHttpResponse(decodeResult: success, version: HTTP/1.1)
HTTP/1.1 200 OK
X-Powered-By: Express
Content-Type: application/json; charset=utf-8
Content-Length: 15
ETag: W/"f-wDOCiKvTD3LNZdrYODNEjzRfePo"
Date: Sun, 06 Apr 2025 13:56:02 GMT
Connection: keep-alive
Keep-Alive: timeout=600

21:56:02.436 [AsyncHttpClient-1-2] DEBUG org.asynchttpclient.netty.channel.ChannelManager -- Adding key: http://127.0.0.1:4723 for channel [id: 0xd850032e, L:/127.0.0.1:49363 - R:/127.0.0.1:4723]
21:56:02.437 [Forwarding isElementSelected on session 2089427a-d4cc-4354-8215-1c7125110b81 to remote] DEBUG org.asynchttpclient.netty.request.NettyRequestSender -- Using pooled Channel '[id: 0xd850032e, L:/127.0.0.1:49363 - R:/127.0.0.1:4723]' for 'GET' to 'http://127.0.0.1:4723/session/2089427a-d4cc-4354-8215-1c7125110b81/element/f.4E042DFDA11A37A3872D064BCE888EE9.d.E38B24485C0DDCE9BD342D2F960D0A55.e.538/selected'
21:56:02.437 [Forwarding isElementSelected on session 2089427a-d4cc-4354-8215-1c7125110b81 to remote] DEBUG org.asynchttpclient.netty.request.NettyRequestSender -- Using open Channel [id: 0xd850032e, L:/127.0.0.1:49363 - R:/127.0.0.1:4723] for GET '/session/2089427a-d4cc-4354-8215-1c7125110b81/element/f.4E042DFDA11A37A3872D064BCE888EE9.d.E38B24485C0DDCE9BD342D2F960D0A55.e.538/selected'
21:56:02.453 [AsyncHttpClient-1-2] DEBUG org.asynchttpclient.netty.handler.HttpHandler -- 

Request DefaultFullHttpRequest(decodeResult: success, version: HTTP/1.1, content: EmptyByteBufBE)
GET /session/2089427a-d4cc-4354-8215-1c7125110b81/element/f.4E042DFDA11A37A3872D064BCE888EE9.d.E38B24485C0DDCE9BD342D2F960D0A55.e.538/selected HTTP/1.1
Cache-Control: no-cache
User-Agent: appium/8.3.0 (selenium/4.8.3 (java mac))
Content-Type: application/json; charset=utf-8
host: 127.0.0.1:4723
accept: */*

Response DefaultHttpResponse(decodeResult: success, version: HTTP/1.1)
HTTP/1.1 200 OK
X-Powered-By: Express
Content-Type: application/json; charset=utf-8
Content-Length: 15
ETag: W/"f-wDOCiKvTD3LNZdrYODNEjzRfePo"
Date: Sun, 06 Apr 2025 13:56:02 GMT
Connection: keep-alive
Keep-Alive: timeout=600

21:56:02.453 [AsyncHttpClient-1-2] DEBUG org.asynchttpclient.netty.channel.ChannelManager -- Adding key: http://127.0.0.1:4723 for channel [id: 0xd850032e, L:/127.0.0.1:49363 - R:/127.0.0.1:4723]
21:56:02.453 [Forwarding isElementSelected on session 2089427a-d4cc-4354-8215-1c7125110b81 to remote] DEBUG org.asynchttpclient.netty.request.NettyRequestSender -- Using pooled Channel '[id: 0xd850032e, L:/127.0.0.1:49363 - R:/127.0.0.1:4723]' for 'GET' to 'http://127.0.0.1:4723/session/2089427a-d4cc-4354-8215-1c7125110b81/element/f.4E042DFDA11A37A3872D064BCE888EE9.d.E38B24485C0DDCE9BD342D2F960D0A55.e.540/selected'
21:56:02.453 [Forwarding isElementSelected on session 2089427a-d4cc-4354-8215-1c7125110b81 to remote] DEBUG org.asynchttpclient.netty.request.NettyRequestSender -- Using open Channel [id: 0xd850032e, L:/127.0.0.1:49363 - R:/127.0.0.1:4723] for GET '/session/2089427a-d4cc-4354-8215-1c7125110b81/element/f.4E042DFDA11A37A3872D064BCE888EE9.d.E38B24485C0DDCE9BD342D2F960D0A55.e.540/selected'
21:56:02.468 [AsyncHttpClient-1-2] DEBUG org.asynchttpclient.netty.handler.HttpHandler -- 

Request DefaultFullHttpRequest(decodeResult: success, version: HTTP/1.1, content: EmptyByteBufBE)
GET /session/2089427a-d4cc-4354-8215-1c7125110b81/element/f.4E042DFDA11A37A3872D064BCE888EE9.d.E38B24485C0DDCE9BD342D2F960D0A55.e.540/selected HTTP/1.1
Cache-Control: no-cache
User-Agent: appium/8.3.0 (selenium/4.8.3 (java mac))
Content-Type: application/json; charset=utf-8
host: 127.0.0.1:4723
accept: */*

Response DefaultHttpResponse(decodeResult: success, version: HTTP/1.1)
HTTP/1.1 200 OK
X-Powered-By: Express
Content-Type: application/json; charset=utf-8
Content-Length: 14
ETag: W/"e-2ZHvAWebNQpyjGZTg6uyV8/spTo"
Date: Sun, 06 Apr 2025 13:56:02 GMT
Connection: keep-alive
Keep-Alive: timeout=600

21:56:02.468 [AsyncHttpClient-1-2] DEBUG org.asynchttpclient.netty.channel.ChannelManager -- Adding key: http://127.0.0.1:4723 for channel [id: 0xd850032e, L:/127.0.0.1:49363 - R:/127.0.0.1:4723]
21:56:02.468 [Forwarding getElementText on session 2089427a-d4cc-4354-8215-1c7125110b81 to remote] DEBUG org.asynchttpclient.netty.request.NettyRequestSender -- Using pooled Channel '[id: 0xd850032e, L:/127.0.0.1:49363 - R:/127.0.0.1:4723]' for 'GET' to 'http://127.0.0.1:4723/session/2089427a-d4cc-4354-8215-1c7125110b81/element/f.4E042DFDA11A37A3872D064BCE888EE9.d.E38B24485C0DDCE9BD342D2F960D0A55.e.540/text'
21:56:02.468 [Forwarding getElementText on session 2089427a-d4cc-4354-8215-1c7125110b81 to remote] DEBUG org.asynchttpclient.netty.request.NettyRequestSender -- Using open Channel [id: 0xd850032e, L:/127.0.0.1:49363 - R:/127.0.0.1:4723] for GET '/session/2089427a-d4cc-4354-8215-1c7125110b81/element/f.4E042DFDA11A37A3872D064BCE888EE9.d.E38B24485C0DDCE9BD342D2F960D0A55.e.540/text'
21:56:02.488 [AsyncHttpClient-1-2] DEBUG org.asynchttpclient.netty.handler.HttpHandler -- 

Request DefaultFullHttpRequest(decodeResult: success, version: HTTP/1.1, content: EmptyByteBufBE)
GET /session/2089427a-d4cc-4354-8215-1c7125110b81/element/f.4E042DFDA11A37A3872D064BCE888EE9.d.E38B24485C0DDCE9BD342D2F960D0A55.e.540/text HTTP/1.1
Cache-Control: no-cache
User-Agent: appium/8.3.0 (selenium/4.8.3 (java mac))
Content-Type: application/json; charset=utf-8
host: 127.0.0.1:4723
accept: */*

Response DefaultHttpResponse(decodeResult: success, version: HTTP/1.1)
HTTP/1.1 200 OK
X-Powered-By: Express
Content-Type: application/json; charset=utf-8
Content-Length: 18
ETag: W/"12-yRZk5NfCbeRcpRyAJGXrhQuzJ3w"
Date: Sun, 06 Apr 2025 13:56:02 GMT
Connection: keep-alive
Keep-Alive: timeout=600

21:56:02.488 [AsyncHttpClient-1-2] DEBUG org.asynchttpclient.netty.channel.ChannelManager -- Adding key: http://127.0.0.1:4723 for channel [id: 0xd850032e, L:/127.0.0.1:49363 - R:/127.0.0.1:4723]
21:56:02.488 [Forwarding executeScript on session 2089427a-d4cc-4354-8215-1c7125110b81 to remote] DEBUG org.asynchttpclient.netty.request.NettyRequestSender -- Using pooled Channel '[id: 0xd850032e, L:/127.0.0.1:49363 - R:/127.0.0.1:4723]' for 'POST' to 'http://127.0.0.1:4723/session/2089427a-d4cc-4354-8215-1c7125110b81/execute/sync'
21:56:02.488 [Forwarding executeScript on session 2089427a-d4cc-4354-8215-1c7125110b81 to remote] DEBUG org.asynchttpclient.netty.request.NettyRequestSender -- Using open Channel [id: 0xd850032e, L:/127.0.0.1:49363 - R:/127.0.0.1:4723] for POST '/session/2089427a-d4cc-4354-8215-1c7125110b81/execute/sync'
21:56:02.504 [AsyncHttpClient-1-2] DEBUG org.asynchttpclient.netty.handler.HttpHandler -- 

Request DefaultHttpRequest(decodeResult: success, version: HTTP/1.1)
POST /session/2089427a-d4cc-4354-8215-1c7125110b81/execute/sync HTTP/1.1
User-Agent: appium/8.3.0 (selenium/4.8.3 (java mac))
Content-Length: 292
Content-Type: application/json; charset=utf-8
host: 127.0.0.1:4723
accept: */*

Response DefaultHttpResponse(decodeResult: success, version: HTTP/1.1)
HTTP/1.1 200 OK
X-Powered-By: Express
Vary: X-HTTP-Method-Override
Content-Type: application/json; charset=utf-8
Content-Length: 13
ETag: W/"d-SyHte+H4GjltOs+RpaZzGzV34u0"
Date: Sun, 06 Apr 2025 13:56:02 GMT
Connection: keep-alive
Keep-Alive: timeout=600

21:56:02.504 [AsyncHttpClient-1-2] DEBUG org.asynchttpclient.netty.channel.ChannelManager -- Adding key: http://127.0.0.1:4723 for channel [id: 0xd850032e, L:/127.0.0.1:49363 - R:/127.0.0.1:4723]
21:56:02.505 [Forwarding executeScript on session 2089427a-d4cc-4354-8215-1c7125110b81 to remote] DEBUG org.asynchttpclient.netty.request.NettyRequestSender -- Using pooled Channel '[id: 0xd850032e, L:/127.0.0.1:49363 - R:/127.0.0.1:4723]' for 'POST' to 'http://127.0.0.1:4723/session/2089427a-d4cc-4354-8215-1c7125110b81/execute/sync'
21:56:02.505 [Forwarding executeScript on session 2089427a-d4cc-4354-8215-1c7125110b81 to remote] DEBUG org.asynchttpclient.netty.request.NettyRequestSender -- Using open Channel [id: 0xd850032e, L:/127.0.0.1:49363 - R:/127.0.0.1:4723] for POST '/session/2089427a-d4cc-4354-8215-1c7125110b81/execute/sync'
21:56:02.520 [AsyncHttpClient-1-2] DEBUG org.asynchttpclient.netty.handler.HttpHandler -- 

Request DefaultHttpRequest(decodeResult: success, version: HTTP/1.1)
POST /session/2089427a-d4cc-4354-8215-1c7125110b81/execute/sync HTTP/1.1
User-Agent: appium/8.3.0 (selenium/4.8.3 (java mac))
Content-Length: 292
Content-Type: application/json; charset=utf-8
host: 127.0.0.1:4723
accept: */*

Response DefaultHttpResponse(decodeResult: success, version: HTTP/1.1)
HTTP/1.1 200 OK
X-Powered-By: Express
Vary: X-HTTP-Method-Override
Content-Type: application/json; charset=utf-8
Content-Length: 15
ETag: W/"f-edlI3W1v4vMetI+SIpUo9/UzuA0"
Date: Sun, 06 Apr 2025 13:56:02 GMT
Connection: keep-alive
Keep-Alive: timeout=600

21:56:02.520 [AsyncHttpClient-1-2] DEBUG org.asynchttpclient.netty.channel.ChannelManager -- Adding key: http://127.0.0.1:4723 for channel [id: 0xd850032e, L:/127.0.0.1:49363 - R:/127.0.0.1:4723]
21:56:02.520 [Forwarding findElement on session 2089427a-d4cc-4354-8215-1c7125110b81 to remote] DEBUG org.asynchttpclient.netty.request.NettyRequestSender -- Using pooled Channel '[id: 0xd850032e, L:/127.0.0.1:49363 - R:/127.0.0.1:4723]' for 'POST' to 'http://127.0.0.1:4723/session/2089427a-d4cc-4354-8215-1c7125110b81/element'
21:56:02.520 [Forwarding findElement on session 2089427a-d4cc-4354-8215-1c7125110b81 to remote] DEBUG org.asynchttpclient.netty.request.NettyRequestSender -- Using open Channel [id: 0xd850032e, L:/127.0.0.1:49363 - R:/127.0.0.1:4723] for POST '/session/2089427a-d4cc-4354-8215-1c7125110b81/element'
21:56:02.540 [AsyncHttpClient-1-2] DEBUG org.asynchttpclient.netty.handler.HttpHandler -- 

Request DefaultHttpRequest(decodeResult: success, version: HTTP/1.1)
POST /session/2089427a-d4cc-4354-8215-1c7125110b81/element HTTP/1.1
User-Agent: appium/8.3.0 (selenium/4.8.3 (java mac))
Content-Length: 90
Content-Type: application/json; charset=utf-8
host: 127.0.0.1:4723
accept: */*

Response DefaultHttpResponse(decodeResult: success, version: HTTP/1.1)
HTTP/1.1 200 OK
X-Powered-By: Express
Vary: X-HTTP-Method-Override
Content-Type: application/json; charset=utf-8
Content-Length: 215
ETag: W/"d7-EGld8f/KXoF0qSPjRU9KneAoMrU"
Date: Sun, 06 Apr 2025 13:56:02 GMT
Connection: keep-alive
Keep-Alive: timeout=600

21:56:02.540 [AsyncHttpClient-1-2] DEBUG org.asynchttpclient.netty.channel.ChannelManager -- Adding key: http://127.0.0.1:4723 for channel [id: 0xd850032e, L:/127.0.0.1:49363 - R:/127.0.0.1:4723]
21:56:02.541 [Forwarding isElementDisplayed on session 2089427a-d4cc-4354-8215-1c7125110b81 to remote] DEBUG org.asynchttpclient.netty.request.NettyRequestSender -- Using pooled Channel '[id: 0xd850032e, L:/127.0.0.1:49363 - R:/127.0.0.1:4723]' for 'GET' to 'http://127.0.0.1:4723/session/2089427a-d4cc-4354-8215-1c7125110b81/element/f.4E042DFDA11A37A3872D064BCE888EE9.d.E38B24485C0DDCE9BD342D2F960D0A55.e.477/displayed'
21:56:02.541 [Forwarding isElementDisplayed on session 2089427a-d4cc-4354-8215-1c7125110b81 to remote] DEBUG org.asynchttpclient.netty.request.NettyRequestSender -- Using open Channel [id: 0xd850032e, L:/127.0.0.1:49363 - R:/127.0.0.1:4723] for GET '/session/2089427a-d4cc-4354-8215-1c7125110b81/element/f.4E042DFDA11A37A3872D064BCE888EE9.d.E38B24485C0DDCE9BD342D2F960D0A55.e.477/displayed'
21:56:02.563 [AsyncHttpClient-1-2] DEBUG org.asynchttpclient.netty.handler.HttpHandler -- 

Request DefaultFullHttpRequest(decodeResult: success, version: HTTP/1.1, content: EmptyByteBufBE)
GET /session/2089427a-d4cc-4354-8215-1c7125110b81/element/f.4E042DFDA11A37A3872D064BCE888EE9.d.E38B24485C0DDCE9BD342D2F960D0A55.e.477/displayed HTTP/1.1
Cache-Control: no-cache
User-Agent: appium/8.3.0 (selenium/4.8.3 (java mac))
Content-Type: application/json; charset=utf-8
host: 127.0.0.1:4723
accept: */*

Response DefaultHttpResponse(decodeResult: success, version: HTTP/1.1)
HTTP/1.1 200 OK
X-Powered-By: Express
Content-Type: application/json; charset=utf-8
Content-Length: 14
ETag: W/"e-2ZHvAWebNQpyjGZTg6uyV8/spTo"
Date: Sun, 06 Apr 2025 13:56:02 GMT
Connection: keep-alive
Keep-Alive: timeout=600

21:56:02.563 [AsyncHttpClient-1-2] DEBUG org.asynchttpclient.netty.channel.ChannelManager -- Adding key: http://127.0.0.1:4723 for channel [id: 0xd850032e, L:/127.0.0.1:49363 - R:/127.0.0.1:4723]
21:56:02.563 [Forwarding isElementEnabled on session 2089427a-d4cc-4354-8215-1c7125110b81 to remote] DEBUG org.asynchttpclient.netty.request.NettyRequestSender -- Using pooled Channel '[id: 0xd850032e, L:/127.0.0.1:49363 - R:/127.0.0.1:4723]' for 'GET' to 'http://127.0.0.1:4723/session/2089427a-d4cc-4354-8215-1c7125110b81/element/f.4E042DFDA11A37A3872D064BCE888EE9.d.E38B24485C0DDCE9BD342D2F960D0A55.e.477/enabled'
21:56:02.564 [Forwarding isElementEnabled on session 2089427a-d4cc-4354-8215-1c7125110b81 to remote] DEBUG org.asynchttpclient.netty.request.NettyRequestSender -- Using open Channel [id: 0xd850032e, L:/127.0.0.1:49363 - R:/127.0.0.1:4723] for GET '/session/2089427a-d4cc-4354-8215-1c7125110b81/element/f.4E042DFDA11A37A3872D064BCE888EE9.d.E38B24485C0DDCE9BD342D2F960D0A55.e.477/enabled'
21:56:02.583 [AsyncHttpClient-1-2] DEBUG org.asynchttpclient.netty.handler.HttpHandler -- 

Request DefaultFullHttpRequest(decodeResult: success, version: HTTP/1.1, content: EmptyByteBufBE)
GET /session/2089427a-d4cc-4354-8215-1c7125110b81/element/f.4E042DFDA11A37A3872D064BCE888EE9.d.E38B24485C0DDCE9BD342D2F960D0A55.e.477/enabled HTTP/1.1
Cache-Control: no-cache
User-Agent: appium/8.3.0 (selenium/4.8.3 (java mac))
Content-Type: application/json; charset=utf-8
host: 127.0.0.1:4723
accept: */*

Response DefaultHttpResponse(decodeResult: success, version: HTTP/1.1)
HTTP/1.1 200 OK
X-Powered-By: Express
Content-Type: application/json; charset=utf-8
Content-Length: 14
ETag: W/"e-2ZHvAWebNQpyjGZTg6uyV8/spTo"
Date: Sun, 06 Apr 2025 13:56:02 GMT
Connection: keep-alive
Keep-Alive: timeout=600

21:56:02.583 [AsyncHttpClient-1-2] DEBUG org.asynchttpclient.netty.channel.ChannelManager -- Adding key: http://127.0.0.1:4723 for channel [id: 0xd850032e, L:/127.0.0.1:49363 - R:/127.0.0.1:4723]
21:56:02.583 [Forwarding isElementDisplayed on session 2089427a-d4cc-4354-8215-1c7125110b81 to remote] DEBUG org.asynchttpclient.netty.request.NettyRequestSender -- Using pooled Channel '[id: 0xd850032e, L:/127.0.0.1:49363 - R:/127.0.0.1:4723]' for 'GET' to 'http://127.0.0.1:4723/session/2089427a-d4cc-4354-8215-1c7125110b81/element/f.4E042DFDA11A37A3872D064BCE888EE9.d.E38B24485C0DDCE9BD342D2F960D0A55.e.477/displayed'
21:56:02.583 [Forwarding isElementDisplayed on session 2089427a-d4cc-4354-8215-1c7125110b81 to remote] DEBUG org.asynchttpclient.netty.request.NettyRequestSender -- Using open Channel [id: 0xd850032e, L:/127.0.0.1:49363 - R:/127.0.0.1:4723] for GET '/session/2089427a-d4cc-4354-8215-1c7125110b81/element/f.4E042DFDA11A37A3872D064BCE888EE9.d.E38B24485C0DDCE9BD342D2F960D0A55.e.477/displayed'
21:56:02.601 [AsyncHttpClient-1-2] DEBUG org.asynchttpclient.netty.handler.HttpHandler -- 

Request DefaultFullHttpRequest(decodeResult: success, version: HTTP/1.1, content: EmptyByteBufBE)
GET /session/2089427a-d4cc-4354-8215-1c7125110b81/element/f.4E042DFDA11A37A3872D064BCE888EE9.d.E38B24485C0DDCE9BD342D2F960D0A55.e.477/displayed HTTP/1.1
Cache-Control: no-cache
User-Agent: appium/8.3.0 (selenium/4.8.3 (java mac))
Content-Type: application/json; charset=utf-8
host: 127.0.0.1:4723
accept: */*

Response DefaultHttpResponse(decodeResult: success, version: HTTP/1.1)
HTTP/1.1 200 OK
X-Powered-By: Express
Content-Type: application/json; charset=utf-8
Content-Length: 14
ETag: W/"e-2ZHvAWebNQpyjGZTg6uyV8/spTo"
Date: Sun, 06 Apr 2025 13:56:02 GMT
Connection: keep-alive
Keep-Alive: timeout=600

21:56:02.601 [AsyncHttpClient-1-2] DEBUG org.asynchttpclient.netty.channel.ChannelManager -- Adding key: http://127.0.0.1:4723 for channel [id: 0xd850032e, L:/127.0.0.1:49363 - R:/127.0.0.1:4723]
21:56:02.601 [main] INFO com.cathay.test.tests.MortgageCalculatorTest -- 重新試算功能驗證成功
]]></system-out>
  </testcase>
</testsuite>