<?xml version="1.0" encoding="UTF-8"?>
<!-- Generated by org.testng.reporters.JUnitReportReporter -->
<testsuite hostname="T-01014738ML" failures="0" tests="13" name="com.cathay.test.tests.MortgageCalculatorTest" time="219.324" errors="0" timestamp="2025-04-06T21:56:03 CST" skipped="0">
  <testcase classname="com.cathay.test.tests.MortgageCalculatorTest" name="testErrorHandlingInterestRateNonNumber" time="16.620"/>
  <system-out>
    <![CDATA[房貸試算功能測試 - 貸款利率輸入非數字]]>
  </system-out>
  <testcase classname="com.cathay.test.tests.MortgageCalculatorTest" name="testMortgageCalculation" time="18.478"/>
  <system-out>
    <![CDATA[房貸試算功能測試 - 輸入完整資訊，檢查試算結果]]>
  </system-out>
  <testcase classname="com.cathay.test.tests.MortgageCalculatorTest" name="testErrorHandlingLoadTerm" time="15.341"/>
  <system-out>
    <![CDATA[房貸試算功能測試 - 貸款年限其他選項未輸入]]>
  </system-out>
  <testcase classname="com.cathay.test.tests.MortgageCalculatorTest" name="testErrorHandlingLoadTermNonInt" time="18.352"/>
  <system-out>
    <![CDATA[房貸試算功能測試 - 貸款年限其他選項輸入非整數]]>
  </system-out>
  <testcase classname="com.cathay.test.tests.MortgageCalculatorTest" name="testMortgageCalculationTwice" time="19.158"/>
  <system-out>
    <![CDATA[房貸試算功能測試 - 重新試算，檢查試算結果]]>
  </system-out>
  <testcase classname="com.cathay.test.tests.MortgageCalculatorTest" name="testErrorHandlingLoadAmountNonInt" time="14.966"/>
  <system-out>
    <![CDATA[房貸試算功能測試 - 房貸金額輸入非數字]]>
  </system-out>
  <testcase classname="com.cathay.test.tests.MortgageCalculatorTest" name="testErrorHandlingInterestRate" time="14.823"/>
  <system-out>
    <![CDATA[房貸試算功能測試 - 貸款利率未輸入]]>
  </system-out>
  <testcase classname="com.cathay.test.tests.MortgageCalculatorTest" name="testErrorHandlingLocationSelectionOne" time="16.566"/>
  <system-out>
    <![CDATA[房貸試算功能測試 - 房屋座落區域擇一未選擇]]>
  </system-out>
  <testcase classname="com.cathay.test.tests.MortgageCalculatorTest" name="testErrorHandlingLocationSelectionAll" time="15.901"/>
  <system-out>
    <![CDATA[房貸試算功能測試 - 房屋座落區域皆未選擇]]>
  </system-out>
  <testcase classname="com.cathay.test.tests.MortgageCalculatorTest" name="testErrorHandlingLoadAmount" time="14.286"/>
  <system-out>
    <![CDATA[房貸試算功能測試 - 房貸金額未填寫]]>
  </system-out>
  <testcase classname="com.cathay.test.tests.MortgageCalculatorTest" name="testLocationSelection" time="24.627"/>
  <system-out>
    <![CDATA[UI驗證 - 房屋座落區域欄位檢查]]>
  </system-out>
  <testcase classname="com.cathay.test.tests.MortgageCalculatorTest" name="testMortgageCalculationReset" time="16.005"/>
  <system-out>
    <![CDATA[房貸試算功能測試 - 點選重新試算]]>
  </system-out>
  <testcase classname="com.cathay.test.tests.MortgageCalculatorTest" name="testMortgageAllFieldVisibility" time="14.201"/>
  <system-out>
    <![CDATA[UI驗證 - 房貸試算欄位檢查]]>
  </system-out>
</testsuite> <!-- com.cathay.test.tests.MortgageCalculatorTest -->
